Log file open, 12/10/16 18:22:07
LogInit:Display: Running engine for game: Project_Nomand
LogPlatformFile: Not using cached read wrapper
LogInit:Display: RandInit(537154970) SRandInit(537154972).
LogTaskGraph: Started task graph with 4 named threads and 7 total threads with 1 sets of task threads.
LogStats: Stats thread started at 0.283521
LogInit: Version: 4.12.5-3039270+++UE4+Release-4.12
LogInit: API Version: 2992821
LogInit: Net Version: 3039270
LogDevObjectVersion: Number of dev versions registered: 13
LogDevObjectVersion:   Dev-Blueprints (B0D832E4-1F89-4F0D-ACCF-7EB736FD4AA2): 3
LogDevObjectVersion:   Dev-Build (E1C64328-A22C-4D53-A36C-8E866417BD8C): 0
LogDevObjectVersion:   Dev-Core (375EC13C-06E4-48FB-B500-84F0262A717E): 1
LogDevObjectVersion:   Dev-Editor (E4B068ED-F494-42E9-A231-DA0B2E46BB41): 2
LogDevObjectVersion:   Dev-Framework (CFFC743F-43B0-4480-9391-14DF171D2073): 6
LogDevObjectVersion:   Dev-Mobile (B02B49B5-BB20-44E9-A304-32B752E40360): 0
LogDevObjectVersion:   Dev-Networking (A4E4105C-59A1-49B5-A7C5-40C4547EDFEE): 0
LogDevObjectVersion:   Dev-Online (39C831C9-5AE6-47DC-9A44-9C173E1C8E7C): 0
LogDevObjectVersion:   Dev-Physics (78F01B33-EBEA-4F98-B9B4-84EACCB95AA2): 0
LogDevObjectVersion:   Dev-Platform (6631380F-2D4D-43E0-8009-CF276956A95A): 0
LogDevObjectVersion:   Dev-Rendering (12F88B9F-8875-4AFC-A67C-D90C383ABD29): 2
LogDevObjectVersion:   Dev-Sequencer (7B5AE74C-D270-4C10-A958-57980B212A5A): 0
LogDevObjectVersion:   Dev-VR (D7296918-1DD6-4BDD-9DE2-64A83CC13884): 0
LogInit: Compiled (64-bit): Jul  6 2016 09:09:46
LogInit: Compiled with Visual C++: 19.00.23026.00
LogInit: Build Configuration: Development
LogInit: Branch Name: ++UE4+Release-4.12
LogInit: Command line:  
LogInit: Base directory: E:/Program Files (x86)/Epic Games/4.12/Engine/Binaries/Win64/
LogInit: Installed Engine Build: 1
LogInit: Using libcurl 7.41.0
LogInit:  - built for x86_64-pc-win32
LogInit:  - supports SSL with WinSSL
LogInit:  - other features:
LogInit:      CURL_VERSION_SSL
LogInit:      CURL_VERSION_IPV6
LogInit:      CURL_VERSION_ASYNCHDNS
LogInit:      CURL_VERSION_LARGEFILE
LogInit:      CURL_VERSION_IDN
LogInit:  CurlRequestOptions (configurable via config and command line):
LogInit:  - bVerifyPeer = true  - Libcurl will verify peer certificate
LogInit:  - bUseHttpProxy = false  - Libcurl will NOT use HTTP proxy
LogInit:  - bDontReuseConnections = false  - Libcurl will reuse connections
LogInit:  - CertBundlePath = nullptr  - Libcurl will use whatever was configured at build time.
LogInit: Presizing for max 8388607 objects, including 0 objects not considered by GC, pre-allocating 0 bytes for permanent pool.
LogInit: Object subsystem initialized
[2016.12.10-17.22.08:106][  0]LogInit: Selected Device Profile: [Windows]
[2016.12.10-17.22.08:106][  0]LogInit: Applying CVar settings loaded from the selected device profile: [Windows]
[2016.12.10-17.22.08:130][  0]LogInit: Computer: ALQUESH-PC
[2016.12.10-17.22.08:130][  0]LogInit: User: Alquesh
[2016.12.10-17.22.08:130][  0]LogInit: CPU Page size=65536, Cores=4
[2016.12.10-17.22.08:130][  0]LogInit: High frequency timer resolution =3.135625 MHz
[2016.12.10-17.22.08:131][  0]LogMemory: Memory total: Physical=4.0GB (4GB approx)
[2016.12.10-17.22.08:131][  0]LogMemory: Platform Memory Stats for Windows
[2016.12.10-17.22.08:131][  0]LogMemory: Process Physical Memory: 189.75 MB used, 189.75 MB peak
[2016.12.10-17.22.08:131][  0]LogMemory: Process Virtual Memory: 195.75 MB used, 195.75 MB peak
[2016.12.10-17.22.08:131][  0]LogMemory: Physical Memory: 4000.94 MB used, 4095.18 MB total
[2016.12.10-17.22.08:131][  0]LogMemory: Virtual Memory: 517.70 MB used, 8388608.00 MB total
[2016.12.10-17.22.08:271][  0]LogTextLocalizationManager: No translations for ('de-DE') exist, falling back to 'en' for localization and internationalization data.
[2016.12.10-17.22.09:115][  0]LogD3D11RHI: D3D11 adapters:
[2016.12.10-17.22.09:157][  0]LogD3D11RHI:    0. 'AMD Radeon R7 200 Series' (Feature Level 11_0)
[2016.12.10-17.22.09:157][  0]LogD3D11RHI:       2031/0/1791 MB DedicatedVideo/DedicatedSystem/SharedSystem, Outputs:1, VendorId:0x1002
[2016.12.10-17.22.09:157][  0]LogD3D11RHI: Chosen D3D11 Adapter: 0
[2016.12.10-17.22.09:164][  0]LogD3D11RHI: Creating new Direct3DDevice
[2016.12.10-17.22.09:164][  0]LogD3D11RHI:     GPU DeviceId: 0x6610 (for the marketing name, search the web for "GPU Device Id")
[2016.12.10-17.22.09:164][  0]LogWindows: EnumDisplayDevices:
[2016.12.10-17.22.09:168][  0]LogWindows:    0. 'AMD Radeon R7 200 Series' (P:1 D:1)
[2016.12.10-17.22.09:168][  0]LogWindows:    1. 'AMD Radeon R7 200 Series' (P:0 D:0)
[2016.12.10-17.22.09:169][  0]LogWindows:    2. 'RDPDD Chained DD' (P:0 D:0)
[2016.12.10-17.22.09:169][  0]LogWindows:    3. 'RDP Encoder Mirror Driver' (P:0 D:0)
[2016.12.10-17.22.09:169][  0]LogWindows:    4. 'RDP Reflector Display Driver' (P:0 D:0)
[2016.12.10-17.22.09:169][  0]LogWindows: DebugString: GetVideoDriverDetailsInvalid PrimaryIsNotTheChoosenAdapter GetVideoDriverDetailsInvalid PrimaryIsNotTheChoosenAdapter GetVideoDriverDetailsInvalid PrimaryIsNotTheChoosenAdapter FoundDriverCount:2 
[2016.12.10-17.22.09:169][  0]LogD3D11RHI:     Adapter Name: AMD Radeon R7 200 Series
[2016.12.10-17.22.09:169][  0]LogD3D11RHI:   Driver Version: Crimson 16.8.2 (internal:16.300.2511.1001, unified:16.300.2511.1001)
[2016.12.10-17.22.09:169][  0]LogD3D11RHI:      Driver Date: 8-11-2016
[2016.12.10-17.22.09:169][  0]LogRHI: Texture pool is 1361 MB (70% of 1945 MB)
[2016.12.10-17.22.09:178][  0]LogD3D11RHI: Async texture creation disabled: no driver support
[2016.12.10-17.22.09:199][  0]LogD3D11RHI: GPU Timing Frequency: 27.000000 (Debug: 2 1)
[2016.12.10-17.22.09:203][  0]LogShaderCompilers: Guid format shader working directory is -38 characters bigger than the processId version (../../../../../../Users/Alquesh/Documents/Unreal Projects/project_nomad/Project_Nomand/Intermediate/Shaders/WorkingDirectory/7892/).
[2016.12.10-17.22.09:203][  0]LogShaderCompilers: Cleaned the shader compiler working directory 'E:/Users/Alquesh/AppData/Local/Temp/UnrealShaderWorkingDir/F88534474A2979551B216C91D9C98956/'.
[2016.12.10-17.22.09:203][  0]LogShaderCompilers:Display: Using Local Shader Compiler.
[2016.12.10-17.22.12:561][  0]LogTemp:Display: Loaded TP AllDesktopTargetPlatform
[2016.12.10-17.22.12:576][  0]LogTemp:Display: Loaded TP WindowsClientTargetPlatform
[2016.12.10-17.22.12:591][  0]LogTemp:Display: Loaded TP WindowsNoEditorTargetPlatform
[2016.12.10-17.22.12:607][  0]LogTemp:Display: Loaded TP WindowsServerTargetPlatform
[2016.12.10-17.22.12:624][  0]LogTemp:Display: Loaded TP WindowsTargetPlatform
[2016.12.10-17.22.12:639][  0]LogTemp:Display: Loaded TP AndroidTargetPlatform
[2016.12.10-17.22.12:654][  0]LogTemp:Display: Loaded TP Android_ASTCTargetPlatform
[2016.12.10-17.22.12:668][  0]LogTemp:Display: Loaded TP Android_ATCTargetPlatform
[2016.12.10-17.22.12:682][  0]LogTemp:Display: Loaded TP Android_DXTTargetPlatform
[2016.12.10-17.22.12:695][  0]LogTemp:Display: Loaded TP Android_ETC1TargetPlatform
[2016.12.10-17.22.12:709][  0]LogTemp:Display: Loaded TP Android_ETC2TargetPlatform
[2016.12.10-17.22.12:738][  0]LogTemp:Display: Loaded TP Android_MultiTargetPlatform
[2016.12.10-17.22.12:738][  0]LogTemp:Display: Loaded TP Android_PVRTCTargetPlatform
[2016.12.10-17.22.12:800][  0]LogTemp:Display: Loaded TP HTML5TargetPlatform
[2016.12.10-17.22.12:839][  0]LogTemp:Display: Loaded TP IOSTargetPlatform
[2016.12.10-17.22.12:854][  0]LogTemp:Display: Loaded TP TVOSTargetPlatform
[2016.12.10-17.22.12:868][  0]LogTemp:Display: Loaded TP LinuxNoEditorTargetPlatform
[2016.12.10-17.22.12:883][  0]LogTemp:Display: Loaded TP LinuxServerTargetPlatform
[2016.12.10-17.22.12:903][  0]LogTemp:Display: Loaded TP LinuxTargetPlatform
[2016.12.10-17.22.12:903][  0]LogTargetPlatformManager:Display: Building Assets For Windows
[2016.12.10-17.22.13:073][  0]LogDerivedDataCache:Display: Max Cache Size: 512 MB
[2016.12.10-17.22.13:382][  0]LogDerivedDataCache: Loaded boot cache 0.31s 48MB E:/Users/Alquesh/AppData/Local/UnrealEngine/4.12/DerivedDataCache/Boot.ddc.
[2016.12.10-17.22.13:382][  0]LogDerivedDataCache:Display: Loaded Boot cache: E:/Users/Alquesh/AppData/Local/UnrealEngine/4.12/DerivedDataCache/Boot.ddc
[2016.12.10-17.22.13:383][  0]LogDerivedDataCache: FDerivedDataBackendGraph:  Pak pak cache file ../../../../../../Users/Alquesh/Documents/Unreal Projects/project_nomad/Project_Nomand/DerivedDataCache/DDC.ddp not found, will not use a pak cache.
[2016.12.10-17.22.13:383][  0]LogDerivedDataCache: Unable to find inner node Pak for hierarchical cache Hierarchy.
[2016.12.10-17.22.13:383][  0]LogDerivedDataCache: FDerivedDataBackendGraph:  CompressedPak pak cache file ../../../../../../Users/Alquesh/Documents/Unreal Projects/project_nomad/Project_Nomand/DerivedDataCache/Compressed.ddp not found, will not use a pak cache.
[2016.12.10-17.22.13:383][  0]LogDerivedDataCache: Unable to find inner node CompressedPak for hierarchical cache Hierarchy.
[2016.12.10-17.22.13:413][  0]LogDerivedDataCache:Display: Pak cache opened for reading ../../../Engine/DerivedDataCache/Compressed.ddp.
[2016.12.10-17.22.13:429][  0]LogDerivedDataCache: Using Local data cache path E:/Users/Alquesh/AppData/Local/UnrealEngine/Common/DerivedDataCache: Writable
[2016.12.10-17.22.14:176][  0]LogInit: Selected Device Profile: [Windows]
[2016.12.10-17.22.14:179][  0]LogContentStreaming: Texture pool size is 0.00 MB
[2016.12.10-17.22.14:485][  0]LogMeshUtilities: No automatic mesh reduction module available
[2016.12.10-17.22.14:485][  0]LogMeshUtilities: No automatic mesh merging module available
[2016.12.10-17.22.14:485][  0]LogMeshUtilities: No distributed automatic mesh merging module available
[2016.12.10-17.22.15:013][  0]LogAssetRegistry: FAssetRegistry took 0.0202 seconds to start up
[2016.12.10-17.22.15:083][  0]LogPackageLocalizationCache: Processed 3 localized package path(s) for 1 prioritized culture(s) in 0.059268 seconds
[2016.12.10-17.22.15:093][  0]LogUObjectArray: 28739 objects as part of root set at end of initial load.
[2016.12.10-17.22.15:093][  0]LogUObjectAllocator: 5855632 out of 0 bytes used by permanent object pool.
[2016.12.10-17.22.15:093][  0]LogUObjectArray: CloseDisregardForGC: 0/0 objects in disregard for GC pool
[2016.12.10-17.22.15:103][  0]LogInit: WinSock: version 1.1 (2.2), MaxSocks=32767, MaxUdp=65467
[2016.12.10-17.22.15:603][  0]LogSlate: SlateFontCache - WITH_FREETYPE: 1, WITH_HARFBUZZ: 1
[2016.12.10-17.22.15:603][  0]LogSlate: SlateFontCache - WITH_FREETYPE: 1, WITH_HARFBUZZ: 1
[2016.12.10-17.22.17:739][  0]LogUdpMessaging: Initializing bridge on interface 0.0.0.0:0 to multicast group 230.0.0.1:6666.
[2016.12.10-17.22.18:108][  0]SourceControl: Info Source control is disabled
[2016.12.10-17.22.22:164][  0]LogEngine: Initializing Engine...
[2016.12.10-17.22.22:171][  0]LogHMD: SteamVR failed to initialize.  Err: 110
[2016.12.10-17.22.22:172][  0]LogHMD: SteamVR failed to initialize.  Err: 110
[2016.12.10-17.22.22:404][  0]LogAIModule: Creating AISystem for world NewWorld
[2016.12.10-17.22.22:417][  0]LogInit: XAudio2 using 'Lautsprecher (2- Realtek High Definition Audio)' : 6 channels at 48 kHz using 32 bits per sample (channel mask 0x3f)
[2016.12.10-17.22.22:437][  0]LogInit: FAudioDevice initialized.
[2016.12.10-17.22.22:487][  0]LogDerivedDataCache: Saved boot cache 0.05s 48MB E:/Users/Alquesh/AppData/Local/UnrealEngine/4.12/DerivedDataCache/Boot.ddc.
[2016.12.10-17.22.22:505][  0]LogInit: Texture streaming: Enabled
[2016.12.10-17.22.22:545][  0]LogInit: Transaction tracking system initialized
[2016.12.10-17.22.22:592][  0]BlueprintLog: New page: Editor Load
[2016.12.10-17.22.22:748][  0]LocalizationService: Info Localization service is disabled
[2016.12.10-17.22.22:872][  0]LogConsoleResponse:Display: 
[2016.12.10-17.22.23:087][  0]LogCook:Display: Max memory allowance for cook 8192mb
[2016.12.10-17.22.23:087][  0]LogCook:Display: Mobile HDR setting 1
[2016.12.10-17.22.24:154][  0]LogFileCache: Scanning file cache for directory 'E:/Users/Alquesh/Documents/Unreal Projects/project_nomad/Project_Nomand/Content/' took 0.01s
[2016.12.10-17.22.24:155][  0]Cmd: MAP LOAD FILE="../../../../../../Users/Alquesh/Documents/Unreal Projects/project_nomad/Project_Nomand/Content/Map/Map.umap" TEMPLATE=0 SHOWPROGRESS=1 FEATURELEVEL=3
[2016.12.10-17.22.24:156][  0]LightingResults: New page: Lighting Build
[2016.12.10-17.22.24:161][  0]MapCheck: New page: Map Check
[2016.12.10-17.22.24:161][  0]LightingResults: New page: Lighting Build
[2016.12.10-17.22.24:430][  0]LogText:Warning: Failed to parse argument "ImportClass" as a number (using "0" as a fallback). Please check your format string for errors: ": Failed import for {ImportClass}".
[2016.12.10-17.22.24:430][  0]LogText:Warning: Failed to parse argument "ImportClass" as a number (using "0" as a fallback). Please check your format string for errors: ": Failed import for {ImportClass}".
[2016.12.10-17.22.24:430][  0]LogText:Warning: Failed to parse argument "ImportClass" as a number (using "0" as a fallback). Please check your format string for errors: ": Failed import for {ImportClass}".
[2016.12.10-17.22.24:430][  0]LogText:Warning: Failed to parse argument "ImportClass" as a number (using "0" as a fallback). Please check your format string for errors: ": Failed import for {ImportClass}".
[2016.12.10-17.22.24:641][  0]LogText:Warning: Failed to parse argument "ImportClass" as a number (using "0" as a fallback). Please check your format string for errors: ": Failed import for {ImportClass}".
[2016.12.10-17.22.24:641][  0]LogText:Warning: Failed to parse argument "ImportClass" as a number (using "0" as a fallback). Please check your format string for errors: ": Failed import for {ImportClass}".
[2016.12.10-17.22.24:641][  0]LogText:Warning: Failed to parse argument "ImportClass" as a number (using "0" as a fallback). Please check your format string for errors: ": Failed import for {ImportClass}".
[2016.12.10-17.22.24:642][  0]LogText:Warning: Failed to parse argument "ImportClass" as a number (using "0" as a fallback). Please check your format string for errors: ": Failed import for {ImportClass}".
[2016.12.10-17.22.24:642][  0]LogText:Warning: Failed to parse argument "ImportClass" as a number (using "0" as a fallback). Please check your format string for errors: ": Failed import for {ImportClass}".
[2016.12.10-17.22.24:642][  0]LogText:Warning: Failed to parse argument "ImportClass" as a number (using "0" as a fallback). Please check your format string for errors: ": Failed import for {ImportClass}".
[2016.12.10-17.22.24:719][  0]LogText:Warning: Failed to parse argument "ImportClass" as a number (using "0" as a fallback). Please check your format string for errors: ": Failed import for {ImportClass}".
[2016.12.10-17.22.24:719][  0]LogText:Warning: Failed to parse argument "ImportClass" as a number (using "0" as a fallback). Please check your format string for errors: ": Failed import for {ImportClass}".
[2016.12.10-17.22.24:719][  0]LogText:Warning: Failed to parse argument "ImportClass" as a number (using "0" as a fallback). Please check your format string for errors: ": Failed import for {ImportClass}".
[2016.12.10-17.22.25:096][  0]LogTexture:Display: Building textures: Texture2D_0 (BGRA8)
[2016.12.10-17.22.25:111][  0]LogTexture:Display: Building textures: HQ_Lightmap0_1 (AutoDXT)
[2016.12.10-17.22.25:147][  0]LogTexture:Display: Building textures: LQ_Lightmap_0_1 (DXT1)
[2016.12.10-17.22.25:167][  0]LogTexture:Display: Building textures: ShadowMapTexture2D_0 (G8)
[2016.12.10-17.22.25:178][  0]LogAIModule: Creating AISystem for world Map
[2016.12.10-17.22.25:255][  0]LogEditorServer: Finished looking for orphan Actors (0.000 secs)
[2016.12.10-17.22.25:262][  0]Cmd: MAP CHECKDEP NOCLEARLOG
[2016.12.10-17.22.25:379][  0]MapCheck: Info Map check complete: 0 Error(s), 0 Warning(s), took 116.69ms to complete.
[2016.12.10-17.22.25:379][  0]LogFileHelpers: Loading map 'Map' took 1.224
[2016.12.10-17.22.25:625][  0]LogCollectionManager: Loaded 0 collections in 0.005031 seconds
[2016.12.10-17.22.25:697][  0]LogFileCache: Scanning file cache for directory 'E:/Users/Alquesh/Documents/Unreal Projects/project_nomad/Project_Nomand/Saved/Collections/' took 0.01s
[2016.12.10-17.22.25:697][  0]LogFileCache: Scanning file cache for directory 'E:/Users/Alquesh/Documents/Unreal Projects/project_nomad/Project_Nomand/Content/Developers/Alquesh/Collections/' took 0.01s
[2016.12.10-17.22.25:697][  0]LogFileCache: Scanning file cache for directory 'E:/Users/Alquesh/Documents/Unreal Projects/project_nomad/Project_Nomand/Content/Collections/' took 0.01s
[2016.12.10-17.22.25:697][  0]LogCollectionManager: Rebuilt the GUID cache for 0 collections in 0.000003 seconds
[2016.12.10-17.22.25:720][  0]LogContentBrowser: Native class hierarchy populated in 0.0203 seconds. Added 2047 classes and 369 folders.
[2016.12.10-17.22.25:730][  0]LogStats: UGameplayTagsManager::ConstructGameplayTagTree: Construct from data asset -  0.000 s
[2016.12.10-17.22.25:731][  0]LogStats: UGameplayTagsManager::ConstructGameplayTagTree: GameplayTagTreeChangedEvent.Broadcast -  0.001 s
[2016.12.10-17.22.25:733][  0]LogContentBrowser: Native class hierarchy updated for 'GameplayTags' in 0.0007 seconds. Added 12 classes and 0 folders.
[2016.12.10-17.22.25:741][  0]LogContentBrowser: Native class hierarchy updated for 'WidgetCarousel' in 0.0006 seconds. Added 0 classes and 0 folders.
[2016.12.10-17.22.25:941][  0]LogContentBrowser: Native class hierarchy updated for 'AddContentDialog' in 0.0008 seconds. Added 0 classes and 0 folders.
[2016.12.10-17.22.25:947][  0]LogContentBrowser: Native class hierarchy updated for 'SceneOutliner' in 0.0006 seconds. Added 1 classes and 2 folders.
[2016.12.10-17.22.26:065][  0]LogCrashTracker: Crashtracker disabled due to settings.
[2016.12.10-17.22.26:073][  0]LogUObjectGlobals:Warning: Failed to find object 'Class None.'
[2016.12.10-17.22.26:106][  0]LogContentBrowser: Native class hierarchy updated for 'HierarchicalLODOutliner' in 0.0006 seconds. Added 1 classes and 2 folders.
[2016.12.10-17.22.26:106][  0]LogLoad: Full Startup: 19.39 seconds (BP compile: 0.20 seconds)
[2016.12.10-17.22.26:106][  0]LogExternalProfiler: No external profilers were discovered.  External profiling features will not be available.
[2016.12.10-17.22.26:119][  0]LogOcInput: OculusInput pre-init called
[2016.12.10-17.22.26:122][  0]LoadErrors:Error: Error /Game/Map/Map : Failed import for AI_C /Game/Character/AI.Default__AI_C [redirection] in /Game/Map/Map
[2016.12.10-17.22.26:123][  0]LoadErrors:Error: Error /Game/Map/Map : Failed import for ArrowComponent /Game/Character/AI.Default__AI_C:Arrow
[2016.12.10-17.22.26:123][  0]LoadErrors:Error: Error /Game/Map/Map : Failed import for CapsuleComponent /Game/Character/AI.Default__AI_C:CollisionCylinder
[2016.12.10-17.22.26:123][  0]LoadErrors:Error: Error /Game/Map/Map : Failed import for CharacterMovementComponent /Game/Character/AI.Default__AI_C:CharMoveComp
[2016.12.10-17.22.26:124][  0]LoadErrors:Error: Error /Game/Map/Map : Failed import for SkeletalMeshComponent /Game/Character/AI.Default__AI_C:CharacterMesh0
[2016.12.10-17.22.26:152][  0]LogContentStreaming: Texture pool size now 400 MB
[2016.12.10-17.22.26:426][  0]LogRenderer: Reallocating scene render targets to support 1176x600 (Frame:2).
[2016.12.10-17.22.26:779][  1]Cmd: UpdateLandscapeEditorData -warnings
[2016.12.10-17.22.26:831][  1]SourceControl: Info On branch master
[2016.12.10-17.22.26:831][  1]SourceControl: Info Your branch is up-to-date with 'origin/master'.
[2016.12.10-17.22.26:831][  1]SourceControl: Info Changes to be committed:
[2016.12.10-17.22.26:831][  1]SourceControl: Info   (use "git reset HEAD <file>..." to unstage)
[2016.12.10-17.22.26:831][  1]SourceControl: Info 	modified:   Project_Nomand/Content/Character/AI.uasset
[2016.12.10-17.22.26:831][  1]SourceControl: Info 	new file:   Project_Nomand/Content/Character/AI/AI.uasset
[2016.12.10-17.22.26:831][  1]SourceControl: Info 	new file:   Project_Nomand/Content/Character/AI/AI_Blackboard.uasset
[2016.12.10-17.22.26:831][  1]SourceControl: Info 	new file:   Project_Nomand/Content/Character/AI/AgroCheck.uasset
[2016.12.10-17.22.26:832][  1]SourceControl: Info 	new file:   Project_Nomand/Content/Character/AI/BTDecorator_BlueprintBase_New.uasset
[2016.12.10-17.22.26:832][  1]SourceControl: Info 	new file:   Project_Nomand/Content/Character/AI/BTService_BlueprintBase_New.uasset
[2016.12.10-17.22.26:832][  1]SourceControl: Info 	new file:   Project_Nomand/Content/Character/AI/BTTask_BlueprintBase_New.uasset
[2016.12.10-17.22.26:832][  1]SourceControl: Info 	new file:   Project_Nomand/Content/Character/AI/CloseEnough.uasset
[2016.12.10-17.22.26:832][  1]SourceControl: Info 	new file:   Project_Nomand/Content/Character/AI/MyAIController.uasset
[2016.12.10-17.22.26:832][  1]SourceControl: Info 	new file:   Project_Nomand/Content/Character/AI/Patrol_BT.uasset
[2016.12.10-17.22.26:832][  1]SourceControl: Info 	new file:   Project_Nomand/Content/Character/AI/RapidMoveTo.uasset
[2016.12.10-17.22.26:832][  1]SourceControl: Info Changes not staged for commit:
[2016.12.10-17.22.26:832][  1]SourceControl: Info   (use "git add/rm <file>..." to update what will be committed)
[2016.12.10-17.22.26:832][  1]SourceControl: Info   (use "git checkout -- <file>..." to discard changes in working directory)
[2016.12.10-17.22.26:832][  1]SourceControl: Info 	modified:   Project_Nomand/Content/Character/AI.uasset
[2016.12.10-17.22.26:832][  1]SourceControl: Info 	modified:   Project_Nomand/Content/Character/AI/AI.uasset
[2016.12.10-17.22.26:832][  1]SourceControl: Info 	modified:   Project_Nomand/Content/Character/AI/AgroCheck.uasset
[2016.12.10-17.22.26:832][  1]SourceControl: Info 	modified:   Project_Nomand/Content/Character/AI/CloseEnough.uasset
[2016.12.10-17.22.26:832][  1]SourceControl: Info 	modified:   Project_Nomand/Content/Character/AI/RapidMoveTo.uasset
[2016.12.10-17.22.26:832][  1]SourceControl: Info 	modified:   Project_Nomand/Content/Map/Map.umap
[2016.12.10-17.22.26:832][  1]SourceControl: Info 	modified:   Project_Nomand/Content/Monster/AIHealth.uasset
[2016.12.10-17.22.26:832][  1]SourceControl: Info 	modified:   Project_Nomand/Intermediate/CachedAssetRegistry.bin
[2016.12.10-17.22.26:832][  1]SourceControl: Info 	modified:   Project_Nomand/Saved/AutoScreenshot.png
[2016.12.10-17.22.26:832][  1]SourceControl: Info 	modified:   Project_Nomand/Saved/Config/Windows/Editor.ini
[2016.12.10-17.22.26:832][  1]SourceControl: Info 	modified:   Project_Nomand/Saved/Config/Windows/EditorPerProjectUserSettings.ini
[2016.12.10-17.22.26:832][  1]SourceControl: Info 	modified:   Project_Nomand/Saved/Config/Windows/SourceControlSettings.ini
[2016.12.10-17.22.26:832][  1]SourceControl: Info 	deleted:    Project_Nomand/Saved/Logs/Project_Nomand-backup-2016.12.02-17.49.58.log
[2016.12.10-17.22.26:832][  1]SourceControl: Info 	deleted:    Project_Nomand/Saved/Logs/Project_Nomand-backup-2016.12.07-08.32.55.log
[2016.12.10-17.22.26:832][  1]SourceControl: Info 	modified:   Project_Nomand/Saved/Logs/Project_Nomand.log
[2016.12.10-17.22.26:832][  1]SourceControl: Info Untracked files:
[2016.12.10-17.22.26:832][  1]SourceControl: Info   (use "git add <file>..." to include in what will be committed)
[2016.12.10-17.22.26:832][  1]SourceControl: Info 	Project_Nomand/Saved/Autosaves/Game/Character/AI/
[2016.12.10-17.22.26:832][  1]SourceControl: Info 	Project_Nomand/Saved/Backup/AI_2016-12-10-16-48-16.uasset
[2016.12.10-17.22.26:832][  1]SourceControl: Info 	Project_Nomand/Saved/Backup/AI_2016-12-10-18-16-36.uasset
[2016.12.10-17.22.26:832][  1]SourceControl: Info 	Project_Nomand/Saved/Backup/AgroCheck_2016-12-10-17-22-49.uasset
[2016.12.10-17.22.26:832][  1]SourceControl: Info 	Project_Nomand/Saved/Backup/AgroCheck_2016-12-10-17-36-21.uasset
[2016.12.10-17.22.26:832][  1]SourceControl: Info 	Project_Nomand/Saved/Backup/AgroCheck_2016-12-10-17-46-22.uasset
[2016.12.10-17.22.26:832][  1]SourceControl: Info 	Project_Nomand/Saved/Backup/AgroCheck_2016-12-10-18-16-36.uasset
[2016.12.10-17.22.26:832][  1]SourceControl: Info 	Project_Nomand/Saved/Backup/CloseEnough_2016-12-10-18-11-47.uasset
[2016.12.10-17.22.26:832][  1]SourceControl: Info 	Project_Nomand/Saved/Backup/Map_2016-12-10-18-16-39.umap
[2016.12.10-17.22.26:832][  1]SourceControl: Info 	Project_Nomand/Saved/Backup/Map_2016-12-10-18-21-57.umap
[2016.12.10-17.22.26:832][  1]SourceControl: Info 	Project_Nomand/Saved/Backup/RapidMoveTo_2016-12-10-17-58-59.uasset
[2016.12.10-17.22.26:832][  1]SourceControl: Info 	Project_Nomand/Saved/Backup/RapidMoveTo_2016-12-10-18-11-47.uasset
[2016.12.10-17.22.26:832][  1]SourceControl: Info 	Project_Nomand/Saved/Logs/Project_Nomand-backup-2016.12.10-16.43.58.log
[2016.12.10-17.22.26:832][  1]SourceControl: Info 	Project_Nomand/Saved/Logs/Project_Nomand_2.log
[2016.12.10-17.22.26:875][  2]LogAssetRegistry: Asset discovery search completed in 11.8818 seconds
[2016.12.10-17.22.26:875][  2]LogCollectionManager: Rebuilt the object cache for 0 collections in 0.000001 seconds (found 0 objects)
[2016.12.10-17.22.26:875][  2]LogCollectionManager: Fixed up redirectors for 0 collections in 0.000340 seconds (updated 0 objects)
[2016.12.10-17.23.22:170][229]LogSlate: Slate: Had to block on waiting for a draw buffer
[2016.12.10-17.23.36:314][788]LogSlate: Slate: Had to block on waiting for a draw buffer
[2016.12.10-17.23.57:578][298]LogBlueprintUserMessages: Early PlayInEditor Detection: Level '/Game/Map/Map.Map:PersistentLevel' has LevelScriptBlueprint '/Game/Map/Map.Map:PersistentLevel.Map' with GeneratedClass '/Game/Map/Map.Map_C' with ClassGeneratedBy '/Game/Map/Map.Map:PersistentLevel.Map'
[2016.12.10-17.23.57:578][298]LogPlayLevel: PlayLevel: No blueprints needed recompiling
[2016.12.10-17.23.57:578][298]PIE: New page: PIE session: Map (Dec 10, 2016, 7:23:57 PM)
[2016.12.10-17.23.57:579][298]LogPlayLevel: Creating play world package: /Game/Map/UEDPIE_0_Map
[2016.12.10-17.23.57:638][298]LogPlayLevel: PIE: StaticDuplicateObject took: (0.059419s)
[2016.12.10-17.23.57:639][298]LogAIModule: Creating AISystem for world Map
[2016.12.10-17.23.57:640][298]LogPlayLevel: PIE: World Init took: (0.001395s)
[2016.12.10-17.23.57:640][298]LogPlayLevel: PIE: Created PIE world by copying editor world from /Game/Map/Map.Map to /Game/Map/UEDPIE_0_Map.Map (0.061112s)
[2016.12.10-17.23.57:685][298]LogInit: XAudio2 using 'Lautsprecher (2- Realtek High Definition Audio)' : 6 channels at 48 kHz using 32 bits per sample (channel mask 0x3f)
[2016.12.10-17.23.57:698][298]LogInit: FAudioDevice initialized.
[2016.12.10-17.23.57:783][298]LogWorld: Game class is 'RenderToTexture_Game_C'
[2016.12.10-17.23.57:797][298]LogWorld: Bringing World /Game/Map/UEDPIE_0_Map.Map up for play (max tick rate 0) at 2016.12.10-18.23.57
[2016.12.10-17.23.57:800][298]LogWorld: Bringing up level for play took: 0.015593
[2016.12.10-17.23.57:805][298]LogContentBrowser: Native class hierarchy updated for 'MovieSceneCapture' in 0.0007 seconds. Added 11 classes and 0 folders.
[2016.12.10-17.23.57:809][298]PIE: Info Play in editor start time for /Game/Map/UEDPIE_0_Map 0.288
[2016.12.10-17.23.57:810][298]LogBlueprintUserMessages: Late PlayInEditor Detection: Level '/Game/Map/Map.Map:PersistentLevel' has LevelScriptBlueprint '/Game/Map/Map.Map:PersistentLevel.Map' with GeneratedClass '/Game/Map/Map.Map_C' with ClassGeneratedBy '/Game/Map/Map.Map:PersistentLevel.Map'
[2016.12.10-17.23.57:830][298]LogScript:Warning: Accessed None trying to read property MyChar
	HUD_Bars_C /Engine/Transient.UnrealEdEngine_0:GameInstance_0.HUD_Bars_C_0
	Function /Game/HUD/HUD_Bars.HUD_Bars_C:Get_BlutBalken_Percent_0:000E
[2016.12.10-17.23.57:830][298]LogScriptCore:Warning: Divide by zero
Script call stack:
	Function /Game/HUD/HUD_Bars.HUD_Bars_C:Get_BlutBalken_Percent_0


[2016.12.10-17.23.57:830][298]LogScript:Warning: Accessed None trying to read property MyChar
	HUD_Bars_C /Engine/Transient.UnrealEdEngine_0:GameInstance_0.HUD_Bars_C_0
	Function /Game/HUD/HUD_Bars.HUD_Bars_C:Get_BlutBalken_Percent_0:000E
[2016.12.10-17.23.57:830][298]LogScriptCore:Warning: Divide by zero
Script call stack:
	Function /Game/HUD/HUD_Bars.HUD_Bars_C:Get_BlutBalken_Percent_0


[2016.12.10-17.23.57:871][299]LogScript:Warning: Accessed None trying to read property MyChar
	HUD_Bars_C /Engine/Transient.UnrealEdEngine_0:GameInstance_0.HUD_Bars_C_0
	Function /Game/HUD/HUD_Bars.HUD_Bars_C:Get_BlutBalken_Percent_0:000E
[2016.12.10-17.23.57:871][299]LogScriptCore:Warning: Divide by zero
Script call stack:
	Function /Game/HUD/HUD_Bars.HUD_Bars_C:Get_BlutBalken_Percent_0


[2016.12.10-17.23.57:891][300]LogScript:Warning: Accessed None trying to read property MyChar
	HUD_Bars_C /Engine/Transient.UnrealEdEngine_0:GameInstance_0.HUD_Bars_C_0
	Function /Game/HUD/HUD_Bars.HUD_Bars_C:Get_BlutBalken_Percent_0:000E
[2016.12.10-17.23.57:891][300]LogScriptCore:Warning: Divide by zero
Script call stack:
	Function /Game/HUD/HUD_Bars.HUD_Bars_C:Get_BlutBalken_Percent_0


[2016.12.10-17.23.57:903][301]LogScript:Warning: Accessed None trying to read property MyChar
	HUD_Bars_C /Engine/Transient.UnrealEdEngine_0:GameInstance_0.HUD_Bars_C_0
	Function /Game/HUD/HUD_Bars.HUD_Bars_C:Get_BlutBalken_Percent_0:000E
[2016.12.10-17.23.57:903][301]LogScriptCore:Warning: Divide by zero
Script call stack:
	Function /Game/HUD/HUD_Bars.HUD_Bars_C:Get_BlutBalken_Percent_0


[2016.12.10-17.23.57:914][302]LogScript:Warning: Accessed None trying to read property MyChar
	HUD_Bars_C /Engine/Transient.UnrealEdEngine_0:GameInstance_0.HUD_Bars_C_0
	Function /Game/HUD/HUD_Bars.HUD_Bars_C:Get_BlutBalken_Percent_0:000E
[2016.12.10-17.23.57:915][302]LogScriptCore:Warning: Divide by zero
Script call stack:
	Function /Game/HUD/HUD_Bars.HUD_Bars_C:Get_BlutBalken_Percent_0


[2016.12.10-17.23.57:926][303]LogScript:Warning: Accessed None trying to read property MyChar
	HUD_Bars_C /Engine/Transient.UnrealEdEngine_0:GameInstance_0.HUD_Bars_C_0
	Function /Game/HUD/HUD_Bars.HUD_Bars_C:Get_BlutBalken_Percent_0:000E
[2016.12.10-17.23.57:926][303]LogScriptCore:Warning: Divide by zero
Script call stack:
	Function /Game/HUD/HUD_Bars.HUD_Bars_C:Get_BlutBalken_Percent_0


[2016.12.10-17.23.57:937][304]LogScript:Warning: Accessed None trying to read property MyChar
	HUD_Bars_C /Engine/Transient.UnrealEdEngine_0:GameInstance_0.HUD_Bars_C_0
	Function /Game/HUD/HUD_Bars.HUD_Bars_C:Get_BlutBalken_Percent_0:000E
[2016.12.10-17.23.57:937][304]LogScriptCore:Warning: Divide by zero
Script call stack:
	Function /Game/HUD/HUD_Bars.HUD_Bars_C:Get_BlutBalken_Percent_0


[2016.12.10-17.23.57:951][305]LogScript:Warning: Accessed None trying to read property MyChar
	HUD_Bars_C /Engine/Transient.UnrealEdEngine_0:GameInstance_0.HUD_Bars_C_0
	Function /Game/HUD/HUD_Bars.HUD_Bars_C:Get_BlutBalken_Percent_0:000E
[2016.12.10-17.23.57:951][305]LogScriptCore:Warning: Divide by zero
Script call stack:
	Function /Game/HUD/HUD_Bars.HUD_Bars_C:Get_BlutBalken_Percent_0


[2016.12.10-17.23.57:974][306]LogScript:Warning: Accessed None trying to read property MyChar
	HUD_Bars_C /Engine/Transient.UnrealEdEngine_0:GameInstance_0.HUD_Bars_C_0
	Function /Game/HUD/HUD_Bars.HUD_Bars_C:Get_BlutBalken_Percent_0:000E
[2016.12.10-17.23.57:974][306]LogScriptCore:Warning: Divide by zero
Script call stack:
	Function /Game/HUD/HUD_Bars.HUD_Bars_C:Get_BlutBalken_Percent_0


[2016.12.10-17.23.57:985][307]LogScript:Warning: Accessed None trying to read property MyChar
	HUD_Bars_C /Engine/Transient.UnrealEdEngine_0:GameInstance_0.HUD_Bars_C_0
	Function /Game/HUD/HUD_Bars.HUD_Bars_C:Get_BlutBalken_Percent_0:000E
[2016.12.10-17.23.57:985][307]LogScriptCore:Warning: Divide by zero
Script call stack:
	Function /Game/HUD/HUD_Bars.HUD_Bars_C:Get_BlutBalken_Percent_0


[2016.12.10-17.23.57:997][308]LogScript:Warning: Accessed None trying to read property MyChar
	HUD_Bars_C /Engine/Transient.UnrealEdEngine_0:GameInstance_0.HUD_Bars_C_0
	Function /Game/HUD/HUD_Bars.HUD_Bars_C:Get_BlutBalken_Percent_0:000E
[2016.12.10-17.23.57:997][308]LogScriptCore:Warning: Divide by zero
Script call stack:
	Function /Game/HUD/HUD_Bars.HUD_Bars_C:Get_BlutBalken_Percent_0


[2016.12.10-17.23.58:009][309]LogScript:Warning: Accessed None trying to read property MyChar
	HUD_Bars_C /Engine/Transient.UnrealEdEngine_0:GameInstance_0.HUD_Bars_C_0
	Function /Game/HUD/HUD_Bars.HUD_Bars_C:Get_BlutBalken_Percent_0:000E
[2016.12.10-17.23.58:009][309]LogScriptCore:Warning: Divide by zero
Script call stack:
	Function /Game/HUD/HUD_Bars.HUD_Bars_C:Get_BlutBalken_Percent_0


[2016.12.10-17.23.58:021][310]LogScript:Warning: Accessed None trying to read property MyChar
	HUD_Bars_C /Engine/Transient.UnrealEdEngine_0:GameInstance_0.HUD_Bars_C_0
	Function /Game/HUD/HUD_Bars.HUD_Bars_C:Get_BlutBalken_Percent_0:000E
[2016.12.10-17.23.58:021][310]LogScriptCore:Warning: Divide by zero
Script call stack:
	Function /Game/HUD/HUD_Bars.HUD_Bars_C:Get_BlutBalken_Percent_0


[2016.12.10-17.23.58:036][311]LogScript:Warning: Accessed None trying to read property MyChar
	HUD_Bars_C /Engine/Transient.UnrealEdEngine_0:GameInstance_0.HUD_Bars_C_0
	Function /Game/HUD/HUD_Bars.HUD_Bars_C:Get_BlutBalken_Percent_0:000E
[2016.12.10-17.23.58:036][311]LogScriptCore:Warning: Divide by zero
Script call stack:
	Function /Game/HUD/HUD_Bars.HUD_Bars_C:Get_BlutBalken_Percent_0


[2016.12.10-17.23.58:051][312]LogScript:Warning: Accessed None trying to read property MyChar
	HUD_Bars_C /Engine/Transient.UnrealEdEngine_0:GameInstance_0.HUD_Bars_C_0
	Function /Game/HUD/HUD_Bars.HUD_Bars_C:Get_BlutBalken_Percent_0:000E
[2016.12.10-17.23.58:051][312]LogScriptCore:Warning: Divide by zero
Script call stack:
	Function /Game/HUD/HUD_Bars.HUD_Bars_C:Get_BlutBalken_Percent_0


[2016.12.10-17.23.58:064][313]LogScript:Warning: Accessed None trying to read property MyChar
	HUD_Bars_C /Engine/Transient.UnrealEdEngine_0:GameInstance_0.HUD_Bars_C_0
	Function /Game/HUD/HUD_Bars.HUD_Bars_C:Get_BlutBalken_Percent_0:000E
[2016.12.10-17.23.58:064][313]LogScriptCore:Warning: Divide by zero
Script call stack:
	Function /Game/HUD/HUD_Bars.HUD_Bars_C:Get_BlutBalken_Percent_0


[2016.12.10-17.23.58:078][314]LogScriptCore:Warning: Divide by zero
Script call stack:
	Function /Game/HUD/HUD_Bars.HUD_Bars_C:Get_BlutBalken_Percent_0


[2016.12.10-17.23.58:093][315]LogScriptCore:Warning: Divide by zero
Script call stack:
	Function /Game/HUD/HUD_Bars.HUD_Bars_C:Get_BlutBalken_Percent_0


[2016.12.10-17.23.58:109][316]LogScriptCore:Warning: Divide by zero
Script call stack:
	Function /Game/HUD/HUD_Bars.HUD_Bars_C:Get_BlutBalken_Percent_0


[2016.12.10-17.23.58:122][317]LogScriptCore:Warning: Divide by zero
Script call stack:
	Function /Game/HUD/HUD_Bars.HUD_Bars_C:Get_BlutBalken_Percent_0


[2016.12.10-17.23.58:138][318]LogScriptCore:Warning: Divide by zero
Script call stack:
	Function /Game/HUD/HUD_Bars.HUD_Bars_C:Get_BlutBalken_Percent_0


[2016.12.10-17.23.58:151][319]LogScriptCore:Warning: Divide by zero
Script call stack:
	Function /Game/HUD/HUD_Bars.HUD_Bars_C:Get_BlutBalken_Percent_0


[2016.12.10-17.23.58:162][320]LogScriptCore:Warning: Divide by zero
Script call stack:
	Function /Game/HUD/HUD_Bars.HUD_Bars_C:Get_BlutBalken_Percent_0


[2016.12.10-17.23.58:183][321]LogScriptCore:Warning: Divide by zero
Script call stack:
	Function /Game/HUD/HUD_Bars.HUD_Bars_C:Get_BlutBalken_Percent_0


[2016.12.10-17.23.58:199][322]LogScriptCore:Warning: Divide by zero
Script call stack:
	Function /Game/HUD/HUD_Bars.HUD_Bars_C:Get_BlutBalken_Percent_0


[2016.12.10-17.23.58:212][323]LogScriptCore:Warning: Divide by zero
Script call stack:
	Function /Game/HUD/HUD_Bars.HUD_Bars_C:Get_BlutBalken_Percent_0


[2016.12.10-17.23.58:225][324]LogScriptCore:Warning: Divide by zero
Script call stack:
	Function /Game/HUD/HUD_Bars.HUD_Bars_C:Get_BlutBalken_Percent_0


[2016.12.10-17.23.58:242][325]LogScriptCore:Warning: Divide by zero
Script call stack:
	Function /Game/HUD/HUD_Bars.HUD_Bars_C:Get_BlutBalken_Percent_0


[2016.12.10-17.23.58:256][326]LogScriptCore:Warning: Divide by zero
Script call stack:
	Function /Game/HUD/HUD_Bars.HUD_Bars_C:Get_BlutBalken_Percent_0


[2016.12.10-17.23.58:271][327]LogScriptCore:Warning: Divide by zero
Script call stack:
	Function /Game/HUD/HUD_Bars.HUD_Bars_C:Get_BlutBalken_Percent_0


[2016.12.10-17.23.58:288][328]LogScriptCore:Warning: Divide by zero
Script call stack:
	Function /Game/HUD/HUD_Bars.HUD_Bars_C:Get_BlutBalken_Percent_0


[2016.12.10-17.23.58:302][329]LogScriptCore:Warning: Divide by zero
Script call stack:
	Function /Game/HUD/HUD_Bars.HUD_Bars_C:Get_BlutBalken_Percent_0


[2016.12.10-17.23.58:317][330]LogScriptCore:Warning: Divide by zero
Script call stack:
	Function /Game/HUD/HUD_Bars.HUD_Bars_C:Get_BlutBalken_Percent_0


[2016.12.10-17.23.58:332][331]LogScriptCore:Warning: Divide by zero
Script call stack:
	Function /Game/HUD/HUD_Bars.HUD_Bars_C:Get_BlutBalken_Percent_0


[2016.12.10-17.23.58:345][332]LogScriptCore:Warning: Divide by zero
Script call stack:
	Function /Game/HUD/HUD_Bars.HUD_Bars_C:Get_BlutBalken_Percent_0


[2016.12.10-17.23.58:360][333]LogScriptCore:Warning: Divide by zero
Script call stack:
	Function /Game/HUD/HUD_Bars.HUD_Bars_C:Get_BlutBalken_Percent_0


[2016.12.10-17.23.58:373][334]LogScriptCore:Warning: Divide by zero
Script call stack:
	Function /Game/HUD/HUD_Bars.HUD_Bars_C:Get_BlutBalken_Percent_0


[2016.12.10-17.23.58:387][335]LogScriptCore:Warning: Divide by zero
Script call stack:
	Function /Game/HUD/HUD_Bars.HUD_Bars_C:Get_BlutBalken_Percent_0


[2016.12.10-17.23.58:403][336]LogScriptCore:Warning: Divide by zero
Script call stack:
	Function /Game/HUD/HUD_Bars.HUD_Bars_C:Get_BlutBalken_Percent_0


[2016.12.10-17.23.58:412][337]LogBlueprintUserMessages: [AI_44] Hab dich
[2016.12.10-17.23.58:419][337]LogScriptCore:Warning: Divide by zero
Script call stack:
	Function /Game/HUD/HUD_Bars.HUD_Bars_C:Get_BlutBalken_Percent_0


[2016.12.10-17.23.58:433][338]LogScriptCore:Warning: Divide by zero
Script call stack:
	Function /Game/HUD/HUD_Bars.HUD_Bars_C:Get_BlutBalken_Percent_0


[2016.12.10-17.23.58:445][339]LogScriptCore:Warning: Divide by zero
Script call stack:
	Function /Game/HUD/HUD_Bars.HUD_Bars_C:Get_BlutBalken_Percent_0


[2016.12.10-17.23.58:461][340]LogScriptCore:Warning: Divide by zero
Script call stack:
	Function /Game/HUD/HUD_Bars.HUD_Bars_C:Get_BlutBalken_Percent_0


[2016.12.10-17.23.58:475][341]LogScriptCore:Warning: Divide by zero
Script call stack:
	Function /Game/HUD/HUD_Bars.HUD_Bars_C:Get_BlutBalken_Percent_0


[2016.12.10-17.23.58:490][342]LogScriptCore:Warning: Divide by zero
Script call stack:
	Function /Game/HUD/HUD_Bars.HUD_Bars_C:Get_BlutBalken_Percent_0


[2016.12.10-17.23.58:505][343]LogScriptCore:Warning: Divide by zero
Script call stack:
	Function /Game/HUD/HUD_Bars.HUD_Bars_C:Get_BlutBalken_Percent_0


[2016.12.10-17.23.58:520][344]LogScriptCore:Warning: Divide by zero
Script call stack:
	Function /Game/HUD/HUD_Bars.HUD_Bars_C:Get_BlutBalken_Percent_0


[2016.12.10-17.23.58:534][345]LogScriptCore:Warning: Divide by zero
Script call stack:
	Function /Game/HUD/HUD_Bars.HUD_Bars_C:Get_BlutBalken_Percent_0


[2016.12.10-17.23.58:546][346]LogScriptCore:Warning: Divide by zero
Script call stack:
	Function /Game/HUD/HUD_Bars.HUD_Bars_C:Get_BlutBalken_Percent_0


[2016.12.10-17.23.58:563][347]LogScriptCore:Warning: Divide by zero
Script call stack:
	Function /Game/HUD/HUD_Bars.HUD_Bars_C:Get_BlutBalken_Percent_0


[2016.12.10-17.23.58:576][348]LogScriptCore:Warning: Divide by zero
Script call stack:
	Function /Game/HUD/HUD_Bars.HUD_Bars_C:Get_BlutBalken_Percent_0


[2016.12.10-17.23.58:592][349]LogScriptCore:Warning: Divide by zero
Script call stack:
	Function /Game/HUD/HUD_Bars.HUD_Bars_C:Get_BlutBalken_Percent_0


[2016.12.10-17.23.58:606][350]LogScriptCore:Warning: Divide by zero
Script call stack:
	Function /Game/HUD/HUD_Bars.HUD_Bars_C:Get_BlutBalken_Percent_0


[2016.12.10-17.23.58:621][351]LogScriptCore:Warning: Divide by zero
Script call stack:
	Function /Game/HUD/HUD_Bars.HUD_Bars_C:Get_BlutBalken_Percent_0


[2016.12.10-17.23.58:635][352]LogScriptCore:Warning: Divide by zero
Script call stack:
	Function /Game/HUD/HUD_Bars.HUD_Bars_C:Get_BlutBalken_Percent_0


[2016.12.10-17.23.58:651][353]LogScriptCore:Warning: Divide by zero
Script call stack:
	Function /Game/HUD/HUD_Bars.HUD_Bars_C:Get_BlutBalken_Percent_0


[2016.12.10-17.23.58:663][354]LogScriptCore:Warning: Divide by zero
Script call stack:
	Function /Game/HUD/HUD_Bars.HUD_Bars_C:Get_BlutBalken_Percent_0


[2016.12.10-17.23.58:677][355]LogScriptCore:Warning: Divide by zero
Script call stack:
	Function /Game/HUD/HUD_Bars.HUD_Bars_C:Get_BlutBalken_Percent_0


[2016.12.10-17.23.58:693][356]LogScriptCore:Warning: Divide by zero
Script call stack:
	Function /Game/HUD/HUD_Bars.HUD_Bars_C:Get_BlutBalken_Percent_0


[2016.12.10-17.23.58:707][357]LogScriptCore:Warning: Divide by zero
Script call stack:
	Function /Game/HUD/HUD_Bars.HUD_Bars_C:Get_BlutBalken_Percent_0


[2016.12.10-17.23.58:723][358]LogScriptCore:Warning: Divide by zero
Script call stack:
	Function /Game/HUD/HUD_Bars.HUD_Bars_C:Get_BlutBalken_Percent_0


[2016.12.10-17.23.58:738][359]LogScriptCore:Warning: Divide by zero
Script call stack:
	Function /Game/HUD/HUD_Bars.HUD_Bars_C:Get_BlutBalken_Percent_0


[2016.12.10-17.23.58:757][360]LogScriptCore:Warning: Divide by zero
Script call stack:
	Function /Game/HUD/HUD_Bars.HUD_Bars_C:Get_BlutBalken_Percent_0


[2016.12.10-17.23.58:769][361]LogScriptCore:Warning: Divide by zero
Script call stack:
	Function /Game/HUD/HUD_Bars.HUD_Bars_C:Get_BlutBalken_Percent_0


[2016.12.10-17.23.58:782][362]LogScriptCore:Warning: Divide by zero
Script call stack:
	Function /Game/HUD/HUD_Bars.HUD_Bars_C:Get_BlutBalken_Percent_0


[2016.12.10-17.23.58:795][363]LogScriptCore:Warning: Divide by zero
Script call stack:
	Function /Game/HUD/HUD_Bars.HUD_Bars_C:Get_BlutBalken_Percent_0


[2016.12.10-17.23.58:808][364]LogScriptCore:Warning: Divide by zero
Script call stack:
	Function /Game/HUD/HUD_Bars.HUD_Bars_C:Get_BlutBalken_Percent_0


[2016.12.10-17.23.58:824][365]LogScriptCore:Warning: Divide by zero
Script call stack:
	Function /Game/HUD/HUD_Bars.HUD_Bars_C:Get_BlutBalken_Percent_0


[2016.12.10-17.23.58:839][366]LogScriptCore:Warning: Divide by zero
Script call stack:
	Function /Game/HUD/HUD_Bars.HUD_Bars_C:Get_BlutBalken_Percent_0


[2016.12.10-17.23.58:853][367]LogScriptCore:Warning: Divide by zero
Script call stack:
	Function /Game/HUD/HUD_Bars.HUD_Bars_C:Get_BlutBalken_Percent_0


[2016.12.10-17.23.58:869][368]LogScriptCore:Warning: Divide by zero
Script call stack:
	Function /Game/HUD/HUD_Bars.HUD_Bars_C:Get_BlutBalken_Percent_0


[2016.12.10-17.23.58:885][369]LogScriptCore:Warning: Divide by zero
Script call stack:
	Function /Game/HUD/HUD_Bars.HUD_Bars_C:Get_BlutBalken_Percent_0


[2016.12.10-17.23.58:896][370]LogScriptCore:Warning: Divide by zero
Script call stack:
	Function /Game/HUD/HUD_Bars.HUD_Bars_C:Get_BlutBalken_Percent_0


[2016.12.10-17.23.58:912][371]LogScriptCore:Warning: Divide by zero
Script call stack:
	Function /Game/HUD/HUD_Bars.HUD_Bars_C:Get_BlutBalken_Percent_0


[2016.12.10-17.23.58:925][372]LogScriptCore:Warning: Divide by zero
Script call stack:
	Function /Game/HUD/HUD_Bars.HUD_Bars_C:Get_BlutBalken_Percent_0


[2016.12.10-17.23.58:941][373]LogScriptCore:Warning: Divide by zero
Script call stack:
	Function /Game/HUD/HUD_Bars.HUD_Bars_C:Get_BlutBalken_Percent_0


[2016.12.10-17.23.58:957][374]LogScriptCore:Warning: Divide by zero
Script call stack:
	Function /Game/HUD/HUD_Bars.HUD_Bars_C:Get_BlutBalken_Percent_0


[2016.12.10-17.23.58:971][375]LogScriptCore:Warning: Divide by zero
Script call stack:
	Function /Game/HUD/HUD_Bars.HUD_Bars_C:Get_BlutBalken_Percent_0


[2016.12.10-17.23.58:986][376]LogScriptCore:Warning: Divide by zero
Script call stack:
	Function /Game/HUD/HUD_Bars.HUD_Bars_C:Get_BlutBalken_Percent_0


[2016.12.10-17.23.59:002][377]LogScriptCore:Warning: Divide by zero
Script call stack:
	Function /Game/HUD/HUD_Bars.HUD_Bars_C:Get_BlutBalken_Percent_0


[2016.12.10-17.23.59:015][378]LogScriptCore:Warning: Divide by zero
Script call stack:
	Function /Game/HUD/HUD_Bars.HUD_Bars_C:Get_BlutBalken_Percent_0


[2016.12.10-17.23.59:027][379]LogScriptCore:Warning: Divide by zero
Script call stack:
	Function /Game/HUD/HUD_Bars.HUD_Bars_C:Get_BlutBalken_Percent_0


[2016.12.10-17.23.59:042][380]LogScriptCore:Warning: Divide by zero
Script call stack:
	Function /Game/HUD/HUD_Bars.HUD_Bars_C:Get_BlutBalken_Percent_0


[2016.12.10-17.23.59:057][381]LogScriptCore:Warning: Divide by zero
Script call stack:
	Function /Game/HUD/HUD_Bars.HUD_Bars_C:Get_BlutBalken_Percent_0


[2016.12.10-17.23.59:072][382]LogScriptCore:Warning: Divide by zero
Script call stack:
	Function /Game/HUD/HUD_Bars.HUD_Bars_C:Get_BlutBalken_Percent_0


[2016.12.10-17.23.59:090][383]LogScriptCore:Warning: Divide by zero
Script call stack:
	Function /Game/HUD/HUD_Bars.HUD_Bars_C:Get_BlutBalken_Percent_0


[2016.12.10-17.23.59:104][384]LogScriptCore:Warning: Divide by zero
Script call stack:
	Function /Game/HUD/HUD_Bars.HUD_Bars_C:Get_BlutBalken_Percent_0


[2016.12.10-17.23.59:118][385]LogScriptCore:Warning: Divide by zero
Script call stack:
	Function /Game/HUD/HUD_Bars.HUD_Bars_C:Get_BlutBalken_Percent_0


[2016.12.10-17.23.59:131][386]LogScriptCore:Warning: Divide by zero
Script call stack:
	Function /Game/HUD/HUD_Bars.HUD_Bars_C:Get_BlutBalken_Percent_0


[2016.12.10-17.23.59:148][387]LogScriptCore:Warning: Divide by zero
Script call stack:
	Function /Game/HUD/HUD_Bars.HUD_Bars_C:Get_BlutBalken_Percent_0


[2016.12.10-17.23.59:160][388]LogScriptCore:Warning: Divide by zero
Script call stack:
	Function /Game/HUD/HUD_Bars.HUD_Bars_C:Get_BlutBalken_Percent_0


[2016.12.10-17.23.59:175][389]LogScriptCore:Warning: Divide by zero
Script call stack:
	Function /Game/HUD/HUD_Bars.HUD_Bars_C:Get_BlutBalken_Percent_0


[2016.12.10-17.23.59:190][390]LogScriptCore:Warning: Divide by zero
Script call stack:
	Function /Game/HUD/HUD_Bars.HUD_Bars_C:Get_BlutBalken_Percent_0


[2016.12.10-17.23.59:204][391]LogScriptCore:Warning: Divide by zero
Script call stack:
	Function /Game/HUD/HUD_Bars.HUD_Bars_C:Get_BlutBalken_Percent_0


[2016.12.10-17.23.59:218][392]LogScriptCore:Warning: Divide by zero
Script call stack:
	Function /Game/HUD/HUD_Bars.HUD_Bars_C:Get_BlutBalken_Percent_0


[2016.12.10-17.23.59:230][393]LogScriptCore:Warning: Divide by zero
Script call stack:
	Function /Game/HUD/HUD_Bars.HUD_Bars_C:Get_BlutBalken_Percent_0


[2016.12.10-17.23.59:245][394]LogScriptCore:Warning: Divide by zero
Script call stack:
	Function /Game/HUD/HUD_Bars.HUD_Bars_C:Get_BlutBalken_Percent_0


[2016.12.10-17.23.59:259][395]LogScriptCore:Warning: Divide by zero
Script call stack:
	Function /Game/HUD/HUD_Bars.HUD_Bars_C:Get_BlutBalken_Percent_0


[2016.12.10-17.23.59:278][396]LogScriptCore:Warning: Divide by zero
Script call stack:
	Function /Game/HUD/HUD_Bars.HUD_Bars_C:Get_BlutBalken_Percent_0


[2016.12.10-17.23.59:291][397]LogScriptCore:Warning: Divide by zero
Script call stack:
	Function /Game/HUD/HUD_Bars.HUD_Bars_C:Get_BlutBalken_Percent_0


[2016.12.10-17.23.59:307][398]LogScriptCore:Warning: Divide by zero
Script call stack:
	Function /Game/HUD/HUD_Bars.HUD_Bars_C:Get_BlutBalken_Percent_0


[2016.12.10-17.23.59:321][399]LogScriptCore:Warning: Divide by zero
Script call stack:
	Function /Game/HUD/HUD_Bars.HUD_Bars_C:Get_BlutBalken_Percent_0


[2016.12.10-17.23.59:333][400]LogScriptCore:Warning: Divide by zero
Script call stack:
	Function /Game/HUD/HUD_Bars.HUD_Bars_C:Get_BlutBalken_Percent_0


[2016.12.10-17.23.59:349][401]LogScriptCore:Warning: Divide by zero
Script call stack:
	Function /Game/HUD/HUD_Bars.HUD_Bars_C:Get_BlutBalken_Percent_0


[2016.12.10-17.23.59:362][402]LogScriptCore:Warning: Divide by zero
Script call stack:
	Function /Game/HUD/HUD_Bars.HUD_Bars_C:Get_BlutBalken_Percent_0


[2016.12.10-17.23.59:378][403]LogScriptCore:Warning: Divide by zero
Script call stack:
	Function /Game/HUD/HUD_Bars.HUD_Bars_C:Get_BlutBalken_Percent_0


[2016.12.10-17.23.59:393][404]LogScriptCore:Warning: Divide by zero
Script call stack:
	Function /Game/HUD/HUD_Bars.HUD_Bars_C:Get_BlutBalken_Percent_0


[2016.12.10-17.23.59:408][405]LogScriptCore:Warning: Divide by zero
Script call stack:
	Function /Game/HUD/HUD_Bars.HUD_Bars_C:Get_BlutBalken_Percent_0


[2016.12.10-17.23.59:421][406]LogScriptCore:Warning: Divide by zero
Script call stack:
	Function /Game/HUD/HUD_Bars.HUD_Bars_C:Get_BlutBalken_Percent_0


[2016.12.10-17.23.59:436][407]LogScriptCore:Warning: Divide by zero
Script call stack:
	Function /Game/HUD/HUD_Bars.HUD_Bars_C:Get_BlutBalken_Percent_0


[2016.12.10-17.23.59:450][408]LogScriptCore:Warning: Divide by zero
Script call stack:
	Function /Game/HUD/HUD_Bars.HUD_Bars_C:Get_BlutBalken_Percent_0


[2016.12.10-17.23.59:462][409]LogScriptCore:Warning: Divide by zero
Script call stack:
	Function /Game/HUD/HUD_Bars.HUD_Bars_C:Get_BlutBalken_Percent_0


[2016.12.10-17.23.59:479][410]LogScriptCore:Warning: Divide by zero
Script call stack:
	Function /Game/HUD/HUD_Bars.HUD_Bars_C:Get_BlutBalken_Percent_0


[2016.12.10-17.23.59:491][411]LogScriptCore:Warning: Divide by zero
Script call stack:
	Function /Game/HUD/HUD_Bars.HUD_Bars_C:Get_BlutBalken_Percent_0


[2016.12.10-17.23.59:508][412]LogScriptCore:Warning: Divide by zero
Script call stack:
	Function /Game/HUD/HUD_Bars.HUD_Bars_C:Get_BlutBalken_Percent_0


[2016.12.10-17.23.59:521][413]LogScriptCore:Warning: Divide by zero
Script call stack:
	Function /Game/HUD/HUD_Bars.HUD_Bars_C:Get_BlutBalken_Percent_0


[2016.12.10-17.23.59:537][414]LogScriptCore:Warning: Divide by zero
Script call stack:
	Function /Game/HUD/HUD_Bars.HUD_Bars_C:Get_BlutBalken_Percent_0


[2016.12.10-17.23.59:550][415]LogScriptCore:Warning: Divide by zero
Script call stack:
	Function /Game/HUD/HUD_Bars.HUD_Bars_C:Get_BlutBalken_Percent_0


[2016.12.10-17.23.59:562][416]LogScriptCore:Warning: Divide by zero
Script call stack:
	Function /Game/HUD/HUD_Bars.HUD_Bars_C:Get_BlutBalken_Percent_0


[2016.12.10-17.23.59:577][417]LogScriptCore:Warning: Divide by zero
Script call stack:
	Function /Game/HUD/HUD_Bars.HUD_Bars_C:Get_BlutBalken_Percent_0


[2016.12.10-17.23.59:590][418]LogScriptCore:Warning: Divide by zero
Script call stack:
	Function /Game/HUD/HUD_Bars.HUD_Bars_C:Get_BlutBalken_Percent_0


[2016.12.10-17.23.59:607][419]LogScriptCore:Warning: Divide by zero
Script call stack:
	Function /Game/HUD/HUD_Bars.HUD_Bars_C:Get_BlutBalken_Percent_0


[2016.12.10-17.23.59:619][420]LogScriptCore:Warning: Divide by zero
Script call stack:
	Function /Game/HUD/HUD_Bars.HUD_Bars_C:Get_BlutBalken_Percent_0


[2016.12.10-17.23.59:635][421]LogScriptCore:Warning: Divide by zero
Script call stack:
	Function /Game/HUD/HUD_Bars.HUD_Bars_C:Get_BlutBalken_Percent_0


[2016.12.10-17.23.59:649][422]LogScriptCore:Warning: Divide by zero
Script call stack:
	Function /Game/HUD/HUD_Bars.HUD_Bars_C:Get_BlutBalken_Percent_0


[2016.12.10-17.23.59:662][423]LogScriptCore:Warning: Divide by zero
Script call stack:
	Function /Game/HUD/HUD_Bars.HUD_Bars_C:Get_BlutBalken_Percent_0


[2016.12.10-17.23.59:676][424]LogScriptCore:Warning: Divide by zero
Script call stack:
	Function /Game/HUD/HUD_Bars.HUD_Bars_C:Get_BlutBalken_Percent_0


[2016.12.10-17.23.59:692][425]LogScriptCore:Warning: Divide by zero
Script call stack:
	Function /Game/HUD/HUD_Bars.HUD_Bars_C:Get_BlutBalken_Percent_0


[2016.12.10-17.23.59:709][426]LogScriptCore:Warning: Divide by zero
Script call stack:
	Function /Game/HUD/HUD_Bars.HUD_Bars_C:Get_BlutBalken_Percent_0


[2016.12.10-17.23.59:722][427]LogScriptCore:Warning: Divide by zero
Script call stack:
	Function /Game/HUD/HUD_Bars.HUD_Bars_C:Get_BlutBalken_Percent_0


[2016.12.10-17.23.59:735][428]LogScriptCore:Warning: Divide by zero
Script call stack:
	Function /Game/HUD/HUD_Bars.HUD_Bars_C:Get_BlutBalken_Percent_0


[2016.12.10-17.23.59:750][429]LogScriptCore:Warning: Divide by zero
Script call stack:
	Function /Game/HUD/HUD_Bars.HUD_Bars_C:Get_BlutBalken_Percent_0


[2016.12.10-17.23.59:766][430]LogScriptCore:Warning: Divide by zero
Script call stack:
	Function /Game/HUD/HUD_Bars.HUD_Bars_C:Get_BlutBalken_Percent_0


[2016.12.10-17.23.59:778][431]LogScriptCore:Warning: Divide by zero
Script call stack:
	Function /Game/HUD/HUD_Bars.HUD_Bars_C:Get_BlutBalken_Percent_0


[2016.12.10-17.23.59:794][432]LogScriptCore:Warning: Divide by zero
Script call stack:
	Function /Game/HUD/HUD_Bars.HUD_Bars_C:Get_BlutBalken_Percent_0


[2016.12.10-17.23.59:809][433]LogScriptCore:Warning: Divide by zero
Script call stack:
	Function /Game/HUD/HUD_Bars.HUD_Bars_C:Get_BlutBalken_Percent_0


[2016.12.10-17.23.59:823][434]LogScriptCore:Warning: Divide by zero
Script call stack:
	Function /Game/HUD/HUD_Bars.HUD_Bars_C:Get_BlutBalken_Percent_0


[2016.12.10-17.23.59:838][435]LogScriptCore:Warning: Divide by zero
Script call stack:
	Function /Game/HUD/HUD_Bars.HUD_Bars_C:Get_BlutBalken_Percent_0


[2016.12.10-17.23.59:838][435]LogScriptCore:Warning: Divide by zero
Script call stack:
	Function /Game/HUD/HUD_Bars.HUD_Bars_C:Get_BlutBalken_Percent_0


[2016.12.10-17.23.59:851][436]LogScriptCore:Warning: Divide by zero
Script call stack:
	Function /Game/HUD/HUD_Bars.HUD_Bars_C:Get_BlutBalken_Percent_0


[2016.12.10-17.23.59:867][437]LogScriptCore:Warning: Divide by zero
Script call stack:
	Function /Game/HUD/HUD_Bars.HUD_Bars_C:Get_BlutBalken_Percent_0


[2016.12.10-17.23.59:879][438]LogScriptCore:Warning: Divide by zero
Script call stack:
	Function /Game/HUD/HUD_Bars.HUD_Bars_C:Get_BlutBalken_Percent_0


[2016.12.10-17.23.59:896][439]LogScriptCore:Warning: Divide by zero
Script call stack:
	Function /Game/HUD/HUD_Bars.HUD_Bars_C:Get_BlutBalken_Percent_0


[2016.12.10-17.23.59:910][440]LogScriptCore:Warning: Divide by zero
Script call stack:
	Function /Game/HUD/HUD_Bars.HUD_Bars_C:Get_BlutBalken_Percent_0


[2016.12.10-17.23.59:927][441]LogScriptCore:Warning: Divide by zero
Script call stack:
	Function /Game/HUD/HUD_Bars.HUD_Bars_C:Get_BlutBalken_Percent_0


[2016.12.10-17.23.59:939][442]LogScriptCore:Warning: Divide by zero
Script call stack:
	Function /Game/HUD/HUD_Bars.HUD_Bars_C:Get_BlutBalken_Percent_0


[2016.12.10-17.23.59:954][443]LogScriptCore:Warning: Divide by zero
Script call stack:
	Function /Game/HUD/HUD_Bars.HUD_Bars_C:Get_BlutBalken_Percent_0


[2016.12.10-17.23.59:968][444]LogScriptCore:Warning: Divide by zero
Script call stack:
	Function /Game/HUD/HUD_Bars.HUD_Bars_C:Get_BlutBalken_Percent_0


[2016.12.10-17.23.59:983][445]LogScriptCore:Warning: Divide by zero
Script call stack:
	Function /Game/HUD/HUD_Bars.HUD_Bars_C:Get_BlutBalken_Percent_0


[2016.12.10-17.23.59:996][446]LogScriptCore:Warning: Divide by zero
Script call stack:
	Function /Game/HUD/HUD_Bars.HUD_Bars_C:Get_BlutBalken_Percent_0


[2016.12.10-17.24.00:008][447]LogScriptCore:Warning: Divide by zero
Script call stack:
	Function /Game/HUD/HUD_Bars.HUD_Bars_C:Get_BlutBalken_Percent_0


[2016.12.10-17.24.00:025][448]LogScriptCore:Warning: Divide by zero
Script call stack:
	Function /Game/HUD/HUD_Bars.HUD_Bars_C:Get_BlutBalken_Percent_0


[2016.12.10-17.24.00:038][449]LogScriptCore:Warning: Divide by zero
Script call stack:
	Function /Game/HUD/HUD_Bars.HUD_Bars_C:Get_BlutBalken_Percent_0


[2016.12.10-17.24.00:054][450]LogScriptCore:Warning: Divide by zero
Script call stack:
	Function /Game/HUD/HUD_Bars.HUD_Bars_C:Get_BlutBalken_Percent_0


[2016.12.10-17.24.00:068][451]LogScriptCore:Warning: Divide by zero
Script call stack:
	Function /Game/HUD/HUD_Bars.HUD_Bars_C:Get_BlutBalken_Percent_0


[2016.12.10-17.24.00:082][452]LogScriptCore:Warning: Divide by zero
Script call stack:
	Function /Game/HUD/HUD_Bars.HUD_Bars_C:Get_BlutBalken_Percent_0


[2016.12.10-17.24.00:094][453]LogScriptCore:Warning: Divide by zero
Script call stack:
	Function /Game/HUD/HUD_Bars.HUD_Bars_C:Get_BlutBalken_Percent_0


[2016.12.10-17.24.00:110][454]LogScriptCore:Warning: Divide by zero
Script call stack:
	Function /Game/HUD/HUD_Bars.HUD_Bars_C:Get_BlutBalken_Percent_0


[2016.12.10-17.24.00:123][455]LogScriptCore:Warning: Divide by zero
Script call stack:
	Function /Game/HUD/HUD_Bars.HUD_Bars_C:Get_BlutBalken_Percent_0


[2016.12.10-17.24.00:140][456]LogScriptCore:Warning: Divide by zero
Script call stack:
	Function /Game/HUD/HUD_Bars.HUD_Bars_C:Get_BlutBalken_Percent_0


[2016.12.10-17.24.00:156][457]LogScriptCore:Warning: Divide by zero
Script call stack:
	Function /Game/HUD/HUD_Bars.HUD_Bars_C:Get_BlutBalken_Percent_0


[2016.12.10-17.24.00:169][458]LogScriptCore:Warning: Divide by zero
Script call stack:
	Function /Game/HUD/HUD_Bars.HUD_Bars_C:Get_BlutBalken_Percent_0


[2016.12.10-17.24.00:184][459]LogScriptCore:Warning: Divide by zero
Script call stack:
	Function /Game/HUD/HUD_Bars.HUD_Bars_C:Get_BlutBalken_Percent_0


[2016.12.10-17.24.00:196][460]LogScriptCore:Warning: Divide by zero
Script call stack:
	Function /Game/HUD/HUD_Bars.HUD_Bars_C:Get_BlutBalken_Percent_0


[2016.12.10-17.24.00:209][461]LogScriptCore:Warning: Divide by zero
Script call stack:
	Function /Game/HUD/HUD_Bars.HUD_Bars_C:Get_BlutBalken_Percent_0


[2016.12.10-17.24.00:225][462]LogScriptCore:Warning: Divide by zero
Script call stack:
	Function /Game/HUD/HUD_Bars.HUD_Bars_C:Get_BlutBalken_Percent_0


[2016.12.10-17.24.00:241][463]LogScriptCore:Warning: Divide by zero
Script call stack:
	Function /Game/HUD/HUD_Bars.HUD_Bars_C:Get_BlutBalken_Percent_0


[2016.12.10-17.24.00:257][464]LogScriptCore:Warning: Divide by zero
Script call stack:
	Function /Game/HUD/HUD_Bars.HUD_Bars_C:Get_BlutBalken_Percent_0


[2016.12.10-17.24.00:271][465]LogScriptCore:Warning: Divide by zero
Script call stack:
	Function /Game/HUD/HUD_Bars.HUD_Bars_C:Get_BlutBalken_Percent_0


[2016.12.10-17.24.00:285][466]LogScriptCore:Warning: Divide by zero
Script call stack:
	Function /Game/HUD/HUD_Bars.HUD_Bars_C:Get_BlutBalken_Percent_0


[2016.12.10-17.24.00:301][467]LogScriptCore:Warning: Divide by zero
Script call stack:
	Function /Game/HUD/HUD_Bars.HUD_Bars_C:Get_BlutBalken_Percent_0


[2016.12.10-17.24.00:313][468]LogScriptCore:Warning: Divide by zero
Script call stack:
	Function /Game/HUD/HUD_Bars.HUD_Bars_C:Get_BlutBalken_Percent_0


[2016.12.10-17.24.00:326][469]LogScriptCore:Warning: Divide by zero
Script call stack:
	Function /Game/HUD/HUD_Bars.HUD_Bars_C:Get_BlutBalken_Percent_0


[2016.12.10-17.24.00:340][470]LogScriptCore:Warning: Divide by zero
Script call stack:
	Function /Game/HUD/HUD_Bars.HUD_Bars_C:Get_BlutBalken_Percent_0


[2016.12.10-17.24.00:356][471]LogScriptCore:Warning: Divide by zero
Script call stack:
	Function /Game/HUD/HUD_Bars.HUD_Bars_C:Get_BlutBalken_Percent_0


[2016.12.10-17.24.00:373][472]LogScriptCore:Warning: Divide by zero
Script call stack:
	Function /Game/HUD/HUD_Bars.HUD_Bars_C:Get_BlutBalken_Percent_0


[2016.12.10-17.24.00:385][473]LogScriptCore:Warning: Divide by zero
Script call stack:
	Function /Game/HUD/HUD_Bars.HUD_Bars_C:Get_BlutBalken_Percent_0


[2016.12.10-17.24.00:400][474]LogScriptCore:Warning: Divide by zero
Script call stack:
	Function /Game/HUD/HUD_Bars.HUD_Bars_C:Get_BlutBalken_Percent_0


[2016.12.10-17.24.00:416][475]LogScriptCore:Warning: Divide by zero
Script call stack:
	Function /Game/HUD/HUD_Bars.HUD_Bars_C:Get_BlutBalken_Percent_0


[2016.12.10-17.24.00:430][476]LogScriptCore:Warning: Divide by zero
Script call stack:
	Function /Game/HUD/HUD_Bars.HUD_Bars_C:Get_BlutBalken_Percent_0


[2016.12.10-17.24.00:445][477]LogScriptCore:Warning: Divide by zero
Script call stack:
	Function /Game/HUD/HUD_Bars.HUD_Bars_C:Get_BlutBalken_Percent_0


[2016.12.10-17.24.00:459][478]LogScriptCore:Warning: Divide by zero
Script call stack:
	Function /Game/HUD/HUD_Bars.HUD_Bars_C:Get_BlutBalken_Percent_0


[2016.12.10-17.24.00:475][479]LogScriptCore:Warning: Divide by zero
Script call stack:
	Function /Game/HUD/HUD_Bars.HUD_Bars_C:Get_BlutBalken_Percent_0


[2016.12.10-17.24.00:490][480]LogScriptCore:Warning: Divide by zero
Script call stack:
	Function /Game/HUD/HUD_Bars.HUD_Bars_C:Get_BlutBalken_Percent_0


[2016.12.10-17.24.00:504][481]LogScriptCore:Warning: Divide by zero
Script call stack:
	Function /Game/HUD/HUD_Bars.HUD_Bars_C:Get_BlutBalken_Percent_0


[2016.12.10-17.24.00:519][482]LogScriptCore:Warning: Divide by zero
Script call stack:
	Function /Game/HUD/HUD_Bars.HUD_Bars_C:Get_BlutBalken_Percent_0


[2016.12.10-17.24.00:533][483]LogScriptCore:Warning: Divide by zero
Script call stack:
	Function /Game/HUD/HUD_Bars.HUD_Bars_C:Get_BlutBalken_Percent_0


[2016.12.10-17.24.00:548][484]LogScriptCore:Warning: Divide by zero
Script call stack:
	Function /Game/HUD/HUD_Bars.HUD_Bars_C:Get_BlutBalken_Percent_0


[2016.12.10-17.24.00:560][485]LogScriptCore:Warning: Divide by zero
Script call stack:
	Function /Game/HUD/HUD_Bars.HUD_Bars_C:Get_BlutBalken_Percent_0


[2016.12.10-17.24.00:574][486]LogScriptCore:Warning: Divide by zero
Script call stack:
	Function /Game/HUD/HUD_Bars.HUD_Bars_C:Get_BlutBalken_Percent_0


[2016.12.10-17.24.00:589][487]LogScriptCore:Warning: Divide by zero
Script call stack:
	Function /Game/HUD/HUD_Bars.HUD_Bars_C:Get_BlutBalken_Percent_0


[2016.12.10-17.24.00:602][488]LogScriptCore:Warning: Divide by zero
Script call stack:
	Function /Game/HUD/HUD_Bars.HUD_Bars_C:Get_BlutBalken_Percent_0


[2016.12.10-17.24.00:618][489]LogScriptCore:Warning: Divide by zero
Script call stack:
	Function /Game/HUD/HUD_Bars.HUD_Bars_C:Get_BlutBalken_Percent_0


[2016.12.10-17.24.00:633][490]LogScriptCore:Warning: Divide by zero
Script call stack:
	Function /Game/HUD/HUD_Bars.HUD_Bars_C:Get_BlutBalken_Percent_0


[2016.12.10-17.24.00:645][491]LogScriptCore:Warning: Divide by zero
Script call stack:
	Function /Game/HUD/HUD_Bars.HUD_Bars_C:Get_BlutBalken_Percent_0


[2016.12.10-17.24.00:658][492]LogScriptCore:Warning: Divide by zero
Script call stack:
	Function /Game/HUD/HUD_Bars.HUD_Bars_C:Get_BlutBalken_Percent_0


[2016.12.10-17.24.00:674][493]LogScriptCore:Warning: Divide by zero
Script call stack:
	Function /Game/HUD/HUD_Bars.HUD_Bars_C:Get_BlutBalken_Percent_0


[2016.12.10-17.24.00:681][494]LogBlueprintUserMessages: Early EndPlayMap Detection: Level '/Game/Map/Map.Map:PersistentLevel' has LevelScriptBlueprint '/Game/Map/Map.Map:PersistentLevel.Map' with GeneratedClass '/Game/Map/Map.Map_C' with ClassGeneratedBy '/Game/Map/Map.Map:PersistentLevel.Map'
[2016.12.10-17.24.00:731][494]LogBlueprintUserMessages: Late EndPlayMap Detection: Level '/Game/Map/Map.Map:PersistentLevel' has LevelScriptBlueprint '/Game/Map/Map.Map:PersistentLevel.Map' with GeneratedClass '/Game/Map/Map.Map_C' with ClassGeneratedBy '/Game/Map/Map.Map:PersistentLevel.Map'
[2016.12.10-17.24.14:395][141]SourceControl: Info fatal: E:/Program Files (x86)/Epic Games/4.12/Engine/Content/ArtTools/RenderToTexture/Blueprints/RenderToTexture_Game.uasset: 'E:/Program Files (x86)/Epic Games/4.12/Engine/Content/ArtTools/RenderToTexture/Blueprints/RenderToTexture_Game.uasset' is outside repository
[2016.12.10-17.24.15:417][190]LogBlueprintUserMessages: Early PlayInEditor Detection: Level '/Game/Map/Map.Map:PersistentLevel' has LevelScriptBlueprint '/Game/Map/Map.Map:PersistentLevel.Map' with GeneratedClass '/Game/Map/Map.Map_C' with ClassGeneratedBy '/Game/Map/Map.Map:PersistentLevel.Map'
[2016.12.10-17.24.15:417][190]LogPlayLevel: PlayLevel: No blueprints needed recompiling
[2016.12.10-17.24.15:417][190]PIE: New page: PIE session: Map (Dec 10, 2016, 7:24:15 PM)
[2016.12.10-17.24.15:417][190]LogPlayLevel: Creating play world package: /Game/Map/UEDPIE_0_Map
[2016.12.10-17.24.15:473][190]LogPlayLevel: PIE: StaticDuplicateObject took: (0.055953s)
[2016.12.10-17.24.15:475][190]LogAIModule: Creating AISystem for world Map
[2016.12.10-17.24.15:475][190]LogPlayLevel: PIE: World Init took: (0.002228s)
[2016.12.10-17.24.15:476][190]LogPlayLevel: PIE: Created PIE world by copying editor world from /Game/Map/Map.Map to /Game/Map/UEDPIE_0_Map.Map (0.058514s)
[2016.12.10-17.24.15:499][190]LogInit: XAudio2 using 'Lautsprecher (2- Realtek High Definition Audio)' : 6 channels at 48 kHz using 32 bits per sample (channel mask 0x3f)
[2016.12.10-17.24.15:510][190]LogInit: FAudioDevice initialized.
[2016.12.10-17.24.15:578][190]LogWorld: Game class is 'RenderToTexture_Game_C'
[2016.12.10-17.24.15:592][190]LogWorld: Bringing World /Game/Map/UEDPIE_0_Map.Map up for play (max tick rate 0) at 2016.12.10-18.24.15
[2016.12.10-17.24.15:594][190]LogWorld: Bringing up level for play took: 0.013587
[2016.12.10-17.24.15:598][190]PIE: Info Play in editor start time for /Game/Map/UEDPIE_0_Map 0.076
[2016.12.10-17.24.15:598][190]LogBlueprintUserMessages: Late PlayInEditor Detection: Level '/Game/Map/Map.Map:PersistentLevel' has LevelScriptBlueprint '/Game/Map/Map.Map:PersistentLevel.Map' with GeneratedClass '/Game/Map/Map.Map_C' with ClassGeneratedBy '/Game/Map/Map.Map:PersistentLevel.Map'
[2016.12.10-17.24.16:936][286]LogBlueprintUserMessages: [AI_44] Hab dich
[2016.12.10-17.24.29:429][158]LogBlueprintUserMessages: [AI_44] Wo bist du ?
[2016.12.10-17.24.29:929][194]LogBlueprintUserMessages: [AI_44] Wo bist du ?
[2016.12.10-17.24.30:444][231]LogBlueprintUserMessages: [AI_44] Wo bist du ?
[2016.12.10-17.24.35:479][584]LogBlueprintUserMessages: [AI_44] Wo bist du ?
[2016.12.10-17.24.36:393][647]LogBlueprintUserMessages: [AI_44] Wo bist du ?
[2016.12.10-17.24.36:494][654]LogBlueprintUserMessages: [AI_44] Wo bist du ?
[2016.12.10-17.24.37:001][689]LogBlueprintUserMessages: [AI_44] Wo bist du ?
[2016.12.10-17.41.57:352][878]LogBlueprintUserMessages: Early EndPlayMap Detection: Level '/Game/Map/Map.Map:PersistentLevel' has LevelScriptBlueprint '/Game/Map/Map.Map:PersistentLevel.Map' with GeneratedClass '/Game/Map/Map.Map_C' with ClassGeneratedBy '/Game/Map/Map.Map:PersistentLevel.Map'
[2016.12.10-17.41.57:391][878]LogBlueprintUserMessages: Late EndPlayMap Detection: Level '/Game/Map/Map.Map:PersistentLevel' has LevelScriptBlueprint '/Game/Map/Map.Map:PersistentLevel.Map' with GeneratedClass '/Game/Map/Map.Map_C' with ClassGeneratedBy '/Game/Map/Map.Map:PersistentLevel.Map'
[2016.12.10-17.50.19:681][534]LogFileHelpers: Editor autosave (incl. sublevels) for '/Game/Map/Map' took 0.019
[2016.12.10-17.50.19:691][534]OBJ SavePackage: Generating thumbnails for [0] asset(s) in package [/Engine/ArtTools/RenderToTexture/Blueprints/RenderToTexture_Game] ([1] browsable assets)...
[2016.12.10-17.50.19:691][534]OBJ SavePackage: Finished generating thumbnails for package [/Engine/ArtTools/RenderToTexture/Blueprints/RenderToTexture_Game]
[2016.12.10-17.50.19:730][534]LogSavePackage: Save=16.37ms
[2016.12.10-17.50.19:730][534]LogSavePackage: Moving '../../../../../../Users/Alquesh/Documents/Unreal Projects/project_nomad/Project_Nomand/Saved/RenderToTexture_Game_Auto153BB9CA648F2C94C35AF4BB768B0FBEC.tmp' to '../../../../../../Users/Alquesh/Documents/Unreal Projects/project_nomad/Project_Nomand/Saved/Autosaves/Engine/ArtTools/RenderToTexture/Blueprints/RenderToTexture_Game_Auto1.uasset'
[2016.12.10-17.50.19:738][534]LogSavePackage:Display: Finished SavePackage ../../../../../../Users/Alquesh/Documents/Unreal Projects/project_nomad/Project_Nomand/Saved/Autosaves/Engine/ArtTools/RenderToTexture/Blueprints/RenderToTexture_Game_Auto1.uasset
[2016.12.10-17.50.19:738][534]LogFileHelpers: Auto-saving content packages took 0.056
[2016.12.10-18.05.40:857][424]LogBlueprintUserMessages: Early PlayInEditor Detection: Level '/Game/Map/Map.Map:PersistentLevel' has LevelScriptBlueprint '/Game/Map/Map.Map:PersistentLevel.Map' with GeneratedClass '/Game/Map/Map.Map_C' with ClassGeneratedBy '/Game/Map/Map.Map:PersistentLevel.Map'
[2016.12.10-18.05.40:857][424]LogPlayLevel: PlayLevel: No blueprints needed recompiling
[2016.12.10-18.05.40:857][424]PIE: New page: PIE session: Map (Dec 10, 2016, 8:05:40 PM)
[2016.12.10-18.05.40:857][424]LogPlayLevel: Creating play world package: /Game/Map/UEDPIE_0_Map
[2016.12.10-18.05.40:921][424]LogPlayLevel: PIE: StaticDuplicateObject took: (0.064348s)
[2016.12.10-18.05.40:922][424]LogAIModule: Creating AISystem for world Map
[2016.12.10-18.05.40:922][424]LogPlayLevel: PIE: World Init took: (0.001096s)
[2016.12.10-18.05.40:923][424]LogPlayLevel: PIE: Created PIE world by copying editor world from /Game/Map/Map.Map to /Game/Map/UEDPIE_0_Map.Map (0.065708s)
[2016.12.10-18.05.40:949][424]LogInit: XAudio2 using 'Lautsprecher (2- Realtek High Definition Audio)' : 6 channels at 48 kHz using 32 bits per sample (channel mask 0x3f)
[2016.12.10-18.05.40:964][424]LogInit: FAudioDevice initialized.
[2016.12.10-18.05.41:033][424]LogWorld: Game class is 'RenderToTexture_Game_C'
[2016.12.10-18.05.41:048][424]LogWorld: Bringing World /Game/Map/UEDPIE_0_Map.Map up for play (max tick rate 0) at 2016.12.10-19.05.41
[2016.12.10-18.05.41:051][424]LogWorld: Bringing up level for play took: 0.015505
[2016.12.10-18.05.41:055][424]PIE: Info Play in editor start time for /Game/Map/UEDPIE_0_Map -0.507
[2016.12.10-18.05.41:055][424]LogBlueprintUserMessages: Late PlayInEditor Detection: Level '/Game/Map/Map.Map:PersistentLevel' has LevelScriptBlueprint '/Game/Map/Map.Map:PersistentLevel.Map' with GeneratedClass '/Game/Map/Map.Map_C' with ClassGeneratedBy '/Game/Map/Map.Map:PersistentLevel.Map'
[2016.12.10-18.05.43:913][626]LogBlueprintUserMessages: Early EndPlayMap Detection: Level '/Game/Map/Map.Map:PersistentLevel' has LevelScriptBlueprint '/Game/Map/Map.Map:PersistentLevel.Map' with GeneratedClass '/Game/Map/Map.Map_C' with ClassGeneratedBy '/Game/Map/Map.Map:PersistentLevel.Map'
[2016.12.10-18.05.43:951][626]LogBlueprintUserMessages: Late EndPlayMap Detection: Level '/Game/Map/Map.Map:PersistentLevel' has LevelScriptBlueprint '/Game/Map/Map.Map:PersistentLevel.Map' with GeneratedClass '/Game/Map/Map.Map_C' with ClassGeneratedBy '/Game/Map/Map.Map:PersistentLevel.Map'
[2016.12.10-18.05.57:111][201]SourceControl: Info fatal: E:/Program Files (x86)/Epic Games/4.12/Engine/Content/ArtTools/RenderToTexture/Blueprints/RenderToTexture_Game.uasset: 'E:/Program Files (x86)/Epic Games/4.12/Engine/Content/ArtTools/RenderToTexture/Blueprints/RenderToTexture_Game.uasset' is outside repository
[2016.12.10-18.05.57:165][201]Cmd: OBJ SAVEPACKAGE PACKAGE="/Engine/ArtTools/RenderToTexture/Blueprints/RenderToTexture_Game" FILE="../../../Engine/Content/ArtTools/RenderToTexture/Blueprints/RenderToTexture_Game.uasset" SILENT=true
[2016.12.10-18.05.57:204][201]LogSavePackage: Save=16.94ms
[2016.12.10-18.05.57:204][201]LogSavePackage: Moving '../../../../../../Users/Alquesh/Documents/Unreal Projects/project_nomad/Project_Nomand/Saved/RenderToTexture_Game8C8539BB4DFEBF4F88099AA3E90C986A.tmp' to '../../../Engine/Content/ArtTools/RenderToTexture/Blueprints/RenderToTexture_Game.uasset'
[2016.12.10-18.05.57:217][201]LogSavePackage:Display: Finished SavePackage ../../../Engine/Content/ArtTools/RenderToTexture/Blueprints/RenderToTexture_Game.uasset
[2016.12.10-18.05.58:853][282]SourceControl: Info fatal: E:/Program Files (x86)/Epic Games/4.12/Engine/Content/ArtTools/RenderToTexture/Blueprints/RenderToTexture_Game.uasset: 'E:/Program Files (x86)/Epic Games/4.12/Engine/Content/ArtTools/RenderToTexture/Blueprints/RenderToTexture_Game.uasset' is outside repository
[2016.12.10-18.06.02:245][441]SourceControl: Info fatal: E:/Program Files (x86)/Epic Games/4.12/Engine/Content/: 'E:/Program Files (x86)/Epic Games/4.12/Engine/Content/' is outside repository
[2016.12.10-18.06.26:375][441]LogSourceControl: FGitCheckInWorker: commit successful
[2016.12.10-18.06.27:143][441]SourceControl: Info [master 3e34d8b] work on ai
[2016.12.10-18.06.27:143][441]SourceControl: Info  8 files changed, 0 insertions(+), 0 deletions(-)
[2016.12.10-18.06.27:143][441]SourceControl: Info  create mode 100644 Project_Nomand/Content/Character/AI/AI.uasset
[2016.12.10-18.06.27:143][441]SourceControl: Info  create mode 100644 Project_Nomand/Content/Character/AI/AI_Blackboard.uasset
[2016.12.10-18.06.27:143][441]SourceControl: Info  create mode 100644 Project_Nomand/Content/Character/AI/AgroCheck.uasset
[2016.12.10-18.06.27:143][441]SourceControl: Info  create mode 100644 Project_Nomand/Content/Character/AI/CloseEnough.uasset
[2016.12.10-18.06.27:143][441]SourceControl: Info  create mode 100644 Project_Nomand/Content/Character/AI/MyAIController.uasset
[2016.12.10-18.06.27:143][441]SourceControl: Info  create mode 100644 Project_Nomand/Content/Character/AI/Patrol_BT.uasset
[2016.12.10-18.06.27:143][441]SourceControl: Info  create mode 100644 Project_Nomand/Content/Character/AI/RapidMoveTo.uasset
[2016.12.10-18.06.27:155][441]SourceControl: Info Commited [master 3e34d8b] work on ai.
[2016.12.10-18.07.39:556][482]Cmd: QUIT_EDITOR
[2016.12.10-18.07.39:759][482]LogExit: Preparing to exit.
[2016.12.10-18.07.40:892][482]LogExit: Editor shut down
[2016.12.10-18.07.40:893][482]LogExit: Transaction tracking system shut down
[2016.12.10-18.07.41:058][482]LogObj: Freed 0b from 0 cluster array pools.
[2016.12.10-18.07.41:058][482]LogExit: Object subsystem successfully closed.
[2016.12.10-18.07.41:077][482]LogD3D11RHI: Shutdown
[2016.12.10-18.07.41:077][482]LogD3D11RHI: CleanupD3DDevice
[2016.12.10-18.07.41:128][482]LogD3D11RHI: ~FD3D11DynamicRHI
[2016.12.10-18.07.41:143][482]LogModuleManager: Shutting down and abandoning module MovieSceneCapture (215)
[2016.12.10-18.07.41:143][482]LogModuleManager: Shutting down and abandoning module ExternalImagePicker (214)
[2016.12.10-18.07.41:143][482]LogModuleManager: Shutting down and abandoning module HierarchicalLODOutliner (213)
[2016.12.10-18.07.41:143][482]LogModuleManager: Shutting down and abandoning module CrashTracker (212)
[2016.12.10-18.07.41:143][482]LogModuleManager: Shutting down and abandoning module SceneOutliner (211)
[2016.12.10-18.07.41:143][482]LogModuleManager: Shutting down and abandoning module WidgetCarousel (210)
[2016.12.10-18.07.41:143][482]LogModuleManager: Shutting down and abandoning module AddContentDialog (209)
[2016.12.10-18.07.41:145][482]LogModuleManager: Shutting down and abandoning module GameplayTags (208)
[2016.12.10-18.07.41:145][482]LogModuleManager: Shutting down and abandoning module EditorWidgets (207)
[2016.12.10-18.07.41:145][482]LogModuleManager: Shutting down and abandoning module CollectionManager (206)
[2016.12.10-18.07.41:145][482]LogModuleManager: Shutting down and abandoning module StatsViewer (205)
[2016.12.10-18.07.41:145][482]LogModuleManager: Shutting down and abandoning module FoliageEdit (204)
[2016.12.10-18.07.41:145][482]LogModuleManager: Shutting down and abandoning module LandscapeEditor (203)
[2016.12.10-18.07.41:145][482]LogModuleManager: Shutting down and abandoning module SceneDepthPickerMode (202)
[2016.12.10-18.07.41:145][482]LogModuleManager: Shutting down and abandoning module ActorPickerMode (201)
[2016.12.10-18.07.41:145][482]LogModuleManager: Shutting down and abandoning module GeometryMode (200)
[2016.12.10-18.07.41:145][482]LogModuleManager: Shutting down and abandoning module TextureAlignMode (199)
[2016.12.10-18.07.41:145][482]LogModuleManager: Shutting down and abandoning module BspMode (198)
[2016.12.10-18.07.41:145][482]LogModuleManager: Shutting down and abandoning module HardwareSurvey (197)
[2016.12.10-18.07.41:145][482]LogModuleManager: Shutting down and abandoning module SequenceRecorderSections (196)
[2016.12.10-18.07.41:145][482]LogModuleManager: Shutting down and abandoning module SequenceRecorder (195)
[2016.12.10-18.07.41:145][482]LogModuleManager: Shutting down and abandoning module AutomationWorker (194)
[2016.12.10-18.07.41:145][482]LogModuleManager: Shutting down and abandoning module MatineeToLevelSequence (193)
[2016.12.10-18.07.41:145][482]LogModuleManager: Shutting down and abandoning module PlacementMode (192)
[2016.12.10-18.07.41:146][482]LogModuleManager: Shutting down and abandoning module LevelSequenceEditor (191)
[2016.12.10-18.07.41:146][482]LogModuleManager: Shutting down and abandoning module CharacterAI (190)
[2016.12.10-18.07.41:146][482]LogModuleManager: Shutting down and abandoning module SmartSnapping (189)
[2016.12.10-18.07.41:146][482]LogModuleManager: Shutting down and abandoning module SessionServices (188)
[2016.12.10-18.07.41:146][482]LogModuleManager: Shutting down and abandoning module ViewportSnapping (187)
[2016.12.10-18.07.41:146][482]LogModuleManager: Shutting down and abandoning module LogVisualizer (186)
[2016.12.10-18.07.41:146][482]LogModuleManager: Shutting down and abandoning module GameProjectGeneration (185)
[2016.12.10-18.07.41:146][482]LogModuleManager: Shutting down and abandoning module IntroTutorials (184)
[2016.12.10-18.07.41:146][482]LogModuleManager: Shutting down and abandoning module EditorLiveStreaming (183)
[2016.12.10-18.07.41:146][482]LogModuleManager: Shutting down and abandoning module IOSPlatformEditor (182)
[2016.12.10-18.07.41:146][482]LogModuleManager: Shutting down and abandoning module HTML5PlatformEditor (181)
[2016.12.10-18.07.41:146][482]LogModuleManager: Shutting down and abandoning module AndroidDeviceDetection (180)
[2016.12.10-18.07.42:096][482]LogModuleManager: Shutting down and abandoning module AndroidPlatformEditor (179)
[2016.12.10-18.07.42:096][482]LogModuleManager: Shutting down and abandoning module IOSRuntimeSettings (178)
[2016.12.10-18.07.42:096][482]LogModuleManager: Shutting down and abandoning module AndroidRuntimeSettings (177)
[2016.12.10-18.07.42:096][482]LogModuleManager: Shutting down and abandoning module MergeActors (176)
[2016.12.10-18.07.42:096][482]LogModuleManager: Shutting down and abandoning module SizeMap (175)
[2016.12.10-18.07.42:096][482]LogModuleManager: Shutting down and abandoning module TreeMap (174)
[2016.12.10-18.07.42:096][482]LogModuleManager: Shutting down and abandoning module ReferenceViewer (173)
[2016.12.10-18.07.42:096][482]LogModuleManager: Shutting down and abandoning module LocalizationService (172)
[2016.12.10-18.07.42:096][482]LogModuleManager: Shutting down and abandoning module LocalizationDashboard (171)
[2016.12.10-18.07.42:096][482]LogModuleManager: Shutting down and abandoning module HardwareTargeting (170)
[2016.12.10-18.07.42:096][482]LogModuleManager: Shutting down and abandoning module DeviceProfileEditor (169)
[2016.12.10-18.07.42:096][482]LogModuleManager: Shutting down and abandoning module UndoHistory (168)
[2016.12.10-18.07.42:096][482]LogModuleManager: Shutting down and abandoning module UserFeedback (167)
[2016.12.10-18.07.42:096][482]LogModuleManager: Shutting down and abandoning module XmlParser (166)
[2016.12.10-18.07.42:096][482]LogModuleManager: Shutting down and abandoning module Blutility (165)
[2016.12.10-18.07.42:096][482]LogModuleManager: Shutting down and abandoning module ProjectTargetPlatformEditor (164)
[2016.12.10-18.07.42:097][482]LogModuleManager: Shutting down and abandoning module ProjectSettingsViewer (163)
[2016.12.10-18.07.42:097][482]LogModuleManager: Shutting down and abandoning module InputBindingEditor (162)
[2016.12.10-18.07.42:097][482]LogModuleManager: Shutting down and abandoning module EditorSettingsViewer (161)
[2016.12.10-18.07.42:097][482]LogModuleManager: Shutting down and abandoning module SettingsEditor (160)
[2016.12.10-18.07.42:097][482]LogModuleManager: Shutting down and abandoning module ProjectLauncher (159)
[2016.12.10-18.07.42:097][482]LogModuleManager: Shutting down and abandoning module SessionFrontend (158)
[2016.12.10-18.07.42:097][482]LogModuleManager: Shutting down and abandoning module ProfilerClient (157)
[2016.12.10-18.07.42:097][482]LogModuleManager: Shutting down and abandoning module TargetDeviceServices (156)
[2016.12.10-18.07.42:097][482]LogModuleManager: Shutting down and abandoning module DeviceManager (155)
[2016.12.10-18.07.42:137][482]LogModuleManager: Shutting down and abandoning module AutomationController (154)
[2016.12.10-18.07.42:137][482]LogModuleManager: Shutting down and abandoning module AutomationWindow (153)
[2016.12.10-18.07.42:137][482]LogModuleManager: Shutting down and abandoning module Layers (152)
[2016.12.10-18.07.42:137][482]LogModuleManager: Shutting down and abandoning module ComponentVisualizers (151)
[2016.12.10-18.07.42:137][482]LogModuleManager: Shutting down and abandoning module DetailCustomizations (150)
[2016.12.10-18.07.42:137][482]LogModuleManager: Shutting down and abandoning module PackagesDialog (149)
[2016.12.10-18.07.42:137][482]LogModuleManager: Shutting down and abandoning module Persona (148)
[2016.12.10-18.07.42:137][482]LogModuleManager: Shutting down and abandoning module Kismet (147)
[2016.12.10-18.07.42:137][482]LogModuleManager: Shutting down and abandoning module GraphEditor (146)
[2016.12.10-18.07.42:137][482]LogModuleManager: Shutting down and abandoning module ClassViewer (145)
[2016.12.10-18.07.42:139][482]LogModuleManager: Shutting down and abandoning module Toolbox (144)
[2016.12.10-18.07.42:139][482]LogModuleManager: Shutting down and abandoning module ModuleUI (143)
[2016.12.10-18.07.42:139][482]LogModuleManager: Shutting down and abandoning module MovieSceneTools (142)
[2016.12.10-18.07.42:139][482]LogModuleManager: Shutting down and abandoning module OutputLog (141)
[2016.12.10-18.07.42:139][482]LogModuleManager: Shutting down and abandoning module GammaUI (140)
[2016.12.10-18.07.42:139][482]LogModuleManager: Shutting down and abandoning module Documentation (139)
[2016.12.10-18.07.42:139][482]LogModuleManager: Shutting down and abandoning module StreamingPauseRendering (138)
[2016.12.10-18.07.42:139][482]LogModuleManager: Shutting down and abandoning module AnalyticsET (137)
[2016.12.10-18.07.42:139][482]LogModuleManager: Shutting down and abandoning module Analytics (136)
[2016.12.10-18.07.42:139][482]LogModuleManager: Shutting down and abandoning module PortalServices (135)
[2016.12.10-18.07.42:139][482]LogModuleManager: Shutting down and abandoning module PortalRpc (134)
[2016.12.10-18.07.42:139][482]LogModuleManager: Shutting down and abandoning module MessagingRpc (133)
[2016.12.10-18.07.42:139][482]LogModuleManager: Shutting down and abandoning module GameplayDebugger (132)
[2016.12.10-18.07.42:139][482]LogModuleManager: Shutting down and abandoning module AITestSuite (131)
[2016.12.10-18.07.42:139][482]LogModuleManager: Shutting down and abandoning module AIModule (130)
[2016.12.10-18.07.42:139][482]LogModuleManager: Shutting down and abandoning module ProfilerService (129)
[2016.12.10-18.07.42:331][482]LogModuleManager: Shutting down and abandoning module TaskGraph (128)
[2016.12.10-18.07.42:331][482]LogModuleManager: Shutting down and abandoning module SlateRemote (127)
[2016.12.10-18.07.42:331][482]LogModuleManager: Shutting down and abandoning module SteamVRController (126)
[2016.12.10-18.07.42:331][482]LogModuleManager: Shutting down and abandoning module SteamVR (125)
[2016.12.10-18.07.42:331][482]LogModuleManager: Shutting down and abandoning module ProceduralMeshComponent (124)
[2016.12.10-18.07.42:331][482]LogModuleManager: Shutting down and abandoning module OculusLibrary (123)
[2016.12.10-18.07.42:331][482]LogModuleManager: Shutting down and abandoning module OculusInput (122)
[2016.12.10-18.07.42:331][482]LogModuleManager: Shutting down and abandoning module CustomMeshComponent (121)
[2016.12.10-18.07.42:331][482]LogModuleManager: Shutting down and abandoning module CableComponent (120)
[2016.12.10-18.07.42:332][482]LogModuleManager: Shutting down and abandoning module ArchVisCharacter (119)
[2016.12.10-18.07.42:332][482]LogModuleManager: Shutting down and abandoning module MediaPlayerEditor (118)
[2016.12.10-18.07.42:332][482]LogModuleManager: Shutting down and abandoning module HTML5Networking (117)
[2016.12.10-18.07.42:332][482]LogModuleManager: Shutting down and abandoning module SuperSearch (116)
[2016.12.10-18.07.42:332][482]LogModuleManager: Shutting down and abandoning module SuperSearchEditor (115)
[2016.12.10-18.07.42:332][482]LogModuleManager: Shutting down and abandoning module SpeedTreeImporter (114)
[2016.12.10-18.07.42:332][482]LogModuleManager: Shutting down and abandoning module PluginBrowser (113)
[2016.12.10-18.07.42:332][482]LogModuleManager: Shutting down and abandoning module EpicSurvey (112)
[2016.12.10-18.07.42:332][482]LogModuleManager: Shutting down and abandoning module DesktopPlatform (111)
[2016.12.10-18.07.42:332][482]LogModuleManager: Shutting down and abandoning module VisualStudioSourceCodeAccess (110)
[2016.12.10-18.07.42:332][482]LogModuleManager: Shutting down and abandoning module UObjectPlugin (109)
[2016.12.10-18.07.42:332][482]LogModuleManager: Shutting down and abandoning module SubversionSourceControl (108)
[2016.12.10-18.07.42:332][482]LogModuleManager: Shutting down and abandoning module PerforceSourceControl (107)
[2016.12.10-18.07.42:332][482]LogModuleManager: Shutting down and abandoning module SourceControl (106)
[2016.12.10-18.07.42:332][482]LogModuleManager: Shutting down and abandoning module GitSourceControl (105)
[2016.12.10-18.07.42:332][482]LogModuleManager: Shutting down and abandoning module LightPropagationVolumeEditor (104)
[2016.12.10-18.07.42:332][482]LogModuleManager: Shutting down and abandoning module PaperTiledImporter (103)
[2016.12.10-18.07.42:332][482]LogModuleManager: Shutting down and abandoning module PaperSpriteSheetImporter (102)
[2016.12.10-18.07.42:332][482]LogModuleManager: Shutting down and abandoning module MeshPaint (101)
[2016.12.10-18.07.42:332][482]LogModuleManager: Shutting down and abandoning module PixelInspectorModule (100)
[2016.12.10-18.07.42:332][482]LogModuleManager: Shutting down and abandoning module HotReload (99)
[2016.12.10-18.07.42:335][482]LogModuleManager: Shutting down and abandoning module MainFrame (98)
[2016.12.10-18.07.42:335][482]LogModuleManager: Shutting down and abandoning module LevelEditor (97)
[2016.12.10-18.07.42:336][482]LogModuleManager: Shutting down and abandoning module ContentBrowser (96)
[2016.12.10-18.07.42:337][482]LogModuleManager: Shutting down and abandoning module Paper2DEditor (95)
[2016.12.10-18.07.42:337][482]LogModuleManager: Shutting down and abandoning module UdpMessaging (94)
[2016.12.10-18.07.42:437][482]LogModuleManager: Shutting down and abandoning module LightPropagationVolumeRuntime (93)
[2016.12.10-18.07.42:437][482]LogModuleManager: Shutting down and abandoning module Paper2D (92)
[2016.12.10-18.07.42:437][482]LogModuleManager: Shutting down and abandoning module WindowsMoviePlayer (91)
[2016.12.10-18.07.42:437][482]LogModuleManager: Shutting down and abandoning module Media (90)
[2016.12.10-18.07.42:437][482]LogModuleManager: Shutting down and abandoning module WmfMedia (89)
[2016.12.10-18.07.42:437][482]LogModuleManager: Shutting down and abandoning module MediaAssets (88)
[2016.12.10-18.07.42:437][482]LogModuleManager: Shutting down and abandoning module GameLiveStreaming (87)
[2016.12.10-18.07.42:437][482]LogModuleManager: Shutting down and abandoning module GameplayTagsEditor (86)
[2016.12.10-18.07.42:437][482]LogModuleManager: Shutting down and abandoning module OnlineBlueprintSupport (85)
[2016.12.10-18.07.42:437][482]LogModuleManager: Shutting down and abandoning module VREditor (84)
[2016.12.10-18.07.42:437][482]LogModuleManager: Shutting down and abandoning module GameplayTasksEditor (83)
[2016.12.10-18.07.42:437][482]LogModuleManager: Shutting down and abandoning module PropertyEditor (82)
[2016.12.10-18.07.42:437][482]LogModuleManager: Shutting down and abandoning module BehaviorTreeEditor (81)
[2016.12.10-18.07.42:438][482]LogModuleManager: Shutting down and abandoning module FunctionalTesting (80)
[2016.12.10-18.07.42:438][482]LogModuleManager: Shutting down and abandoning module CollisionAnalyzer (79)
[2016.12.10-18.07.42:438][482]LogModuleManager: Shutting down and abandoning module Sequencer (78)
[2016.12.10-18.07.42:438][482]LogModuleManager: Shutting down and abandoning module WorkspaceMenuStructure (77)
[2016.12.10-18.07.42:438][482]LogModuleManager: Shutting down and abandoning module MessageLog (76)
[2016.12.10-18.07.42:438][482]LogModuleManager: Shutting down and abandoning module AssetTools (75)
[2016.12.10-18.07.42:438][482]LogModuleManager: Shutting down and abandoning module UMGEditor (74)
[2016.12.10-18.07.42:438][482]LogModuleManager: Shutting down and abandoning module UMG (73)
[2016.12.10-18.07.42:438][482]LogModuleManager: Shutting down and abandoning module SlateReflector (72)
[2016.12.10-18.07.42:438][482]LogModuleManager: Shutting down and abandoning module Slate (71)
[2016.12.10-18.07.42:438][482]LogModuleManager: Shutting down and abandoning module EditorStyle (70)
[2016.12.10-18.07.42:441][482]LogModuleManager: Shutting down and abandoning module SourceCodeAccess (69)
[2016.12.10-18.07.42:441][482]LogModuleManager: Shutting down and abandoning module HeadMountedDisplay (68)
[2016.12.10-18.07.42:441][482]LogModuleManager: Shutting down and abandoning module XAudio2 (67)
[2016.12.10-18.07.42:441][482]LogModuleManager: Shutting down and abandoning module Networking (65)
[2016.12.10-18.07.42:441][482]LogModuleManager: Shutting down and abandoning module Core (64)
[2016.12.10-18.07.42:441][482]LogModuleManager: Shutting down and abandoning module DirectoryWatcher (63)
[2016.12.10-18.07.42:443][482]LogModuleManager: Shutting down and abandoning module AssetRegistry (62)
[2016.12.10-18.07.42:618][482]LogModuleManager: Shutting down and abandoning module KismetCompiler (61)
[2016.12.10-18.07.42:618][482]LogModuleManager: Shutting down and abandoning module PhysXFormats (60)
[2016.12.10-18.07.42:618][482]LogModuleManager: Shutting down and abandoning module MeshUtilities (59)
[2016.12.10-18.07.42:618][482]LogModuleManager: Shutting down and abandoning module DerivedDataCache (58)
[2016.12.10-18.07.42:620][482]LogDerivedDataCache: Shutdown
[2016.12.10-18.07.42:620][482]LogModuleManager: Shutting down and abandoning module VulkanShaderFormat (57)
[2016.12.10-18.07.42:620][482]LogModuleManager: Shutting down and abandoning module ShaderFormatOpenGL (56)
[2016.12.10-18.07.42:620][482]LogModuleManager: Shutting down and abandoning module ShaderFormatD3D (55)
[2016.12.10-18.07.42:620][482]LogModuleManager: Shutting down and abandoning module MetalShaderFormat (54)
[2016.12.10-18.07.42:620][482]LogModuleManager: Shutting down and abandoning module TextureFormatUncompressed (53)
[2016.12.10-18.07.42:621][482]LogModuleManager: Shutting down and abandoning module TextureFormatPVR (52)
[2016.12.10-18.07.42:621][482]LogModuleManager: Shutting down and abandoning module TextureFormatIntelISPCTexComp (51)
[2016.12.10-18.07.42:622][482]LogModuleManager: Shutting down and abandoning module TextureFormatDXT (50)
[2016.12.10-18.07.42:622][482]LogModuleManager: Shutting down and abandoning module ImageWrapper (49)
[2016.12.10-18.07.42:622][482]LogModuleManager: Shutting down and abandoning module TextureFormatASTC (48)
[2016.12.10-18.07.42:622][482]LogModuleManager: Shutting down and abandoning module TextureFormatAndroid (47)
[2016.12.10-18.07.42:623][482]LogModuleManager: Shutting down and abandoning module AudioFormatOpus (46)
[2016.12.10-18.07.42:623][482]LogModuleManager: Shutting down and abandoning module AudioFormatOgg (45)
[2016.12.10-18.07.42:623][482]LogModuleManager: Shutting down and abandoning module AudioFormatADPCM (44)
[2016.12.10-18.07.42:623][482]LogModuleManager: Shutting down and abandoning module LinuxTargetPlatform (43)
[2016.12.10-18.07.42:623][482]LogModuleManager: Shutting down and abandoning module LinuxServerTargetPlatform (42)
[2016.12.10-18.07.42:623][482]LogModuleManager: Shutting down and abandoning module LinuxNoEditorTargetPlatform (41)
[2016.12.10-18.07.42:623][482]LogModuleManager: Shutting down and abandoning module TVOSTargetPlatform (40)
[2016.12.10-18.07.42:623][482]LogModuleManager: Shutting down and abandoning module Messaging (39)
[2016.12.10-18.07.42:623][482]LogModuleManager: Shutting down and abandoning module IOSTargetPlatform (38)
[2016.12.10-18.07.42:623][482]LogModuleManager: Shutting down and abandoning module HTML5TargetPlatform (37)
[2016.12.10-18.07.42:623][482]LogModuleManager: Shutting down and abandoning module Android_PVRTCTargetPlatform (36)
[2016.12.10-18.07.42:623][482]LogModuleManager: Shutting down and abandoning module Android_MultiTargetPlatform (35)
[2016.12.10-18.07.42:623][482]LogModuleManager: Shutting down and abandoning module Android_ETC2TargetPlatform (34)
[2016.12.10-18.07.42:623][482]LogModuleManager: Shutting down and abandoning module Android_ETC1TargetPlatform (33)
[2016.12.10-18.07.42:623][482]LogModuleManager: Shutting down and abandoning module Android_DXTTargetPlatform (32)
[2016.12.10-18.07.42:623][482]LogModuleManager: Shutting down and abandoning module Android_ATCTargetPlatform (31)
[2016.12.10-18.07.42:623][482]LogModuleManager: Shutting down and abandoning module Android_ASTCTargetPlatform (30)
[2016.12.10-18.07.42:623][482]LogModuleManager: Shutting down and abandoning module AndroidTargetPlatform (29)
[2016.12.10-18.07.42:623][482]LogModuleManager: Shutting down and abandoning module WindowsTargetPlatform (28)
[2016.12.10-18.07.42:623][482]LogModuleManager: Shutting down and abandoning module WindowsServerTargetPlatform (27)
[2016.12.10-18.07.42:623][482]LogModuleManager: Shutting down and abandoning module WindowsNoEditorTargetPlatform (26)
[2016.12.10-18.07.42:623][482]LogModuleManager: Shutting down and abandoning module WindowsClientTargetPlatform (25)
[2016.12.10-18.07.42:623][482]LogModuleManager: Shutting down and abandoning module AllDesktopTargetPlatform (24)
[2016.12.10-18.07.42:623][482]LogModuleManager: Shutting down and abandoning module TargetPlatform (23)
[2016.12.10-18.07.42:623][482]LogModuleManager: Shutting down and abandoning module InputCore (22)
[2016.12.10-18.07.42:623][482]LogModuleManager: Shutting down and abandoning module Settings (21)
[2016.12.10-18.07.42:623][482]LogModuleManager: Shutting down and abandoning module OnlineSubsystem (19)
[2016.12.10-18.07.42:623][482]LogModuleManager: Shutting down and abandoning module HTTP (18)
[2016.12.10-18.07.44:123][482]LogModuleManager: Shutting down and abandoning module XMPP (17)
[2016.12.10-18.07.44:123][482]LogModuleManager: Shutting down and abandoning module OculusRift (16)
[2016.12.10-18.07.44:124][482]LogModuleManager: Shutting down and abandoning module ExampleDeviceProfileSelector (15)
[2016.12.10-18.07.44:124][482]LogModuleManager: Shutting down and abandoning module TextureCompressor (14)
[2016.12.10-18.07.44:124][482]LogModuleManager: Shutting down and abandoning module ShaderCore (13)
[2016.12.10-18.07.44:124][482]LogModuleManager: Shutting down and abandoning module Landscape (12)
[2016.12.10-18.07.44:124][482]LogModuleManager: Shutting down and abandoning module SlateRHIRenderer (11)
[2016.12.10-18.07.44:127][482]LogModuleManager: Shutting down and abandoning module OpenGLDrv (10)
[2016.12.10-18.07.44:127][482]LogModuleManager: Shutting down and abandoning module D3D11RHI (9)
[2016.12.10-18.07.44:128][482]LogModuleManager: Shutting down and abandoning module AnimGraphRuntime (8)
[2016.12.10-18.07.44:128][482]LogModuleManager: Shutting down and abandoning module Renderer (7)
[2016.12.10-18.07.44:128][482]LogModuleManager: Shutting down and abandoning module Engine (6)
[2016.12.10-18.07.44:128][482]LogModuleManager: Shutting down and abandoning module CoreUObject (5)
[2016.12.10-18.07.44:128][482]LogModuleManager: Shutting down and abandoning module NetworkFile (4)
[2016.12.10-18.07.44:128][482]LogModuleManager: Shutting down and abandoning module StreamingFile (3)
[2016.12.10-18.07.44:128][482]LogModuleManager: Shutting down and abandoning module SandboxFile (2)
[2016.12.10-18.07.44:128][482]LogModuleManager: Shutting down and abandoning module PakFile (1)
[2016.12.10-18.07.44:130][482]LogExit: Exiting.
[2016.12.10-18.07.44:156][482]Log file closed, 12/10/16 19:07:44
