Log file open, 01/15/17 14:19:28
LogInit:Display: Running engine for game: Project_Nomand
LogPlatformFile: Not using cached read wrapper
LogInit:Display: RandInit(1149582926) SRandInit(1149582928).
LogTaskGraph: Started task graph with 4 named threads and 7 total threads with 1 sets of task threads.
LogStats: Stats thread started at 0.079998
LogInit: Version: 4.12.5-3039270+++UE4+Release-4.12
LogInit: API Version: 2992821
LogInit: Net Version: 3039270
LogDevObjectVersion: Number of dev versions registered: 13
LogDevObjectVersion:   Dev-Blueprints (B0D832E4-1F89-4F0D-ACCF-7EB736FD4AA2): 3
LogDevObjectVersion:   Dev-Build (E1C64328-A22C-4D53-A36C-8E866417BD8C): 0
LogDevObjectVersion:   Dev-Core (375EC13C-06E4-48FB-B500-84F0262A717E): 1
LogDevObjectVersion:   Dev-Editor (E4B068ED-F494-42E9-A231-DA0B2E46BB41): 2
LogDevObjectVersion:   Dev-Framework (CFFC743F-43B0-4480-9391-14DF171D2073): 6
LogDevObjectVersion:   Dev-Mobile (B02B49B5-BB20-44E9-A304-32B752E40360): 0
LogDevObjectVersion:   Dev-Networking (A4E4105C-59A1-49B5-A7C5-40C4547EDFEE): 0
LogDevObjectVersion:   Dev-Online (39C831C9-5AE6-47DC-9A44-9C173E1C8E7C): 0
LogDevObjectVersion:   Dev-Physics (78F01B33-EBEA-4F98-B9B4-84EACCB95AA2): 0
LogDevObjectVersion:   Dev-Platform (6631380F-2D4D-43E0-8009-CF276956A95A): 0
LogDevObjectVersion:   Dev-Rendering (12F88B9F-8875-4AFC-A67C-D90C383ABD29): 2
LogDevObjectVersion:   Dev-Sequencer (7B5AE74C-D270-4C10-A958-57980B212A5A): 0
LogDevObjectVersion:   Dev-VR (D7296918-1DD6-4BDD-9DE2-64A83CC13884): 0
LogInit: Compiled (64-bit): Jul  6 2016 09:09:46
LogInit: Compiled with Visual C++: 19.00.23026.00
LogInit: Build Configuration: Development
LogInit: Branch Name: ++UE4+Release-4.12
LogInit: Command line:  
LogInit: Base directory: G:/UNI/Programme/Epic Games/4.12/Engine/Binaries/Win64/
LogInit: Installed Engine Build: 1
LogInit: Using libcurl 7.41.0
LogInit:  - built for x86_64-pc-win32
LogInit:  - supports SSL with WinSSL
LogInit:  - other features:
LogInit:      CURL_VERSION_SSL
LogInit:      CURL_VERSION_IPV6
LogInit:      CURL_VERSION_ASYNCHDNS
LogInit:      CURL_VERSION_LARGEFILE
LogInit:      CURL_VERSION_IDN
LogInit:  CurlRequestOptions (configurable via config and command line):
LogInit:  - bVerifyPeer = true  - Libcurl will verify peer certificate
LogInit:  - bUseHttpProxy = false  - Libcurl will NOT use HTTP proxy
LogInit:  - bDontReuseConnections = false  - Libcurl will reuse connections
LogInit:  - CertBundlePath = nullptr  - Libcurl will use whatever was configured at build time.
LogInit: Presizing for max 8388607 objects, including 0 objects not considered by GC, pre-allocating 0 bytes for permanent pool.
LogInit: Object subsystem initialized
[2017.01.15-13.19.28:480][  0]LogInit: Selected Device Profile: [Windows]
[2017.01.15-13.19.28:480][  0]LogInit: Applying CVar settings loaded from the selected device profile: [Windows]
[2017.01.15-13.19.28:528][  0]LogInit: Computer: DEX
[2017.01.15-13.19.28:528][  0]LogInit: User: Dextex
[2017.01.15-13.19.28:528][  0]LogInit: CPU Page size=65536, Cores=4
[2017.01.15-13.19.28:528][  0]LogInit: High frequency timer resolution =3.417984 MHz
[2017.01.15-13.19.28:529][  0]LogMemory: Memory total: Physical=15.9GB (16GB approx)
[2017.01.15-13.19.28:529][  0]LogMemory: Platform Memory Stats for Windows
[2017.01.15-13.19.28:529][  0]LogMemory: Process Physical Memory: 191.68 MB used, 191.68 MB peak
[2017.01.15-13.19.28:529][  0]LogMemory: Process Virtual Memory: 195.22 MB used, 195.22 MB peak
[2017.01.15-13.19.28:529][  0]LogMemory: Physical Memory: 7626.84 MB used, 16328.00 MB total
[2017.01.15-13.19.28:529][  0]LogMemory: Virtual Memory: 553.48 MB used, 134217728.00 MB total
[2017.01.15-13.19.28:587][  0]LogTextLocalizationManager: No translations for ('de-DE') exist, falling back to 'en' for localization and internationalization data.
[2017.01.15-13.19.28:985][  0]LogD3D11RHI: D3D11 adapters:
[2017.01.15-13.19.29:550][  0]LogD3D11RHI:    0. 'NVIDIA GeForce GTX 1080' (Feature Level 11_0)
[2017.01.15-13.19.29:550][  0]LogD3D11RHI:       8144/0/8164 MB DedicatedVideo/DedicatedSystem/SharedSystem, Outputs:2, VendorId:0x10de
[2017.01.15-13.19.29:552][  0]LogD3D11RHI:    1. 'Microsoft Basic Render Driver' (Feature Level 11_0)
[2017.01.15-13.19.29:552][  0]LogD3D11RHI:       0/0/8164 MB DedicatedVideo/DedicatedSystem/SharedSystem, Outputs:0, VendorId:0x1414
[2017.01.15-13.19.29:552][  0]LogD3D11RHI: Chosen D3D11 Adapter: 0
[2017.01.15-13.19.29:557][  0]LogD3D11RHI: Creating new Direct3DDevice
[2017.01.15-13.19.29:557][  0]LogD3D11RHI:     GPU DeviceId: 0x1b80 (for the marketing name, search the web for "GPU Device Id")
[2017.01.15-13.19.29:557][  0]LogWindows: EnumDisplayDevices:
[2017.01.15-13.19.29:557][  0]LogWindows:    0. 'NVIDIA GeForce GTX 1080' (P:1 D:1)
[2017.01.15-13.19.29:557][  0]LogWindows:    1. 'NVIDIA GeForce GTX 1080' (P:0 D:1)
[2017.01.15-13.19.29:557][  0]LogWindows:    2. 'NVIDIA GeForce GTX 1080' (P:0 D:0)
[2017.01.15-13.19.29:557][  0]LogWindows:    3. 'NVIDIA GeForce GTX 1080' (P:0 D:0)
[2017.01.15-13.19.29:557][  0]LogWindows: DebugString: FoundDriverCount:4 
[2017.01.15-13.19.29:557][  0]LogD3D11RHI:     Adapter Name: NVIDIA GeForce GTX 1080
[2017.01.15-13.19.29:557][  0]LogD3D11RHI:   Driver Version: 376.33 (internal:21.21.13.7633, unified:376.33)
[2017.01.15-13.19.29:557][  0]LogD3D11RHI:      Driver Date: 12-11-2016
[2017.01.15-13.19.29:557][  0]LogRHI: Texture pool is 1361 MB (70% of 1945 MB)
[2017.01.15-13.19.30:066][  0]LogD3D11RHI: Async texture creation enabled
[2017.01.15-13.19.30:102][  0]LogD3D11RHI: GPU Timing Frequency: 1000.000000 (Debug: 2 1)
[2017.01.15-13.19.30:103][  0]LogShaderCompilers: Guid format shader working directory is -4 characters bigger than the processId version (../../../../../../MP2/project_nomad/Project_Nomand/Intermediate/Shaders/WorkingDirectory/14228/).
[2017.01.15-13.19.30:103][  0]LogShaderCompilers: Cleaned the shader compiler working directory 'C:/Users/Dextex/AppData/Local/Temp/UnrealShaderWorkingDir/B8395DCD47E27A26FDD42782CA23FDBF/'.
[2017.01.15-13.19.30:103][  0]LogShaderCompilers:Display: Using Local Shader Compiler.
[2017.01.15-13.19.31:530][  0]LogTemp:Display: Loaded TP AllDesktopTargetPlatform
[2017.01.15-13.19.31:541][  0]LogTemp:Display: Loaded TP WindowsClientTargetPlatform
[2017.01.15-13.19.31:552][  0]LogTemp:Display: Loaded TP WindowsNoEditorTargetPlatform
[2017.01.15-13.19.31:563][  0]LogTemp:Display: Loaded TP WindowsServerTargetPlatform
[2017.01.15-13.19.31:573][  0]LogTemp:Display: Loaded TP WindowsTargetPlatform
[2017.01.15-13.19.31:584][  0]LogTemp:Display: Loaded TP AndroidTargetPlatform
[2017.01.15-13.19.31:593][  0]LogTemp:Display: Loaded TP Android_ASTCTargetPlatform
[2017.01.15-13.19.31:602][  0]LogTemp:Display: Loaded TP Android_ATCTargetPlatform
[2017.01.15-13.19.31:612][  0]LogTemp:Display: Loaded TP Android_DXTTargetPlatform
[2017.01.15-13.19.31:622][  0]LogTemp:Display: Loaded TP Android_ETC1TargetPlatform
[2017.01.15-13.19.31:630][  0]LogTemp:Display: Loaded TP Android_ETC2TargetPlatform
[2017.01.15-13.19.31:648][  0]LogTemp:Display: Loaded TP Android_MultiTargetPlatform
[2017.01.15-13.19.31:648][  0]LogTemp:Display: Loaded TP Android_PVRTCTargetPlatform
[2017.01.15-13.19.31:650][  0]LogTemp:Display: Loaded TP HTML5TargetPlatform
[2017.01.15-13.19.31:769][  0]LogTemp:Display: Loaded TP IOSTargetPlatform
[2017.01.15-13.19.31:777][  0]LogTemp:Display: Loaded TP TVOSTargetPlatform
[2017.01.15-13.19.31:785][  0]LogTemp:Display: Loaded TP LinuxNoEditorTargetPlatform
[2017.01.15-13.19.31:793][  0]LogTemp:Display: Loaded TP LinuxServerTargetPlatform
[2017.01.15-13.19.31:823][  0]LogTemp:Display: Loaded TP LinuxTargetPlatform
[2017.01.15-13.19.31:823][  0]LogTargetPlatformManager:Display: Building Assets For Windows
[2017.01.15-13.19.33:151][  0]LogDerivedDataCache:Display: Max Cache Size: 512 MB
[2017.01.15-13.19.33:358][  0]LogDerivedDataCache: Loaded boot cache 0.21s 48MB C:/Users/Dextex/AppData/Local/UnrealEngine/4.12/DerivedDataCache/Boot.ddc.
[2017.01.15-13.19.33:359][  0]LogDerivedDataCache:Display: Loaded Boot cache: C:/Users/Dextex/AppData/Local/UnrealEngine/4.12/DerivedDataCache/Boot.ddc
[2017.01.15-13.19.33:359][  0]LogDerivedDataCache: FDerivedDataBackendGraph:  Pak pak cache file ../../../../../../MP2/project_nomad/Project_Nomand/DerivedDataCache/DDC.ddp not found, will not use a pak cache.
[2017.01.15-13.19.33:359][  0]LogDerivedDataCache: Unable to find inner node Pak for hierarchical cache Hierarchy.
[2017.01.15-13.19.33:359][  0]LogDerivedDataCache: FDerivedDataBackendGraph:  CompressedPak pak cache file ../../../../../../MP2/project_nomad/Project_Nomand/DerivedDataCache/Compressed.ddp not found, will not use a pak cache.
[2017.01.15-13.19.33:359][  0]LogDerivedDataCache: Unable to find inner node CompressedPak for hierarchical cache Hierarchy.
[2017.01.15-13.19.33:411][  0]LogDerivedDataCache:Display: Pak cache opened for reading ../../../Engine/DerivedDataCache/Compressed.ddp.
[2017.01.15-13.19.33:423][  0]LogDerivedDataCache: Using Local data cache path C:/Users/Dextex/AppData/Local/UnrealEngine/Common/DerivedDataCache: Writable
[2017.01.15-13.19.40:645][  0]LogInit: Selected Device Profile: [Windows]
[2017.01.15-13.19.40:680][  0]LogContentStreaming: Texture pool size is 0.00 MB
[2017.01.15-13.19.41:809][  0]LogMeshUtilities: No automatic mesh reduction module available
[2017.01.15-13.19.41:809][  0]LogMeshUtilities: No automatic mesh merging module available
[2017.01.15-13.19.41:809][  0]LogMeshUtilities: No distributed automatic mesh merging module available
[2017.01.15-13.19.44:139][  0]LogAssetRegistry: FAssetRegistry took 0.0219 seconds to start up
[2017.01.15-13.19.44:228][  0]LogPackageLocalizationCache: Processed 3 localized package path(s) for 1 prioritized culture(s) in 0.026782 seconds
[2017.01.15-13.19.44:303][  0]LogUObjectArray: 28739 objects as part of root set at end of initial load.
[2017.01.15-13.19.44:303][  0]LogUObjectAllocator: 5855624 out of 0 bytes used by permanent object pool.
[2017.01.15-13.19.44:303][  0]LogUObjectArray: CloseDisregardForGC: 0/0 objects in disregard for GC pool
[2017.01.15-13.19.44:350][  0]LogInit: WinSock: version 1.1 (2.2), MaxSocks=32767, MaxUdp=65467
[2017.01.15-13.19.47:771][  0]LogSlate: SlateFontCache - WITH_FREETYPE: 1, WITH_HARFBUZZ: 1
[2017.01.15-13.19.47:771][  0]LogSlate: SlateFontCache - WITH_FREETYPE: 1, WITH_HARFBUZZ: 1
[2017.01.15-13.20.01:664][  0]LogUdpMessaging: Initializing bridge on interface 0.0.0.0:0 to multicast group 230.0.0.1:6666.
[2017.01.15-13.20.02:691][  0]SourceControl: Info Source control is disabled
[2017.01.15-13.20.03:842][  0]LogEngine: Initializing Engine...
[2017.01.15-13.20.03:901][  0]LogHMD: SteamVR failed to initialize.  Err: 100
[2017.01.15-13.20.03:903][  0]LogHMD: SteamVR failed to initialize.  Err: 100
[2017.01.15-13.20.04:613][  0]LogAIModule: Creating AISystem for world NewWorld
[2017.01.15-13.20.04:750][  0]LogInit: XAudio2 using 'Lautsprecher (SteelSeries Siberia 350)' : 2 channels at 44.1 kHz using 16 bits per sample (channel mask 0x3)
[2017.01.15-13.20.04:791][  0]LogInit: FAudioDevice initialized.
[2017.01.15-13.20.04:815][  0]LogDerivedDataCache: Saved boot cache 0.02s 48MB C:/Users/Dextex/AppData/Local/UnrealEngine/4.12/DerivedDataCache/Boot.ddc.
[2017.01.15-13.20.04:825][  0]LogInit: Texture streaming: Enabled
[2017.01.15-13.20.05:047][  0]LogInit: Transaction tracking system initialized
[2017.01.15-13.20.05:255][  0]BlueprintLog: New page: Editor Load
[2017.01.15-13.20.06:333][  0]LocalizationService: Info Localization service is disabled
[2017.01.15-13.20.06:941][  0]LogConsoleResponse:Display: 
[2017.01.15-13.20.08:986][  0]LogCook:Display: Max memory allowance for cook 8192mb
[2017.01.15-13.20.08:986][  0]LogCook:Display: Mobile HDR setting 1
[2017.01.15-13.20.09:984][  0]LogFileCache: Scanning file cache for directory 'G:/UNI/MP2/project_nomad/Project_Nomand/Content/' took 0.03s
[2017.01.15-13.20.10:400][  0]Cmd: MAP LOAD FILE="../../../../../../MP2/project_nomad/Project_Nomand/Content/Map/Map.umap" TEMPLATE=0 SHOWPROGRESS=1 FEATURELEVEL=3
[2017.01.15-13.20.10:469][  0]LightingResults: New page: Lighting Build
[2017.01.15-13.20.10:500][  0]MapCheck: New page: Map Check
[2017.01.15-13.20.10:500][  0]LightingResults: New page: Lighting Build
[2017.01.15-13.20.15:038][  0]LogAIModule: Creating AISystem for world Map
[2017.01.15-13.20.15:775][  0]LogEditorServer: Finished looking for orphan Actors (0.000 secs)
[2017.01.15-13.20.15:789][  0]Cmd: MAP CHECKDEP NOCLEARLOG
[2017.01.15-13.20.15:832][  0]MapCheck: Info Map check complete: 0 Error(s), 0 Warning(s), took 42.701ms to complete.
[2017.01.15-13.20.15:832][  0]LogFileHelpers: Loading map 'Map' took 5.432
[2017.01.15-13.20.16:133][  0]LogCollectionManager: Loaded 0 collections in 0.002957 seconds
[2017.01.15-13.20.16:178][  0]LogFileCache: Scanning file cache for directory 'G:/UNI/MP2/project_nomad/Project_Nomand/Saved/Collections/' took 0.01s
[2017.01.15-13.20.16:179][  0]LogFileCache: Scanning file cache for directory 'G:/UNI/MP2/project_nomad/Project_Nomand/Content/Developers/Dextex/Collections/' took 0.01s
[2017.01.15-13.20.16:179][  0]LogFileCache: Scanning file cache for directory 'G:/UNI/MP2/project_nomad/Project_Nomand/Content/Collections/' took 0.01s
[2017.01.15-13.20.16:179][  0]LogCollectionManager: Rebuilt the GUID cache for 0 collections in 0.000008 seconds
[2017.01.15-13.20.16:187][  0]LogContentBrowser: Native class hierarchy populated in 0.0078 seconds. Added 2047 classes and 369 folders.
[2017.01.15-13.20.16:192][  0]LogStats: UGameplayTagsManager::ConstructGameplayTagTree: Construct from data asset -  0.000 s
[2017.01.15-13.20.16:192][  0]LogStats: UGameplayTagsManager::ConstructGameplayTagTree: GameplayTagTreeChangedEvent.Broadcast -  0.000 s
[2017.01.15-13.20.16:192][  0]LogContentBrowser: Native class hierarchy updated for 'GameplayTags' in 0.0005 seconds. Added 12 classes and 0 folders.
[2017.01.15-13.20.16:199][  0]LogContentBrowser: Native class hierarchy updated for 'WidgetCarousel' in 0.0003 seconds. Added 0 classes and 0 folders.
[2017.01.15-13.20.17:483][  0]LogContentBrowser: Native class hierarchy updated for 'AddContentDialog' in 0.0007 seconds. Added 0 classes and 0 folders.
[2017.01.15-13.20.17:544][  0]LogContentBrowser: Native class hierarchy updated for 'SceneOutliner' in 0.0005 seconds. Added 1 classes and 2 folders.
[2017.01.15-13.20.17:668][  0]LogCrashTracker: Crashtracker disabled due to settings.
[2017.01.15-13.20.17:687][  0]LogUObjectGlobals:Warning: Failed to find object 'Class None.'
[2017.01.15-13.20.17:768][  0]LogContentBrowser: Native class hierarchy updated for 'HierarchicalLODOutliner' in 0.0004 seconds. Added 1 classes and 2 folders.
[2017.01.15-13.20.17:768][  0]LogLoad: Full Startup: 50.49 seconds (BP compile: 0.45 seconds)
[2017.01.15-13.20.17:768][  0]LogExternalProfiler: No external profilers were discovered.  External profiling features will not be available.
[2017.01.15-13.20.17:793][  0]LogWindowsTextInputMethodSystem:Display: IME system now deactivated.
[2017.01.15-13.20.17:793][  0]LogOcInput: OculusInput pre-init called
[2017.01.15-13.20.17:844][  0]LogContentStreaming: Texture pool size now 1000 MB
[2017.01.15-13.20.18:168][  0]LogRenderer: Reallocating scene render targets to support 1208x556 (Frame:2).
[2017.01.15-13.20.18:222][  1]Cmd: UpdateLandscapeEditorData -warnings
[2017.01.15-13.20.18:336][  2]LogAssetRegistry: Asset discovery search completed in 34.2186 seconds
[2017.01.15-13.20.18:336][  2]LogCollectionManager: Rebuilt the object cache for 0 collections in 0.000001 seconds (found 0 objects)
[2017.01.15-13.20.18:336][  2]LogCollectionManager: Fixed up redirectors for 0 collections in 0.000059 seconds (updated 0 objects)
[2017.01.15-13.20.27:774][ 81]LogEditorViewport: Clicking on Actor (LMB): StaticMeshActor (stone_02)
[2017.01.15-13.20.28:277][123]LogEditorViewport: Clicking on Actor (LMB): StaticMeshActor (stone_3)
[2017.01.15-13.20.28:881][185]LogEditorViewport: Clicking on Actor (LMB): StaticMeshActor (stone_02)
[2017.01.15-13.20.29:347][230]LogEditorViewport: Clicking on Actor (LMB): StaticMeshActor (stone_3)
[2017.01.15-13.20.35:705][900]LogEditorViewport: Clicking on Actor (LMB): StaticMeshActor (stone_11)
[2017.01.15-13.21.01:397][690]LogEditorViewport: Clicking on Actor (LMB): StaticMeshActor (stone_11)
[2017.01.15-13.21.01:526][701]LogEditorViewport: Clicking on Component (LMB): StaticMeshComponent (StaticMeshComponent0)
[2017.01.15-13.21.18:217][291]LogMaterial: Missing cached shader map for material M_Rock_Basalt, compiling. 
[2017.01.15-13.21.18:413][291]LogMaterial: Missing cached shader map for material M_Rock_Basalt, compiling. 
[2017.01.15-13.21.18:420][291]LogMaterial: 0.00 seconds spent updating 1 materials, 1 interfaces, 0 instances, 0 with static permutations.
[2017.01.15-13.21.18:452][291]LogMaterial: Missing cached shader map for material FMatExpressionPreview MaterialExpressionTextureSample_6, compiling. 
[2017.01.15-13.21.18:457][291]LogMaterial: Missing cached shader map for material FMatExpressionPreview MaterialExpressionTextureSample_7, compiling. 
[2017.01.15-13.21.18:462][291]LogMaterial: Missing cached shader map for material FMatExpressionPreview MaterialExpressionTextureSample_8, compiling. 
[2017.01.15-13.21.18:467][291]LogMaterial: Missing cached shader map for material FMatExpressionPreview MaterialExpressionConstant3Vector_6, compiling. 
[2017.01.15-13.21.18:471][291]LogMaterial: Missing cached shader map for material FMatExpressionPreview MaterialExpressionTextureSample_41, compiling. 
[2017.01.15-13.21.18:475][291]LogMaterial: Missing cached shader map for material FMatExpressionPreview MaterialExpressionTextureSample_42, compiling. 
[2017.01.15-13.21.18:479][291]LogMaterial: Missing cached shader map for material FMatExpressionPreview MaterialExpressionTextureSample_43, compiling. 
[2017.01.15-13.21.18:483][291]LogMaterial: Missing cached shader map for material FMatExpressionPreview MaterialExpressionConstant3Vector_15, compiling. 
[2017.01.15-13.21.18:487][291]LogMaterial: Missing cached shader map for material FMatExpressionPreview MaterialExpressionTextureSample_9, compiling. 
[2017.01.15-13.21.18:495][291]LogMaterial: Missing cached shader map for material FMatExpressionPreview MaterialExpressionTextureSample_10, compiling. 
[2017.01.15-13.21.21:240][385]MaterialEditorStats: Info Base pass shader with static lighting: 100 instructions
[2017.01.15-13.21.21:240][385]MaterialEditorStats: Info Base pass shader with only dynamic lighting: 70 instructions
[2017.01.15-13.21.21:240][385]MaterialEditorStats: Info Vertex shader: 31 instructions
[2017.01.15-13.21.21:241][385]MaterialEditorStats: Info Texture samplers: 6/16
[2017.01.15-13.22.42:258][175]LogEditorViewport: Clicking on Actor (LMB): StaticMeshActor (Cube)
[2017.01.15-13.23.01:711][ 99]LogPhysics:Warning: Scale 'X=20.000 Y=18.750 Z=0.000' is not valid on object '/Game/Map/Map.Map:PersistentLevel.Cube_26.StaticMeshComponent0 Cube'.
[2017.01.15-13.23.01:711][ 99]LogPhysics:Warning: Scale 'X=20.000 Y=18.750 Z=0.000' is not valid on object '/Game/Map/Map.Map:PersistentLevel.Cube_26.StaticMeshComponent0 Cube'.
[2017.01.15-13.23.03:750][298]LogEditorViewport: Clicking on Actor (LMB): StaticMeshActor (Cube)
[2017.01.15-13.23.06:728][585]LogPhysics:Warning: Scale 'X=20.000 Y=18.750 Z=0.000' is not valid on object '/Game/Map/Map.Map:PersistentLevel.Cube_26.StaticMeshComponent0 Cube'.
[2017.01.15-13.23.06:728][585]LogPhysics:Warning: Scale 'X=20.000 Y=18.750 Z=0.000' is not valid on object '/Game/Map/Map.Map:PersistentLevel.Cube_26.StaticMeshComponent0 Cube'.
[2017.01.15-13.23.06:740][586]LogPhysics:Warning: Scale 'X=20.000 Y=18.750 Z=0.000' is not valid on object '/Game/Map/Map.Map:PersistentLevel.Cube_26.StaticMeshComponent0 Cube'.
[2017.01.15-13.23.06:740][586]LogPhysics:Warning: Scale 'X=20.000 Y=18.750 Z=0.000' is not valid on object '/Game/Map/Map.Map:PersistentLevel.Cube_26.StaticMeshComponent0 Cube'.
[2017.01.15-13.23.06:753][587]LogPhysics:Warning: Scale 'X=20.000 Y=18.750 Z=0.000' is not valid on object '/Game/Map/Map.Map:PersistentLevel.Cube_26.StaticMeshComponent0 Cube'.
[2017.01.15-13.23.06:753][587]LogPhysics:Warning: Scale 'X=20.000 Y=18.750 Z=0.000' is not valid on object '/Game/Map/Map.Map:PersistentLevel.Cube_26.StaticMeshComponent0 Cube'.
[2017.01.15-13.23.06:763][588]LogPhysics:Warning: Scale 'X=20.000 Y=18.750 Z=0.000' is not valid on object '/Game/Map/Map.Map:PersistentLevel.Cube_26.StaticMeshComponent0 Cube'.
[2017.01.15-13.23.06:763][588]LogPhysics:Warning: Scale 'X=20.000 Y=18.750 Z=0.000' is not valid on object '/Game/Map/Map.Map:PersistentLevel.Cube_26.StaticMeshComponent0 Cube'.
[2017.01.15-13.23.06:771][589]LogPhysics:Warning: Scale 'X=20.000 Y=18.750 Z=0.000' is not valid on object '/Game/Map/Map.Map:PersistentLevel.Cube_26.StaticMeshComponent0 Cube'.
[2017.01.15-13.23.06:771][589]LogPhysics:Warning: Scale 'X=20.000 Y=18.750 Z=0.000' is not valid on object '/Game/Map/Map.Map:PersistentLevel.Cube_26.StaticMeshComponent0 Cube'.
[2017.01.15-13.23.06:779][590]LogPhysics:Warning: Scale 'X=20.000 Y=18.750 Z=0.000' is not valid on object '/Game/Map/Map.Map:PersistentLevel.Cube_26.StaticMeshComponent0 Cube'.
[2017.01.15-13.23.06:779][590]LogPhysics:Warning: Scale 'X=20.000 Y=18.750 Z=0.000' is not valid on object '/Game/Map/Map.Map:PersistentLevel.Cube_26.StaticMeshComponent0 Cube'.
[2017.01.15-13.23.06:788][591]LogPhysics:Warning: Scale 'X=20.000 Y=18.750 Z=0.000' is not valid on object '/Game/Map/Map.Map:PersistentLevel.Cube_26.StaticMeshComponent0 Cube'.
[2017.01.15-13.23.06:788][591]LogPhysics:Warning: Scale 'X=20.000 Y=18.750 Z=0.000' is not valid on object '/Game/Map/Map.Map:PersistentLevel.Cube_26.StaticMeshComponent0 Cube'.
[2017.01.15-13.23.06:797][592]LogPhysics:Warning: Scale 'X=20.000 Y=18.750 Z=0.000' is not valid on object '/Game/Map/Map.Map:PersistentLevel.Cube_26.StaticMeshComponent0 Cube'.
[2017.01.15-13.23.06:797][592]LogPhysics:Warning: Scale 'X=20.000 Y=18.750 Z=0.000' is not valid on object '/Game/Map/Map.Map:PersistentLevel.Cube_26.StaticMeshComponent0 Cube'.
[2017.01.15-13.23.06:809][593]LogPhysics:Warning: Scale 'X=20.000 Y=18.750 Z=0.000' is not valid on object '/Game/Map/Map.Map:PersistentLevel.Cube_26.StaticMeshComponent0 Cube'.
[2017.01.15-13.23.06:809][593]LogPhysics:Warning: Scale 'X=20.000 Y=18.750 Z=0.000' is not valid on object '/Game/Map/Map.Map:PersistentLevel.Cube_26.StaticMeshComponent0 Cube'.
[2017.01.15-13.23.06:821][594]LogPhysics:Warning: Scale 'X=20.000 Y=18.750 Z=0.000' is not valid on object '/Game/Map/Map.Map:PersistentLevel.Cube_26.StaticMeshComponent0 Cube'.
[2017.01.15-13.23.06:821][594]LogPhysics:Warning: Scale 'X=20.000 Y=18.750 Z=0.000' is not valid on object '/Game/Map/Map.Map:PersistentLevel.Cube_26.StaticMeshComponent0 Cube'.
[2017.01.15-13.23.06:832][595]LogPhysics:Warning: Scale 'X=20.000 Y=18.750 Z=0.000' is not valid on object '/Game/Map/Map.Map:PersistentLevel.Cube_26.StaticMeshComponent0 Cube'.
[2017.01.15-13.23.06:832][595]LogPhysics:Warning: Scale 'X=20.000 Y=18.750 Z=0.000' is not valid on object '/Game/Map/Map.Map:PersistentLevel.Cube_26.StaticMeshComponent0 Cube'.
[2017.01.15-13.23.06:840][596]LogPhysics:Warning: Scale 'X=20.000 Y=18.750 Z=0.000' is not valid on object '/Game/Map/Map.Map:PersistentLevel.Cube_26.StaticMeshComponent0 Cube'.
[2017.01.15-13.23.06:840][596]LogPhysics:Warning: Scale 'X=20.000 Y=18.750 Z=0.000' is not valid on object '/Game/Map/Map.Map:PersistentLevel.Cube_26.StaticMeshComponent0 Cube'.
[2017.01.15-13.23.06:849][597]LogPhysics:Warning: Scale 'X=20.000 Y=18.750 Z=0.000' is not valid on object '/Game/Map/Map.Map:PersistentLevel.Cube_26.StaticMeshComponent0 Cube'.
[2017.01.15-13.23.06:849][597]LogPhysics:Warning: Scale 'X=20.000 Y=18.750 Z=0.000' is not valid on object '/Game/Map/Map.Map:PersistentLevel.Cube_26.StaticMeshComponent0 Cube'.
[2017.01.15-13.23.06:857][598]LogPhysics:Warning: Scale 'X=20.000 Y=18.750 Z=0.000' is not valid on object '/Game/Map/Map.Map:PersistentLevel.Cube_26.StaticMeshComponent0 Cube'.
[2017.01.15-13.23.06:857][598]LogPhysics:Warning: Scale 'X=20.000 Y=18.750 Z=0.000' is not valid on object '/Game/Map/Map.Map:PersistentLevel.Cube_26.StaticMeshComponent0 Cube'.
[2017.01.15-13.23.06:868][599]LogPhysics:Warning: Scale 'X=20.000 Y=18.750 Z=0.000' is not valid on object '/Game/Map/Map.Map:PersistentLevel.Cube_26.StaticMeshComponent0 Cube'.
[2017.01.15-13.23.06:868][599]LogPhysics:Warning: Scale 'X=20.000 Y=18.750 Z=0.000' is not valid on object '/Game/Map/Map.Map:PersistentLevel.Cube_26.StaticMeshComponent0 Cube'.
[2017.01.15-13.23.06:880][600]LogPhysics:Warning: Scale 'X=20.000 Y=18.750 Z=0.000' is not valid on object '/Game/Map/Map.Map:PersistentLevel.Cube_26.StaticMeshComponent0 Cube'.
[2017.01.15-13.23.06:880][600]LogPhysics:Warning: Scale 'X=20.000 Y=18.750 Z=0.000' is not valid on object '/Game/Map/Map.Map:PersistentLevel.Cube_26.StaticMeshComponent0 Cube'.
[2017.01.15-13.23.06:891][601]LogPhysics:Warning: Scale 'X=20.000 Y=18.750 Z=0.000' is not valid on object '/Game/Map/Map.Map:PersistentLevel.Cube_26.StaticMeshComponent0 Cube'.
[2017.01.15-13.23.06:891][601]LogPhysics:Warning: Scale 'X=20.000 Y=18.750 Z=0.000' is not valid on object '/Game/Map/Map.Map:PersistentLevel.Cube_26.StaticMeshComponent0 Cube'.
[2017.01.15-13.23.06:900][602]LogPhysics:Warning: Scale 'X=20.000 Y=18.750 Z=0.000' is not valid on object '/Game/Map/Map.Map:PersistentLevel.Cube_26.StaticMeshComponent0 Cube'.
[2017.01.15-13.23.06:900][602]LogPhysics:Warning: Scale 'X=20.000 Y=18.750 Z=0.000' is not valid on object '/Game/Map/Map.Map:PersistentLevel.Cube_26.StaticMeshComponent0 Cube'.
[2017.01.15-13.23.06:909][603]LogPhysics:Warning: Scale 'X=20.000 Y=18.750 Z=0.000' is not valid on object '/Game/Map/Map.Map:PersistentLevel.Cube_26.StaticMeshComponent0 Cube'.
[2017.01.15-13.23.06:909][603]LogPhysics:Warning: Scale 'X=20.000 Y=18.750 Z=0.000' is not valid on object '/Game/Map/Map.Map:PersistentLevel.Cube_26.StaticMeshComponent0 Cube'.
[2017.01.15-13.23.06:918][604]LogPhysics:Warning: Scale 'X=20.000 Y=18.750 Z=0.000' is not valid on object '/Game/Map/Map.Map:PersistentLevel.Cube_26.StaticMeshComponent0 Cube'.
[2017.01.15-13.23.06:918][604]LogPhysics:Warning: Scale 'X=20.000 Y=18.750 Z=0.000' is not valid on object '/Game/Map/Map.Map:PersistentLevel.Cube_26.StaticMeshComponent0 Cube'.
[2017.01.15-13.23.06:927][605]LogPhysics:Warning: Scale 'X=20.000 Y=18.750 Z=0.000' is not valid on object '/Game/Map/Map.Map:PersistentLevel.Cube_26.StaticMeshComponent0 Cube'.
[2017.01.15-13.23.06:927][605]LogPhysics:Warning: Scale 'X=20.000 Y=18.750 Z=0.000' is not valid on object '/Game/Map/Map.Map:PersistentLevel.Cube_26.StaticMeshComponent0 Cube'.
[2017.01.15-13.23.06:937][606]LogPhysics:Warning: Scale 'X=20.000 Y=18.750 Z=0.000' is not valid on object '/Game/Map/Map.Map:PersistentLevel.Cube_26.StaticMeshComponent0 Cube'.
[2017.01.15-13.23.06:937][606]LogPhysics:Warning: Scale 'X=20.000 Y=18.750 Z=0.000' is not valid on object '/Game/Map/Map.Map:PersistentLevel.Cube_26.StaticMeshComponent0 Cube'.
[2017.01.15-13.23.06:949][607]LogPhysics:Warning: Scale 'X=20.000 Y=18.750 Z=0.000' is not valid on object '/Game/Map/Map.Map:PersistentLevel.Cube_26.StaticMeshComponent0 Cube'.
[2017.01.15-13.23.06:949][607]LogPhysics:Warning: Scale 'X=20.000 Y=18.750 Z=0.000' is not valid on object '/Game/Map/Map.Map:PersistentLevel.Cube_26.StaticMeshComponent0 Cube'.
[2017.01.15-13.23.06:961][608]LogPhysics:Warning: Scale 'X=20.000 Y=18.750 Z=0.000' is not valid on object '/Game/Map/Map.Map:PersistentLevel.Cube_26.StaticMeshComponent0 Cube'.
[2017.01.15-13.23.06:961][608]LogPhysics:Warning: Scale 'X=20.000 Y=18.750 Z=0.000' is not valid on object '/Game/Map/Map.Map:PersistentLevel.Cube_26.StaticMeshComponent0 Cube'.
[2017.01.15-13.23.06:969][609]LogPhysics:Warning: Scale 'X=20.000 Y=18.750 Z=0.000' is not valid on object '/Game/Map/Map.Map:PersistentLevel.Cube_26.StaticMeshComponent0 Cube'.
[2017.01.15-13.23.06:969][609]LogPhysics:Warning: Scale 'X=20.000 Y=18.750 Z=0.000' is not valid on object '/Game/Map/Map.Map:PersistentLevel.Cube_26.StaticMeshComponent0 Cube'.
[2017.01.15-13.23.06:977][610]LogPhysics:Warning: Scale 'X=20.000 Y=18.750 Z=0.000' is not valid on object '/Game/Map/Map.Map:PersistentLevel.Cube_26.StaticMeshComponent0 Cube'.
[2017.01.15-13.23.06:977][610]LogPhysics:Warning: Scale 'X=20.000 Y=18.750 Z=0.000' is not valid on object '/Game/Map/Map.Map:PersistentLevel.Cube_26.StaticMeshComponent0 Cube'.
[2017.01.15-13.23.06:986][611]LogPhysics:Warning: Scale 'X=20.000 Y=18.750 Z=0.000' is not valid on object '/Game/Map/Map.Map:PersistentLevel.Cube_26.StaticMeshComponent0 Cube'.
[2017.01.15-13.23.06:986][611]LogPhysics:Warning: Scale 'X=20.000 Y=18.750 Z=0.000' is not valid on object '/Game/Map/Map.Map:PersistentLevel.Cube_26.StaticMeshComponent0 Cube'.
[2017.01.15-13.23.06:995][612]LogPhysics:Warning: Scale 'X=20.000 Y=18.750 Z=0.000' is not valid on object '/Game/Map/Map.Map:PersistentLevel.Cube_26.StaticMeshComponent0 Cube'.
[2017.01.15-13.23.06:995][612]LogPhysics:Warning: Scale 'X=20.000 Y=18.750 Z=0.000' is not valid on object '/Game/Map/Map.Map:PersistentLevel.Cube_26.StaticMeshComponent0 Cube'.
[2017.01.15-13.23.07:005][613]LogPhysics:Warning: Scale 'X=20.000 Y=18.750 Z=0.000' is not valid on object '/Game/Map/Map.Map:PersistentLevel.Cube_26.StaticMeshComponent0 Cube'.
[2017.01.15-13.23.07:005][613]LogPhysics:Warning: Scale 'X=20.000 Y=18.750 Z=0.000' is not valid on object '/Game/Map/Map.Map:PersistentLevel.Cube_26.StaticMeshComponent0 Cube'.
[2017.01.15-13.23.07:018][614]LogPhysics:Warning: Scale 'X=20.000 Y=18.750 Z=0.000' is not valid on object '/Game/Map/Map.Map:PersistentLevel.Cube_26.StaticMeshComponent0 Cube'.
[2017.01.15-13.23.07:018][614]LogPhysics:Warning: Scale 'X=20.000 Y=18.750 Z=0.000' is not valid on object '/Game/Map/Map.Map:PersistentLevel.Cube_26.StaticMeshComponent0 Cube'.
[2017.01.15-13.23.07:029][615]LogPhysics:Warning: Scale 'X=20.000 Y=18.750 Z=0.000' is not valid on object '/Game/Map/Map.Map:PersistentLevel.Cube_26.StaticMeshComponent0 Cube'.
[2017.01.15-13.23.07:029][615]LogPhysics:Warning: Scale 'X=20.000 Y=18.750 Z=0.000' is not valid on object '/Game/Map/Map.Map:PersistentLevel.Cube_26.StaticMeshComponent0 Cube'.
[2017.01.15-13.23.07:038][616]LogPhysics:Warning: Scale 'X=20.000 Y=18.750 Z=0.000' is not valid on object '/Game/Map/Map.Map:PersistentLevel.Cube_26.StaticMeshComponent0 Cube'.
[2017.01.15-13.23.07:038][616]LogPhysics:Warning: Scale 'X=20.000 Y=18.750 Z=0.000' is not valid on object '/Game/Map/Map.Map:PersistentLevel.Cube_26.StaticMeshComponent0 Cube'.
[2017.01.15-13.23.07:047][617]LogPhysics:Warning: Scale 'X=20.000 Y=18.750 Z=0.000' is not valid on object '/Game/Map/Map.Map:PersistentLevel.Cube_26.StaticMeshComponent0 Cube'.
[2017.01.15-13.23.07:047][617]LogPhysics:Warning: Scale 'X=20.000 Y=18.750 Z=0.000' is not valid on object '/Game/Map/Map.Map:PersistentLevel.Cube_26.StaticMeshComponent0 Cube'.
[2017.01.15-13.23.07:055][618]LogPhysics:Warning: Scale 'X=20.000 Y=18.750 Z=0.000' is not valid on object '/Game/Map/Map.Map:PersistentLevel.Cube_26.StaticMeshComponent0 Cube'.
[2017.01.15-13.23.07:055][618]LogPhysics:Warning: Scale 'X=20.000 Y=18.750 Z=0.000' is not valid on object '/Game/Map/Map.Map:PersistentLevel.Cube_26.StaticMeshComponent0 Cube'.
[2017.01.15-13.23.07:064][619]LogPhysics:Warning: Scale 'X=20.000 Y=18.750 Z=0.000' is not valid on object '/Game/Map/Map.Map:PersistentLevel.Cube_26.StaticMeshComponent0 Cube'.
[2017.01.15-13.23.07:064][619]LogPhysics:Warning: Scale 'X=20.000 Y=18.750 Z=0.000' is not valid on object '/Game/Map/Map.Map:PersistentLevel.Cube_26.StaticMeshComponent0 Cube'.
[2017.01.15-13.23.07:076][620]LogPhysics:Warning: Scale 'X=20.000 Y=18.750 Z=0.000' is not valid on object '/Game/Map/Map.Map:PersistentLevel.Cube_26.StaticMeshComponent0 Cube'.
[2017.01.15-13.23.07:077][620]LogPhysics:Warning: Scale 'X=20.000 Y=18.750 Z=0.000' is not valid on object '/Game/Map/Map.Map:PersistentLevel.Cube_26.StaticMeshComponent0 Cube'.
[2017.01.15-13.23.07:089][621]LogPhysics:Warning: Scale 'X=20.000 Y=18.750 Z=0.000' is not valid on object '/Game/Map/Map.Map:PersistentLevel.Cube_26.StaticMeshComponent0 Cube'.
[2017.01.15-13.23.07:089][621]LogPhysics:Warning: Scale 'X=20.000 Y=18.750 Z=0.000' is not valid on object '/Game/Map/Map.Map:PersistentLevel.Cube_26.StaticMeshComponent0 Cube'.
[2017.01.15-13.23.07:099][622]LogPhysics:Warning: Scale 'X=20.000 Y=18.750 Z=0.000' is not valid on object '/Game/Map/Map.Map:PersistentLevel.Cube_26.StaticMeshComponent0 Cube'.
[2017.01.15-13.23.07:099][622]LogPhysics:Warning: Scale 'X=20.000 Y=18.750 Z=0.000' is not valid on object '/Game/Map/Map.Map:PersistentLevel.Cube_26.StaticMeshComponent0 Cube'.
[2017.01.15-13.23.07:107][623]LogPhysics:Warning: Scale 'X=20.000 Y=18.750 Z=0.000' is not valid on object '/Game/Map/Map.Map:PersistentLevel.Cube_26.StaticMeshComponent0 Cube'.
[2017.01.15-13.23.07:107][623]LogPhysics:Warning: Scale 'X=20.000 Y=18.750 Z=0.000' is not valid on object '/Game/Map/Map.Map:PersistentLevel.Cube_26.StaticMeshComponent0 Cube'.
[2017.01.15-13.23.07:116][624]LogPhysics:Warning: Scale 'X=20.000 Y=18.750 Z=0.000' is not valid on object '/Game/Map/Map.Map:PersistentLevel.Cube_26.StaticMeshComponent0 Cube'.
[2017.01.15-13.23.07:116][624]LogPhysics:Warning: Scale 'X=20.000 Y=18.750 Z=0.000' is not valid on object '/Game/Map/Map.Map:PersistentLevel.Cube_26.StaticMeshComponent0 Cube'.
[2017.01.15-13.23.07:125][625]LogPhysics:Warning: Scale 'X=20.000 Y=18.750 Z=0.000' is not valid on object '/Game/Map/Map.Map:PersistentLevel.Cube_26.StaticMeshComponent0 Cube'.
[2017.01.15-13.23.07:125][625]LogPhysics:Warning: Scale 'X=20.000 Y=18.750 Z=0.000' is not valid on object '/Game/Map/Map.Map:PersistentLevel.Cube_26.StaticMeshComponent0 Cube'.
[2017.01.15-13.23.07:135][626]LogPhysics:Warning: Scale 'X=20.000 Y=18.750 Z=0.000' is not valid on object '/Game/Map/Map.Map:PersistentLevel.Cube_26.StaticMeshComponent0 Cube'.
[2017.01.15-13.23.07:135][626]LogPhysics:Warning: Scale 'X=20.000 Y=18.750 Z=0.000' is not valid on object '/Game/Map/Map.Map:PersistentLevel.Cube_26.StaticMeshComponent0 Cube'.
[2017.01.15-13.23.07:147][627]LogPhysics:Warning: Scale 'X=20.000 Y=18.750 Z=0.000' is not valid on object '/Game/Map/Map.Map:PersistentLevel.Cube_26.StaticMeshComponent0 Cube'.
[2017.01.15-13.23.07:147][627]LogPhysics:Warning: Scale 'X=20.000 Y=18.750 Z=0.000' is not valid on object '/Game/Map/Map.Map:PersistentLevel.Cube_26.StaticMeshComponent0 Cube'.
[2017.01.15-13.23.07:158][628]LogPhysics:Warning: Scale 'X=20.000 Y=18.750 Z=0.000' is not valid on object '/Game/Map/Map.Map:PersistentLevel.Cube_26.StaticMeshComponent0 Cube'.
[2017.01.15-13.23.07:158][628]LogPhysics:Warning: Scale 'X=20.000 Y=18.750 Z=0.000' is not valid on object '/Game/Map/Map.Map:PersistentLevel.Cube_26.StaticMeshComponent0 Cube'.
[2017.01.15-13.23.07:168][629]LogPhysics:Warning: Scale 'X=20.000 Y=18.750 Z=0.000' is not valid on object '/Game/Map/Map.Map:PersistentLevel.Cube_26.StaticMeshComponent0 Cube'.
[2017.01.15-13.23.07:169][629]LogPhysics:Warning: Scale 'X=20.000 Y=18.750 Z=0.000' is not valid on object '/Game/Map/Map.Map:PersistentLevel.Cube_26.StaticMeshComponent0 Cube'.
[2017.01.15-13.23.07:177][630]LogPhysics:Warning: Scale 'X=20.000 Y=18.750 Z=0.000' is not valid on object '/Game/Map/Map.Map:PersistentLevel.Cube_26.StaticMeshComponent0 Cube'.
[2017.01.15-13.23.07:177][630]LogPhysics:Warning: Scale 'X=20.000 Y=18.750 Z=0.000' is not valid on object '/Game/Map/Map.Map:PersistentLevel.Cube_26.StaticMeshComponent0 Cube'.
[2017.01.15-13.23.07:185][631]LogPhysics:Warning: Scale 'X=20.000 Y=18.750 Z=0.000' is not valid on object '/Game/Map/Map.Map:PersistentLevel.Cube_26.StaticMeshComponent0 Cube'.
[2017.01.15-13.23.07:185][631]LogPhysics:Warning: Scale 'X=20.000 Y=18.750 Z=0.000' is not valid on object '/Game/Map/Map.Map:PersistentLevel.Cube_26.StaticMeshComponent0 Cube'.
[2017.01.15-13.23.07:195][632]LogPhysics:Warning: Scale 'X=20.000 Y=18.750 Z=0.000' is not valid on object '/Game/Map/Map.Map:PersistentLevel.Cube_26.StaticMeshComponent0 Cube'.
[2017.01.15-13.23.07:195][632]LogPhysics:Warning: Scale 'X=20.000 Y=18.750 Z=0.000' is not valid on object '/Game/Map/Map.Map:PersistentLevel.Cube_26.StaticMeshComponent0 Cube'.
[2017.01.15-13.23.07:206][633]LogPhysics:Warning: Scale 'X=20.000 Y=18.750 Z=0.000' is not valid on object '/Game/Map/Map.Map:PersistentLevel.Cube_26.StaticMeshComponent0 Cube'.
[2017.01.15-13.23.07:206][633]LogPhysics:Warning: Scale 'X=20.000 Y=18.750 Z=0.000' is not valid on object '/Game/Map/Map.Map:PersistentLevel.Cube_26.StaticMeshComponent0 Cube'.
[2017.01.15-13.23.07:220][634]LogPhysics:Warning: Scale 'X=20.000 Y=18.750 Z=0.000' is not valid on object '/Game/Map/Map.Map:PersistentLevel.Cube_26.StaticMeshComponent0 Cube'.
[2017.01.15-13.23.07:220][634]LogPhysics:Warning: Scale 'X=20.000 Y=18.750 Z=0.000' is not valid on object '/Game/Map/Map.Map:PersistentLevel.Cube_26.StaticMeshComponent0 Cube'.
[2017.01.15-13.23.07:230][635]LogPhysics:Warning: Scale 'X=20.000 Y=18.750 Z=0.000' is not valid on object '/Game/Map/Map.Map:PersistentLevel.Cube_26.StaticMeshComponent0 Cube'.
[2017.01.15-13.23.07:230][635]LogPhysics:Warning: Scale 'X=20.000 Y=18.750 Z=0.000' is not valid on object '/Game/Map/Map.Map:PersistentLevel.Cube_26.StaticMeshComponent0 Cube'.
[2017.01.15-13.23.07:239][636]LogPhysics:Warning: Scale 'X=20.000 Y=18.750 Z=0.000' is not valid on object '/Game/Map/Map.Map:PersistentLevel.Cube_26.StaticMeshComponent0 Cube'.
[2017.01.15-13.23.07:239][636]LogPhysics:Warning: Scale 'X=20.000 Y=18.750 Z=0.000' is not valid on object '/Game/Map/Map.Map:PersistentLevel.Cube_26.StaticMeshComponent0 Cube'.
[2017.01.15-13.23.07:248][637]LogPhysics:Warning: Scale 'X=20.000 Y=18.750 Z=0.000' is not valid on object '/Game/Map/Map.Map:PersistentLevel.Cube_26.StaticMeshComponent0 Cube'.
[2017.01.15-13.23.07:248][637]LogPhysics:Warning: Scale 'X=20.000 Y=18.750 Z=0.000' is not valid on object '/Game/Map/Map.Map:PersistentLevel.Cube_26.StaticMeshComponent0 Cube'.
[2017.01.15-13.23.07:256][638]LogPhysics:Warning: Scale 'X=20.000 Y=18.750 Z=0.000' is not valid on object '/Game/Map/Map.Map:PersistentLevel.Cube_26.StaticMeshComponent0 Cube'.
[2017.01.15-13.23.07:256][638]LogPhysics:Warning: Scale 'X=20.000 Y=18.750 Z=0.000' is not valid on object '/Game/Map/Map.Map:PersistentLevel.Cube_26.StaticMeshComponent0 Cube'.
[2017.01.15-13.23.07:268][639]LogPhysics:Warning: Scale 'X=20.000 Y=18.750 Z=0.000' is not valid on object '/Game/Map/Map.Map:PersistentLevel.Cube_26.StaticMeshComponent0 Cube'.
[2017.01.15-13.23.07:268][639]LogPhysics:Warning: Scale 'X=20.000 Y=18.750 Z=0.000' is not valid on object '/Game/Map/Map.Map:PersistentLevel.Cube_26.StaticMeshComponent0 Cube'.
[2017.01.15-13.23.07:280][640]LogPhysics:Warning: Scale 'X=20.000 Y=18.750 Z=0.000' is not valid on object '/Game/Map/Map.Map:PersistentLevel.Cube_26.StaticMeshComponent0 Cube'.
[2017.01.15-13.23.07:280][640]LogPhysics:Warning: Scale 'X=20.000 Y=18.750 Z=0.000' is not valid on object '/Game/Map/Map.Map:PersistentLevel.Cube_26.StaticMeshComponent0 Cube'.
[2017.01.15-13.23.07:292][641]LogPhysics:Warning: Scale 'X=20.000 Y=18.750 Z=0.000' is not valid on object '/Game/Map/Map.Map:PersistentLevel.Cube_26.StaticMeshComponent0 Cube'.
[2017.01.15-13.23.07:292][641]LogPhysics:Warning: Scale 'X=20.000 Y=18.750 Z=0.000' is not valid on object '/Game/Map/Map.Map:PersistentLevel.Cube_26.StaticMeshComponent0 Cube'.
[2017.01.15-13.23.07:528][666]LogPhysics:Warning: Scale 'X=20.000 Y=18.750 Z=0.000' is not valid on object '/Game/Map/Map.Map:PersistentLevel.Cube_26.StaticMeshComponent0 Cube'.
[2017.01.15-13.23.07:528][666]LogPhysics:Warning: Scale 'X=20.000 Y=18.750 Z=0.000' is not valid on object '/Game/Map/Map.Map:PersistentLevel.Cube_26.StaticMeshComponent0 Cube'.
[2017.01.15-13.23.07:539][667]LogPhysics:Warning: Scale 'X=20.000 Y=18.750 Z=0.000' is not valid on object '/Game/Map/Map.Map:PersistentLevel.Cube_26.StaticMeshComponent0 Cube'.
[2017.01.15-13.23.07:539][667]LogPhysics:Warning: Scale 'X=20.000 Y=18.750 Z=0.000' is not valid on object '/Game/Map/Map.Map:PersistentLevel.Cube_26.StaticMeshComponent0 Cube'.
[2017.01.15-13.23.07:549][668]LogPhysics:Warning: Scale 'X=20.000 Y=18.750 Z=0.000' is not valid on object '/Game/Map/Map.Map:PersistentLevel.Cube_26.StaticMeshComponent0 Cube'.
[2017.01.15-13.23.07:549][668]LogPhysics:Warning: Scale 'X=20.000 Y=18.750 Z=0.000' is not valid on object '/Game/Map/Map.Map:PersistentLevel.Cube_26.StaticMeshComponent0 Cube'.
[2017.01.15-13.23.07:558][669]LogPhysics:Warning: Scale 'X=20.000 Y=18.750 Z=0.000' is not valid on object '/Game/Map/Map.Map:PersistentLevel.Cube_26.StaticMeshComponent0 Cube'.
[2017.01.15-13.23.07:558][669]LogPhysics:Warning: Scale 'X=20.000 Y=18.750 Z=0.000' is not valid on object '/Game/Map/Map.Map:PersistentLevel.Cube_26.StaticMeshComponent0 Cube'.
[2017.01.15-13.23.07:574][671]LogPhysics:Warning: Scale 'X=20.000 Y=18.750 Z=0.000' is not valid on object '/Game/Map/Map.Map:PersistentLevel.Cube_26.StaticMeshComponent0 Cube'.
[2017.01.15-13.23.07:574][671]LogPhysics:Warning: Scale 'X=20.000 Y=18.750 Z=0.000' is not valid on object '/Game/Map/Map.Map:PersistentLevel.Cube_26.StaticMeshComponent0 Cube'.
[2017.01.15-13.23.07:597][673]LogPhysics:Warning: Scale 'X=20.000 Y=18.750 Z=0.000' is not valid on object '/Game/Map/Map.Map:PersistentLevel.Cube_26.StaticMeshComponent0 Cube'.
[2017.01.15-13.23.07:597][673]LogPhysics:Warning: Scale 'X=20.000 Y=18.750 Z=0.000' is not valid on object '/Game/Map/Map.Map:PersistentLevel.Cube_26.StaticMeshComponent0 Cube'.
[2017.01.15-13.23.07:609][674]LogPhysics:Warning: Scale 'X=20.000 Y=18.750 Z=0.000' is not valid on object '/Game/Map/Map.Map:PersistentLevel.Cube_26.StaticMeshComponent0 Cube'.
[2017.01.15-13.23.07:609][674]LogPhysics:Warning: Scale 'X=20.000 Y=18.750 Z=0.000' is not valid on object '/Game/Map/Map.Map:PersistentLevel.Cube_26.StaticMeshComponent0 Cube'.
[2017.01.15-13.23.07:634][677]LogPhysics:Warning: Scale 'X=20.000 Y=18.750 Z=0.000' is not valid on object '/Game/Map/Map.Map:PersistentLevel.Cube_26.StaticMeshComponent0 Cube'.
[2017.01.15-13.23.07:634][677]LogPhysics:Warning: Scale 'X=20.000 Y=18.750 Z=0.000' is not valid on object '/Game/Map/Map.Map:PersistentLevel.Cube_26.StaticMeshComponent0 Cube'.
[2017.01.15-13.23.07:664][680]LogPhysics:Warning: Scale 'X=20.000 Y=18.750 Z=0.000' is not valid on object '/Game/Map/Map.Map:PersistentLevel.Cube_26.StaticMeshComponent0 Cube'.
[2017.01.15-13.23.07:664][680]LogPhysics:Warning: Scale 'X=20.000 Y=18.750 Z=0.000' is not valid on object '/Game/Map/Map.Map:PersistentLevel.Cube_26.StaticMeshComponent0 Cube'.
[2017.01.15-13.23.07:684][682]LogPhysics:Warning: Scale 'X=20.000 Y=18.750 Z=0.000' is not valid on object '/Game/Map/Map.Map:PersistentLevel.Cube_26.StaticMeshComponent0 Cube'.
[2017.01.15-13.23.07:684][682]LogPhysics:Warning: Scale 'X=20.000 Y=18.750 Z=0.000' is not valid on object '/Game/Map/Map.Map:PersistentLevel.Cube_26.StaticMeshComponent0 Cube'.
[2017.01.15-13.23.07:742][688]LogPhysics:Warning: Scale 'X=20.000 Y=18.750 Z=0.000' is not valid on object '/Game/Map/Map.Map:PersistentLevel.Cube_26.StaticMeshComponent0 Cube'.
[2017.01.15-13.23.07:742][688]LogPhysics:Warning: Scale 'X=20.000 Y=18.750 Z=0.000' is not valid on object '/Game/Map/Map.Map:PersistentLevel.Cube_26.StaticMeshComponent0 Cube'.
[2017.01.15-13.23.07:751][689]LogPhysics:Warning: Scale 'X=20.000 Y=18.750 Z=0.000' is not valid on object '/Game/Map/Map.Map:PersistentLevel.Cube_26.StaticMeshComponent0 Cube'.
[2017.01.15-13.23.07:751][689]LogPhysics:Warning: Scale 'X=20.000 Y=18.750 Z=0.000' is not valid on object '/Game/Map/Map.Map:PersistentLevel.Cube_26.StaticMeshComponent0 Cube'.
[2017.01.15-13.23.07:776][692]LogPhysics:Warning: Scale 'X=20.000 Y=18.750 Z=0.000' is not valid on object '/Game/Map/Map.Map:PersistentLevel.Cube_26.StaticMeshComponent0 Cube'.
[2017.01.15-13.23.07:776][692]LogPhysics:Warning: Scale 'X=20.000 Y=18.750 Z=0.000' is not valid on object '/Game/Map/Map.Map:PersistentLevel.Cube_26.StaticMeshComponent0 Cube'.
[2017.01.15-13.23.07:853][700]LogPhysics:Warning: Scale 'X=20.000 Y=18.750 Z=0.000' is not valid on object '/Game/Map/Map.Map:PersistentLevel.Cube_26.StaticMeshComponent0 Cube'.
[2017.01.15-13.23.07:853][700]LogPhysics:Warning: Scale 'X=20.000 Y=18.750 Z=0.000' is not valid on object '/Game/Map/Map.Map:PersistentLevel.Cube_26.StaticMeshComponent0 Cube'.
[2017.01.15-13.23.07:911][706]LogPhysics:Warning: Scale 'X=20.000 Y=18.750 Z=0.000' is not valid on object '/Game/Map/Map.Map:PersistentLevel.Cube_26.StaticMeshComponent0 Cube'.
[2017.01.15-13.23.07:911][706]LogPhysics:Warning: Scale 'X=20.000 Y=18.750 Z=0.000' is not valid on object '/Game/Map/Map.Map:PersistentLevel.Cube_26.StaticMeshComponent0 Cube'.
[2017.01.15-13.23.07:961][711]LogPhysics:Warning: Scale 'X=20.000 Y=18.750 Z=0.000' is not valid on object '/Game/Map/Map.Map:PersistentLevel.Cube_26.StaticMeshComponent0 Cube'.
[2017.01.15-13.23.07:961][711]LogPhysics:Warning: Scale 'X=20.000 Y=18.750 Z=0.000' is not valid on object '/Game/Map/Map.Map:PersistentLevel.Cube_26.StaticMeshComponent0 Cube'.
[2017.01.15-13.23.07:969][712]LogPhysics:Warning: Scale 'X=20.000 Y=18.750 Z=0.000' is not valid on object '/Game/Map/Map.Map:PersistentLevel.Cube_26.StaticMeshComponent0 Cube'.
[2017.01.15-13.23.07:970][712]LogPhysics:Warning: Scale 'X=20.000 Y=18.750 Z=0.000' is not valid on object '/Game/Map/Map.Map:PersistentLevel.Cube_26.StaticMeshComponent0 Cube'.
[2017.01.15-13.23.08:044][720]LogPhysics:Warning: Scale 'X=20.000 Y=18.750 Z=0.000' is not valid on object '/Game/Map/Map.Map:PersistentLevel.Cube_26.StaticMeshComponent0 Cube'.
[2017.01.15-13.23.08:044][720]LogPhysics:Warning: Scale 'X=20.000 Y=18.750 Z=0.000' is not valid on object '/Game/Map/Map.Map:PersistentLevel.Cube_26.StaticMeshComponent0 Cube'.
[2017.01.15-13.23.08:078][723]LogPhysics:Warning: Scale 'X=20.000 Y=18.750 Z=0.000' is not valid on object '/Game/Map/Map.Map:PersistentLevel.Cube_26.StaticMeshComponent0 Cube'.
[2017.01.15-13.23.08:078][723]LogPhysics:Warning: Scale 'X=20.000 Y=18.750 Z=0.000' is not valid on object '/Game/Map/Map.Map:PersistentLevel.Cube_26.StaticMeshComponent0 Cube'.
[2017.01.15-13.23.08:124][728]LogPhysics:Warning: Scale 'X=20.000 Y=18.750 Z=0.000' is not valid on object '/Game/Map/Map.Map:PersistentLevel.Cube_26.StaticMeshComponent0 Cube'.
[2017.01.15-13.23.08:124][728]LogPhysics:Warning: Scale 'X=20.000 Y=18.750 Z=0.000' is not valid on object '/Game/Map/Map.Map:PersistentLevel.Cube_26.StaticMeshComponent0 Cube'.
[2017.01.15-13.23.08:194][735]LogPhysics:Warning: Scale 'X=20.000 Y=18.750 Z=0.000' is not valid on object '/Game/Map/Map.Map:PersistentLevel.Cube_26.StaticMeshComponent0 Cube'.
[2017.01.15-13.23.08:194][735]LogPhysics:Warning: Scale 'X=20.000 Y=18.750 Z=0.000' is not valid on object '/Game/Map/Map.Map:PersistentLevel.Cube_26.StaticMeshComponent0 Cube'.
[2017.01.15-13.23.08:264][742]LogPhysics:Warning: Scale 'X=20.000 Y=18.750 Z=0.000' is not valid on object '/Game/Map/Map.Map:PersistentLevel.Cube_26.StaticMeshComponent0 Cube'.
[2017.01.15-13.23.08:264][742]LogPhysics:Warning: Scale 'X=20.000 Y=18.750 Z=0.000' is not valid on object '/Game/Map/Map.Map:PersistentLevel.Cube_26.StaticMeshComponent0 Cube'.
[2017.01.15-13.23.08:394][755]LogPhysics:Warning: Scale 'X=20.000 Y=18.750 Z=0.000' is not valid on object '/Game/Map/Map.Map:PersistentLevel.Cube_26.StaticMeshComponent0 Cube'.
[2017.01.15-13.23.08:394][755]LogPhysics:Warning: Scale 'X=20.000 Y=18.750 Z=0.000' is not valid on object '/Game/Map/Map.Map:PersistentLevel.Cube_26.StaticMeshComponent0 Cube'.
[2017.01.15-13.23.08:450][761]LogPhysics:Warning: Scale 'X=20.000 Y=18.750 Z=0.000' is not valid on object '/Game/Map/Map.Map:PersistentLevel.Cube_26.StaticMeshComponent0 Cube'.
[2017.01.15-13.23.08:450][761]LogPhysics:Warning: Scale 'X=20.000 Y=18.750 Z=0.000' is not valid on object '/Game/Map/Map.Map:PersistentLevel.Cube_26.StaticMeshComponent0 Cube'.
[2017.01.15-13.23.08:518][768]LogPhysics:Warning: Scale 'X=20.000 Y=18.750 Z=0.000' is not valid on object '/Game/Map/Map.Map:PersistentLevel.Cube_26.StaticMeshComponent0 Cube'.
[2017.01.15-13.23.08:518][768]LogPhysics:Warning: Scale 'X=20.000 Y=18.750 Z=0.000' is not valid on object '/Game/Map/Map.Map:PersistentLevel.Cube_26.StaticMeshComponent0 Cube'.
[2017.01.15-13.23.08:745][790]LogPhysics:Warning: Scale 'X=20.000 Y=18.750 Z=0.000' is not valid on object '/Game/Map/Map.Map:PersistentLevel.Cube_26.StaticMeshComponent0 Cube'.
[2017.01.15-13.23.08:745][790]LogPhysics:Warning: Scale 'X=20.000 Y=18.750 Z=0.000' is not valid on object '/Game/Map/Map.Map:PersistentLevel.Cube_26.StaticMeshComponent0 Cube'.
[2017.01.15-13.23.08:811][797]LogPhysics:Warning: Scale 'X=20.000 Y=18.750 Z=0.000' is not valid on object '/Game/Map/Map.Map:PersistentLevel.Cube_26.StaticMeshComponent0 Cube'.
[2017.01.15-13.23.08:811][797]LogPhysics:Warning: Scale 'X=20.000 Y=18.750 Z=0.000' is not valid on object '/Game/Map/Map.Map:PersistentLevel.Cube_26.StaticMeshComponent0 Cube'.
[2017.01.15-13.23.09:134][831]LogPhysics:Warning: Scale 'X=20.000 Y=18.750 Z=0.000' is not valid on object '/Game/Map/Map.Map:PersistentLevel.Cube_26.StaticMeshComponent0 Cube'.
[2017.01.15-13.23.09:134][831]LogPhysics:Warning: Scale 'X=20.000 Y=18.750 Z=0.000' is not valid on object '/Game/Map/Map.Map:PersistentLevel.Cube_26.StaticMeshComponent0 Cube'.
[2017.01.15-13.23.09:161][834]LogPhysics:Warning: Scale 'X=20.000 Y=18.750 Z=0.000' is not valid on object '/Game/Map/Map.Map:PersistentLevel.Cube_26.StaticMeshComponent0 Cube'.
[2017.01.15-13.23.09:161][834]LogPhysics:Warning: Scale 'X=20.000 Y=18.750 Z=0.000' is not valid on object '/Game/Map/Map.Map:PersistentLevel.Cube_26.StaticMeshComponent0 Cube'.
[2017.01.15-13.23.09:902][911]LogPhysics:Warning: Scale 'X=20.000 Y=18.750 Z=0.000' is not valid on object '/Game/Map/Map.Map:PersistentLevel.Cube_26.StaticMeshComponent0 Cube'.
[2017.01.15-13.23.09:902][911]LogPhysics:Warning: Scale 'X=20.000 Y=18.750 Z=0.000' is not valid on object '/Game/Map/Map.Map:PersistentLevel.Cube_26.StaticMeshComponent0 Cube'.
[2017.01.15-13.23.09:921][913]LogPhysics:Warning: Scale 'X=20.000 Y=18.750 Z=0.000' is not valid on object '/Game/Map/Map.Map:PersistentLevel.Cube_26.StaticMeshComponent0 Cube'.
[2017.01.15-13.23.09:921][913]LogPhysics:Warning: Scale 'X=20.000 Y=18.750 Z=0.000' is not valid on object '/Game/Map/Map.Map:PersistentLevel.Cube_26.StaticMeshComponent0 Cube'.
[2017.01.15-13.23.10:150][937]LogPhysics:Warning: Scale 'X=20.000 Y=18.750 Z=0.000' is not valid on object '/Game/Map/Map.Map:PersistentLevel.Cube_26.StaticMeshComponent0 Cube'.
[2017.01.15-13.23.10:150][937]LogPhysics:Warning: Scale 'X=20.000 Y=18.750 Z=0.000' is not valid on object '/Game/Map/Map.Map:PersistentLevel.Cube_26.StaticMeshComponent0 Cube'.
[2017.01.15-13.23.10:164][938]LogPhysics:Warning: Scale 'X=20.000 Y=18.750 Z=0.000' is not valid on object '/Game/Map/Map.Map:PersistentLevel.Cube_26.StaticMeshComponent0 Cube'.
[2017.01.15-13.23.10:165][938]LogPhysics:Warning: Scale 'X=20.000 Y=18.750 Z=0.000' is not valid on object '/Game/Map/Map.Map:PersistentLevel.Cube_26.StaticMeshComponent0 Cube'.
[2017.01.15-13.23.10:184][940]LogPhysics:Warning: Scale 'X=20.000 Y=18.750 Z=0.000' is not valid on object '/Game/Map/Map.Map:PersistentLevel.Cube_26.StaticMeshComponent0 Cube'.
[2017.01.15-13.23.10:184][940]LogPhysics:Warning: Scale 'X=20.000 Y=18.750 Z=0.000' is not valid on object '/Game/Map/Map.Map:PersistentLevel.Cube_26.StaticMeshComponent0 Cube'.
[2017.01.15-13.23.10:200][942]LogPhysics:Warning: Scale 'X=20.000 Y=18.750 Z=0.000' is not valid on object '/Game/Map/Map.Map:PersistentLevel.Cube_26.StaticMeshComponent0 Cube'.
[2017.01.15-13.23.10:200][942]LogPhysics:Warning: Scale 'X=20.000 Y=18.750 Z=0.000' is not valid on object '/Game/Map/Map.Map:PersistentLevel.Cube_26.StaticMeshComponent0 Cube'.
[2017.01.15-13.23.10:209][943]LogPhysics:Warning: Scale 'X=20.000 Y=18.750 Z=0.000' is not valid on object '/Game/Map/Map.Map:PersistentLevel.Cube_26.StaticMeshComponent0 Cube'.
[2017.01.15-13.23.10:209][943]LogPhysics:Warning: Scale 'X=20.000 Y=18.750 Z=0.000' is not valid on object '/Game/Map/Map.Map:PersistentLevel.Cube_26.StaticMeshComponent0 Cube'.
[2017.01.15-13.23.10:251][947]LogPhysics:Warning: Scale 'X=20.000 Y=18.750 Z=0.000' is not valid on object '/Game/Map/Map.Map:PersistentLevel.Cube_26.StaticMeshComponent0 Cube'.
[2017.01.15-13.23.10:251][947]LogPhysics:Warning: Scale 'X=20.000 Y=18.750 Z=0.000' is not valid on object '/Game/Map/Map.Map:PersistentLevel.Cube_26.StaticMeshComponent0 Cube'.
[2017.01.15-13.23.11:163][ 41]LogPhysics:Warning: Scale 'X=20.000 Y=18.750 Z=0.000' is not valid on object '/Game/Map/Map.Map:PersistentLevel.Cube_26.StaticMeshComponent0 Cube'.
[2017.01.15-13.23.11:163][ 41]LogPhysics:Warning: Scale 'X=20.000 Y=18.750 Z=0.000' is not valid on object '/Game/Map/Map.Map:PersistentLevel.Cube_26.StaticMeshComponent0 Cube'.
[2017.01.15-13.23.11:552][ 82]LogPhysics:Warning: Scale 'X=20.000 Y=18.750 Z=0.000' is not valid on object '/Game/Map/Map.Map:PersistentLevel.Cube_26.StaticMeshComponent0 Cube'.
[2017.01.15-13.23.11:552][ 82]LogPhysics:Warning: Scale 'X=20.000 Y=18.750 Z=0.000' is not valid on object '/Game/Map/Map.Map:PersistentLevel.Cube_26.StaticMeshComponent0 Cube'.
[2017.01.15-13.23.11:612][ 88]LogPhysics:Warning: Scale 'X=20.000 Y=18.750 Z=0.000' is not valid on object '/Game/Map/Map.Map:PersistentLevel.Cube_26.StaticMeshComponent0 Cube'.
[2017.01.15-13.23.11:612][ 88]LogPhysics:Warning: Scale 'X=20.000 Y=18.750 Z=0.000' is not valid on object '/Game/Map/Map.Map:PersistentLevel.Cube_26.StaticMeshComponent0 Cube'.
[2017.01.15-13.23.23:546][278]LogPhysics:Warning: Scale 'X=20.000 Y=18.750 Z=0.000' is not valid on object '/Game/Map/Map.Map:PersistentLevel.Cube_26.StaticMeshComponent0 Cube'.
[2017.01.15-13.23.23:546][278]LogPhysics:Warning: Scale 'X=20.000 Y=18.750 Z=0.000' is not valid on object '/Game/Map/Map.Map:PersistentLevel.Cube_26.StaticMeshComponent0 Cube'.
[2017.01.15-13.24.47:496][609]LogEditorViewport: Clicking on Actor (LMB): StaticMeshActor (stone_4)
[2017.01.15-13.24.53:434][187]LogEditorViewport: Clicking on Actor (LMB): StaticMeshActor (stone_7)
[2017.01.15-13.24.54:976][331]LogEditorViewport: Clicking on Actor (LMB): Landscape (Landscape)
[2017.01.15-13.24.55:414][371]LogEditorViewport: Clicking on Actor (LMB): StaticMeshActor (stone_6)
[2017.01.15-13.25.02:858][104]LogEditorViewport: Clicking on Actor (LMB): StaticMeshActor (stone_11)
[2017.01.15-13.25.06:963][500]LogEditorViewport: Clicking on Actor (LMB): StaticMeshActor (stone_5)
[2017.01.15-13.25.08:524][641]LogEditorViewport: Clicking on Actor (LMB): StaticMeshActor (stone_7)
[2017.01.15-13.25.10:185][796]LogEditorViewport: Clicking on Actor (LMB): StaticMeshActor (stone_02)
[2017.01.15-13.25.11:764][920]LogEditorViewport: Clicking on Actor (LMB): StaticMeshActor (stone_2)
[2017.01.15-13.25.12:656][  1]LogEditorViewport: Clicking on Actor (LMB): StaticMeshActor (stone_3)
[2017.01.15-13.25.14:216][149]LogEditorViewport: Clicking on Actor (LMB): StaticMeshActor (stone_6)
[2017.01.15-13.25.21:927][880]LogEditorViewport: Clicking on Actor (LMB): StaticMeshActor (stone_01)
[2017.01.15-13.25.22:556][928]LogEditorViewport: Clicking on Actor (LMB): Landscape (Landscape)
[2017.01.15-13.25.22:930][961]LogEditorViewport: Clicking on Actor (LMB): StaticMeshActor (stone_4)
[2017.01.15-13.30.17:920][582]Cmd: OBJ SAVEPACKAGE PACKAGE="/Game/Map/Map" FILE="../../../../../../MP2/project_nomad/Project_Nomand/Saved/Autosaves/Game/Map/Map_Auto1.umap" SILENT=true AUTOSAVING=true KEEPDIRTY=false
[2017.01.15-13.30.18:386][582]LogSavePackage: Save=397.39ms
[2017.01.15-13.30.18:386][582]LogSavePackage: Moving '../../../../../../MP2/project_nomad/Project_Nomand/Saved/Map_Auto1C02FF4FE4DC2188956807E9715960E45.tmp' to '../../../../../../MP2/project_nomad/Project_Nomand/Saved/Autosaves/Game/Map/Map_Auto1.umap'
[2017.01.15-13.30.18:387][582]LogSavePackage:Display: Finished SavePackage ../../../../../../MP2/project_nomad/Project_Nomand/Saved/Autosaves/Game/Map/Map_Auto1.umap
[2017.01.15-13.30.18:389][582]LogFileHelpers: Editor autosave (incl. sublevels) for '/Game/Map/Map' took 0.612
[2017.01.15-13.30.18:389][582]LogFileHelpers: Editor autosave (incl. sublevels) for all levels took 0.612
[2017.01.15-14.15.45:897][717]LogEditorViewport: Clicking on Actor (LMB): Landscape (Landscape)
[2017.01.15-15.12.36:512][437]LogBlueprintUserMessages: Early PlayInEditor Detection: Level '/Game/Map/Map.Map:PersistentLevel' has LevelScriptBlueprint '/Game/Map/Map.Map:PersistentLevel.Map' with GeneratedClass '/Game/Map/Map.Map_C' with ClassGeneratedBy '/Game/Map/Map.Map:PersistentLevel.Map'
[2017.01.15-15.12.36:513][437]LogPlayLevel: PlayLevel: No blueprints needed recompiling
[2017.01.15-15.12.36:535][437]PIE: New page: PIE session: Map (Jan 15, 2017, 5:12:36 PM)
[2017.01.15-15.12.36:536][437]LogPlayLevel: Creating play world package: /Game/Map/UEDPIE_0_Map
[2017.01.15-15.12.36:646][437]LogPlayLevel: PIE: StaticDuplicateObject took: (0.110248s)
[2017.01.15-15.12.36:650][437]LogAIModule: Creating AISystem for world Map
[2017.01.15-15.12.36:650][437]LogPlayLevel: PIE: World Init took: (0.003837s)
[2017.01.15-15.12.36:651][437]LogPlayLevel: PIE: Created PIE world by copying editor world from /Game/Map/Map.Map to /Game/Map/UEDPIE_0_Map.Map (0.115512s)
[2017.01.15-15.12.36:706][437]LogInit: XAudio2 using 'Lautsprecher (SteelSeries Siberia 350)' : 2 channels at 44.1 kHz using 16 bits per sample (channel mask 0x3)
[2017.01.15-15.12.36:728][437]LogInit: FAudioDevice initialized.
[2017.01.15-15.12.36:908][437]LogWorld: Game class is 'GameMode'
[2017.01.15-15.12.36:945][437]LogPhysics:Warning: AddConvexElemsToRigidActor: [/Engine/BasicShapes/Cube.Cube] ConvexElem[0] invalid
[2017.01.15-15.12.36:947][437]LogWorld: Bringing World /Game/Map/UEDPIE_0_Map.Map up for play (max tick rate 0) at 2017.01.15-16.12.36
[2017.01.15-15.12.37:026][437]LogWorld: Bringing up level for play took: 0.090717
[2017.01.15-15.12.37:068][437]LogContentBrowser: Native class hierarchy updated for 'MovieSceneCapture' in 0.0020 seconds. Added 11 classes and 0 folders.
[2017.01.15-15.12.37:080][437]PIE: Info Play in editor start time for /Game/Map/UEDPIE_0_Map 0.949
[2017.01.15-15.12.37:080][437]LogBlueprintUserMessages: Late PlayInEditor Detection: Level '/Game/Map/Map.Map:PersistentLevel' has LevelScriptBlueprint '/Game/Map/Map.Map:PersistentLevel.Map' with GeneratedClass '/Game/Map/Map.Map_C' with ClassGeneratedBy '/Game/Map/Map.Map:PersistentLevel.Map'
[2017.01.15-15.12.37:200][438]LogCharacterMovement:Warning: GetSimulationTimeStep() - Max iterations 8 hit while remaining time 0.062048 > MaxSimulationTimeStep (0.050) for 'Character_Controller_536', movement 'Walking'
[2017.01.15-15.13.06:827][779]LogBlueprintUserMessages: [InventoryWidget_C_0] Hello
[2017.01.15-15.13.08:452][960]LogBlueprintUserMessages: [InventoryWidget_C_0] Hello
[2017.01.15-15.13.17:711][986]LogBlueprintUserMessages: [AI_Greater_Spider_2] Hello
[2017.01.15-15.13.28:967][248]LogBlueprintUserMessages: [AI_Greater_Spider_2] Hello
[2017.01.15-15.13.31:473][528]LogBlueprintUserMessages: [AI_Greater_Spider_2] Hello
[2017.01.15-15.13.47:757][348]LogBlueprintUserMessages: Early EndPlayMap Detection: Level '/Game/Map/Map.Map:PersistentLevel' has LevelScriptBlueprint '/Game/Map/Map.Map:PersistentLevel.Map' with GeneratedClass '/Game/Map/Map.Map_C' with ClassGeneratedBy '/Game/Map/Map.Map:PersistentLevel.Map'
[2017.01.15-15.13.47:876][348]LogBlueprintUserMessages: Late EndPlayMap Detection: Level '/Game/Map/Map.Map:PersistentLevel' has LevelScriptBlueprint '/Game/Map/Map.Map:PersistentLevel.Map' with GeneratedClass '/Game/Map/Map.Map_C' with ClassGeneratedBy '/Game/Map/Map.Map:PersistentLevel.Map'
[2017.01.15-15.46.05:890][459]Cmd: OBJ SAVEPACKAGE PACKAGE="/Game/Map/Map" FILE="../../../../../../MP2/project_nomad/Project_Nomand/Content/Map/Map.umap" SILENT=true AUTOSAVING=false KEEPDIRTY=false
[2017.01.15-15.46.06:277][459]LogSavePackage: Save=361.17ms
[2017.01.15-15.46.06:277][459]LogSavePackage: Moving '../../../../../../MP2/project_nomad/Project_Nomand/Saved/MapD35B8B4F4F25C03E67CDA8B84C9F0A93.tmp' to '../../../../../../MP2/project_nomad/Project_Nomand/Content/Map/Map.umap'
[2017.01.15-15.46.06:279][459]LogSavePackage:Display: Finished SavePackage ../../../../../../MP2/project_nomad/Project_Nomand/Content/Map/Map.umap
[2017.01.15-15.46.06:322][459]LogFileHelpers: Saving map 'Map' took 0.478
[2017.01.15-15.46.06:739][460]Cmd: QUIT_EDITOR
[2017.01.15-15.46.06:978][460]LogWindowsTextInputMethodSystem:Display: IME system now deactivated.
[2017.01.15-15.46.07:006][460]LogExit: Preparing to exit.
[2017.01.15-15.46.08:225][460]LogExit: Editor shut down
[2017.01.15-15.46.08:226][460]LogExit: Transaction tracking system shut down
[2017.01.15-15.46.08:422][460]LogObj: Freed 0b from 0 cluster array pools.
[2017.01.15-15.46.08:422][460]LogExit: Object subsystem successfully closed.
[2017.01.15-15.46.08:458][460]LogD3D11RHI: Shutdown
[2017.01.15-15.46.08:458][460]LogD3D11RHI: CleanupD3DDevice
[2017.01.15-15.46.08:565][460]LogD3D11RHI: ~FD3D11DynamicRHI
[2017.01.15-15.46.08:575][460]LogModuleManager: Shutting down and abandoning module MovieSceneCapture (215)
[2017.01.15-15.46.08:575][460]LogModuleManager: Shutting down and abandoning module MaterialEditor (214)
[2017.01.15-15.46.08:575][460]LogModuleManager: Shutting down and abandoning module HierarchicalLODOutliner (213)
[2017.01.15-15.46.08:576][460]LogModuleManager: Shutting down and abandoning module CrashTracker (212)
[2017.01.15-15.46.08:576][460]LogModuleManager: Shutting down and abandoning module SceneOutliner (211)
[2017.01.15-15.46.08:576][460]LogModuleManager: Shutting down and abandoning module WidgetCarousel (210)
[2017.01.15-15.46.08:576][460]LogModuleManager: Shutting down and abandoning module AddContentDialog (209)
[2017.01.15-15.46.08:581][460]LogModuleManager: Shutting down and abandoning module GameplayTags (208)
[2017.01.15-15.46.08:581][460]LogModuleManager: Shutting down and abandoning module EditorWidgets (207)
[2017.01.15-15.46.08:581][460]LogModuleManager: Shutting down and abandoning module CollectionManager (206)
[2017.01.15-15.46.08:581][460]LogModuleManager: Shutting down and abandoning module StatsViewer (205)
[2017.01.15-15.46.08:581][460]LogModuleManager: Shutting down and abandoning module FoliageEdit (204)
[2017.01.15-15.46.08:581][460]LogModuleManager: Shutting down and abandoning module LandscapeEditor (203)
[2017.01.15-15.46.08:581][460]LogModuleManager: Shutting down and abandoning module SceneDepthPickerMode (202)
[2017.01.15-15.46.08:581][460]LogModuleManager: Shutting down and abandoning module ActorPickerMode (201)
[2017.01.15-15.46.08:581][460]LogModuleManager: Shutting down and abandoning module GeometryMode (200)
[2017.01.15-15.46.08:581][460]LogModuleManager: Shutting down and abandoning module TextureAlignMode (199)
[2017.01.15-15.46.08:581][460]LogModuleManager: Shutting down and abandoning module BspMode (198)
[2017.01.15-15.46.08:581][460]LogModuleManager: Shutting down and abandoning module HardwareSurvey (197)
[2017.01.15-15.46.08:581][460]LogModuleManager: Shutting down and abandoning module SequenceRecorderSections (196)
[2017.01.15-15.46.08:581][460]LogModuleManager: Shutting down and abandoning module SequenceRecorder (195)
[2017.01.15-15.46.08:581][460]LogModuleManager: Shutting down and abandoning module AutomationWorker (194)
[2017.01.15-15.46.08:581][460]LogModuleManager: Shutting down and abandoning module MatineeToLevelSequence (193)
[2017.01.15-15.46.08:581][460]LogModuleManager: Shutting down and abandoning module PlacementMode (192)
[2017.01.15-15.46.08:581][460]LogModuleManager: Shutting down and abandoning module LevelSequenceEditor (191)
[2017.01.15-15.46.08:582][460]LogModuleManager: Shutting down and abandoning module CharacterAI (190)
[2017.01.15-15.46.08:582][460]LogModuleManager: Shutting down and abandoning module SmartSnapping (189)
[2017.01.15-15.46.08:582][460]LogModuleManager: Shutting down and abandoning module SessionServices (188)
[2017.01.15-15.46.08:582][460]LogModuleManager: Shutting down and abandoning module ViewportSnapping (187)
[2017.01.15-15.46.08:582][460]LogModuleManager: Shutting down and abandoning module LogVisualizer (186)
[2017.01.15-15.46.08:582][460]LogModuleManager: Shutting down and abandoning module GameProjectGeneration (185)
[2017.01.15-15.46.08:582][460]LogModuleManager: Shutting down and abandoning module IntroTutorials (184)
[2017.01.15-15.46.08:582][460]LogModuleManager: Shutting down and abandoning module EditorLiveStreaming (183)
[2017.01.15-15.46.08:582][460]LogModuleManager: Shutting down and abandoning module IOSPlatformEditor (182)
[2017.01.15-15.46.08:582][460]LogModuleManager: Shutting down and abandoning module HTML5PlatformEditor (181)
[2017.01.15-15.46.08:582][460]LogModuleManager: Shutting down and abandoning module AndroidDeviceDetection (180)
[2017.01.15-15.46.09:179][460]LogModuleManager: Shutting down and abandoning module AndroidPlatformEditor (179)
[2017.01.15-15.46.09:180][460]LogModuleManager: Shutting down and abandoning module IOSRuntimeSettings (178)
[2017.01.15-15.46.09:180][460]LogModuleManager: Shutting down and abandoning module AndroidRuntimeSettings (177)
[2017.01.15-15.46.09:180][460]LogModuleManager: Shutting down and abandoning module MergeActors (176)
[2017.01.15-15.46.09:180][460]LogModuleManager: Shutting down and abandoning module SizeMap (175)
[2017.01.15-15.46.09:180][460]LogModuleManager: Shutting down and abandoning module TreeMap (174)
[2017.01.15-15.46.09:180][460]LogModuleManager: Shutting down and abandoning module ReferenceViewer (173)
[2017.01.15-15.46.09:180][460]LogModuleManager: Shutting down and abandoning module LocalizationService (172)
[2017.01.15-15.46.09:180][460]LogModuleManager: Shutting down and abandoning module LocalizationDashboard (171)
[2017.01.15-15.46.09:180][460]LogModuleManager: Shutting down and abandoning module HardwareTargeting (170)
[2017.01.15-15.46.09:180][460]LogModuleManager: Shutting down and abandoning module DeviceProfileEditor (169)
[2017.01.15-15.46.09:180][460]LogModuleManager: Shutting down and abandoning module UndoHistory (168)
[2017.01.15-15.46.09:180][460]LogModuleManager: Shutting down and abandoning module UserFeedback (167)
[2017.01.15-15.46.09:180][460]LogModuleManager: Shutting down and abandoning module XmlParser (166)
[2017.01.15-15.46.09:180][460]LogModuleManager: Shutting down and abandoning module Blutility (165)
[2017.01.15-15.46.09:180][460]LogModuleManager: Shutting down and abandoning module ProjectTargetPlatformEditor (164)
[2017.01.15-15.46.09:180][460]LogModuleManager: Shutting down and abandoning module ProjectSettingsViewer (163)
[2017.01.15-15.46.09:180][460]LogModuleManager: Shutting down and abandoning module InputBindingEditor (162)
[2017.01.15-15.46.09:181][460]LogModuleManager: Shutting down and abandoning module EditorSettingsViewer (161)
[2017.01.15-15.46.09:181][460]LogModuleManager: Shutting down and abandoning module SettingsEditor (160)
[2017.01.15-15.46.09:181][460]LogModuleManager: Shutting down and abandoning module ProjectLauncher (159)
[2017.01.15-15.46.09:181][460]LogModuleManager: Shutting down and abandoning module SessionFrontend (158)
[2017.01.15-15.46.09:181][460]LogModuleManager: Shutting down and abandoning module ProfilerClient (157)
[2017.01.15-15.46.09:181][460]LogModuleManager: Shutting down and abandoning module TargetDeviceServices (156)
[2017.01.15-15.46.09:181][460]LogModuleManager: Shutting down and abandoning module DeviceManager (155)
[2017.01.15-15.46.09:233][460]LogModuleManager: Shutting down and abandoning module AutomationController (154)
[2017.01.15-15.46.09:233][460]LogModuleManager: Shutting down and abandoning module AutomationWindow (153)
[2017.01.15-15.46.09:233][460]LogModuleManager: Shutting down and abandoning module Layers (152)
[2017.01.15-15.46.09:233][460]LogModuleManager: Shutting down and abandoning module ComponentVisualizers (151)
[2017.01.15-15.46.09:233][460]LogModuleManager: Shutting down and abandoning module DetailCustomizations (150)
[2017.01.15-15.46.09:233][460]LogModuleManager: Shutting down and abandoning module PackagesDialog (149)
[2017.01.15-15.46.09:233][460]LogModuleManager: Shutting down and abandoning module Persona (148)
[2017.01.15-15.46.09:234][460]LogModuleManager: Shutting down and abandoning module Kismet (147)
[2017.01.15-15.46.09:234][460]LogModuleManager: Shutting down and abandoning module GraphEditor (146)
[2017.01.15-15.46.09:234][460]LogModuleManager: Shutting down and abandoning module ClassViewer (145)
[2017.01.15-15.46.09:234][460]LogModuleManager: Shutting down and abandoning module Toolbox (144)
[2017.01.15-15.46.09:234][460]LogModuleManager: Shutting down and abandoning module ModuleUI (143)
[2017.01.15-15.46.09:234][460]LogModuleManager: Shutting down and abandoning module MovieSceneTools (142)
[2017.01.15-15.46.09:234][460]LogModuleManager: Shutting down and abandoning module OutputLog (141)
[2017.01.15-15.46.09:234][460]LogModuleManager: Shutting down and abandoning module GammaUI (140)
[2017.01.15-15.46.09:234][460]LogModuleManager: Shutting down and abandoning module Documentation (139)
[2017.01.15-15.46.09:234][460]LogModuleManager: Shutting down and abandoning module StreamingPauseRendering (138)
[2017.01.15-15.46.09:234][460]LogModuleManager: Shutting down and abandoning module AnalyticsET (137)
[2017.01.15-15.46.09:234][460]LogModuleManager: Shutting down and abandoning module Analytics (136)
[2017.01.15-15.46.09:234][460]LogModuleManager: Shutting down and abandoning module PortalServices (135)
[2017.01.15-15.46.09:234][460]LogModuleManager: Shutting down and abandoning module PortalRpc (134)
[2017.01.15-15.46.09:234][460]LogModuleManager: Shutting down and abandoning module MessagingRpc (133)
[2017.01.15-15.46.09:234][460]LogModuleManager: Shutting down and abandoning module GameplayDebugger (132)
[2017.01.15-15.46.09:234][460]LogModuleManager: Shutting down and abandoning module AITestSuite (131)
[2017.01.15-15.46.09:234][460]LogModuleManager: Shutting down and abandoning module AIModule (130)
[2017.01.15-15.46.09:234][460]LogModuleManager: Shutting down and abandoning module ProfilerService (129)
[2017.01.15-15.46.09:469][460]LogModuleManager: Shutting down and abandoning module TaskGraph (128)
[2017.01.15-15.46.09:469][460]LogModuleManager: Shutting down and abandoning module SlateRemote (127)
[2017.01.15-15.46.09:469][460]LogModuleManager: Shutting down and abandoning module SteamVRController (126)
[2017.01.15-15.46.09:469][460]LogModuleManager: Shutting down and abandoning module SteamVR (125)
[2017.01.15-15.46.09:469][460]LogModuleManager: Shutting down and abandoning module ProceduralMeshComponent (124)
[2017.01.15-15.46.09:469][460]LogModuleManager: Shutting down and abandoning module OculusLibrary (123)
[2017.01.15-15.46.09:469][460]LogModuleManager: Shutting down and abandoning module OculusInput (122)
[2017.01.15-15.46.09:469][460]LogModuleManager: Shutting down and abandoning module CustomMeshComponent (121)
[2017.01.15-15.46.09:469][460]LogModuleManager: Shutting down and abandoning module CableComponent (120)
[2017.01.15-15.46.09:469][460]LogModuleManager: Shutting down and abandoning module ArchVisCharacter (119)
[2017.01.15-15.46.09:469][460]LogModuleManager: Shutting down and abandoning module MediaPlayerEditor (118)
[2017.01.15-15.46.09:469][460]LogModuleManager: Shutting down and abandoning module HTML5Networking (117)
[2017.01.15-15.46.09:469][460]LogModuleManager: Shutting down and abandoning module SuperSearch (116)
[2017.01.15-15.46.09:469][460]LogModuleManager: Shutting down and abandoning module SuperSearchEditor (115)
[2017.01.15-15.46.09:469][460]LogModuleManager: Shutting down and abandoning module SpeedTreeImporter (114)
[2017.01.15-15.46.09:469][460]LogModuleManager: Shutting down and abandoning module PluginBrowser (113)
[2017.01.15-15.46.09:469][460]LogModuleManager: Shutting down and abandoning module EpicSurvey (112)
[2017.01.15-15.46.09:470][460]LogModuleManager: Shutting down and abandoning module DesktopPlatform (111)
[2017.01.15-15.46.09:470][460]LogModuleManager: Shutting down and abandoning module VisualStudioSourceCodeAccess (110)
[2017.01.15-15.46.09:470][460]LogModuleManager: Shutting down and abandoning module UObjectPlugin (109)
[2017.01.15-15.46.09:470][460]LogModuleManager: Shutting down and abandoning module SubversionSourceControl (108)
[2017.01.15-15.46.09:470][460]LogModuleManager: Shutting down and abandoning module PerforceSourceControl (107)
[2017.01.15-15.46.09:470][460]LogModuleManager: Shutting down and abandoning module SourceControl (106)
[2017.01.15-15.46.09:470][460]LogModuleManager: Shutting down and abandoning module GitSourceControl (105)
[2017.01.15-15.46.09:470][460]LogModuleManager: Shutting down and abandoning module LightPropagationVolumeEditor (104)
[2017.01.15-15.46.09:470][460]LogModuleManager: Shutting down and abandoning module PaperTiledImporter (103)
[2017.01.15-15.46.09:470][460]LogModuleManager: Shutting down and abandoning module PaperSpriteSheetImporter (102)
[2017.01.15-15.46.09:470][460]LogModuleManager: Shutting down and abandoning module MeshPaint (101)
[2017.01.15-15.46.09:470][460]LogModuleManager: Shutting down and abandoning module PixelInspectorModule (100)
[2017.01.15-15.46.09:470][460]LogModuleManager: Shutting down and abandoning module HotReload (99)
[2017.01.15-15.46.09:470][460]LogModuleManager: Shutting down and abandoning module MainFrame (98)
[2017.01.15-15.46.09:470][460]LogModuleManager: Shutting down and abandoning module LevelEditor (97)
[2017.01.15-15.46.09:471][460]LogModuleManager: Shutting down and abandoning module ContentBrowser (96)
[2017.01.15-15.46.09:473][460]LogModuleManager: Shutting down and abandoning module Paper2DEditor (95)
[2017.01.15-15.46.09:473][460]LogModuleManager: Shutting down and abandoning module UdpMessaging (94)
[2017.01.15-15.46.09:573][460]LogModuleManager: Shutting down and abandoning module LightPropagationVolumeRuntime (93)
[2017.01.15-15.46.09:573][460]LogModuleManager: Shutting down and abandoning module Paper2D (92)
[2017.01.15-15.46.09:573][460]LogModuleManager: Shutting down and abandoning module WindowsMoviePlayer (91)
[2017.01.15-15.46.09:573][460]LogModuleManager: Shutting down and abandoning module Media (90)
[2017.01.15-15.46.09:573][460]LogModuleManager: Shutting down and abandoning module WmfMedia (89)
[2017.01.15-15.46.09:573][460]LogModuleManager: Shutting down and abandoning module MediaAssets (88)
[2017.01.15-15.46.09:573][460]LogModuleManager: Shutting down and abandoning module GameLiveStreaming (87)
[2017.01.15-15.46.09:573][460]LogModuleManager: Shutting down and abandoning module GameplayTagsEditor (86)
[2017.01.15-15.46.09:573][460]LogModuleManager: Shutting down and abandoning module OnlineBlueprintSupport (85)
[2017.01.15-15.46.09:573][460]LogModuleManager: Shutting down and abandoning module VREditor (84)
[2017.01.15-15.46.09:573][460]LogModuleManager: Shutting down and abandoning module GameplayTasksEditor (83)
[2017.01.15-15.46.09:573][460]LogModuleManager: Shutting down and abandoning module PropertyEditor (82)
[2017.01.15-15.46.09:573][460]LogModuleManager: Shutting down and abandoning module BehaviorTreeEditor (81)
[2017.01.15-15.46.09:573][460]LogModuleManager: Shutting down and abandoning module FunctionalTesting (80)
[2017.01.15-15.46.09:573][460]LogModuleManager: Shutting down and abandoning module CollisionAnalyzer (79)
[2017.01.15-15.46.09:573][460]LogModuleManager: Shutting down and abandoning module Sequencer (78)
[2017.01.15-15.46.09:573][460]LogModuleManager: Shutting down and abandoning module WorkspaceMenuStructure (77)
[2017.01.15-15.46.09:573][460]LogModuleManager: Shutting down and abandoning module MessageLog (76)
[2017.01.15-15.46.09:573][460]LogModuleManager: Shutting down and abandoning module AssetTools (75)
[2017.01.15-15.46.09:573][460]LogModuleManager: Shutting down and abandoning module UMGEditor (74)
[2017.01.15-15.46.09:574][460]LogModuleManager: Shutting down and abandoning module UMG (73)
[2017.01.15-15.46.09:574][460]LogModuleManager: Shutting down and abandoning module SlateReflector (72)
[2017.01.15-15.46.09:574][460]LogModuleManager: Shutting down and abandoning module Slate (71)
[2017.01.15-15.46.09:574][460]LogModuleManager: Shutting down and abandoning module EditorStyle (70)
[2017.01.15-15.46.09:576][460]LogModuleManager: Shutting down and abandoning module SourceCodeAccess (69)
[2017.01.15-15.46.09:576][460]LogModuleManager: Shutting down and abandoning module HeadMountedDisplay (68)
[2017.01.15-15.46.09:576][460]LogModuleManager: Shutting down and abandoning module XAudio2 (67)
[2017.01.15-15.46.09:576][460]LogModuleManager: Shutting down and abandoning module Networking (65)
[2017.01.15-15.46.09:576][460]LogModuleManager: Shutting down and abandoning module Core (64)
[2017.01.15-15.46.09:576][460]LogModuleManager: Shutting down and abandoning module DirectoryWatcher (63)
[2017.01.15-15.46.09:580][460]LogModuleManager: Shutting down and abandoning module AssetRegistry (62)
[2017.01.15-15.46.09:789][460]LogModuleManager: Shutting down and abandoning module KismetCompiler (61)
[2017.01.15-15.46.09:789][460]LogModuleManager: Shutting down and abandoning module PhysXFormats (60)
[2017.01.15-15.46.09:789][460]LogModuleManager: Shutting down and abandoning module MeshUtilities (59)
[2017.01.15-15.46.09:789][460]LogModuleManager: Shutting down and abandoning module DerivedDataCache (58)
[2017.01.15-15.46.09:875][460]LogDerivedDataCache: Shutdown
[2017.01.15-15.46.09:875][460]LogModuleManager: Shutting down and abandoning module VulkanShaderFormat (57)
[2017.01.15-15.46.09:875][460]LogModuleManager: Shutting down and abandoning module ShaderFormatOpenGL (56)
[2017.01.15-15.46.09:875][460]LogModuleManager: Shutting down and abandoning module ShaderFormatD3D (55)
[2017.01.15-15.46.09:875][460]LogModuleManager: Shutting down and abandoning module MetalShaderFormat (54)
[2017.01.15-15.46.09:875][460]LogModuleManager: Shutting down and abandoning module TextureFormatUncompressed (53)
[2017.01.15-15.46.09:875][460]LogModuleManager: Shutting down and abandoning module TextureFormatPVR (52)
[2017.01.15-15.46.09:875][460]LogModuleManager: Shutting down and abandoning module TextureFormatIntelISPCTexComp (51)
[2017.01.15-15.46.09:875][460]LogModuleManager: Shutting down and abandoning module TextureFormatDXT (50)
[2017.01.15-15.46.09:875][460]LogModuleManager: Shutting down and abandoning module ImageWrapper (49)
[2017.01.15-15.46.09:875][460]LogModuleManager: Shutting down and abandoning module TextureFormatASTC (48)
[2017.01.15-15.46.09:875][460]LogModuleManager: Shutting down and abandoning module TextureFormatAndroid (47)
[2017.01.15-15.46.09:875][460]LogModuleManager: Shutting down and abandoning module AudioFormatOpus (46)
[2017.01.15-15.46.09:875][460]LogModuleManager: Shutting down and abandoning module AudioFormatOgg (45)
[2017.01.15-15.46.09:875][460]LogModuleManager: Shutting down and abandoning module AudioFormatADPCM (44)
[2017.01.15-15.46.09:875][460]LogModuleManager: Shutting down and abandoning module LinuxTargetPlatform (43)
[2017.01.15-15.46.09:875][460]LogModuleManager: Shutting down and abandoning module LinuxServerTargetPlatform (42)
[2017.01.15-15.46.09:875][460]LogModuleManager: Shutting down and abandoning module LinuxNoEditorTargetPlatform (41)
[2017.01.15-15.46.09:876][460]LogModuleManager: Shutting down and abandoning module TVOSTargetPlatform (40)
[2017.01.15-15.46.09:876][460]LogModuleManager: Shutting down and abandoning module Messaging (39)
[2017.01.15-15.46.09:876][460]LogModuleManager: Shutting down and abandoning module IOSTargetPlatform (38)
[2017.01.15-15.46.09:876][460]LogModuleManager: Shutting down and abandoning module HTML5TargetPlatform (37)
[2017.01.15-15.46.09:876][460]LogModuleManager: Shutting down and abandoning module Android_PVRTCTargetPlatform (36)
[2017.01.15-15.46.09:876][460]LogModuleManager: Shutting down and abandoning module Android_MultiTargetPlatform (35)
[2017.01.15-15.46.09:876][460]LogModuleManager: Shutting down and abandoning module Android_ETC2TargetPlatform (34)
[2017.01.15-15.46.09:876][460]LogModuleManager: Shutting down and abandoning module Android_ETC1TargetPlatform (33)
[2017.01.15-15.46.09:876][460]LogModuleManager: Shutting down and abandoning module Android_DXTTargetPlatform (32)
[2017.01.15-15.46.09:876][460]LogModuleManager: Shutting down and abandoning module Android_ATCTargetPlatform (31)
[2017.01.15-15.46.09:876][460]LogModuleManager: Shutting down and abandoning module Android_ASTCTargetPlatform (30)
[2017.01.15-15.46.09:876][460]LogModuleManager: Shutting down and abandoning module AndroidTargetPlatform (29)
[2017.01.15-15.46.09:876][460]LogModuleManager: Shutting down and abandoning module WindowsTargetPlatform (28)
[2017.01.15-15.46.09:876][460]LogModuleManager: Shutting down and abandoning module WindowsServerTargetPlatform (27)
[2017.01.15-15.46.09:876][460]LogModuleManager: Shutting down and abandoning module WindowsNoEditorTargetPlatform (26)
[2017.01.15-15.46.09:876][460]LogModuleManager: Shutting down and abandoning module WindowsClientTargetPlatform (25)
[2017.01.15-15.46.09:876][460]LogModuleManager: Shutting down and abandoning module AllDesktopTargetPlatform (24)
[2017.01.15-15.46.09:876][460]LogModuleManager: Shutting down and abandoning module TargetPlatform (23)
[2017.01.15-15.46.09:876][460]LogModuleManager: Shutting down and abandoning module InputCore (22)
[2017.01.15-15.46.09:876][460]LogModuleManager: Shutting down and abandoning module Settings (21)
[2017.01.15-15.46.09:876][460]LogModuleManager: Shutting down and abandoning module OnlineSubsystem (19)
[2017.01.15-15.46.09:876][460]LogModuleManager: Shutting down and abandoning module HTTP (18)
[2017.01.15-15.46.12:881][460]LogModuleManager: Shutting down and abandoning module XMPP (17)
[2017.01.15-15.46.12:881][460]LogModuleManager: Shutting down and abandoning module OculusRift (16)
[2017.01.15-15.46.12:881][460]LogModuleManager: Shutting down and abandoning module ExampleDeviceProfileSelector (15)
[2017.01.15-15.46.12:881][460]LogModuleManager: Shutting down and abandoning module TextureCompressor (14)
[2017.01.15-15.46.12:881][460]LogModuleManager: Shutting down and abandoning module ShaderCore (13)
[2017.01.15-15.46.12:881][460]LogModuleManager: Shutting down and abandoning module Landscape (12)
[2017.01.15-15.46.12:881][460]LogModuleManager: Shutting down and abandoning module SlateRHIRenderer (11)
[2017.01.15-15.46.12:896][460]LogModuleManager: Shutting down and abandoning module OpenGLDrv (10)
[2017.01.15-15.46.12:896][460]LogModuleManager: Shutting down and abandoning module D3D11RHI (9)
[2017.01.15-15.46.12:896][460]LogModuleManager: Shutting down and abandoning module AnimGraphRuntime (8)
[2017.01.15-15.46.12:896][460]LogModuleManager: Shutting down and abandoning module Renderer (7)
[2017.01.15-15.46.12:896][460]LogModuleManager: Shutting down and abandoning module Engine (6)
[2017.01.15-15.46.12:896][460]LogModuleManager: Shutting down and abandoning module CoreUObject (5)
[2017.01.15-15.46.12:896][460]LogModuleManager: Shutting down and abandoning module NetworkFile (4)
[2017.01.15-15.46.12:896][460]LogModuleManager: Shutting down and abandoning module StreamingFile (3)
[2017.01.15-15.46.12:896][460]LogModuleManager: Shutting down and abandoning module SandboxFile (2)
[2017.01.15-15.46.12:896][460]LogModuleManager: Shutting down and abandoning module PakFile (1)
[2017.01.15-15.46.12:898][460]LogExit: Exiting.
[2017.01.15-15.46.12:903][460]Log file closed, 01/15/17 16:46:12
