Log file open, 01/10/17 21:20:54
LogInit:Display: Running engine for game: Project_Nomand
LogPlatformFile: Not using cached read wrapper
LogInit:Display: RandInit(1455821214) SRandInit(1455821215).
LogTaskGraph: Started task graph with 4 named threads and 7 total threads with 1 sets of task threads.
LogStats: Stats thread started at 0.076036
LogInit: Version: 4.12.5-3039270+++UE4+Release-4.12
LogInit: API Version: 2992821
LogInit: Net Version: 3039270
LogDevObjectVersion: Number of dev versions registered: 13
LogDevObjectVersion:   Dev-Blueprints (B0D832E4-1F89-4F0D-ACCF-7EB736FD4AA2): 3
LogDevObjectVersion:   Dev-Build (E1C64328-A22C-4D53-A36C-8E866417BD8C): 0
LogDevObjectVersion:   Dev-Core (375EC13C-06E4-48FB-B500-84F0262A717E): 1
LogDevObjectVersion:   Dev-Editor (E4B068ED-F494-42E9-A231-DA0B2E46BB41): 2
LogDevObjectVersion:   Dev-Framework (CFFC743F-43B0-4480-9391-14DF171D2073): 6
LogDevObjectVersion:   Dev-Mobile (B02B49B5-BB20-44E9-A304-32B752E40360): 0
LogDevObjectVersion:   Dev-Networking (A4E4105C-59A1-49B5-A7C5-40C4547EDFEE): 0
LogDevObjectVersion:   Dev-Online (39C831C9-5AE6-47DC-9A44-9C173E1C8E7C): 0
LogDevObjectVersion:   Dev-Physics (78F01B33-EBEA-4F98-B9B4-84EACCB95AA2): 0
LogDevObjectVersion:   Dev-Platform (6631380F-2D4D-43E0-8009-CF276956A95A): 0
LogDevObjectVersion:   Dev-Rendering (12F88B9F-8875-4AFC-A67C-D90C383ABD29): 2
LogDevObjectVersion:   Dev-Sequencer (7B5AE74C-D270-4C10-A958-57980B212A5A): 0
LogDevObjectVersion:   Dev-VR (D7296918-1DD6-4BDD-9DE2-64A83CC13884): 0
LogInit: Compiled (64-bit): Jul  6 2016 09:09:46
LogInit: Compiled with Visual C++: 19.00.23026.00
LogInit: Build Configuration: Development
LogInit: Branch Name: ++UE4+Release-4.12
LogInit: Command line: 
LogInit: Base directory: G:/UNI/Programme/Epic Games/4.12/Engine/Binaries/Win64/
LogInit: Installed Engine Build: 1
LogInit: Using libcurl 7.41.0
LogInit:  - built for x86_64-pc-win32
LogInit:  - supports SSL with WinSSL
LogInit:  - other features:
LogInit:      CURL_VERSION_SSL
LogInit:      CURL_VERSION_IPV6
LogInit:      CURL_VERSION_ASYNCHDNS
LogInit:      CURL_VERSION_LARGEFILE
LogInit:      CURL_VERSION_IDN
LogInit:  CurlRequestOptions (configurable via config and command line):
LogInit:  - bVerifyPeer = true  - Libcurl will verify peer certificate
LogInit:  - bUseHttpProxy = false  - Libcurl will NOT use HTTP proxy
LogInit:  - bDontReuseConnections = false  - Libcurl will reuse connections
LogInit:  - CertBundlePath = nullptr  - Libcurl will use whatever was configured at build time.
LogInit: Presizing for max 8388607 objects, including 0 objects not considered by GC, pre-allocating 0 bytes for permanent pool.
LogInit: Object subsystem initialized
[2017.01.10-20.20.54:227][  0]LogInit: Selected Device Profile: [Windows]
[2017.01.10-20.20.54:227][  0]LogInit: Applying CVar settings loaded from the selected device profile: [Windows]
[2017.01.10-20.20.54:238][  0]LogInit: Computer: DEX
[2017.01.10-20.20.54:238][  0]LogInit: User: Dextex
[2017.01.10-20.20.54:238][  0]LogInit: CPU Page size=65536, Cores=4
[2017.01.10-20.20.54:238][  0]LogInit: High frequency timer resolution =3.417979 MHz
[2017.01.10-20.20.54:238][  0]LogMemory: Memory total: Physical=15.9GB (16GB approx)
[2017.01.10-20.20.54:238][  0]LogMemory: Platform Memory Stats for Windows
[2017.01.10-20.20.54:238][  0]LogMemory: Process Physical Memory: 191.21 MB used, 191.21 MB peak
[2017.01.10-20.20.54:238][  0]LogMemory: Process Virtual Memory: 195.36 MB used, 195.36 MB peak
[2017.01.10-20.20.54:238][  0]LogMemory: Physical Memory: 9432.27 MB used, 16328.00 MB total
[2017.01.10-20.20.54:238][  0]LogMemory: Virtual Memory: 553.49 MB used, 134217728.00 MB total
[2017.01.10-20.20.54:264][  0]LogTextLocalizationManager: No translations for ('de-DE') exist, falling back to 'en' for localization and internationalization data.
[2017.01.10-20.20.54:673][  0]LogD3D11RHI: D3D11 adapters:
[2017.01.10-20.20.55:211][  0]LogD3D11RHI:    0. 'NVIDIA GeForce GTX 1080' (Feature Level 11_0)
[2017.01.10-20.20.55:211][  0]LogD3D11RHI:       8144/0/8164 MB DedicatedVideo/DedicatedSystem/SharedSystem, Outputs:2, VendorId:0x10de
[2017.01.10-20.20.55:212][  0]LogD3D11RHI:    1. 'Microsoft Basic Render Driver' (Feature Level 11_0)
[2017.01.10-20.20.55:212][  0]LogD3D11RHI:       0/0/8164 MB DedicatedVideo/DedicatedSystem/SharedSystem, Outputs:0, VendorId:0x1414
[2017.01.10-20.20.55:212][  0]LogD3D11RHI: Chosen D3D11 Adapter: 0
[2017.01.10-20.20.55:218][  0]LogD3D11RHI: Creating new Direct3DDevice
[2017.01.10-20.20.55:218][  0]LogD3D11RHI:     GPU DeviceId: 0x1b80 (for the marketing name, search the web for "GPU Device Id")
[2017.01.10-20.20.55:218][  0]LogWindows: EnumDisplayDevices:
[2017.01.10-20.20.55:218][  0]LogWindows:    0. 'NVIDIA GeForce GTX 1080' (P:1 D:1)
[2017.01.10-20.20.55:219][  0]LogWindows:    1. 'NVIDIA GeForce GTX 1080' (P:0 D:1)
[2017.01.10-20.20.55:219][  0]LogWindows:    2. 'NVIDIA GeForce GTX 1080' (P:0 D:0)
[2017.01.10-20.20.55:219][  0]LogWindows:    3. 'NVIDIA GeForce GTX 1080' (P:0 D:0)
[2017.01.10-20.20.55:219][  0]LogWindows: DebugString: FoundDriverCount:4 
[2017.01.10-20.20.55:219][  0]LogD3D11RHI:     Adapter Name: NVIDIA GeForce GTX 1080
[2017.01.10-20.20.55:219][  0]LogD3D11RHI:   Driver Version: 376.33 (internal:21.21.13.7633, unified:376.33)
[2017.01.10-20.20.55:219][  0]LogD3D11RHI:      Driver Date: 12-11-2016
[2017.01.10-20.20.55:219][  0]LogRHI: Texture pool is 1361 MB (70% of 1945 MB)
[2017.01.10-20.20.55:714][  0]LogD3D11RHI: Async texture creation enabled
[2017.01.10-20.20.55:741][  0]LogD3D11RHI: GPU Timing Frequency: 1000.000000 (Debug: 2 1)
[2017.01.10-20.20.55:742][  0]LogShaderCompilers: Guid format shader working directory is -4 characters bigger than the processId version (../../../../../../MP2/project_nomad/Project_Nomand/Intermediate/Shaders/WorkingDirectory/19368/).
[2017.01.10-20.20.55:742][  0]LogShaderCompilers: Cleaned the shader compiler working directory 'C:/Users/Dextex/AppData/Local/Temp/UnrealShaderWorkingDir/F2FB67554744E17D904D6A9B2820480C/'.
[2017.01.10-20.20.55:742][  0]LogShaderCompilers:Display: Using Local Shader Compiler.
[2017.01.10-20.20.56:597][  0]LogTemp:Display: Loaded TP AllDesktopTargetPlatform
[2017.01.10-20.20.56:606][  0]LogTemp:Display: Loaded TP WindowsClientTargetPlatform
[2017.01.10-20.20.56:621][  0]LogTemp:Display: Loaded TP WindowsNoEditorTargetPlatform
[2017.01.10-20.20.56:629][  0]LogTemp:Display: Loaded TP WindowsServerTargetPlatform
[2017.01.10-20.20.56:638][  0]LogTemp:Display: Loaded TP WindowsTargetPlatform
[2017.01.10-20.20.56:645][  0]LogTemp:Display: Loaded TP AndroidTargetPlatform
[2017.01.10-20.20.56:652][  0]LogTemp:Display: Loaded TP Android_ASTCTargetPlatform
[2017.01.10-20.20.56:663][  0]LogTemp:Display: Loaded TP Android_ATCTargetPlatform
[2017.01.10-20.20.56:671][  0]LogTemp:Display: Loaded TP Android_DXTTargetPlatform
[2017.01.10-20.20.56:681][  0]LogTemp:Display: Loaded TP Android_ETC1TargetPlatform
[2017.01.10-20.20.56:689][  0]LogTemp:Display: Loaded TP Android_ETC2TargetPlatform
[2017.01.10-20.20.56:707][  0]LogTemp:Display: Loaded TP Android_MultiTargetPlatform
[2017.01.10-20.20.56:707][  0]LogTemp:Display: Loaded TP Android_PVRTCTargetPlatform
[2017.01.10-20.20.56:708][  0]LogTemp:Display: Loaded TP HTML5TargetPlatform
[2017.01.10-20.20.56:730][  0]LogTemp:Display: Loaded TP IOSTargetPlatform
[2017.01.10-20.20.56:737][  0]LogTemp:Display: Loaded TP TVOSTargetPlatform
[2017.01.10-20.20.56:746][  0]LogTemp:Display: Loaded TP LinuxNoEditorTargetPlatform
[2017.01.10-20.20.56:754][  0]LogTemp:Display: Loaded TP LinuxServerTargetPlatform
[2017.01.10-20.20.56:761][  0]LogTemp:Display: Loaded TP LinuxTargetPlatform
[2017.01.10-20.20.56:761][  0]LogTargetPlatformManager:Display: Building Assets For Windows
[2017.01.10-20.20.56:837][  0]LogDerivedDataCache:Display: Max Cache Size: 512 MB
[2017.01.10-20.20.56:888][  0]LogDerivedDataCache: Loaded boot cache 0.05s 48MB C:/Users/Dextex/AppData/Local/UnrealEngine/4.12/DerivedDataCache/Boot.ddc.
[2017.01.10-20.20.56:888][  0]LogDerivedDataCache:Display: Loaded Boot cache: C:/Users/Dextex/AppData/Local/UnrealEngine/4.12/DerivedDataCache/Boot.ddc
[2017.01.10-20.20.56:888][  0]LogDerivedDataCache: FDerivedDataBackendGraph:  Pak pak cache file ../../../../../../MP2/project_nomad/Project_Nomand/DerivedDataCache/DDC.ddp not found, will not use a pak cache.
[2017.01.10-20.20.56:888][  0]LogDerivedDataCache: Unable to find inner node Pak for hierarchical cache Hierarchy.
[2017.01.10-20.20.56:888][  0]LogDerivedDataCache: FDerivedDataBackendGraph:  CompressedPak pak cache file ../../../../../../MP2/project_nomad/Project_Nomand/DerivedDataCache/Compressed.ddp not found, will not use a pak cache.
[2017.01.10-20.20.56:888][  0]LogDerivedDataCache: Unable to find inner node CompressedPak for hierarchical cache Hierarchy.
[2017.01.10-20.20.56:909][  0]LogDerivedDataCache:Display: Pak cache opened for reading ../../../Engine/DerivedDataCache/Compressed.ddp.
[2017.01.10-20.20.56:920][  0]LogDerivedDataCache: Using Local data cache path C:/Users/Dextex/AppData/Local/UnrealEngine/Common/DerivedDataCache: Writable
[2017.01.10-20.20.57:085][  0]LogInit: Selected Device Profile: [Windows]
[2017.01.10-20.20.57:085][  0]LogContentStreaming: Texture pool size is 0.00 MB
[2017.01.10-20.20.57:231][  0]LogMeshUtilities: No automatic mesh reduction module available
[2017.01.10-20.20.57:231][  0]LogMeshUtilities: No automatic mesh merging module available
[2017.01.10-20.20.57:231][  0]LogMeshUtilities: No distributed automatic mesh merging module available
[2017.01.10-20.20.57:451][  0]LogAssetRegistry: FAssetRegistry took 0.0214 seconds to start up
[2017.01.10-20.20.57:464][  0]LogPackageLocalizationCache: Processed 3 localized package path(s) for 1 prioritized culture(s) in 0.010214 seconds
[2017.01.10-20.20.57:470][  0]LogUObjectArray: 28739 objects as part of root set at end of initial load.
[2017.01.10-20.20.57:470][  0]LogUObjectAllocator: 5855624 out of 0 bytes used by permanent object pool.
[2017.01.10-20.20.57:470][  0]LogUObjectArray: CloseDisregardForGC: 0/0 objects in disregard for GC pool
[2017.01.10-20.20.57:479][  0]LogInit: WinSock: version 1.1 (2.2), MaxSocks=32767, MaxUdp=65467
[2017.01.10-20.20.57:645][  0]LogSlate: SlateFontCache - WITH_FREETYPE: 1, WITH_HARFBUZZ: 1
[2017.01.10-20.20.57:645][  0]LogSlate: SlateFontCache - WITH_FREETYPE: 1, WITH_HARFBUZZ: 1
[2017.01.10-20.20.58:213][  0]LogUdpMessaging: Initializing bridge on interface 0.0.0.0:0 to multicast group 230.0.0.1:6666.
[2017.01.10-20.20.58:420][  0]SourceControl: Info Source control is disabled
[2017.01.10-20.20.58:716][  0]LogEngine: Initializing Engine...
[2017.01.10-20.20.58:717][  0]LogHMD: SteamVR failed to initialize.  Err: 100
[2017.01.10-20.20.58:717][  0]LogHMD: SteamVR failed to initialize.  Err: 100
[2017.01.10-20.20.58:851][  0]LogAIModule: Creating AISystem for world NewWorld
[2017.01.10-20.20.58:867][  0]LogInit: XAudio2 using 'Lautsprecher (SteelSeries Siberia 350)' : 2 channels at 44.1 kHz using 16 bits per sample (channel mask 0x3)
[2017.01.10-20.20.58:885][  0]LogInit: FAudioDevice initialized.
[2017.01.10-20.20.58:909][  0]LogDerivedDataCache: Saved boot cache 0.02s 48MB C:/Users/Dextex/AppData/Local/UnrealEngine/4.12/DerivedDataCache/Boot.ddc.
[2017.01.10-20.20.58:916][  0]LogInit: Texture streaming: Enabled
[2017.01.10-20.20.58:940][  0]LogInit: Transaction tracking system initialized
[2017.01.10-20.20.58:969][  0]BlueprintLog: New page: Editor Load
[2017.01.10-20.20.59:089][  0]LocalizationService: Info Localization service is disabled
[2017.01.10-20.20.59:152][  0]LogConsoleResponse:Display: 
[2017.01.10-20.20.59:241][  0]LogCook:Display: Max memory allowance for cook 8192mb
[2017.01.10-20.20.59:241][  0]LogCook:Display: Mobile HDR setting 1
[2017.01.10-20.20.59:341][  0]LogFileCache: Scanning file cache for directory 'G:/UNI/MP2/project_nomad/Project_Nomand/Content/' took 0.03s
[2017.01.10-20.20.59:341][  0]Cmd: MAP LOAD FILE="../../../../../../MP2/project_nomad/Project_Nomand/Content/Map/Map.umap" TEMPLATE=0 SHOWPROGRESS=1 FEATURELEVEL=3
[2017.01.10-20.20.59:342][  0]LightingResults: New page: Lighting Build
[2017.01.10-20.20.59:344][  0]MapCheck: New page: Map Check
[2017.01.10-20.20.59:344][  0]LightingResults: New page: Lighting Build
[2017.01.10-20.20.59:569][  0]LogText:Warning: Failed to parse argument "ImportClass" as a number (using "0" as a fallback). Please check your format string for errors: ": Failed import for {ImportClass}".
[2017.01.10-20.20.59:581][  0]LogProperty:Warning: Serialized Class /Script/Engine.SkeletalMesh for a property of Class /Script/Engine.StaticMesh. Reference will be NULLed.
    Property = ObjectProperty /Game/Items/ItemDataStruct.ItemDataStruct:Mesh_26_672F13C1486F4A372FEE9A82089BCF2E
    Item = SkeletalMesh /Game/Items/Blade_AnthraciteAxe/SK_Blade_AnthraciteAxe.SK_Blade_AnthraciteAxe
[2017.01.10-20.20.59:581][  0]LogProperty:Warning: Serialized Class /Script/Engine.SkeletalMesh for a property of Class /Script/Engine.StaticMesh. Reference will be NULLed.
    Property = ObjectProperty /Game/Items/ItemDataStruct.ItemDataStruct:Mesh_26_672F13C1486F4A372FEE9A82089BCF2E
    Item = SkeletalMesh /Game/Items/Blade_BlackKnight/SK_Blade_BlackKnight.SK_Blade_BlackKnight
[2017.01.10-20.20.59:815][  0]LogAIModule: Creating AISystem for world Map
[2017.01.10-20.20.59:845][  0]LogEditorServer: Finished looking for orphan Actors (0.000 secs)
[2017.01.10-20.20.59:849][  0]Cmd: MAP CHECKDEP NOCLEARLOG
[2017.01.10-20.20.59:884][  0]MapCheck: Info Map check complete: 0 Error(s), 0 Warning(s), took 35.821ms to complete.
[2017.01.10-20.20.59:885][  0]LogFileHelpers: Loading map 'Map' took 0.543
[2017.01.10-20.21.00:057][  0]LogCollectionManager: Loaded 0 collections in 0.003868 seconds
[2017.01.10-20.21.00:101][  0]LogFileCache: Scanning file cache for directory 'G:/UNI/MP2/project_nomad/Project_Nomand/Saved/Collections/' took 0.01s
[2017.01.10-20.21.00:101][  0]LogFileCache: Scanning file cache for directory 'G:/UNI/MP2/project_nomad/Project_Nomand/Content/Developers/Dextex/Collections/' took 0.01s
[2017.01.10-20.21.00:101][  0]LogFileCache: Scanning file cache for directory 'G:/UNI/MP2/project_nomad/Project_Nomand/Content/Collections/' took 0.01s
[2017.01.10-20.21.00:101][  0]LogCollectionManager: Rebuilt the GUID cache for 0 collections in 0.000003 seconds
[2017.01.10-20.21.00:110][  0]LogContentBrowser: Native class hierarchy populated in 0.0086 seconds. Added 2047 classes and 369 folders.
[2017.01.10-20.21.00:114][  0]LogStats: UGameplayTagsManager::ConstructGameplayTagTree: Construct from data asset -  0.000 s
[2017.01.10-20.21.00:115][  0]LogStats: UGameplayTagsManager::ConstructGameplayTagTree: GameplayTagTreeChangedEvent.Broadcast -  0.000 s
[2017.01.10-20.21.00:115][  0]LogContentBrowser: Native class hierarchy updated for 'GameplayTags' in 0.0005 seconds. Added 12 classes and 0 folders.
[2017.01.10-20.21.00:121][  0]LogContentBrowser: Native class hierarchy updated for 'WidgetCarousel' in 0.0005 seconds. Added 0 classes and 0 folders.
[2017.01.10-20.21.00:157][  0]LogContentBrowser: Native class hierarchy updated for 'AddContentDialog' in 0.0004 seconds. Added 0 classes and 0 folders.
[2017.01.10-20.21.00:162][  0]LogContentBrowser: Native class hierarchy updated for 'SceneOutliner' in 0.0003 seconds. Added 1 classes and 2 folders.
[2017.01.10-20.21.00:220][  0]LogCrashTracker: Crashtracker disabled due to settings.
[2017.01.10-20.21.00:224][  0]LogUObjectGlobals:Warning: Failed to find object 'Class None.'
[2017.01.10-20.21.00:250][  0]LogContentBrowser: Native class hierarchy updated for 'HierarchicalLODOutliner' in 0.0004 seconds. Added 1 classes and 2 folders.
[2017.01.10-20.21.00:250][  0]LogLoad: Full Startup: 6.77 seconds (BP compile: 0.13 seconds)
[2017.01.10-20.21.00:250][  0]LogExternalProfiler: No external profilers were discovered.  External profiling features will not be available.
[2017.01.10-20.21.00:584][  0]LogWindowsTextInputMethodSystem:Display: IME system now deactivated.
[2017.01.10-20.21.00:590][  0]LogOcInput: OculusInput pre-init called
[2017.01.10-20.21.00:590][  0]LoadErrors:Error: Error /Game/Items/Item : Failed import for ObjectProperty /Game/Items/ItemDataStruct.ItemDataStruct:Mesh_25_672F13C1486F4A372FEE9A82089BCF2E
[2017.01.10-20.21.00:607][  0]LogContentStreaming: Texture pool size now 1000 MB
[2017.01.10-20.21.00:773][  0]LogRenderer: Reallocating scene render targets to support 1208x556 (Frame:2).
[2017.01.10-20.21.00:861][  1]Cmd: UpdateLandscapeEditorData -warnings
[2017.01.10-20.21.01:268][  2]LogAssetRegistry: Asset discovery search completed in 3.8389 seconds
[2017.01.10-20.21.01:268][  2]LogCollectionManager: Rebuilt the object cache for 0 collections in 0.000001 seconds (found 0 objects)
[2017.01.10-20.21.01:268][  2]LogCollectionManager: Fixed up redirectors for 0 collections in 0.000039 seconds (updated 0 objects)
[2017.01.10-20.21.11:031][663]LogContentBrowser: Native class hierarchy updated for 'BlueprintGraph' in 0.0007 seconds. Added 111 classes and 0 folders.
[2017.01.10-20.21.20:969][552]LogScript:Warning: Accessed None trying to read property ItemMesh
	Item_C /Game/Map/Map.Map:PersistentLevel.Item2_491
	Function /Game/Items/Item.Item_C:UserConstructionScript:0233
[2017.01.10-20.21.20:970][552]LogScript:Warning: Accessed None trying to read property ItemMesh
	Item_C /Game/Map/Map.Map:PersistentLevel.Item_98
	Function /Game/Items/Item.Item_C:UserConstructionScript:0233
[2017.01.10-20.21.20:970][552]LogScript:Warning: Accessed None trying to read property ItemMesh
	Item_C /Engine/Transient.World_4:PersistentLevel.Item_C_0
	Function /Game/Items/Item.Item_C:UserConstructionScript:0233
[2017.01.10-20.21.29:732][415]LogScript:Warning: Accessed None trying to read property ItemMesh
	Item_C /Game/Map/Map.Map:PersistentLevel.Item2_491
	Function /Game/Items/Item.Item_C:UserConstructionScript:0233
[2017.01.10-20.21.29:733][415]LogScript:Warning: Accessed None trying to read property ItemMesh
	Item_C /Game/Map/Map.Map:PersistentLevel.Item_98
	Function /Game/Items/Item.Item_C:UserConstructionScript:0233
[2017.01.10-20.21.29:734][415]LogScript:Warning: Accessed None trying to read property ItemMesh
	Item_C /Engine/Transient.World_4:PersistentLevel.Item_C_0
	Function /Game/Items/Item.Item_C:UserConstructionScript:0233
[2017.01.10-20.21.36:546][ 51]LogWindows: Windows GetLastError: Der Vorgang wurde erfolgreich beendet. (0)
[2017.01.10-20.21.36:782][ 51]LogCrashTracker: 


[2017.01.10-20.21.36:782][ 51]LogCrashTracker: 


[2017.01.10-20.21.36:782][ 51]LogWindows:Error: === Critical error: ===
Fatal error: [File:D:\Build\++UE4+Release-4.12+Compile\Sync\Engine\Source\Runtime\CoreUObject\Private\UObject\ScriptCore.cpp] [Line: 1066] 
Failed to find function SetSkeletalMesh in StaticMeshComponent /Game/Map/Map.Map:PersistentLevel.Item2_491.ItemMesh




[2017.01.10-20.21.36:806][ 51]LogExit: Executing StaticShutdownAfterError
[2017.01.10-20.21.36:810][ 51]LogWindows: FPlatformMisc::RequestExit(1)
[2017.01.10-20.21.36:810][ 51]Log file closed, 01/10/17 21:21:36
