Log file open, 12/06/16 15:20:25
LogInit:Display: Running engine for game: Project_Nomand
LogPlatformFile: Not using cached read wrapper
LogInit:Display: RandInit(-368345392) SRandInit(-368345391).
LogTaskGraph: Started task graph with 4 named threads and 7 total threads with 1 sets of task threads.
LogStats: Stats thread started at 0.076814
LogInit: Version: 4.12.5-3039270+++UE4+Release-4.12
LogInit: API Version: 2992821
LogInit: Net Version: 3039270
LogDevObjectVersion: Number of dev versions registered: 13
LogDevObjectVersion:   Dev-Blueprints (B0D832E4-1F89-4F0D-ACCF-7EB736FD4AA2): 3
LogDevObjectVersion:   Dev-Build (E1C64328-A22C-4D53-A36C-8E866417BD8C): 0
LogDevObjectVersion:   Dev-Core (375EC13C-06E4-48FB-B500-84F0262A717E): 1
LogDevObjectVersion:   Dev-Editor (E4B068ED-F494-42E9-A231-DA0B2E46BB41): 2
LogDevObjectVersion:   Dev-Framework (CFFC743F-43B0-4480-9391-14DF171D2073): 6
LogDevObjectVersion:   Dev-Mobile (B02B49B5-BB20-44E9-A304-32B752E40360): 0
LogDevObjectVersion:   Dev-Networking (A4E4105C-59A1-49B5-A7C5-40C4547EDFEE): 0
LogDevObjectVersion:   Dev-Online (39C831C9-5AE6-47DC-9A44-9C173E1C8E7C): 0
LogDevObjectVersion:   Dev-Physics (78F01B33-EBEA-4F98-B9B4-84EACCB95AA2): 0
LogDevObjectVersion:   Dev-Platform (6631380F-2D4D-43E0-8009-CF276956A95A): 0
LogDevObjectVersion:   Dev-Rendering (12F88B9F-8875-4AFC-A67C-D90C383ABD29): 2
LogDevObjectVersion:   Dev-Sequencer (7B5AE74C-D270-4C10-A958-57980B212A5A): 0
LogDevObjectVersion:   Dev-VR (D7296918-1DD6-4BDD-9DE2-64A83CC13884): 0
LogInit: Compiled (64-bit): Jul  6 2016 09:09:46
LogInit: Compiled with Visual C++: 19.00.23026.00
LogInit: Build Configuration: Development
LogInit: Branch Name: ++UE4+Release-4.12
LogInit: Command line: -EpicPortal 
LogInit: Base directory: G:/UNI/Programme/Epic Games/4.12/Engine/Binaries/Win64/
LogInit: Installed Engine Build: 1
LogInit: Using libcurl 7.41.0
LogInit:  - built for x86_64-pc-win32
LogInit:  - supports SSL with WinSSL
LogInit:  - other features:
LogInit:      CURL_VERSION_SSL
LogInit:      CURL_VERSION_IPV6
LogInit:      CURL_VERSION_ASYNCHDNS
LogInit:      CURL_VERSION_LARGEFILE
LogInit:      CURL_VERSION_IDN
LogInit:  CurlRequestOptions (configurable via config and command line):
LogInit:  - bVerifyPeer = true  - Libcurl will verify peer certificate
LogInit:  - bUseHttpProxy = false  - Libcurl will NOT use HTTP proxy
LogInit:  - bDontReuseConnections = false  - Libcurl will reuse connections
LogInit:  - CertBundlePath = nullptr  - Libcurl will use whatever was configured at build time.
LogInit: Presizing for max 8388607 objects, including 0 objects not considered by GC, pre-allocating 0 bytes for permanent pool.
LogInit: Object subsystem initialized
[2016.12.06-14.20.25:649][  0]LogInit: Selected Device Profile: [Windows]
[2016.12.06-14.20.25:649][  0]LogInit: Applying CVar settings loaded from the selected device profile: [Windows]
[2016.12.06-14.20.25:674][  0]LogInit: Computer: DEX
[2016.12.06-14.20.25:674][  0]LogInit: User: Dextex
[2016.12.06-14.20.25:674][  0]LogInit: CPU Page size=65536, Cores=4
[2016.12.06-14.20.25:674][  0]LogInit: High frequency timer resolution =3.417978 MHz
[2016.12.06-14.20.25:674][  0]LogMemory: Memory total: Physical=15.9GB (16GB approx)
[2016.12.06-14.20.25:674][  0]LogMemory: Platform Memory Stats for Windows
[2016.12.06-14.20.25:674][  0]LogMemory: Process Physical Memory: 191.59 MB used, 191.59 MB peak
[2016.12.06-14.20.25:674][  0]LogMemory: Process Virtual Memory: 195.17 MB used, 195.17 MB peak
[2016.12.06-14.20.25:674][  0]LogMemory: Physical Memory: 9121.82 MB used, 16328.00 MB total
[2016.12.06-14.20.25:674][  0]LogMemory: Virtual Memory: 553.49 MB used, 134217728.00 MB total
[2016.12.06-14.20.25:699][  0]LogTextLocalizationManager: No translations for ('de-DE') exist, falling back to 'en' for localization and internationalization data.
[2016.12.06-14.20.26:079][  0]LogD3D11RHI: D3D11 adapters:
[2016.12.06-14.20.26:594][  0]LogD3D11RHI:    0. 'NVIDIA GeForce GTX 1080' (Feature Level 11_0)
[2016.12.06-14.20.26:594][  0]LogD3D11RHI:       8144/0/8164 MB DedicatedVideo/DedicatedSystem/SharedSystem, Outputs:2, VendorId:0x10de
[2016.12.06-14.20.26:595][  0]LogD3D11RHI:    1. 'Microsoft Basic Render Driver' (Feature Level 11_0)
[2016.12.06-14.20.26:595][  0]LogD3D11RHI:       0/0/8164 MB DedicatedVideo/DedicatedSystem/SharedSystem, Outputs:0, VendorId:0x1414
[2016.12.06-14.20.26:595][  0]LogD3D11RHI: Chosen D3D11 Adapter: 0
[2016.12.06-14.20.26:601][  0]LogD3D11RHI: Creating new Direct3DDevice
[2016.12.06-14.20.26:601][  0]LogD3D11RHI:     GPU DeviceId: 0x1b80 (for the marketing name, search the web for "GPU Device Id")
[2016.12.06-14.20.26:601][  0]LogWindows: EnumDisplayDevices:
[2016.12.06-14.20.26:601][  0]LogWindows:    0. 'NVIDIA GeForce GTX 1080' (P:1 D:1)
[2016.12.06-14.20.26:601][  0]LogWindows:    1. 'NVIDIA GeForce GTX 1080' (P:0 D:1)
[2016.12.06-14.20.26:601][  0]LogWindows:    2. 'NVIDIA GeForce GTX 1080' (P:0 D:0)
[2016.12.06-14.20.26:601][  0]LogWindows:    3. 'NVIDIA GeForce GTX 1080' (P:0 D:0)
[2016.12.06-14.20.26:601][  0]LogWindows: DebugString: FoundDriverCount:4 
[2016.12.06-14.20.26:601][  0]LogD3D11RHI:     Adapter Name: NVIDIA GeForce GTX 1080
[2016.12.06-14.20.26:601][  0]LogD3D11RHI:   Driver Version: 376.09 (internal:21.21.13.7609, unified:376.09)
[2016.12.06-14.20.26:601][  0]LogD3D11RHI:      Driver Date: 11-24-2016
[2016.12.06-14.20.26:601][  0]LogRHI: Texture pool is 1361 MB (70% of 1945 MB)
[2016.12.06-14.20.27:075][  0]LogD3D11RHI: Async texture creation enabled
[2016.12.06-14.20.27:104][  0]LogD3D11RHI: GPU Timing Frequency: 1000.000000 (Debug: 2 1)
[2016.12.06-14.20.27:105][  0]LogShaderCompilers: Guid format shader working directory is -4 characters bigger than the processId version (../../../../../../MP2/project_nomad/Project_Nomand/Intermediate/Shaders/WorkingDirectory/18340/).
[2016.12.06-14.20.27:105][  0]LogShaderCompilers: Cleaned the shader compiler working directory 'C:/Users/Dextex/AppData/Local/Temp/UnrealShaderWorkingDir/2911640F4AAB8566B0D486AC6A16861F/'.
[2016.12.06-14.20.27:105][  0]LogShaderCompilers:Display: Using Local Shader Compiler.
[2016.12.06-14.20.28:054][  0]LogTemp:Display: Loaded TP AllDesktopTargetPlatform
[2016.12.06-14.20.28:062][  0]LogTemp:Display: Loaded TP WindowsClientTargetPlatform
[2016.12.06-14.20.28:071][  0]LogTemp:Display: Loaded TP WindowsNoEditorTargetPlatform
[2016.12.06-14.20.28:079][  0]LogTemp:Display: Loaded TP WindowsServerTargetPlatform
[2016.12.06-14.20.28:089][  0]LogTemp:Display: Loaded TP WindowsTargetPlatform
[2016.12.06-14.20.28:097][  0]LogTemp:Display: Loaded TP AndroidTargetPlatform
[2016.12.06-14.20.28:104][  0]LogTemp:Display: Loaded TP Android_ASTCTargetPlatform
[2016.12.06-14.20.28:111][  0]LogTemp:Display: Loaded TP Android_ATCTargetPlatform
[2016.12.06-14.20.28:118][  0]LogTemp:Display: Loaded TP Android_DXTTargetPlatform
[2016.12.06-14.20.28:125][  0]LogTemp:Display: Loaded TP Android_ETC1TargetPlatform
[2016.12.06-14.20.28:132][  0]LogTemp:Display: Loaded TP Android_ETC2TargetPlatform
[2016.12.06-14.20.28:146][  0]LogTemp:Display: Loaded TP Android_MultiTargetPlatform
[2016.12.06-14.20.28:146][  0]LogTemp:Display: Loaded TP Android_PVRTCTargetPlatform
[2016.12.06-14.20.28:148][  0]LogTemp:Display: Loaded TP HTML5TargetPlatform
[2016.12.06-14.20.28:168][  0]LogTemp:Display: Loaded TP IOSTargetPlatform
[2016.12.06-14.20.28:174][  0]LogTemp:Display: Loaded TP TVOSTargetPlatform
[2016.12.06-14.20.28:181][  0]LogTemp:Display: Loaded TP LinuxNoEditorTargetPlatform
[2016.12.06-14.20.28:187][  0]LogTemp:Display: Loaded TP LinuxServerTargetPlatform
[2016.12.06-14.20.28:194][  0]LogTemp:Display: Loaded TP LinuxTargetPlatform
[2016.12.06-14.20.28:194][  0]LogTargetPlatformManager:Display: Building Assets For Windows
[2016.12.06-14.20.28:269][  0]LogDerivedDataCache:Display: Max Cache Size: 512 MB
[2016.12.06-14.20.28:318][  0]LogDerivedDataCache: Loaded boot cache 0.05s 48MB C:/Users/Dextex/AppData/Local/UnrealEngine/4.12/DerivedDataCache/Boot.ddc.
[2016.12.06-14.20.28:319][  0]LogDerivedDataCache:Display: Loaded Boot cache: C:/Users/Dextex/AppData/Local/UnrealEngine/4.12/DerivedDataCache/Boot.ddc
[2016.12.06-14.20.28:319][  0]LogDerivedDataCache: FDerivedDataBackendGraph:  Pak pak cache file ../../../../../../MP2/project_nomad/Project_Nomand/DerivedDataCache/DDC.ddp not found, will not use a pak cache.
[2016.12.06-14.20.28:319][  0]LogDerivedDataCache: Unable to find inner node Pak for hierarchical cache Hierarchy.
[2016.12.06-14.20.28:319][  0]LogDerivedDataCache: FDerivedDataBackendGraph:  CompressedPak pak cache file ../../../../../../MP2/project_nomad/Project_Nomand/DerivedDataCache/Compressed.ddp not found, will not use a pak cache.
[2016.12.06-14.20.28:319][  0]LogDerivedDataCache: Unable to find inner node CompressedPak for hierarchical cache Hierarchy.
[2016.12.06-14.20.28:335][  0]LogDerivedDataCache:Display: Pak cache opened for reading ../../../Engine/DerivedDataCache/Compressed.ddp.
[2016.12.06-14.20.28:346][  0]LogDerivedDataCache: Using Local data cache path C:/Users/Dextex/AppData/Local/UnrealEngine/Common/DerivedDataCache: Writable
[2016.12.06-14.20.28:499][  0]LogInit: Selected Device Profile: [Windows]
[2016.12.06-14.20.28:499][  0]LogContentStreaming: Texture pool size is 0.00 MB
[2016.12.06-14.20.28:671][  0]LogMeshUtilities: No automatic mesh reduction module available
[2016.12.06-14.20.28:671][  0]LogMeshUtilities: No automatic mesh merging module available
[2016.12.06-14.20.28:671][  0]LogMeshUtilities: No distributed automatic mesh merging module available
[2016.12.06-14.20.28:950][  0]LogAssetRegistry: FAssetRegistry took 0.0214 seconds to start up
[2016.12.06-14.20.29:083][  0]LogPackageLocalizationCache: Processed 3 localized package path(s) for 1 prioritized culture(s) in 0.129973 seconds
[2016.12.06-14.20.29:087][  0]LogUObjectArray: 28739 objects as part of root set at end of initial load.
[2016.12.06-14.20.29:087][  0]LogUObjectAllocator: 5855632 out of 0 bytes used by permanent object pool.
[2016.12.06-14.20.29:087][  0]LogUObjectArray: CloseDisregardForGC: 0/0 objects in disregard for GC pool
[2016.12.06-14.20.29:094][  0]LogInit: WinSock: version 1.1 (2.2), MaxSocks=32767, MaxUdp=65467
[2016.12.06-14.20.29:284][  0]LogSlate: SlateFontCache - WITH_FREETYPE: 1, WITH_HARFBUZZ: 1
[2016.12.06-14.20.29:284][  0]LogSlate: SlateFontCache - WITH_FREETYPE: 1, WITH_HARFBUZZ: 1
[2016.12.06-14.20.29:825][  0]LogUdpMessaging: Initializing bridge on interface 0.0.0.0:0 to multicast group 230.0.0.1:6666.
[2016.12.06-14.20.30:058][  0]SourceControl: Info Source control is disabled
[2016.12.06-14.20.32:269][  0]LogEngine: Initializing Engine...
[2016.12.06-14.20.32:270][  0]LogHMD: SteamVR failed to initialize.  Err: 100
[2016.12.06-14.20.32:270][  0]LogHMD: SteamVR failed to initialize.  Err: 100
[2016.12.06-14.20.32:396][  0]LogAIModule: Creating AISystem for world NewWorld
[2016.12.06-14.20.32:410][  0]LogInit: XAudio2 using 'Lautsprecher (SteelSeries Siberia 350)' : 2 channels at 44.1 kHz using 16 bits per sample (channel mask 0x3)
[2016.12.06-14.20.32:430][  0]LogInit: FAudioDevice initialized.
[2016.12.06-14.20.32:456][  0]LogDerivedDataCache: Saved boot cache 0.03s 48MB C:/Users/Dextex/AppData/Local/UnrealEngine/4.12/DerivedDataCache/Boot.ddc.
[2016.12.06-14.20.32:464][  0]LogInit: Texture streaming: Enabled
[2016.12.06-14.20.32:535][  0]LogInit: Transaction tracking system initialized
[2016.12.06-14.20.32:557][  0]BlueprintLog: New page: Editor Load
[2016.12.06-14.20.32:642][  0]LocalizationService: Info Localization service is disabled
[2016.12.06-14.20.32:703][  0]LogConsoleResponse:Display: 
[2016.12.06-14.20.33:338][  0]LogFileCache: Scanning file cache for directory 'G:/UNI/MP2/project_nomad/Project_Nomand/Content/' took 0.24s
[2016.12.06-14.20.33:338][  0]LogCook:Display: Max memory allowance for cook 8192mb
[2016.12.06-14.20.33:338][  0]LogCook:Display: Mobile HDR setting 1
[2016.12.06-14.20.33:583][  0]Cmd: MAP LOAD FILE="../../../../../../MP2/project_nomad/Project_Nomand/Content/Map/Map.umap" TEMPLATE=0 SHOWPROGRESS=1 FEATURELEVEL=3
[2016.12.06-14.20.33:735][  0]LightingResults: New page: Lighting Build
[2016.12.06-14.20.33:739][  0]MapCheck: New page: Map Check
[2016.12.06-14.20.33:739][  0]LightingResults: New page: Lighting Build
[2016.12.06-14.20.35:990][  0]LogAIModule: Creating AISystem for world Map
[2016.12.06-14.20.35:994][  0]LogEditorServer: Finished looking for orphan Actors (0.000 secs)
[2016.12.06-14.20.36:007][  0]Cmd: MAP CHECKDEP NOCLEARLOG
[2016.12.06-14.20.36:035][  0]MapCheck: Info Map check complete: 0 Error(s), 0 Warning(s), took 28.617ms to complete.
[2016.12.06-14.20.36:035][  0]LogFileHelpers: Loading map 'Map' took 2.453
[2016.12.06-14.20.37:891][  0]LogCollectionManager: Loaded 0 collections in 0.002242 seconds
[2016.12.06-14.20.38:205][  0]LogFileCache: Scanning file cache for directory 'G:/UNI/MP2/project_nomad/Project_Nomand/Saved/Collections/' took 0.11s
[2016.12.06-14.20.38:205][  0]LogFileCache: Scanning file cache for directory 'G:/UNI/MP2/project_nomad/Project_Nomand/Content/Developers/Dextex/Collections/' took 0.01s
[2016.12.06-14.20.38:205][  0]LogFileCache: Scanning file cache for directory 'G:/UNI/MP2/project_nomad/Project_Nomand/Content/Collections/' took 0.01s
[2016.12.06-14.20.38:205][  0]LogCollectionManager: Rebuilt the GUID cache for 0 collections in 0.000002 seconds
[2016.12.06-14.20.38:218][  0]LogContentBrowser: Native class hierarchy populated in 0.0087 seconds. Added 2047 classes and 369 folders.
[2016.12.06-14.20.38:311][  0]LogStats: UGameplayTagsManager::ConstructGameplayTagTree: Construct from data asset -  0.011 s
[2016.12.06-14.20.38:311][  0]LogStats: UGameplayTagsManager::ConstructGameplayTagTree: GameplayTagTreeChangedEvent.Broadcast -  0.000 s
[2016.12.06-14.20.38:312][  0]LogContentBrowser: Native class hierarchy updated for 'GameplayTags' in 0.0005 seconds. Added 12 classes and 0 folders.
[2016.12.06-14.20.38:347][  0]LogContentBrowser: Native class hierarchy updated for 'WidgetCarousel' in 0.0004 seconds. Added 0 classes and 0 folders.
[2016.12.06-14.20.39:500][  0]LogContentBrowser: Native class hierarchy updated for 'AddContentDialog' in 0.0004 seconds. Added 0 classes and 0 folders.
[2016.12.06-14.20.39:606][  0]LogContentBrowser: Native class hierarchy updated for 'SceneOutliner' in 0.0004 seconds. Added 1 classes and 2 folders.
[2016.12.06-14.20.44:598][  0]LogCrashTracker: Crashtracker disabled due to settings.
[2016.12.06-14.20.44:835][  0]LogUObjectGlobals:Warning: Failed to find object 'Class None.'
[2016.12.06-14.20.44:904][  0]LogContentBrowser: Native class hierarchy updated for 'HierarchicalLODOutliner' in 0.0004 seconds. Added 1 classes and 2 folders.
[2016.12.06-14.20.44:905][  0]LogLoad: Full Startup: 20.77 seconds (BP compile: 0.63 seconds)
[2016.12.06-14.20.44:905][  0]LogExternalProfiler: No external profilers were discovered.  External profiling features will not be available.
[2016.12.06-14.20.44:914][  0]LogWindowsTextInputMethodSystem:Display: IME system now deactivated.
[2016.12.06-14.20.44:914][  0]LogOcInput: OculusInput pre-init called
[2016.12.06-14.20.45:173][  0]SourceControl: Info On branch master
[2016.12.06-14.20.45:173][  0]SourceControl: Info Your branch is up-to-date with 'origin/master'.
[2016.12.06-14.20.45:173][  0]SourceControl: Info Changes to be committed:
[2016.12.06-14.20.45:173][  0]SourceControl: Info   (use "git reset HEAD <file>..." to unstage)
[2016.12.06-14.20.45:173][  0]SourceControl: Info 	new file:   Project_Nomand/Content/Character/Blueprint/Character_Controller.uasset
[2016.12.06-14.20.45:173][  0]SourceControl: Info 	modified:   Project_Nomand/Content/Character/Character_Controller.uasset
[2016.12.06-14.20.45:173][  0]SourceControl: Info 	new file:   Project_Nomand/Content/Character/Tex/Charakter.uasset
[2016.12.06-14.20.45:173][  0]SourceControl: Info 	new file:   "Project_Nomand/Content/Character/Tex/K\303\266rperUV_Map_13.uasset"
[2016.12.06-14.20.45:173][  0]SourceControl: Info Changes not staged for commit:
[2016.12.06-14.20.45:173][  0]SourceControl: Info   (use "git add/rm <file>..." to update what will be committed)
[2016.12.06-14.20.45:173][  0]SourceControl: Info   (use "git checkout -- <file>..." to discard changes in working directory)
[2016.12.06-14.20.45:173][  0]SourceControl: Info 	modified:   Project_Nomand/Config/DefaultEngine.ini
[2016.12.06-14.20.45:173][  0]SourceControl: Info 	modified:   Project_Nomand/Config/DefaultInput.ini
[2016.12.06-14.20.45:173][  0]SourceControl: Info 	modified:   Project_Nomand/Content/Character/Blueprint/Character_Controller.uasset
[2016.12.06-14.20.45:173][  0]SourceControl: Info 	modified:   Project_Nomand/Content/Character/Blueprint/Charakter_Neu.uasset
[2016.12.06-14.20.45:173][  0]SourceControl: Info 	modified:   Project_Nomand/Content/Character/Tex/Charakter.uasset
[2016.12.06-14.20.45:173][  0]SourceControl: Info 	modified:   Project_Nomand/Content/HUD/HUD_Bars.uasset
[2016.12.06-14.20.45:173][  0]SourceControl: Info 	modified:   Project_Nomand/Content/Map/Map.umap
[2016.12.06-14.20.45:173][  0]SourceControl: Info 	modified:   Project_Nomand/Intermediate/CachedAssetRegistry.bin
[2016.12.06-14.20.45:173][  0]SourceControl: Info 	modified:   Project_Nomand/Intermediate/Config/CoalescedSourceConfigs/Engine.ini
[2016.12.06-14.20.45:173][  0]SourceControl: Info 	modified:   Project_Nomand/Intermediate/Config/CoalescedSourceConfigs/Input.ini
[2016.12.06-14.20.45:173][  0]SourceControl: Info 	modified:   Project_Nomand/Saved/AutoScreenshot.png
[2016.12.06-14.20.45:173][  0]SourceControl: Info 	modified:   Project_Nomand/Saved/Autosaves/Engine/ArtTools/RenderToTexture/Blueprints/RenderToTexture_Game_Auto1.uasset
[2016.12.06-14.20.45:173][  0]SourceControl: Info 	modified:   Project_Nomand/Saved/Autosaves/Game/HUD/HUD_Bars_Auto1.uasset
[2016.12.06-14.20.45:173][  0]SourceControl: Info 	modified:   Project_Nomand/Saved/Autosaves/Game/HUD/HUD_Bars_Auto2.uasset
[2016.12.06-14.20.45:173][  0]SourceControl: Info 	modified:   Project_Nomand/Saved/Autosaves/Game/HUD/HUD_Bars_Auto3.uasset
[2016.12.06-14.20.45:173][  0]SourceControl: Info 	modified:   Project_Nomand/Saved/Autosaves/PackageRestoreData.json
[2016.12.06-14.20.45:173][  0]SourceControl: Info 	modified:   Project_Nomand/Saved/Config/Windows/Editor.ini
[2016.12.06-14.20.45:173][  0]SourceControl: Info 	modified:   Project_Nomand/Saved/Config/Windows/EditorPerProjectUserSettings.ini
[2016.12.06-14.20.45:173][  0]SourceControl: Info 	deleted:    Project_Nomand/Saved/Logs/Project_Nomand-backup-2016.12.02-12.59.19.log
[2016.12.06-14.20.45:173][  0]SourceControl: Info 	deleted:    Project_Nomand/Saved/Logs/Project_Nomand-backup-2016.12.02-13.08.14.log
[2016.12.06-14.20.45:173][  0]SourceControl: Info 	deleted:    Project_Nomand/Saved/Logs/Project_Nomand-backup-2016.12.02-14.11.07.log
[2016.12.06-14.20.45:173][  0]SourceControl: Info 	modified:   Project_Nomand/Saved/Logs/Project_Nomand.log
[2016.12.06-14.20.45:173][  0]SourceControl: Info Untracked files:
[2016.12.06-14.20.45:173][  0]SourceControl: Info   (use "git add <file>..." to include in what will be committed)
[2016.12.06-14.20.45:173][  0]SourceControl: Info 	Project_Nomand/Saved/Autosaves/Engine/ArtTools/RenderToTexture/Blueprints/RenderToTexture_Game_Auto5.uasset
[2016.12.06-14.20.45:173][  0]SourceControl: Info 	Project_Nomand/Saved/Autosaves/Game/Character/Blueprint/Character_Controller_Auto1.uasset
[2016.12.06-14.20.45:173][  0]SourceControl: Info 	Project_Nomand/Saved/Autosaves/Game/Character/Blueprint/Character_Controller_Auto2.uasset
[2016.12.06-14.20.45:173][  0]SourceControl: Info 	Project_Nomand/Saved/Autosaves/Game/Character/Blueprint/Character_Controller_Auto3.uasset
[2016.12.06-14.20.45:173][  0]SourceControl: Info 	Project_Nomand/Saved/Autosaves/Game/Character/Blueprint/Character_Controller_Auto4.uasset
[2016.12.06-14.20.45:173][  0]SourceControl: Info 	Project_Nomand/Saved/Autosaves/Game/Character/Tex/
[2016.12.06-14.20.45:173][  0]SourceControl: Info 	Project_Nomand/Saved/Autosaves/Game/HUD/HUD_Bars_Auto4.uasset
[2016.12.06-14.20.45:173][  0]SourceControl: Info 	Project_Nomand/Saved/Autosaves/Game/HUD/HUD_Bars_Auto5.uasset
[2016.12.06-14.20.45:174][  0]SourceControl: Info 	Project_Nomand/Saved/Backup/Character_Controller_2016-12-05-12-24-58.uasset
[2016.12.06-14.20.45:174][  0]SourceControl: Info 	Project_Nomand/Saved/Backup/Character_Controller_2016-12-05-12-35-30.uasset
[2016.12.06-14.20.45:174][  0]SourceControl: Info 	Project_Nomand/Saved/Backup/Character_Controller_2016-12-05-12-41-33.uasset
[2016.12.06-14.20.45:174][  0]SourceControl: Info 	Project_Nomand/Saved/Backup/Character_Controller_2016-12-05-12-49-27.uasset
[2016.12.06-14.20.45:174][  0]SourceControl: Info 	Project_Nomand/Saved/Backup/Character_Controller_2016-12-05-13-00-59.uasset
[2016.12.06-14.20.45:174][  0]SourceControl: Info 	Project_Nomand/Saved/Backup/Character_Controller_2016-12-05-13-13-26.uasset
[2016.12.06-14.20.45:174][  0]SourceControl: Info 	Project_Nomand/Saved/Backup/Character_Controller_2016-12-05-13-23-36.uasset
[2016.12.06-14.20.45:174][  0]SourceControl: Info 	Project_Nomand/Saved/Backup/Character_Controller_2016-12-05-14-29-22.uasset
[2016.12.06-14.20.45:174][  0]SourceControl: Info 	Project_Nomand/Saved/Backup/Charakter_2016-12-05-13-13-26.uasset
[2016.12.06-14.20.45:174][  0]SourceControl: Info 	Project_Nomand/Saved/Backup/Charakter_2016-12-05-14-29-22.uasset
[2016.12.06-14.20.45:174][  0]SourceControl: Info 	Project_Nomand/Saved/Backup/Charakter_Neu_2016-12-05-12-26-20.uasset
[2016.12.06-14.20.45:174][  0]SourceControl: Info 	Project_Nomand/Saved/Backup/HUD_Bars_2016-12-05-12-49-27.uasset
[2016.12.06-14.20.45:174][  0]SourceControl: Info 	Project_Nomand/Saved/Backup/HUD_Bars_2016-12-05-13-00-59.uasset
[2016.12.06-14.20.45:174][  0]SourceControl: Info 	Project_Nomand/Saved/Backup/HUD_Bars_2016-12-05-13-13-26.uasset
[2016.12.06-14.20.45:174][  0]SourceControl: Info 	Project_Nomand/Saved/Backup/HUD_Bars_2016-12-05-13-23-36.uasset
[2016.12.06-14.20.45:174][  0]SourceControl: Info 	Project_Nomand/Saved/Backup/HUD_Bars_2016-12-05-13-57-23.uasset
[2016.12.06-14.20.45:174][  0]SourceControl: Info 	Project_Nomand/Saved/Backup/HUD_Bars_2016-12-05-14-29-22.uasset
[2016.12.06-14.20.45:174][  0]SourceControl: Info 	Project_Nomand/Saved/Backup/Map_2016-12-05-12-37-36.umap
[2016.12.06-14.20.45:174][  0]SourceControl: Info 	Project_Nomand/Saved/Backup/RenderToTexture_Game_2016-12-05-12-37-36.uasset
[2016.12.06-14.20.45:174][  0]SourceControl: Info 	Project_Nomand/Saved/Backup/RenderToTexture_Game_2016-12-05-12-49-27.uasset
[2016.12.06-14.20.45:174][  0]SourceControl: Info 	Project_Nomand/Saved/Backup/RenderToTexture_Game_2016-12-05-13-57-23.uasset
[2016.12.06-14.20.45:174][  0]SourceControl: Info 	Project_Nomand/Saved/Backup/RenderToTexture_Game_2016-12-05-14-29-22.uasset
[2016.12.06-14.20.45:174][  0]SourceControl: Info 	Project_Nomand/Saved/Logs/Project_Nomand-backup-2016.12.03-14.28.22.log
[2016.12.06-14.20.45:174][  0]SourceControl: Info 	Project_Nomand/Saved/Logs/Project_Nomand-backup-2016.12.05-12.24.17.log
[2016.12.06-14.20.45:174][  0]SourceControl: Info 	Project_Nomand/Saved/Logs/Project_Nomand-backup-2016.12.05-12.38.37.log
[2016.12.06-14.20.45:174][  0]SourceControl: Info 	Project_Nomand/Saved/Logs/Project_Nomand-backup-2016.12.06-15.20.25.log
[2016.12.06-14.20.45:174][  0]LogContentStreaming: Texture pool size now 1000 MB
[2016.12.06-14.20.46:862][  0]LogRenderer: Reallocating scene render targets to support 1208x556 (Frame:2).
[2016.12.06-14.20.47:138][  1]LogAssetRegistry: Asset discovery search completed in 18.2089 seconds
[2016.12.06-14.20.47:138][  1]LogCollectionManager: Rebuilt the object cache for 0 collections in 0.000001 seconds (found 0 objects)
[2016.12.06-14.20.47:138][  1]LogCollectionManager: Fixed up redirectors for 0 collections in 0.000019 seconds (updated 0 objects)
[2016.12.06-14.21.00:980][582]LogBlueprintUserMessages: Early PlayInEditor Detection: Level '/Game/Map/Map.Map:PersistentLevel' has LevelScriptBlueprint '/Game/Map/Map.Map:PersistentLevel.Map' with GeneratedClass '/Game/Map/Map.Map_C' with ClassGeneratedBy '/Game/Map/Map.Map:PersistentLevel.Map'
[2016.12.06-14.21.00:980][582]LogPlayLevel: PlayLevel: No blueprints needed recompiling
[2016.12.06-14.21.01:104][582]PIE: New page: PIE session: Map (Dec 6, 2016, 4:21:01 PM)
[2016.12.06-14.21.01:104][582]LogPlayLevel: Creating play world package: /Game/Map/UEDPIE_0_Map
[2016.12.06-14.21.01:130][582]LogPlayLevel: PIE: StaticDuplicateObject took: (0.026087s)
[2016.12.06-14.21.01:131][582]LogAIModule: Creating AISystem for world Map
[2016.12.06-14.21.01:131][582]LogPlayLevel: PIE: World Init took: (0.000635s)
[2016.12.06-14.21.01:141][582]LogPlayLevel: PIE: Created PIE world by copying editor world from /Game/Map/Map.Map to /Game/Map/UEDPIE_0_Map.Map (0.037273s)
[2016.12.06-14.21.01:209][582]LogInit: XAudio2 using 'Lautsprecher (SteelSeries Siberia 350)' : 2 channels at 44.1 kHz using 16 bits per sample (channel mask 0x3)
[2016.12.06-14.21.01:268][582]LogInit: FAudioDevice initialized.
[2016.12.06-14.21.01:509][582]LogWorld: Game class is 'RenderToTexture_Game_C'
[2016.12.06-14.21.01:644][582]LogWorld: Bringing World /Game/Map/UEDPIE_0_Map.Map up for play (max tick rate 0) at 2016.12.06-15.21.01
[2016.12.06-14.21.01:655][582]LogWorld: Bringing up level for play took: 0.012750
[2016.12.06-14.21.01:889][582]LogContentBrowser: Native class hierarchy updated for 'MovieSceneCapture' in 0.0005 seconds. Added 11 classes and 0 folders.
[2016.12.06-14.21.02:282][582]PIE: Info Play in editor start time for /Game/Map/UEDPIE_0_Map 0.904
[2016.12.06-14.21.02:282][582]LogBlueprintUserMessages: Late PlayInEditor Detection: Level '/Game/Map/Map.Map:PersistentLevel' has LevelScriptBlueprint '/Game/Map/Map.Map:PersistentLevel.Map' with GeneratedClass '/Game/Map/Map.Map_C' with ClassGeneratedBy '/Game/Map/Map.Map:PersistentLevel.Map'
[2016.12.06-14.21.13:956][897]LogBlueprintUserMessages: Early EndPlayMap Detection: Level '/Game/Map/Map.Map:PersistentLevel' has LevelScriptBlueprint '/Game/Map/Map.Map:PersistentLevel.Map' with GeneratedClass '/Game/Map/Map.Map_C' with ClassGeneratedBy '/Game/Map/Map.Map:PersistentLevel.Map'
[2016.12.06-14.21.14:153][897]LogBlueprintUserMessages: Late EndPlayMap Detection: Level '/Game/Map/Map.Map:PersistentLevel' has LevelScriptBlueprint '/Game/Map/Map.Map:PersistentLevel.Map' with GeneratedClass '/Game/Map/Map.Map_C' with ClassGeneratedBy '/Game/Map/Map.Map:PersistentLevel.Map'
[2016.12.06-14.21.51:853][289]LogBlueprintUserMessages: Early PlayInEditor Detection: Level '/Game/Map/Map.Map:PersistentLevel' has LevelScriptBlueprint '/Game/Map/Map.Map:PersistentLevel.Map' with GeneratedClass '/Game/Map/Map.Map_C' with ClassGeneratedBy '/Game/Map/Map.Map:PersistentLevel.Map'
[2016.12.06-14.21.51:853][289]LogPlayLevel: PlayLevel: No blueprints needed recompiling
[2016.12.06-14.21.51:853][289]PIE: New page: PIE session: Map (Dec 6, 2016, 4:21:51 PM)
[2016.12.06-14.21.51:853][289]LogPlayLevel: Creating play world package: /Game/Map/UEDPIE_0_Map
[2016.12.06-14.21.51:855][289]LogPlayLevel: PIE: StaticDuplicateObject took: (0.002230s)
[2016.12.06-14.21.51:856][289]LogAIModule: Creating AISystem for world Map
[2016.12.06-14.21.51:856][289]LogPlayLevel: PIE: World Init took: (0.000674s)
[2016.12.06-14.21.51:856][289]LogPlayLevel: PIE: Created PIE world by copying editor world from /Game/Map/Map.Map to /Game/Map/UEDPIE_0_Map.Map (0.003080s)
[2016.12.06-14.21.51:892][289]LogInit: XAudio2 using 'Lautsprecher (SteelSeries Siberia 350)' : 2 channels at 44.1 kHz using 16 bits per sample (channel mask 0x3)
[2016.12.06-14.21.51:908][289]LogInit: FAudioDevice initialized.
[2016.12.06-14.21.51:957][289]LogWorld: Game class is 'RenderToTexture_Game_C'
[2016.12.06-14.21.51:959][289]LogWorld: Bringing World /Game/Map/UEDPIE_0_Map.Map up for play (max tick rate 0) at 2016.12.06-15.21.51
[2016.12.06-14.21.51:959][289]LogWorld: Bringing up level for play took: 0.001286
[2016.12.06-14.21.51:978][289]PIE: Info Play in editor start time for /Game/Map/UEDPIE_0_Map 0.6
[2016.12.06-14.21.51:979][289]LogBlueprintUserMessages: Late PlayInEditor Detection: Level '/Game/Map/Map.Map:PersistentLevel' has LevelScriptBlueprint '/Game/Map/Map.Map:PersistentLevel.Map' with GeneratedClass '/Game/Map/Map.Map_C' with ClassGeneratedBy '/Game/Map/Map.Map:PersistentLevel.Map'
[2016.12.06-14.21.59:033][127]LogBlueprintUserMessages: Early EndPlayMap Detection: Level '/Game/Map/Map.Map:PersistentLevel' has LevelScriptBlueprint '/Game/Map/Map.Map:PersistentLevel.Map' with GeneratedClass '/Game/Map/Map.Map_C' with ClassGeneratedBy '/Game/Map/Map.Map:PersistentLevel.Map'
[2016.12.06-14.21.59:065][127]LogBlueprintUserMessages: Late EndPlayMap Detection: Level '/Game/Map/Map.Map:PersistentLevel' has LevelScriptBlueprint '/Game/Map/Map.Map:PersistentLevel.Map' with GeneratedClass '/Game/Map/Map.Map_C' with ClassGeneratedBy '/Game/Map/Map.Map:PersistentLevel.Map'
[2016.12.06-14.22.13:381][810]LogWindowsTextInputMethodSystem:Display: IME system now deactivated.
[2016.12.06-14.22.13:801][811]Cmd: QUIT_EDITOR
[2016.12.06-14.22.14:303][811]LogExit: Preparing to exit.
[2016.12.06-14.22.15:018][811]LogExit: Editor shut down
[2016.12.06-14.22.15:019][811]LogExit: Transaction tracking system shut down
[2016.12.06-14.22.15:110][811]LogObj: Freed 0b from 0 cluster array pools.
[2016.12.06-14.22.15:110][811]LogExit: Object subsystem successfully closed.
[2016.12.06-14.22.15:122][811]LogD3D11RHI: Shutdown
[2016.12.06-14.22.15:123][811]LogD3D11RHI: CleanupD3DDevice
[2016.12.06-14.22.15:177][811]LogD3D11RHI: ~FD3D11DynamicRHI
[2016.12.06-14.22.15:195][811]LogModuleManager: Shutting down and abandoning module MovieSceneCapture (214)
[2016.12.06-14.22.15:226][811]LogModuleManager: Shutting down and abandoning module HierarchicalLODOutliner (213)
[2016.12.06-14.22.15:226][811]LogModuleManager: Shutting down and abandoning module CrashTracker (212)
[2016.12.06-14.22.15:226][811]LogModuleManager: Shutting down and abandoning module SceneOutliner (211)
[2016.12.06-14.22.15:226][811]LogModuleManager: Shutting down and abandoning module WidgetCarousel (210)
[2016.12.06-14.22.15:226][811]LogModuleManager: Shutting down and abandoning module AddContentDialog (209)
[2016.12.06-14.22.15:227][811]LogModuleManager: Shutting down and abandoning module GameplayTags (208)
[2016.12.06-14.22.15:227][811]LogModuleManager: Shutting down and abandoning module EditorWidgets (207)
[2016.12.06-14.22.15:227][811]LogModuleManager: Shutting down and abandoning module CollectionManager (206)
[2016.12.06-14.22.15:227][811]LogModuleManager: Shutting down and abandoning module StatsViewer (205)
[2016.12.06-14.22.15:227][811]LogModuleManager: Shutting down and abandoning module FoliageEdit (204)
[2016.12.06-14.22.15:227][811]LogModuleManager: Shutting down and abandoning module LandscapeEditor (203)
[2016.12.06-14.22.15:228][811]LogModuleManager: Shutting down and abandoning module SceneDepthPickerMode (202)
[2016.12.06-14.22.15:228][811]LogModuleManager: Shutting down and abandoning module ActorPickerMode (201)
[2016.12.06-14.22.15:228][811]LogModuleManager: Shutting down and abandoning module GeometryMode (200)
[2016.12.06-14.22.15:228][811]LogModuleManager: Shutting down and abandoning module TextureAlignMode (199)
[2016.12.06-14.22.15:228][811]LogModuleManager: Shutting down and abandoning module BspMode (198)
[2016.12.06-14.22.15:228][811]LogModuleManager: Shutting down and abandoning module HardwareSurvey (197)
[2016.12.06-14.22.15:228][811]LogModuleManager: Shutting down and abandoning module SequenceRecorderSections (196)
[2016.12.06-14.22.15:228][811]LogModuleManager: Shutting down and abandoning module SequenceRecorder (195)
[2016.12.06-14.22.15:228][811]LogModuleManager: Shutting down and abandoning module AutomationWorker (194)
[2016.12.06-14.22.15:228][811]LogModuleManager: Shutting down and abandoning module MatineeToLevelSequence (193)
[2016.12.06-14.22.15:228][811]LogModuleManager: Shutting down and abandoning module PlacementMode (192)
[2016.12.06-14.22.15:228][811]LogModuleManager: Shutting down and abandoning module LevelSequenceEditor (191)
[2016.12.06-14.22.15:228][811]LogModuleManager: Shutting down and abandoning module CharacterAI (190)
[2016.12.06-14.22.15:228][811]LogModuleManager: Shutting down and abandoning module SmartSnapping (189)
[2016.12.06-14.22.15:228][811]LogModuleManager: Shutting down and abandoning module SessionServices (188)
[2016.12.06-14.22.15:228][811]LogModuleManager: Shutting down and abandoning module ViewportSnapping (187)
[2016.12.06-14.22.15:228][811]LogModuleManager: Shutting down and abandoning module LogVisualizer (186)
[2016.12.06-14.22.15:228][811]LogModuleManager: Shutting down and abandoning module GameProjectGeneration (185)
[2016.12.06-14.22.15:228][811]LogModuleManager: Shutting down and abandoning module IntroTutorials (184)
[2016.12.06-14.22.15:228][811]LogModuleManager: Shutting down and abandoning module EditorLiveStreaming (183)
[2016.12.06-14.22.15:228][811]LogModuleManager: Shutting down and abandoning module IOSPlatformEditor (182)
[2016.12.06-14.22.15:228][811]LogModuleManager: Shutting down and abandoning module HTML5PlatformEditor (181)
[2016.12.06-14.22.15:228][811]LogModuleManager: Shutting down and abandoning module AndroidDeviceDetection (180)
[2016.12.06-14.22.15:724][811]LogModuleManager: Shutting down and abandoning module AndroidPlatformEditor (179)
[2016.12.06-14.22.15:724][811]LogModuleManager: Shutting down and abandoning module IOSRuntimeSettings (178)
[2016.12.06-14.22.15:724][811]LogModuleManager: Shutting down and abandoning module AndroidRuntimeSettings (177)
[2016.12.06-14.22.15:724][811]LogModuleManager: Shutting down and abandoning module MergeActors (176)
[2016.12.06-14.22.15:724][811]LogModuleManager: Shutting down and abandoning module SizeMap (175)
[2016.12.06-14.22.15:724][811]LogModuleManager: Shutting down and abandoning module TreeMap (174)
[2016.12.06-14.22.15:724][811]LogModuleManager: Shutting down and abandoning module ReferenceViewer (173)
[2016.12.06-14.22.15:724][811]LogModuleManager: Shutting down and abandoning module LocalizationService (172)
[2016.12.06-14.22.15:724][811]LogModuleManager: Shutting down and abandoning module LocalizationDashboard (171)
[2016.12.06-14.22.15:724][811]LogModuleManager: Shutting down and abandoning module HardwareTargeting (170)
[2016.12.06-14.22.15:724][811]LogModuleManager: Shutting down and abandoning module DeviceProfileEditor (169)
[2016.12.06-14.22.15:724][811]LogModuleManager: Shutting down and abandoning module UndoHistory (168)
[2016.12.06-14.22.15:724][811]LogModuleManager: Shutting down and abandoning module UserFeedback (167)
[2016.12.06-14.22.15:724][811]LogModuleManager: Shutting down and abandoning module XmlParser (166)
[2016.12.06-14.22.15:724][811]LogModuleManager: Shutting down and abandoning module Blutility (165)
[2016.12.06-14.22.15:724][811]LogModuleManager: Shutting down and abandoning module ProjectTargetPlatformEditor (164)
[2016.12.06-14.22.15:724][811]LogModuleManager: Shutting down and abandoning module ProjectSettingsViewer (163)
[2016.12.06-14.22.15:724][811]LogModuleManager: Shutting down and abandoning module InputBindingEditor (162)
[2016.12.06-14.22.15:724][811]LogModuleManager: Shutting down and abandoning module EditorSettingsViewer (161)
[2016.12.06-14.22.15:724][811]LogModuleManager: Shutting down and abandoning module SettingsEditor (160)
[2016.12.06-14.22.15:724][811]LogModuleManager: Shutting down and abandoning module ProjectLauncher (159)
[2016.12.06-14.22.15:724][811]LogModuleManager: Shutting down and abandoning module SessionFrontend (158)
[2016.12.06-14.22.15:724][811]LogModuleManager: Shutting down and abandoning module ProfilerClient (157)
[2016.12.06-14.22.15:724][811]LogModuleManager: Shutting down and abandoning module TargetDeviceServices (156)
[2016.12.06-14.22.15:724][811]LogModuleManager: Shutting down and abandoning module DeviceManager (155)
[2016.12.06-14.22.15:777][811]LogModuleManager: Shutting down and abandoning module AutomationController (154)
[2016.12.06-14.22.15:777][811]LogModuleManager: Shutting down and abandoning module AutomationWindow (153)
[2016.12.06-14.22.15:777][811]LogModuleManager: Shutting down and abandoning module Layers (152)
[2016.12.06-14.22.15:777][811]LogModuleManager: Shutting down and abandoning module ComponentVisualizers (151)
[2016.12.06-14.22.15:777][811]LogModuleManager: Shutting down and abandoning module DetailCustomizations (150)
[2016.12.06-14.22.15:777][811]LogModuleManager: Shutting down and abandoning module PackagesDialog (149)
[2016.12.06-14.22.15:777][811]LogModuleManager: Shutting down and abandoning module Persona (148)
[2016.12.06-14.22.15:777][811]LogModuleManager: Shutting down and abandoning module Kismet (147)
[2016.12.06-14.22.15:777][811]LogModuleManager: Shutting down and abandoning module GraphEditor (146)
[2016.12.06-14.22.15:777][811]LogModuleManager: Shutting down and abandoning module ClassViewer (145)
[2016.12.06-14.22.15:777][811]LogModuleManager: Shutting down and abandoning module Toolbox (144)
[2016.12.06-14.22.15:777][811]LogModuleManager: Shutting down and abandoning module ModuleUI (143)
[2016.12.06-14.22.15:777][811]LogModuleManager: Shutting down and abandoning module MovieSceneTools (142)
[2016.12.06-14.22.15:777][811]LogModuleManager: Shutting down and abandoning module OutputLog (141)
[2016.12.06-14.22.15:778][811]LogModuleManager: Shutting down and abandoning module GammaUI (140)
[2016.12.06-14.22.15:778][811]LogModuleManager: Shutting down and abandoning module Documentation (139)
[2016.12.06-14.22.15:778][811]LogModuleManager: Shutting down and abandoning module StreamingPauseRendering (138)
[2016.12.06-14.22.15:778][811]LogModuleManager: Shutting down and abandoning module AnalyticsET (137)
[2016.12.06-14.22.15:778][811]LogModuleManager: Shutting down and abandoning module Analytics (136)
[2016.12.06-14.22.15:778][811]LogModuleManager: Shutting down and abandoning module PortalServices (135)
[2016.12.06-14.22.15:778][811]LogModuleManager: Shutting down and abandoning module PortalRpc (134)
[2016.12.06-14.22.15:778][811]LogModuleManager: Shutting down and abandoning module MessagingRpc (133)
[2016.12.06-14.22.15:778][811]LogModuleManager: Shutting down and abandoning module GameplayDebugger (132)
[2016.12.06-14.22.15:778][811]LogModuleManager: Shutting down and abandoning module AITestSuite (131)
[2016.12.06-14.22.15:778][811]LogModuleManager: Shutting down and abandoning module AIModule (130)
[2016.12.06-14.22.15:778][811]LogModuleManager: Shutting down and abandoning module ProfilerService (129)
[2016.12.06-14.22.15:879][811]LogModuleManager: Shutting down and abandoning module TaskGraph (128)
[2016.12.06-14.22.15:879][811]LogModuleManager: Shutting down and abandoning module SlateRemote (127)
[2016.12.06-14.22.15:879][811]LogModuleManager: Shutting down and abandoning module SteamVRController (126)
[2016.12.06-14.22.15:879][811]LogModuleManager: Shutting down and abandoning module SteamVR (125)
[2016.12.06-14.22.15:879][811]LogModuleManager: Shutting down and abandoning module ProceduralMeshComponent (124)
[2016.12.06-14.22.15:879][811]LogModuleManager: Shutting down and abandoning module OculusLibrary (123)
[2016.12.06-14.22.15:879][811]LogModuleManager: Shutting down and abandoning module OculusInput (122)
[2016.12.06-14.22.15:879][811]LogModuleManager: Shutting down and abandoning module CustomMeshComponent (121)
[2016.12.06-14.22.15:879][811]LogModuleManager: Shutting down and abandoning module CableComponent (120)
[2016.12.06-14.22.15:879][811]LogModuleManager: Shutting down and abandoning module ArchVisCharacter (119)
[2016.12.06-14.22.15:879][811]LogModuleManager: Shutting down and abandoning module MediaPlayerEditor (118)
[2016.12.06-14.22.15:879][811]LogModuleManager: Shutting down and abandoning module HTML5Networking (117)
[2016.12.06-14.22.15:879][811]LogModuleManager: Shutting down and abandoning module SuperSearch (116)
[2016.12.06-14.22.15:879][811]LogModuleManager: Shutting down and abandoning module SuperSearchEditor (115)
[2016.12.06-14.22.15:879][811]LogModuleManager: Shutting down and abandoning module SpeedTreeImporter (114)
[2016.12.06-14.22.15:879][811]LogModuleManager: Shutting down and abandoning module PluginBrowser (113)
[2016.12.06-14.22.15:879][811]LogModuleManager: Shutting down and abandoning module EpicSurvey (112)
[2016.12.06-14.22.15:879][811]LogModuleManager: Shutting down and abandoning module DesktopPlatform (111)
[2016.12.06-14.22.15:879][811]LogModuleManager: Shutting down and abandoning module VisualStudioSourceCodeAccess (110)
[2016.12.06-14.22.15:879][811]LogModuleManager: Shutting down and abandoning module UObjectPlugin (109)
[2016.12.06-14.22.15:879][811]LogModuleManager: Shutting down and abandoning module SubversionSourceControl (108)
[2016.12.06-14.22.15:879][811]LogModuleManager: Shutting down and abandoning module PerforceSourceControl (107)
[2016.12.06-14.22.15:879][811]LogModuleManager: Shutting down and abandoning module SourceControl (106)
[2016.12.06-14.22.15:879][811]LogModuleManager: Shutting down and abandoning module GitSourceControl (105)
[2016.12.06-14.22.15:879][811]LogModuleManager: Shutting down and abandoning module LightPropagationVolumeEditor (104)
[2016.12.06-14.22.15:879][811]LogModuleManager: Shutting down and abandoning module PaperTiledImporter (103)
[2016.12.06-14.22.15:879][811]LogModuleManager: Shutting down and abandoning module PaperSpriteSheetImporter (102)
[2016.12.06-14.22.15:879][811]LogModuleManager: Shutting down and abandoning module MeshPaint (101)
[2016.12.06-14.22.15:879][811]LogModuleManager: Shutting down and abandoning module PixelInspectorModule (100)
[2016.12.06-14.22.15:879][811]LogModuleManager: Shutting down and abandoning module HotReload (99)
[2016.12.06-14.22.15:879][811]LogModuleManager: Shutting down and abandoning module MainFrame (98)
[2016.12.06-14.22.15:879][811]LogModuleManager: Shutting down and abandoning module LevelEditor (97)
[2016.12.06-14.22.15:880][811]LogModuleManager: Shutting down and abandoning module ContentBrowser (96)
[2016.12.06-14.22.15:881][811]LogModuleManager: Shutting down and abandoning module Paper2DEditor (95)
[2016.12.06-14.22.15:881][811]LogModuleManager: Shutting down and abandoning module UdpMessaging (94)
[2016.12.06-14.22.15:981][811]LogModuleManager: Shutting down and abandoning module LightPropagationVolumeRuntime (93)
[2016.12.06-14.22.15:981][811]LogModuleManager: Shutting down and abandoning module Paper2D (92)
[2016.12.06-14.22.15:981][811]LogModuleManager: Shutting down and abandoning module WindowsMoviePlayer (91)
[2016.12.06-14.22.15:981][811]LogModuleManager: Shutting down and abandoning module Media (90)
[2016.12.06-14.22.15:981][811]LogModuleManager: Shutting down and abandoning module WmfMedia (89)
[2016.12.06-14.22.15:981][811]LogModuleManager: Shutting down and abandoning module MediaAssets (88)
[2016.12.06-14.22.15:981][811]LogModuleManager: Shutting down and abandoning module GameLiveStreaming (87)
[2016.12.06-14.22.15:981][811]LogModuleManager: Shutting down and abandoning module GameplayTagsEditor (86)
[2016.12.06-14.22.15:981][811]LogModuleManager: Shutting down and abandoning module OnlineBlueprintSupport (85)
[2016.12.06-14.22.15:981][811]LogModuleManager: Shutting down and abandoning module VREditor (84)
[2016.12.06-14.22.15:981][811]LogModuleManager: Shutting down and abandoning module GameplayTasksEditor (83)
[2016.12.06-14.22.15:981][811]LogModuleManager: Shutting down and abandoning module PropertyEditor (82)
[2016.12.06-14.22.15:981][811]LogModuleManager: Shutting down and abandoning module BehaviorTreeEditor (81)
[2016.12.06-14.22.15:981][811]LogModuleManager: Shutting down and abandoning module FunctionalTesting (80)
[2016.12.06-14.22.15:981][811]LogModuleManager: Shutting down and abandoning module CollisionAnalyzer (79)
[2016.12.06-14.22.15:981][811]LogModuleManager: Shutting down and abandoning module Sequencer (78)
[2016.12.06-14.22.15:982][811]LogModuleManager: Shutting down and abandoning module WorkspaceMenuStructure (77)
[2016.12.06-14.22.15:982][811]LogModuleManager: Shutting down and abandoning module MessageLog (76)
[2016.12.06-14.22.15:982][811]LogModuleManager: Shutting down and abandoning module AssetTools (75)
[2016.12.06-14.22.15:982][811]LogModuleManager: Shutting down and abandoning module UMGEditor (74)
[2016.12.06-14.22.15:982][811]LogModuleManager: Shutting down and abandoning module UMG (73)
[2016.12.06-14.22.15:982][811]LogModuleManager: Shutting down and abandoning module SlateReflector (72)
[2016.12.06-14.22.15:982][811]LogModuleManager: Shutting down and abandoning module Slate (71)
[2016.12.06-14.22.15:982][811]LogModuleManager: Shutting down and abandoning module EditorStyle (70)
[2016.12.06-14.22.15:983][811]LogModuleManager: Shutting down and abandoning module SourceCodeAccess (69)
[2016.12.06-14.22.15:983][811]LogModuleManager: Shutting down and abandoning module HeadMountedDisplay (68)
[2016.12.06-14.22.15:983][811]LogModuleManager: Shutting down and abandoning module XAudio2 (67)
[2016.12.06-14.22.15:983][811]LogModuleManager: Shutting down and abandoning module Networking (65)
[2016.12.06-14.22.15:983][811]LogModuleManager: Shutting down and abandoning module Core (64)
[2016.12.06-14.22.15:984][811]LogModuleManager: Shutting down and abandoning module DirectoryWatcher (63)
[2016.12.06-14.22.15:984][811]LogModuleManager: Shutting down and abandoning module AssetRegistry (62)
[2016.12.06-14.22.16:191][811]LogModuleManager: Shutting down and abandoning module KismetCompiler (61)
[2016.12.06-14.22.16:191][811]LogModuleManager: Shutting down and abandoning module PhysXFormats (60)
[2016.12.06-14.22.16:191][811]LogModuleManager: Shutting down and abandoning module MeshUtilities (59)
[2016.12.06-14.22.16:191][811]LogModuleManager: Shutting down and abandoning module DerivedDataCache (58)
[2016.12.06-14.22.16:438][811]LogDerivedDataCache: Shutdown
[2016.12.06-14.22.16:438][811]LogModuleManager: Shutting down and abandoning module VulkanShaderFormat (57)
[2016.12.06-14.22.16:439][811]LogModuleManager: Shutting down and abandoning module ShaderFormatOpenGL (56)
[2016.12.06-14.22.16:439][811]LogModuleManager: Shutting down and abandoning module ShaderFormatD3D (55)
[2016.12.06-14.22.16:439][811]LogModuleManager: Shutting down and abandoning module MetalShaderFormat (54)
[2016.12.06-14.22.16:439][811]LogModuleManager: Shutting down and abandoning module TextureFormatUncompressed (53)
[2016.12.06-14.22.16:439][811]LogModuleManager: Shutting down and abandoning module TextureFormatPVR (52)
[2016.12.06-14.22.16:439][811]LogModuleManager: Shutting down and abandoning module TextureFormatIntelISPCTexComp (51)
[2016.12.06-14.22.16:439][811]LogModuleManager: Shutting down and abandoning module TextureFormatDXT (50)
[2016.12.06-14.22.16:439][811]LogModuleManager: Shutting down and abandoning module ImageWrapper (49)
[2016.12.06-14.22.16:439][811]LogModuleManager: Shutting down and abandoning module TextureFormatASTC (48)
[2016.12.06-14.22.16:439][811]LogModuleManager: Shutting down and abandoning module TextureFormatAndroid (47)
[2016.12.06-14.22.16:439][811]LogModuleManager: Shutting down and abandoning module AudioFormatOpus (46)
[2016.12.06-14.22.16:439][811]LogModuleManager: Shutting down and abandoning module AudioFormatOgg (45)
[2016.12.06-14.22.16:439][811]LogModuleManager: Shutting down and abandoning module AudioFormatADPCM (44)
[2016.12.06-14.22.16:439][811]LogModuleManager: Shutting down and abandoning module LinuxTargetPlatform (43)
[2016.12.06-14.22.16:439][811]LogModuleManager: Shutting down and abandoning module LinuxServerTargetPlatform (42)
[2016.12.06-14.22.16:439][811]LogModuleManager: Shutting down and abandoning module LinuxNoEditorTargetPlatform (41)
[2016.12.06-14.22.16:439][811]LogModuleManager: Shutting down and abandoning module TVOSTargetPlatform (40)
[2016.12.06-14.22.16:439][811]LogModuleManager: Shutting down and abandoning module Messaging (39)
[2016.12.06-14.22.16:439][811]LogModuleManager: Shutting down and abandoning module IOSTargetPlatform (38)
[2016.12.06-14.22.16:439][811]LogModuleManager: Shutting down and abandoning module HTML5TargetPlatform (37)
[2016.12.06-14.22.16:439][811]LogModuleManager: Shutting down and abandoning module Android_PVRTCTargetPlatform (36)
[2016.12.06-14.22.16:439][811]LogModuleManager: Shutting down and abandoning module Android_MultiTargetPlatform (35)
[2016.12.06-14.22.16:439][811]LogModuleManager: Shutting down and abandoning module Android_ETC2TargetPlatform (34)
[2016.12.06-14.22.16:439][811]LogModuleManager: Shutting down and abandoning module Android_ETC1TargetPlatform (33)
[2016.12.06-14.22.16:439][811]LogModuleManager: Shutting down and abandoning module Android_DXTTargetPlatform (32)
[2016.12.06-14.22.16:439][811]LogModuleManager: Shutting down and abandoning module Android_ATCTargetPlatform (31)
[2016.12.06-14.22.16:439][811]LogModuleManager: Shutting down and abandoning module Android_ASTCTargetPlatform (30)
[2016.12.06-14.22.16:439][811]LogModuleManager: Shutting down and abandoning module AndroidTargetPlatform (29)
[2016.12.06-14.22.16:439][811]LogModuleManager: Shutting down and abandoning module WindowsTargetPlatform (28)
[2016.12.06-14.22.16:439][811]LogModuleManager: Shutting down and abandoning module WindowsServerTargetPlatform (27)
[2016.12.06-14.22.16:439][811]LogModuleManager: Shutting down and abandoning module WindowsNoEditorTargetPlatform (26)
[2016.12.06-14.22.16:439][811]LogModuleManager: Shutting down and abandoning module WindowsClientTargetPlatform (25)
[2016.12.06-14.22.16:439][811]LogModuleManager: Shutting down and abandoning module AllDesktopTargetPlatform (24)
[2016.12.06-14.22.16:439][811]LogModuleManager: Shutting down and abandoning module TargetPlatform (23)
[2016.12.06-14.22.16:439][811]LogModuleManager: Shutting down and abandoning module InputCore (22)
[2016.12.06-14.22.16:439][811]LogModuleManager: Shutting down and abandoning module Settings (21)
[2016.12.06-14.22.16:439][811]LogModuleManager: Shutting down and abandoning module OnlineSubsystem (19)
[2016.12.06-14.22.16:439][811]LogModuleManager: Shutting down and abandoning module HTTP (18)
[2016.12.06-14.22.17:942][811]LogModuleManager: Shutting down and abandoning module XMPP (17)
[2016.12.06-14.22.17:942][811]LogModuleManager: Shutting down and abandoning module OculusRift (16)
[2016.12.06-14.22.17:942][811]LogModuleManager: Shutting down and abandoning module ExampleDeviceProfileSelector (15)
[2016.12.06-14.22.17:942][811]LogModuleManager: Shutting down and abandoning module TextureCompressor (14)
[2016.12.06-14.22.17:942][811]LogModuleManager: Shutting down and abandoning module ShaderCore (13)
[2016.12.06-14.22.17:942][811]LogModuleManager: Shutting down and abandoning module Landscape (12)
[2016.12.06-14.22.17:942][811]LogModuleManager: Shutting down and abandoning module SlateRHIRenderer (11)
[2016.12.06-14.22.17:942][811]LogModuleManager: Shutting down and abandoning module OpenGLDrv (10)
[2016.12.06-14.22.17:942][811]LogModuleManager: Shutting down and abandoning module D3D11RHI (9)
[2016.12.06-14.22.17:942][811]LogModuleManager: Shutting down and abandoning module AnimGraphRuntime (8)
[2016.12.06-14.22.17:942][811]LogModuleManager: Shutting down and abandoning module Renderer (7)
[2016.12.06-14.22.17:942][811]LogModuleManager: Shutting down and abandoning module Engine (6)
[2016.12.06-14.22.17:942][811]LogModuleManager: Shutting down and abandoning module CoreUObject (5)
[2016.12.06-14.22.17:942][811]LogModuleManager: Shutting down and abandoning module NetworkFile (4)
[2016.12.06-14.22.17:942][811]LogModuleManager: Shutting down and abandoning module StreamingFile (3)
[2016.12.06-14.22.17:942][811]LogModuleManager: Shutting down and abandoning module SandboxFile (2)
[2016.12.06-14.22.17:942][811]LogModuleManager: Shutting down and abandoning module PakFile (1)
[2016.12.06-14.22.17:944][811]LogExit: Exiting.
[2016.12.06-14.22.17:945][811]Log file closed, 12/06/16 15:22:17
