Log file open, 01/21/17 18:09:36
LogInit:Display: Running engine for game: Project_Nomand
LogPlatformFile: Not using cached read wrapper
LogInit:Display: RandInit(399741206) SRandInit(399741207).
LogTaskGraph: Started task graph with 4 named threads and 7 total threads with 1 sets of task threads.
LogStats: Stats thread started at 0.079119
LogInit: Version: 4.12.5-3039270+++UE4+Release-4.12
LogInit: API Version: 2992821
LogInit: Net Version: 3039270
LogDevObjectVersion: Number of dev versions registered: 13
LogDevObjectVersion:   Dev-Blueprints (B0D832E4-1F89-4F0D-ACCF-7EB736FD4AA2): 3
LogDevObjectVersion:   Dev-Build (E1C64328-A22C-4D53-A36C-8E866417BD8C): 0
LogDevObjectVersion:   Dev-Core (375EC13C-06E4-48FB-B500-84F0262A717E): 1
LogDevObjectVersion:   Dev-Editor (E4B068ED-F494-42E9-A231-DA0B2E46BB41): 2
LogDevObjectVersion:   Dev-Framework (CFFC743F-43B0-4480-9391-14DF171D2073): 6
LogDevObjectVersion:   Dev-Mobile (B02B49B5-BB20-44E9-A304-32B752E40360): 0
LogDevObjectVersion:   Dev-Networking (A4E4105C-59A1-49B5-A7C5-40C4547EDFEE): 0
LogDevObjectVersion:   Dev-Online (39C831C9-5AE6-47DC-9A44-9C173E1C8E7C): 0
LogDevObjectVersion:   Dev-Physics (78F01B33-EBEA-4F98-B9B4-84EACCB95AA2): 0
LogDevObjectVersion:   Dev-Platform (6631380F-2D4D-43E0-8009-CF276956A95A): 0
LogDevObjectVersion:   Dev-Rendering (12F88B9F-8875-4AFC-A67C-D90C383ABD29): 2
LogDevObjectVersion:   Dev-Sequencer (7B5AE74C-D270-4C10-A958-57980B212A5A): 0
LogDevObjectVersion:   Dev-VR (D7296918-1DD6-4BDD-9DE2-64A83CC13884): 0
LogInit: Compiled (64-bit): Jul  6 2016 09:09:46
LogInit: Compiled with Visual C++: 19.00.23026.00
LogInit: Build Configuration: Development
LogInit: Branch Name: ++UE4+Release-4.12
LogInit: Command line: -EpicPortal 
LogInit: Base directory: G:/UNI/Programme/Epic Games/4.12/Engine/Binaries/Win64/
LogInit: Installed Engine Build: 1
LogInit: Using libcurl 7.41.0
LogInit:  - built for x86_64-pc-win32
LogInit:  - supports SSL with WinSSL
LogInit:  - other features:
LogInit:      CURL_VERSION_SSL
LogInit:      CURL_VERSION_IPV6
LogInit:      CURL_VERSION_ASYNCHDNS
LogInit:      CURL_VERSION_LARGEFILE
LogInit:      CURL_VERSION_IDN
LogInit:  CurlRequestOptions (configurable via config and command line):
LogInit:  - bVerifyPeer = true  - Libcurl will verify peer certificate
LogInit:  - bUseHttpProxy = false  - Libcurl will NOT use HTTP proxy
LogInit:  - bDontReuseConnections = false  - Libcurl will reuse connections
LogInit:  - CertBundlePath = nullptr  - Libcurl will use whatever was configured at build time.
LogInit: Presizing for max 8388607 objects, including 0 objects not considered by GC, pre-allocating 0 bytes for permanent pool.
LogInit: Object subsystem initialized
[2017.01.21-17.09.36:207][  0]LogInit: Selected Device Profile: [Windows]
[2017.01.21-17.09.36:208][  0]LogInit: Applying CVar settings loaded from the selected device profile: [Windows]
[2017.01.21-17.09.36:220][  0]LogInit: Computer: DEX
[2017.01.21-17.09.36:220][  0]LogInit: User: Dextex
[2017.01.21-17.09.36:220][  0]LogInit: CPU Page size=65536, Cores=4
[2017.01.21-17.09.36:220][  0]LogInit: High frequency timer resolution =3.417976 MHz
[2017.01.21-17.09.36:220][  0]LogMemory: Memory total: Physical=15.9GB (16GB approx)
[2017.01.21-17.09.36:220][  0]LogMemory: Platform Memory Stats for Windows
[2017.01.21-17.09.36:220][  0]LogMemory: Process Physical Memory: 191.63 MB used, 191.63 MB peak
[2017.01.21-17.09.36:220][  0]LogMemory: Process Virtual Memory: 195.08 MB used, 195.08 MB peak
[2017.01.21-17.09.36:220][  0]LogMemory: Physical Memory: 8320.99 MB used, 16328.00 MB total
[2017.01.21-17.09.36:220][  0]LogMemory: Virtual Memory: 553.49 MB used, 134217728.00 MB total
[2017.01.21-17.09.36:246][  0]LogTextLocalizationManager: No translations for ('de-DE') exist, falling back to 'en' for localization and internationalization data.
[2017.01.21-17.09.36:643][  0]LogD3D11RHI: D3D11 adapters:
[2017.01.21-17.09.37:180][  0]LogD3D11RHI:    0. 'NVIDIA GeForce GTX 1080' (Feature Level 11_0)
[2017.01.21-17.09.37:180][  0]LogD3D11RHI:       8144/0/8164 MB DedicatedVideo/DedicatedSystem/SharedSystem, Outputs:2, VendorId:0x10de
[2017.01.21-17.09.37:181][  0]LogD3D11RHI:    1. 'Microsoft Basic Render Driver' (Feature Level 11_0)
[2017.01.21-17.09.37:181][  0]LogD3D11RHI:       0/0/8164 MB DedicatedVideo/DedicatedSystem/SharedSystem, Outputs:0, VendorId:0x1414
[2017.01.21-17.09.37:181][  0]LogD3D11RHI: Chosen D3D11 Adapter: 0
[2017.01.21-17.09.37:186][  0]LogD3D11RHI: Creating new Direct3DDevice
[2017.01.21-17.09.37:186][  0]LogD3D11RHI:     GPU DeviceId: 0x1b80 (for the marketing name, search the web for "GPU Device Id")
[2017.01.21-17.09.37:186][  0]LogWindows: EnumDisplayDevices:
[2017.01.21-17.09.37:187][  0]LogWindows:    0. 'NVIDIA GeForce GTX 1080' (P:1 D:1)
[2017.01.21-17.09.37:187][  0]LogWindows:    1. 'NVIDIA GeForce GTX 1080' (P:0 D:1)
[2017.01.21-17.09.37:187][  0]LogWindows:    2. 'NVIDIA GeForce GTX 1080' (P:0 D:0)
[2017.01.21-17.09.37:187][  0]LogWindows:    3. 'NVIDIA GeForce GTX 1080' (P:0 D:0)
[2017.01.21-17.09.37:187][  0]LogWindows: DebugString: FoundDriverCount:4 
[2017.01.21-17.09.37:187][  0]LogD3D11RHI:     Adapter Name: NVIDIA GeForce GTX 1080
[2017.01.21-17.09.37:187][  0]LogD3D11RHI:   Driver Version: 376.33 (internal:21.21.13.7633, unified:376.33)
[2017.01.21-17.09.37:187][  0]LogD3D11RHI:      Driver Date: 12-11-2016
[2017.01.21-17.09.37:187][  0]LogRHI: Texture pool is 1361 MB (70% of 1945 MB)
[2017.01.21-17.09.37:691][  0]LogD3D11RHI: Async texture creation enabled
[2017.01.21-17.09.37:722][  0]LogD3D11RHI: GPU Timing Frequency: 1000.000000 (Debug: 2 1)
[2017.01.21-17.09.37:722][  0]LogShaderCompilers: Guid format shader working directory is -4 characters bigger than the processId version (../../../../../../MP2/project_nomad/Project_Nomand/Intermediate/Shaders/WorkingDirectory/10844/).
[2017.01.21-17.09.37:723][  0]LogShaderCompilers: Cleaned the shader compiler working directory 'C:/Users/Dextex/AppData/Local/Temp/UnrealShaderWorkingDir/C86D34E34D73A933F2CC9383793CBA8F/'.
[2017.01.21-17.09.37:723][  0]LogShaderCompilers:Display: Using Local Shader Compiler.
[2017.01.21-17.09.38:632][  0]LogTemp:Display: Loaded TP AllDesktopTargetPlatform
[2017.01.21-17.09.38:641][  0]LogTemp:Display: Loaded TP WindowsClientTargetPlatform
[2017.01.21-17.09.38:650][  0]LogTemp:Display: Loaded TP WindowsNoEditorTargetPlatform
[2017.01.21-17.09.38:660][  0]LogTemp:Display: Loaded TP WindowsServerTargetPlatform
[2017.01.21-17.09.38:669][  0]LogTemp:Display: Loaded TP WindowsTargetPlatform
[2017.01.21-17.09.38:676][  0]LogTemp:Display: Loaded TP AndroidTargetPlatform
[2017.01.21-17.09.38:682][  0]LogTemp:Display: Loaded TP Android_ASTCTargetPlatform
[2017.01.21-17.09.38:689][  0]LogTemp:Display: Loaded TP Android_ATCTargetPlatform
[2017.01.21-17.09.38:696][  0]LogTemp:Display: Loaded TP Android_DXTTargetPlatform
[2017.01.21-17.09.38:706][  0]LogTemp:Display: Loaded TP Android_ETC1TargetPlatform
[2017.01.21-17.09.38:713][  0]LogTemp:Display: Loaded TP Android_ETC2TargetPlatform
[2017.01.21-17.09.38:732][  0]LogTemp:Display: Loaded TP Android_MultiTargetPlatform
[2017.01.21-17.09.38:732][  0]LogTemp:Display: Loaded TP Android_PVRTCTargetPlatform
[2017.01.21-17.09.38:733][  0]LogTemp:Display: Loaded TP HTML5TargetPlatform
[2017.01.21-17.09.38:753][  0]LogTemp:Display: Loaded TP IOSTargetPlatform
[2017.01.21-17.09.38:761][  0]LogTemp:Display: Loaded TP TVOSTargetPlatform
[2017.01.21-17.09.38:768][  0]LogTemp:Display: Loaded TP LinuxNoEditorTargetPlatform
[2017.01.21-17.09.38:776][  0]LogTemp:Display: Loaded TP LinuxServerTargetPlatform
[2017.01.21-17.09.38:786][  0]LogTemp:Display: Loaded TP LinuxTargetPlatform
[2017.01.21-17.09.38:786][  0]LogTargetPlatformManager:Display: Building Assets For Windows
[2017.01.21-17.09.38:875][  0]LogDerivedDataCache:Display: Max Cache Size: 512 MB
[2017.01.21-17.09.38:924][  0]LogDerivedDataCache: Loaded boot cache 0.05s 48MB C:/Users/Dextex/AppData/Local/UnrealEngine/4.12/DerivedDataCache/Boot.ddc.
[2017.01.21-17.09.38:925][  0]LogDerivedDataCache:Display: Loaded Boot cache: C:/Users/Dextex/AppData/Local/UnrealEngine/4.12/DerivedDataCache/Boot.ddc
[2017.01.21-17.09.38:925][  0]LogDerivedDataCache: FDerivedDataBackendGraph:  Pak pak cache file ../../../../../../MP2/project_nomad/Project_Nomand/DerivedDataCache/DDC.ddp not found, will not use a pak cache.
[2017.01.21-17.09.38:925][  0]LogDerivedDataCache: Unable to find inner node Pak for hierarchical cache Hierarchy.
[2017.01.21-17.09.38:925][  0]LogDerivedDataCache: FDerivedDataBackendGraph:  CompressedPak pak cache file ../../../../../../MP2/project_nomad/Project_Nomand/DerivedDataCache/Compressed.ddp not found, will not use a pak cache.
[2017.01.21-17.09.38:925][  0]LogDerivedDataCache: Unable to find inner node CompressedPak for hierarchical cache Hierarchy.
[2017.01.21-17.09.38:940][  0]LogDerivedDataCache:Display: Pak cache opened for reading ../../../Engine/DerivedDataCache/Compressed.ddp.
[2017.01.21-17.09.38:952][  0]LogDerivedDataCache: Using Local data cache path C:/Users/Dextex/AppData/Local/UnrealEngine/Common/DerivedDataCache: Writable
[2017.01.21-17.09.39:119][  0]LogInit: Selected Device Profile: [Windows]
[2017.01.21-17.09.39:120][  0]LogContentStreaming: Texture pool size is 0.00 MB
[2017.01.21-17.09.39:258][  0]LogMeshUtilities: No automatic mesh reduction module available
[2017.01.21-17.09.39:258][  0]LogMeshUtilities: No automatic mesh merging module available
[2017.01.21-17.09.39:258][  0]LogMeshUtilities: No distributed automatic mesh merging module available
[2017.01.21-17.09.39:485][  0]LogAssetRegistry: FAssetRegistry took 0.0214 seconds to start up
[2017.01.21-17.09.39:502][  0]LogPackageLocalizationCache: Processed 3 localized package path(s) for 1 prioritized culture(s) in 0.012941 seconds
[2017.01.21-17.09.39:509][  0]LogUObjectArray: 28739 objects as part of root set at end of initial load.
[2017.01.21-17.09.39:509][  0]LogUObjectAllocator: 5855632 out of 0 bytes used by permanent object pool.
[2017.01.21-17.09.39:509][  0]LogUObjectArray: CloseDisregardForGC: 0/0 objects in disregard for GC pool
[2017.01.21-17.09.39:519][  0]LogInit: WinSock: version 1.1 (2.2), MaxSocks=32767, MaxUdp=65467
[2017.01.21-17.09.39:684][  0]LogSlate: SlateFontCache - WITH_FREETYPE: 1, WITH_HARFBUZZ: 1
[2017.01.21-17.09.39:684][  0]LogSlate: SlateFontCache - WITH_FREETYPE: 1, WITH_HARFBUZZ: 1
[2017.01.21-17.09.40:242][  0]LogUdpMessaging: Initializing bridge on interface 0.0.0.0:0 to multicast group 230.0.0.1:6666.
[2017.01.21-17.09.40:453][  0]SourceControl: Info Source control is disabled
[2017.01.21-17.09.40:801][  0]LogEngine: Initializing Engine...
[2017.01.21-17.09.40:802][  0]LogHMD: SteamVR failed to initialize.  Err: 100
[2017.01.21-17.09.40:803][  0]LogHMD: SteamVR failed to initialize.  Err: 100
[2017.01.21-17.09.40:937][  0]LogAIModule: Creating AISystem for world NewWorld
[2017.01.21-17.09.40:950][  0]LogInit: XAudio2 using 'Lautsprecher (SteelSeries Siberia 350)' : 2 channels at 44.1 kHz using 16 bits per sample (channel mask 0x3)
[2017.01.21-17.09.40:966][  0]LogInit: FAudioDevice initialized.
[2017.01.21-17.09.40:990][  0]LogDerivedDataCache: Saved boot cache 0.02s 48MB C:/Users/Dextex/AppData/Local/UnrealEngine/4.12/DerivedDataCache/Boot.ddc.
[2017.01.21-17.09.40:997][  0]LogInit: Texture streaming: Enabled
[2017.01.21-17.09.41:023][  0]LogInit: Transaction tracking system initialized
[2017.01.21-17.09.41:050][  0]BlueprintLog: New page: Editor Load
[2017.01.21-17.09.41:153][  0]LocalizationService: Info Localization service is disabled
[2017.01.21-17.09.41:212][  0]LogConsoleResponse:Display: 
[2017.01.21-17.09.41:306][  0]LogCook:Display: Max memory allowance for cook 8192mb
[2017.01.21-17.09.41:306][  0]LogCook:Display: Mobile HDR setting 1
[2017.01.21-17.09.41:398][  0]LogFileCache: Scanning file cache for directory 'G:/UNI/MP2/project_nomad/Project_Nomand/Content/' took 0.03s
[2017.01.21-17.09.41:398][  0]Cmd: MAP LOAD FILE="../../../../../../MP2/project_nomad/Project_Nomand/Content/Map/Map.umap" TEMPLATE=0 SHOWPROGRESS=1 FEATURELEVEL=3
[2017.01.21-17.09.41:402][  0]LightingResults: New page: Lighting Build
[2017.01.21-17.09.41:405][  0]MapCheck: New page: Map Check
[2017.01.21-17.09.41:405][  0]LightingResults: New page: Lighting Build
[2017.01.21-17.09.46:485][  0]LogAIModule: Creating AISystem for world Map
[2017.01.21-17.09.46:890][  0]LogEditorServer: Finished looking for orphan Actors (0.000 secs)
[2017.01.21-17.09.46:895][  0]Cmd: MAP CHECKDEP NOCLEARLOG
[2017.01.21-17.09.46:953][  0]MapCheck: Info Map check complete: 0 Error(s), 0 Warning(s), took 58.349ms to complete.
[2017.01.21-17.09.46:953][  0]LogFileHelpers: Loading map 'Map' took 5.554
[2017.01.21-17.09.47:201][  0]LogCollectionManager: Loaded 0 collections in 0.002336 seconds
[2017.01.21-17.09.47:242][  0]LogFileCache: Scanning file cache for directory 'G:/UNI/MP2/project_nomad/Project_Nomand/Saved/Collections/' took 0.01s
[2017.01.21-17.09.47:242][  0]LogFileCache: Scanning file cache for directory 'G:/UNI/MP2/project_nomad/Project_Nomand/Content/Developers/Dextex/Collections/' took 0.01s
[2017.01.21-17.09.47:242][  0]LogFileCache: Scanning file cache for directory 'G:/UNI/MP2/project_nomad/Project_Nomand/Content/Collections/' took 0.01s
[2017.01.21-17.09.47:242][  0]LogCollectionManager: Rebuilt the GUID cache for 0 collections in 0.000002 seconds
[2017.01.21-17.09.47:250][  0]LogContentBrowser: Native class hierarchy populated in 0.0072 seconds. Added 2047 classes and 369 folders.
[2017.01.21-17.09.47:253][  0]LogStats: UGameplayTagsManager::ConstructGameplayTagTree: Construct from data asset -  0.000 s
[2017.01.21-17.09.47:253][  0]LogStats: UGameplayTagsManager::ConstructGameplayTagTree: GameplayTagTreeChangedEvent.Broadcast -  0.000 s
[2017.01.21-17.09.47:254][  0]LogContentBrowser: Native class hierarchy updated for 'GameplayTags' in 0.0004 seconds. Added 12 classes and 0 folders.
[2017.01.21-17.09.47:259][  0]LogContentBrowser: Native class hierarchy updated for 'WidgetCarousel' in 0.0003 seconds. Added 0 classes and 0 folders.
[2017.01.21-17.09.47:462][  0]LogContentBrowser: Native class hierarchy updated for 'AddContentDialog' in 0.0006 seconds. Added 0 classes and 0 folders.
[2017.01.21-17.09.47:466][  0]LogContentBrowser: Native class hierarchy updated for 'SceneOutliner' in 0.0003 seconds. Added 1 classes and 2 folders.
[2017.01.21-17.09.47:555][  0]LogCrashTracker: Crashtracker disabled due to settings.
[2017.01.21-17.09.47:560][  0]LogUObjectGlobals:Warning: Failed to find object 'Class None.'
[2017.01.21-17.09.47:586][  0]LogContentBrowser: Native class hierarchy updated for 'HierarchicalLODOutliner' in 0.0004 seconds. Added 1 classes and 2 folders.
[2017.01.21-17.09.47:586][  0]LogLoad: Full Startup: 12.19 seconds (BP compile: 0.75 seconds)
[2017.01.21-17.09.47:586][  0]LogExternalProfiler: No external profilers were discovered.  External profiling features will not be available.
[2017.01.21-17.09.47:595][  0]LogWindowsTextInputMethodSystem:Display: IME system now deactivated.
[2017.01.21-17.09.47:595][  0]LogOcInput: OculusInput pre-init called
[2017.01.21-17.09.47:615][  0]LogContentStreaming: Texture pool size now 1000 MB
[2017.01.21-17.09.47:682][  0]LogRenderer: Reallocating scene render targets to support 512x512 (Frame:1).
[2017.01.21-17.09.47:786][  0]LogRenderer: Reallocating scene render targets to support 1208x556 (Frame:2).
[2017.01.21-17.09.47:855][  1]Cmd: UpdateLandscapeEditorData -warnings
[2017.01.21-17.09.47:928][  2]LogAssetRegistry: Asset discovery search completed in 8.4644 seconds
[2017.01.21-17.09.47:928][  2]LogCollectionManager: Rebuilt the object cache for 0 collections in 0.000001 seconds (found 0 objects)
[2017.01.21-17.09.47:928][  2]LogCollectionManager: Fixed up redirectors for 0 collections in 0.000022 seconds (updated 0 objects)
[2017.01.21-17.10.02:410][223]LogBlueprintUserMessages: Early PlayInEditor Detection: Level '/Game/Map/Map.Map:PersistentLevel' has LevelScriptBlueprint '/Game/Map/Map.Map:PersistentLevel.Map' with GeneratedClass '/Game/Map/Map.Map_C' with ClassGeneratedBy '/Game/Map/Map.Map:PersistentLevel.Map'
[2017.01.21-17.10.02:410][223]LogPlayLevel: PlayLevel: No blueprints needed recompiling
[2017.01.21-17.10.02:414][223]PIE: New page: PIE session: Map (Jan 21, 2017, 7:10:02 PM)
[2017.01.21-17.10.02:414][223]LogPlayLevel: Creating play world package: /Game/Map/UEDPIE_0_Map
[2017.01.21-17.10.02:460][223]LogPlayLevel: PIE: StaticDuplicateObject took: (0.046171s)
[2017.01.21-17.10.02:461][223]LogAIModule: Creating AISystem for world Map
[2017.01.21-17.10.02:461][223]LogPlayLevel: PIE: World Init took: (0.000623s)
[2017.01.21-17.10.02:462][223]LogPlayLevel: PIE: Created PIE world by copying editor world from /Game/Map/Map.Map to /Game/Map/UEDPIE_0_Map.Map (0.047147s)
[2017.01.21-17.10.02:597][223]LogInit: XAudio2 using 'Lautsprecher (SteelSeries Siberia 350)' : 2 channels at 44.1 kHz using 16 bits per sample (channel mask 0x3)
[2017.01.21-17.10.02:618][223]LogInit: FAudioDevice initialized.
[2017.01.21-17.10.02:714][223]LogWorld: Game class is 'GameMode'
[2017.01.21-17.10.02:733][223]LogWorld: Bringing World /Game/Map/UEDPIE_0_Map.Map up for play (max tick rate 0) at 2017.01.21-18.10.02
[2017.01.21-17.10.02:734][223]LogWorld: Bringing up level for play took: 0.018717
[2017.01.21-17.10.02:740][223]LogContentBrowser: Native class hierarchy updated for 'MovieSceneCapture' in 0.0011 seconds. Added 11 classes and 0 folders.
[2017.01.21-17.10.02:746][223]PIE: Info Play in editor start time for /Game/Map/UEDPIE_0_Map 0.657
[2017.01.21-17.10.02:746][223]LogBlueprintUserMessages: Late PlayInEditor Detection: Level '/Game/Map/Map.Map:PersistentLevel' has LevelScriptBlueprint '/Game/Map/Map.Map:PersistentLevel.Map' with GeneratedClass '/Game/Map/Map.Map_C' with ClassGeneratedBy '/Game/Map/Map.Map:PersistentLevel.Map'
[2017.01.21-17.10.02:785][224]LogCharacterMovement:Warning: GetSimulationTimeStep() - Max iterations 8 hit while remaining time 0.092180 > MaxSimulationTimeStep (0.050) for 'AI_Greater_Spider_C_0', movement 'Walking'
[2017.01.21-17.10.25:457][364]LogScriptCore:Warning: Attempted to get an item from array TargetArray out of bounds [2/1]!

[2017.01.21-17.10.25:457][364]LogScriptCore:Warning: Attempted to get an item from array Inventory out of bounds [2/1]!

[2017.01.21-17.10.25:457][364]LogScriptCore:Warning: Attempted to get an item from array TargetArray out of bounds [3/1]!

[2017.01.21-17.10.25:457][364]LogScriptCore:Warning: Attempted to get an item from array Inventory out of bounds [3/1]!

[2017.01.21-17.10.25:457][364]LogScriptCore:Warning: Attempted to get an item from array TargetArray out of bounds [4/1]!

[2017.01.21-17.10.25:458][364]LogScriptCore:Warning: Attempted to get an item from array Inventory out of bounds [4/1]!

[2017.01.21-17.10.25:458][364]LogScriptCore:Warning: Attempted to get an item from array TargetArray out of bounds [5/1]!

[2017.01.21-17.10.25:458][364]LogScriptCore:Warning: Attempted to get an item from array Inventory out of bounds [5/1]!

[2017.01.21-17.10.25:458][364]LogScriptCore:Warning: Attempted to get an item from array TargetArray out of bounds [6/1]!

[2017.01.21-17.10.25:458][364]LogScriptCore:Warning: Attempted to get an item from array Inventory out of bounds [6/1]!

[2017.01.21-17.10.25:458][364]LogScriptCore:Warning: Attempted to get an item from array TargetArray out of bounds [7/1]!

[2017.01.21-17.10.25:458][364]LogScriptCore:Warning: Attempted to get an item from array Inventory out of bounds [7/1]!

[2017.01.21-17.10.25:458][364]LogScriptCore:Warning: Attempted to get an item from array TargetArray out of bounds [8/1]!

[2017.01.21-17.10.25:458][364]LogScriptCore:Warning: Attempted to get an item from array Inventory out of bounds [8/1]!

[2017.01.21-17.10.25:458][364]LogScriptCore:Warning: Attempted to get an item from array TargetArray out of bounds [9/1]!

[2017.01.21-17.10.25:458][364]LogScriptCore:Warning: Attempted to get an item from array Inventory out of bounds [9/1]!

[2017.01.21-17.10.25:458][364]LogScriptCore:Warning: Attempted to get an item from array TargetArray out of bounds [10/1]!

[2017.01.21-17.10.25:458][364]LogScriptCore:Warning: Attempted to get an item from array Inventory out of bounds [10/1]!

[2017.01.21-17.10.25:459][364]LogScriptCore:Warning: Attempted to get an item from array TargetArray out of bounds [11/1]!

[2017.01.21-17.10.25:459][364]LogScriptCore:Warning: Attempted to get an item from array Inventory out of bounds [11/1]!

[2017.01.21-17.10.25:459][364]LogScriptCore:Warning: Attempted to get an item from array TargetArray out of bounds [12/1]!

[2017.01.21-17.10.25:459][364]LogScriptCore:Warning: Attempted to get an item from array Inventory out of bounds [12/1]!

[2017.01.21-17.10.25:459][364]LogScriptCore:Warning: Attempted to get an item from array TargetArray out of bounds [13/1]!

[2017.01.21-17.10.25:459][364]LogScriptCore:Warning: Attempted to get an item from array Inventory out of bounds [13/1]!

[2017.01.21-17.10.25:459][364]LogScriptCore:Warning: Attempted to get an item from array TargetArray out of bounds [14/1]!

[2017.01.21-17.10.25:459][364]LogScriptCore:Warning: Attempted to get an item from array Inventory out of bounds [14/1]!

[2017.01.21-17.10.25:459][364]LogScriptCore:Warning: Attempted to get an item from array TargetArray out of bounds [15/1]!

[2017.01.21-17.10.25:459][364]LogScriptCore:Warning: Attempted to get an item from array Inventory out of bounds [15/1]!

[2017.01.21-17.10.25:459][364]LogScriptCore:Warning: Attempted to get an item from array TargetArray out of bounds [16/1]!

[2017.01.21-17.10.25:460][364]LogScriptCore:Warning: Attempted to get an item from array Inventory out of bounds [16/1]!

[2017.01.21-17.10.25:460][364]LogScriptCore:Warning: Attempted to get an item from array TargetArray out of bounds [17/1]!

[2017.01.21-17.10.25:460][364]LogScriptCore:Warning: Attempted to get an item from array Inventory out of bounds [17/1]!

[2017.01.21-17.10.25:460][364]LogScriptCore:Warning: Attempted to get an item from array TargetArray out of bounds [18/1]!

[2017.01.21-17.10.25:460][364]LogScriptCore:Warning: Attempted to get an item from array Inventory out of bounds [18/1]!

[2017.01.21-17.10.25:460][364]LogScriptCore:Warning: Attempted to get an item from array TargetArray out of bounds [19/1]!

[2017.01.21-17.10.25:460][364]LogScriptCore:Warning: Attempted to get an item from array Inventory out of bounds [19/1]!

[2017.01.21-17.10.27:809][575]LogBlueprintUserMessages: [Character_Controller_536] 0
[2017.01.21-17.10.27:810][575]LogScriptCore:Warning: Attempted to get an item from array TargetArray out of bounds [1/0]!

[2017.01.21-17.10.27:810][575]LogScriptCore:Warning: Attempted to get an item from array Inventory out of bounds [1/0]!

[2017.01.21-17.10.27:810][575]LogScriptCore:Warning: Attempted to get an item from array TargetArray out of bounds [2/0]!

[2017.01.21-17.10.27:810][575]LogScriptCore:Warning: Attempted to get an item from array Inventory out of bounds [2/0]!

[2017.01.21-17.10.27:810][575]LogScriptCore:Warning: Attempted to get an item from array TargetArray out of bounds [3/0]!

[2017.01.21-17.10.27:810][575]LogScriptCore:Warning: Attempted to get an item from array Inventory out of bounds [3/0]!

[2017.01.21-17.10.27:810][575]LogScriptCore:Warning: Attempted to get an item from array TargetArray out of bounds [4/0]!

[2017.01.21-17.10.27:810][575]LogScriptCore:Warning: Attempted to get an item from array Inventory out of bounds [4/0]!

[2017.01.21-17.10.27:811][575]LogScriptCore:Warning: Attempted to get an item from array TargetArray out of bounds [5/0]!

[2017.01.21-17.10.27:811][575]LogScriptCore:Warning: Attempted to get an item from array Inventory out of bounds [5/0]!

[2017.01.21-17.10.27:811][575]LogScriptCore:Warning: Attempted to get an item from array TargetArray out of bounds [6/0]!

[2017.01.21-17.10.27:811][575]LogScriptCore:Warning: Attempted to get an item from array Inventory out of bounds [6/0]!

[2017.01.21-17.10.27:811][575]LogScriptCore:Warning: Attempted to get an item from array TargetArray out of bounds [7/0]!

[2017.01.21-17.10.27:811][575]LogScriptCore:Warning: Attempted to get an item from array Inventory out of bounds [7/0]!

[2017.01.21-17.10.27:811][575]LogScriptCore:Warning: Attempted to get an item from array TargetArray out of bounds [8/0]!

[2017.01.21-17.10.27:811][575]LogScriptCore:Warning: Attempted to get an item from array Inventory out of bounds [8/0]!

[2017.01.21-17.10.27:811][575]LogScriptCore:Warning: Attempted to get an item from array TargetArray out of bounds [9/0]!

[2017.01.21-17.10.27:811][575]LogScriptCore:Warning: Attempted to get an item from array Inventory out of bounds [9/0]!

[2017.01.21-17.10.27:811][575]LogScriptCore:Warning: Attempted to get an item from array TargetArray out of bounds [10/0]!

[2017.01.21-17.10.27:811][575]LogScriptCore:Warning: Attempted to get an item from array Inventory out of bounds [10/0]!

[2017.01.21-17.10.27:811][575]LogScriptCore:Warning: Attempted to get an item from array TargetArray out of bounds [11/0]!

[2017.01.21-17.10.27:811][575]LogScriptCore:Warning: Attempted to get an item from array Inventory out of bounds [11/0]!

[2017.01.21-17.10.27:811][575]LogScriptCore:Warning: Attempted to get an item from array TargetArray out of bounds [12/0]!

[2017.01.21-17.10.27:812][575]LogScriptCore:Warning: Attempted to get an item from array Inventory out of bounds [12/0]!

[2017.01.21-17.10.27:812][575]LogScriptCore:Warning: Attempted to get an item from array TargetArray out of bounds [13/0]!

[2017.01.21-17.10.27:812][575]LogScriptCore:Warning: Attempted to get an item from array Inventory out of bounds [13/0]!

[2017.01.21-17.10.27:812][575]LogScriptCore:Warning: Attempted to get an item from array TargetArray out of bounds [14/0]!

[2017.01.21-17.10.27:812][575]LogScriptCore:Warning: Attempted to get an item from array Inventory out of bounds [14/0]!

[2017.01.21-17.10.27:812][575]LogScriptCore:Warning: Attempted to get an item from array TargetArray out of bounds [15/0]!

[2017.01.21-17.10.27:812][575]LogScriptCore:Warning: Attempted to get an item from array Inventory out of bounds [15/0]!

[2017.01.21-17.10.27:812][575]LogScriptCore:Warning: Attempted to get an item from array TargetArray out of bounds [16/0]!

[2017.01.21-17.10.27:812][575]LogScriptCore:Warning: Attempted to get an item from array Inventory out of bounds [16/0]!

[2017.01.21-17.10.27:812][575]LogScriptCore:Warning: Attempted to get an item from array TargetArray out of bounds [17/0]!

[2017.01.21-17.10.27:812][575]LogScriptCore:Warning: Attempted to get an item from array Inventory out of bounds [17/0]!

[2017.01.21-17.10.27:812][575]LogScriptCore:Warning: Attempted to get an item from array TargetArray out of bounds [18/0]!

[2017.01.21-17.10.27:812][575]LogScriptCore:Warning: Attempted to get an item from array Inventory out of bounds [18/0]!

[2017.01.21-17.10.27:812][575]LogScriptCore:Warning: Attempted to get an item from array TargetArray out of bounds [19/0]!

[2017.01.21-17.10.27:812][575]LogScriptCore:Warning: Attempted to get an item from array Inventory out of bounds [19/0]!

[2017.01.21-17.11.00:898][ 23]LogBlueprintUserMessages: [AI_Greater_Spider_C_0] Hello
[2017.01.21-17.11.02:425][167]LogBlueprintUserMessages: [AI_Greater_Spider_C_0] Hello
[2017.01.21-17.11.03:398][254]LogBlueprintUserMessages: [AI_Greater_Spider_C_0] Hello
[2017.01.21-17.11.04:902][390]LogBlueprintUserMessages: [AI_Greater_Spider_C_0] Hello
[2017.01.21-17.11.05:873][473]LogBlueprintUserMessages: [AI_Greater_Spider_C_0] Hello
[2017.01.21-17.11.07:094][580]LogBlueprintUserMessages: [AI_Greater_Spider_C_0] Hello
[2017.01.21-17.11.09:483][801]LogBlueprintUserMessages: [AI_Greater_Spider_C_0] Hello
[2017.01.21-17.11.12:109][ 54]LogBlueprintUserMessages: [AI_Greater_Spider_C_0] Hello
[2017.01.21-17.11.13:563][190]LogBlueprintUserMessages: [AI_Greater_Spider_C_0] Hello
[2017.01.21-17.11.14:531][278]LogBlueprintUserMessages: [AI_Greater_Spider_C_0] Hello
[2017.01.21-17.11.18:614][661]LogBlueprintUserMessages: Early EndPlayMap Detection: Level '/Game/Map/Map.Map:PersistentLevel' has LevelScriptBlueprint '/Game/Map/Map.Map:PersistentLevel.Map' with GeneratedClass '/Game/Map/Map.Map_C' with ClassGeneratedBy '/Game/Map/Map.Map:PersistentLevel.Map'
[2017.01.21-17.11.18:670][661]LogBlueprintUserMessages: Late EndPlayMap Detection: Level '/Game/Map/Map.Map:PersistentLevel' has LevelScriptBlueprint '/Game/Map/Map.Map:PersistentLevel.Map' with GeneratedClass '/Game/Map/Map.Map_C' with ClassGeneratedBy '/Game/Map/Map.Map:PersistentLevel.Map'
[2017.01.21-17.11.20:077][803]LogBlueprintUserMessages: Early PlayInEditor Detection: Level '/Game/Map/Map.Map:PersistentLevel' has LevelScriptBlueprint '/Game/Map/Map.Map:PersistentLevel.Map' with GeneratedClass '/Game/Map/Map.Map_C' with ClassGeneratedBy '/Game/Map/Map.Map:PersistentLevel.Map'
[2017.01.21-17.11.20:077][803]LogPlayLevel: PlayLevel: No blueprints needed recompiling
[2017.01.21-17.11.20:077][803]PIE: New page: PIE session: Map (Jan 21, 2017, 7:11:20 PM)
[2017.01.21-17.11.20:078][803]LogPlayLevel: Creating play world package: /Game/Map/UEDPIE_0_Map
[2017.01.21-17.11.20:145][803]LogPlayLevel: PIE: StaticDuplicateObject took: (0.067782s)
[2017.01.21-17.11.20:146][803]LogAIModule: Creating AISystem for world Map
[2017.01.21-17.11.20:146][803]LogPlayLevel: PIE: World Init took: (0.000569s)
[2017.01.21-17.11.20:146][803]LogPlayLevel: PIE: Created PIE world by copying editor world from /Game/Map/Map.Map to /Game/Map/UEDPIE_0_Map.Map (0.068607s)
[2017.01.21-17.11.20:176][803]LogInit: XAudio2 using 'Lautsprecher (SteelSeries Siberia 350)' : 2 channels at 44.1 kHz using 16 bits per sample (channel mask 0x3)
[2017.01.21-17.11.20:195][803]LogInit: FAudioDevice initialized.
[2017.01.21-17.11.20:252][803]LogWorld: Game class is 'GameMode'
[2017.01.21-17.11.20:270][803]LogWorld: Bringing World /Game/Map/UEDPIE_0_Map.Map up for play (max tick rate 0) at 2017.01.21-18.11.20
[2017.01.21-17.11.20:272][803]LogWorld: Bringing up level for play took: 0.019365
[2017.01.21-17.11.20:275][803]PIE: Info Play in editor start time for /Game/Map/UEDPIE_0_Map 0.186
[2017.01.21-17.11.20:275][803]LogBlueprintUserMessages: Late PlayInEditor Detection: Level '/Game/Map/Map.Map:PersistentLevel' has LevelScriptBlueprint '/Game/Map/Map.Map:PersistentLevel.Map' with GeneratedClass '/Game/Map/Map.Map_C' with ClassGeneratedBy '/Game/Map/Map.Map:PersistentLevel.Map'
[2017.01.21-17.12.15:322][137]LogBlueprintUserMessages: Early EndPlayMap Detection: Level '/Game/Map/Map.Map:PersistentLevel' has LevelScriptBlueprint '/Game/Map/Map.Map:PersistentLevel.Map' with GeneratedClass '/Game/Map/Map.Map_C' with ClassGeneratedBy '/Game/Map/Map.Map:PersistentLevel.Map'
[2017.01.21-17.12.15:364][137]LogBlueprintUserMessages: Late EndPlayMap Detection: Level '/Game/Map/Map.Map:PersistentLevel' has LevelScriptBlueprint '/Game/Map/Map.Map:PersistentLevel.Map' with GeneratedClass '/Game/Map/Map.Map_C' with ClassGeneratedBy '/Game/Map/Map.Map:PersistentLevel.Map'
[2017.01.21-17.57.46:472][418]LogBlueprintUserMessages: Early PlayInEditor Detection: Level '/Game/Map/Map.Map:PersistentLevel' has LevelScriptBlueprint '/Game/Map/Map.Map:PersistentLevel.Map' with GeneratedClass '/Game/Map/Map.Map_C' with ClassGeneratedBy '/Game/Map/Map.Map:PersistentLevel.Map'
[2017.01.21-17.57.46:473][418]LogPlayLevel: PlayLevel: No blueprints needed recompiling
[2017.01.21-17.57.46:475][418]PIE: New page: PIE session: Map (Jan 21, 2017, 7:57:46 PM)
[2017.01.21-17.57.46:476][418]LogPlayLevel: Creating play world package: /Game/Map/UEDPIE_0_Map
[2017.01.21-17.57.46:576][418]LogPlayLevel: PIE: StaticDuplicateObject took: (0.100428s)
[2017.01.21-17.57.46:581][418]LogAIModule: Creating AISystem for world Map
[2017.01.21-17.57.46:582][418]LogPlayLevel: PIE: World Init took: (0.005792s)
[2017.01.21-17.57.46:584][418]LogPlayLevel: PIE: Created PIE world by copying editor world from /Game/Map/Map.Map to /Game/Map/UEDPIE_0_Map.Map (0.108776s)
[2017.01.21-17.57.46:644][418]LogInit: XAudio2 using 'Lautsprecher (SteelSeries Siberia 350)' : 2 channels at 44.1 kHz using 16 bits per sample (channel mask 0x3)
[2017.01.21-17.57.46:667][418]LogInit: FAudioDevice initialized.
[2017.01.21-17.57.46:716][418]LogWorld: Game class is 'GameMode'
[2017.01.21-17.57.46:740][418]LogWorld: Bringing World /Game/Map/UEDPIE_0_Map.Map up for play (max tick rate 0) at 2017.01.21-18.57.46
[2017.01.21-17.57.46:742][418]LogWorld: Bringing up level for play took: 0.024504
[2017.01.21-17.57.46:747][418]PIE: Info Play in editor start time for /Game/Map/UEDPIE_0_Map 0.658
[2017.01.21-17.57.46:747][418]LogBlueprintUserMessages: Late PlayInEditor Detection: Level '/Game/Map/Map.Map:PersistentLevel' has LevelScriptBlueprint '/Game/Map/Map.Map:PersistentLevel.Map' with GeneratedClass '/Game/Map/Map.Map_C' with ClassGeneratedBy '/Game/Map/Map.Map:PersistentLevel.Map'
[2017.01.21-17.58.23:262][376]LogScriptCore:Warning: Attempted to get an item from array TargetArray out of bounds [2/1]!

[2017.01.21-17.58.23:262][376]LogScriptCore:Warning: Attempted to get an item from array Inventory out of bounds [2/1]!

[2017.01.21-17.58.23:262][376]LogScriptCore:Warning: Attempted to get an item from array TargetArray out of bounds [3/1]!

[2017.01.21-17.58.23:262][376]LogScriptCore:Warning: Attempted to get an item from array Inventory out of bounds [3/1]!

[2017.01.21-17.58.23:262][376]LogScriptCore:Warning: Attempted to get an item from array TargetArray out of bounds [4/1]!

[2017.01.21-17.58.23:262][376]LogScriptCore:Warning: Attempted to get an item from array Inventory out of bounds [4/1]!

[2017.01.21-17.58.23:262][376]LogScriptCore:Warning: Attempted to get an item from array TargetArray out of bounds [5/1]!

[2017.01.21-17.58.23:262][376]LogScriptCore:Warning: Attempted to get an item from array Inventory out of bounds [5/1]!

[2017.01.21-17.58.23:262][376]LogScriptCore:Warning: Attempted to get an item from array TargetArray out of bounds [6/1]!

[2017.01.21-17.58.23:262][376]LogScriptCore:Warning: Attempted to get an item from array Inventory out of bounds [6/1]!

[2017.01.21-17.58.23:262][376]LogScriptCore:Warning: Attempted to get an item from array TargetArray out of bounds [7/1]!

[2017.01.21-17.58.23:262][376]LogScriptCore:Warning: Attempted to get an item from array Inventory out of bounds [7/1]!

[2017.01.21-17.58.23:262][376]LogScriptCore:Warning: Attempted to get an item from array TargetArray out of bounds [8/1]!

[2017.01.21-17.58.23:262][376]LogScriptCore:Warning: Attempted to get an item from array Inventory out of bounds [8/1]!

[2017.01.21-17.58.23:262][376]LogScriptCore:Warning: Attempted to get an item from array TargetArray out of bounds [9/1]!

[2017.01.21-17.58.23:262][376]LogScriptCore:Warning: Attempted to get an item from array Inventory out of bounds [9/1]!

[2017.01.21-17.58.23:263][376]LogScriptCore:Warning: Attempted to get an item from array TargetArray out of bounds [10/1]!

[2017.01.21-17.58.23:263][376]LogScriptCore:Warning: Attempted to get an item from array Inventory out of bounds [10/1]!

[2017.01.21-17.58.23:263][376]LogScriptCore:Warning: Attempted to get an item from array TargetArray out of bounds [11/1]!

[2017.01.21-17.58.23:263][376]LogScriptCore:Warning: Attempted to get an item from array Inventory out of bounds [11/1]!

[2017.01.21-17.58.23:263][376]LogScriptCore:Warning: Attempted to get an item from array TargetArray out of bounds [12/1]!

[2017.01.21-17.58.23:263][376]LogScriptCore:Warning: Attempted to get an item from array Inventory out of bounds [12/1]!

[2017.01.21-17.58.23:263][376]LogScriptCore:Warning: Attempted to get an item from array TargetArray out of bounds [13/1]!

[2017.01.21-17.58.23:263][376]LogScriptCore:Warning: Attempted to get an item from array Inventory out of bounds [13/1]!

[2017.01.21-17.58.23:263][376]LogScriptCore:Warning: Attempted to get an item from array TargetArray out of bounds [14/1]!

[2017.01.21-17.58.23:263][376]LogScriptCore:Warning: Attempted to get an item from array Inventory out of bounds [14/1]!

[2017.01.21-17.58.23:263][376]LogScriptCore:Warning: Attempted to get an item from array TargetArray out of bounds [15/1]!

[2017.01.21-17.58.23:263][376]LogScriptCore:Warning: Attempted to get an item from array Inventory out of bounds [15/1]!

[2017.01.21-17.58.23:263][376]LogScriptCore:Warning: Attempted to get an item from array TargetArray out of bounds [16/1]!

[2017.01.21-17.58.23:263][376]LogScriptCore:Warning: Attempted to get an item from array Inventory out of bounds [16/1]!

[2017.01.21-17.58.23:263][376]LogScriptCore:Warning: Attempted to get an item from array TargetArray out of bounds [17/1]!

[2017.01.21-17.58.23:263][376]LogScriptCore:Warning: Attempted to get an item from array Inventory out of bounds [17/1]!

[2017.01.21-17.58.23:263][376]LogScriptCore:Warning: Attempted to get an item from array TargetArray out of bounds [18/1]!

[2017.01.21-17.58.23:263][376]LogScriptCore:Warning: Attempted to get an item from array Inventory out of bounds [18/1]!

[2017.01.21-17.58.23:264][376]LogScriptCore:Warning: Attempted to get an item from array TargetArray out of bounds [19/1]!

[2017.01.21-17.58.23:264][376]LogScriptCore:Warning: Attempted to get an item from array Inventory out of bounds [19/1]!

[2017.01.21-17.58.27:922][893]LogBlueprintUserMessages: [Character_Controller_536] 0
[2017.01.21-17.58.27:922][893]LogScriptCore:Warning: Attempted to get an item from array TargetArray out of bounds [1/0]!

[2017.01.21-17.58.27:922][893]LogScriptCore:Warning: Attempted to get an item from array Inventory out of bounds [1/0]!

[2017.01.21-17.58.27:922][893]LogScriptCore:Warning: Attempted to get an item from array TargetArray out of bounds [2/0]!

[2017.01.21-17.58.27:922][893]LogScriptCore:Warning: Attempted to get an item from array Inventory out of bounds [2/0]!

[2017.01.21-17.58.27:922][893]LogScriptCore:Warning: Attempted to get an item from array TargetArray out of bounds [3/0]!

[2017.01.21-17.58.27:922][893]LogScriptCore:Warning: Attempted to get an item from array Inventory out of bounds [3/0]!

[2017.01.21-17.58.27:923][893]LogScriptCore:Warning: Attempted to get an item from array TargetArray out of bounds [4/0]!

[2017.01.21-17.58.27:923][893]LogScriptCore:Warning: Attempted to get an item from array Inventory out of bounds [4/0]!

[2017.01.21-17.58.27:923][893]LogScriptCore:Warning: Attempted to get an item from array TargetArray out of bounds [5/0]!

[2017.01.21-17.58.27:923][893]LogScriptCore:Warning: Attempted to get an item from array Inventory out of bounds [5/0]!

[2017.01.21-17.58.27:923][893]LogScriptCore:Warning: Attempted to get an item from array TargetArray out of bounds [6/0]!

[2017.01.21-17.58.27:923][893]LogScriptCore:Warning: Attempted to get an item from array Inventory out of bounds [6/0]!

[2017.01.21-17.58.27:923][893]LogScriptCore:Warning: Attempted to get an item from array TargetArray out of bounds [7/0]!

[2017.01.21-17.58.27:923][893]LogScriptCore:Warning: Attempted to get an item from array Inventory out of bounds [7/0]!

[2017.01.21-17.58.27:923][893]LogScriptCore:Warning: Attempted to get an item from array TargetArray out of bounds [8/0]!

[2017.01.21-17.58.27:923][893]LogScriptCore:Warning: Attempted to get an item from array Inventory out of bounds [8/0]!

[2017.01.21-17.58.27:923][893]LogScriptCore:Warning: Attempted to get an item from array TargetArray out of bounds [9/0]!

[2017.01.21-17.58.27:923][893]LogScriptCore:Warning: Attempted to get an item from array Inventory out of bounds [9/0]!

[2017.01.21-17.58.27:923][893]LogScriptCore:Warning: Attempted to get an item from array TargetArray out of bounds [10/0]!

[2017.01.21-17.58.27:923][893]LogScriptCore:Warning: Attempted to get an item from array Inventory out of bounds [10/0]!

[2017.01.21-17.58.27:923][893]LogScriptCore:Warning: Attempted to get an item from array TargetArray out of bounds [11/0]!

[2017.01.21-17.58.27:923][893]LogScriptCore:Warning: Attempted to get an item from array Inventory out of bounds [11/0]!

[2017.01.21-17.58.27:924][893]LogScriptCore:Warning: Attempted to get an item from array TargetArray out of bounds [12/0]!

[2017.01.21-17.58.27:924][893]LogScriptCore:Warning: Attempted to get an item from array Inventory out of bounds [12/0]!

[2017.01.21-17.58.27:924][893]LogScriptCore:Warning: Attempted to get an item from array TargetArray out of bounds [13/0]!

[2017.01.21-17.58.27:924][893]LogScriptCore:Warning: Attempted to get an item from array Inventory out of bounds [13/0]!

[2017.01.21-17.58.27:924][893]LogScriptCore:Warning: Attempted to get an item from array TargetArray out of bounds [14/0]!

[2017.01.21-17.58.27:924][893]LogScriptCore:Warning: Attempted to get an item from array Inventory out of bounds [14/0]!

[2017.01.21-17.58.27:924][893]LogScriptCore:Warning: Attempted to get an item from array TargetArray out of bounds [15/0]!

[2017.01.21-17.58.27:924][893]LogScriptCore:Warning: Attempted to get an item from array Inventory out of bounds [15/0]!

[2017.01.21-17.58.27:924][893]LogScriptCore:Warning: Attempted to get an item from array TargetArray out of bounds [16/0]!

[2017.01.21-17.58.27:924][893]LogScriptCore:Warning: Attempted to get an item from array Inventory out of bounds [16/0]!

[2017.01.21-17.58.27:924][893]LogScriptCore:Warning: Attempted to get an item from array TargetArray out of bounds [17/0]!

[2017.01.21-17.58.27:924][893]LogScriptCore:Warning: Attempted to get an item from array Inventory out of bounds [17/0]!

[2017.01.21-17.58.27:924][893]LogScriptCore:Warning: Attempted to get an item from array TargetArray out of bounds [18/0]!

[2017.01.21-17.58.27:924][893]LogScriptCore:Warning: Attempted to get an item from array Inventory out of bounds [18/0]!

[2017.01.21-17.58.27:924][893]LogScriptCore:Warning: Attempted to get an item from array TargetArray out of bounds [19/0]!

[2017.01.21-17.58.27:924][893]LogScriptCore:Warning: Attempted to get an item from array Inventory out of bounds [19/0]!

[2017.01.21-17.58.31:629][297]LogBlueprintUserMessages: [Character_Controller_536] 0
[2017.01.21-17.58.31:629][297]LogScriptCore:Warning: Attempted to get an item from array TargetArray out of bounds [0/0]!

[2017.01.21-17.58.31:629][297]LogScriptCore:Warning: Attempted to get an item from array Inventory out of bounds [0/0]!

[2017.01.21-17.58.31:629][297]LogScriptCore:Warning: Attempted to get an item from array TargetArray out of bounds [1/0]!

[2017.01.21-17.58.31:629][297]LogScriptCore:Warning: Attempted to get an item from array Inventory out of bounds [1/0]!

[2017.01.21-17.58.31:629][297]LogScriptCore:Warning: Attempted to get an item from array TargetArray out of bounds [2/0]!

[2017.01.21-17.58.31:629][297]LogScriptCore:Warning: Attempted to get an item from array Inventory out of bounds [2/0]!

[2017.01.21-17.58.31:630][297]LogScriptCore:Warning: Attempted to get an item from array TargetArray out of bounds [3/0]!

[2017.01.21-17.58.31:630][297]LogScriptCore:Warning: Attempted to get an item from array Inventory out of bounds [3/0]!

[2017.01.21-17.58.31:630][297]LogScriptCore:Warning: Attempted to get an item from array TargetArray out of bounds [4/0]!

[2017.01.21-17.58.31:630][297]LogScriptCore:Warning: Attempted to get an item from array Inventory out of bounds [4/0]!

[2017.01.21-17.58.31:630][297]LogScriptCore:Warning: Attempted to get an item from array TargetArray out of bounds [5/0]!

[2017.01.21-17.58.31:630][297]LogScriptCore:Warning: Attempted to get an item from array Inventory out of bounds [5/0]!

[2017.01.21-17.58.31:630][297]LogScriptCore:Warning: Attempted to get an item from array TargetArray out of bounds [6/0]!

[2017.01.21-17.58.31:630][297]LogScriptCore:Warning: Attempted to get an item from array Inventory out of bounds [6/0]!

[2017.01.21-17.58.31:630][297]LogScriptCore:Warning: Attempted to get an item from array TargetArray out of bounds [7/0]!

[2017.01.21-17.58.31:630][297]LogScriptCore:Warning: Attempted to get an item from array Inventory out of bounds [7/0]!

[2017.01.21-17.58.31:630][297]LogScriptCore:Warning: Attempted to get an item from array TargetArray out of bounds [8/0]!

[2017.01.21-17.58.31:630][297]LogScriptCore:Warning: Attempted to get an item from array Inventory out of bounds [8/0]!

[2017.01.21-17.58.31:630][297]LogScriptCore:Warning: Attempted to get an item from array TargetArray out of bounds [9/0]!

[2017.01.21-17.58.31:630][297]LogScriptCore:Warning: Attempted to get an item from array Inventory out of bounds [9/0]!

[2017.01.21-17.58.31:630][297]LogScriptCore:Warning: Attempted to get an item from array TargetArray out of bounds [10/0]!

[2017.01.21-17.58.31:630][297]LogScriptCore:Warning: Attempted to get an item from array Inventory out of bounds [10/0]!

[2017.01.21-17.58.31:631][297]LogScriptCore:Warning: Attempted to get an item from array TargetArray out of bounds [11/0]!

[2017.01.21-17.58.31:631][297]LogScriptCore:Warning: Attempted to get an item from array Inventory out of bounds [11/0]!

[2017.01.21-17.58.31:631][297]LogScriptCore:Warning: Attempted to get an item from array TargetArray out of bounds [12/0]!

[2017.01.21-17.58.31:631][297]LogScriptCore:Warning: Attempted to get an item from array Inventory out of bounds [12/0]!

[2017.01.21-17.58.31:631][297]LogScriptCore:Warning: Attempted to get an item from array TargetArray out of bounds [13/0]!

[2017.01.21-17.58.31:631][297]LogScriptCore:Warning: Attempted to get an item from array Inventory out of bounds [13/0]!

[2017.01.21-17.58.31:631][297]LogScriptCore:Warning: Attempted to get an item from array TargetArray out of bounds [14/0]!

[2017.01.21-17.58.31:631][297]LogScriptCore:Warning: Attempted to get an item from array Inventory out of bounds [14/0]!

[2017.01.21-17.58.31:631][297]LogScriptCore:Warning: Attempted to get an item from array TargetArray out of bounds [15/0]!

[2017.01.21-17.58.31:631][297]LogScriptCore:Warning: Attempted to get an item from array Inventory out of bounds [15/0]!

[2017.01.21-17.58.31:631][297]LogScriptCore:Warning: Attempted to get an item from array TargetArray out of bounds [16/0]!

[2017.01.21-17.58.31:631][297]LogScriptCore:Warning: Attempted to get an item from array Inventory out of bounds [16/0]!

[2017.01.21-17.58.31:631][297]LogScriptCore:Warning: Attempted to get an item from array TargetArray out of bounds [17/0]!

[2017.01.21-17.58.31:631][297]LogScriptCore:Warning: Attempted to get an item from array Inventory out of bounds [17/0]!

[2017.01.21-17.58.31:631][297]LogScriptCore:Warning: Attempted to get an item from array TargetArray out of bounds [18/0]!

[2017.01.21-17.58.31:631][297]LogScriptCore:Warning: Attempted to get an item from array Inventory out of bounds [18/0]!

[2017.01.21-17.58.31:632][297]LogScriptCore:Warning: Attempted to get an item from array TargetArray out of bounds [19/0]!

[2017.01.21-17.58.31:632][297]LogScriptCore:Warning: Attempted to get an item from array Inventory out of bounds [19/0]!

[2017.01.21-17.58.48:964][167]LogBlueprintUserMessages: [AI_Greater_Spider_C_0] Hello
[2017.01.21-17.58.52:185][513]LogBlueprintUserMessages: [AI_Greater_Spider_C_0] Hello
[2017.01.21-17.58.53:835][683]LogBlueprintUserMessages: [AI_Greater_Spider_C_0] Hello
[2017.01.21-17.58.58:092][138]LogBlueprintUserMessages: [AI_Greater_Spider_C_0] Hello
[2017.01.21-17.59.00:440][391]LogBlueprintUserMessages: [AI_Greater_Spider_C_0] Hello
[2017.01.21-17.59.02:134][571]LogBlueprintUserMessages: [AI_Greater_Spider_C_0] Hello
[2017.01.21-17.59.04:503][829]LogBlueprintUserMessages: [AI_Greater_Spider_C_0] Hello
[2017.01.21-17.59.06:274][ 18]LogBlueprintUserMessages: [AI_Greater_Spider_C_0] Hello
[2017.01.21-17.59.08:062][208]LogBlueprintUserMessages: [AI_Greater_Spider_C_0] Hello
[2017.01.21-17.59.09:345][345]LogBlueprintUserMessages: [AI_Greater_Spider_C_0] Hello
[2017.01.21-17.59.13:214][764]LogBlueprintUserMessages: Early EndPlayMap Detection: Level '/Game/Map/Map.Map:PersistentLevel' has LevelScriptBlueprint '/Game/Map/Map.Map:PersistentLevel.Map' with GeneratedClass '/Game/Map/Map.Map_C' with ClassGeneratedBy '/Game/Map/Map.Map:PersistentLevel.Map'
[2017.01.21-17.59.13:251][764]LogBlueprintUserMessages: Late EndPlayMap Detection: Level '/Game/Map/Map.Map:PersistentLevel' has LevelScriptBlueprint '/Game/Map/Map.Map:PersistentLevel.Map' with GeneratedClass '/Game/Map/Map.Map_C' with ClassGeneratedBy '/Game/Map/Map.Map:PersistentLevel.Map'
[2017.01.21-17.59.24:285][876]LogSkeletalMesh: InitArticulated: Bodies already created (/Engine/Transient.DebugSkelMeshComponent_0) - call TermArticulated first.
[2017.01.21-17.59.24:497][876]LogContentBrowser:Verbose: The majority of assets in the view are of type: AnimSequence
[2017.01.21-18.00.07:803][975]LogBlueprintUserMessages: Early PlayInEditor Detection: Level '/Game/Map/Map.Map:PersistentLevel' has LevelScriptBlueprint '/Game/Map/Map.Map:PersistentLevel.Map' with GeneratedClass '/Game/Map/Map.Map_C' with ClassGeneratedBy '/Game/Map/Map.Map:PersistentLevel.Map'
[2017.01.21-18.00.07:803][975]LogPlayLevel: PlayLevel: No blueprints needed recompiling
[2017.01.21-18.00.07:803][975]PIE: New page: PIE session: Map (Jan 21, 2017, 8:00:07 PM)
[2017.01.21-18.00.07:803][975]LogPlayLevel: Creating play world package: /Game/Map/UEDPIE_0_Map
[2017.01.21-18.00.07:854][975]LogPlayLevel: PIE: StaticDuplicateObject took: (0.050882s)
[2017.01.21-18.00.07:854][975]LogAIModule: Creating AISystem for world Map
[2017.01.21-18.00.07:855][975]LogPlayLevel: PIE: World Init took: (0.000740s)
[2017.01.21-18.00.07:855][975]LogPlayLevel: PIE: Created PIE world by copying editor world from /Game/Map/Map.Map to /Game/Map/UEDPIE_0_Map.Map (0.051901s)
[2017.01.21-18.00.07:902][975]LogInit: XAudio2 using 'Lautsprecher (SteelSeries Siberia 350)' : 2 channels at 44.1 kHz using 16 bits per sample (channel mask 0x3)
[2017.01.21-18.00.07:917][975]LogInit: FAudioDevice initialized.
[2017.01.21-18.00.07:973][975]LogWorld: Game class is 'GameMode'
[2017.01.21-18.00.07:991][975]LogWorld: Bringing World /Game/Map/UEDPIE_0_Map.Map up for play (max tick rate 0) at 2017.01.21-19.00.07
[2017.01.21-18.00.07:992][975]LogWorld: Bringing up level for play took: 0.017552
[2017.01.21-18.00.07:995][975]PIE: Info Play in editor start time for /Game/Map/UEDPIE_0_Map -0.094
[2017.01.21-18.00.07:995][975]LogBlueprintUserMessages: Late PlayInEditor Detection: Level '/Game/Map/Map.Map:PersistentLevel' has LevelScriptBlueprint '/Game/Map/Map.Map:PersistentLevel.Map' with GeneratedClass '/Game/Map/Map.Map_C' with ClassGeneratedBy '/Game/Map/Map.Map:PersistentLevel.Map'
[2017.01.21-18.02.11:113][664]LogBlueprintUserMessages: Early EndPlayMap Detection: Level '/Game/Map/Map.Map:PersistentLevel' has LevelScriptBlueprint '/Game/Map/Map.Map:PersistentLevel.Map' with GeneratedClass '/Game/Map/Map.Map_C' with ClassGeneratedBy '/Game/Map/Map.Map:PersistentLevel.Map'
[2017.01.21-18.02.11:154][664]LogBlueprintUserMessages: Late EndPlayMap Detection: Level '/Game/Map/Map.Map:PersistentLevel' has LevelScriptBlueprint '/Game/Map/Map.Map:PersistentLevel.Map' with GeneratedClass '/Game/Map/Map.Map_C' with ClassGeneratedBy '/Game/Map/Map.Map:PersistentLevel.Map'
[2017.01.21-18.02.18:840][ 66]LogEditorViewport: Clicking on Actor (LMB): StaticMeshActor (SM_tree59)
[2017.01.21-18.02.22:709][234]Cmd: QUIT_EDITOR
[2017.01.21-18.02.23:289][234]LogWindowsTextInputMethodSystem:Display: IME system now deactivated.
[2017.01.21-18.02.23:315][234]LogExit: Preparing to exit.
[2017.01.21-18.02.24:751][234]LogExit: Editor shut down
[2017.01.21-18.02.24:752][234]LogExit: Transaction tracking system shut down
[2017.01.21-18.02.24:956][234]LogObj: Freed 0b from 0 cluster array pools.
[2017.01.21-18.02.24:957][234]LogExit: Object subsystem successfully closed.
[2017.01.21-18.02.24:976][234]LogD3D11RHI: Shutdown
[2017.01.21-18.02.24:976][234]LogD3D11RHI: CleanupD3DDevice
[2017.01.21-18.02.25:049][234]LogD3D11RHI: ~FD3D11DynamicRHI
[2017.01.21-18.02.25:058][234]LogModuleManager: Shutting down and abandoning module MovieSceneCapture (214)
[2017.01.21-18.02.25:058][234]LogModuleManager: Shutting down and abandoning module HierarchicalLODOutliner (213)
[2017.01.21-18.02.25:058][234]LogModuleManager: Shutting down and abandoning module CrashTracker (212)
[2017.01.21-18.02.25:058][234]LogModuleManager: Shutting down and abandoning module SceneOutliner (211)
[2017.01.21-18.02.25:058][234]LogModuleManager: Shutting down and abandoning module WidgetCarousel (210)
[2017.01.21-18.02.25:058][234]LogModuleManager: Shutting down and abandoning module AddContentDialog (209)
[2017.01.21-18.02.25:064][234]LogModuleManager: Shutting down and abandoning module GameplayTags (208)
[2017.01.21-18.02.25:064][234]LogModuleManager: Shutting down and abandoning module EditorWidgets (207)
[2017.01.21-18.02.25:064][234]LogModuleManager: Shutting down and abandoning module CollectionManager (206)
[2017.01.21-18.02.25:064][234]LogModuleManager: Shutting down and abandoning module StatsViewer (205)
[2017.01.21-18.02.25:064][234]LogModuleManager: Shutting down and abandoning module FoliageEdit (204)
[2017.01.21-18.02.25:064][234]LogModuleManager: Shutting down and abandoning module LandscapeEditor (203)
[2017.01.21-18.02.25:064][234]LogModuleManager: Shutting down and abandoning module SceneDepthPickerMode (202)
[2017.01.21-18.02.25:064][234]LogModuleManager: Shutting down and abandoning module ActorPickerMode (201)
[2017.01.21-18.02.25:064][234]LogModuleManager: Shutting down and abandoning module GeometryMode (200)
[2017.01.21-18.02.25:064][234]LogModuleManager: Shutting down and abandoning module TextureAlignMode (199)
[2017.01.21-18.02.25:064][234]LogModuleManager: Shutting down and abandoning module BspMode (198)
[2017.01.21-18.02.25:064][234]LogModuleManager: Shutting down and abandoning module HardwareSurvey (197)
[2017.01.21-18.02.25:064][234]LogModuleManager: Shutting down and abandoning module SequenceRecorderSections (196)
[2017.01.21-18.02.25:064][234]LogModuleManager: Shutting down and abandoning module SequenceRecorder (195)
[2017.01.21-18.02.25:064][234]LogModuleManager: Shutting down and abandoning module AutomationWorker (194)
[2017.01.21-18.02.25:065][234]LogModuleManager: Shutting down and abandoning module MatineeToLevelSequence (193)
[2017.01.21-18.02.25:065][234]LogModuleManager: Shutting down and abandoning module PlacementMode (192)
[2017.01.21-18.02.25:065][234]LogModuleManager: Shutting down and abandoning module LevelSequenceEditor (191)
[2017.01.21-18.02.25:065][234]LogModuleManager: Shutting down and abandoning module CharacterAI (190)
[2017.01.21-18.02.25:065][234]LogModuleManager: Shutting down and abandoning module SmartSnapping (189)
[2017.01.21-18.02.25:065][234]LogModuleManager: Shutting down and abandoning module SessionServices (188)
[2017.01.21-18.02.25:065][234]LogModuleManager: Shutting down and abandoning module ViewportSnapping (187)
[2017.01.21-18.02.25:065][234]LogModuleManager: Shutting down and abandoning module LogVisualizer (186)
[2017.01.21-18.02.25:065][234]LogModuleManager: Shutting down and abandoning module GameProjectGeneration (185)
[2017.01.21-18.02.25:065][234]LogModuleManager: Shutting down and abandoning module IntroTutorials (184)
[2017.01.21-18.02.25:065][234]LogModuleManager: Shutting down and abandoning module EditorLiveStreaming (183)
[2017.01.21-18.02.25:065][234]LogModuleManager: Shutting down and abandoning module IOSPlatformEditor (182)
[2017.01.21-18.02.25:065][234]LogModuleManager: Shutting down and abandoning module HTML5PlatformEditor (181)
[2017.01.21-18.02.25:065][234]LogModuleManager: Shutting down and abandoning module AndroidDeviceDetection (180)
[2017.01.21-18.02.25:474][234]LogModuleManager: Shutting down and abandoning module AndroidPlatformEditor (179)
[2017.01.21-18.02.25:474][234]LogModuleManager: Shutting down and abandoning module IOSRuntimeSettings (178)
[2017.01.21-18.02.25:474][234]LogModuleManager: Shutting down and abandoning module AndroidRuntimeSettings (177)
[2017.01.21-18.02.25:475][234]LogModuleManager: Shutting down and abandoning module MergeActors (176)
[2017.01.21-18.02.25:475][234]LogModuleManager: Shutting down and abandoning module SizeMap (175)
[2017.01.21-18.02.25:475][234]LogModuleManager: Shutting down and abandoning module TreeMap (174)
[2017.01.21-18.02.25:475][234]LogModuleManager: Shutting down and abandoning module ReferenceViewer (173)
[2017.01.21-18.02.25:475][234]LogModuleManager: Shutting down and abandoning module LocalizationService (172)
[2017.01.21-18.02.25:475][234]LogModuleManager: Shutting down and abandoning module LocalizationDashboard (171)
[2017.01.21-18.02.25:475][234]LogModuleManager: Shutting down and abandoning module HardwareTargeting (170)
[2017.01.21-18.02.25:475][234]LogModuleManager: Shutting down and abandoning module DeviceProfileEditor (169)
[2017.01.21-18.02.25:475][234]LogModuleManager: Shutting down and abandoning module UndoHistory (168)
[2017.01.21-18.02.25:475][234]LogModuleManager: Shutting down and abandoning module UserFeedback (167)
[2017.01.21-18.02.25:475][234]LogModuleManager: Shutting down and abandoning module XmlParser (166)
[2017.01.21-18.02.25:475][234]LogModuleManager: Shutting down and abandoning module Blutility (165)
[2017.01.21-18.02.25:475][234]LogModuleManager: Shutting down and abandoning module ProjectTargetPlatformEditor (164)
[2017.01.21-18.02.25:475][234]LogModuleManager: Shutting down and abandoning module ProjectSettingsViewer (163)
[2017.01.21-18.02.25:475][234]LogModuleManager: Shutting down and abandoning module InputBindingEditor (162)
[2017.01.21-18.02.25:475][234]LogModuleManager: Shutting down and abandoning module EditorSettingsViewer (161)
[2017.01.21-18.02.25:475][234]LogModuleManager: Shutting down and abandoning module SettingsEditor (160)
[2017.01.21-18.02.25:475][234]LogModuleManager: Shutting down and abandoning module ProjectLauncher (159)
[2017.01.21-18.02.25:475][234]LogModuleManager: Shutting down and abandoning module SessionFrontend (158)
[2017.01.21-18.02.25:475][234]LogModuleManager: Shutting down and abandoning module ProfilerClient (157)
[2017.01.21-18.02.25:475][234]LogModuleManager: Shutting down and abandoning module TargetDeviceServices (156)
[2017.01.21-18.02.25:475][234]LogModuleManager: Shutting down and abandoning module DeviceManager (155)
[2017.01.21-18.02.25:529][234]LogModuleManager: Shutting down and abandoning module AutomationController (154)
[2017.01.21-18.02.25:529][234]LogModuleManager: Shutting down and abandoning module AutomationWindow (153)
[2017.01.21-18.02.25:529][234]LogModuleManager: Shutting down and abandoning module Layers (152)
[2017.01.21-18.02.25:529][234]LogModuleManager: Shutting down and abandoning module ComponentVisualizers (151)
[2017.01.21-18.02.25:529][234]LogModuleManager: Shutting down and abandoning module DetailCustomizations (150)
[2017.01.21-18.02.25:529][234]LogModuleManager: Shutting down and abandoning module PackagesDialog (149)
[2017.01.21-18.02.25:529][234]LogModuleManager: Shutting down and abandoning module Persona (148)
[2017.01.21-18.02.25:529][234]LogModuleManager: Shutting down and abandoning module Kismet (147)
[2017.01.21-18.02.25:529][234]LogModuleManager: Shutting down and abandoning module GraphEditor (146)
[2017.01.21-18.02.25:529][234]LogModuleManager: Shutting down and abandoning module ClassViewer (145)
[2017.01.21-18.02.25:529][234]LogModuleManager: Shutting down and abandoning module Toolbox (144)
[2017.01.21-18.02.25:529][234]LogModuleManager: Shutting down and abandoning module ModuleUI (143)
[2017.01.21-18.02.25:529][234]LogModuleManager: Shutting down and abandoning module MovieSceneTools (142)
[2017.01.21-18.02.25:529][234]LogModuleManager: Shutting down and abandoning module OutputLog (141)
[2017.01.21-18.02.25:529][234]LogModuleManager: Shutting down and abandoning module GammaUI (140)
[2017.01.21-18.02.25:529][234]LogModuleManager: Shutting down and abandoning module Documentation (139)
[2017.01.21-18.02.25:529][234]LogModuleManager: Shutting down and abandoning module StreamingPauseRendering (138)
[2017.01.21-18.02.25:529][234]LogModuleManager: Shutting down and abandoning module AnalyticsET (137)
[2017.01.21-18.02.25:529][234]LogModuleManager: Shutting down and abandoning module Analytics (136)
[2017.01.21-18.02.25:529][234]LogModuleManager: Shutting down and abandoning module PortalServices (135)
[2017.01.21-18.02.25:529][234]LogModuleManager: Shutting down and abandoning module PortalRpc (134)
[2017.01.21-18.02.25:529][234]LogModuleManager: Shutting down and abandoning module MessagingRpc (133)
[2017.01.21-18.02.25:529][234]LogModuleManager: Shutting down and abandoning module GameplayDebugger (132)
[2017.01.21-18.02.25:529][234]LogModuleManager: Shutting down and abandoning module AITestSuite (131)
[2017.01.21-18.02.25:529][234]LogModuleManager: Shutting down and abandoning module AIModule (130)
[2017.01.21-18.02.25:529][234]LogModuleManager: Shutting down and abandoning module ProfilerService (129)
[2017.01.21-18.02.25:700][234]LogModuleManager: Shutting down and abandoning module TaskGraph (128)
[2017.01.21-18.02.25:700][234]LogModuleManager: Shutting down and abandoning module SlateRemote (127)
[2017.01.21-18.02.25:700][234]LogModuleManager: Shutting down and abandoning module SteamVRController (126)
[2017.01.21-18.02.25:700][234]LogModuleManager: Shutting down and abandoning module SteamVR (125)
[2017.01.21-18.02.25:700][234]LogModuleManager: Shutting down and abandoning module ProceduralMeshComponent (124)
[2017.01.21-18.02.25:700][234]LogModuleManager: Shutting down and abandoning module OculusLibrary (123)
[2017.01.21-18.02.25:700][234]LogModuleManager: Shutting down and abandoning module OculusInput (122)
[2017.01.21-18.02.25:700][234]LogModuleManager: Shutting down and abandoning module CustomMeshComponent (121)
[2017.01.21-18.02.25:700][234]LogModuleManager: Shutting down and abandoning module CableComponent (120)
[2017.01.21-18.02.25:700][234]LogModuleManager: Shutting down and abandoning module ArchVisCharacter (119)
[2017.01.21-18.02.25:700][234]LogModuleManager: Shutting down and abandoning module MediaPlayerEditor (118)
[2017.01.21-18.02.25:700][234]LogModuleManager: Shutting down and abandoning module HTML5Networking (117)
[2017.01.21-18.02.25:700][234]LogModuleManager: Shutting down and abandoning module SuperSearch (116)
[2017.01.21-18.02.25:700][234]LogModuleManager: Shutting down and abandoning module SuperSearchEditor (115)
[2017.01.21-18.02.25:700][234]LogModuleManager: Shutting down and abandoning module SpeedTreeImporter (114)
[2017.01.21-18.02.25:700][234]LogModuleManager: Shutting down and abandoning module PluginBrowser (113)
[2017.01.21-18.02.25:700][234]LogModuleManager: Shutting down and abandoning module EpicSurvey (112)
[2017.01.21-18.02.25:700][234]LogModuleManager: Shutting down and abandoning module DesktopPlatform (111)
[2017.01.21-18.02.25:700][234]LogModuleManager: Shutting down and abandoning module VisualStudioSourceCodeAccess (110)
[2017.01.21-18.02.25:700][234]LogModuleManager: Shutting down and abandoning module UObjectPlugin (109)
[2017.01.21-18.02.25:700][234]LogModuleManager: Shutting down and abandoning module SubversionSourceControl (108)
[2017.01.21-18.02.25:700][234]LogModuleManager: Shutting down and abandoning module PerforceSourceControl (107)
[2017.01.21-18.02.25:700][234]LogModuleManager: Shutting down and abandoning module SourceControl (106)
[2017.01.21-18.02.25:700][234]LogModuleManager: Shutting down and abandoning module GitSourceControl (105)
[2017.01.21-18.02.25:700][234]LogModuleManager: Shutting down and abandoning module LightPropagationVolumeEditor (104)
[2017.01.21-18.02.25:700][234]LogModuleManager: Shutting down and abandoning module PaperTiledImporter (103)
[2017.01.21-18.02.25:700][234]LogModuleManager: Shutting down and abandoning module PaperSpriteSheetImporter (102)
[2017.01.21-18.02.25:700][234]LogModuleManager: Shutting down and abandoning module MeshPaint (101)
[2017.01.21-18.02.25:700][234]LogModuleManager: Shutting down and abandoning module PixelInspectorModule (100)
[2017.01.21-18.02.25:700][234]LogModuleManager: Shutting down and abandoning module HotReload (99)
[2017.01.21-18.02.25:701][234]LogModuleManager: Shutting down and abandoning module MainFrame (98)
[2017.01.21-18.02.25:701][234]LogModuleManager: Shutting down and abandoning module LevelEditor (97)
[2017.01.21-18.02.25:702][234]LogModuleManager: Shutting down and abandoning module ContentBrowser (96)
[2017.01.21-18.02.25:703][234]LogModuleManager: Shutting down and abandoning module Paper2DEditor (95)
[2017.01.21-18.02.25:703][234]LogModuleManager: Shutting down and abandoning module UdpMessaging (94)
[2017.01.21-18.02.25:803][234]LogModuleManager: Shutting down and abandoning module LightPropagationVolumeRuntime (93)
[2017.01.21-18.02.25:803][234]LogModuleManager: Shutting down and abandoning module Paper2D (92)
[2017.01.21-18.02.25:803][234]LogModuleManager: Shutting down and abandoning module WindowsMoviePlayer (91)
[2017.01.21-18.02.25:803][234]LogModuleManager: Shutting down and abandoning module Media (90)
[2017.01.21-18.02.25:803][234]LogModuleManager: Shutting down and abandoning module WmfMedia (89)
[2017.01.21-18.02.25:803][234]LogModuleManager: Shutting down and abandoning module MediaAssets (88)
[2017.01.21-18.02.25:803][234]LogModuleManager: Shutting down and abandoning module GameLiveStreaming (87)
[2017.01.21-18.02.25:803][234]LogModuleManager: Shutting down and abandoning module GameplayTagsEditor (86)
[2017.01.21-18.02.25:803][234]LogModuleManager: Shutting down and abandoning module OnlineBlueprintSupport (85)
[2017.01.21-18.02.25:803][234]LogModuleManager: Shutting down and abandoning module VREditor (84)
[2017.01.21-18.02.25:803][234]LogModuleManager: Shutting down and abandoning module GameplayTasksEditor (83)
[2017.01.21-18.02.25:804][234]LogModuleManager: Shutting down and abandoning module PropertyEditor (82)
[2017.01.21-18.02.25:804][234]LogModuleManager: Shutting down and abandoning module BehaviorTreeEditor (81)
[2017.01.21-18.02.25:804][234]LogModuleManager: Shutting down and abandoning module FunctionalTesting (80)
[2017.01.21-18.02.25:804][234]LogModuleManager: Shutting down and abandoning module CollisionAnalyzer (79)
[2017.01.21-18.02.25:804][234]LogModuleManager: Shutting down and abandoning module Sequencer (78)
[2017.01.21-18.02.25:804][234]LogModuleManager: Shutting down and abandoning module WorkspaceMenuStructure (77)
[2017.01.21-18.02.25:804][234]LogModuleManager: Shutting down and abandoning module MessageLog (76)
[2017.01.21-18.02.25:804][234]LogModuleManager: Shutting down and abandoning module AssetTools (75)
[2017.01.21-18.02.25:804][234]LogModuleManager: Shutting down and abandoning module UMGEditor (74)
[2017.01.21-18.02.25:804][234]LogModuleManager: Shutting down and abandoning module UMG (73)
[2017.01.21-18.02.25:804][234]LogModuleManager: Shutting down and abandoning module SlateReflector (72)
[2017.01.21-18.02.25:804][234]LogModuleManager: Shutting down and abandoning module Slate (71)
[2017.01.21-18.02.25:804][234]LogModuleManager: Shutting down and abandoning module EditorStyle (70)
[2017.01.21-18.02.25:806][234]LogModuleManager: Shutting down and abandoning module SourceCodeAccess (69)
[2017.01.21-18.02.25:806][234]LogModuleManager: Shutting down and abandoning module HeadMountedDisplay (68)
[2017.01.21-18.02.25:806][234]LogModuleManager: Shutting down and abandoning module XAudio2 (67)
[2017.01.21-18.02.25:806][234]LogModuleManager: Shutting down and abandoning module Networking (65)
[2017.01.21-18.02.25:806][234]LogModuleManager: Shutting down and abandoning module Core (64)
[2017.01.21-18.02.25:806][234]LogModuleManager: Shutting down and abandoning module DirectoryWatcher (63)
[2017.01.21-18.02.25:810][234]LogModuleManager: Shutting down and abandoning module AssetRegistry (62)
[2017.01.21-18.02.26:011][234]LogModuleManager: Shutting down and abandoning module KismetCompiler (61)
[2017.01.21-18.02.26:011][234]LogModuleManager: Shutting down and abandoning module PhysXFormats (60)
[2017.01.21-18.02.26:011][234]LogModuleManager: Shutting down and abandoning module MeshUtilities (59)
[2017.01.21-18.02.26:011][234]LogModuleManager: Shutting down and abandoning module DerivedDataCache (58)
[2017.01.21-18.02.26:104][234]LogDerivedDataCache: Shutdown
[2017.01.21-18.02.26:104][234]LogModuleManager: Shutting down and abandoning module VulkanShaderFormat (57)
[2017.01.21-18.02.26:104][234]LogModuleManager: Shutting down and abandoning module ShaderFormatOpenGL (56)
[2017.01.21-18.02.26:104][234]LogModuleManager: Shutting down and abandoning module ShaderFormatD3D (55)
[2017.01.21-18.02.26:104][234]LogModuleManager: Shutting down and abandoning module MetalShaderFormat (54)
[2017.01.21-18.02.26:104][234]LogModuleManager: Shutting down and abandoning module TextureFormatUncompressed (53)
[2017.01.21-18.02.26:104][234]LogModuleManager: Shutting down and abandoning module TextureFormatPVR (52)
[2017.01.21-18.02.26:104][234]LogModuleManager: Shutting down and abandoning module TextureFormatIntelISPCTexComp (51)
[2017.01.21-18.02.26:104][234]LogModuleManager: Shutting down and abandoning module TextureFormatDXT (50)
[2017.01.21-18.02.26:104][234]LogModuleManager: Shutting down and abandoning module ImageWrapper (49)
[2017.01.21-18.02.26:104][234]LogModuleManager: Shutting down and abandoning module TextureFormatASTC (48)
[2017.01.21-18.02.26:104][234]LogModuleManager: Shutting down and abandoning module TextureFormatAndroid (47)
[2017.01.21-18.02.26:104][234]LogModuleManager: Shutting down and abandoning module AudioFormatOpus (46)
[2017.01.21-18.02.26:104][234]LogModuleManager: Shutting down and abandoning module AudioFormatOgg (45)
[2017.01.21-18.02.26:104][234]LogModuleManager: Shutting down and abandoning module AudioFormatADPCM (44)
[2017.01.21-18.02.26:104][234]LogModuleManager: Shutting down and abandoning module LinuxTargetPlatform (43)
[2017.01.21-18.02.26:104][234]LogModuleManager: Shutting down and abandoning module LinuxServerTargetPlatform (42)
[2017.01.21-18.02.26:104][234]LogModuleManager: Shutting down and abandoning module LinuxNoEditorTargetPlatform (41)
[2017.01.21-18.02.26:104][234]LogModuleManager: Shutting down and abandoning module TVOSTargetPlatform (40)
[2017.01.21-18.02.26:104][234]LogModuleManager: Shutting down and abandoning module Messaging (39)
[2017.01.21-18.02.26:104][234]LogModuleManager: Shutting down and abandoning module IOSTargetPlatform (38)
[2017.01.21-18.02.26:104][234]LogModuleManager: Shutting down and abandoning module HTML5TargetPlatform (37)
[2017.01.21-18.02.26:104][234]LogModuleManager: Shutting down and abandoning module Android_PVRTCTargetPlatform (36)
[2017.01.21-18.02.26:104][234]LogModuleManager: Shutting down and abandoning module Android_MultiTargetPlatform (35)
[2017.01.21-18.02.26:104][234]LogModuleManager: Shutting down and abandoning module Android_ETC2TargetPlatform (34)
[2017.01.21-18.02.26:104][234]LogModuleManager: Shutting down and abandoning module Android_ETC1TargetPlatform (33)
[2017.01.21-18.02.26:104][234]LogModuleManager: Shutting down and abandoning module Android_DXTTargetPlatform (32)
[2017.01.21-18.02.26:104][234]LogModuleManager: Shutting down and abandoning module Android_ATCTargetPlatform (31)
[2017.01.21-18.02.26:104][234]LogModuleManager: Shutting down and abandoning module Android_ASTCTargetPlatform (30)
[2017.01.21-18.02.26:104][234]LogModuleManager: Shutting down and abandoning module AndroidTargetPlatform (29)
[2017.01.21-18.02.26:104][234]LogModuleManager: Shutting down and abandoning module WindowsTargetPlatform (28)
[2017.01.21-18.02.26:104][234]LogModuleManager: Shutting down and abandoning module WindowsServerTargetPlatform (27)
[2017.01.21-18.02.26:104][234]LogModuleManager: Shutting down and abandoning module WindowsNoEditorTargetPlatform (26)
[2017.01.21-18.02.26:104][234]LogModuleManager: Shutting down and abandoning module WindowsClientTargetPlatform (25)
[2017.01.21-18.02.26:104][234]LogModuleManager: Shutting down and abandoning module AllDesktopTargetPlatform (24)
[2017.01.21-18.02.26:104][234]LogModuleManager: Shutting down and abandoning module TargetPlatform (23)
[2017.01.21-18.02.26:104][234]LogModuleManager: Shutting down and abandoning module InputCore (22)
[2017.01.21-18.02.26:105][234]LogModuleManager: Shutting down and abandoning module Settings (21)
[2017.01.21-18.02.26:105][234]LogModuleManager: Shutting down and abandoning module OnlineSubsystem (19)
[2017.01.21-18.02.26:105][234]LogModuleManager: Shutting down and abandoning module HTTP (18)
[2017.01.21-18.02.29:108][234]LogModuleManager: Shutting down and abandoning module XMPP (17)
[2017.01.21-18.02.29:109][234]LogModuleManager: Shutting down and abandoning module OculusRift (16)
[2017.01.21-18.02.29:109][234]LogModuleManager: Shutting down and abandoning module ExampleDeviceProfileSelector (15)
[2017.01.21-18.02.29:109][234]LogModuleManager: Shutting down and abandoning module TextureCompressor (14)
[2017.01.21-18.02.29:109][234]LogModuleManager: Shutting down and abandoning module ShaderCore (13)
[2017.01.21-18.02.29:109][234]LogModuleManager: Shutting down and abandoning module Landscape (12)
[2017.01.21-18.02.29:109][234]LogModuleManager: Shutting down and abandoning module SlateRHIRenderer (11)
[2017.01.21-18.02.29:111][234]LogModuleManager: Shutting down and abandoning module OpenGLDrv (10)
[2017.01.21-18.02.29:111][234]LogModuleManager: Shutting down and abandoning module D3D11RHI (9)
[2017.01.21-18.02.29:111][234]LogModuleManager: Shutting down and abandoning module AnimGraphRuntime (8)
[2017.01.21-18.02.29:111][234]LogModuleManager: Shutting down and abandoning module Renderer (7)
[2017.01.21-18.02.29:111][234]LogModuleManager: Shutting down and abandoning module Engine (6)
[2017.01.21-18.02.29:111][234]LogModuleManager: Shutting down and abandoning module CoreUObject (5)
[2017.01.21-18.02.29:111][234]LogModuleManager: Shutting down and abandoning module NetworkFile (4)
[2017.01.21-18.02.29:111][234]LogModuleManager: Shutting down and abandoning module StreamingFile (3)
[2017.01.21-18.02.29:111][234]LogModuleManager: Shutting down and abandoning module SandboxFile (2)
[2017.01.21-18.02.29:111][234]LogModuleManager: Shutting down and abandoning module PakFile (1)
[2017.01.21-18.02.29:113][234]LogExit: Exiting.
[2017.01.21-18.02.29:117][234]Log file closed, 01/21/17 19:02:29
