Log file open, 01/10/17 21:19:41
LogInit:Display: Running engine for game: Project_Nomand
LogPlatformFile: Not using cached read wrapper
LogInit:Display: RandInit(1208763044) SRandInit(1208763045).
LogTaskGraph: Started task graph with 4 named threads and 7 total threads with 1 sets of task threads.
LogStats: Stats thread started at 0.077411
LogInit: Version: 4.12.5-3039270+++UE4+Release-4.12
LogInit: API Version: 2992821
LogInit: Net Version: 3039270
LogDevObjectVersion: Number of dev versions registered: 13
LogDevObjectVersion:   Dev-Blueprints (B0D832E4-1F89-4F0D-ACCF-7EB736FD4AA2): 3
LogDevObjectVersion:   Dev-Build (E1C64328-A22C-4D53-A36C-8E866417BD8C): 0
LogDevObjectVersion:   Dev-Core (375EC13C-06E4-48FB-B500-84F0262A717E): 1
LogDevObjectVersion:   Dev-Editor (E4B068ED-F494-42E9-A231-DA0B2E46BB41): 2
LogDevObjectVersion:   Dev-Framework (CFFC743F-43B0-4480-9391-14DF171D2073): 6
LogDevObjectVersion:   Dev-Mobile (B02B49B5-BB20-44E9-A304-32B752E40360): 0
LogDevObjectVersion:   Dev-Networking (A4E4105C-59A1-49B5-A7C5-40C4547EDFEE): 0
LogDevObjectVersion:   Dev-Online (39C831C9-5AE6-47DC-9A44-9C173E1C8E7C): 0
LogDevObjectVersion:   Dev-Physics (78F01B33-EBEA-4F98-B9B4-84EACCB95AA2): 0
LogDevObjectVersion:   Dev-Platform (6631380F-2D4D-43E0-8009-CF276956A95A): 0
LogDevObjectVersion:   Dev-Rendering (12F88B9F-8875-4AFC-A67C-D90C383ABD29): 2
LogDevObjectVersion:   Dev-Sequencer (7B5AE74C-D270-4C10-A958-57980B212A5A): 0
LogDevObjectVersion:   Dev-VR (D7296918-1DD6-4BDD-9DE2-64A83CC13884): 0
LogInit: Compiled (64-bit): Jul  6 2016 09:09:46
LogInit: Compiled with Visual C++: 19.00.23026.00
LogInit: Build Configuration: Development
LogInit: Branch Name: ++UE4+Release-4.12
LogInit: Command line: 
LogInit: Base directory: G:/UNI/Programme/Epic Games/4.12/Engine/Binaries/Win64/
LogInit: Installed Engine Build: 1
LogInit: Using libcurl 7.41.0
LogInit:  - built for x86_64-pc-win32
LogInit:  - supports SSL with WinSSL
LogInit:  - other features:
LogInit:      CURL_VERSION_SSL
LogInit:      CURL_VERSION_IPV6
LogInit:      CURL_VERSION_ASYNCHDNS
LogInit:      CURL_VERSION_LARGEFILE
LogInit:      CURL_VERSION_IDN
LogInit:  CurlRequestOptions (configurable via config and command line):
LogInit:  - bVerifyPeer = true  - Libcurl will verify peer certificate
LogInit:  - bUseHttpProxy = false  - Libcurl will NOT use HTTP proxy
LogInit:  - bDontReuseConnections = false  - Libcurl will reuse connections
LogInit:  - CertBundlePath = nullptr  - Libcurl will use whatever was configured at build time.
LogInit: Presizing for max 8388607 objects, including 0 objects not considered by GC, pre-allocating 0 bytes for permanent pool.
LogInit: Object subsystem initialized
[2017.01.10-20.19.41:981][  0]LogInit: Selected Device Profile: [Windows]
[2017.01.10-20.19.41:981][  0]LogInit: Applying CVar settings loaded from the selected device profile: [Windows]
[2017.01.10-20.19.41:995][  0]LogInit: Computer: DEX
[2017.01.10-20.19.41:995][  0]LogInit: User: Dextex
[2017.01.10-20.19.41:995][  0]LogInit: CPU Page size=65536, Cores=4
[2017.01.10-20.19.41:995][  0]LogInit: High frequency timer resolution =3.417979 MHz
[2017.01.10-20.19.41:995][  0]LogMemory: Memory total: Physical=15.9GB (16GB approx)
[2017.01.10-20.19.41:996][  0]LogMemory: Platform Memory Stats for Windows
[2017.01.10-20.19.41:996][  0]LogMemory: Process Physical Memory: 191.06 MB used, 191.06 MB peak
[2017.01.10-20.19.41:996][  0]LogMemory: Process Virtual Memory: 195.25 MB used, 195.25 MB peak
[2017.01.10-20.19.41:996][  0]LogMemory: Physical Memory: 10163.90 MB used, 16328.00 MB total
[2017.01.10-20.19.41:996][  0]LogMemory: Virtual Memory: 553.49 MB used, 134217728.00 MB total
[2017.01.10-20.19.42:022][  0]LogTextLocalizationManager: No translations for ('de-DE') exist, falling back to 'en' for localization and internationalization data.
[2017.01.10-20.19.42:418][  0]LogD3D11RHI: D3D11 adapters:
[2017.01.10-20.19.42:937][  0]LogD3D11RHI:    0. 'NVIDIA GeForce GTX 1080' (Feature Level 11_0)
[2017.01.10-20.19.42:937][  0]LogD3D11RHI:       8144/0/8164 MB DedicatedVideo/DedicatedSystem/SharedSystem, Outputs:2, VendorId:0x10de
[2017.01.10-20.19.42:938][  0]LogD3D11RHI:    1. 'Microsoft Basic Render Driver' (Feature Level 11_0)
[2017.01.10-20.19.42:938][  0]LogD3D11RHI:       0/0/8164 MB DedicatedVideo/DedicatedSystem/SharedSystem, Outputs:0, VendorId:0x1414
[2017.01.10-20.19.42:938][  0]LogD3D11RHI: Chosen D3D11 Adapter: 0
[2017.01.10-20.19.42:945][  0]LogD3D11RHI: Creating new Direct3DDevice
[2017.01.10-20.19.42:946][  0]LogD3D11RHI:     GPU DeviceId: 0x1b80 (for the marketing name, search the web for "GPU Device Id")
[2017.01.10-20.19.42:946][  0]LogWindows: EnumDisplayDevices:
[2017.01.10-20.19.42:946][  0]LogWindows:    0. 'NVIDIA GeForce GTX 1080' (P:1 D:1)
[2017.01.10-20.19.42:946][  0]LogWindows:    1. 'NVIDIA GeForce GTX 1080' (P:0 D:1)
[2017.01.10-20.19.42:946][  0]LogWindows:    2. 'NVIDIA GeForce GTX 1080' (P:0 D:0)
[2017.01.10-20.19.42:946][  0]LogWindows:    3. 'NVIDIA GeForce GTX 1080' (P:0 D:0)
[2017.01.10-20.19.42:947][  0]LogWindows: DebugString: FoundDriverCount:4 
[2017.01.10-20.19.42:947][  0]LogD3D11RHI:     Adapter Name: NVIDIA GeForce GTX 1080
[2017.01.10-20.19.42:947][  0]LogD3D11RHI:   Driver Version: 376.33 (internal:21.21.13.7633, unified:376.33)
[2017.01.10-20.19.42:947][  0]LogD3D11RHI:      Driver Date: 12-11-2016
[2017.01.10-20.19.42:947][  0]LogRHI: Texture pool is 1361 MB (70% of 1945 MB)
[2017.01.10-20.19.43:437][  0]LogD3D11RHI: Async texture creation enabled
[2017.01.10-20.19.43:466][  0]LogD3D11RHI: GPU Timing Frequency: 1000.000000 (Debug: 2 1)
[2017.01.10-20.19.43:466][  0]LogShaderCompilers: Guid format shader working directory is -3 characters bigger than the processId version (../../../../../../MP2/project_nomad/Project_Nomand/Intermediate/Shaders/WorkingDirectory/9172/).
[2017.01.10-20.19.43:466][  0]LogShaderCompilers: Cleaned the shader compiler working directory 'C:/Users/Dextex/AppData/Local/Temp/UnrealShaderWorkingDir/D3B61DE74216E28AE88083BE0AA77A61/'.
[2017.01.10-20.19.43:466][  0]LogShaderCompilers:Display: Using Local Shader Compiler.
[2017.01.10-20.19.44:292][  0]LogTemp:Display: Loaded TP AllDesktopTargetPlatform
[2017.01.10-20.19.44:300][  0]LogTemp:Display: Loaded TP WindowsClientTargetPlatform
[2017.01.10-20.19.44:309][  0]LogTemp:Display: Loaded TP WindowsNoEditorTargetPlatform
[2017.01.10-20.19.44:318][  0]LogTemp:Display: Loaded TP WindowsServerTargetPlatform
[2017.01.10-20.19.44:327][  0]LogTemp:Display: Loaded TP WindowsTargetPlatform
[2017.01.10-20.19.44:335][  0]LogTemp:Display: Loaded TP AndroidTargetPlatform
[2017.01.10-20.19.44:342][  0]LogTemp:Display: Loaded TP Android_ASTCTargetPlatform
[2017.01.10-20.19.44:349][  0]LogTemp:Display: Loaded TP Android_ATCTargetPlatform
[2017.01.10-20.19.44:356][  0]LogTemp:Display: Loaded TP Android_DXTTargetPlatform
[2017.01.10-20.19.44:363][  0]LogTemp:Display: Loaded TP Android_ETC1TargetPlatform
[2017.01.10-20.19.44:370][  0]LogTemp:Display: Loaded TP Android_ETC2TargetPlatform
[2017.01.10-20.19.44:385][  0]LogTemp:Display: Loaded TP Android_MultiTargetPlatform
[2017.01.10-20.19.44:385][  0]LogTemp:Display: Loaded TP Android_PVRTCTargetPlatform
[2017.01.10-20.19.44:385][  0]LogTemp:Display: Loaded TP HTML5TargetPlatform
[2017.01.10-20.19.44:406][  0]LogTemp:Display: Loaded TP IOSTargetPlatform
[2017.01.10-20.19.44:413][  0]LogTemp:Display: Loaded TP TVOSTargetPlatform
[2017.01.10-20.19.44:421][  0]LogTemp:Display: Loaded TP LinuxNoEditorTargetPlatform
[2017.01.10-20.19.44:427][  0]LogTemp:Display: Loaded TP LinuxServerTargetPlatform
[2017.01.10-20.19.44:434][  0]LogTemp:Display: Loaded TP LinuxTargetPlatform
[2017.01.10-20.19.44:435][  0]LogTargetPlatformManager:Display: Building Assets For Windows
[2017.01.10-20.19.44:513][  0]LogDerivedDataCache:Display: Max Cache Size: 512 MB
[2017.01.10-20.19.44:561][  0]LogDerivedDataCache: Loaded boot cache 0.05s 48MB C:/Users/Dextex/AppData/Local/UnrealEngine/4.12/DerivedDataCache/Boot.ddc.
[2017.01.10-20.19.44:561][  0]LogDerivedDataCache:Display: Loaded Boot cache: C:/Users/Dextex/AppData/Local/UnrealEngine/4.12/DerivedDataCache/Boot.ddc
[2017.01.10-20.19.44:561][  0]LogDerivedDataCache: FDerivedDataBackendGraph:  Pak pak cache file ../../../../../../MP2/project_nomad/Project_Nomand/DerivedDataCache/DDC.ddp not found, will not use a pak cache.
[2017.01.10-20.19.44:561][  0]LogDerivedDataCache: Unable to find inner node Pak for hierarchical cache Hierarchy.
[2017.01.10-20.19.44:561][  0]LogDerivedDataCache: FDerivedDataBackendGraph:  CompressedPak pak cache file ../../../../../../MP2/project_nomad/Project_Nomand/DerivedDataCache/Compressed.ddp not found, will not use a pak cache.
[2017.01.10-20.19.44:561][  0]LogDerivedDataCache: Unable to find inner node CompressedPak for hierarchical cache Hierarchy.
[2017.01.10-20.19.44:578][  0]LogDerivedDataCache:Display: Pak cache opened for reading ../../../Engine/DerivedDataCache/Compressed.ddp.
[2017.01.10-20.19.44:589][  0]LogDerivedDataCache: Using Local data cache path C:/Users/Dextex/AppData/Local/UnrealEngine/Common/DerivedDataCache: Writable
[2017.01.10-20.19.44:749][  0]LogInit: Selected Device Profile: [Windows]
[2017.01.10-20.19.44:750][  0]LogContentStreaming: Texture pool size is 0.00 MB
[2017.01.10-20.19.44:885][  0]LogMeshUtilities: No automatic mesh reduction module available
[2017.01.10-20.19.44:885][  0]LogMeshUtilities: No automatic mesh merging module available
[2017.01.10-20.19.44:885][  0]LogMeshUtilities: No distributed automatic mesh merging module available
[2017.01.10-20.19.45:102][  0]LogAssetRegistry: FAssetRegistry took 0.0213 seconds to start up
[2017.01.10-20.19.45:115][  0]LogPackageLocalizationCache: Processed 3 localized package path(s) for 1 prioritized culture(s) in 0.010188 seconds
[2017.01.10-20.19.45:122][  0]LogUObjectArray: 28739 objects as part of root set at end of initial load.
[2017.01.10-20.19.45:122][  0]LogUObjectAllocator: 5855624 out of 0 bytes used by permanent object pool.
[2017.01.10-20.19.45:122][  0]LogUObjectArray: CloseDisregardForGC: 0/0 objects in disregard for GC pool
[2017.01.10-20.19.45:131][  0]LogInit: WinSock: version 1.1 (2.2), MaxSocks=32767, MaxUdp=65467
[2017.01.10-20.19.45:285][  0]LogSlate: SlateFontCache - WITH_FREETYPE: 1, WITH_HARFBUZZ: 1
[2017.01.10-20.19.45:285][  0]LogSlate: SlateFontCache - WITH_FREETYPE: 1, WITH_HARFBUZZ: 1
[2017.01.10-20.19.45:848][  0]LogUdpMessaging: Initializing bridge on interface 0.0.0.0:0 to multicast group 230.0.0.1:6666.
[2017.01.10-20.19.46:041][  0]SourceControl: Info Source control is disabled
[2017.01.10-20.19.46:340][  0]LogEngine: Initializing Engine...
[2017.01.10-20.19.46:341][  0]LogHMD: SteamVR failed to initialize.  Err: 100
[2017.01.10-20.19.46:342][  0]LogHMD: SteamVR failed to initialize.  Err: 100
[2017.01.10-20.19.46:472][  0]LogAIModule: Creating AISystem for world NewWorld
[2017.01.10-20.19.46:488][  0]LogInit: XAudio2 using 'Lautsprecher (SteelSeries Siberia 350)' : 2 channels at 44.1 kHz using 16 bits per sample (channel mask 0x3)
[2017.01.10-20.19.46:516][  0]LogInit: FAudioDevice initialized.
[2017.01.10-20.19.46:541][  0]LogDerivedDataCache: Saved boot cache 0.03s 48MB C:/Users/Dextex/AppData/Local/UnrealEngine/4.12/DerivedDataCache/Boot.ddc.
[2017.01.10-20.19.46:548][  0]LogInit: Texture streaming: Enabled
[2017.01.10-20.19.46:572][  0]LogInit: Transaction tracking system initialized
[2017.01.10-20.19.46:599][  0]BlueprintLog: New page: Editor Load
[2017.01.10-20.19.46:706][  0]LocalizationService: Info Localization service is disabled
[2017.01.10-20.19.46:768][  0]LogConsoleResponse:Display: 
[2017.01.10-20.19.46:873][  0]LogCook:Display: Max memory allowance for cook 8192mb
[2017.01.10-20.19.46:873][  0]LogCook:Display: Mobile HDR setting 1
[2017.01.10-20.19.47:055][  0]LogFileCache: Scanning file cache for directory 'G:/UNI/MP2/project_nomad/Project_Nomand/Content/' took 0.04s
[2017.01.10-20.19.47:083][  0]LogWindowsTextInputMethodSystem:Display: IME system now deactivated.
[2017.01.10-20.19.50:498][  0]LogWindowsTextInputMethodSystem:Display: IME system now deactivated.
[2017.01.10-20.19.50:548][  0]LogWindowsTextInputMethodSystem:Display: IME system now deactivated.
[2017.01.10-20.19.51:822][  0]LogWindowsTextInputMethodSystem:Display: IME system now deactivated.
[2017.01.10-20.19.51:855][  0]LogWindowsTextInputMethodSystem:Display: IME system now deactivated.
[2017.01.10-20.19.51:856][  0]Cmd: MAP LOAD FILE="../../../../../../MP2/project_nomad/Project_Nomand/Content/Map/Map.umap" TEMPLATE=0 SHOWPROGRESS=1 FEATURELEVEL=3
[2017.01.10-20.19.51:856][  0]LightingResults: New page: Lighting Build
[2017.01.10-20.19.51:859][  0]MapCheck: New page: Map Check
[2017.01.10-20.19.51:859][  0]LightingResults: New page: Lighting Build
[2017.01.10-20.19.52:376][  0]LogText:Warning: Failed to parse argument "ImportClass" as a number (using "0" as a fallback). Please check your format string for errors: ": Failed import for {ImportClass}".
[2017.01.10-20.19.52:389][  0]LogProperty:Warning: Serialized Class /Script/Engine.SkeletalMesh for a property of Class /Script/Engine.StaticMesh. Reference will be NULLed.
    Property = ObjectProperty /Game/Items/ItemDataStruct.ItemDataStruct:Mesh_26_672F13C1486F4A372FEE9A82089BCF2E
    Item = SkeletalMesh /Game/Items/Blade_AnthraciteAxe/SK_Blade_AnthraciteAxe.SK_Blade_AnthraciteAxe
[2017.01.10-20.19.52:389][  0]LogProperty:Warning: Serialized Class /Script/Engine.SkeletalMesh for a property of Class /Script/Engine.StaticMesh. Reference will be NULLed.
    Property = ObjectProperty /Game/Items/ItemDataStruct.ItemDataStruct:Mesh_26_672F13C1486F4A372FEE9A82089BCF2E
    Item = SkeletalMesh /Game/Items/Blade_BlackKnight/SK_Blade_BlackKnight.SK_Blade_BlackKnight
[2017.01.10-20.19.52:685][  0]LogAIModule: Creating AISystem for world Map
[2017.01.10-20.19.52:756][  0]LogEditorServer: Finished looking for orphan Actors (0.000 secs)
[2017.01.10-20.19.52:760][  0]Cmd: MAP CHECKDEP NOCLEARLOG
[2017.01.10-20.19.52:798][  0]MapCheck: Info Map check complete: 0 Error(s), 0 Warning(s), took 38.115ms to complete.
[2017.01.10-20.19.52:798][  0]LogFileHelpers: Loading map 'Map' took 0.942
[2017.01.10-20.19.52:942][  0]LogStats:Warning: MetaData mismatch. Did you assign a stat to two groups? New //STATGROUP_Threads//SplashScreenThread///Thread_4b30_0///####STATCAT_Advanced#### old //STATGROUP_Threads//SplashScreenThread///Thread_3c50_0///####STATCAT_Advanced####
[2017.01.10-20.19.52:942][  0]LogCollectionManager: Loaded 0 collections in 0.002458 seconds
[2017.01.10-20.19.52:986][  0]LogFileCache: Scanning file cache for directory 'G:/UNI/MP2/project_nomad/Project_Nomand/Saved/Collections/' took 0.01s
[2017.01.10-20.19.52:986][  0]LogFileCache: Scanning file cache for directory 'G:/UNI/MP2/project_nomad/Project_Nomand/Content/Developers/Dextex/Collections/' took 0.01s
[2017.01.10-20.19.52:986][  0]LogFileCache: Scanning file cache for directory 'G:/UNI/MP2/project_nomad/Project_Nomand/Content/Collections/' took 0.01s
[2017.01.10-20.19.52:986][  0]LogCollectionManager: Rebuilt the GUID cache for 0 collections in 0.000002 seconds
[2017.01.10-20.19.52:994][  0]LogContentBrowser: Native class hierarchy populated in 0.0078 seconds. Added 2047 classes and 369 folders.
[2017.01.10-20.19.52:997][  0]LogStats: UGameplayTagsManager::ConstructGameplayTagTree: Construct from data asset -  0.000 s
[2017.01.10-20.19.52:997][  0]LogStats: UGameplayTagsManager::ConstructGameplayTagTree: GameplayTagTreeChangedEvent.Broadcast -  0.000 s
[2017.01.10-20.19.52:998][  0]LogContentBrowser: Native class hierarchy updated for 'GameplayTags' in 0.0005 seconds. Added 12 classes and 0 folders.
[2017.01.10-20.19.53:005][  0]LogContentBrowser: Native class hierarchy updated for 'WidgetCarousel' in 0.0004 seconds. Added 0 classes and 0 folders.
[2017.01.10-20.19.53:195][  0]LogContentBrowser: Native class hierarchy updated for 'AddContentDialog' in 0.0003 seconds. Added 0 classes and 0 folders.
[2017.01.10-20.19.53:199][  0]LogContentBrowser: Native class hierarchy updated for 'SceneOutliner' in 0.0003 seconds. Added 1 classes and 2 folders.
[2017.01.10-20.19.53:257][  0]LogCrashTracker: Crashtracker disabled due to settings.
[2017.01.10-20.19.53:263][  0]LogUObjectGlobals:Warning: Failed to find object 'Class None.'
[2017.01.10-20.19.53:290][  0]LogContentBrowser: Native class hierarchy updated for 'HierarchicalLODOutliner' in 0.0004 seconds. Added 1 classes and 2 folders.
[2017.01.10-20.19.53:290][  0]LogLoad: Full Startup: 12.09 seconds (BP compile: 0.13 seconds)
[2017.01.10-20.19.53:290][  0]LogExternalProfiler: No external profilers were discovered.  External profiling features will not be available.
[2017.01.10-20.19.53:299][  0]LogOcInput: OculusInput pre-init called
[2017.01.10-20.19.53:300][  0]LoadErrors:Error: Error /Game/Items/Item : Failed import for ObjectProperty /Game/Items/ItemDataStruct.ItemDataStruct:Mesh_25_672F13C1486F4A372FEE9A82089BCF2E
[2017.01.10-20.19.53:317][  0]LogContentStreaming: Texture pool size now 1000 MB
[2017.01.10-20.19.53:503][  0]LogRenderer: Reallocating scene render targets to support 1208x556 (Frame:2).
[2017.01.10-20.19.53:597][  1]Cmd: UpdateLandscapeEditorData -warnings
[2017.01.10-20.19.53:647][  2]LogAssetRegistry: Asset discovery search completed in 8.5663 seconds
[2017.01.10-20.19.53:647][  2]LogCollectionManager: Rebuilt the object cache for 0 collections in 0.000001 seconds (found 0 objects)
[2017.01.10-20.19.53:647][  2]LogCollectionManager: Fixed up redirectors for 0 collections in 0.000015 seconds (updated 0 objects)
[2017.01.10-20.20.16:437][261]LogContentBrowser: Native class hierarchy updated for 'BlueprintGraph' in 0.0008 seconds. Added 111 classes and 0 folders.
[2017.01.10-20.20.23:992][852]LogScript:Warning: Accessed None trying to read property ItemMesh
	Item_C /Game/Map/Map.Map:PersistentLevel.Item2_491
	Function /Game/Items/Item.Item_C:UserConstructionScript:0233
[2017.01.10-20.20.23:993][852]LogScript:Warning: Accessed None trying to read property ItemMesh
	Item_C /Game/Map/Map.Map:PersistentLevel.Item_98
	Function /Game/Items/Item.Item_C:UserConstructionScript:0233
[2017.01.10-20.20.23:993][852]LogScript:Warning: Accessed None trying to read property ItemMesh
	Item_C /Engine/Transient.World_4:PersistentLevel.Item_C_0
	Function /Game/Items/Item.Item_C:UserConstructionScript:0233
[2017.01.10-20.20.34:333][927]LogScript:Warning: Accessed None trying to read property ItemMesh
	Item_C /Game/Map/Map.Map:PersistentLevel.Item2_491
	Function /Game/Items/Item.Item_C:UserConstructionScript:0233
[2017.01.10-20.20.34:334][927]LogScript:Warning: Accessed None trying to read property ItemMesh
	Item_C /Game/Map/Map.Map:PersistentLevel.Item_98
	Function /Game/Items/Item.Item_C:UserConstructionScript:0233
[2017.01.10-20.20.34:334][927]LogScript:Warning: Accessed None trying to read property ItemMesh
	Item_C /Engine/Transient.World_4:PersistentLevel.Item_C_0
	Function /Game/Items/Item.Item_C:UserConstructionScript:0233
[2017.01.10-20.20.40:816][519]LogWindows: Windows GetLastError: Der Vorgang wurde erfolgreich beendet. (0)
[2017.01.10-20.20.41:105][519]LogCrashTracker: 


[2017.01.10-20.20.41:105][519]LogCrashTracker: 


[2017.01.10-20.20.41:105][519]LogWindows:Error: === Critical error: ===
Fatal error: [File:D:\Build\++UE4+Release-4.12+Compile\Sync\Engine\Source\Runtime\CoreUObject\Private\UObject\ScriptCore.cpp] [Line: 1066] 
Failed to find function SetSkeletalMesh in StaticMeshComponent /Game/Map/Map.Map:PersistentLevel.Item2_491.ItemMesh




[2017.01.10-20.20.41:130][519]LogExit: Executing StaticShutdownAfterError
[2017.01.10-20.20.41:134][519]LogWindows: FPlatformMisc::RequestExit(1)
[2017.01.10-20.20.41:134][519]Log file closed, 01/10/17 21:20:41
