Log file open, 01/10/17 13:37:54
LogInit:Display: Running engine for game: Project_Nomand
LogPlatformFile: Not using cached read wrapper
LogInit:Display: RandInit(993298280) SRandInit(993298282).
LogTaskGraph: Started task graph with 4 named threads and 7 total threads with 1 sets of task threads.
LogStats: Stats thread started at 0.072522
LogInit: Version: 4.12.5-3039270+++UE4+Release-4.12
LogInit: API Version: 2992821
LogInit: Net Version: 3039270
LogDevObjectVersion: Number of dev versions registered: 13
LogDevObjectVersion:   Dev-Blueprints (B0D832E4-1F89-4F0D-ACCF-7EB736FD4AA2): 3
LogDevObjectVersion:   Dev-Build (E1C64328-A22C-4D53-A36C-8E866417BD8C): 0
LogDevObjectVersion:   Dev-Core (375EC13C-06E4-48FB-B500-84F0262A717E): 1
LogDevObjectVersion:   Dev-Editor (E4B068ED-F494-42E9-A231-DA0B2E46BB41): 2
LogDevObjectVersion:   Dev-Framework (CFFC743F-43B0-4480-9391-14DF171D2073): 6
LogDevObjectVersion:   Dev-Mobile (B02B49B5-BB20-44E9-A304-32B752E40360): 0
LogDevObjectVersion:   Dev-Networking (A4E4105C-59A1-49B5-A7C5-40C4547EDFEE): 0
LogDevObjectVersion:   Dev-Online (39C831C9-5AE6-47DC-9A44-9C173E1C8E7C): 0
LogDevObjectVersion:   Dev-Physics (78F01B33-EBEA-4F98-B9B4-84EACCB95AA2): 0
LogDevObjectVersion:   Dev-Platform (6631380F-2D4D-43E0-8009-CF276956A95A): 0
LogDevObjectVersion:   Dev-Rendering (12F88B9F-8875-4AFC-A67C-D90C383ABD29): 2
LogDevObjectVersion:   Dev-Sequencer (7B5AE74C-D270-4C10-A958-57980B212A5A): 0
LogDevObjectVersion:   Dev-VR (D7296918-1DD6-4BDD-9DE2-64A83CC13884): 0
LogInit: Compiled (64-bit): Jul  6 2016 09:09:46
LogInit: Compiled with Visual C++: 19.00.23026.00
LogInit: Build Configuration: Development
LogInit: Branch Name: ++UE4+Release-4.12
LogInit: Command line:  
LogInit: Base directory: G:/UNI/Programme/Epic Games/4.12/Engine/Binaries/Win64/
LogInit: Installed Engine Build: 1
LogInit: Using libcurl 7.41.0
LogInit:  - built for x86_64-pc-win32
LogInit:  - supports SSL with WinSSL
LogInit:  - other features:
LogInit:      CURL_VERSION_SSL
LogInit:      CURL_VERSION_IPV6
LogInit:      CURL_VERSION_ASYNCHDNS
LogInit:      CURL_VERSION_LARGEFILE
LogInit:      CURL_VERSION_IDN
LogInit:  CurlRequestOptions (configurable via config and command line):
LogInit:  - bVerifyPeer = true  - Libcurl will verify peer certificate
LogInit:  - bUseHttpProxy = false  - Libcurl will NOT use HTTP proxy
LogInit:  - bDontReuseConnections = false  - Libcurl will reuse connections
LogInit:  - CertBundlePath = nullptr  - Libcurl will use whatever was configured at build time.
LogInit: Presizing for max 8388607 objects, including 0 objects not considered by GC, pre-allocating 0 bytes for permanent pool.
LogInit: Object subsystem initialized
[2017.01.10-12.37.54:448][  0]LogInit: Selected Device Profile: [Windows]
[2017.01.10-12.37.54:448][  0]LogInit: Applying CVar settings loaded from the selected device profile: [Windows]
[2017.01.10-12.37.54:475][  0]LogInit: Computer: DEX
[2017.01.10-12.37.54:475][  0]LogInit: User: Dextex
[2017.01.10-12.37.54:475][  0]LogInit: CPU Page size=65536, Cores=4
[2017.01.10-12.37.54:475][  0]LogInit: High frequency timer resolution =3.417979 MHz
[2017.01.10-12.37.54:476][  0]LogMemory: Memory total: Physical=15.9GB (16GB approx)
[2017.01.10-12.37.54:476][  0]LogMemory: Platform Memory Stats for Windows
[2017.01.10-12.37.54:476][  0]LogMemory: Process Physical Memory: 191.07 MB used, 191.07 MB peak
[2017.01.10-12.37.54:476][  0]LogMemory: Process Virtual Memory: 195.25 MB used, 195.25 MB peak
[2017.01.10-12.37.54:476][  0]LogMemory: Physical Memory: 6783.35 MB used, 16328.00 MB total
[2017.01.10-12.37.54:476][  0]LogMemory: Virtual Memory: 553.49 MB used, 134217728.00 MB total
[2017.01.10-12.37.54:566][  0]LogTextLocalizationManager: No translations for ('de-DE') exist, falling back to 'en' for localization and internationalization data.
[2017.01.10-12.37.54:969][  0]LogD3D11RHI: D3D11 adapters:
[2017.01.10-12.37.55:467][  0]LogD3D11RHI:    0. 'NVIDIA GeForce GTX 1080' (Feature Level 11_0)
[2017.01.10-12.37.55:467][  0]LogD3D11RHI:       8144/0/8164 MB DedicatedVideo/DedicatedSystem/SharedSystem, Outputs:2, VendorId:0x10de
[2017.01.10-12.37.55:468][  0]LogD3D11RHI:    1. 'Microsoft Basic Render Driver' (Feature Level 11_0)
[2017.01.10-12.37.55:468][  0]LogD3D11RHI:       0/0/8164 MB DedicatedVideo/DedicatedSystem/SharedSystem, Outputs:0, VendorId:0x1414
[2017.01.10-12.37.55:468][  0]LogD3D11RHI: Chosen D3D11 Adapter: 0
[2017.01.10-12.37.55:474][  0]LogD3D11RHI: Creating new Direct3DDevice
[2017.01.10-12.37.55:474][  0]LogD3D11RHI:     GPU DeviceId: 0x1b80 (for the marketing name, search the web for "GPU Device Id")
[2017.01.10-12.37.55:474][  0]LogWindows: EnumDisplayDevices:
[2017.01.10-12.37.55:474][  0]LogWindows:    0. 'NVIDIA GeForce GTX 1080' (P:1 D:1)
[2017.01.10-12.37.55:474][  0]LogWindows:    1. 'NVIDIA GeForce GTX 1080' (P:0 D:1)
[2017.01.10-12.37.55:474][  0]LogWindows:    2. 'NVIDIA GeForce GTX 1080' (P:0 D:0)
[2017.01.10-12.37.55:474][  0]LogWindows:    3. 'NVIDIA GeForce GTX 1080' (P:0 D:0)
[2017.01.10-12.37.55:474][  0]LogWindows: DebugString: FoundDriverCount:4 
[2017.01.10-12.37.55:474][  0]LogD3D11RHI:     Adapter Name: NVIDIA GeForce GTX 1080
[2017.01.10-12.37.55:474][  0]LogD3D11RHI:   Driver Version: 376.33 (internal:21.21.13.7633, unified:376.33)
[2017.01.10-12.37.55:474][  0]LogD3D11RHI:      Driver Date: 12-11-2016
[2017.01.10-12.37.55:474][  0]LogRHI: Texture pool is 1361 MB (70% of 1945 MB)
[2017.01.10-12.37.55:960][  0]LogD3D11RHI: Async texture creation enabled
[2017.01.10-12.37.55:998][  0]LogD3D11RHI: GPU Timing Frequency: 1000.000000 (Debug: 2 1)
[2017.01.10-12.37.55:998][  0]LogShaderCompilers: Guid format shader working directory is -3 characters bigger than the processId version (../../../../../../MP2/project_nomad/Project_Nomand/Intermediate/Shaders/WorkingDirectory/8272/).
[2017.01.10-12.37.55:998][  0]LogShaderCompilers: Cleaned the shader compiler working directory 'C:/Users/Dextex/AppData/Local/Temp/UnrealShaderWorkingDir/567B32034EE954DF4AB0C58F06B8D987/'.
[2017.01.10-12.37.55:998][  0]LogShaderCompilers:Display: Using Local Shader Compiler.
[2017.01.10-12.37.58:093][  0]LogTemp:Display: Loaded TP AllDesktopTargetPlatform
[2017.01.10-12.37.58:103][  0]LogTemp:Display: Loaded TP WindowsClientTargetPlatform
[2017.01.10-12.37.58:116][  0]LogTemp:Display: Loaded TP WindowsNoEditorTargetPlatform
[2017.01.10-12.37.58:129][  0]LogTemp:Display: Loaded TP WindowsServerTargetPlatform
[2017.01.10-12.37.58:138][  0]LogTemp:Display: Loaded TP WindowsTargetPlatform
[2017.01.10-12.37.58:155][  0]LogTemp:Display: Loaded TP AndroidTargetPlatform
[2017.01.10-12.37.58:163][  0]LogTemp:Display: Loaded TP Android_ASTCTargetPlatform
[2017.01.10-12.37.58:170][  0]LogTemp:Display: Loaded TP Android_ATCTargetPlatform
[2017.01.10-12.37.58:177][  0]LogTemp:Display: Loaded TP Android_DXTTargetPlatform
[2017.01.10-12.37.58:184][  0]LogTemp:Display: Loaded TP Android_ETC1TargetPlatform
[2017.01.10-12.37.58:191][  0]LogTemp:Display: Loaded TP Android_ETC2TargetPlatform
[2017.01.10-12.37.58:207][  0]LogTemp:Display: Loaded TP Android_MultiTargetPlatform
[2017.01.10-12.37.58:207][  0]LogTemp:Display: Loaded TP Android_PVRTCTargetPlatform
[2017.01.10-12.37.58:208][  0]LogTemp:Display: Loaded TP HTML5TargetPlatform
[2017.01.10-12.37.58:262][  0]LogTemp:Display: Loaded TP IOSTargetPlatform
[2017.01.10-12.37.58:269][  0]LogTemp:Display: Loaded TP TVOSTargetPlatform
[2017.01.10-12.37.58:276][  0]LogTemp:Display: Loaded TP LinuxNoEditorTargetPlatform
[2017.01.10-12.37.58:283][  0]LogTemp:Display: Loaded TP LinuxServerTargetPlatform
[2017.01.10-12.37.58:310][  0]LogTemp:Display: Loaded TP LinuxTargetPlatform
[2017.01.10-12.37.58:310][  0]LogTargetPlatformManager:Display: Building Assets For Windows
[2017.01.10-12.37.58:756][  0]LogDerivedDataCache:Display: Max Cache Size: 512 MB
[2017.01.10-12.37.58:953][  0]LogDerivedDataCache: Loaded boot cache 0.20s 48MB C:/Users/Dextex/AppData/Local/UnrealEngine/4.12/DerivedDataCache/Boot.ddc.
[2017.01.10-12.37.58:953][  0]LogDerivedDataCache:Display: Loaded Boot cache: C:/Users/Dextex/AppData/Local/UnrealEngine/4.12/DerivedDataCache/Boot.ddc
[2017.01.10-12.37.58:953][  0]LogDerivedDataCache: FDerivedDataBackendGraph:  Pak pak cache file ../../../../../../MP2/project_nomad/Project_Nomand/DerivedDataCache/DDC.ddp not found, will not use a pak cache.
[2017.01.10-12.37.58:953][  0]LogDerivedDataCache: Unable to find inner node Pak for hierarchical cache Hierarchy.
[2017.01.10-12.37.58:953][  0]LogDerivedDataCache: FDerivedDataBackendGraph:  CompressedPak pak cache file ../../../../../../MP2/project_nomad/Project_Nomand/DerivedDataCache/Compressed.ddp not found, will not use a pak cache.
[2017.01.10-12.37.58:953][  0]LogDerivedDataCache: Unable to find inner node CompressedPak for hierarchical cache Hierarchy.
[2017.01.10-12.37.58:968][  0]LogDerivedDataCache:Display: Pak cache opened for reading ../../../Engine/DerivedDataCache/Compressed.ddp.
[2017.01.10-12.37.58:981][  0]LogDerivedDataCache: Using Local data cache path C:/Users/Dextex/AppData/Local/UnrealEngine/Common/DerivedDataCache: Writable
[2017.01.10-12.38.03:405][  0]LogInit: Selected Device Profile: [Windows]
[2017.01.10-12.38.03:406][  0]LogContentStreaming: Texture pool size is 0.00 MB
[2017.01.10-12.38.03:556][  0]LogMeshUtilities: No automatic mesh reduction module available
[2017.01.10-12.38.03:556][  0]LogMeshUtilities: No automatic mesh merging module available
[2017.01.10-12.38.03:556][  0]LogMeshUtilities: No distributed automatic mesh merging module available
[2017.01.10-12.38.03:882][  0]LogAssetRegistry: FAssetRegistry took 0.0212 seconds to start up
[2017.01.10-12.38.03:898][  0]LogPackageLocalizationCache: Processed 3 localized package path(s) for 1 prioritized culture(s) in 0.012821 seconds
[2017.01.10-12.38.03:902][  0]LogUObjectArray: 28739 objects as part of root set at end of initial load.
[2017.01.10-12.38.03:903][  0]LogUObjectAllocator: 5855632 out of 0 bytes used by permanent object pool.
[2017.01.10-12.38.03:903][  0]LogUObjectArray: CloseDisregardForGC: 0/0 objects in disregard for GC pool
[2017.01.10-12.38.03:910][  0]LogInit: WinSock: version 1.1 (2.2), MaxSocks=32767, MaxUdp=65467
[2017.01.10-12.38.05:848][  0]LogSlate: SlateFontCache - WITH_FREETYPE: 1, WITH_HARFBUZZ: 1
[2017.01.10-12.38.05:848][  0]LogSlate: SlateFontCache - WITH_FREETYPE: 1, WITH_HARFBUZZ: 1
[2017.01.10-12.38.21:736][  0]LogUdpMessaging: Initializing bridge on interface 0.0.0.0:0 to multicast group 230.0.0.1:6666.
[2017.01.10-12.38.22:966][  0]SourceControl: Info Source control is disabled
[2017.01.10-12.38.24:374][  0]LogEngine: Initializing Engine...
[2017.01.10-12.38.24:412][  0]LogHMD: SteamVR failed to initialize.  Err: 100
[2017.01.10-12.38.24:413][  0]LogHMD: SteamVR failed to initialize.  Err: 100
[2017.01.10-12.38.24:974][  0]LogAIModule: Creating AISystem for world NewWorld
[2017.01.10-12.38.24:988][  0]LogInit: XAudio2 using 'Lautsprecher (SteelSeries Siberia 350)' : 2 channels at 44.1 kHz using 16 bits per sample (channel mask 0x3)
[2017.01.10-12.38.25:006][  0]LogInit: FAudioDevice initialized.
[2017.01.10-12.38.25:033][  0]LogDerivedDataCache: Saved boot cache 0.03s 48MB C:/Users/Dextex/AppData/Local/UnrealEngine/4.12/DerivedDataCache/Boot.ddc.
[2017.01.10-12.38.25:041][  0]LogInit: Texture streaming: Enabled
[2017.01.10-12.38.25:151][  0]LogInit: Transaction tracking system initialized
[2017.01.10-12.38.25:309][  0]BlueprintLog: New page: Editor Load
[2017.01.10-12.38.26:163][  0]LocalizationService: Info Localization service is disabled
[2017.01.10-12.38.26:654][  0]LogConsoleResponse:Display: 
[2017.01.10-12.38.28:666][  0]LogCook:Display: Max memory allowance for cook 8192mb
[2017.01.10-12.38.28:666][  0]LogCook:Display: Mobile HDR setting 1
[2017.01.10-12.38.29:334][  0]LogFileCache: Scanning file cache for directory 'G:/UNI/MP2/project_nomad/Project_Nomand/Content/' took 0.03s
[2017.01.10-12.38.30:621][  0]Cmd: MAP LOAD FILE="../../../../../../MP2/project_nomad/Project_Nomand/Content/Map/Map.umap" TEMPLATE=0 SHOWPROGRESS=1 FEATURELEVEL=3
[2017.01.10-12.38.30:698][  0]LightingResults: New page: Lighting Build
[2017.01.10-12.38.30:701][  0]MapCheck: New page: Map Check
[2017.01.10-12.38.30:701][  0]LightingResults: New page: Lighting Build
[2017.01.10-12.38.33:019][  0]LogAIModule: Creating AISystem for world Map
[2017.01.10-12.38.33:320][  0]LogEditorServer: Finished looking for orphan Actors (0.000 secs)
[2017.01.10-12.38.33:324][  0]Cmd: MAP CHECKDEP NOCLEARLOG
[2017.01.10-12.38.33:359][  0]MapCheck: Info Map check complete: 0 Error(s), 0 Warning(s), took 35.06ms to complete.
[2017.01.10-12.38.33:359][  0]LogFileHelpers: Loading map 'Map' took 2.739
[2017.01.10-12.38.34:318][  0]LogCollectionManager: Loaded 0 collections in 0.002874 seconds
[2017.01.10-12.38.34:365][  0]LogFileCache: Scanning file cache for directory 'G:/UNI/MP2/project_nomad/Project_Nomand/Saved/Collections/' took 0.01s
[2017.01.10-12.38.34:365][  0]LogFileCache: Scanning file cache for directory 'G:/UNI/MP2/project_nomad/Project_Nomand/Content/Developers/Dextex/Collections/' took 0.01s
[2017.01.10-12.38.34:365][  0]LogFileCache: Scanning file cache for directory 'G:/UNI/MP2/project_nomad/Project_Nomand/Content/Collections/' took 0.01s
[2017.01.10-12.38.34:365][  0]LogCollectionManager: Rebuilt the GUID cache for 0 collections in 0.000003 seconds
[2017.01.10-12.38.34:373][  0]LogContentBrowser: Native class hierarchy populated in 0.0081 seconds. Added 2047 classes and 369 folders.
[2017.01.10-12.38.34:406][  0]LogStats: UGameplayTagsManager::ConstructGameplayTagTree: Construct from data asset -  0.000 s
[2017.01.10-12.38.34:406][  0]LogStats: UGameplayTagsManager::ConstructGameplayTagTree: GameplayTagTreeChangedEvent.Broadcast -  0.000 s
[2017.01.10-12.38.34:406][  0]LogContentBrowser: Native class hierarchy updated for 'GameplayTags' in 0.0005 seconds. Added 12 classes and 0 folders.
[2017.01.10-12.38.34:412][  0]LogContentBrowser: Native class hierarchy updated for 'WidgetCarousel' in 0.0003 seconds. Added 0 classes and 0 folders.
[2017.01.10-12.38.35:845][  0]LogContentBrowser: Native class hierarchy updated for 'AddContentDialog' in 0.0005 seconds. Added 0 classes and 0 folders.
[2017.01.10-12.38.35:909][  0]LogContentBrowser: Native class hierarchy updated for 'SceneOutliner' in 0.0004 seconds. Added 1 classes and 2 folders.
[2017.01.10-12.38.36:008][  0]LogCrashTracker: Crashtracker disabled due to settings.
[2017.01.10-12.38.36:120][  0]LogUObjectGlobals:Warning: Failed to find object 'Class None.'
[2017.01.10-12.38.36:201][  0]LogContentBrowser: Native class hierarchy updated for 'HierarchicalLODOutliner' in 0.0004 seconds. Added 1 classes and 2 folders.
[2017.01.10-12.38.36:202][  0]LogLoad: Full Startup: 42.82 seconds (BP compile: 0.24 seconds)
[2017.01.10-12.38.36:202][  0]LogExternalProfiler: No external profilers were discovered.  External profiling features will not be available.
[2017.01.10-12.38.36:567][  0]LogOcInput: OculusInput pre-init called
[2017.01.10-12.38.36:663][  0]LogContentStreaming: Texture pool size now 1000 MB
[2017.01.10-12.38.36:972][  0]LogRenderer: Reallocating scene render targets to support 1208x556 (Frame:2).
[2017.01.10-12.38.37:130][  1]Cmd: UpdateLandscapeEditorData -warnings
[2017.01.10-12.38.37:517][  2]LogAssetRegistry: Asset discovery search completed in 33.6569 seconds
[2017.01.10-12.38.37:517][  2]LogCollectionManager: Rebuilt the object cache for 0 collections in 0.000001 seconds (found 0 objects)
[2017.01.10-12.38.37:524][  2]LogCollectionManager: Fixed up redirectors for 0 collections in 0.005542 seconds (updated 0 objects)
[2017.01.10-12.39.02:385][468]LogContentBrowser: Native class hierarchy updated for 'BlueprintGraph' in 0.0007 seconds. Added 111 classes and 0 folders.
[2017.01.10-12.39.27:397][231]BlueprintLog: New page: Compile HUD_Bars
[2017.01.10-12.39.27:409][231]LogBlueprint:Warning: [Character_Controller] CreatePinForVariable: 'InventoryMenu' variable not found. Base class was probably changed.
[2017.01.10-12.39.27:425][231]LogBlueprint:Error: Compiler Error Could not find a function named "RefreshIventory" in 'HUD_Bars_C'.
Make sure 'HUD_Bars_C' has been compiled for  Refresh Iventory 
[2017.01.10-12.39.27:441][231]LogBlueprint:Warning: Compiler Warning Could not find a variable named "InventoryMenu" in 'HUD_Bars_C'.
Make sure 'HUD_Bars_C' has been compiled for  Get InventoryMenu 
[2017.01.10-12.39.27:467][231]LogBlueprint:Error: Compiler Error The property associated with  Inventory Menu  could not be found
[2017.01.10-12.39.27:743][231]BlueprintEditorCompileResults: Info [0094.36] Compile of HUD_Bars successful! [in 345 ms] (/Game/HUD/HUD_Bars.HUD_Bars)
[2017.01.10-12.39.52:375][821]BlueprintLog: New page: Compile HUD_Bars
[2017.01.10-12.39.52:383][821]LogBlueprint:Warning: [Character_Controller] CreatePinForVariable: 'InventoryActive' variable not found. Base class was probably changed.
[2017.01.10-12.39.52:383][821]LogBlueprint:Warning: [Character_Controller] CreatePinForVariable: 'InventoryMenu' variable not found. Base class was probably changed.
[2017.01.10-12.39.52:383][821]LogBlueprint:Warning: [Character_Controller] CreatePinForVariable: 'Inventory' variable not found. Base class was probably changed.
[2017.01.10-12.39.52:384][821]LogBlueprint:Warning: [CanPickup] CreatePinForVariable: 'Inventory' variable not found. Base class was probably changed.
[2017.01.10-12.39.52:413][821]LogBlueprint:Warning: Compiler Warning Could not find a variable named "Inventory" in 'HUD_Bars_C'.
Make sure 'HUD_Bars_C' has been compiled for  Get Inventory 
[2017.01.10-12.39.52:413][821]LogBlueprint:Warning: Compiler Warning Could not find a variable named "InventoryMenu" in 'HUD_Bars_C'.
Make sure 'HUD_Bars_C' has been compiled for  Get InventoryMenu 
[2017.01.10-12.39.52:413][821]LogBlueprint:Warning: Compiler Warning Could not find a variable named "InventoryActive" in 'HUD_Bars_C'.
Make sure 'HUD_Bars_C' has been compiled for  Get InventoryActive 
[2017.01.10-12.39.52:416][821]LogBlueprint:Error: Compiler Error The property associated with  Inventory Menu  could not be found
[2017.01.10-12.39.52:416][821]LogBlueprint:Error: Compiler Error The property associated with  Inventory Active  could not be found
[2017.01.10-12.39.52:416][821]LogBlueprint:Error: Compiler Error The property associated with  Inventory  could not be found
[2017.01.10-12.39.52:445][821]LogBlueprint:Warning: Compiler Warning Could not find a variable named "Inventory" in 'HUD_Bars_C'.
Make sure 'HUD_Bars_C' has been compiled for  Get Inventory 
[2017.01.10-12.39.52:446][821]LogBlueprint:Error: Compiler Error Could not find a function named "RefreshIventory" in 'HUD_Bars_C'.
Make sure 'HUD_Bars_C' has been compiled for  Refresh Iventory 
[2017.01.10-12.39.52:446][821]LogBlueprint:Error: Compiler Error The property associated with  Inventory  could not be found
[2017.01.10-12.39.52:456][821]LogBlueprint:Warning: [Character_Controller] CreatePinForVariable: 'InventoryActive' variable not found. Base class was probably changed.
[2017.01.10-12.39.52:456][821]LogBlueprint:Warning: [Character_Controller] CreatePinForVariable: 'InventoryMenu' variable not found. Base class was probably changed.
[2017.01.10-12.39.52:456][821]LogBlueprint:Warning: [Character_Controller] CreatePinForVariable: 'Inventory' variable not found. Base class was probably changed.
[2017.01.10-12.39.52:457][821]LogBlueprint:Warning: [CanPickup] CreatePinForVariable: 'Inventory' variable not found. Base class was probably changed.
[2017.01.10-12.39.52:730][821]BlueprintEditorCompileResults: Info [0119.35] Compile of HUD_Bars successful! [in 354 ms] (/Game/HUD/HUD_Bars.HUD_Bars)
[2017.01.10-12.40.11:362][367]LogObjectTools:Warning: ForceReplaceReferences replaced references for a transient object 'DEADCLASS_PickupText_C_0' or package '/Engine/Transient'.
[2017.01.10-12.40.11:362][367]LogObjectTools:Warning: ForceReplaceReferences replaced references for a transient object 'DEADCLASS_PickupText_C_1' or package '/Engine/Transient'.
[2017.01.10-12.40.11:363][367]LogObjectTools:Warning: ForceReplaceReferences replaced references for a transient object 'PickupTextWidget' or package '/Game/HUD/CanPickup'.
[2017.01.10-12.40.11:363][367]LogObjectTools:Warning: ForceReplaceReferences replaced references for a transient object 'REINST_SKEL_PickupText_C_32' or package '/Engine/Transient'.
[2017.01.10-12.40.11:363][367]LogObjectTools:Warning: ForceReplaceReferences replaced references for a transient object 'REINST_PickupText_C_31' or package '/Engine/Transient'.
[2017.01.10-12.40.14:493][531]LogObjectTools:Warning: ForceReplaceReferences replaced references for a transient object 'DEADCLASS_CanPickup_C_2' or package '/Engine/Transient'.
[2017.01.10-12.40.14:493][531]LogObjectTools:Warning: ForceReplaceReferences replaced references for a transient object 'DEADCLASS_CanPickup_C_3' or package '/Engine/Transient'.
[2017.01.10-12.40.14:493][531]LogObjectTools:Warning: ForceReplaceReferences replaced references for a transient object 'REINST_SKEL_CanPickup_C_121' or package '/Engine/Transient'.
[2017.01.10-12.40.14:493][531]LogObjectTools:Warning: ForceReplaceReferences replaced references for a transient object 'REINST_CanPickup_C_120' or package '/Engine/Transient'.
[2017.01.10-12.40.18:362][829]LogObjectTools:Warning: ForceReplaceReferences replaced references for a transient object 'DEADCLASS_Actioninterface_C_5' or package '/Engine/Transient'.
[2017.01.10-12.40.18:362][829]LogObjectTools:Warning: ForceReplaceReferences replaced references for a transient object 'DEADCLASS_Actioninterface_C_4' or package '/Engine/Transient'.
[2017.01.10-12.40.18:376][829]LogObjectTools:Warning: ForceReplaceReferences replaced references for a transient object 'SKEL_HUD_Bars_C' or package '/Game/HUD/HUD_Bars'.
[2017.01.10-12.40.18:376][829]LogObjectTools:Warning: ForceReplaceReferences replaced references for a transient object 'SKEL_Character_Controller_C' or package '/Game/Character/Blueprint/Character_Controller'.
[2017.01.10-12.40.18:376][829]LogObjectTools:Warning: ForceReplaceReferences replaced references for a transient object 'K2Node_Message_7' or package '/Game/HUD/HUD_Bars'.
[2017.01.10-12.40.18:376][829]LogObjectTools:Warning: ForceReplaceReferences replaced references for a transient object 'K2Node_Message_6' or package '/Game/HUD/HUD_Bars'.
[2017.01.10-12.40.18:376][829]LogObjectTools:Warning: ForceReplaceReferences replaced references for a transient object 'K2Node_Event_10' or package '/Game/HUD/HUD_Bars'.
[2017.01.10-12.40.18:376][829]LogObjectTools:Warning: ForceReplaceReferences replaced references for a transient object 'EdGraphPin_554' or package '/Game/HUD/HUD_Bars'.
[2017.01.10-12.40.18:376][829]LogObjectTools:Warning: ForceReplaceReferences replaced references for a transient object 'K2Node_Event_11' or package '/Game/HUD/HUD_Bars'.
[2017.01.10-12.40.18:376][829]LogObjectTools:Warning: ForceReplaceReferences replaced references for a transient object 'EdGraphPin_557' or package '/Game/HUD/HUD_Bars'.
[2017.01.10-12.40.18:376][829]LogObjectTools:Warning: ForceReplaceReferences replaced references for a transient object 'K2Node_FunctionEntry_38' or package '/Engine/Transient'.
[2017.01.10-12.40.18:376][829]LogObjectTools:Warning: ForceReplaceReferences replaced references for a transient object 'K2Node_FunctionEntry_39' or package '/Engine/Transient'.
[2017.01.10-12.40.18:376][829]LogObjectTools:Warning: ForceReplaceReferences replaced references for a transient object 'K2Node_Message_9' or package '/Game/HUD/HUD_Bars'.
[2017.01.10-12.40.18:376][829]LogObjectTools:Warning: ForceReplaceReferences replaced references for a transient object 'K2Node_Message_8' or package '/Game/HUD/HUD_Bars'.
[2017.01.10-12.40.18:376][829]LogObjectTools:Warning: ForceReplaceReferences replaced references for a transient object 'K2Node_Event_13' or package '/Game/HUD/HUD_Bars'.
[2017.01.10-12.40.18:376][829]LogObjectTools:Warning: ForceReplaceReferences replaced references for a transient object 'EdGraphPin_614' or package '/Game/HUD/HUD_Bars'.
[2017.01.10-12.40.18:376][829]LogObjectTools:Warning: ForceReplaceReferences replaced references for a transient object 'K2Node_Event_14' or package '/Game/HUD/HUD_Bars'.
[2017.01.10-12.40.18:376][829]LogObjectTools:Warning: ForceReplaceReferences replaced references for a transient object 'EdGraphPin_617' or package '/Game/HUD/HUD_Bars'.
[2017.01.10-12.40.18:376][829]LogObjectTools:Warning: ForceReplaceReferences replaced references for a transient object 'K2Node_FunctionEntry_48' or package '/Engine/Transient'.
[2017.01.10-12.40.18:376][829]LogObjectTools:Warning: ForceReplaceReferences replaced references for a transient object 'K2Node_FunctionEntry_49' or package '/Engine/Transient'.
[2017.01.10-12.40.18:376][829]LogObjectTools:Warning: ForceReplaceReferences replaced references for a transient object 'K2Node_Message_11' or package '/Game/HUD/HUD_Bars'.
[2017.01.10-12.40.18:376][829]LogObjectTools:Warning: ForceReplaceReferences replaced references for a transient object 'K2Node_Message_10' or package '/Game/HUD/HUD_Bars'.
[2017.01.10-12.40.18:376][829]LogObjectTools:Warning: ForceReplaceReferences replaced references for a transient object 'K2Node_Event_16' or package '/Game/HUD/HUD_Bars'.
[2017.01.10-12.40.18:376][829]LogObjectTools:Warning: ForceReplaceReferences replaced references for a transient object 'EdGraphPin_674' or package '/Game/HUD/HUD_Bars'.
[2017.01.10-12.40.18:376][829]LogObjectTools:Warning: ForceReplaceReferences replaced references for a transient object 'K2Node_Event_17' or package '/Game/HUD/HUD_Bars'.
[2017.01.10-12.40.18:377][829]LogObjectTools:Warning: ForceReplaceReferences replaced references for a transient object 'EdGraphPin_677' or package '/Game/HUD/HUD_Bars'.
[2017.01.10-12.40.18:377][829]LogObjectTools:Warning: ForceReplaceReferences replaced references for a transient object 'K2Node_FunctionEntry_58' or package '/Engine/Transient'.
[2017.01.10-12.40.18:377][829]LogObjectTools:Warning: ForceReplaceReferences replaced references for a transient object 'K2Node_FunctionEntry_59' or package '/Engine/Transient'.
[2017.01.10-12.40.18:377][829]LogObjectTools:Warning: ForceReplaceReferences replaced references for a transient object 'K2Node_Message_13' or package '/Game/HUD/HUD_Bars'.
[2017.01.10-12.40.18:377][829]LogObjectTools:Warning: ForceReplaceReferences replaced references for a transient object 'K2Node_Message_12' or package '/Game/HUD/HUD_Bars'.
[2017.01.10-12.40.18:377][829]LogObjectTools:Warning: ForceReplaceReferences replaced references for a transient object 'K2Node_Event_19' or package '/Game/HUD/HUD_Bars'.
[2017.01.10-12.40.18:377][829]LogObjectTools:Warning: ForceReplaceReferences replaced references for a transient object 'EdGraphPin_734' or package '/Game/HUD/HUD_Bars'.
[2017.01.10-12.40.18:377][829]LogObjectTools:Warning: ForceReplaceReferences replaced references for a transient object 'K2Node_Event_20' or package '/Game/HUD/HUD_Bars'.
[2017.01.10-12.40.18:377][829]LogObjectTools:Warning: ForceReplaceReferences replaced references for a transient object 'EdGraphPin_737' or package '/Game/HUD/HUD_Bars'.
[2017.01.10-12.40.18:377][829]LogObjectTools:Warning: ForceReplaceReferences replaced references for a transient object 'K2Node_FunctionEntry_68' or package '/Engine/Transient'.
[2017.01.10-12.40.18:377][829]LogObjectTools:Warning: ForceReplaceReferences replaced references for a transient object 'K2Node_FunctionEntry_69' or package '/Engine/Transient'.
[2017.01.10-12.40.18:377][829]LogObjectTools:Warning: ForceReplaceReferences replaced references for a transient object 'K2Node_FunctionEntry_197' or package '/Game/HUD/HUD_Bars'.
[2017.01.10-12.40.18:377][829]LogObjectTools:Warning: ForceReplaceReferences replaced references for a transient object 'K2Node_FunctionEntry_196' or package '/Game/HUD/HUD_Bars'.
[2017.01.10-12.40.18:377][829]LogObjectTools:Warning: ForceReplaceReferences replaced references for a transient object 'EdGraphPin_1615' or package '/Game/HUD/HUD_Bars'.
[2017.01.10-12.40.18:377][829]LogObjectTools:Warning: ForceReplaceReferences replaced references for a transient object 'K2Node_Event_77' or package '/Game/HUD/HUD_Bars'.
[2017.01.10-12.40.18:377][829]LogObjectTools:Warning: ForceReplaceReferences replaced references for a transient object 'EdGraphPin_1612' or package '/Game/HUD/HUD_Bars'.
[2017.01.10-12.40.18:377][829]LogObjectTools:Warning: ForceReplaceReferences replaced references for a transient object 'K2Node_Event_76' or package '/Game/HUD/HUD_Bars'.
[2017.01.10-12.40.18:377][829]LogObjectTools:Warning: ForceReplaceReferences replaced references for a transient object 'K2Node_Message_15' or package '/Game/HUD/HUD_Bars'.
[2017.01.10-12.40.18:377][829]LogObjectTools:Warning: ForceReplaceReferences replaced references for a transient object 'K2Node_Message_14' or package '/Game/HUD/HUD_Bars'.
[2017.01.10-12.40.18:377][829]LogObjectTools:Warning: ForceReplaceReferences replaced references for a transient object 'K2Node_Event_22' or package '/Game/HUD/HUD_Bars'.
[2017.01.10-12.40.18:377][829]LogObjectTools:Warning: ForceReplaceReferences replaced references for a transient object 'EdGraphPin_794' or package '/Game/HUD/HUD_Bars'.
[2017.01.10-12.40.18:377][829]LogObjectTools:Warning: ForceReplaceReferences replaced references for a transient object 'K2Node_Event_23' or package '/Game/HUD/HUD_Bars'.
[2017.01.10-12.40.18:377][829]LogObjectTools:Warning: ForceReplaceReferences replaced references for a transient object 'EdGraphPin_797' or package '/Game/HUD/HUD_Bars'.
[2017.01.10-12.40.18:377][829]LogObjectTools:Warning: ForceReplaceReferences replaced references for a transient object 'K2Node_FunctionEntry_78' or package '/Engine/Transient'.
[2017.01.10-12.40.18:377][829]LogObjectTools:Warning: ForceReplaceReferences replaced references for a transient object 'K2Node_FunctionEntry_79' or package '/Engine/Transient'.
[2017.01.10-12.40.18:377][829]LogObjectTools:Warning: ForceReplaceReferences replaced references for a transient object 'K2Node_Message_17' or package '/Game/HUD/HUD_Bars'.
[2017.01.10-12.40.18:377][829]LogObjectTools:Warning: ForceReplaceReferences replaced references for a transient object 'K2Node_Message_16' or package '/Game/HUD/HUD_Bars'.
[2017.01.10-12.40.18:377][829]LogObjectTools:Warning: ForceReplaceReferences replaced references for a transient object 'K2Node_Event_25' or package '/Game/HUD/HUD_Bars'.
[2017.01.10-12.40.18:377][829]LogObjectTools:Warning: ForceReplaceReferences replaced references for a transient object 'EdGraphPin_854' or package '/Game/HUD/HUD_Bars'.
[2017.01.10-12.40.18:377][829]LogObjectTools:Warning: ForceReplaceReferences replaced references for a transient object 'K2Node_Event_26' or package '/Game/HUD/HUD_Bars'.
[2017.01.10-12.40.18:377][829]LogObjectTools:Warning: ForceReplaceReferences replaced references for a transient object 'EdGraphPin_857' or package '/Game/HUD/HUD_Bars'.
[2017.01.10-12.40.18:377][829]LogObjectTools:Warning: ForceReplaceReferences replaced references for a transient object 'K2Node_FunctionEntry_88' or package '/Engine/Transient'.
[2017.01.10-12.40.18:378][829]LogObjectTools:Warning: ForceReplaceReferences replaced references for a transient object 'K2Node_FunctionEntry_89' or package '/Engine/Transient'.
[2017.01.10-12.40.18:378][829]LogObjectTools:Warning: ForceReplaceReferences replaced references for a transient object 'K2Node_Message_19' or package '/Game/HUD/HUD_Bars'.
[2017.01.10-12.40.18:378][829]LogObjectTools:Warning: ForceReplaceReferences replaced references for a transient object 'K2Node_Message_18' or package '/Game/HUD/HUD_Bars'.
[2017.01.10-12.40.18:378][829]LogObjectTools:Warning: ForceReplaceReferences replaced references for a transient object 'K2Node_Event_28' or package '/Game/HUD/HUD_Bars'.
[2017.01.10-12.40.18:378][829]LogObjectTools:Warning: ForceReplaceReferences replaced references for a transient object 'EdGraphPin_914' or package '/Game/HUD/HUD_Bars'.
[2017.01.10-12.40.18:378][829]LogObjectTools:Warning: ForceReplaceReferences replaced references for a transient object 'K2Node_Event_29' or package '/Game/HUD/HUD_Bars'.
[2017.01.10-12.40.18:378][829]LogObjectTools:Warning: ForceReplaceReferences replaced references for a transient object 'EdGraphPin_917' or package '/Game/HUD/HUD_Bars'.
[2017.01.10-12.40.18:378][829]LogObjectTools:Warning: ForceReplaceReferences replaced references for a transient object 'K2Node_FunctionEntry_98' or package '/Engine/Transient'.
[2017.01.10-12.40.18:378][829]LogObjectTools:Warning: ForceReplaceReferences replaced references for a transient object 'K2Node_FunctionEntry_99' or package '/Engine/Transient'.
[2017.01.10-12.40.18:378][829]LogObjectTools:Warning: ForceReplaceReferences replaced references for a transient object 'K2Node_Message_21' or package '/Game/HUD/HUD_Bars'.
[2017.01.10-12.40.18:378][829]LogObjectTools:Warning: ForceReplaceReferences replaced references for a transient object 'K2Node_Message_20' or package '/Game/HUD/HUD_Bars'.
[2017.01.10-12.40.18:378][829]LogObjectTools:Warning: ForceReplaceReferences replaced references for a transient object 'K2Node_Event_31' or package '/Game/HUD/HUD_Bars'.
[2017.01.10-12.40.18:378][829]LogObjectTools:Warning: ForceReplaceReferences replaced references for a transient object 'EdGraphPin_974' or package '/Game/HUD/HUD_Bars'.
[2017.01.10-12.40.18:378][829]LogObjectTools:Warning: ForceReplaceReferences replaced references for a transient object 'K2Node_Event_32' or package '/Game/HUD/HUD_Bars'.
[2017.01.10-12.40.18:378][829]LogObjectTools:Warning: ForceReplaceReferences replaced references for a transient object 'EdGraphPin_977' or package '/Game/HUD/HUD_Bars'.
[2017.01.10-12.40.18:378][829]LogObjectTools:Warning: ForceReplaceReferences replaced references for a transient object 'K2Node_FunctionEntry_108' or package '/Engine/Transient'.
[2017.01.10-12.40.18:378][829]LogObjectTools:Warning: ForceReplaceReferences replaced references for a transient object 'K2Node_FunctionEntry_109' or package '/Engine/Transient'.
[2017.01.10-12.40.18:378][829]LogObjectTools:Warning: ForceReplaceReferences replaced references for a transient object 'K2Node_Message_23' or package '/Game/HUD/HUD_Bars'.
[2017.01.10-12.40.18:378][829]LogObjectTools:Warning: ForceReplaceReferences replaced references for a transient object 'K2Node_Message_22' or package '/Game/HUD/HUD_Bars'.
[2017.01.10-12.40.18:378][829]LogObjectTools:Warning: ForceReplaceReferences replaced references for a transient object 'K2Node_Event_34' or package '/Game/HUD/HUD_Bars'.
[2017.01.10-12.40.18:378][829]LogObjectTools:Warning: ForceReplaceReferences replaced references for a transient object 'EdGraphPin_1034' or package '/Game/HUD/HUD_Bars'.
[2017.01.10-12.40.18:378][829]LogObjectTools:Warning: ForceReplaceReferences replaced references for a transient object 'K2Node_Event_35' or package '/Game/HUD/HUD_Bars'.
[2017.01.10-12.40.18:378][829]LogObjectTools:Warning: ForceReplaceReferences replaced references for a transient object 'EdGraphPin_1037' or package '/Game/HUD/HUD_Bars'.
[2017.01.10-12.40.18:378][829]LogObjectTools:Warning: ForceReplaceReferences replaced references for a transient object 'K2Node_FunctionEntry_118' or package '/Engine/Transient'.
[2017.01.10-12.40.18:378][829]LogObjectTools:Warning: ForceReplaceReferences replaced references for a transient object 'K2Node_FunctionEntry_119' or package '/Engine/Transient'.
[2017.01.10-12.40.18:378][829]LogObjectTools:Warning: ForceReplaceReferences replaced references for a transient object 'K2Node_Message_25' or package '/Game/HUD/HUD_Bars'.
[2017.01.10-12.40.18:378][829]LogObjectTools:Warning: ForceReplaceReferences replaced references for a transient object 'K2Node_Message_24' or package '/Game/HUD/HUD_Bars'.
[2017.01.10-12.40.18:378][829]LogObjectTools:Warning: ForceReplaceReferences replaced references for a transient object 'K2Node_Event_37' or package '/Game/HUD/HUD_Bars'.
[2017.01.10-12.40.18:378][829]LogObjectTools:Warning: ForceReplaceReferences replaced references for a transient object 'EdGraphPin_1094' or package '/Game/HUD/HUD_Bars'.
[2017.01.10-12.40.18:378][829]LogObjectTools:Warning: ForceReplaceReferences replaced references for a transient object 'K2Node_Event_38' or package '/Game/HUD/HUD_Bars'.
[2017.01.10-12.40.18:378][829]LogObjectTools:Warning: ForceReplaceReferences replaced references for a transient object 'EdGraphPin_1097' or package '/Game/HUD/HUD_Bars'.
[2017.01.10-12.40.18:378][829]LogObjectTools:Warning: ForceReplaceReferences replaced references for a transient object 'K2Node_FunctionEntry_128' or package '/Engine/Transient'.
[2017.01.10-12.40.18:378][829]LogObjectTools:Warning: ForceReplaceReferences replaced references for a transient object 'K2Node_FunctionEntry_129' or package '/Engine/Transient'.
[2017.01.10-12.40.18:379][829]LogObjectTools:Warning: ForceReplaceReferences replaced references for a transient object 'K2Node_Message_27' or package '/Game/HUD/HUD_Bars'.
[2017.01.10-12.40.18:379][829]LogObjectTools:Warning: ForceReplaceReferences replaced references for a transient object 'K2Node_Message_26' or package '/Game/HUD/HUD_Bars'.
[2017.01.10-12.40.18:379][829]LogObjectTools:Warning: ForceReplaceReferences replaced references for a transient object 'K2Node_Event_40' or package '/Game/HUD/HUD_Bars'.
[2017.01.10-12.40.18:379][829]LogObjectTools:Warning: ForceReplaceReferences replaced references for a transient object 'EdGraphPin_1154' or package '/Game/HUD/HUD_Bars'.
[2017.01.10-12.40.18:379][829]LogObjectTools:Warning: ForceReplaceReferences replaced references for a transient object 'K2Node_Event_41' or package '/Game/HUD/HUD_Bars'.
[2017.01.10-12.40.18:379][829]LogObjectTools:Warning: ForceReplaceReferences replaced references for a transient object 'EdGraphPin_1157' or package '/Game/HUD/HUD_Bars'.
[2017.01.10-12.40.18:379][829]LogObjectTools:Warning: ForceReplaceReferences replaced references for a transient object 'K2Node_FunctionEntry_138' or package '/Engine/Transient'.
[2017.01.10-12.40.18:379][829]LogObjectTools:Warning: ForceReplaceReferences replaced references for a transient object 'K2Node_FunctionEntry_139' or package '/Engine/Transient'.
[2017.01.10-12.40.18:379][829]LogObjectTools:Warning: ForceReplaceReferences replaced references for a transient object 'REINST_SKEL_Actioninterface_C_123' or package '/Engine/Transient'.
[2017.01.10-12.40.18:379][829]LogObjectTools:Warning: ForceReplaceReferences replaced references for a transient object 'REINST_Actioninterface_C_122' or package '/Engine/Transient'.
[2017.01.10-12.40.18:379][829]LogObjectTools:Warning: ForceReplaceReferences replaced references for a transient object 'K2Node_Message_29' or package '/Game/HUD/HUD_Bars'.
[2017.01.10-12.40.18:379][829]LogObjectTools:Warning: ForceReplaceReferences replaced references for a transient object 'K2Node_Message_28' or package '/Game/HUD/HUD_Bars'.
[2017.01.10-12.40.18:379][829]LogObjectTools:Warning: ForceReplaceReferences replaced references for a transient object 'K2Node_Event_43' or package '/Game/HUD/HUD_Bars'.
[2017.01.10-12.40.18:379][829]LogObjectTools:Warning: ForceReplaceReferences replaced references for a transient object 'EdGraphPin_1214' or package '/Game/HUD/HUD_Bars'.
[2017.01.10-12.40.18:379][829]LogObjectTools:Warning: ForceReplaceReferences replaced references for a transient object 'K2Node_Event_44' or package '/Game/HUD/HUD_Bars'.
[2017.01.10-12.40.18:379][829]LogObjectTools:Warning: ForceReplaceReferences replaced references for a transient object 'EdGraphPin_1217' or package '/Game/HUD/HUD_Bars'.
[2017.01.10-12.40.18:379][829]LogObjectTools:Warning: ForceReplaceReferences replaced references for a transient object 'K2Node_FunctionEntry_147' or package '/Engine/Transient'.
[2017.01.10-12.40.18:379][829]LogObjectTools:Warning: ForceReplaceReferences replaced references for a transient object 'K2Node_FunctionEntry_148' or package '/Engine/Transient'.
[2017.01.10-12.40.18:379][829]LogObjectTools:Warning: ForceReplaceReferences replaced references for a transient object 'K2Node_FunctionEntry_88' or package '/Game/Character/Blueprint/Character_Controller'.
[2017.01.10-12.40.18:379][829]LogObjectTools:Warning: ForceReplaceReferences replaced references for a transient object 'K2Node_FunctionEntry_83' or package '/Game/Character/Blueprint/Character_Controller'.
[2017.01.10-12.40.18:379][829]LogObjectTools:Warning: ForceReplaceReferences replaced references for a transient object 'K2Node_Message_31' or package '/Game/HUD/HUD_Bars'.
[2017.01.10-12.40.18:379][829]LogObjectTools:Warning: ForceReplaceReferences replaced references for a transient object 'K2Node_Message_30' or package '/Game/HUD/HUD_Bars'.
[2017.01.10-12.40.18:379][829]LogObjectTools:Warning: ForceReplaceReferences replaced references for a transient object 'K2Node_Event_46' or package '/Game/HUD/HUD_Bars'.
[2017.01.10-12.40.18:379][829]LogObjectTools:Warning: ForceReplaceReferences replaced references for a transient object 'EdGraphPin_1311' or package '/Game/HUD/HUD_Bars'.
[2017.01.10-12.40.18:379][829]LogObjectTools:Warning: ForceReplaceReferences replaced references for a transient object 'K2Node_Event_47' or package '/Game/HUD/HUD_Bars'.
[2017.01.10-12.40.18:379][829]LogObjectTools:Warning: ForceReplaceReferences replaced references for a transient object 'EdGraphPin_1314' or package '/Game/HUD/HUD_Bars'.
[2017.01.10-12.40.18:379][829]LogObjectTools:Warning: ForceReplaceReferences replaced references for a transient object 'K2Node_FunctionEntry_156' or package '/Engine/Transient'.
[2017.01.10-12.40.18:379][829]LogObjectTools:Warning: ForceReplaceReferences replaced references for a transient object 'K2Node_FunctionEntry_157' or package '/Engine/Transient'.
[2017.01.10-12.40.18:379][829]LogObjectTools:Warning: ForceReplaceReferences replaced references for a transient object 'K2Node_Event_49' or package '/Game/HUD/HUD_Bars'.
[2017.01.10-12.40.18:379][829]LogObjectTools:Warning: ForceReplaceReferences replaced references for a transient object 'EdGraphPin_1366' or package '/Game/HUD/HUD_Bars'.
[2017.01.10-12.40.18:379][829]LogObjectTools:Warning: ForceReplaceReferences replaced references for a transient object 'K2Node_Event_50' or package '/Game/HUD/HUD_Bars'.
[2017.01.10-12.40.18:379][829]LogObjectTools:Warning: ForceReplaceReferences replaced references for a transient object 'EdGraphPin_1369' or package '/Game/HUD/HUD_Bars'.
[2017.01.10-12.40.18:379][829]LogObjectTools:Warning: ForceReplaceReferences replaced references for a transient object 'K2Node_FunctionEntry_160' or package '/Engine/Transient'.
[2017.01.10-12.40.18:380][829]LogObjectTools:Warning: ForceReplaceReferences replaced references for a transient object 'K2Node_FunctionEntry_161' or package '/Engine/Transient'.
[2017.01.10-12.40.18:380][829]LogObjectTools:Warning: ForceReplaceReferences replaced references for a transient object 'REINST_HUD_Bars_C_22' or package '/Engine/Transient'.
[2017.01.10-12.40.18:380][829]LogObjectTools:Warning: ForceReplaceReferences replaced references for a transient object 'K2Node_DynamicCast_AsActioninterface' or package '/Engine/Transient'.
[2017.01.10-12.40.18:380][829]LogObjectTools:Warning: ForceReplaceReferences replaced references for a transient object 'K2Node_DynamicCast_AsActioninterface2' or package '/Engine/Transient'.
[2017.01.10-12.40.18:380][829]LogObjectTools:Warning: ForceReplaceReferences replaced references for a transient object 'K2Node_FunctionEntry_168' or package '/Engine/Transient'.
[2017.01.10-12.40.18:380][829]LogObjectTools:Warning: ForceReplaceReferences replaced references for a transient object 'K2Node_FunctionEntry_169' or package '/Engine/Transient'.
[2017.01.10-12.40.18:380][829]LogObjectTools:Warning: ForceReplaceReferences replaced references for a transient object 'REINST_HUD_Bars_C_28' or package '/Engine/Transient'.
[2017.01.10-12.40.18:380][829]LogObjectTools:Warning: ForceReplaceReferences replaced references for a transient object 'K2Node_FunctionEntry_185' or package '/Engine/Transient'.
[2017.01.10-12.40.18:380][829]LogObjectTools:Warning: ForceReplaceReferences replaced references for a transient object 'K2Node_FunctionEntry_184' or package '/Engine/Transient'.
[2017.01.10-12.40.18:380][829]LogObjectTools:Warning: ForceReplaceReferences replaced references for a transient object 'EdGraphPin_1531' or package '/Game/HUD/HUD_Bars'.
[2017.01.10-12.40.18:380][829]LogObjectTools:Warning: ForceReplaceReferences replaced references for a transient object 'K2Node_Event_68' or package '/Game/HUD/HUD_Bars'.
[2017.01.10-12.40.18:380][829]LogObjectTools:Warning: ForceReplaceReferences replaced references for a transient object 'EdGraphPin_1528' or package '/Game/HUD/HUD_Bars'.
[2017.01.10-12.40.18:380][829]LogObjectTools:Warning: ForceReplaceReferences replaced references for a transient object 'K2Node_Event_67' or package '/Game/HUD/HUD_Bars'.
[2017.01.10-12.40.18:380][829]LogObjectTools:Warning: ForceReplaceReferences replaced references for a transient object 'K2Node_FunctionEntry_181' or package '/Engine/Transient'.
[2017.01.10-12.40.18:380][829]LogObjectTools:Warning: ForceReplaceReferences replaced references for a transient object 'K2Node_FunctionEntry_180' or package '/Engine/Transient'.
[2017.01.10-12.40.18:380][829]LogObjectTools:Warning: ForceReplaceReferences replaced references for a transient object 'EdGraphPin_1505' or package '/Game/HUD/HUD_Bars'.
[2017.01.10-12.40.18:380][829]LogObjectTools:Warning: ForceReplaceReferences replaced references for a transient object 'K2Node_Event_65' or package '/Game/HUD/HUD_Bars'.
[2017.01.10-12.40.18:380][829]LogObjectTools:Warning: ForceReplaceReferences replaced references for a transient object 'EdGraphPin_1502' or package '/Game/HUD/HUD_Bars'.
[2017.01.10-12.40.18:380][829]LogObjectTools:Warning: ForceReplaceReferences replaced references for a transient object 'K2Node_Event_64' or package '/Game/HUD/HUD_Bars'.
[2017.01.10-12.40.18:380][829]LogObjectTools:Warning: ForceReplaceReferences replaced references for a transient object 'K2Node_FunctionEntry_177' or package '/Engine/Transient'.
[2017.01.10-12.40.18:380][829]LogObjectTools:Warning: ForceReplaceReferences replaced references for a transient object 'K2Node_FunctionEntry_176' or package '/Engine/Transient'.
[2017.01.10-12.40.18:380][829]LogObjectTools:Warning: ForceReplaceReferences replaced references for a transient object 'EdGraphPin_1479' or package '/Game/HUD/HUD_Bars'.
[2017.01.10-12.40.18:380][829]LogObjectTools:Warning: ForceReplaceReferences replaced references for a transient object 'K2Node_Event_62' or package '/Game/HUD/HUD_Bars'.
[2017.01.10-12.40.18:380][829]LogObjectTools:Warning: ForceReplaceReferences replaced references for a transient object 'EdGraphPin_1476' or package '/Game/HUD/HUD_Bars'.
[2017.01.10-12.40.18:380][829]LogObjectTools:Warning: ForceReplaceReferences replaced references for a transient object 'K2Node_Event_61' or package '/Game/HUD/HUD_Bars'.
[2017.01.10-12.40.18:380][829]LogObjectTools:Warning: ForceReplaceReferences replaced references for a transient object 'K2Node_FunctionEntry_173' or package '/Engine/Transient'.
[2017.01.10-12.40.18:380][829]LogObjectTools:Warning: ForceReplaceReferences replaced references for a transient object 'K2Node_FunctionEntry_172' or package '/Engine/Transient'.
[2017.01.10-12.40.18:380][829]LogObjectTools:Warning: ForceReplaceReferences replaced references for a transient object 'EdGraphPin_1453' or package '/Game/HUD/HUD_Bars'.
[2017.01.10-12.40.18:381][829]LogObjectTools:Warning: ForceReplaceReferences replaced references for a transient object 'K2Node_Event_59' or package '/Game/HUD/HUD_Bars'.
[2017.01.10-12.40.18:381][829]LogObjectTools:Warning: ForceReplaceReferences replaced references for a transient object 'EdGraphPin_1450' or package '/Game/HUD/HUD_Bars'.
[2017.01.10-12.40.18:381][829]LogObjectTools:Warning: ForceReplaceReferences replaced references for a transient object 'K2Node_Event_58' or package '/Game/HUD/HUD_Bars'.
[2017.01.10-12.40.22:320][149]LogObjectTools:Warning: ForceReplaceReferences replaced references for a transient object 'DEADCLASS_Inventory_Slot_C_7' or package '/Engine/Transient'.
[2017.01.10-12.40.22:321][149]LogObjectTools:Warning: ForceReplaceReferences replaced references for a transient object 'DEADCLASS_Inventory_Slot_C_6' or package '/Engine/Transient'.
[2017.01.10-12.40.22:321][149]LogObjectTools:Warning: ForceReplaceReferences replaced references for a transient object 'REINST_SKEL_Inventory_Slot_C_34' or package '/Engine/Transient'.
[2017.01.10-12.40.22:321][149]LogObjectTools:Warning: ForceReplaceReferences replaced references for a transient object 'REINST_Inventory_Slot_C_33' or package '/Engine/Transient'.
[2017.01.10-12.40.31:112][932]BlueprintLog: New page: Compile HUD_Bars
[2017.01.10-12.40.31:119][932]LogBlueprint:Warning: [Character_Controller] CreatePinForVariable: 'InventoryActive' variable not found. Base class was probably changed.
[2017.01.10-12.40.31:119][932]LogBlueprint:Warning: [Character_Controller] CreatePinForVariable: 'InventoryMenu' variable not found. Base class was probably changed.
[2017.01.10-12.40.31:119][932]LogBlueprint:Warning: [Character_Controller] CreatePinForVariable: 'Inventory' variable not found. Base class was probably changed.
[2017.01.10-12.40.36:253][932]LogCrashTracker: 


[2017.01.10-12.40.36:253][932]LogCrashTracker: 


[2017.01.10-12.40.36:253][932]LogWindows:Error: === Critical error: ===
Fatal error!



[2017.01.10-12.40.36:302][932]LogExit: Executing StaticShutdownAfterError
[2017.01.10-12.40.36:599][932]LogWindows: FPlatformMisc::RequestExit(1)
[2017.01.10-12.40.36:599][932]Log file closed, 01/10/17 13:40:36
