Log file open, 01/24/17 17:55:24
LogInit:Display: Running engine for game: Project_Nomand
LogPlatformFile: Not using cached read wrapper
LogInit:Display: RandInit(-1332250898) SRandInit(-1332250897).
LogTaskGraph: Started task graph with 4 named threads and 7 total threads with 1 sets of task threads.
LogStats: Stats thread started at 0.164325
LogInit: Version: 4.12.5-3039270+++UE4+Release-4.12
LogInit: API Version: 2992821
LogInit: Net Version: 3039270
LogDevObjectVersion: Number of dev versions registered: 13
LogDevObjectVersion:   Dev-Blueprints (B0D832E4-1F89-4F0D-ACCF-7EB736FD4AA2): 3
LogDevObjectVersion:   Dev-Build (E1C64328-A22C-4D53-A36C-8E866417BD8C): 0
LogDevObjectVersion:   Dev-Core (375EC13C-06E4-48FB-B500-84F0262A717E): 1
LogDevObjectVersion:   Dev-Editor (E4B068ED-F494-42E9-A231-DA0B2E46BB41): 2
LogDevObjectVersion:   Dev-Framework (CFFC743F-43B0-4480-9391-14DF171D2073): 6
LogDevObjectVersion:   Dev-Mobile (B02B49B5-BB20-44E9-A304-32B752E40360): 0
LogDevObjectVersion:   Dev-Networking (A4E4105C-59A1-49B5-A7C5-40C4547EDFEE): 0
LogDevObjectVersion:   Dev-Online (39C831C9-5AE6-47DC-9A44-9C173E1C8E7C): 0
LogDevObjectVersion:   Dev-Physics (78F01B33-EBEA-4F98-B9B4-84EACCB95AA2): 0
LogDevObjectVersion:   Dev-Platform (6631380F-2D4D-43E0-8009-CF276956A95A): 0
LogDevObjectVersion:   Dev-Rendering (12F88B9F-8875-4AFC-A67C-D90C383ABD29): 2
LogDevObjectVersion:   Dev-Sequencer (7B5AE74C-D270-4C10-A958-57980B212A5A): 0
LogDevObjectVersion:   Dev-VR (D7296918-1DD6-4BDD-9DE2-64A83CC13884): 0
LogInit: Compiled (64-bit): Jul  6 2016 09:09:46
LogInit: Compiled with Visual C++: 19.00.23026.00
LogInit: Build Configuration: Development
LogInit: Branch Name: ++UE4+Release-4.12
LogInit: Command line:  
LogInit: Base directory: G:/UNI/Programme/Epic Games/4.12/Engine/Binaries/Win64/
LogInit: Installed Engine Build: 1
LogInit: Using libcurl 7.41.0
LogInit:  - built for x86_64-pc-win32
LogInit:  - supports SSL with WinSSL
LogInit:  - other features:
LogInit:      CURL_VERSION_SSL
LogInit:      CURL_VERSION_IPV6
LogInit:      CURL_VERSION_ASYNCHDNS
LogInit:      CURL_VERSION_LARGEFILE
LogInit:      CURL_VERSION_IDN
LogInit:  CurlRequestOptions (configurable via config and command line):
LogInit:  - bVerifyPeer = true  - Libcurl will verify peer certificate
LogInit:  - bUseHttpProxy = false  - Libcurl will NOT use HTTP proxy
LogInit:  - bDontReuseConnections = false  - Libcurl will reuse connections
LogInit:  - CertBundlePath = nullptr  - Libcurl will use whatever was configured at build time.
LogInit: Presizing for max 8388607 objects, including 0 objects not considered by GC, pre-allocating 0 bytes for permanent pool.
LogInit: Object subsystem initialized
[2017.01.24-16.55.24:634][  0]LogInit: Selected Device Profile: [Windows]
[2017.01.24-16.55.24:634][  0]LogInit: Applying CVar settings loaded from the selected device profile: [Windows]
[2017.01.24-16.55.24:659][  0]LogInit: Computer: DEX
[2017.01.24-16.55.24:659][  0]LogInit: User: Dextex
[2017.01.24-16.55.24:659][  0]LogInit: CPU Page size=65536, Cores=4
[2017.01.24-16.55.24:659][  0]LogInit: High frequency timer resolution =3.417976 MHz
[2017.01.24-16.55.24:659][  0]LogMemory: Memory total: Physical=15.9GB (16GB approx)
[2017.01.24-16.55.24:659][  0]LogMemory: Platform Memory Stats for Windows
[2017.01.24-16.55.24:659][  0]LogMemory: Process Physical Memory: 191.30 MB used, 191.30 MB peak
[2017.01.24-16.55.24:659][  0]LogMemory: Process Virtual Memory: 195.14 MB used, 195.14 MB peak
[2017.01.24-16.55.24:659][  0]LogMemory: Physical Memory: 8302.64 MB used, 16328.00 MB total
[2017.01.24-16.55.24:659][  0]LogMemory: Virtual Memory: 553.49 MB used, 134217728.00 MB total
[2017.01.24-16.55.25:017][  0]LogTextLocalizationManager: No translations for ('de-DE') exist, falling back to 'en' for localization and internationalization data.
[2017.01.24-16.55.25:482][  0]LogD3D11RHI: D3D11 adapters:
[2017.01.24-16.55.25:996][  0]LogD3D11RHI:    0. 'NVIDIA GeForce GTX 1080' (Feature Level 11_0)
[2017.01.24-16.55.25:996][  0]LogD3D11RHI:       8144/0/8164 MB DedicatedVideo/DedicatedSystem/SharedSystem, Outputs:2, VendorId:0x10de
[2017.01.24-16.55.25:997][  0]LogD3D11RHI:    1. 'Microsoft Basic Render Driver' (Feature Level 11_0)
[2017.01.24-16.55.25:997][  0]LogD3D11RHI:       0/0/8164 MB DedicatedVideo/DedicatedSystem/SharedSystem, Outputs:0, VendorId:0x1414
[2017.01.24-16.55.25:997][  0]LogD3D11RHI: Chosen D3D11 Adapter: 0
[2017.01.24-16.55.26:003][  0]LogD3D11RHI: Creating new Direct3DDevice
[2017.01.24-16.55.26:003][  0]LogD3D11RHI:     GPU DeviceId: 0x1b80 (for the marketing name, search the web for "GPU Device Id")
[2017.01.24-16.55.26:003][  0]LogWindows: EnumDisplayDevices:
[2017.01.24-16.55.26:003][  0]LogWindows:    0. 'NVIDIA GeForce GTX 1080' (P:1 D:1)
[2017.01.24-16.55.26:003][  0]LogWindows:    1. 'NVIDIA GeForce GTX 1080' (P:0 D:1)
[2017.01.24-16.55.26:004][  0]LogWindows:    2. 'NVIDIA GeForce GTX 1080' (P:0 D:0)
[2017.01.24-16.55.26:004][  0]LogWindows:    3. 'NVIDIA GeForce GTX 1080' (P:0 D:0)
[2017.01.24-16.55.26:004][  0]LogWindows: DebugString: FoundDriverCount:4 
[2017.01.24-16.55.26:004][  0]LogD3D11RHI:     Adapter Name: NVIDIA GeForce GTX 1080
[2017.01.24-16.55.26:004][  0]LogD3D11RHI:   Driver Version: 376.33 (internal:21.21.13.7633, unified:376.33)
[2017.01.24-16.55.26:004][  0]LogD3D11RHI:      Driver Date: 12-11-2016
[2017.01.24-16.55.26:004][  0]LogRHI: Texture pool is 1361 MB (70% of 1945 MB)
[2017.01.24-16.55.26:507][  0]LogD3D11RHI: Async texture creation enabled
[2017.01.24-16.55.26:541][  0]LogD3D11RHI: GPU Timing Frequency: 1000.000000 (Debug: 2 1)
[2017.01.24-16.55.26:541][  0]LogShaderCompilers: Guid format shader working directory is -4 characters bigger than the processId version (../../../../../../MP2/project_nomad/Project_Nomand/Intermediate/Shaders/WorkingDirectory/13460/).
[2017.01.24-16.55.26:542][  0]LogShaderCompilers: Cleaned the shader compiler working directory 'C:/Users/Dextex/AppData/Local/Temp/UnrealShaderWorkingDir/EE87F88E48C2ACEE5976D2B2B14E2301/'.
[2017.01.24-16.55.26:542][  0]LogShaderCompilers:Display: Using Local Shader Compiler.
[2017.01.24-16.55.28:808][  0]LogTemp:Display: Loaded TP AllDesktopTargetPlatform
[2017.01.24-16.55.28:816][  0]LogTemp:Display: Loaded TP WindowsClientTargetPlatform
[2017.01.24-16.55.28:824][  0]LogTemp:Display: Loaded TP WindowsNoEditorTargetPlatform
[2017.01.24-16.55.28:832][  0]LogTemp:Display: Loaded TP WindowsServerTargetPlatform
[2017.01.24-16.55.28:841][  0]LogTemp:Display: Loaded TP WindowsTargetPlatform
[2017.01.24-16.55.28:881][  0]LogTemp:Display: Loaded TP AndroidTargetPlatform
[2017.01.24-16.55.28:889][  0]LogTemp:Display: Loaded TP Android_ASTCTargetPlatform
[2017.01.24-16.55.28:896][  0]LogTemp:Display: Loaded TP Android_ATCTargetPlatform
[2017.01.24-16.55.28:904][  0]LogTemp:Display: Loaded TP Android_DXTTargetPlatform
[2017.01.24-16.55.28:911][  0]LogTemp:Display: Loaded TP Android_ETC1TargetPlatform
[2017.01.24-16.55.28:918][  0]LogTemp:Display: Loaded TP Android_ETC2TargetPlatform
[2017.01.24-16.55.28:933][  0]LogTemp:Display: Loaded TP Android_MultiTargetPlatform
[2017.01.24-16.55.28:933][  0]LogTemp:Display: Loaded TP Android_PVRTCTargetPlatform
[2017.01.24-16.55.28:934][  0]LogTemp:Display: Loaded TP HTML5TargetPlatform
[2017.01.24-16.55.29:032][  0]LogTemp:Display: Loaded TP IOSTargetPlatform
[2017.01.24-16.55.29:038][  0]LogTemp:Display: Loaded TP TVOSTargetPlatform
[2017.01.24-16.55.29:045][  0]LogTemp:Display: Loaded TP LinuxNoEditorTargetPlatform
[2017.01.24-16.55.29:051][  0]LogTemp:Display: Loaded TP LinuxServerTargetPlatform
[2017.01.24-16.55.29:094][  0]LogTemp:Display: Loaded TP LinuxTargetPlatform
[2017.01.24-16.55.29:094][  0]LogTargetPlatformManager:Display: Building Assets For Windows
[2017.01.24-16.55.29:935][  0]LogDerivedDataCache:Display: Max Cache Size: 512 MB
[2017.01.24-16.55.30:182][  0]LogDerivedDataCache: Loaded boot cache 0.25s 48MB C:/Users/Dextex/AppData/Local/UnrealEngine/4.12/DerivedDataCache/Boot.ddc.
[2017.01.24-16.55.30:182][  0]LogDerivedDataCache:Display: Loaded Boot cache: C:/Users/Dextex/AppData/Local/UnrealEngine/4.12/DerivedDataCache/Boot.ddc
[2017.01.24-16.55.30:182][  0]LogDerivedDataCache: FDerivedDataBackendGraph:  Pak pak cache file ../../../../../../MP2/project_nomad/Project_Nomand/DerivedDataCache/DDC.ddp not found, will not use a pak cache.
[2017.01.24-16.55.30:182][  0]LogDerivedDataCache: Unable to find inner node Pak for hierarchical cache Hierarchy.
[2017.01.24-16.55.30:182][  0]LogDerivedDataCache: FDerivedDataBackendGraph:  CompressedPak pak cache file ../../../../../../MP2/project_nomad/Project_Nomand/DerivedDataCache/Compressed.ddp not found, will not use a pak cache.
[2017.01.24-16.55.30:182][  0]LogDerivedDataCache: Unable to find inner node CompressedPak for hierarchical cache Hierarchy.
[2017.01.24-16.55.30:265][  0]LogDerivedDataCache:Display: Pak cache opened for reading ../../../Engine/DerivedDataCache/Compressed.ddp.
[2017.01.24-16.55.30:279][  0]LogDerivedDataCache: Using Local data cache path C:/Users/Dextex/AppData/Local/UnrealEngine/Common/DerivedDataCache: Writable
[2017.01.24-16.55.39:031][  0]LogInit: Selected Device Profile: [Windows]
[2017.01.24-16.55.39:075][  0]LogContentStreaming: Texture pool size is 0.00 MB
[2017.01.24-16.55.41:476][  0]LogMeshUtilities: No automatic mesh reduction module available
[2017.01.24-16.55.41:476][  0]LogMeshUtilities: No automatic mesh merging module available
[2017.01.24-16.55.41:476][  0]LogMeshUtilities: No distributed automatic mesh merging module available
[2017.01.24-16.55.45:046][  0]LogAssetRegistry: FAssetRegistry took 0.0343 seconds to start up
[2017.01.24-16.55.45:193][  0]LogPackageLocalizationCache: Processed 3 localized package path(s) for 1 prioritized culture(s) in 0.071099 seconds
[2017.01.24-16.55.45:220][  0]LogUObjectArray: 28739 objects as part of root set at end of initial load.
[2017.01.24-16.55.45:220][  0]LogUObjectAllocator: 5855632 out of 0 bytes used by permanent object pool.
[2017.01.24-16.55.45:220][  0]LogUObjectArray: CloseDisregardForGC: 0/0 objects in disregard for GC pool
[2017.01.24-16.55.45:262][  0]LogInit: WinSock: version 1.1 (2.2), MaxSocks=32767, MaxUdp=65467
[2017.01.24-16.55.48:539][  0]LogSlate: SlateFontCache - WITH_FREETYPE: 1, WITH_HARFBUZZ: 1
[2017.01.24-16.55.48:554][  0]LogSlate: SlateFontCache - WITH_FREETYPE: 1, WITH_HARFBUZZ: 1
[2017.01.24-16.56.03:366][  0]LogUdpMessaging: Initializing bridge on interface 0.0.0.0:0 to multicast group 230.0.0.1:6666.
[2017.01.24-16.56.05:054][  0]SourceControl: Info Source control is disabled
[2017.01.24-16.56.07:367][  0]LogEngine: Initializing Engine...
[2017.01.24-16.56.07:450][  0]LogHMD: SteamVR failed to initialize.  Err: 100
[2017.01.24-16.56.07:451][  0]LogHMD: SteamVR failed to initialize.  Err: 100
[2017.01.24-16.56.08:514][  0]LogAIModule: Creating AISystem for world NewWorld
[2017.01.24-16.56.08:739][  0]LogInit: XAudio2 using 'Lautsprecher (SteelSeries Siberia 350)' : 2 channels at 44.1 kHz using 16 bits per sample (channel mask 0x3)
[2017.01.24-16.56.08:758][  0]LogInit: FAudioDevice initialized.
[2017.01.24-16.56.08:782][  0]LogDerivedDataCache: Saved boot cache 0.02s 48MB C:/Users/Dextex/AppData/Local/UnrealEngine/4.12/DerivedDataCache/Boot.ddc.
[2017.01.24-16.56.08:790][  0]LogInit: Texture streaming: Enabled
[2017.01.24-16.56.08:969][  0]LogInit: Transaction tracking system initialized
[2017.01.24-16.56.09:286][  0]BlueprintLog: New page: Editor Load
[2017.01.24-16.56.10:380][  0]LocalizationService: Info Localization service is disabled
[2017.01.24-16.56.10:973][  0]LogConsoleResponse:Display: 
[2017.01.24-16.56.12:340][  0]LogCook:Display: Max memory allowance for cook 8192mb
[2017.01.24-16.56.12:340][  0]LogCook:Display: Mobile HDR setting 1
[2017.01.24-16.56.13:022][  0]LogFileCache: Scanning file cache for directory 'G:/UNI/MP2/project_nomad/Project_Nomand/Content/' took 0.03s
[2017.01.24-16.56.13:616][  0]Cmd: MAP LOAD FILE="../../../../../../MP2/project_nomad/Project_Nomand/Content/Map/Map.umap" TEMPLATE=0 SHOWPROGRESS=1 FEATURELEVEL=3
[2017.01.24-16.56.13:745][  0]LightingResults: New page: Lighting Build
[2017.01.24-16.56.13:933][  0]MapCheck: New page: Map Check
[2017.01.24-16.56.13:933][  0]LightingResults: New page: Lighting Build
[2017.01.24-16.56.23:706][  0]LogAIModule: Creating AISystem for world Map
[2017.01.24-16.56.24:935][  0]LogEditorServer: Finished looking for orphan Actors (0.000 secs)
[2017.01.24-16.56.25:037][  0]Cmd: MAP CHECKDEP NOCLEARLOG
[2017.01.24-16.56.25:096][  0]MapCheck: Info Map check complete: 0 Error(s), 0 Warning(s), took 58.663ms to complete.
[2017.01.24-16.56.25:096][  0]LogFileHelpers: Loading map 'Map' took 11.500
[2017.01.24-16.56.26:812][  0]LogCollectionManager: Loaded 0 collections in 0.002918 seconds
[2017.01.24-16.56.26:984][  0]LogFileCache: Scanning file cache for directory 'G:/UNI/MP2/project_nomad/Project_Nomand/Saved/Collections/' took 0.01s
[2017.01.24-16.56.26:984][  0]LogFileCache: Scanning file cache for directory 'G:/UNI/MP2/project_nomad/Project_Nomand/Content/Developers/Dextex/Collections/' took 0.01s
[2017.01.24-16.56.26:984][  0]LogFileCache: Scanning file cache for directory 'G:/UNI/MP2/project_nomad/Project_Nomand/Content/Collections/' took 0.01s
[2017.01.24-16.56.26:984][  0]LogCollectionManager: Rebuilt the GUID cache for 0 collections in 0.000003 seconds
[2017.01.24-16.56.27:007][  0]LogContentBrowser: Native class hierarchy populated in 0.0090 seconds. Added 2047 classes and 369 folders.
[2017.01.24-16.56.27:074][  0]LogStats: UGameplayTagsManager::ConstructGameplayTagTree: Construct from data asset -  0.000 s
[2017.01.24-16.56.27:082][  0]LogStats: UGameplayTagsManager::ConstructGameplayTagTree: GameplayTagTreeChangedEvent.Broadcast -  0.008 s
[2017.01.24-16.56.27:083][  0]LogContentBrowser: Native class hierarchy updated for 'GameplayTags' in 0.0005 seconds. Added 12 classes and 0 folders.
[2017.01.24-16.56.27:122][  0]LogContentBrowser: Native class hierarchy updated for 'WidgetCarousel' in 0.0004 seconds. Added 0 classes and 0 folders.
[2017.01.24-16.56.28:216][  0]LogContentBrowser: Native class hierarchy updated for 'AddContentDialog' in 0.0003 seconds. Added 0 classes and 0 folders.
[2017.01.24-16.56.28:271][  0]LogContentBrowser: Native class hierarchy updated for 'SceneOutliner' in 0.0004 seconds. Added 1 classes and 2 folders.
[2017.01.24-16.56.28:985][  0]LogCrashTracker: Crashtracker disabled due to settings.
[2017.01.24-16.56.29:171][  0]LogUObjectGlobals:Warning: Failed to find object 'Class None.'
[2017.01.24-16.56.29:255][  0]LogContentBrowser: Native class hierarchy updated for 'HierarchicalLODOutliner' in 0.0004 seconds. Added 1 classes and 2 folders.
[2017.01.24-16.56.29:255][  0]LogLoad: Full Startup: 67.38 seconds (BP compile: 1.36 seconds)
[2017.01.24-16.56.29:255][  0]LogExternalProfiler: No external profilers were discovered.  External profiling features will not be available.
[2017.01.24-16.56.29:652][  0]LogOcInput: OculusInput pre-init called
[2017.01.24-16.56.29:896][  0]LogContentStreaming: Texture pool size now 1000 MB
[2017.01.24-16.56.30:305][  0]LogRenderer: Reallocating scene render targets to support 512x512 (Frame:1).
[2017.01.24-16.56.30:836][  0]LogRenderer: Reallocating scene render targets to support 1208x556 (Frame:2).
[2017.01.24-16.56.30:949][  1]Cmd: UpdateLandscapeEditorData -warnings
[2017.01.24-16.56.31:824][  3]LogAssetRegistry: Asset discovery search completed in 46.8004 seconds
[2017.01.24-16.56.31:824][  3]LogCollectionManager: Rebuilt the object cache for 0 collections in 0.000001 seconds (found 0 objects)
[2017.01.24-16.56.31:824][  3]LogCollectionManager: Fixed up redirectors for 0 collections in 0.000019 seconds (updated 0 objects)
[2017.01.24-17.07.37:906][983]LogFactory: FactoryCreateFile: Texture with ReimportTextureFactory (0 0 C:\Users\Dextex\Downloads\InventarHintergrund.png)
[2017.01.24-17.07.37:998][983]LogTexture:Display: Building textures: InventarHintergrund (AutoDXT)
[2017.01.24-17.08.31:736][181]LogFactory: FactoryCreateFile: Texture with ReimportTextureFactory (0 0 C:\Users\Dextex\Downloads\HealthPotion.png)
[2017.01.24-17.08.31:738][181]LogTexture:Display: Building textures: HealthPotion (AutoDXT)
[2017.01.24-17.08.41:355][208]LogContentBrowser: Native class hierarchy updated for 'BlueprintGraph' in 0.0007 seconds. Added 111 classes and 0 folders.
[2017.01.24-17.09.43:031][955]BlueprintLog: New page: Compile UI_Inventory
[2017.01.24-17.09.43:626][955]BlueprintEditorCompileResults: Info [0861.73] Compile of UI_Inventory successful! [in 577 ms] (/Game/UI/UI_Inventory.UI_Inventory)
[2017.01.24-17.10.03:985][143]BlueprintLog: New page: Compile BP_BlackKnight
[2017.01.24-17.10.04:490][143]BlueprintEditorCompileResults: Info [0882.61] Compile of BP_BlackKnight successful! [in 505 ms] (/Game/Blueprints/Interactables/Waffen/BP_BlackKnight.BP_BlackKnight)
[2017.01.24-17.10.07:515][470]LogBlueprintUserMessages: Early PlayInEditor Detection: Level '/Game/Map/Map.Map:PersistentLevel' has LevelScriptBlueprint '/Game/Map/Map.Map:PersistentLevel.Map' with GeneratedClass '/Game/Map/Map.Map_C' with ClassGeneratedBy '/Game/Map/Map.Map:PersistentLevel.Map'
[2017.01.24-17.10.07:515][470]LogPlayLevel: PlayLevel: No blueprints needed recompiling
[2017.01.24-17.10.07:552][470]PIE: New page: PIE session: Map (Jan 24, 2017, 7:10:07 PM)
[2017.01.24-17.10.07:552][470]LogPlayLevel: Creating play world package: /Game/Map/UEDPIE_0_Map
[2017.01.24-17.10.07:695][470]LogPlayLevel: PIE: StaticDuplicateObject took: (0.142755s)
[2017.01.24-17.10.07:696][470]LogAIModule: Creating AISystem for world Map
[2017.01.24-17.10.07:696][470]LogPlayLevel: PIE: World Init took: (0.000618s)
[2017.01.24-17.10.07:707][470]LogPlayLevel: PIE: Created PIE world by copying editor world from /Game/Map/Map.Map to /Game/Map/UEDPIE_0_Map.Map (0.153994s)
[2017.01.24-17.10.07:780][470]LogInit: XAudio2 using 'Lautsprecher (SteelSeries Siberia 350)' : 2 channels at 44.1 kHz using 16 bits per sample (channel mask 0x3)
[2017.01.24-17.10.07:795][470]LogInit: FAudioDevice initialized.
[2017.01.24-17.10.08:038][470]LogWorld: Game class is 'GameMode'
[2017.01.24-17.10.08:056][470]LogWorld: Bringing World /Game/Map/UEDPIE_0_Map.Map up for play (max tick rate 0) at 2017.01.24-18.10.08
[2017.01.24-17.10.08:107][470]LogWorld: Bringing up level for play took: 0.068695
[2017.01.24-17.10.08:253][470]LogContentBrowser: Native class hierarchy updated for 'MovieSceneCapture' in 0.0004 seconds. Added 11 classes and 0 folders.
[2017.01.24-17.10.08:393][470]PIE: Info Play in editor start time for /Game/Map/UEDPIE_0_Map 0.908
[2017.01.24-17.10.08:393][470]LogBlueprintUserMessages: Late PlayInEditor Detection: Level '/Game/Map/Map.Map:PersistentLevel' has LevelScriptBlueprint '/Game/Map/Map.Map:PersistentLevel.Map' with GeneratedClass '/Game/Map/Map.Map_C' with ClassGeneratedBy '/Game/Map/Map.Map:PersistentLevel.Map'
[2017.01.24-17.10.08:771][471]LogCharacterMovement:Warning: GetSimulationTimeStep() - Max iterations 8 hit while remaining time 0.092180 > MaxSimulationTimeStep (0.050) for 'AI_Greater_Spider_C_0', movement 'Walking'
[2017.01.24-17.10.16:164][339]LogScriptCore:Warning: Attempted to get an item from array TargetArray out of bounds [1/0]!

[2017.01.24-17.10.16:164][339]LogScriptCore:Warning: Attempted to get an item from array Inventory out of bounds [1/0]!

[2017.01.24-17.10.16:164][339]LogScriptCore:Warning: Attempted to get an item from array TargetArray out of bounds [2/0]!

[2017.01.24-17.10.16:164][339]LogScriptCore:Warning: Attempted to get an item from array Inventory out of bounds [2/0]!

[2017.01.24-17.10.16:164][339]LogScriptCore:Warning: Attempted to get an item from array TargetArray out of bounds [3/0]!

[2017.01.24-17.10.16:164][339]LogScriptCore:Warning: Attempted to get an item from array Inventory out of bounds [3/0]!

[2017.01.24-17.10.16:164][339]LogScriptCore:Warning: Attempted to get an item from array TargetArray out of bounds [4/0]!

[2017.01.24-17.10.16:164][339]LogScriptCore:Warning: Attempted to get an item from array Inventory out of bounds [4/0]!

[2017.01.24-17.10.16:164][339]LogScriptCore:Warning: Attempted to get an item from array TargetArray out of bounds [5/0]!

[2017.01.24-17.10.16:164][339]LogScriptCore:Warning: Attempted to get an item from array Inventory out of bounds [5/0]!

[2017.01.24-17.10.16:164][339]LogScriptCore:Warning: Attempted to get an item from array TargetArray out of bounds [6/0]!

[2017.01.24-17.10.16:164][339]LogScriptCore:Warning: Attempted to get an item from array Inventory out of bounds [6/0]!

[2017.01.24-17.10.16:164][339]LogScriptCore:Warning: Attempted to get an item from array TargetArray out of bounds [7/0]!

[2017.01.24-17.10.16:164][339]LogScriptCore:Warning: Attempted to get an item from array Inventory out of bounds [7/0]!

[2017.01.24-17.10.16:164][339]LogScriptCore:Warning: Attempted to get an item from array TargetArray out of bounds [8/0]!

[2017.01.24-17.10.16:164][339]LogScriptCore:Warning: Attempted to get an item from array Inventory out of bounds [8/0]!

[2017.01.24-17.10.16:164][339]LogScriptCore:Warning: Attempted to get an item from array TargetArray out of bounds [9/0]!

[2017.01.24-17.10.16:164][339]LogScriptCore:Warning: Attempted to get an item from array Inventory out of bounds [9/0]!

[2017.01.24-17.10.16:165][339]LogScriptCore:Warning: Attempted to get an item from array TargetArray out of bounds [10/0]!

[2017.01.24-17.10.16:165][339]LogScriptCore:Warning: Attempted to get an item from array Inventory out of bounds [10/0]!

[2017.01.24-17.10.16:165][339]LogScriptCore:Warning: Attempted to get an item from array TargetArray out of bounds [11/0]!

[2017.01.24-17.10.16:165][339]LogScriptCore:Warning: Attempted to get an item from array Inventory out of bounds [11/0]!

[2017.01.24-17.10.16:165][339]LogScriptCore:Warning: Attempted to get an item from array TargetArray out of bounds [12/0]!

[2017.01.24-17.10.16:165][339]LogScriptCore:Warning: Attempted to get an item from array Inventory out of bounds [12/0]!

[2017.01.24-17.10.16:165][339]LogScriptCore:Warning: Attempted to get an item from array TargetArray out of bounds [13/0]!

[2017.01.24-17.10.16:165][339]LogScriptCore:Warning: Attempted to get an item from array Inventory out of bounds [13/0]!

[2017.01.24-17.10.16:165][339]LogScriptCore:Warning: Attempted to get an item from array TargetArray out of bounds [14/0]!

[2017.01.24-17.10.16:165][339]LogScriptCore:Warning: Attempted to get an item from array Inventory out of bounds [14/0]!

[2017.01.24-17.10.16:165][339]LogScriptCore:Warning: Attempted to get an item from array TargetArray out of bounds [15/0]!

[2017.01.24-17.10.16:165][339]LogScriptCore:Warning: Attempted to get an item from array Inventory out of bounds [15/0]!

[2017.01.24-17.10.16:165][339]LogScriptCore:Warning: Attempted to get an item from array TargetArray out of bounds [16/0]!

[2017.01.24-17.10.16:165][339]LogScriptCore:Warning: Attempted to get an item from array Inventory out of bounds [16/0]!

[2017.01.24-17.10.16:165][339]LogScriptCore:Warning: Attempted to get an item from array TargetArray out of bounds [17/0]!

[2017.01.24-17.10.16:165][339]LogScriptCore:Warning: Attempted to get an item from array Inventory out of bounds [17/0]!

[2017.01.24-17.10.16:165][339]LogScriptCore:Warning: Attempted to get an item from array TargetArray out of bounds [18/0]!

[2017.01.24-17.10.16:165][339]LogScriptCore:Warning: Attempted to get an item from array Inventory out of bounds [18/0]!

[2017.01.24-17.10.16:165][339]LogScriptCore:Warning: Attempted to get an item from array TargetArray out of bounds [19/0]!

[2017.01.24-17.10.16:165][339]LogScriptCore:Warning: Attempted to get an item from array Inventory out of bounds [19/0]!

[2017.01.24-17.10.22:953][144]LogBlueprintUserMessages: Early EndPlayMap Detection: Level '/Game/Map/Map.Map:PersistentLevel' has LevelScriptBlueprint '/Game/Map/Map.Map:PersistentLevel.Map' with GeneratedClass '/Game/Map/Map.Map_C' with ClassGeneratedBy '/Game/Map/Map.Map:PersistentLevel.Map'
[2017.01.24-17.10.23:157][144]LogBlueprintUserMessages: Late EndPlayMap Detection: Level '/Game/Map/Map.Map:PersistentLevel' has LevelScriptBlueprint '/Game/Map/Map.Map:PersistentLevel.Map' with GeneratedClass '/Game/Map/Map.Map_C' with ClassGeneratedBy '/Game/Map/Map.Map:PersistentLevel.Map'
[2017.01.24-17.11.04:847][345]BlueprintLog: New page: Compile UI_Inventory
[2017.01.24-17.11.04:979][345]BlueprintEditorCompileResults: Info [0943.10] Compile of UI_Inventory successful! [in 132 ms] (/Game/UI/UI_Inventory.UI_Inventory)
[2017.01.24-17.11.05:777][408]Cmd: OBJ SAVEPACKAGE PACKAGE="/Game/UI/UI_Inventory" FILE="../../../../../../MP2/project_nomad/Project_Nomand/Content/UI/UI_Inventory.uasset" SILENT=true
[2017.01.24-17.11.05:930][408]LogSavePackage: Save=128.13ms
[2017.01.24-17.11.05:930][408]LogSavePackage: Moving '../../../../../../MP2/project_nomad/Project_Nomand/Saved/UI_Inventory86ABCB5649FF67D6F80D4BA129D16D53.tmp' to '../../../../../../MP2/project_nomad/Project_Nomand/Content/UI/UI_Inventory.uasset'
[2017.01.24-17.11.05:932][408]LogSavePackage:Display: Finished SavePackage ../../../../../../MP2/project_nomad/Project_Nomand/Content/UI/UI_Inventory.uasset
[2017.01.24-17.11.08:120][623]LogBlueprintUserMessages: Early PlayInEditor Detection: Level '/Game/Map/Map.Map:PersistentLevel' has LevelScriptBlueprint '/Game/Map/Map.Map:PersistentLevel.Map' with GeneratedClass '/Game/Map/Map.Map_C' with ClassGeneratedBy '/Game/Map/Map.Map:PersistentLevel.Map'
[2017.01.24-17.11.08:121][623]LogPlayLevel: PlayLevel: No blueprints needed recompiling
[2017.01.24-17.11.08:121][623]PIE: New page: PIE session: Map (Jan 24, 2017, 7:11:08 PM)
[2017.01.24-17.11.08:121][623]LogPlayLevel: Creating play world package: /Game/Map/UEDPIE_0_Map
[2017.01.24-17.11.08:164][623]LogPlayLevel: PIE: StaticDuplicateObject took: (0.043613s)
[2017.01.24-17.11.08:165][623]LogAIModule: Creating AISystem for world Map
[2017.01.24-17.11.08:165][623]LogPlayLevel: PIE: World Init took: (0.000718s)
[2017.01.24-17.11.08:165][623]LogPlayLevel: PIE: Created PIE world by copying editor world from /Game/Map/Map.Map to /Game/Map/UEDPIE_0_Map.Map (0.044597s)
[2017.01.24-17.11.08:196][623]LogInit: XAudio2 using 'Lautsprecher (SteelSeries Siberia 350)' : 2 channels at 44.1 kHz using 16 bits per sample (channel mask 0x3)
[2017.01.24-17.11.08:212][623]LogInit: FAudioDevice initialized.
[2017.01.24-17.11.08:258][623]LogWorld: Game class is 'GameMode'
[2017.01.24-17.11.08:275][623]LogWorld: Bringing World /Game/Map/UEDPIE_0_Map.Map up for play (max tick rate 0) at 2017.01.24-18.11.08
[2017.01.24-17.11.08:277][623]LogWorld: Bringing up level for play took: 0.017963
[2017.01.24-17.11.08:280][623]PIE: Info Play in editor start time for /Game/Map/UEDPIE_0_Map 0.795
[2017.01.24-17.11.08:280][623]LogBlueprintUserMessages: Late PlayInEditor Detection: Level '/Game/Map/Map.Map:PersistentLevel' has LevelScriptBlueprint '/Game/Map/Map.Map:PersistentLevel.Map' with GeneratedClass '/Game/Map/Map.Map_C' with ClassGeneratedBy '/Game/Map/Map.Map:PersistentLevel.Map'
[2017.01.24-17.11.15:184][444]LogScriptCore:Warning: Attempted to get an item from array TargetArray out of bounds [1/0]!

[2017.01.24-17.11.15:184][444]LogScriptCore:Warning: Attempted to get an item from array Inventory out of bounds [1/0]!

[2017.01.24-17.11.15:184][444]LogScriptCore:Warning: Attempted to get an item from array TargetArray out of bounds [2/0]!

[2017.01.24-17.11.15:184][444]LogScriptCore:Warning: Attempted to get an item from array Inventory out of bounds [2/0]!

[2017.01.24-17.11.15:184][444]LogScriptCore:Warning: Attempted to get an item from array TargetArray out of bounds [3/0]!

[2017.01.24-17.11.15:184][444]LogScriptCore:Warning: Attempted to get an item from array Inventory out of bounds [3/0]!

[2017.01.24-17.11.15:184][444]LogScriptCore:Warning: Attempted to get an item from array TargetArray out of bounds [4/0]!

[2017.01.24-17.11.15:184][444]LogScriptCore:Warning: Attempted to get an item from array Inventory out of bounds [4/0]!

[2017.01.24-17.11.15:184][444]LogScriptCore:Warning: Attempted to get an item from array TargetArray out of bounds [5/0]!

[2017.01.24-17.11.15:184][444]LogScriptCore:Warning: Attempted to get an item from array Inventory out of bounds [5/0]!

[2017.01.24-17.11.15:184][444]LogScriptCore:Warning: Attempted to get an item from array TargetArray out of bounds [6/0]!

[2017.01.24-17.11.15:184][444]LogScriptCore:Warning: Attempted to get an item from array Inventory out of bounds [6/0]!

[2017.01.24-17.11.15:184][444]LogScriptCore:Warning: Attempted to get an item from array TargetArray out of bounds [7/0]!

[2017.01.24-17.11.15:184][444]LogScriptCore:Warning: Attempted to get an item from array Inventory out of bounds [7/0]!

[2017.01.24-17.11.15:184][444]LogScriptCore:Warning: Attempted to get an item from array TargetArray out of bounds [8/0]!

[2017.01.24-17.11.15:184][444]LogScriptCore:Warning: Attempted to get an item from array Inventory out of bounds [8/0]!

[2017.01.24-17.11.15:184][444]LogScriptCore:Warning: Attempted to get an item from array TargetArray out of bounds [9/0]!

[2017.01.24-17.11.15:184][444]LogScriptCore:Warning: Attempted to get an item from array Inventory out of bounds [9/0]!

[2017.01.24-17.11.15:184][444]LogScriptCore:Warning: Attempted to get an item from array TargetArray out of bounds [10/0]!

[2017.01.24-17.11.15:185][444]LogScriptCore:Warning: Attempted to get an item from array Inventory out of bounds [10/0]!

[2017.01.24-17.11.15:185][444]LogScriptCore:Warning: Attempted to get an item from array TargetArray out of bounds [11/0]!

[2017.01.24-17.11.15:185][444]LogScriptCore:Warning: Attempted to get an item from array Inventory out of bounds [11/0]!

[2017.01.24-17.11.15:185][444]LogScriptCore:Warning: Attempted to get an item from array TargetArray out of bounds [12/0]!

[2017.01.24-17.11.15:185][444]LogScriptCore:Warning: Attempted to get an item from array Inventory out of bounds [12/0]!

[2017.01.24-17.11.15:185][444]LogScriptCore:Warning: Attempted to get an item from array TargetArray out of bounds [13/0]!

[2017.01.24-17.11.15:185][444]LogScriptCore:Warning: Attempted to get an item from array Inventory out of bounds [13/0]!

[2017.01.24-17.11.15:185][444]LogScriptCore:Warning: Attempted to get an item from array TargetArray out of bounds [14/0]!

[2017.01.24-17.11.15:185][444]LogScriptCore:Warning: Attempted to get an item from array Inventory out of bounds [14/0]!

[2017.01.24-17.11.15:185][444]LogScriptCore:Warning: Attempted to get an item from array TargetArray out of bounds [15/0]!

[2017.01.24-17.11.15:185][444]LogScriptCore:Warning: Attempted to get an item from array Inventory out of bounds [15/0]!

[2017.01.24-17.11.15:185][444]LogScriptCore:Warning: Attempted to get an item from array TargetArray out of bounds [16/0]!

[2017.01.24-17.11.15:185][444]LogScriptCore:Warning: Attempted to get an item from array Inventory out of bounds [16/0]!

[2017.01.24-17.11.15:185][444]LogScriptCore:Warning: Attempted to get an item from array TargetArray out of bounds [17/0]!

[2017.01.24-17.11.15:185][444]LogScriptCore:Warning: Attempted to get an item from array Inventory out of bounds [17/0]!

[2017.01.24-17.11.15:185][444]LogScriptCore:Warning: Attempted to get an item from array TargetArray out of bounds [18/0]!

[2017.01.24-17.11.15:185][444]LogScriptCore:Warning: Attempted to get an item from array Inventory out of bounds [18/0]!

[2017.01.24-17.11.15:185][444]LogScriptCore:Warning: Attempted to get an item from array TargetArray out of bounds [19/0]!

[2017.01.24-17.11.15:185][444]LogScriptCore:Warning: Attempted to get an item from array Inventory out of bounds [19/0]!

[2017.01.24-17.14.33:239][632]LogBlueprintUserMessages: Early EndPlayMap Detection: Level '/Game/Map/Map.Map:PersistentLevel' has LevelScriptBlueprint '/Game/Map/Map.Map:PersistentLevel.Map' with GeneratedClass '/Game/Map/Map.Map_C' with ClassGeneratedBy '/Game/Map/Map.Map:PersistentLevel.Map'
[2017.01.24-17.14.33:272][632]LogBlueprintUserMessages: Late EndPlayMap Detection: Level '/Game/Map/Map.Map:PersistentLevel' has LevelScriptBlueprint '/Game/Map/Map.Map:PersistentLevel.Map' with GeneratedClass '/Game/Map/Map.Map_C' with ClassGeneratedBy '/Game/Map/Map.Map:PersistentLevel.Map'
[2017.01.24-17.15.28:421][799]LogUObjectHash:Warning: Ambiguous search, could be K2Node_CommutativeAssociativeBinaryOperator /Game/Blueprints/Game/Character_Controller.Character_Controller:SpawnDropItem.K2Node_CommutativeAssociativeBinaryOperator_0 or K2Node_CommutativeAssociativeBinaryOperator /Game/Blueprints/Interactables/Waffen/BP_BaseWeapon.BP_BaseWeapon:EventGraph.K2Node_CommutativeAssociativeBinaryOperator_0
[2017.01.24-17.15.28:421][799]LogUObjectHash:Warning: Ambiguous search, could be K2Node_CommutativeAssociativeBinaryOperator /Game/Blueprints/Game/Character_Controller.Character_Controller:SpawnDropItem.K2Node_CommutativeAssociativeBinaryOperator_0 or K2Node_CommutativeAssociativeBinaryOperator /Game/Monster/Spawner.Spawner:EventGraph.K2Node_CommutativeAssociativeBinaryOperator_0
[2017.01.24-17.15.28:421][799]LogUObjectHash:Warning: Ambiguous search, could be K2Node_CommutativeAssociativeBinaryOperator /Game/Blueprints/Game/Character_Controller.Character_Controller:SpawnDropItem.K2Node_CommutativeAssociativeBinaryOperator_0 or K2Node_CommutativeAssociativeBinaryOperator /Game/Blueprints/Game/Character_Controller.Character_Controller:EventGraph.K2Node_CommutativeAssociativeBinaryOperator_0
[2017.01.24-17.15.28:421][799]LogUObjectHash:Warning: Ambiguous search, could be K2Node_CommutativeAssociativeBinaryOperator /Game/Blueprints/Game/Character_Controller.Character_Controller:SpawnDropItem.K2Node_CommutativeAssociativeBinaryOperator_0 or K2Node_CommutativeAssociativeBinaryOperator /Engine/Transient.PROTO_BP_Blueprint_0:UserConstructionScript.K2Node_CommutativeAssociativeBinaryOperator_0
[2017.01.24-17.15.28:421][799]LogProperty:Warning: ObjectProperty /Script/Engine.EdGraphPin:LinkedTo.LinkedTo: unresolved reference to 'EdGraphPin'K2Node_CommutativeAssociativeBinaryOperator_0.EdGraphPin_8000''
[2017.01.24-17.15.28:421][799]LogUObjectHash:Warning: Ambiguous search, could be K2Node_CommutativeAssociativeBinaryOperator /Game/Blueprints/Game/Character_Controller.Character_Controller:SpawnDropItem.K2Node_CommutativeAssociativeBinaryOperator_0 or K2Node_CommutativeAssociativeBinaryOperator /Game/Blueprints/Interactables/Waffen/BP_BaseWeapon.BP_BaseWeapon:EventGraph.K2Node_CommutativeAssociativeBinaryOperator_0
[2017.01.24-17.15.28:421][799]LogUObjectHash:Warning: Ambiguous search, could be K2Node_CommutativeAssociativeBinaryOperator /Game/Blueprints/Game/Character_Controller.Character_Controller:SpawnDropItem.K2Node_CommutativeAssociativeBinaryOperator_0 or K2Node_CommutativeAssociativeBinaryOperator /Game/Monster/Spawner.Spawner:EventGraph.K2Node_CommutativeAssociativeBinaryOperator_0
[2017.01.24-17.15.28:421][799]LogUObjectHash:Warning: Ambiguous search, could be K2Node_CommutativeAssociativeBinaryOperator /Game/Blueprints/Game/Character_Controller.Character_Controller:SpawnDropItem.K2Node_CommutativeAssociativeBinaryOperator_0 or K2Node_CommutativeAssociativeBinaryOperator /Game/Blueprints/Game/Character_Controller.Character_Controller:EventGraph.K2Node_CommutativeAssociativeBinaryOperator_0
[2017.01.24-17.15.28:421][799]LogUObjectHash:Warning: Ambiguous search, could be K2Node_CommutativeAssociativeBinaryOperator /Game/Blueprints/Game/Character_Controller.Character_Controller:SpawnDropItem.K2Node_CommutativeAssociativeBinaryOperator_0 or K2Node_CommutativeAssociativeBinaryOperator /Engine/Transient.PROTO_BP_Blueprint_0:UserConstructionScript.K2Node_CommutativeAssociativeBinaryOperator_0
[2017.01.24-17.15.28:421][799]LogProperty:Warning: ObjectProperty /Script/Engine.EdGraphPin:LinkedTo.LinkedTo: unresolved reference to 'EdGraphPin'K2Node_CommutativeAssociativeBinaryOperator_0.EdGraphPin_8002''
[2017.01.24-17.16.31:715][517]BlueprintLog: New page: Compile Character_Controller
[2017.01.24-17.16.32:640][517]BlueprintEditorCompileResults: Info The execution path doesn't end with a return node.  Is Not Valid 
[2017.01.24-17.16.32:640][517]BlueprintEditorCompileResults: Info [1270.76] Compile of Character_Controller successful! [in 924 ms] (/Game/Blueprints/Game/Character_Controller.Character_Controller)
[2017.01.24-17.16.33:369][549]Cmd: OBJ SAVEPACKAGE PACKAGE="/Game/Blueprints/Game/Character_Controller" FILE="../../../../../../MP2/project_nomad/Project_Nomand/Content/Blueprints/Game/Character_Controller.uasset" SILENT=true
[2017.01.24-17.16.34:176][549]LogSavePackage: Save=768.42ms
[2017.01.24-17.16.34:176][549]LogSavePackage: Moving '../../../../../../MP2/project_nomad/Project_Nomand/Saved/Character_Controller320ADE744E06AF8F853766BBCE7BFBB0.tmp' to '../../../../../../MP2/project_nomad/Project_Nomand/Content/Blueprints/Game/Character_Controller.uasset'
[2017.01.24-17.16.34:179][549]LogSavePackage:Display: Finished SavePackage ../../../../../../MP2/project_nomad/Project_Nomand/Content/Blueprints/Game/Character_Controller.uasset
[2017.01.24-17.16.35:585][676]LogBlueprintUserMessages: Early PlayInEditor Detection: Level '/Game/Map/Map.Map:PersistentLevel' has LevelScriptBlueprint '/Game/Map/Map.Map:PersistentLevel.Map' with GeneratedClass '/Game/Map/Map.Map_C' with ClassGeneratedBy '/Game/Map/Map.Map:PersistentLevel.Map'
[2017.01.24-17.16.35:585][676]LogPlayLevel: PlayLevel: No blueprints needed recompiling
[2017.01.24-17.16.35:586][676]PIE: New page: PIE session: Map (Jan 24, 2017, 7:16:35 PM)
[2017.01.24-17.16.35:586][676]LogPlayLevel: Creating play world package: /Game/Map/UEDPIE_0_Map
[2017.01.24-17.16.35:631][676]LogPlayLevel: PIE: StaticDuplicateObject took: (0.044921s)
[2017.01.24-17.16.35:631][676]LogAIModule: Creating AISystem for world Map
[2017.01.24-17.16.35:631][676]LogPlayLevel: PIE: World Init took: (0.000758s)
[2017.01.24-17.16.35:632][676]LogPlayLevel: PIE: Created PIE world by copying editor world from /Game/Map/Map.Map to /Game/Map/UEDPIE_0_Map.Map (0.045948s)
[2017.01.24-17.16.35:664][676]LogInit: XAudio2 using 'Lautsprecher (SteelSeries Siberia 350)' : 2 channels at 44.1 kHz using 16 bits per sample (channel mask 0x3)
[2017.01.24-17.16.35:683][676]LogInit: FAudioDevice initialized.
[2017.01.24-17.16.35:728][676]LogWorld: Game class is 'GameMode'
[2017.01.24-17.16.35:749][676]LogWorld: Bringing World /Game/Map/UEDPIE_0_Map.Map up for play (max tick rate 0) at 2017.01.24-18.16.35
[2017.01.24-17.16.35:750][676]LogWorld: Bringing up level for play took: 0.020870
[2017.01.24-17.16.35:753][676]PIE: Info Play in editor start time for /Game/Map/UEDPIE_0_Map 0.269
[2017.01.24-17.16.35:753][676]LogBlueprintUserMessages: Late PlayInEditor Detection: Level '/Game/Map/Map.Map:PersistentLevel' has LevelScriptBlueprint '/Game/Map/Map.Map:PersistentLevel.Map' with GeneratedClass '/Game/Map/Map.Map_C' with ClassGeneratedBy '/Game/Map/Map.Map:PersistentLevel.Map'
[2017.01.24-17.16.39:241][ 92]LogScriptCore:Warning: Attempted to get an item from array TargetArray out of bounds [1/0]!

[2017.01.24-17.16.39:241][ 92]LogScriptCore:Warning: Attempted to get an item from array Inventory out of bounds [1/0]!

[2017.01.24-17.16.39:241][ 92]LogScriptCore:Warning: Attempted to get an item from array TargetArray out of bounds [2/0]!

[2017.01.24-17.16.39:241][ 92]LogScriptCore:Warning: Attempted to get an item from array Inventory out of bounds [2/0]!

[2017.01.24-17.16.39:241][ 92]LogScriptCore:Warning: Attempted to get an item from array TargetArray out of bounds [3/0]!

[2017.01.24-17.16.39:241][ 92]LogScriptCore:Warning: Attempted to get an item from array Inventory out of bounds [3/0]!

[2017.01.24-17.16.39:241][ 92]LogScriptCore:Warning: Attempted to get an item from array TargetArray out of bounds [4/0]!

[2017.01.24-17.16.39:242][ 92]LogScriptCore:Warning: Attempted to get an item from array Inventory out of bounds [4/0]!

[2017.01.24-17.16.39:242][ 92]LogScriptCore:Warning: Attempted to get an item from array TargetArray out of bounds [5/0]!

[2017.01.24-17.16.39:242][ 92]LogScriptCore:Warning: Attempted to get an item from array Inventory out of bounds [5/0]!

[2017.01.24-17.16.39:242][ 92]LogScriptCore:Warning: Attempted to get an item from array TargetArray out of bounds [6/0]!

[2017.01.24-17.16.39:242][ 92]LogScriptCore:Warning: Attempted to get an item from array Inventory out of bounds [6/0]!

[2017.01.24-17.16.39:242][ 92]LogScriptCore:Warning: Attempted to get an item from array TargetArray out of bounds [7/0]!

[2017.01.24-17.16.39:242][ 92]LogScriptCore:Warning: Attempted to get an item from array Inventory out of bounds [7/0]!

[2017.01.24-17.16.39:242][ 92]LogScriptCore:Warning: Attempted to get an item from array TargetArray out of bounds [8/0]!

[2017.01.24-17.16.39:242][ 92]LogScriptCore:Warning: Attempted to get an item from array Inventory out of bounds [8/0]!

[2017.01.24-17.16.39:242][ 92]LogScriptCore:Warning: Attempted to get an item from array TargetArray out of bounds [9/0]!

[2017.01.24-17.16.39:242][ 92]LogScriptCore:Warning: Attempted to get an item from array Inventory out of bounds [9/0]!

[2017.01.24-17.16.39:242][ 92]LogScriptCore:Warning: Attempted to get an item from array TargetArray out of bounds [10/0]!

[2017.01.24-17.16.39:242][ 92]LogScriptCore:Warning: Attempted to get an item from array Inventory out of bounds [10/0]!

[2017.01.24-17.16.39:242][ 92]LogScriptCore:Warning: Attempted to get an item from array TargetArray out of bounds [11/0]!

[2017.01.24-17.16.39:242][ 92]LogScriptCore:Warning: Attempted to get an item from array Inventory out of bounds [11/0]!

[2017.01.24-17.16.39:242][ 92]LogScriptCore:Warning: Attempted to get an item from array TargetArray out of bounds [12/0]!

[2017.01.24-17.16.39:242][ 92]LogScriptCore:Warning: Attempted to get an item from array Inventory out of bounds [12/0]!

[2017.01.24-17.16.39:242][ 92]LogScriptCore:Warning: Attempted to get an item from array TargetArray out of bounds [13/0]!

[2017.01.24-17.16.39:242][ 92]LogScriptCore:Warning: Attempted to get an item from array Inventory out of bounds [13/0]!

[2017.01.24-17.16.39:242][ 92]LogScriptCore:Warning: Attempted to get an item from array TargetArray out of bounds [14/0]!

[2017.01.24-17.16.39:242][ 92]LogScriptCore:Warning: Attempted to get an item from array Inventory out of bounds [14/0]!

[2017.01.24-17.16.39:243][ 92]LogScriptCore:Warning: Attempted to get an item from array TargetArray out of bounds [15/0]!

[2017.01.24-17.16.39:243][ 92]LogScriptCore:Warning: Attempted to get an item from array Inventory out of bounds [15/0]!

[2017.01.24-17.16.39:243][ 92]LogScriptCore:Warning: Attempted to get an item from array TargetArray out of bounds [16/0]!

[2017.01.24-17.16.39:243][ 92]LogScriptCore:Warning: Attempted to get an item from array Inventory out of bounds [16/0]!

[2017.01.24-17.16.39:243][ 92]LogScriptCore:Warning: Attempted to get an item from array TargetArray out of bounds [17/0]!

[2017.01.24-17.16.39:243][ 92]LogScriptCore:Warning: Attempted to get an item from array Inventory out of bounds [17/0]!

[2017.01.24-17.16.39:243][ 92]LogScriptCore:Warning: Attempted to get an item from array TargetArray out of bounds [18/0]!

[2017.01.24-17.16.39:243][ 92]LogScriptCore:Warning: Attempted to get an item from array Inventory out of bounds [18/0]!

[2017.01.24-17.16.39:243][ 92]LogScriptCore:Warning: Attempted to get an item from array TargetArray out of bounds [19/0]!

[2017.01.24-17.16.39:243][ 92]LogScriptCore:Warning: Attempted to get an item from array Inventory out of bounds [19/0]!

[2017.01.24-17.16.41:426][349]LogBlueprintUserMessages: [Character_Controller_536] 0
[2017.01.24-17.16.41:437][349]LogScriptCore:Warning: Attempted to get an item from array TargetArray out of bounds [0/0]!

[2017.01.24-17.16.41:437][349]LogScriptCore:Warning: Attempted to get an item from array Inventory out of bounds [0/0]!

[2017.01.24-17.16.41:437][349]LogScriptCore:Warning: Attempted to get an item from array TargetArray out of bounds [1/0]!

[2017.01.24-17.16.41:437][349]LogScriptCore:Warning: Attempted to get an item from array Inventory out of bounds [1/0]!

[2017.01.24-17.16.41:437][349]LogScriptCore:Warning: Attempted to get an item from array TargetArray out of bounds [2/0]!

[2017.01.24-17.16.41:437][349]LogScriptCore:Warning: Attempted to get an item from array Inventory out of bounds [2/0]!

[2017.01.24-17.16.41:437][349]LogScriptCore:Warning: Attempted to get an item from array TargetArray out of bounds [3/0]!

[2017.01.24-17.16.41:437][349]LogScriptCore:Warning: Attempted to get an item from array Inventory out of bounds [3/0]!

[2017.01.24-17.16.41:437][349]LogScriptCore:Warning: Attempted to get an item from array TargetArray out of bounds [4/0]!

[2017.01.24-17.16.41:437][349]LogScriptCore:Warning: Attempted to get an item from array Inventory out of bounds [4/0]!

[2017.01.24-17.16.41:437][349]LogScriptCore:Warning: Attempted to get an item from array TargetArray out of bounds [5/0]!

[2017.01.24-17.16.41:437][349]LogScriptCore:Warning: Attempted to get an item from array Inventory out of bounds [5/0]!

[2017.01.24-17.16.41:437][349]LogScriptCore:Warning: Attempted to get an item from array TargetArray out of bounds [6/0]!

[2017.01.24-17.16.41:437][349]LogScriptCore:Warning: Attempted to get an item from array Inventory out of bounds [6/0]!

[2017.01.24-17.16.41:437][349]LogScriptCore:Warning: Attempted to get an item from array TargetArray out of bounds [7/0]!

[2017.01.24-17.16.41:437][349]LogScriptCore:Warning: Attempted to get an item from array Inventory out of bounds [7/0]!

[2017.01.24-17.16.41:437][349]LogScriptCore:Warning: Attempted to get an item from array TargetArray out of bounds [8/0]!

[2017.01.24-17.16.41:437][349]LogScriptCore:Warning: Attempted to get an item from array Inventory out of bounds [8/0]!

[2017.01.24-17.16.41:438][349]LogScriptCore:Warning: Attempted to get an item from array TargetArray out of bounds [9/0]!

[2017.01.24-17.16.41:438][349]LogScriptCore:Warning: Attempted to get an item from array Inventory out of bounds [9/0]!

[2017.01.24-17.16.41:438][349]LogScriptCore:Warning: Attempted to get an item from array TargetArray out of bounds [10/0]!

[2017.01.24-17.16.41:438][349]LogScriptCore:Warning: Attempted to get an item from array Inventory out of bounds [10/0]!

[2017.01.24-17.16.41:438][349]LogScriptCore:Warning: Attempted to get an item from array TargetArray out of bounds [11/0]!

[2017.01.24-17.16.41:438][349]LogScriptCore:Warning: Attempted to get an item from array Inventory out of bounds [11/0]!

[2017.01.24-17.16.41:438][349]LogScriptCore:Warning: Attempted to get an item from array TargetArray out of bounds [12/0]!

[2017.01.24-17.16.41:438][349]LogScriptCore:Warning: Attempted to get an item from array Inventory out of bounds [12/0]!

[2017.01.24-17.16.41:438][349]LogScriptCore:Warning: Attempted to get an item from array TargetArray out of bounds [13/0]!

[2017.01.24-17.16.41:438][349]LogScriptCore:Warning: Attempted to get an item from array Inventory out of bounds [13/0]!

[2017.01.24-17.16.41:438][349]LogScriptCore:Warning: Attempted to get an item from array TargetArray out of bounds [14/0]!

[2017.01.24-17.16.41:438][349]LogScriptCore:Warning: Attempted to get an item from array Inventory out of bounds [14/0]!

[2017.01.24-17.16.41:438][349]LogScriptCore:Warning: Attempted to get an item from array TargetArray out of bounds [15/0]!

[2017.01.24-17.16.41:438][349]LogScriptCore:Warning: Attempted to get an item from array Inventory out of bounds [15/0]!

[2017.01.24-17.16.41:438][349]LogScriptCore:Warning: Attempted to get an item from array TargetArray out of bounds [16/0]!

[2017.01.24-17.16.41:438][349]LogScriptCore:Warning: Attempted to get an item from array Inventory out of bounds [16/0]!

[2017.01.24-17.16.41:438][349]LogScriptCore:Warning: Attempted to get an item from array TargetArray out of bounds [17/0]!

[2017.01.24-17.16.41:438][349]LogScriptCore:Warning: Attempted to get an item from array Inventory out of bounds [17/0]!

[2017.01.24-17.16.41:438][349]LogScriptCore:Warning: Attempted to get an item from array TargetArray out of bounds [18/0]!

[2017.01.24-17.16.41:438][349]LogScriptCore:Warning: Attempted to get an item from array Inventory out of bounds [18/0]!

[2017.01.24-17.16.41:438][349]LogScriptCore:Warning: Attempted to get an item from array TargetArray out of bounds [19/0]!

[2017.01.24-17.16.41:438][349]LogScriptCore:Warning: Attempted to get an item from array Inventory out of bounds [19/0]!

[2017.01.24-17.16.44:772][736]LogBlueprintUserMessages: [AI_Greater_Spider_C_0] Hello
[2017.01.24-17.16.48:382][169]LogBlueprintUserMessages: [AI_Greater_Spider_C_0] Hello
[2017.01.24-17.16.49:350][285]LogBlueprintUserMessages: [AI_Greater_Spider_C_0] Hello
[2017.01.24-17.16.51:007][483]LogBlueprintUserMessages: [AI_Greater_Spider_C_0] Hello
[2017.01.24-17.16.53:462][777]LogBlueprintUserMessages: [AI_Greater_Spider_C_0] Hello
[2017.01.24-17.16.55:112][975]LogBlueprintUserMessages: [AI_Greater_Spider_C_0] Hello
[2017.01.24-17.16.57:546][267]LogBlueprintUserMessages: [AI_Greater_Spider_C_0] Hello
[2017.01.24-17.17.00:315][599]LogBlueprintUserMessages: [AI_Greater_Spider_C_0] Hello
[2017.01.24-17.17.02:067][807]LogBlueprintUserMessages: [AI_Greater_Spider_C_0] Hello
[2017.01.24-17.17.03:211][944]LogBlueprintUserMessages: [AI_Greater_Spider_C_0] Hello
[2017.01.24-17.17.04:178][ 60]LogBlueprintUserMessages: [AI_Greater_Spider_C_0] Hello
[2017.01.24-17.17.05:830][258]LogBlueprintUserMessages: [AI_Greater_Spider_C_0] Hello
[2017.01.24-17.17.23:547][383]LogBlueprintUserMessages: Early EndPlayMap Detection: Level '/Game/Map/Map.Map:PersistentLevel' has LevelScriptBlueprint '/Game/Map/Map.Map:PersistentLevel.Map' with GeneratedClass '/Game/Map/Map.Map_C' with ClassGeneratedBy '/Game/Map/Map.Map:PersistentLevel.Map'
[2017.01.24-17.17.23:582][383]LogBlueprintUserMessages: Late EndPlayMap Detection: Level '/Game/Map/Map.Map:PersistentLevel' has LevelScriptBlueprint '/Game/Map/Map.Map:PersistentLevel.Map' with GeneratedClass '/Game/Map/Map.Map_C' with ClassGeneratedBy '/Game/Map/Map.Map:PersistentLevel.Map'
[2017.01.24-17.18.38:863][986]Cmd: OBJ SAVEPACKAGE PACKAGE="/Game/Map/Map" FILE="../../../../../../MP2/project_nomad/Project_Nomand/Saved/Autosaves/Game/Map/Map_Auto1.umap" SILENT=true AUTOSAVING=true KEEPDIRTY=false
[2017.01.24-17.18.39:614][986]LogSavePackage: Save=729.11ms
[2017.01.24-17.18.39:614][986]LogSavePackage: Moving '../../../../../../MP2/project_nomad/Project_Nomand/Saved/Map_Auto177519A2748B08BACB5935583E55598AA.tmp' to '../../../../../../MP2/project_nomad/Project_Nomand/Saved/Autosaves/Game/Map/Map_Auto1.umap'
[2017.01.24-17.18.39:615][986]LogSavePackage:Display: Finished SavePackage ../../../../../../MP2/project_nomad/Project_Nomand/Saved/Autosaves/Game/Map/Map_Auto1.umap
[2017.01.24-17.18.39:618][986]LogFileHelpers: Editor autosave (incl. sublevels) for '/Game/Map/Map' took 0.801
[2017.01.24-17.18.39:618][986]LogFileHelpers: Editor autosave (incl. sublevels) for all levels took 0.801
[2017.01.24-17.18.39:620][986]OBJ SavePackage: Generating thumbnails for [0] asset(s) in package [/Game/Blueprints/Interactables/Waffen/BP_BlackKnight] ([1] browsable assets)...
[2017.01.24-17.18.39:620][986]OBJ SavePackage: Finished generating thumbnails for package [/Game/Blueprints/Interactables/Waffen/BP_BlackKnight]
[2017.01.24-17.18.39:638][986]LogSavePackage: Save=11.25ms
[2017.01.24-17.18.39:638][986]LogSavePackage: Moving '../../../../../../MP2/project_nomad/Project_Nomand/Saved/BP_BlackKnight_Auto14B8A289B4FC657FCB4A198AA18B82895.tmp' to '../../../../../../MP2/project_nomad/Project_Nomand/Saved/Autosaves/Game/Blueprints/Interactables/Waffen/BP_BlackKnight_Auto1.uasset'
[2017.01.24-17.18.39:639][986]LogSavePackage:Display: Finished SavePackage ../../../../../../MP2/project_nomad/Project_Nomand/Saved/Autosaves/Game/Blueprints/Interactables/Waffen/BP_BlackKnight_Auto1.uasset
[2017.01.24-17.18.39:639][986]OBJ SavePackage: Generating thumbnails for [1] asset(s) in package [/Game/UI/Bilder/InventarHintergrund] ([1] browsable assets)...
[2017.01.24-17.18.39:647][986]OBJ SavePackage:     Rendered thumbnail for [Texture2D /Game/UI/Bilder/InventarHintergrund.InventarHintergrund]
[2017.01.24-17.18.39:647][986]OBJ SavePackage: Finished generating thumbnails for package [/Game/UI/Bilder/InventarHintergrund]
[2017.01.24-17.18.39:661][986]LogSavePackage: Save=13.10ms
[2017.01.24-17.18.39:661][986]LogSavePackage: Moving '../../../../../../MP2/project_nomad/Project_Nomand/Saved/InventarHintergrund_Auto135126EFD449499EAA80F5DAEC58420C6.tmp' to '../../../../../../MP2/project_nomad/Project_Nomand/Saved/Autosaves/Game/UI/Bilder/InventarHintergrund_Auto1.uasset'
[2017.01.24-17.18.39:662][986]LogSavePackage:Display: Finished SavePackage ../../../../../../MP2/project_nomad/Project_Nomand/Saved/Autosaves/Game/UI/Bilder/InventarHintergrund_Auto1.uasset
[2017.01.24-17.18.39:663][986]OBJ SavePackage: Generating thumbnails for [1] asset(s) in package [/Game/Models/Icons/HealthPotion] ([1] browsable assets)...
[2017.01.24-17.18.39:664][986]OBJ SavePackage:     Rendered thumbnail for [Texture2D /Game/Models/Icons/HealthPotion.HealthPotion]
[2017.01.24-17.18.39:664][986]OBJ SavePackage: Finished generating thumbnails for package [/Game/Models/Icons/HealthPotion]
[2017.01.24-17.18.39:670][986]LogSavePackage: Save=4.89ms
[2017.01.24-17.18.39:670][986]LogSavePackage: Moving '../../../../../../MP2/project_nomad/Project_Nomand/Saved/HealthPotion_Auto1412569754565A75F22DAF98CFB21DE69.tmp' to '../../../../../../MP2/project_nomad/Project_Nomand/Saved/Autosaves/Game/Models/Icons/HealthPotion_Auto1.uasset'
[2017.01.24-17.18.39:671][986]LogSavePackage:Display: Finished SavePackage ../../../../../../MP2/project_nomad/Project_Nomand/Saved/Autosaves/Game/Models/Icons/HealthPotion_Auto1.uasset
[2017.01.24-17.18.39:671][986]LogFileHelpers: Auto-saving content packages took 0.052
[2017.01.24-17.42.06:123][541]LogSkeletalMesh: InitArticulated: Bodies already created (/Engine/Transient.DebugSkelMeshComponent_0) - call TermArticulated first.
[2017.01.24-17.42.06:445][541]LogContentBrowser:Verbose: The majority of assets in the view are of type: AnimSequence
[2017.01.24-17.42.17:100][513]LogSkeletalMesh: InitArticulated: Bodies already created (/Engine/Transient.DebugSkelMeshComponent_2) - call TermArticulated first.
[2017.01.24-17.42.17:231][513]LogContentBrowser:Verbose: The majority of assets in the view are of type: AnimSequence
[2017.01.24-17.42.21:486][907]LogSkeletalMesh: InitArticulated: Bodies already created (/Engine/Transient.DebugSkelMeshComponent_4) - call TermArticulated first.
[2017.01.24-17.42.21:700][907]LogContentBrowser:Verbose: The majority of assets in the view are of type: AnimSequence
[2017.01.24-17.59.10:012][453]LogSavePackage: Save=17.48ms
[2017.01.24-17.59.10:012][453]LogSavePackage: Moving '../../../../../../MP2/project_nomad/Project_Nomand/Saved/BP_BlackKnight2AE6A22E4194B3FC7494D0B98C91D0A1.tmp' to '../../../../../../MP2/project_nomad/Project_Nomand/Content/Blueprints/Interactables/Waffen/BP_BlackKnight.uasset'
[2017.01.24-17.59.10:017][453]LogSavePackage:Display: Finished SavePackage ../../../../../../MP2/project_nomad/Project_Nomand/Content/Blueprints/Interactables/Waffen/BP_BlackKnight.uasset
[2017.01.24-17.59.10:083][453]Cmd: OBJ SAVEPACKAGE PACKAGE="/Game/Map/Map" FILE="../../../../../../MP2/project_nomad/Project_Nomand/Content/Map/Map.umap" SILENT=true AUTOSAVING=false KEEPDIRTY=false
[2017.01.24-17.59.10:863][453]LogSavePackage: Save=743.17ms
[2017.01.24-17.59.10:863][453]LogSavePackage: Moving '../../../../../../MP2/project_nomad/Project_Nomand/Saved/MapF1FC88E74BF091DA14E23AAE62F54D41.tmp' to '../../../../../../MP2/project_nomad/Project_Nomand/Content/Map/Map.umap'
[2017.01.24-17.59.10:866][453]LogSavePackage:Display: Finished SavePackage ../../../../../../MP2/project_nomad/Project_Nomand/Content/Map/Map.umap
[2017.01.24-17.59.10:938][453]LogFileHelpers: Saving map 'Map' took 0.909
[2017.01.24-17.59.10:942][453]Cmd: OBJ SAVEPACKAGE PACKAGE="/Game/Models/Icons/HealthPotion" FILE="../../../../../../MP2/project_nomad/Project_Nomand/Content/Models/Icons/HealthPotion.uasset" SILENT=true
[2017.01.24-17.59.10:949][453]LogSavePackage: Save=6.46ms
[2017.01.24-17.59.10:949][453]LogSavePackage: Moving '../../../../../../MP2/project_nomad/Project_Nomand/Saved/HealthPotion3D93B96142003848BC8E00AFF3741324.tmp' to '../../../../../../MP2/project_nomad/Project_Nomand/Content/Models/Icons/HealthPotion.uasset'
[2017.01.24-17.59.10:952][453]LogSavePackage:Display: Finished SavePackage ../../../../../../MP2/project_nomad/Project_Nomand/Content/Models/Icons/HealthPotion.uasset
[2017.01.24-17.59.10:963][453]Cmd: OBJ SAVEPACKAGE PACKAGE="/Game/UI/Bilder/InventarHintergrund" FILE="../../../../../../MP2/project_nomad/Project_Nomand/Content/UI/Bilder/InventarHintergrund.uasset" SILENT=true
[2017.01.24-17.59.11:022][453]LogSavePackage: Save=57.80ms
[2017.01.24-17.59.11:022][453]LogSavePackage: Moving '../../../../../../MP2/project_nomad/Project_Nomand/Saved/InventarHintergrund6EA33ACC40AE3AB327D22780C10D0AE8.tmp' to '../../../../../../MP2/project_nomad/Project_Nomand/Content/UI/Bilder/InventarHintergrund.uasset'
[2017.01.24-17.59.11:023][453]LogSavePackage:Display: Finished SavePackage ../../../../../../MP2/project_nomad/Project_Nomand/Content/UI/Bilder/InventarHintergrund.uasset
[2017.01.24-17.59.12:942][623]Cmd: QUIT_EDITOR
[2017.01.24-17.59.13:617][623]LogWindowsTextInputMethodSystem:Display: IME system now deactivated.
[2017.01.24-17.59.13:681][623]LogExit: Preparing to exit.
[2017.01.24-17.59.15:393][623]LogExit: Editor shut down
[2017.01.24-17.59.15:394][623]LogExit: Transaction tracking system shut down
[2017.01.24-17.59.17:200][623]LogObj: Freed 0b from 0 cluster array pools.
[2017.01.24-17.59.17:202][623]LogExit: Object subsystem successfully closed.
[2017.01.24-17.59.17:412][623]LogD3D11RHI: Shutdown
[2017.01.24-17.59.17:420][623]LogD3D11RHI: CleanupD3DDevice
[2017.01.24-17.59.17:587][623]LogD3D11RHI: ~FD3D11DynamicRHI
[2017.01.24-17.59.18:462][623]LogModuleManager: Shutting down and abandoning module MovieSceneCapture (216)
[2017.01.24-17.59.18:462][623]LogModuleManager: Shutting down and abandoning module SequencerWidgets (215)
[2017.01.24-17.59.18:462][623]LogModuleManager: Shutting down and abandoning module BlueprintGraph (214)
[2017.01.24-17.59.18:462][623]LogModuleManager: Shutting down and abandoning module HierarchicalLODOutliner (213)
[2017.01.24-17.59.18:470][623]LogModuleManager: Shutting down and abandoning module CrashTracker (212)
[2017.01.24-17.59.18:470][623]LogModuleManager: Shutting down and abandoning module SceneOutliner (211)
[2017.01.24-17.59.18:476][623]LogModuleManager: Shutting down and abandoning module WidgetCarousel (210)
[2017.01.24-17.59.18:491][623]LogModuleManager: Shutting down and abandoning module AddContentDialog (209)
[2017.01.24-17.59.18:519][623]LogModuleManager: Shutting down and abandoning module GameplayTags (208)
[2017.01.24-17.59.18:519][623]LogModuleManager: Shutting down and abandoning module EditorWidgets (207)
[2017.01.24-17.59.18:519][623]LogModuleManager: Shutting down and abandoning module CollectionManager (206)
[2017.01.24-17.59.18:541][623]LogModuleManager: Shutting down and abandoning module StatsViewer (205)
[2017.01.24-17.59.18:558][623]LogModuleManager: Shutting down and abandoning module FoliageEdit (204)
[2017.01.24-17.59.18:570][623]LogModuleManager: Shutting down and abandoning module LandscapeEditor (203)
[2017.01.24-17.59.18:587][623]LogModuleManager: Shutting down and abandoning module SceneDepthPickerMode (202)
[2017.01.24-17.59.18:587][623]LogModuleManager: Shutting down and abandoning module ActorPickerMode (201)
[2017.01.24-17.59.18:587][623]LogModuleManager: Shutting down and abandoning module GeometryMode (200)
[2017.01.24-17.59.18:587][623]LogModuleManager: Shutting down and abandoning module TextureAlignMode (199)
[2017.01.24-17.59.18:587][623]LogModuleManager: Shutting down and abandoning module BspMode (198)
[2017.01.24-17.59.18:595][623]LogModuleManager: Shutting down and abandoning module HardwareSurvey (197)
[2017.01.24-17.59.18:595][623]LogModuleManager: Shutting down and abandoning module SequenceRecorderSections (196)
[2017.01.24-17.59.18:595][623]LogModuleManager: Shutting down and abandoning module SequenceRecorder (195)
[2017.01.24-17.59.18:607][623]LogModuleManager: Shutting down and abandoning module AutomationWorker (194)
[2017.01.24-17.59.18:607][623]LogModuleManager: Shutting down and abandoning module MatineeToLevelSequence (193)
[2017.01.24-17.59.18:607][623]LogModuleManager: Shutting down and abandoning module PlacementMode (192)
[2017.01.24-17.59.18:625][623]LogModuleManager: Shutting down and abandoning module LevelSequenceEditor (191)
[2017.01.24-17.59.18:658][623]LogModuleManager: Shutting down and abandoning module CharacterAI (190)
[2017.01.24-17.59.18:658][623]LogModuleManager: Shutting down and abandoning module SmartSnapping (189)
[2017.01.24-17.59.18:658][623]LogModuleManager: Shutting down and abandoning module SessionServices (188)
[2017.01.24-17.59.18:658][623]LogModuleManager: Shutting down and abandoning module ViewportSnapping (187)
[2017.01.24-17.59.18:658][623]LogModuleManager: Shutting down and abandoning module LogVisualizer (186)
[2017.01.24-17.59.18:669][623]LogModuleManager: Shutting down and abandoning module GameProjectGeneration (185)
[2017.01.24-17.59.18:688][623]LogModuleManager: Shutting down and abandoning module IntroTutorials (184)
[2017.01.24-17.59.18:707][623]LogModuleManager: Shutting down and abandoning module EditorLiveStreaming (183)
[2017.01.24-17.59.18:707][623]LogModuleManager: Shutting down and abandoning module IOSPlatformEditor (182)
[2017.01.24-17.59.18:717][623]LogModuleManager: Shutting down and abandoning module HTML5PlatformEditor (181)
[2017.01.24-17.59.18:717][623]LogModuleManager: Shutting down and abandoning module AndroidDeviceDetection (180)
[2017.01.24-17.59.19:043][623]LogModuleManager: Shutting down and abandoning module AndroidPlatformEditor (179)
[2017.01.24-17.59.19:059][623]LogModuleManager: Shutting down and abandoning module IOSRuntimeSettings (178)
[2017.01.24-17.59.19:059][623]LogModuleManager: Shutting down and abandoning module AndroidRuntimeSettings (177)
[2017.01.24-17.59.19:059][623]LogModuleManager: Shutting down and abandoning module MergeActors (176)
[2017.01.24-17.59.19:073][623]LogModuleManager: Shutting down and abandoning module SizeMap (175)
[2017.01.24-17.59.19:074][623]LogModuleManager: Shutting down and abandoning module TreeMap (174)
[2017.01.24-17.59.19:098][623]LogModuleManager: Shutting down and abandoning module ReferenceViewer (173)
[2017.01.24-17.59.19:111][623]LogModuleManager: Shutting down and abandoning module LocalizationService (172)
[2017.01.24-17.59.19:122][623]LogModuleManager: Shutting down and abandoning module LocalizationDashboard (171)
[2017.01.24-17.59.19:131][623]LogModuleManager: Shutting down and abandoning module HardwareTargeting (170)
[2017.01.24-17.59.19:149][623]LogModuleManager: Shutting down and abandoning module DeviceProfileEditor (169)
[2017.01.24-17.59.19:158][623]LogModuleManager: Shutting down and abandoning module UndoHistory (168)
[2017.01.24-17.59.19:176][623]LogModuleManager: Shutting down and abandoning module UserFeedback (167)
[2017.01.24-17.59.19:176][623]LogModuleManager: Shutting down and abandoning module XmlParser (166)
[2017.01.24-17.59.19:177][623]LogModuleManager: Shutting down and abandoning module Blutility (165)
[2017.01.24-17.59.19:194][623]LogModuleManager: Shutting down and abandoning module ProjectTargetPlatformEditor (164)
[2017.01.24-17.59.19:210][623]LogModuleManager: Shutting down and abandoning module ProjectSettingsViewer (163)
[2017.01.24-17.59.19:210][623]LogModuleManager: Shutting down and abandoning module InputBindingEditor (162)
[2017.01.24-17.59.19:236][623]LogModuleManager: Shutting down and abandoning module EditorSettingsViewer (161)
[2017.01.24-17.59.19:236][623]LogModuleManager: Shutting down and abandoning module SettingsEditor (160)
[2017.01.24-17.59.19:256][623]LogModuleManager: Shutting down and abandoning module ProjectLauncher (159)
[2017.01.24-17.59.19:281][623]LogModuleManager: Shutting down and abandoning module SessionFrontend (158)
[2017.01.24-17.59.19:302][623]LogModuleManager: Shutting down and abandoning module ProfilerClient (157)
[2017.01.24-17.59.19:317][623]LogModuleManager: Shutting down and abandoning module TargetDeviceServices (156)
[2017.01.24-17.59.19:329][623]LogModuleManager: Shutting down and abandoning module DeviceManager (155)
[2017.01.24-17.59.19:393][623]LogModuleManager: Shutting down and abandoning module AutomationController (154)
[2017.01.24-17.59.19:405][623]LogModuleManager: Shutting down and abandoning module AutomationWindow (153)
[2017.01.24-17.59.19:420][623]LogModuleManager: Shutting down and abandoning module Layers (152)
[2017.01.24-17.59.19:434][623]LogModuleManager: Shutting down and abandoning module ComponentVisualizers (151)
[2017.01.24-17.59.19:434][623]LogModuleManager: Shutting down and abandoning module DetailCustomizations (150)
[2017.01.24-17.59.19:457][623]LogModuleManager: Shutting down and abandoning module PackagesDialog (149)
[2017.01.24-17.59.19:457][623]LogModuleManager: Shutting down and abandoning module Persona (148)
[2017.01.24-17.59.19:464][623]LogModuleManager: Shutting down and abandoning module Kismet (147)
[2017.01.24-17.59.19:464][623]LogModuleManager: Shutting down and abandoning module GraphEditor (146)
[2017.01.24-17.59.19:464][623]LogModuleManager: Shutting down and abandoning module ClassViewer (145)
[2017.01.24-17.59.19:480][623]LogModuleManager: Shutting down and abandoning module Toolbox (144)
[2017.01.24-17.59.19:493][623]LogModuleManager: Shutting down and abandoning module ModuleUI (143)
[2017.01.24-17.59.19:508][623]LogModuleManager: Shutting down and abandoning module MovieSceneTools (142)
[2017.01.24-17.59.19:524][623]LogModuleManager: Shutting down and abandoning module OutputLog (141)
[2017.01.24-17.59.19:543][623]LogModuleManager: Shutting down and abandoning module GammaUI (140)
[2017.01.24-17.59.19:563][623]LogModuleManager: Shutting down and abandoning module Documentation (139)
[2017.01.24-17.59.19:563][623]LogModuleManager: Shutting down and abandoning module StreamingPauseRendering (138)
[2017.01.24-17.59.19:563][623]LogModuleManager: Shutting down and abandoning module AnalyticsET (137)
[2017.01.24-17.59.19:563][623]LogModuleManager: Shutting down and abandoning module Analytics (136)
[2017.01.24-17.59.19:563][623]LogModuleManager: Shutting down and abandoning module PortalServices (135)
[2017.01.24-17.59.19:563][623]LogModuleManager: Shutting down and abandoning module PortalRpc (134)
[2017.01.24-17.59.19:563][623]LogModuleManager: Shutting down and abandoning module MessagingRpc (133)
[2017.01.24-17.59.19:563][623]LogModuleManager: Shutting down and abandoning module GameplayDebugger (132)
[2017.01.24-17.59.19:563][623]LogModuleManager: Shutting down and abandoning module AITestSuite (131)
[2017.01.24-17.59.19:570][623]LogModuleManager: Shutting down and abandoning module AIModule (130)
[2017.01.24-17.59.19:570][623]LogModuleManager: Shutting down and abandoning module ProfilerService (129)
[2017.01.24-17.59.19:802][623]LogModuleManager: Shutting down and abandoning module TaskGraph (128)
[2017.01.24-17.59.19:814][623]LogModuleManager: Shutting down and abandoning module SlateRemote (127)
[2017.01.24-17.59.19:814][623]LogModuleManager: Shutting down and abandoning module SteamVRController (126)
[2017.01.24-17.59.19:814][623]LogModuleManager: Shutting down and abandoning module SteamVR (125)
[2017.01.24-17.59.19:814][623]LogModuleManager: Shutting down and abandoning module ProceduralMeshComponent (124)
[2017.01.24-17.59.19:814][623]LogModuleManager: Shutting down and abandoning module OculusLibrary (123)
[2017.01.24-17.59.19:814][623]LogModuleManager: Shutting down and abandoning module OculusInput (122)
[2017.01.24-17.59.19:814][623]LogModuleManager: Shutting down and abandoning module CustomMeshComponent (121)
[2017.01.24-17.59.19:824][623]LogModuleManager: Shutting down and abandoning module CableComponent (120)
[2017.01.24-17.59.19:824][623]LogModuleManager: Shutting down and abandoning module ArchVisCharacter (119)
[2017.01.24-17.59.19:824][623]LogModuleManager: Shutting down and abandoning module MediaPlayerEditor (118)
[2017.01.24-17.59.19:838][623]LogModuleManager: Shutting down and abandoning module HTML5Networking (117)
[2017.01.24-17.59.19:838][623]LogModuleManager: Shutting down and abandoning module SuperSearch (116)
[2017.01.24-17.59.19:838][623]LogModuleManager: Shutting down and abandoning module SuperSearchEditor (115)
[2017.01.24-17.59.19:838][623]LogModuleManager: Shutting down and abandoning module SpeedTreeImporter (114)
[2017.01.24-17.59.19:838][623]LogModuleManager: Shutting down and abandoning module PluginBrowser (113)
[2017.01.24-17.59.19:856][623]LogModuleManager: Shutting down and abandoning module EpicSurvey (112)
[2017.01.24-17.59.19:856][623]LogModuleManager: Shutting down and abandoning module DesktopPlatform (111)
[2017.01.24-17.59.19:874][623]LogModuleManager: Shutting down and abandoning module VisualStudioSourceCodeAccess (110)
[2017.01.24-17.59.19:874][623]LogModuleManager: Shutting down and abandoning module UObjectPlugin (109)
[2017.01.24-17.59.19:874][623]LogModuleManager: Shutting down and abandoning module SubversionSourceControl (108)
[2017.01.24-17.59.19:892][623]LogModuleManager: Shutting down and abandoning module PerforceSourceControl (107)
[2017.01.24-17.59.19:904][623]LogModuleManager: Shutting down and abandoning module SourceControl (106)
[2017.01.24-17.59.19:921][623]LogModuleManager: Shutting down and abandoning module GitSourceControl (105)
[2017.01.24-17.59.19:936][623]LogModuleManager: Shutting down and abandoning module LightPropagationVolumeEditor (104)
[2017.01.24-17.59.19:936][623]LogModuleManager: Shutting down and abandoning module PaperTiledImporter (103)
[2017.01.24-17.59.19:953][623]LogModuleManager: Shutting down and abandoning module PaperSpriteSheetImporter (102)
[2017.01.24-17.59.19:953][623]LogModuleManager: Shutting down and abandoning module MeshPaint (101)
[2017.01.24-17.59.19:967][623]LogModuleManager: Shutting down and abandoning module PixelInspectorModule (100)
[2017.01.24-17.59.19:992][623]LogModuleManager: Shutting down and abandoning module HotReload (99)
[2017.01.24-17.59.20:004][623]LogModuleManager: Shutting down and abandoning module MainFrame (98)
[2017.01.24-17.59.20:016][623]LogModuleManager: Shutting down and abandoning module LevelEditor (97)
[2017.01.24-17.59.20:026][623]LogModuleManager: Shutting down and abandoning module ContentBrowser (96)
[2017.01.24-17.59.20:028][623]LogModuleManager: Shutting down and abandoning module Paper2DEditor (95)
[2017.01.24-17.59.20:049][623]LogModuleManager: Shutting down and abandoning module UdpMessaging (94)
[2017.01.24-17.59.20:150][623]LogModuleManager: Shutting down and abandoning module LightPropagationVolumeRuntime (93)
[2017.01.24-17.59.20:150][623]LogModuleManager: Shutting down and abandoning module Paper2D (92)
[2017.01.24-17.59.20:168][623]LogModuleManager: Shutting down and abandoning module WindowsMoviePlayer (91)
[2017.01.24-17.59.20:168][623]LogModuleManager: Shutting down and abandoning module Media (90)
[2017.01.24-17.59.20:168][623]LogModuleManager: Shutting down and abandoning module WmfMedia (89)
[2017.01.24-17.59.20:181][623]LogModuleManager: Shutting down and abandoning module MediaAssets (88)
[2017.01.24-17.59.20:181][623]LogModuleManager: Shutting down and abandoning module GameLiveStreaming (87)
[2017.01.24-17.59.20:181][623]LogModuleManager: Shutting down and abandoning module GameplayTagsEditor (86)
[2017.01.24-17.59.20:181][623]LogModuleManager: Shutting down and abandoning module OnlineBlueprintSupport (85)
[2017.01.24-17.59.20:181][623]LogModuleManager: Shutting down and abandoning module VREditor (84)
[2017.01.24-17.59.20:192][623]LogModuleManager: Shutting down and abandoning module GameplayTasksEditor (83)
[2017.01.24-17.59.20:192][623]LogModuleManager: Shutting down and abandoning module PropertyEditor (82)
[2017.01.24-17.59.20:206][623]LogModuleManager: Shutting down and abandoning module BehaviorTreeEditor (81)
[2017.01.24-17.59.20:248][623]LogModuleManager: Shutting down and abandoning module FunctionalTesting (80)
[2017.01.24-17.59.20:248][623]LogModuleManager: Shutting down and abandoning module CollisionAnalyzer (79)
[2017.01.24-17.59.20:266][623]LogModuleManager: Shutting down and abandoning module Sequencer (78)
[2017.01.24-17.59.20:266][623]LogModuleManager: Shutting down and abandoning module WorkspaceMenuStructure (77)
[2017.01.24-17.59.20:266][623]LogModuleManager: Shutting down and abandoning module MessageLog (76)
[2017.01.24-17.59.20:266][623]LogModuleManager: Shutting down and abandoning module AssetTools (75)
[2017.01.24-17.59.20:293][623]LogModuleManager: Shutting down and abandoning module UMGEditor (74)
[2017.01.24-17.59.20:293][623]LogModuleManager: Shutting down and abandoning module UMG (73)
[2017.01.24-17.59.20:293][623]LogModuleManager: Shutting down and abandoning module SlateReflector (72)
[2017.01.24-17.59.20:335][623]LogModuleManager: Shutting down and abandoning module Slate (71)
[2017.01.24-17.59.20:335][623]LogModuleManager: Shutting down and abandoning module EditorStyle (70)
[2017.01.24-17.59.20:337][623]LogModuleManager: Shutting down and abandoning module SourceCodeAccess (69)
[2017.01.24-17.59.20:337][623]LogModuleManager: Shutting down and abandoning module HeadMountedDisplay (68)
[2017.01.24-17.59.20:337][623]LogModuleManager: Shutting down and abandoning module XAudio2 (67)
[2017.01.24-17.59.20:337][623]LogModuleManager: Shutting down and abandoning module Networking (65)
[2017.01.24-17.59.20:337][623]LogModuleManager: Shutting down and abandoning module Core (64)
[2017.01.24-17.59.20:337][623]LogModuleManager: Shutting down and abandoning module DirectoryWatcher (63)
[2017.01.24-17.59.20:342][623]LogModuleManager: Shutting down and abandoning module AssetRegistry (62)
[2017.01.24-17.59.20:586][623]LogModuleManager: Shutting down and abandoning module KismetCompiler (61)
[2017.01.24-17.59.20:586][623]LogModuleManager: Shutting down and abandoning module PhysXFormats (60)
[2017.01.24-17.59.20:586][623]LogModuleManager: Shutting down and abandoning module MeshUtilities (59)
[2017.01.24-17.59.20:602][623]LogModuleManager: Shutting down and abandoning module DerivedDataCache (58)
[2017.01.24-17.59.20:694][623]LogDerivedDataCache: Shutdown
[2017.01.24-17.59.20:694][623]LogModuleManager: Shutting down and abandoning module VulkanShaderFormat (57)
[2017.01.24-17.59.20:707][623]LogModuleManager: Shutting down and abandoning module ShaderFormatOpenGL (56)
[2017.01.24-17.59.20:726][623]LogModuleManager: Shutting down and abandoning module ShaderFormatD3D (55)
[2017.01.24-17.59.20:726][623]LogModuleManager: Shutting down and abandoning module MetalShaderFormat (54)
[2017.01.24-17.59.20:741][623]LogModuleManager: Shutting down and abandoning module TextureFormatUncompressed (53)
[2017.01.24-17.59.20:741][623]LogModuleManager: Shutting down and abandoning module TextureFormatPVR (52)
[2017.01.24-17.59.20:741][623]LogModuleManager: Shutting down and abandoning module TextureFormatIntelISPCTexComp (51)
[2017.01.24-17.59.20:741][623]LogModuleManager: Shutting down and abandoning module TextureFormatDXT (50)
[2017.01.24-17.59.20:742][623]LogModuleManager: Shutting down and abandoning module ImageWrapper (49)
[2017.01.24-17.59.20:742][623]LogModuleManager: Shutting down and abandoning module TextureFormatASTC (48)
[2017.01.24-17.59.20:742][623]LogModuleManager: Shutting down and abandoning module TextureFormatAndroid (47)
[2017.01.24-17.59.20:742][623]LogModuleManager: Shutting down and abandoning module AudioFormatOpus (46)
[2017.01.24-17.59.20:759][623]LogModuleManager: Shutting down and abandoning module AudioFormatOgg (45)
[2017.01.24-17.59.20:759][623]LogModuleManager: Shutting down and abandoning module AudioFormatADPCM (44)
[2017.01.24-17.59.20:759][623]LogModuleManager: Shutting down and abandoning module LinuxTargetPlatform (43)
[2017.01.24-17.59.20:759][623]LogModuleManager: Shutting down and abandoning module LinuxServerTargetPlatform (42)
[2017.01.24-17.59.20:759][623]LogModuleManager: Shutting down and abandoning module LinuxNoEditorTargetPlatform (41)
[2017.01.24-17.59.20:759][623]LogModuleManager: Shutting down and abandoning module TVOSTargetPlatform (40)
[2017.01.24-17.59.20:759][623]LogModuleManager: Shutting down and abandoning module Messaging (39)
[2017.01.24-17.59.20:759][623]LogModuleManager: Shutting down and abandoning module IOSTargetPlatform (38)
[2017.01.24-17.59.20:759][623]LogModuleManager: Shutting down and abandoning module HTML5TargetPlatform (37)
[2017.01.24-17.59.20:759][623]LogModuleManager: Shutting down and abandoning module Android_PVRTCTargetPlatform (36)
[2017.01.24-17.59.20:759][623]LogModuleManager: Shutting down and abandoning module Android_MultiTargetPlatform (35)
[2017.01.24-17.59.20:771][623]LogModuleManager: Shutting down and abandoning module Android_ETC2TargetPlatform (34)
[2017.01.24-17.59.20:771][623]LogModuleManager: Shutting down and abandoning module Android_ETC1TargetPlatform (33)
[2017.01.24-17.59.20:771][623]LogModuleManager: Shutting down and abandoning module Android_DXTTargetPlatform (32)
[2017.01.24-17.59.20:771][623]LogModuleManager: Shutting down and abandoning module Android_ATCTargetPlatform (31)
[2017.01.24-17.59.20:771][623]LogModuleManager: Shutting down and abandoning module Android_ASTCTargetPlatform (30)
[2017.01.24-17.59.20:771][623]LogModuleManager: Shutting down and abandoning module AndroidTargetPlatform (29)
[2017.01.24-17.59.20:771][623]LogModuleManager: Shutting down and abandoning module WindowsTargetPlatform (28)
[2017.01.24-17.59.20:771][623]LogModuleManager: Shutting down and abandoning module WindowsServerTargetPlatform (27)
[2017.01.24-17.59.20:771][623]LogModuleManager: Shutting down and abandoning module WindowsNoEditorTargetPlatform (26)
[2017.01.24-17.59.20:771][623]LogModuleManager: Shutting down and abandoning module WindowsClientTargetPlatform (25)
[2017.01.24-17.59.20:771][623]LogModuleManager: Shutting down and abandoning module AllDesktopTargetPlatform (24)
[2017.01.24-17.59.20:771][623]LogModuleManager: Shutting down and abandoning module TargetPlatform (23)
[2017.01.24-17.59.20:789][623]LogModuleManager: Shutting down and abandoning module InputCore (22)
[2017.01.24-17.59.20:789][623]LogModuleManager: Shutting down and abandoning module Settings (21)
[2017.01.24-17.59.20:789][623]LogModuleManager: Shutting down and abandoning module OnlineSubsystem (19)
[2017.01.24-17.59.20:801][623]LogModuleManager: Shutting down and abandoning module HTTP (18)
[2017.01.24-17.59.23:805][623]LogModuleManager: Shutting down and abandoning module XMPP (17)
[2017.01.24-17.59.23:817][623]LogModuleManager: Shutting down and abandoning module OculusRift (16)
[2017.01.24-17.59.23:840][623]LogModuleManager: Shutting down and abandoning module ExampleDeviceProfileSelector (15)
[2017.01.24-17.59.23:840][623]LogModuleManager: Shutting down and abandoning module TextureCompressor (14)
[2017.01.24-17.59.23:840][623]LogModuleManager: Shutting down and abandoning module ShaderCore (13)
[2017.01.24-17.59.23:840][623]LogModuleManager: Shutting down and abandoning module Landscape (12)
[2017.01.24-17.59.23:840][623]LogModuleManager: Shutting down and abandoning module SlateRHIRenderer (11)
[2017.01.24-17.59.23:870][623]LogModuleManager: Shutting down and abandoning module OpenGLDrv (10)
[2017.01.24-17.59.23:885][623]LogModuleManager: Shutting down and abandoning module D3D11RHI (9)
[2017.01.24-17.59.23:885][623]LogModuleManager: Shutting down and abandoning module AnimGraphRuntime (8)
[2017.01.24-17.59.23:885][623]LogModuleManager: Shutting down and abandoning module Renderer (7)
[2017.01.24-17.59.23:885][623]LogModuleManager: Shutting down and abandoning module Engine (6)
[2017.01.24-17.59.23:885][623]LogModuleManager: Shutting down and abandoning module CoreUObject (5)
[2017.01.24-17.59.23:885][623]LogModuleManager: Shutting down and abandoning module NetworkFile (4)
[2017.01.24-17.59.23:896][623]LogModuleManager: Shutting down and abandoning module StreamingFile (3)
[2017.01.24-17.59.23:896][623]LogModuleManager: Shutting down and abandoning module SandboxFile (2)
[2017.01.24-17.59.23:914][623]LogModuleManager: Shutting down and abandoning module PakFile (1)
[2017.01.24-17.59.23:943][623]LogExit: Exiting.
[2017.01.24-17.59.23:948][623]Log file closed, 01/24/17 18:59:23
