Log file open, 01/29/17 11:51:47
LogInit:Display: Running engine for game: Project_Nomand
LogPlatformFile: Not using cached read wrapper
LogInit:Display: RandInit(532147591) SRandInit(532147592).
LogTaskGraph: Started task graph with 4 named threads and 7 total threads with 1 sets of task threads.
LogStats: Stats thread started at 0.134764
LogInit: Version: 4.12.5-3039270+++UE4+Release-4.12
LogInit: API Version: 2992821
LogInit: Net Version: 3039270
LogDevObjectVersion: Number of dev versions registered: 13
LogDevObjectVersion:   Dev-Blueprints (B0D832E4-1F89-4F0D-ACCF-7EB736FD4AA2): 3
LogDevObjectVersion:   Dev-Build (E1C64328-A22C-4D53-A36C-8E866417BD8C): 0
LogDevObjectVersion:   Dev-Core (375EC13C-06E4-48FB-B500-84F0262A717E): 1
LogDevObjectVersion:   Dev-Editor (E4B068ED-F494-42E9-A231-DA0B2E46BB41): 2
LogDevObjectVersion:   Dev-Framework (CFFC743F-43B0-4480-9391-14DF171D2073): 6
LogDevObjectVersion:   Dev-Mobile (B02B49B5-BB20-44E9-A304-32B752E40360): 0
LogDevObjectVersion:   Dev-Networking (A4E4105C-59A1-49B5-A7C5-40C4547EDFEE): 0
LogDevObjectVersion:   Dev-Online (39C831C9-5AE6-47DC-9A44-9C173E1C8E7C): 0
LogDevObjectVersion:   Dev-Physics (78F01B33-EBEA-4F98-B9B4-84EACCB95AA2): 0
LogDevObjectVersion:   Dev-Platform (6631380F-2D4D-43E0-8009-CF276956A95A): 0
LogDevObjectVersion:   Dev-Rendering (12F88B9F-8875-4AFC-A67C-D90C383ABD29): 2
LogDevObjectVersion:   Dev-Sequencer (7B5AE74C-D270-4C10-A958-57980B212A5A): 0
LogDevObjectVersion:   Dev-VR (D7296918-1DD6-4BDD-9DE2-64A83CC13884): 0
LogInit: Compiled (64-bit): Jul  6 2016 09:09:46
LogInit: Compiled with Visual C++: 19.00.23026.00
LogInit: Build Configuration: Development
LogInit: Branch Name: ++UE4+Release-4.12
LogInit: Command line: -EpicPortal 
LogInit: Base directory: G:/UNI/Programme/Epic Games/4.12/Engine/Binaries/Win64/
LogInit: Installed Engine Build: 1
LogInit: Using libcurl 7.41.0
LogInit:  - built for x86_64-pc-win32
LogInit:  - supports SSL with WinSSL
LogInit:  - other features:
LogInit:      CURL_VERSION_SSL
LogInit:      CURL_VERSION_IPV6
LogInit:      CURL_VERSION_ASYNCHDNS
LogInit:      CURL_VERSION_LARGEFILE
LogInit:      CURL_VERSION_IDN
LogInit:  CurlRequestOptions (configurable via config and command line):
LogInit:  - bVerifyPeer = true  - Libcurl will verify peer certificate
LogInit:  - bUseHttpProxy = false  - Libcurl will NOT use HTTP proxy
LogInit:  - bDontReuseConnections = false  - Libcurl will reuse connections
LogInit:  - CertBundlePath = nullptr  - Libcurl will use whatever was configured at build time.
LogInit: Presizing for max 8388607 objects, including 0 objects not considered by GC, pre-allocating 0 bytes for permanent pool.
LogInit: Object subsystem initialized
[2017.01.29-10.51.47:662][  0]LogInit: Selected Device Profile: [Windows]
[2017.01.29-10.51.47:662][  0]LogInit: Applying CVar settings loaded from the selected device profile: [Windows]
[2017.01.29-10.51.47:693][  0]LogInit: Computer: DEX
[2017.01.29-10.51.47:693][  0]LogInit: User: Dextex
[2017.01.29-10.51.47:693][  0]LogInit: CPU Page size=65536, Cores=4
[2017.01.29-10.51.47:693][  0]LogInit: High frequency timer resolution =3.417976 MHz
[2017.01.29-10.51.47:693][  0]LogMemory: Memory total: Physical=15.9GB (16GB approx)
[2017.01.29-10.51.47:693][  0]LogMemory: Platform Memory Stats for Windows
[2017.01.29-10.51.47:693][  0]LogMemory: Process Physical Memory: 191.21 MB used, 191.21 MB peak
[2017.01.29-10.51.47:693][  0]LogMemory: Process Virtual Memory: 195.20 MB used, 195.20 MB peak
[2017.01.29-10.51.47:693][  0]LogMemory: Physical Memory: 11500.44 MB used, 16328.00 MB total
[2017.01.29-10.51.47:693][  0]LogMemory: Virtual Memory: 553.49 MB used, 134217728.00 MB total
[2017.01.29-10.51.48:068][  0]LogTextLocalizationManager: No translations for ('de-DE') exist, falling back to 'en' for localization and internationalization data.
[2017.01.29-10.51.48:479][  0]LogD3D11RHI: D3D11 adapters:
[2017.01.29-10.51.49:127][  0]LogD3D11RHI:    0. 'NVIDIA GeForce GTX 1080' (Feature Level 11_0)
[2017.01.29-10.51.49:127][  0]LogD3D11RHI:       8144/0/8164 MB DedicatedVideo/DedicatedSystem/SharedSystem, Outputs:2, VendorId:0x10de
[2017.01.29-10.51.49:130][  0]LogD3D11RHI:    1. 'Microsoft Basic Render Driver' (Feature Level 11_0)
[2017.01.29-10.51.49:130][  0]LogD3D11RHI:       0/0/8164 MB DedicatedVideo/DedicatedSystem/SharedSystem, Outputs:0, VendorId:0x1414
[2017.01.29-10.51.49:131][  0]LogD3D11RHI: Chosen D3D11 Adapter: 0
[2017.01.29-10.51.49:135][  0]LogD3D11RHI: Creating new Direct3DDevice
[2017.01.29-10.51.49:135][  0]LogD3D11RHI:     GPU DeviceId: 0x1b80 (for the marketing name, search the web for "GPU Device Id")
[2017.01.29-10.51.49:135][  0]LogWindows: EnumDisplayDevices:
[2017.01.29-10.51.49:136][  0]LogWindows:    0. 'NVIDIA GeForce GTX 1080' (P:1 D:1)
[2017.01.29-10.51.49:136][  0]LogWindows:    1. 'NVIDIA GeForce GTX 1080' (P:0 D:1)
[2017.01.29-10.51.49:137][  0]LogWindows:    2. 'NVIDIA GeForce GTX 1080' (P:0 D:0)
[2017.01.29-10.51.49:138][  0]LogWindows:    3. 'NVIDIA GeForce GTX 1080' (P:0 D:0)
[2017.01.29-10.51.49:139][  0]LogWindows: DebugString: FoundDriverCount:4 
[2017.01.29-10.51.49:139][  0]LogD3D11RHI:     Adapter Name: NVIDIA GeForce GTX 1080
[2017.01.29-10.51.49:139][  0]LogD3D11RHI:   Driver Version: 376.33 (internal:21.21.13.7633, unified:376.33)
[2017.01.29-10.51.49:139][  0]LogD3D11RHI:      Driver Date: 12-11-2016
[2017.01.29-10.51.49:139][  0]LogRHI: Texture pool is 1361 MB (70% of 1945 MB)
[2017.01.29-10.51.49:639][  0]LogD3D11RHI: Async texture creation enabled
[2017.01.29-10.51.49:703][  0]LogD3D11RHI: GPU Timing Frequency: 1000.000000 (Debug: 2 1)
[2017.01.29-10.51.49:703][  0]LogShaderCompilers: Guid format shader working directory is -4 characters bigger than the processId version (../../../../../../MP2/project_nomad/Project_Nomand/Intermediate/Shaders/WorkingDirectory/14980/).
[2017.01.29-10.51.49:703][  0]LogShaderCompilers: Cleaned the shader compiler working directory 'C:/Users/Dextex/AppData/Local/Temp/UnrealShaderWorkingDir/C051452043E170A7F0F3D8A4069D960F/'.
[2017.01.29-10.51.49:704][  0]LogShaderCompilers:Display: Using Local Shader Compiler.
[2017.01.29-10.51.50:748][  0]LogTemp:Display: Loaded TP AllDesktopTargetPlatform
[2017.01.29-10.51.50:757][  0]LogTemp:Display: Loaded TP WindowsClientTargetPlatform
[2017.01.29-10.51.50:767][  0]LogTemp:Display: Loaded TP WindowsNoEditorTargetPlatform
[2017.01.29-10.51.50:777][  0]LogTemp:Display: Loaded TP WindowsServerTargetPlatform
[2017.01.29-10.51.50:787][  0]LogTemp:Display: Loaded TP WindowsTargetPlatform
[2017.01.29-10.51.50:794][  0]LogTemp:Display: Loaded TP AndroidTargetPlatform
[2017.01.29-10.51.50:803][  0]LogTemp:Display: Loaded TP Android_ASTCTargetPlatform
[2017.01.29-10.51.50:811][  0]LogTemp:Display: Loaded TP Android_ATCTargetPlatform
[2017.01.29-10.51.50:819][  0]LogTemp:Display: Loaded TP Android_DXTTargetPlatform
[2017.01.29-10.51.50:826][  0]LogTemp:Display: Loaded TP Android_ETC1TargetPlatform
[2017.01.29-10.51.50:834][  0]LogTemp:Display: Loaded TP Android_ETC2TargetPlatform
[2017.01.29-10.51.50:851][  0]LogTemp:Display: Loaded TP Android_MultiTargetPlatform
[2017.01.29-10.51.50:851][  0]LogTemp:Display: Loaded TP Android_PVRTCTargetPlatform
[2017.01.29-10.51.50:852][  0]LogTemp:Display: Loaded TP HTML5TargetPlatform
[2017.01.29-10.51.50:875][  0]LogTemp:Display: Loaded TP IOSTargetPlatform
[2017.01.29-10.51.50:882][  0]LogTemp:Display: Loaded TP TVOSTargetPlatform
[2017.01.29-10.51.50:889][  0]LogTemp:Display: Loaded TP LinuxNoEditorTargetPlatform
[2017.01.29-10.51.50:897][  0]LogTemp:Display: Loaded TP LinuxServerTargetPlatform
[2017.01.29-10.51.50:905][  0]LogTemp:Display: Loaded TP LinuxTargetPlatform
[2017.01.29-10.51.50:905][  0]LogTargetPlatformManager:Display: Building Assets For Windows
[2017.01.29-10.51.51:011][  0]LogDerivedDataCache:Display: Max Cache Size: 512 MB
[2017.01.29-10.51.51:057][  0]LogDerivedDataCache: Loaded boot cache 0.05s 48MB C:/Users/Dextex/AppData/Local/UnrealEngine/4.12/DerivedDataCache/Boot.ddc.
[2017.01.29-10.51.51:058][  0]LogDerivedDataCache:Display: Loaded Boot cache: C:/Users/Dextex/AppData/Local/UnrealEngine/4.12/DerivedDataCache/Boot.ddc
[2017.01.29-10.51.51:058][  0]LogDerivedDataCache: FDerivedDataBackendGraph:  Pak pak cache file ../../../../../../MP2/project_nomad/Project_Nomand/DerivedDataCache/DDC.ddp not found, will not use a pak cache.
[2017.01.29-10.51.51:058][  0]LogDerivedDataCache: Unable to find inner node Pak for hierarchical cache Hierarchy.
[2017.01.29-10.51.51:058][  0]LogDerivedDataCache: FDerivedDataBackendGraph:  CompressedPak pak cache file ../../../../../../MP2/project_nomad/Project_Nomand/DerivedDataCache/Compressed.ddp not found, will not use a pak cache.
[2017.01.29-10.51.51:058][  0]LogDerivedDataCache: Unable to find inner node CompressedPak for hierarchical cache Hierarchy.
[2017.01.29-10.51.51:073][  0]LogDerivedDataCache:Display: Pak cache opened for reading ../../../Engine/DerivedDataCache/Compressed.ddp.
[2017.01.29-10.51.51:086][  0]LogDerivedDataCache: Using Local data cache path C:/Users/Dextex/AppData/Local/UnrealEngine/Common/DerivedDataCache: Writable
[2017.01.29-10.51.51:262][  0]LogInit: Selected Device Profile: [Windows]
[2017.01.29-10.51.51:263][  0]LogContentStreaming: Texture pool size is 0.00 MB
[2017.01.29-10.51.51:419][  0]LogMeshUtilities: No automatic mesh reduction module available
[2017.01.29-10.51.51:419][  0]LogMeshUtilities: No automatic mesh merging module available
[2017.01.29-10.51.51:419][  0]LogMeshUtilities: No distributed automatic mesh merging module available
[2017.01.29-10.51.51:664][  0]LogAssetRegistry: FAssetRegistry took 0.0219 seconds to start up
[2017.01.29-10.51.51:682][  0]LogPackageLocalizationCache: Processed 3 localized package path(s) for 1 prioritized culture(s) in 0.014732 seconds
[2017.01.29-10.51.51:688][  0]LogUObjectArray: 28739 objects as part of root set at end of initial load.
[2017.01.29-10.51.51:688][  0]LogUObjectAllocator: 5855632 out of 0 bytes used by permanent object pool.
[2017.01.29-10.51.51:688][  0]LogUObjectArray: CloseDisregardForGC: 0/0 objects in disregard for GC pool
[2017.01.29-10.51.51:698][  0]LogInit: WinSock: version 1.1 (2.2), MaxSocks=32767, MaxUdp=65467
[2017.01.29-10.51.51:891][  0]LogSlate: SlateFontCache - WITH_FREETYPE: 1, WITH_HARFBUZZ: 1
[2017.01.29-10.51.51:891][  0]LogSlate: SlateFontCache - WITH_FREETYPE: 1, WITH_HARFBUZZ: 1
[2017.01.29-10.51.52:591][  0]LogUdpMessaging: Initializing bridge on interface 0.0.0.0:0 to multicast group 230.0.0.1:6666.
[2017.01.29-10.51.52:822][  0]SourceControl: Info Source control is disabled
[2017.01.29-10.51.53:195][  0]LogEngine: Initializing Engine...
[2017.01.29-10.51.53:197][  0]LogHMD: SteamVR failed to initialize.  Err: 100
[2017.01.29-10.51.53:199][  0]LogHMD: SteamVR failed to initialize.  Err: 100
[2017.01.29-10.51.53:324][  0]LogAIModule: Creating AISystem for world NewWorld
[2017.01.29-10.51.53:366][  0]LogInit: XAudio2 using 'Lautsprecher (Realtek High Definition Audio)' : 2 channels at 48 kHz using 32 bits per sample (channel mask 0x3)
[2017.01.29-10.51.53:401][  0]LogInit: FAudioDevice initialized.
[2017.01.29-10.51.53:425][  0]LogDerivedDataCache: Saved boot cache 0.02s 48MB C:/Users/Dextex/AppData/Local/UnrealEngine/4.12/DerivedDataCache/Boot.ddc.
[2017.01.29-10.51.53:434][  0]LogInit: Texture streaming: Enabled
[2017.01.29-10.51.53:466][  0]LogInit: Transaction tracking system initialized
[2017.01.29-10.51.53:492][  0]BlueprintLog: New page: Editor Load
[2017.01.29-10.51.53:616][  0]LocalizationService: Info Localization service is disabled
[2017.01.29-10.51.53:690][  0]LogConsoleResponse:Display: 
[2017.01.29-10.51.53:789][  0]LogCook:Display: Max memory allowance for cook 8192mb
[2017.01.29-10.51.53:789][  0]LogCook:Display: Mobile HDR setting 1
[2017.01.29-10.51.53:920][  0]LogFileCache: Scanning file cache for directory 'G:/UNI/MP2/project_nomad/Project_Nomand/Content/' took 0.04s
[2017.01.29-10.51.53:920][  0]Cmd: MAP LOAD FILE="../../../../../../MP2/project_nomad/Project_Nomand/Content/Map/Map.umap" TEMPLATE=0 SHOWPROGRESS=1 FEATURELEVEL=3
[2017.01.29-10.51.53:967][  0]LightingResults: New page: Lighting Build
[2017.01.29-10.51.53:970][  0]MapCheck: New page: Map Check
[2017.01.29-10.51.53:970][  0]LightingResults: New page: Lighting Build
[2017.01.29-10.52.02:602][  0]LogAIModule: Creating AISystem for world Map
[2017.01.29-10.52.03:225][  0]LogEditorServer: Finished looking for orphan Actors (0.000 secs)
[2017.01.29-10.52.03:242][  0]Cmd: MAP CHECKDEP NOCLEARLOG
[2017.01.29-10.52.03:324][  0]MapCheck: Info Map check complete: 0 Error(s), 0 Warning(s), took 82.07ms to complete.
[2017.01.29-10.52.03:324][  0]LogFileHelpers: Loading map 'Map' took 9.404
[2017.01.29-10.52.03:655][  0]LogCollectionManager: Loaded 0 collections in 0.002283 seconds
[2017.01.29-10.52.03:704][  0]LogFileCache: Scanning file cache for directory 'G:/UNI/MP2/project_nomad/Project_Nomand/Saved/Collections/' took 0.01s
[2017.01.29-10.52.03:704][  0]LogFileCache: Scanning file cache for directory 'G:/UNI/MP2/project_nomad/Project_Nomand/Content/Developers/Dextex/Collections/' took 0.01s
[2017.01.29-10.52.03:704][  0]LogFileCache: Scanning file cache for directory 'G:/UNI/MP2/project_nomad/Project_Nomand/Content/Collections/' took 0.01s
[2017.01.29-10.52.03:704][  0]LogCollectionManager: Rebuilt the GUID cache for 0 collections in 0.000002 seconds
[2017.01.29-10.52.03:712][  0]LogContentBrowser: Native class hierarchy populated in 0.0077 seconds. Added 2047 classes and 369 folders.
[2017.01.29-10.52.03:717][  0]LogStats: UGameplayTagsManager::ConstructGameplayTagTree: Construct from data asset -  0.000 s
[2017.01.29-10.52.03:717][  0]LogStats: UGameplayTagsManager::ConstructGameplayTagTree: GameplayTagTreeChangedEvent.Broadcast -  0.000 s
[2017.01.29-10.52.03:718][  0]LogContentBrowser: Native class hierarchy updated for 'GameplayTags' in 0.0005 seconds. Added 12 classes and 0 folders.
[2017.01.29-10.52.03:724][  0]LogContentBrowser: Native class hierarchy updated for 'WidgetCarousel' in 0.0005 seconds. Added 0 classes and 0 folders.
[2017.01.29-10.52.05:123][  0]LogContentBrowser: Native class hierarchy updated for 'AddContentDialog' in 0.0006 seconds. Added 0 classes and 0 folders.
[2017.01.29-10.52.05:193][  0]LogContentBrowser: Native class hierarchy updated for 'SceneOutliner' in 0.0005 seconds. Added 1 classes and 2 folders.
[2017.01.29-10.52.05:296][  0]LogCrashTracker: Crashtracker disabled due to settings.
[2017.01.29-10.52.05:306][  0]LogUObjectGlobals:Warning: Failed to find object 'Class None.'
[2017.01.29-10.52.05:334][  0]LogContentBrowser: Native class hierarchy updated for 'HierarchicalLODOutliner' in 0.0006 seconds. Added 1 classes and 2 folders.
[2017.01.29-10.52.05:335][  0]LogLoad: Full Startup: 19.37 seconds (BP compile: 0.81 seconds)
[2017.01.29-10.52.05:335][  0]LogExternalProfiler: No external profilers were discovered.  External profiling features will not be available.
[2017.01.29-10.52.05:674][  0]LogOcInput: OculusInput pre-init called
[2017.01.29-10.52.05:842][  0]LogContentStreaming: Texture pool size now 1000 MB
[2017.01.29-10.52.05:946][  0]LogRenderer: Reallocating scene render targets to support 512x512 (Frame:1).
[2017.01.29-10.52.06:234][  0]LogRenderer: Reallocating scene render targets to support 1208x556 (Frame:2).
[2017.01.29-10.52.06:283][  1]Cmd: UpdateLandscapeEditorData -warnings
[2017.01.29-10.52.06:683][  2]LogAssetRegistry: Asset discovery search completed in 15.0414 seconds
[2017.01.29-10.52.06:683][  2]LogCollectionManager: Rebuilt the object cache for 0 collections in 0.000001 seconds (found 0 objects)
[2017.01.29-10.52.06:683][  2]LogCollectionManager: Fixed up redirectors for 0 collections in 0.000021 seconds (updated 0 objects)
[2017.01.29-10.52.30:198][868]LogContentBrowser: Native class hierarchy updated for 'BlueprintGraph' in 0.0012 seconds. Added 111 classes and 0 folders.
[2017.01.29-10.52.40:772][885]LogRenderer: Reallocating scene render targets to support 1244x556 (Frame:1800).
[2017.01.29-11.00.37:316][139]BlueprintLog: New page: Compile UI_GameHUD
[2017.01.29-11.00.37:632][139]BlueprintEditorCompileResults: Info [0531.67] Compile of UI_GameHUD successful! [in 316 ms] (/Game/UI/UI_GameHUD.UI_GameHUD)
[2017.01.29-11.00.40:140][389]LogBlueprintUserMessages: Early PlayInEditor Detection: Level '/Game/Map/Map.Map:PersistentLevel' has LevelScriptBlueprint '/Game/Map/Map.Map:PersistentLevel.Map' with GeneratedClass '/Game/Map/Map.Map_C' with ClassGeneratedBy '/Game/Map/Map.Map:PersistentLevel.Map'
[2017.01.29-11.00.40:140][389]LogPlayLevel: PlayLevel: No blueprints needed recompiling
[2017.01.29-11.00.40:172][389]PIE: New page: PIE session: Map (Jan 29, 2017, 1:00:40 PM)
[2017.01.29-11.00.40:183][389]LogPlayLevel: Creating play world package: /Game/Map/UEDPIE_0_Map
[2017.01.29-11.00.40:286][389]LogPlayLevel: PIE: StaticDuplicateObject took: (0.102218s)
[2017.01.29-11.00.40:286][389]LogAIModule: Creating AISystem for world Map
[2017.01.29-11.00.40:286][389]LogPlayLevel: PIE: World Init took: (0.000532s)
[2017.01.29-11.00.40:287][389]LogPlayLevel: PIE: Created PIE world by copying editor world from /Game/Map/Map.Map to /Game/Map/UEDPIE_0_Map.Map (0.103232s)
[2017.01.29-11.00.40:369][389]LogInit: XAudio2 using 'Lautsprecher (Realtek High Definition Audio)' : 2 channels at 48 kHz using 32 bits per sample (channel mask 0x3)
[2017.01.29-11.00.40:395][389]LogInit: FAudioDevice initialized.
[2017.01.29-11.00.40:559][389]LogWorld: Game class is 'GameMode'
[2017.01.29-11.00.40:575][389]LogWorld: Bringing World /Game/Map/UEDPIE_0_Map.Map up for play (max tick rate 0) at 2017.01.29-12.00.40
[2017.01.29-11.00.40:596][389]LogWorld: Bringing up level for play took: 0.035963
[2017.01.29-11.00.40:651][389]LogContentBrowser: Native class hierarchy updated for 'MovieSceneCapture' in 0.0006 seconds. Added 11 classes and 0 folders.
[2017.01.29-11.00.40:662][389]LogSpawn:Warning: SpawnActor failed because of collision at the spawn location [X=8125.000 Y=955.000 Z=-40.000] for [AI_Greater_Spider_C]
[2017.01.29-11.00.40:663][389]PIE: Info Play in editor start time for /Game/Map/UEDPIE_0_Map 0.339
[2017.01.29-11.00.40:663][389]LogBlueprintUserMessages: Late PlayInEditor Detection: Level '/Game/Map/Map.Map:PersistentLevel' has LevelScriptBlueprint '/Game/Map/Map.Map:PersistentLevel.Map' with GeneratedClass '/Game/Map/Map.Map_C' with ClassGeneratedBy '/Game/Map/Map.Map:PersistentLevel.Map'
[2017.01.29-11.00.40:745][390]LogCharacterMovement:Warning: GetSimulationTimeStep() - Max iterations 8 hit while remaining time 0.062043 > MaxSimulationTimeStep (0.050) for 'Character_Controller_536', movement 'Walking'
[2017.01.29-11.00.41:651][488]LogBlueprintUserMessages: [Spawner_78] 0
[2017.01.29-11.00.41:651][488]LogSpawn:Warning: SpawnActor failed because of collision at the spawn location [X=8125.000 Y=955.000 Z=-40.000] for [AI_Greater_Spider_C]
[2017.01.29-11.00.42:484][588]LogBlueprintUserMessages: [Spawner_78] 0
[2017.01.29-11.00.42:484][588]LogSpawn:Warning: SpawnActor failed because of collision at the spawn location [X=8125.000 Y=955.000 Z=-40.000] for [AI_Greater_Spider_C]
[2017.01.29-11.00.43:343][688]LogBlueprintUserMessages: [Spawner_78] 0
[2017.01.29-11.00.43:343][688]LogSpawn:Warning: SpawnActor failed because of collision at the spawn location [X=8125.000 Y=955.000 Z=-40.000] for [AI_Greater_Spider_C]
[2017.01.29-11.00.44:176][788]LogBlueprintUserMessages: [Spawner_78] 0
[2017.01.29-11.00.44:177][788]LogSpawn:Warning: SpawnActor failed because of collision at the spawn location [X=8125.000 Y=955.000 Z=-40.000] for [AI_Greater_Spider_C]
[2017.01.29-11.00.45:010][888]LogBlueprintUserMessages: [Spawner_78] 0
[2017.01.29-11.00.45:011][888]LogSpawn:Warning: SpawnActor failed because of collision at the spawn location [X=8125.000 Y=955.000 Z=-40.000] for [AI_Greater_Spider_C]
[2017.01.29-11.00.45:867][988]LogBlueprintUserMessages: [Spawner_78] 0
[2017.01.29-11.00.45:868][988]LogSpawn:Warning: SpawnActor failed because of collision at the spawn location [X=8125.000 Y=955.000 Z=-40.000] for [AI_Greater_Spider_C]
[2017.01.29-11.00.46:702][ 88]LogBlueprintUserMessages: [Spawner_78] 0
[2017.01.29-11.00.46:703][ 88]LogSpawn:Warning: SpawnActor failed because of collision at the spawn location [X=8125.000 Y=955.000 Z=-40.000] for [AI_Greater_Spider_C]
[2017.01.29-11.00.47:252][154]LogScriptCore:Warning: Attempted to get an item from array TargetArray out of bounds [1/0]!

[2017.01.29-11.00.47:252][154]LogScriptCore:Warning: Attempted to get an item from array Inventory out of bounds [1/0]!

[2017.01.29-11.00.47:252][154]LogScriptCore:Warning: Attempted to get an item from array TargetArray out of bounds [2/0]!

[2017.01.29-11.00.47:253][154]LogScriptCore:Warning: Attempted to get an item from array Inventory out of bounds [2/0]!

[2017.01.29-11.00.47:253][154]LogScriptCore:Warning: Attempted to get an item from array TargetArray out of bounds [3/0]!

[2017.01.29-11.00.47:253][154]LogScriptCore:Warning: Attempted to get an item from array Inventory out of bounds [3/0]!

[2017.01.29-11.00.47:253][154]LogScriptCore:Warning: Attempted to get an item from array TargetArray out of bounds [4/0]!

[2017.01.29-11.00.47:253][154]LogScriptCore:Warning: Attempted to get an item from array Inventory out of bounds [4/0]!

[2017.01.29-11.00.47:253][154]LogScriptCore:Warning: Attempted to get an item from array TargetArray out of bounds [5/0]!

[2017.01.29-11.00.47:253][154]LogScriptCore:Warning: Attempted to get an item from array Inventory out of bounds [5/0]!

[2017.01.29-11.00.47:253][154]LogScriptCore:Warning: Attempted to get an item from array TargetArray out of bounds [6/0]!

[2017.01.29-11.00.47:253][154]LogScriptCore:Warning: Attempted to get an item from array Inventory out of bounds [6/0]!

[2017.01.29-11.00.47:253][154]LogScriptCore:Warning: Attempted to get an item from array TargetArray out of bounds [7/0]!

[2017.01.29-11.00.47:253][154]LogScriptCore:Warning: Attempted to get an item from array Inventory out of bounds [7/0]!

[2017.01.29-11.00.47:253][154]LogScriptCore:Warning: Attempted to get an item from array TargetArray out of bounds [8/0]!

[2017.01.29-11.00.47:253][154]LogScriptCore:Warning: Attempted to get an item from array Inventory out of bounds [8/0]!

[2017.01.29-11.00.47:253][154]LogScriptCore:Warning: Attempted to get an item from array TargetArray out of bounds [9/0]!

[2017.01.29-11.00.47:253][154]LogScriptCore:Warning: Attempted to get an item from array Inventory out of bounds [9/0]!

[2017.01.29-11.00.47:253][154]LogScriptCore:Warning: Attempted to get an item from array TargetArray out of bounds [10/0]!

[2017.01.29-11.00.47:253][154]LogScriptCore:Warning: Attempted to get an item from array Inventory out of bounds [10/0]!

[2017.01.29-11.00.47:253][154]LogScriptCore:Warning: Attempted to get an item from array TargetArray out of bounds [11/0]!

[2017.01.29-11.00.47:253][154]LogScriptCore:Warning: Attempted to get an item from array Inventory out of bounds [11/0]!

[2017.01.29-11.00.47:253][154]LogScriptCore:Warning: Attempted to get an item from array TargetArray out of bounds [12/0]!

[2017.01.29-11.00.47:253][154]LogScriptCore:Warning: Attempted to get an item from array Inventory out of bounds [12/0]!

[2017.01.29-11.00.47:254][154]LogScriptCore:Warning: Attempted to get an item from array TargetArray out of bounds [13/0]!

[2017.01.29-11.00.47:254][154]LogScriptCore:Warning: Attempted to get an item from array Inventory out of bounds [13/0]!

[2017.01.29-11.00.47:254][154]LogScriptCore:Warning: Attempted to get an item from array TargetArray out of bounds [14/0]!

[2017.01.29-11.00.47:254][154]LogScriptCore:Warning: Attempted to get an item from array Inventory out of bounds [14/0]!

[2017.01.29-11.00.47:254][154]LogScriptCore:Warning: Attempted to get an item from array TargetArray out of bounds [15/0]!

[2017.01.29-11.00.47:254][154]LogScriptCore:Warning: Attempted to get an item from array Inventory out of bounds [15/0]!

[2017.01.29-11.00.47:254][154]LogScriptCore:Warning: Attempted to get an item from array TargetArray out of bounds [16/0]!

[2017.01.29-11.00.47:254][154]LogScriptCore:Warning: Attempted to get an item from array Inventory out of bounds [16/0]!

[2017.01.29-11.00.47:254][154]LogScriptCore:Warning: Attempted to get an item from array TargetArray out of bounds [17/0]!

[2017.01.29-11.00.47:254][154]LogScriptCore:Warning: Attempted to get an item from array Inventory out of bounds [17/0]!

[2017.01.29-11.00.47:254][154]LogScriptCore:Warning: Attempted to get an item from array TargetArray out of bounds [18/0]!

[2017.01.29-11.00.47:254][154]LogScriptCore:Warning: Attempted to get an item from array Inventory out of bounds [18/0]!

[2017.01.29-11.00.47:254][154]LogScriptCore:Warning: Attempted to get an item from array TargetArray out of bounds [19/0]!

[2017.01.29-11.00.47:254][154]LogScriptCore:Warning: Attempted to get an item from array Inventory out of bounds [19/0]!

[2017.01.29-11.00.47:537][188]LogBlueprintUserMessages: [Spawner_78] 0
[2017.01.29-11.00.47:538][188]LogSpawn:Warning: SpawnActor failed because of collision at the spawn location [X=8125.000 Y=955.000 Z=-40.000] for [AI_Greater_Spider_C]
[2017.01.29-11.00.48:371][288]LogBlueprintUserMessages: [Spawner_78] 0
[2017.01.29-11.00.48:371][288]LogSpawn:Warning: SpawnActor failed because of collision at the spawn location [X=8125.000 Y=955.000 Z=-40.000] for [AI_Greater_Spider_C]
[2017.01.29-11.00.49:204][388]LogBlueprintUserMessages: [Spawner_78] 0
[2017.01.29-11.00.49:205][388]LogSpawn:Warning: SpawnActor failed because of collision at the spawn location [X=8125.000 Y=955.000 Z=-40.000] for [AI_Greater_Spider_C]
[2017.01.29-11.00.49:470][420]LogBlueprintUserMessages: [Character_Controller_536] 0
[2017.01.29-11.00.49:470][420]LogScriptCore:Warning: Attempted to get an item from array TargetArray out of bounds [0/0]!

[2017.01.29-11.00.49:470][420]LogScriptCore:Warning: Attempted to get an item from array Inventory out of bounds [0/0]!

[2017.01.29-11.00.49:470][420]LogScriptCore:Warning: Attempted to get an item from array TargetArray out of bounds [1/0]!

[2017.01.29-11.00.49:470][420]LogScriptCore:Warning: Attempted to get an item from array Inventory out of bounds [1/0]!

[2017.01.29-11.00.49:470][420]LogScriptCore:Warning: Attempted to get an item from array TargetArray out of bounds [2/0]!

[2017.01.29-11.00.49:470][420]LogScriptCore:Warning: Attempted to get an item from array Inventory out of bounds [2/0]!

[2017.01.29-11.00.49:470][420]LogScriptCore:Warning: Attempted to get an item from array TargetArray out of bounds [3/0]!

[2017.01.29-11.00.49:470][420]LogScriptCore:Warning: Attempted to get an item from array Inventory out of bounds [3/0]!

[2017.01.29-11.00.49:470][420]LogScriptCore:Warning: Attempted to get an item from array TargetArray out of bounds [4/0]!

[2017.01.29-11.00.49:470][420]LogScriptCore:Warning: Attempted to get an item from array Inventory out of bounds [4/0]!

[2017.01.29-11.00.49:470][420]LogScriptCore:Warning: Attempted to get an item from array TargetArray out of bounds [5/0]!

[2017.01.29-11.00.49:470][420]LogScriptCore:Warning: Attempted to get an item from array Inventory out of bounds [5/0]!

[2017.01.29-11.00.49:471][420]LogScriptCore:Warning: Attempted to get an item from array TargetArray out of bounds [6/0]!

[2017.01.29-11.00.49:471][420]LogScriptCore:Warning: Attempted to get an item from array Inventory out of bounds [6/0]!

[2017.01.29-11.00.49:471][420]LogScriptCore:Warning: Attempted to get an item from array TargetArray out of bounds [7/0]!

[2017.01.29-11.00.49:471][420]LogScriptCore:Warning: Attempted to get an item from array Inventory out of bounds [7/0]!

[2017.01.29-11.00.49:471][420]LogScriptCore:Warning: Attempted to get an item from array TargetArray out of bounds [8/0]!

[2017.01.29-11.00.49:471][420]LogScriptCore:Warning: Attempted to get an item from array Inventory out of bounds [8/0]!

[2017.01.29-11.00.49:471][420]LogScriptCore:Warning: Attempted to get an item from array TargetArray out of bounds [9/0]!

[2017.01.29-11.00.49:471][420]LogScriptCore:Warning: Attempted to get an item from array Inventory out of bounds [9/0]!

[2017.01.29-11.00.49:471][420]LogScriptCore:Warning: Attempted to get an item from array TargetArray out of bounds [10/0]!

[2017.01.29-11.00.49:471][420]LogScriptCore:Warning: Attempted to get an item from array Inventory out of bounds [10/0]!

[2017.01.29-11.00.49:471][420]LogScriptCore:Warning: Attempted to get an item from array TargetArray out of bounds [11/0]!

[2017.01.29-11.00.49:471][420]LogScriptCore:Warning: Attempted to get an item from array Inventory out of bounds [11/0]!

[2017.01.29-11.00.49:471][420]LogScriptCore:Warning: Attempted to get an item from array TargetArray out of bounds [12/0]!

[2017.01.29-11.00.49:471][420]LogScriptCore:Warning: Attempted to get an item from array Inventory out of bounds [12/0]!

[2017.01.29-11.00.49:471][420]LogScriptCore:Warning: Attempted to get an item from array TargetArray out of bounds [13/0]!

[2017.01.29-11.00.49:471][420]LogScriptCore:Warning: Attempted to get an item from array Inventory out of bounds [13/0]!

[2017.01.29-11.00.49:471][420]LogScriptCore:Warning: Attempted to get an item from array TargetArray out of bounds [14/0]!

[2017.01.29-11.00.49:471][420]LogScriptCore:Warning: Attempted to get an item from array Inventory out of bounds [14/0]!

[2017.01.29-11.00.49:471][420]LogScriptCore:Warning: Attempted to get an item from array TargetArray out of bounds [15/0]!

[2017.01.29-11.00.49:471][420]LogScriptCore:Warning: Attempted to get an item from array Inventory out of bounds [15/0]!

[2017.01.29-11.00.49:471][420]LogScriptCore:Warning: Attempted to get an item from array TargetArray out of bounds [16/0]!

[2017.01.29-11.00.49:471][420]LogScriptCore:Warning: Attempted to get an item from array Inventory out of bounds [16/0]!

[2017.01.29-11.00.49:472][420]LogScriptCore:Warning: Attempted to get an item from array TargetArray out of bounds [17/0]!

[2017.01.29-11.00.49:472][420]LogScriptCore:Warning: Attempted to get an item from array Inventory out of bounds [17/0]!

[2017.01.29-11.00.49:472][420]LogScriptCore:Warning: Attempted to get an item from array TargetArray out of bounds [18/0]!

[2017.01.29-11.00.49:472][420]LogScriptCore:Warning: Attempted to get an item from array Inventory out of bounds [18/0]!

[2017.01.29-11.00.49:472][420]LogScriptCore:Warning: Attempted to get an item from array TargetArray out of bounds [19/0]!

[2017.01.29-11.00.49:472][420]LogScriptCore:Warning: Attempted to get an item from array Inventory out of bounds [19/0]!

[2017.01.29-11.00.50:038][488]LogBlueprintUserMessages: [Spawner_78] 0
[2017.01.29-11.00.50:039][488]LogSpawn:Warning: SpawnActor failed because of collision at the spawn location [X=8125.000 Y=955.000 Z=-40.000] for [AI_Greater_Spider_C]
[2017.01.29-11.00.50:888][588]LogBlueprintUserMessages: [Spawner_78] 0
[2017.01.29-11.00.50:889][588]LogSpawn:Warning: SpawnActor failed because of collision at the spawn location [X=8125.000 Y=955.000 Z=-40.000] for [AI_Greater_Spider_C]
[2017.01.29-11.00.51:721][688]LogBlueprintUserMessages: [Spawner_78] 0
[2017.01.29-11.00.51:722][688]LogSpawn:Warning: SpawnActor failed because of collision at the spawn location [X=8125.000 Y=955.000 Z=-40.000] for [AI_Greater_Spider_C]
[2017.01.29-11.00.52:554][788]LogBlueprintUserMessages: [Spawner_78] 0
[2017.01.29-11.00.52:555][788]LogSpawn:Warning: SpawnActor failed because of collision at the spawn location [X=8125.000 Y=955.000 Z=-40.000] for [AI_Greater_Spider_C]
[2017.01.29-11.00.53:422][888]LogBlueprintUserMessages: [Spawner_78] 0
[2017.01.29-11.00.53:423][888]LogSpawn:Warning: SpawnActor failed because of collision at the spawn location [X=8125.000 Y=955.000 Z=-40.000] for [AI_Greater_Spider_C]
[2017.01.29-11.00.53:669][914]LogBlueprintUserMessages: [AgroCheck_test_C_1] Aus!
[2017.01.29-11.00.54:285][988]LogBlueprintUserMessages: [Spawner_78] 0
[2017.01.29-11.00.54:286][988]LogSpawn:Warning: SpawnActor failed because of collision at the spawn location [X=8125.000 Y=955.000 Z=-40.000] for [AI_Greater_Spider_C]
[2017.01.29-11.00.54:743][ 43]LogBlueprintUserMessages: [AgroCheck_test_C_1] Aus!
[2017.01.29-11.00.55:118][ 88]LogBlueprintUserMessages: [Spawner_78] 0
[2017.01.29-11.00.55:119][ 88]LogSpawn:Warning: SpawnActor failed because of collision at the spawn location [X=8125.000 Y=955.000 Z=-40.000] for [AI_Greater_Spider_C]
[2017.01.29-11.00.55:952][188]LogBlueprintUserMessages: [Spawner_78] 0
[2017.01.29-11.00.55:953][188]LogSpawn:Warning: SpawnActor failed because of collision at the spawn location [X=8125.000 Y=955.000 Z=-40.000] for [AI_Greater_Spider_C]
[2017.01.29-11.00.56:510][255]LogBlueprintUserMessages: [AgroCheck_test_C_1] Aus!
[2017.01.29-11.00.56:786][288]LogBlueprintUserMessages: [Spawner_78] 0
[2017.01.29-11.00.56:786][288]LogSpawn:Warning: SpawnActor failed because of collision at the spawn location [X=8125.000 Y=955.000 Z=-40.000] for [AI_Greater_Spider_C]
[2017.01.29-11.00.57:618][388]LogBlueprintUserMessages: [Spawner_78] 0
[2017.01.29-11.00.57:619][388]LogSpawn:Warning: SpawnActor failed because of collision at the spawn location [X=8125.000 Y=955.000 Z=-40.000] for [AI_Greater_Spider_C]
[2017.01.29-11.00.58:202][458]LogBlueprintUserMessages: [AgroCheck_test_C_1] Aus!
[2017.01.29-11.00.58:452][488]LogBlueprintUserMessages: [Spawner_78] 0
[2017.01.29-11.00.58:453][488]LogSpawn:Warning: SpawnActor failed because of collision at the spawn location [X=8125.000 Y=955.000 Z=-40.000] for [AI_Greater_Spider_C]
[2017.01.29-11.00.59:102][566]LogBlueprintUserMessages: [AgroCheck_test_C_1] Aus!
[2017.01.29-11.00.59:285][588]LogBlueprintUserMessages: [Spawner_78] 0
[2017.01.29-11.00.59:286][588]LogSpawn:Warning: SpawnActor failed because of collision at the spawn location [X=8125.000 Y=955.000 Z=-40.000] for [AI_Greater_Spider_C]
[2017.01.29-11.01.00:119][688]LogBlueprintUserMessages: [Spawner_78] 0
[2017.01.29-11.01.00:119][688]LogSpawn:Warning: SpawnActor failed because of collision at the spawn location [X=8125.000 Y=955.000 Z=-40.000] for [AI_Greater_Spider_C]
[2017.01.29-11.01.00:519][736]LogBlueprintUserMessages: [AgroCheck_test_C_1] Aus!
[2017.01.29-11.01.00:952][788]LogBlueprintUserMessages: [Spawner_78] 0
[2017.01.29-11.01.00:953][788]LogSpawn:Warning: SpawnActor failed because of collision at the spawn location [X=8125.000 Y=955.000 Z=-40.000] for [AI_Greater_Spider_C]
[2017.01.29-11.01.01:785][888]LogBlueprintUserMessages: [Spawner_78] 0
[2017.01.29-11.01.01:786][888]LogSpawn:Warning: SpawnActor failed because of collision at the spawn location [X=8125.000 Y=955.000 Z=-40.000] for [AI_Greater_Spider_C]
[2017.01.29-11.01.02:261][945]LogBlueprintUserMessages: [AgroCheck_test_C_1] Aus!
[2017.01.29-11.01.02:619][988]LogBlueprintUserMessages: [Spawner_78] 0
[2017.01.29-11.01.02:620][988]LogSpawn:Warning: SpawnActor failed because of collision at the spawn location [X=8125.000 Y=955.000 Z=-40.000] for [AI_Greater_Spider_C]
[2017.01.29-11.01.03:453][ 88]LogBlueprintUserMessages: [Spawner_78] 0
[2017.01.29-11.01.03:453][ 88]LogSpawn:Warning: SpawnActor failed because of collision at the spawn location [X=8125.000 Y=955.000 Z=-40.000] for [AI_Greater_Spider_C]
[2017.01.29-11.01.03:636][110]LogBlueprintUserMessages: [AgroCheck_test_C_1] Aus!
[2017.01.29-11.01.04:286][188]LogBlueprintUserMessages: [Spawner_78] 0
[2017.01.29-11.01.04:287][188]LogSpawn:Warning: SpawnActor failed because of collision at the spawn location [X=8125.000 Y=955.000 Z=-40.000] for [AI_Greater_Spider_C]
[2017.01.29-11.01.04:720][240]LogBlueprintUserMessages: [AgroCheck_test_C_1] Aus!
[2017.01.29-11.01.05:119][288]LogBlueprintUserMessages: [Spawner_78] 0
[2017.01.29-11.01.05:120][288]LogSpawn:Warning: SpawnActor failed because of collision at the spawn location [X=8125.000 Y=955.000 Z=-40.000] for [AI_Greater_Spider_C]
[2017.01.29-11.01.05:953][388]LogBlueprintUserMessages: [Spawner_78] 0
[2017.01.29-11.01.05:954][388]LogSpawn:Warning: SpawnActor failed because of collision at the spawn location [X=8125.000 Y=955.000 Z=-40.000] for [AI_Greater_Spider_C]
[2017.01.29-11.01.06:070][402]LogBlueprintUserMessages: [AgroCheck_test_C_1] Aus!
[2017.01.29-11.01.06:520][456]LogScript:Warning: Accessed None trying to read property Spawner
	Alive_Check_C /Game/Map/UEDPIE_0_Map.Map:PersistentLevel.AI_Test_Controler_C_0.BTComponent.Alive_Check_C_0
	Function /Game/AI/Alive_Check.Alive_Check_C:ExecuteUbergraph_Alive_Check:0085
[2017.01.29-11.01.06:520][456]PIE:Error: Error Blueprint Runtime Error: Accessed None trying to read property Spawner from function: 'ExecuteUbergraph_Alive_Check' from node: Remove Actor in graph: EventGraph in object: Alive_Check with description: Accessed None trying to read property Spawner
[2017.01.29-11.01.06:786][488]LogBlueprintUserMessages: [Spawner_78] 0
[2017.01.29-11.01.06:787][488]LogSpawn:Warning: SpawnActor failed because of collision at the spawn location [X=8125.000 Y=955.000 Z=-40.000] for [AI_Greater_Spider_C]
[2017.01.29-11.01.06:937][506]LogScript:Warning: Accessed None trying to read property Spawner
	Alive_Check_C /Game/Map/UEDPIE_0_Map.Map:PersistentLevel.AI_Test_Controler_C_0.BTComponent.Alive_Check_C_0
	Function /Game/AI/Alive_Check.Alive_Check_C:ExecuteUbergraph_Alive_Check:0085
[2017.01.29-11.01.06:937][506]PIE:Error: Error Blueprint Runtime Error: Accessed None trying to read property Spawner from function: 'ExecuteUbergraph_Alive_Check' from node: Remove Actor in graph: EventGraph in object: Alive_Check with description: Accessed None trying to read property Spawner
[2017.01.29-11.01.07:396][561]LogScript:Warning: Accessed None trying to read property Spawner
	Alive_Check_C /Game/Map/UEDPIE_0_Map.Map:PersistentLevel.AI_Test_Controler_C_0.BTComponent.Alive_Check_C_0
	Function /Game/AI/Alive_Check.Alive_Check_C:ExecuteUbergraph_Alive_Check:0085
[2017.01.29-11.01.07:396][561]PIE:Error: Error Blueprint Runtime Error: Accessed None trying to read property Spawner from function: 'ExecuteUbergraph_Alive_Check' from node: Remove Actor in graph: EventGraph in object: Alive_Check with description: Accessed None trying to read property Spawner
[2017.01.29-11.01.07:620][588]LogBlueprintUserMessages: [Spawner_78] 0
[2017.01.29-11.01.07:621][588]LogSpawn:Warning: SpawnActor failed because of collision at the spawn location [X=8125.000 Y=955.000 Z=-40.000] for [AI_Greater_Spider_C]
[2017.01.29-11.01.07:895][621]LogScript:Warning: Accessed None trying to read property Spawner
	Alive_Check_C /Game/Map/UEDPIE_0_Map.Map:PersistentLevel.AI_Test_Controler_C_0.BTComponent.Alive_Check_C_0
	Function /Game/AI/Alive_Check.Alive_Check_C:ExecuteUbergraph_Alive_Check:0085
[2017.01.29-11.01.07:895][621]PIE:Error: Error Blueprint Runtime Error: Accessed None trying to read property Spawner from function: 'ExecuteUbergraph_Alive_Check' from node: Remove Actor in graph: EventGraph in object: Alive_Check with description: Accessed None trying to read property Spawner
[2017.01.29-11.01.08:453][688]LogBlueprintUserMessages: [Spawner_78] 0
[2017.01.29-11.01.08:454][688]LogSpawn:Warning: SpawnActor failed because of collision at the spawn location [X=8125.000 Y=955.000 Z=-40.000] for [AI_Greater_Spider_C]
[2017.01.29-11.01.08:495][693]LogScript:Warning: Accessed None trying to read property Spawner
	Alive_Check_C /Game/Map/UEDPIE_0_Map.Map:PersistentLevel.AI_Test_Controler_C_0.BTComponent.Alive_Check_C_0
	Function /Game/AI/Alive_Check.Alive_Check_C:ExecuteUbergraph_Alive_Check:0085
[2017.01.29-11.01.08:495][693]PIE:Error: Error Blueprint Runtime Error: Accessed None trying to read property Spawner from function: 'ExecuteUbergraph_Alive_Check' from node: Remove Actor in graph: EventGraph in object: Alive_Check with description: Accessed None trying to read property Spawner
[2017.01.29-11.01.08:874][737]LogBlueprintUserMessages: Early EndPlayMap Detection: Level '/Game/Map/Map.Map:PersistentLevel' has LevelScriptBlueprint '/Game/Map/Map.Map:PersistentLevel.Map' with GeneratedClass '/Game/Map/Map.Map_C' with ClassGeneratedBy '/Game/Map/Map.Map:PersistentLevel.Map'
[2017.01.29-11.01.08:997][737]LogBlueprintUserMessages: Late EndPlayMap Detection: Level '/Game/Map/Map.Map:PersistentLevel' has LevelScriptBlueprint '/Game/Map/Map.Map:PersistentLevel.Map' with GeneratedClass '/Game/Map/Map.Map_C' with ClassGeneratedBy '/Game/Map/Map.Map:PersistentLevel.Map'
[2017.01.29-11.01.27:686][332]BlueprintLog: New page: Compile UI_GameHUD
[2017.01.29-11.01.27:785][332]BlueprintEditorCompileResults: Info [0581.82] Compile of UI_GameHUD successful! [in 98 ms] (/Game/UI/UI_GameHUD.UI_GameHUD)
[2017.01.29-11.01.28:692][405]Cmd: OBJ SAVEPACKAGE PACKAGE="/Game/UI/UI_GameHUD" FILE="../../../../../../MP2/project_nomad/Project_Nomand/Content/UI/UI_GameHUD.uasset" SILENT=true
[2017.01.29-11.01.28:735][405]LogSavePackage: Save=32.23ms
[2017.01.29-11.01.28:735][405]LogSavePackage: Moving '../../../../../../MP2/project_nomad/Project_Nomand/Saved/UI_GameHUD35183D1546852EFFAD0891BAA4270B04.tmp' to '../../../../../../MP2/project_nomad/Project_Nomand/Content/UI/UI_GameHUD.uasset'
[2017.01.29-11.01.28:738][405]LogSavePackage:Display: Finished SavePackage ../../../../../../MP2/project_nomad/Project_Nomand/Content/UI/UI_GameHUD.uasset
[2017.01.29-11.03.14:051][716]LogFileHelpers: Editor autosave (incl. sublevels) for '/Game/Map/Map' took 0.023
[2017.01.29-11.03.14:053][716]OBJ SavePackage: Generating thumbnails for [0] asset(s) in package [/Game/UI/UI_GameHUD] ([1] browsable assets)...
[2017.01.29-11.03.14:053][716]OBJ SavePackage: Finished generating thumbnails for package [/Game/UI/UI_GameHUD]
[2017.01.29-11.03.14:053][716]Cmd: OBJ SAVEPACKAGE PACKAGE="/Game/UI/UI_GameHUD" FILE="../../../../../../MP2/project_nomad/Project_Nomand/Saved/Autosaves/Game/UI/UI_GameHUD_Auto1.uasset" SILENT=false AUTOSAVING=true
[2017.01.29-11.03.14:089][716]LogSavePackage: Save=30.62ms
[2017.01.29-11.03.14:089][716]LogSavePackage: Moving '../../../../../../MP2/project_nomad/Project_Nomand/Saved/UI_GameHUD_Auto141F92D064D134CDF33E0F1B47841DF2F.tmp' to '../../../../../../MP2/project_nomad/Project_Nomand/Saved/Autosaves/Game/UI/UI_GameHUD_Auto1.uasset'
[2017.01.29-11.03.14:090][716]LogSavePackage:Display: Finished SavePackage ../../../../../../MP2/project_nomad/Project_Nomand/Saved/Autosaves/Game/UI/UI_GameHUD_Auto1.uasset
[2017.01.29-11.03.14:090][716]LogFileHelpers: Auto-saving content packages took 0.038
[2017.01.29-11.07.18:623][653]Cmd: OBJ SAVEPACKAGE PACKAGE="/Game/UI/UI_GameHUD" FILE="../../../../../../MP2/project_nomad/Project_Nomand/Content/UI/UI_GameHUD.uasset" SILENT=true
[2017.01.29-11.07.18:663][653]LogSavePackage: Save=30.44ms
[2017.01.29-11.07.18:663][653]LogSavePackage: Moving '../../../../../../MP2/project_nomad/Project_Nomand/Saved/UI_GameHUDAB31BF5A46B96478FB730094B3303D67.tmp' to '../../../../../../MP2/project_nomad/Project_Nomand/Content/UI/UI_GameHUD.uasset'
[2017.01.29-11.07.18:666][653]LogSavePackage:Display: Finished SavePackage ../../../../../../MP2/project_nomad/Project_Nomand/Content/UI/UI_GameHUD.uasset
[2017.01.29-11.07.20:199][814]LogWindowsTextInputMethodSystem:Display: IME system now deactivated.
[2017.01.29-11.07.20:379][815]Cmd: QUIT_EDITOR
[2017.01.29-11.07.21:121][815]LogExit: Preparing to exit.
[2017.01.29-11.07.22:119][815]LogExit: Editor shut down
[2017.01.29-11.07.22:119][815]LogExit: Transaction tracking system shut down
[2017.01.29-11.07.22:289][815]LogObj: Freed 0b from 0 cluster array pools.
[2017.01.29-11.07.22:289][815]LogExit: Object subsystem successfully closed.
[2017.01.29-11.07.22:305][815]LogD3D11RHI: Shutdown
[2017.01.29-11.07.22:305][815]LogD3D11RHI: CleanupD3DDevice
[2017.01.29-11.07.22:375][815]LogD3D11RHI: ~FD3D11DynamicRHI
[2017.01.29-11.07.22:381][815]LogModuleManager: Shutting down and abandoning module MovieSceneCapture (216)
[2017.01.29-11.07.22:381][815]LogModuleManager: Shutting down and abandoning module SequencerWidgets (215)
[2017.01.29-11.07.22:381][815]LogModuleManager: Shutting down and abandoning module BlueprintGraph (214)
[2017.01.29-11.07.22:381][815]LogModuleManager: Shutting down and abandoning module HierarchicalLODOutliner (213)
[2017.01.29-11.07.22:381][815]LogModuleManager: Shutting down and abandoning module CrashTracker (212)
[2017.01.29-11.07.22:381][815]LogModuleManager: Shutting down and abandoning module SceneOutliner (211)
[2017.01.29-11.07.22:381][815]LogModuleManager: Shutting down and abandoning module WidgetCarousel (210)
[2017.01.29-11.07.22:381][815]LogModuleManager: Shutting down and abandoning module AddContentDialog (209)
[2017.01.29-11.07.22:382][815]LogModuleManager: Shutting down and abandoning module GameplayTags (208)
[2017.01.29-11.07.22:382][815]LogModuleManager: Shutting down and abandoning module EditorWidgets (207)
[2017.01.29-11.07.22:382][815]LogModuleManager: Shutting down and abandoning module CollectionManager (206)
[2017.01.29-11.07.22:382][815]LogModuleManager: Shutting down and abandoning module StatsViewer (205)
[2017.01.29-11.07.22:382][815]LogModuleManager: Shutting down and abandoning module FoliageEdit (204)
[2017.01.29-11.07.22:382][815]LogModuleManager: Shutting down and abandoning module LandscapeEditor (203)
[2017.01.29-11.07.22:382][815]LogModuleManager: Shutting down and abandoning module SceneDepthPickerMode (202)
[2017.01.29-11.07.22:382][815]LogModuleManager: Shutting down and abandoning module ActorPickerMode (201)
[2017.01.29-11.07.22:382][815]LogModuleManager: Shutting down and abandoning module GeometryMode (200)
[2017.01.29-11.07.22:382][815]LogModuleManager: Shutting down and abandoning module TextureAlignMode (199)
[2017.01.29-11.07.22:382][815]LogModuleManager: Shutting down and abandoning module BspMode (198)
[2017.01.29-11.07.22:382][815]LogModuleManager: Shutting down and abandoning module HardwareSurvey (197)
[2017.01.29-11.07.22:382][815]LogModuleManager: Shutting down and abandoning module SequenceRecorderSections (196)
[2017.01.29-11.07.22:382][815]LogModuleManager: Shutting down and abandoning module SequenceRecorder (195)
[2017.01.29-11.07.22:382][815]LogModuleManager: Shutting down and abandoning module AutomationWorker (194)
[2017.01.29-11.07.22:382][815]LogModuleManager: Shutting down and abandoning module MatineeToLevelSequence (193)
[2017.01.29-11.07.22:383][815]LogModuleManager: Shutting down and abandoning module PlacementMode (192)
[2017.01.29-11.07.22:383][815]LogModuleManager: Shutting down and abandoning module LevelSequenceEditor (191)
[2017.01.29-11.07.22:383][815]LogModuleManager: Shutting down and abandoning module CharacterAI (190)
[2017.01.29-11.07.22:383][815]LogModuleManager: Shutting down and abandoning module SmartSnapping (189)
[2017.01.29-11.07.22:383][815]LogModuleManager: Shutting down and abandoning module SessionServices (188)
[2017.01.29-11.07.22:383][815]LogModuleManager: Shutting down and abandoning module ViewportSnapping (187)
[2017.01.29-11.07.22:383][815]LogModuleManager: Shutting down and abandoning module LogVisualizer (186)
[2017.01.29-11.07.22:383][815]LogModuleManager: Shutting down and abandoning module GameProjectGeneration (185)
[2017.01.29-11.07.22:383][815]LogModuleManager: Shutting down and abandoning module IntroTutorials (184)
[2017.01.29-11.07.22:383][815]LogModuleManager: Shutting down and abandoning module EditorLiveStreaming (183)
[2017.01.29-11.07.22:383][815]LogModuleManager: Shutting down and abandoning module IOSPlatformEditor (182)
[2017.01.29-11.07.22:383][815]LogModuleManager: Shutting down and abandoning module HTML5PlatformEditor (181)
[2017.01.29-11.07.22:383][815]LogModuleManager: Shutting down and abandoning module AndroidDeviceDetection (180)
[2017.01.29-11.07.23:025][815]LogModuleManager: Shutting down and abandoning module AndroidPlatformEditor (179)
[2017.01.29-11.07.23:025][815]LogModuleManager: Shutting down and abandoning module IOSRuntimeSettings (178)
[2017.01.29-11.07.23:025][815]LogModuleManager: Shutting down and abandoning module AndroidRuntimeSettings (177)
[2017.01.29-11.07.23:025][815]LogModuleManager: Shutting down and abandoning module MergeActors (176)
[2017.01.29-11.07.23:025][815]LogModuleManager: Shutting down and abandoning module SizeMap (175)
[2017.01.29-11.07.23:025][815]LogModuleManager: Shutting down and abandoning module TreeMap (174)
[2017.01.29-11.07.23:025][815]LogModuleManager: Shutting down and abandoning module ReferenceViewer (173)
[2017.01.29-11.07.23:025][815]LogModuleManager: Shutting down and abandoning module LocalizationService (172)
[2017.01.29-11.07.23:025][815]LogModuleManager: Shutting down and abandoning module LocalizationDashboard (171)
[2017.01.29-11.07.23:025][815]LogModuleManager: Shutting down and abandoning module HardwareTargeting (170)
[2017.01.29-11.07.23:025][815]LogModuleManager: Shutting down and abandoning module DeviceProfileEditor (169)
[2017.01.29-11.07.23:025][815]LogModuleManager: Shutting down and abandoning module UndoHistory (168)
[2017.01.29-11.07.23:025][815]LogModuleManager: Shutting down and abandoning module UserFeedback (167)
[2017.01.29-11.07.23:025][815]LogModuleManager: Shutting down and abandoning module XmlParser (166)
[2017.01.29-11.07.23:025][815]LogModuleManager: Shutting down and abandoning module Blutility (165)
[2017.01.29-11.07.23:025][815]LogModuleManager: Shutting down and abandoning module ProjectTargetPlatformEditor (164)
[2017.01.29-11.07.23:025][815]LogModuleManager: Shutting down and abandoning module ProjectSettingsViewer (163)
[2017.01.29-11.07.23:026][815]LogModuleManager: Shutting down and abandoning module InputBindingEditor (162)
[2017.01.29-11.07.23:026][815]LogModuleManager: Shutting down and abandoning module EditorSettingsViewer (161)
[2017.01.29-11.07.23:026][815]LogModuleManager: Shutting down and abandoning module SettingsEditor (160)
[2017.01.29-11.07.23:026][815]LogModuleManager: Shutting down and abandoning module ProjectLauncher (159)
[2017.01.29-11.07.23:026][815]LogModuleManager: Shutting down and abandoning module SessionFrontend (158)
[2017.01.29-11.07.23:026][815]LogModuleManager: Shutting down and abandoning module ProfilerClient (157)
[2017.01.29-11.07.23:026][815]LogModuleManager: Shutting down and abandoning module TargetDeviceServices (156)
[2017.01.29-11.07.23:026][815]LogModuleManager: Shutting down and abandoning module DeviceManager (155)
[2017.01.29-11.07.23:078][815]LogModuleManager: Shutting down and abandoning module AutomationController (154)
[2017.01.29-11.07.23:078][815]LogModuleManager: Shutting down and abandoning module AutomationWindow (153)
[2017.01.29-11.07.23:078][815]LogModuleManager: Shutting down and abandoning module Layers (152)
[2017.01.29-11.07.23:078][815]LogModuleManager: Shutting down and abandoning module ComponentVisualizers (151)
[2017.01.29-11.07.23:078][815]LogModuleManager: Shutting down and abandoning module DetailCustomizations (150)
[2017.01.29-11.07.23:078][815]LogModuleManager: Shutting down and abandoning module PackagesDialog (149)
[2017.01.29-11.07.23:078][815]LogModuleManager: Shutting down and abandoning module Persona (148)
[2017.01.29-11.07.23:078][815]LogModuleManager: Shutting down and abandoning module Kismet (147)
[2017.01.29-11.07.23:078][815]LogModuleManager: Shutting down and abandoning module GraphEditor (146)
[2017.01.29-11.07.23:078][815]LogModuleManager: Shutting down and abandoning module ClassViewer (145)
[2017.01.29-11.07.23:078][815]LogModuleManager: Shutting down and abandoning module Toolbox (144)
[2017.01.29-11.07.23:078][815]LogModuleManager: Shutting down and abandoning module ModuleUI (143)
[2017.01.29-11.07.23:078][815]LogModuleManager: Shutting down and abandoning module MovieSceneTools (142)
[2017.01.29-11.07.23:078][815]LogModuleManager: Shutting down and abandoning module OutputLog (141)
[2017.01.29-11.07.23:078][815]LogModuleManager: Shutting down and abandoning module GammaUI (140)
[2017.01.29-11.07.23:079][815]LogModuleManager: Shutting down and abandoning module Documentation (139)
[2017.01.29-11.07.23:079][815]LogModuleManager: Shutting down and abandoning module StreamingPauseRendering (138)
[2017.01.29-11.07.23:079][815]LogModuleManager: Shutting down and abandoning module AnalyticsET (137)
[2017.01.29-11.07.23:079][815]LogModuleManager: Shutting down and abandoning module Analytics (136)
[2017.01.29-11.07.23:079][815]LogModuleManager: Shutting down and abandoning module PortalServices (135)
[2017.01.29-11.07.23:079][815]LogModuleManager: Shutting down and abandoning module PortalRpc (134)
[2017.01.29-11.07.23:079][815]LogModuleManager: Shutting down and abandoning module MessagingRpc (133)
[2017.01.29-11.07.23:079][815]LogModuleManager: Shutting down and abandoning module GameplayDebugger (132)
[2017.01.29-11.07.23:079][815]LogModuleManager: Shutting down and abandoning module AITestSuite (131)
[2017.01.29-11.07.23:079][815]LogModuleManager: Shutting down and abandoning module AIModule (130)
[2017.01.29-11.07.23:079][815]LogModuleManager: Shutting down and abandoning module ProfilerService (129)
[2017.01.29-11.07.23:139][815]LogModuleManager: Shutting down and abandoning module TaskGraph (128)
[2017.01.29-11.07.23:139][815]LogModuleManager: Shutting down and abandoning module SlateRemote (127)
[2017.01.29-11.07.23:139][815]LogModuleManager: Shutting down and abandoning module SteamVRController (126)
[2017.01.29-11.07.23:139][815]LogModuleManager: Shutting down and abandoning module SteamVR (125)
[2017.01.29-11.07.23:139][815]LogModuleManager: Shutting down and abandoning module ProceduralMeshComponent (124)
[2017.01.29-11.07.23:139][815]LogModuleManager: Shutting down and abandoning module OculusLibrary (123)
[2017.01.29-11.07.23:139][815]LogModuleManager: Shutting down and abandoning module OculusInput (122)
[2017.01.29-11.07.23:139][815]LogModuleManager: Shutting down and abandoning module CustomMeshComponent (121)
[2017.01.29-11.07.23:139][815]LogModuleManager: Shutting down and abandoning module CableComponent (120)
[2017.01.29-11.07.23:139][815]LogModuleManager: Shutting down and abandoning module ArchVisCharacter (119)
[2017.01.29-11.07.23:139][815]LogModuleManager: Shutting down and abandoning module MediaPlayerEditor (118)
[2017.01.29-11.07.23:139][815]LogModuleManager: Shutting down and abandoning module HTML5Networking (117)
[2017.01.29-11.07.23:139][815]LogModuleManager: Shutting down and abandoning module SuperSearch (116)
[2017.01.29-11.07.23:139][815]LogModuleManager: Shutting down and abandoning module SuperSearchEditor (115)
[2017.01.29-11.07.23:139][815]LogModuleManager: Shutting down and abandoning module SpeedTreeImporter (114)
[2017.01.29-11.07.23:139][815]LogModuleManager: Shutting down and abandoning module PluginBrowser (113)
[2017.01.29-11.07.23:139][815]LogModuleManager: Shutting down and abandoning module EpicSurvey (112)
[2017.01.29-11.07.23:139][815]LogModuleManager: Shutting down and abandoning module DesktopPlatform (111)
[2017.01.29-11.07.23:139][815]LogModuleManager: Shutting down and abandoning module VisualStudioSourceCodeAccess (110)
[2017.01.29-11.07.23:139][815]LogModuleManager: Shutting down and abandoning module UObjectPlugin (109)
[2017.01.29-11.07.23:139][815]LogModuleManager: Shutting down and abandoning module SubversionSourceControl (108)
[2017.01.29-11.07.23:139][815]LogModuleManager: Shutting down and abandoning module PerforceSourceControl (107)
[2017.01.29-11.07.23:139][815]LogModuleManager: Shutting down and abandoning module SourceControl (106)
[2017.01.29-11.07.23:139][815]LogModuleManager: Shutting down and abandoning module GitSourceControl (105)
[2017.01.29-11.07.23:139][815]LogModuleManager: Shutting down and abandoning module LightPropagationVolumeEditor (104)
[2017.01.29-11.07.23:139][815]LogModuleManager: Shutting down and abandoning module PaperTiledImporter (103)
[2017.01.29-11.07.23:139][815]LogModuleManager: Shutting down and abandoning module PaperSpriteSheetImporter (102)
[2017.01.29-11.07.23:139][815]LogModuleManager: Shutting down and abandoning module MeshPaint (101)
[2017.01.29-11.07.23:139][815]LogModuleManager: Shutting down and abandoning module PixelInspectorModule (100)
[2017.01.29-11.07.23:139][815]LogModuleManager: Shutting down and abandoning module HotReload (99)
[2017.01.29-11.07.23:140][815]LogModuleManager: Shutting down and abandoning module MainFrame (98)
[2017.01.29-11.07.23:140][815]LogModuleManager: Shutting down and abandoning module LevelEditor (97)
[2017.01.29-11.07.23:140][815]LogModuleManager: Shutting down and abandoning module ContentBrowser (96)
[2017.01.29-11.07.23:141][815]LogModuleManager: Shutting down and abandoning module Paper2DEditor (95)
[2017.01.29-11.07.23:141][815]LogModuleManager: Shutting down and abandoning module UdpMessaging (94)
[2017.01.29-11.07.23:242][815]LogModuleManager: Shutting down and abandoning module LightPropagationVolumeRuntime (93)
[2017.01.29-11.07.23:242][815]LogModuleManager: Shutting down and abandoning module Paper2D (92)
[2017.01.29-11.07.23:242][815]LogModuleManager: Shutting down and abandoning module WindowsMoviePlayer (91)
[2017.01.29-11.07.23:242][815]LogModuleManager: Shutting down and abandoning module Media (90)
[2017.01.29-11.07.23:242][815]LogModuleManager: Shutting down and abandoning module WmfMedia (89)
[2017.01.29-11.07.23:242][815]LogModuleManager: Shutting down and abandoning module MediaAssets (88)
[2017.01.29-11.07.23:242][815]LogModuleManager: Shutting down and abandoning module GameLiveStreaming (87)
[2017.01.29-11.07.23:242][815]LogModuleManager: Shutting down and abandoning module GameplayTagsEditor (86)
[2017.01.29-11.07.23:242][815]LogModuleManager: Shutting down and abandoning module OnlineBlueprintSupport (85)
[2017.01.29-11.07.23:242][815]LogModuleManager: Shutting down and abandoning module VREditor (84)
[2017.01.29-11.07.23:242][815]LogModuleManager: Shutting down and abandoning module GameplayTasksEditor (83)
[2017.01.29-11.07.23:242][815]LogModuleManager: Shutting down and abandoning module PropertyEditor (82)
[2017.01.29-11.07.23:242][815]LogModuleManager: Shutting down and abandoning module BehaviorTreeEditor (81)
[2017.01.29-11.07.23:242][815]LogModuleManager: Shutting down and abandoning module FunctionalTesting (80)
[2017.01.29-11.07.23:242][815]LogModuleManager: Shutting down and abandoning module CollisionAnalyzer (79)
[2017.01.29-11.07.23:242][815]LogModuleManager: Shutting down and abandoning module Sequencer (78)
[2017.01.29-11.07.23:242][815]LogModuleManager: Shutting down and abandoning module WorkspaceMenuStructure (77)
[2017.01.29-11.07.23:242][815]LogModuleManager: Shutting down and abandoning module MessageLog (76)
[2017.01.29-11.07.23:242][815]LogModuleManager: Shutting down and abandoning module AssetTools (75)
[2017.01.29-11.07.23:242][815]LogModuleManager: Shutting down and abandoning module UMGEditor (74)
[2017.01.29-11.07.23:242][815]LogModuleManager: Shutting down and abandoning module UMG (73)
[2017.01.29-11.07.23:242][815]LogModuleManager: Shutting down and abandoning module SlateReflector (72)
[2017.01.29-11.07.23:242][815]LogModuleManager: Shutting down and abandoning module Slate (71)
[2017.01.29-11.07.23:242][815]LogModuleManager: Shutting down and abandoning module EditorStyle (70)
[2017.01.29-11.07.23:244][815]LogModuleManager: Shutting down and abandoning module SourceCodeAccess (69)
[2017.01.29-11.07.23:244][815]LogModuleManager: Shutting down and abandoning module HeadMountedDisplay (68)
[2017.01.29-11.07.23:244][815]LogModuleManager: Shutting down and abandoning module XAudio2 (67)
[2017.01.29-11.07.23:244][815]LogModuleManager: Shutting down and abandoning module Networking (65)
[2017.01.29-11.07.23:244][815]LogModuleManager: Shutting down and abandoning module Core (64)
[2017.01.29-11.07.23:244][815]LogModuleManager: Shutting down and abandoning module DirectoryWatcher (63)
[2017.01.29-11.07.23:244][815]LogModuleManager: Shutting down and abandoning module AssetRegistry (62)
[2017.01.29-11.07.23:348][815]LogModuleManager: Shutting down and abandoning module KismetCompiler (61)
[2017.01.29-11.07.23:348][815]LogModuleManager: Shutting down and abandoning module PhysXFormats (60)
[2017.01.29-11.07.23:348][815]LogModuleManager: Shutting down and abandoning module MeshUtilities (59)
[2017.01.29-11.07.23:348][815]LogModuleManager: Shutting down and abandoning module DerivedDataCache (58)
[2017.01.29-11.07.23:391][815]LogDerivedDataCache: Shutdown
[2017.01.29-11.07.23:391][815]LogModuleManager: Shutting down and abandoning module VulkanShaderFormat (57)
[2017.01.29-11.07.23:391][815]LogModuleManager: Shutting down and abandoning module ShaderFormatOpenGL (56)
[2017.01.29-11.07.23:391][815]LogModuleManager: Shutting down and abandoning module ShaderFormatD3D (55)
[2017.01.29-11.07.23:391][815]LogModuleManager: Shutting down and abandoning module MetalShaderFormat (54)
[2017.01.29-11.07.23:391][815]LogModuleManager: Shutting down and abandoning module TextureFormatUncompressed (53)
[2017.01.29-11.07.23:391][815]LogModuleManager: Shutting down and abandoning module TextureFormatPVR (52)
[2017.01.29-11.07.23:391][815]LogModuleManager: Shutting down and abandoning module TextureFormatIntelISPCTexComp (51)
[2017.01.29-11.07.23:391][815]LogModuleManager: Shutting down and abandoning module TextureFormatDXT (50)
[2017.01.29-11.07.23:391][815]LogModuleManager: Shutting down and abandoning module ImageWrapper (49)
[2017.01.29-11.07.23:391][815]LogModuleManager: Shutting down and abandoning module TextureFormatASTC (48)
[2017.01.29-11.07.23:391][815]LogModuleManager: Shutting down and abandoning module TextureFormatAndroid (47)
[2017.01.29-11.07.23:391][815]LogModuleManager: Shutting down and abandoning module AudioFormatOpus (46)
[2017.01.29-11.07.23:391][815]LogModuleManager: Shutting down and abandoning module AudioFormatOgg (45)
[2017.01.29-11.07.23:391][815]LogModuleManager: Shutting down and abandoning module AudioFormatADPCM (44)
[2017.01.29-11.07.23:391][815]LogModuleManager: Shutting down and abandoning module LinuxTargetPlatform (43)
[2017.01.29-11.07.23:391][815]LogModuleManager: Shutting down and abandoning module LinuxServerTargetPlatform (42)
[2017.01.29-11.07.23:391][815]LogModuleManager: Shutting down and abandoning module LinuxNoEditorTargetPlatform (41)
[2017.01.29-11.07.23:391][815]LogModuleManager: Shutting down and abandoning module TVOSTargetPlatform (40)
[2017.01.29-11.07.23:391][815]LogModuleManager: Shutting down and abandoning module Messaging (39)
[2017.01.29-11.07.23:391][815]LogModuleManager: Shutting down and abandoning module IOSTargetPlatform (38)
[2017.01.29-11.07.23:391][815]LogModuleManager: Shutting down and abandoning module HTML5TargetPlatform (37)
[2017.01.29-11.07.23:392][815]LogModuleManager: Shutting down and abandoning module Android_PVRTCTargetPlatform (36)
[2017.01.29-11.07.23:392][815]LogModuleManager: Shutting down and abandoning module Android_MultiTargetPlatform (35)
[2017.01.29-11.07.23:392][815]LogModuleManager: Shutting down and abandoning module Android_ETC2TargetPlatform (34)
[2017.01.29-11.07.23:392][815]LogModuleManager: Shutting down and abandoning module Android_ETC1TargetPlatform (33)
[2017.01.29-11.07.23:392][815]LogModuleManager: Shutting down and abandoning module Android_DXTTargetPlatform (32)
[2017.01.29-11.07.23:392][815]LogModuleManager: Shutting down and abandoning module Android_ATCTargetPlatform (31)
[2017.01.29-11.07.23:392][815]LogModuleManager: Shutting down and abandoning module Android_ASTCTargetPlatform (30)
[2017.01.29-11.07.23:392][815]LogModuleManager: Shutting down and abandoning module AndroidTargetPlatform (29)
[2017.01.29-11.07.23:392][815]LogModuleManager: Shutting down and abandoning module WindowsTargetPlatform (28)
[2017.01.29-11.07.23:392][815]LogModuleManager: Shutting down and abandoning module WindowsServerTargetPlatform (27)
[2017.01.29-11.07.23:392][815]LogModuleManager: Shutting down and abandoning module WindowsNoEditorTargetPlatform (26)
[2017.01.29-11.07.23:392][815]LogModuleManager: Shutting down and abandoning module WindowsClientTargetPlatform (25)
[2017.01.29-11.07.23:392][815]LogModuleManager: Shutting down and abandoning module AllDesktopTargetPlatform (24)
[2017.01.29-11.07.23:392][815]LogModuleManager: Shutting down and abandoning module TargetPlatform (23)
[2017.01.29-11.07.23:392][815]LogModuleManager: Shutting down and abandoning module InputCore (22)
[2017.01.29-11.07.23:392][815]LogModuleManager: Shutting down and abandoning module Settings (21)
[2017.01.29-11.07.23:392][815]LogModuleManager: Shutting down and abandoning module OnlineSubsystem (19)
[2017.01.29-11.07.23:392][815]LogModuleManager: Shutting down and abandoning module HTTP (18)
[2017.01.29-11.07.27:400][815]LogModuleManager: Shutting down and abandoning module XMPP (17)
[2017.01.29-11.07.27:400][815]LogModuleManager: Shutting down and abandoning module OculusRift (16)
[2017.01.29-11.07.27:400][815]LogModuleManager: Shutting down and abandoning module ExampleDeviceProfileSelector (15)
[2017.01.29-11.07.27:400][815]LogModuleManager: Shutting down and abandoning module TextureCompressor (14)
[2017.01.29-11.07.27:401][815]LogModuleManager: Shutting down and abandoning module ShaderCore (13)
[2017.01.29-11.07.27:401][815]LogModuleManager: Shutting down and abandoning module Landscape (12)
[2017.01.29-11.07.27:401][815]LogModuleManager: Shutting down and abandoning module SlateRHIRenderer (11)
[2017.01.29-11.07.27:403][815]LogModuleManager: Shutting down and abandoning module OpenGLDrv (10)
[2017.01.29-11.07.27:403][815]LogModuleManager: Shutting down and abandoning module D3D11RHI (9)
[2017.01.29-11.07.27:403][815]LogModuleManager: Shutting down and abandoning module AnimGraphRuntime (8)
[2017.01.29-11.07.27:403][815]LogModuleManager: Shutting down and abandoning module Renderer (7)
[2017.01.29-11.07.27:404][815]LogModuleManager: Shutting down and abandoning module Engine (6)
[2017.01.29-11.07.27:404][815]LogModuleManager: Shutting down and abandoning module CoreUObject (5)
[2017.01.29-11.07.27:404][815]LogModuleManager: Shutting down and abandoning module NetworkFile (4)
[2017.01.29-11.07.27:404][815]LogModuleManager: Shutting down and abandoning module StreamingFile (3)
[2017.01.29-11.07.27:404][815]LogModuleManager: Shutting down and abandoning module SandboxFile (2)
[2017.01.29-11.07.27:404][815]LogModuleManager: Shutting down and abandoning module PakFile (1)
[2017.01.29-11.07.27:406][815]LogExit: Exiting.
[2017.01.29-11.07.27:407][815]Log file closed, 01/29/17 12:07:27
