Log file open, 12/20/16 13:20:11
LogInit:Display: Running engine for game: Project_Nomand
LogPlatformFile: Not using cached read wrapper
LogInit:Display: RandInit(-1385244166) SRandInit(-1385244163).
LogTaskGraph: Started task graph with 4 named threads and 7 total threads with 1 sets of task threads.
LogStats: Stats thread started at 0.098103
LogInit: Version: 4.12.5-3039270+++UE4+Release-4.12
LogInit: API Version: 2992821
LogInit: Net Version: 3039270
LogDevObjectVersion: Number of dev versions registered: 13
LogDevObjectVersion:   Dev-Blueprints (B0D832E4-1F89-4F0D-ACCF-7EB736FD4AA2): 3
LogDevObjectVersion:   Dev-Build (E1C64328-A22C-4D53-A36C-8E866417BD8C): 0
LogDevObjectVersion:   Dev-Core (375EC13C-06E4-48FB-B500-84F0262A717E): 1
LogDevObjectVersion:   Dev-Editor (E4B068ED-F494-42E9-A231-DA0B2E46BB41): 2
LogDevObjectVersion:   Dev-Framework (CFFC743F-43B0-4480-9391-14DF171D2073): 6
LogDevObjectVersion:   Dev-Mobile (B02B49B5-BB20-44E9-A304-32B752E40360): 0
LogDevObjectVersion:   Dev-Networking (A4E4105C-59A1-49B5-A7C5-40C4547EDFEE): 0
LogDevObjectVersion:   Dev-Online (39C831C9-5AE6-47DC-9A44-9C173E1C8E7C): 0
LogDevObjectVersion:   Dev-Physics (78F01B33-EBEA-4F98-B9B4-84EACCB95AA2): 0
LogDevObjectVersion:   Dev-Platform (6631380F-2D4D-43E0-8009-CF276956A95A): 0
LogDevObjectVersion:   Dev-Rendering (12F88B9F-8875-4AFC-A67C-D90C383ABD29): 2
LogDevObjectVersion:   Dev-Sequencer (7B5AE74C-D270-4C10-A958-57980B212A5A): 0
LogDevObjectVersion:   Dev-VR (D7296918-1DD6-4BDD-9DE2-64A83CC13884): 0
LogInit: Compiled (64-bit): Jul  6 2016 09:09:46
LogInit: Compiled with Visual C++: 19.00.23026.00
LogInit: Build Configuration: Development
LogInit: Branch Name: ++UE4+Release-4.12
LogInit: Command line: -EpicPortal 
LogInit: Base directory: G:/UNI/Programme/Epic Games/4.12/Engine/Binaries/Win64/
LogInit: Installed Engine Build: 1
LogInit: Using libcurl 7.41.0
LogInit:  - built for x86_64-pc-win32
LogInit:  - supports SSL with WinSSL
LogInit:  - other features:
LogInit:      CURL_VERSION_SSL
LogInit:      CURL_VERSION_IPV6
LogInit:      CURL_VERSION_ASYNCHDNS
LogInit:      CURL_VERSION_LARGEFILE
LogInit:      CURL_VERSION_IDN
LogInit:  CurlRequestOptions (configurable via config and command line):
LogInit:  - bVerifyPeer = true  - Libcurl will verify peer certificate
LogInit:  - bUseHttpProxy = false  - Libcurl will NOT use HTTP proxy
LogInit:  - bDontReuseConnections = false  - Libcurl will reuse connections
LogInit:  - CertBundlePath = nullptr  - Libcurl will use whatever was configured at build time.
LogInit: Presizing for max 8388607 objects, including 0 objects not considered by GC, pre-allocating 0 bytes for permanent pool.
LogInit: Object subsystem initialized
[2016.12.20-12.20.12:059][  0]LogInit: Selected Device Profile: [Windows]
[2016.12.20-12.20.12:059][  0]LogInit: Applying CVar settings loaded from the selected device profile: [Windows]
[2016.12.20-12.20.12:069][  0]LogInit: Computer: DEX
[2016.12.20-12.20.12:069][  0]LogInit: User: Dextex
[2016.12.20-12.20.12:069][  0]LogInit: CPU Page size=65536, Cores=4
[2016.12.20-12.20.12:069][  0]LogInit: High frequency timer resolution =3.417983 MHz
[2016.12.20-12.20.12:069][  0]LogMemory: Memory total: Physical=15.9GB (16GB approx)
[2016.12.20-12.20.12:069][  0]LogMemory: Platform Memory Stats for Windows
[2016.12.20-12.20.12:069][  0]LogMemory: Process Physical Memory: 191.71 MB used, 191.71 MB peak
[2016.12.20-12.20.12:069][  0]LogMemory: Process Virtual Memory: 195.14 MB used, 195.14 MB peak
[2016.12.20-12.20.12:069][  0]LogMemory: Physical Memory: 8928.15 MB used, 16328.00 MB total
[2016.12.20-12.20.12:069][  0]LogMemory: Virtual Memory: 553.50 MB used, 134217728.00 MB total
[2016.12.20-12.20.12:096][  0]LogTextLocalizationManager: No translations for ('de-DE') exist, falling back to 'en' for localization and internationalization data.
[2016.12.20-12.20.12:476][  0]LogD3D11RHI: D3D11 adapters:
[2016.12.20-12.20.12:509][  0]LogD3D11RHI:    0. 'NVIDIA GeForce GTX 1080' (Feature Level 11_0)
[2016.12.20-12.20.12:509][  0]LogD3D11RHI:       8144/0/8164 MB DedicatedVideo/DedicatedSystem/SharedSystem, Outputs:2, VendorId:0x10de
[2016.12.20-12.20.12:510][  0]LogD3D11RHI:    1. 'Microsoft Basic Render Driver' (Feature Level 11_0)
[2016.12.20-12.20.12:510][  0]LogD3D11RHI:       0/0/8164 MB DedicatedVideo/DedicatedSystem/SharedSystem, Outputs:0, VendorId:0x1414
[2016.12.20-12.20.12:510][  0]LogD3D11RHI: Chosen D3D11 Adapter: 0
[2016.12.20-12.20.12:517][  0]LogD3D11RHI: Creating new Direct3DDevice
[2016.12.20-12.20.12:517][  0]LogD3D11RHI:     GPU DeviceId: 0x1b80 (for the marketing name, search the web for "GPU Device Id")
[2016.12.20-12.20.12:517][  0]LogWindows: EnumDisplayDevices:
[2016.12.20-12.20.12:517][  0]LogWindows:    0. 'NVIDIA GeForce GTX 1080' (P:1 D:1)
[2016.12.20-12.20.12:517][  0]LogWindows:    1. 'NVIDIA GeForce GTX 1080' (P:0 D:1)
[2016.12.20-12.20.12:517][  0]LogWindows:    2. 'NVIDIA GeForce GTX 1080' (P:0 D:0)
[2016.12.20-12.20.12:517][  0]LogWindows:    3. 'NVIDIA GeForce GTX 1080' (P:0 D:0)
[2016.12.20-12.20.12:517][  0]LogWindows: DebugString: FoundDriverCount:4 
[2016.12.20-12.20.12:517][  0]LogD3D11RHI:     Adapter Name: NVIDIA GeForce GTX 1080
[2016.12.20-12.20.12:517][  0]LogD3D11RHI:   Driver Version: 376.33 (internal:21.21.13.7633, unified:376.33)
[2016.12.20-12.20.12:517][  0]LogD3D11RHI:      Driver Date: 12-11-2016
[2016.12.20-12.20.12:517][  0]LogRHI: Texture pool is 1361 MB (70% of 1945 MB)
[2016.12.20-12.20.12:534][  0]LogD3D11RHI: Async texture creation enabled
[2016.12.20-12.20.12:543][  0]LogD3D11RHI: GPU Timing Frequency: 1000.000000 (Debug: 2 1)
[2016.12.20-12.20.12:544][  0]LogShaderCompilers: Guid format shader working directory is -4 characters bigger than the processId version (../../../../../../MP2/project_nomad/Project_Nomand/Intermediate/Shaders/WorkingDirectory/24316/).
[2016.12.20-12.20.12:544][  0]LogShaderCompilers: Cleaned the shader compiler working directory 'C:/Users/Dextex/AppData/Local/Temp/UnrealShaderWorkingDir/578154EC4B655082860B659407185A35/'.
[2016.12.20-12.20.12:544][  0]LogShaderCompilers:Display: Using Local Shader Compiler.
[2016.12.20-12.20.13:342][  0]LogTemp:Display: Loaded TP AllDesktopTargetPlatform
[2016.12.20-12.20.13:351][  0]LogTemp:Display: Loaded TP WindowsClientTargetPlatform
[2016.12.20-12.20.13:359][  0]LogTemp:Display: Loaded TP WindowsNoEditorTargetPlatform
[2016.12.20-12.20.13:368][  0]LogTemp:Display: Loaded TP WindowsServerTargetPlatform
[2016.12.20-12.20.13:377][  0]LogTemp:Display: Loaded TP WindowsTargetPlatform
[2016.12.20-12.20.13:383][  0]LogTemp:Display: Loaded TP AndroidTargetPlatform
[2016.12.20-12.20.13:390][  0]LogTemp:Display: Loaded TP Android_ASTCTargetPlatform
[2016.12.20-12.20.13:397][  0]LogTemp:Display: Loaded TP Android_ATCTargetPlatform
[2016.12.20-12.20.13:404][  0]LogTemp:Display: Loaded TP Android_DXTTargetPlatform
[2016.12.20-12.20.13:411][  0]LogTemp:Display: Loaded TP Android_ETC1TargetPlatform
[2016.12.20-12.20.13:419][  0]LogTemp:Display: Loaded TP Android_ETC2TargetPlatform
[2016.12.20-12.20.13:432][  0]LogTemp:Display: Loaded TP Android_MultiTargetPlatform
[2016.12.20-12.20.13:432][  0]LogTemp:Display: Loaded TP Android_PVRTCTargetPlatform
[2016.12.20-12.20.13:433][  0]LogTemp:Display: Loaded TP HTML5TargetPlatform
[2016.12.20-12.20.13:453][  0]LogTemp:Display: Loaded TP IOSTargetPlatform
[2016.12.20-12.20.13:459][  0]LogTemp:Display: Loaded TP TVOSTargetPlatform
[2016.12.20-12.20.13:466][  0]LogTemp:Display: Loaded TP LinuxNoEditorTargetPlatform
[2016.12.20-12.20.13:473][  0]LogTemp:Display: Loaded TP LinuxServerTargetPlatform
[2016.12.20-12.20.13:480][  0]LogTemp:Display: Loaded TP LinuxTargetPlatform
[2016.12.20-12.20.13:480][  0]LogTargetPlatformManager:Display: Building Assets For Windows
[2016.12.20-12.20.13:555][  0]LogDerivedDataCache:Display: Max Cache Size: 512 MB
[2016.12.20-12.20.13:603][  0]LogDerivedDataCache: Loaded boot cache 0.05s 48MB C:/Users/Dextex/AppData/Local/UnrealEngine/4.12/DerivedDataCache/Boot.ddc.
[2016.12.20-12.20.13:603][  0]LogDerivedDataCache:Display: Loaded Boot cache: C:/Users/Dextex/AppData/Local/UnrealEngine/4.12/DerivedDataCache/Boot.ddc
[2016.12.20-12.20.13:603][  0]LogDerivedDataCache: FDerivedDataBackendGraph:  Pak pak cache file ../../../../../../MP2/project_nomad/Project_Nomand/DerivedDataCache/DDC.ddp not found, will not use a pak cache.
[2016.12.20-12.20.13:603][  0]LogDerivedDataCache: Unable to find inner node Pak for hierarchical cache Hierarchy.
[2016.12.20-12.20.13:603][  0]LogDerivedDataCache: FDerivedDataBackendGraph:  CompressedPak pak cache file ../../../../../../MP2/project_nomad/Project_Nomand/DerivedDataCache/Compressed.ddp not found, will not use a pak cache.
[2016.12.20-12.20.13:603][  0]LogDerivedDataCache: Unable to find inner node CompressedPak for hierarchical cache Hierarchy.
[2016.12.20-12.20.13:618][  0]LogDerivedDataCache:Display: Pak cache opened for reading ../../../Engine/DerivedDataCache/Compressed.ddp.
[2016.12.20-12.20.13:630][  0]LogDerivedDataCache: Using Local data cache path C:/Users/Dextex/AppData/Local/UnrealEngine/Common/DerivedDataCache: Writable
[2016.12.20-12.20.13:787][  0]LogInit: Selected Device Profile: [Windows]
[2016.12.20-12.20.13:787][  0]LogContentStreaming: Texture pool size is 0.00 MB
[2016.12.20-12.20.13:940][  0]LogMeshUtilities: No automatic mesh reduction module available
[2016.12.20-12.20.13:940][  0]LogMeshUtilities: No automatic mesh merging module available
[2016.12.20-12.20.13:940][  0]LogMeshUtilities: No distributed automatic mesh merging module available
[2016.12.20-12.20.14:174][  0]LogAssetRegistry: FAssetRegistry took 0.0211 seconds to start up
[2016.12.20-12.20.14:190][  0]LogPackageLocalizationCache: Processed 3 localized package path(s) for 1 prioritized culture(s) in 0.012531 seconds
[2016.12.20-12.20.14:197][  0]LogUObjectArray: 28739 objects as part of root set at end of initial load.
[2016.12.20-12.20.14:197][  0]LogUObjectAllocator: 5855632 out of 0 bytes used by permanent object pool.
[2016.12.20-12.20.14:197][  0]LogUObjectArray: CloseDisregardForGC: 0/0 objects in disregard for GC pool
[2016.12.20-12.20.14:205][  0]LogInit: WinSock: version 1.1 (2.2), MaxSocks=32767, MaxUdp=65467
[2016.12.20-12.20.14:355][  0]LogSlate: SlateFontCache - WITH_FREETYPE: 1, WITH_HARFBUZZ: 1
[2016.12.20-12.20.14:355][  0]LogSlate: SlateFontCache - WITH_FREETYPE: 1, WITH_HARFBUZZ: 1
[2016.12.20-12.20.14:895][  0]LogUdpMessaging: Initializing bridge on interface 0.0.0.0:0 to multicast group 230.0.0.1:6666.
[2016.12.20-12.20.15:087][  0]SourceControl: Info Source control is disabled
[2016.12.20-12.20.15:420][  0]LogEngine: Initializing Engine...
[2016.12.20-12.20.15:421][  0]LogHMD: SteamVR failed to initialize.  Err: 100
[2016.12.20-12.20.15:422][  0]LogHMD: SteamVR failed to initialize.  Err: 100
[2016.12.20-12.20.15:541][  0]LogAIModule: Creating AISystem for world NewWorld
[2016.12.20-12.20.15:549][  0]LogInit: XAudio2 using 'Lautsprecher (SteelSeries Siberia 350)' : 2 channels at 44.1 kHz using 16 bits per sample (channel mask 0x3)
[2016.12.20-12.20.15:568][  0]LogInit: FAudioDevice initialized.
[2016.12.20-12.20.15:593][  0]LogDerivedDataCache: Saved boot cache 0.03s 48MB C:/Users/Dextex/AppData/Local/UnrealEngine/4.12/DerivedDataCache/Boot.ddc.
[2016.12.20-12.20.15:601][  0]LogInit: Texture streaming: Enabled
[2016.12.20-12.20.15:655][  0]LogInit: Transaction tracking system initialized
[2016.12.20-12.20.15:681][  0]BlueprintLog: New page: Editor Load
[2016.12.20-12.20.15:786][  0]LocalizationService: Info Localization service is disabled
[2016.12.20-12.20.15:845][  0]LogConsoleResponse:Display: 
[2016.12.20-12.20.16:188][  0]LogFileCache: Scanning file cache for directory 'G:/UNI/MP2/project_nomad/Project_Nomand/Content/' took 0.12s
[2016.12.20-12.20.16:188][  0]LogCook:Display: Max memory allowance for cook 8192mb
[2016.12.20-12.20.16:188][  0]LogCook:Display: Mobile HDR setting 1
[2016.12.20-12.20.16:282][  0]Cmd: MAP LOAD FILE="../../../../../../MP2/project_nomad/Project_Nomand/Content/Map/Map.umap" TEMPLATE=0 SHOWPROGRESS=1 FEATURELEVEL=3
[2016.12.20-12.20.16:282][  0]LightingResults: New page: Lighting Build
[2016.12.20-12.20.16:285][  0]MapCheck: New page: Map Check
[2016.12.20-12.20.16:285][  0]LightingResults: New page: Lighting Build
[2016.12.20-12.20.19:488][  0]LogAnimationCompression: Building Anim DDC data for AnimSequence /Game/Character/Animation/Human_idle_stand.Human_idle_stand
[2016.12.20-12.20.19:678][  0]LogAIModule: Creating AISystem for world Map
[2016.12.20-12.20.21:513][  0]LogEditorServer: Finished looking for orphan Actors (0.000 secs)
[2016.12.20-12.20.21:718][  0]Cmd: MAP CHECKDEP NOCLEARLOG
[2016.12.20-12.20.21:749][  0]MapCheck: Info Map check complete: 0 Error(s), 0 Warning(s), took 31.02ms to complete.
[2016.12.20-12.20.21:749][  0]LogFileHelpers: Loading map 'Map' took 5.468
[2016.12.20-12.20.24:438][  0]LogCollectionManager: Loaded 0 collections in 0.002023 seconds
[2016.12.20-12.20.25:163][  0]LogFileCache: Scanning file cache for directory 'G:/UNI/MP2/project_nomad/Project_Nomand/Saved/Collections/' took 0.19s
[2016.12.20-12.20.25:163][  0]LogFileCache: Scanning file cache for directory 'G:/UNI/MP2/project_nomad/Project_Nomand/Content/Developers/Dextex/Collections/' took 0.01s
[2016.12.20-12.20.25:163][  0]LogFileCache: Scanning file cache for directory 'G:/UNI/MP2/project_nomad/Project_Nomand/Content/Collections/' took 0.01s
[2016.12.20-12.20.25:163][  0]LogCollectionManager: Rebuilt the GUID cache for 0 collections in 0.000002 seconds
[2016.12.20-12.20.25:194][  0]LogContentBrowser: Native class hierarchy populated in 0.0100 seconds. Added 2047 classes and 369 folders.
[2016.12.20-12.20.25:412][  0]LogStats: UGameplayTagsManager::ConstructGameplayTagTree: Construct from data asset -  0.011 s
[2016.12.20-12.20.25:413][  0]LogStats: UGameplayTagsManager::ConstructGameplayTagTree: GameplayTagTreeChangedEvent.Broadcast -  0.000 s
[2016.12.20-12.20.25:414][  0]LogContentBrowser: Native class hierarchy updated for 'GameplayTags' in 0.0005 seconds. Added 12 classes and 0 folders.
[2016.12.20-12.20.25:464][  0]LogContentBrowser: Native class hierarchy updated for 'WidgetCarousel' in 0.0004 seconds. Added 0 classes and 0 folders.
[2016.12.20-12.20.27:962][  0]LogContentBrowser: Native class hierarchy updated for 'AddContentDialog' in 0.0005 seconds. Added 0 classes and 0 folders.
[2016.12.20-12.20.28:081][  0]LogContentBrowser: Native class hierarchy updated for 'SceneOutliner' in 0.0004 seconds. Added 1 classes and 2 folders.
[2016.12.20-12.20.29:781][  0]LogCrashTracker: Crashtracker disabled due to settings.
[2016.12.20-12.20.30:150][  0]LogUObjectGlobals:Warning: Failed to find object 'Class None.'
[2016.12.20-12.20.30:316][  0]LogContentBrowser: Native class hierarchy updated for 'HierarchicalLODOutliner' in 0.0003 seconds. Added 1 classes and 2 folders.
[2016.12.20-12.20.30:316][  0]LogLoad: Full Startup: 19.02 seconds (BP compile: 1.51 seconds)
[2016.12.20-12.20.30:316][  0]LogExternalProfiler: No external profilers were discovered.  External profiling features will not be available.
[2016.12.20-12.20.30:325][  0]LogWindowsTextInputMethodSystem:Display: IME system now deactivated.
[2016.12.20-12.20.30:325][  0]LogOcInput: OculusInput pre-init called
[2016.12.20-12.20.30:888][  0]LogContentStreaming: Texture pool size now 1000 MB
[2016.12.20-12.20.33:415][  0]LogRenderer: Reallocating scene render targets to support 1208x556 (Frame:2).
[2016.12.20-12.20.33:911][  1]Cmd: UpdateLandscapeEditorData -warnings
[2016.12.20-12.20.45:975][257]LogBlueprintUserMessages: Early PlayInEditor Detection: Level '/Game/Map/Map.Map:PersistentLevel' has LevelScriptBlueprint '/Game/Map/Map.Map:PersistentLevel.Map' with GeneratedClass '/Game/Map/Map.Map_C' with ClassGeneratedBy '/Game/Map/Map.Map:PersistentLevel.Map'
[2016.12.20-12.20.45:975][257]LogPlayLevel: PlayLevel: No blueprints needed recompiling
[2016.12.20-12.20.46:111][257]PIE: New page: PIE session: Map (Dec 20, 2016, 2:20:45 PM)
[2016.12.20-12.20.46:111][257]LogPlayLevel: Creating play world package: /Game/Map/UEDPIE_0_Map
[2016.12.20-12.20.46:242][257]LogPlayLevel: PIE: StaticDuplicateObject took: (0.131109s)
[2016.12.20-12.20.46:243][257]LogAIModule: Creating AISystem for world Map
[2016.12.20-12.20.46:243][257]LogPlayLevel: PIE: World Init took: (0.000646s)
[2016.12.20-12.20.46:277][257]LogPlayLevel: PIE: Created PIE world by copying editor world from /Game/Map/Map.Map to /Game/Map/UEDPIE_0_Map.Map (0.165914s)
[2016.12.20-12.20.46:401][257]LogInit: XAudio2 using 'Lautsprecher (SteelSeries Siberia 350)' : 2 channels at 44.1 kHz using 16 bits per sample (channel mask 0x3)
[2016.12.20-12.20.46:485][257]LogInit: FAudioDevice initialized.
[2016.12.20-12.20.46:706][257]LogWorld: Game class is 'RenderToTexture_Game_C'
[2016.12.20-12.20.46:931][257]LogWorld: Bringing World /Game/Map/UEDPIE_0_Map.Map up for play (max tick rate 0) at 2016.12.20-13.20.46
[2016.12.20-12.20.47:244][257]LogWorld: Bringing up level for play took: 0.334873
[2016.12.20-12.20.47:402][257]LogContentBrowser: Native class hierarchy updated for 'MovieSceneCapture' in 0.0004 seconds. Added 11 classes and 0 folders.
[2016.12.20-12.20.47:543][257]PIE: Info Play in editor start time for /Game/Map/UEDPIE_0_Map 1.217
[2016.12.20-12.20.47:543][257]LogBlueprintUserMessages: Late PlayInEditor Detection: Level '/Game/Map/Map.Map:PersistentLevel' has LevelScriptBlueprint '/Game/Map/Map.Map:PersistentLevel.Map' with GeneratedClass '/Game/Map/Map.Map_C' with ClassGeneratedBy '/Game/Map/Map.Map:PersistentLevel.Map'
[2016.12.20-12.20.47:886][258]LogAssetRegistry: Asset discovery search completed in 33.7336 seconds
[2016.12.20-12.20.47:886][258]LogCollectionManager: Rebuilt the object cache for 0 collections in 0.000001 seconds (found 0 objects)
[2016.12.20-12.20.47:886][258]LogCollectionManager: Fixed up redirectors for 0 collections in 0.000020 seconds (updated 0 objects)
[2016.12.20-12.21.08:998][747]LogBlueprintUserMessages: Early EndPlayMap Detection: Level '/Game/Map/Map.Map:PersistentLevel' has LevelScriptBlueprint '/Game/Map/Map.Map:PersistentLevel.Map' with GeneratedClass '/Game/Map/Map.Map_C' with ClassGeneratedBy '/Game/Map/Map.Map:PersistentLevel.Map'
[2016.12.20-12.21.09:146][747]LogBlueprintUserMessages: Late EndPlayMap Detection: Level '/Game/Map/Map.Map:PersistentLevel' has LevelScriptBlueprint '/Game/Map/Map.Map:PersistentLevel.Map' with GeneratedClass '/Game/Map/Map.Map_C' with ClassGeneratedBy '/Game/Map/Map.Map:PersistentLevel.Map'
[2016.12.20-12.21.13:720][256]LogEditorViewport: Clicking on Actor (LMB): Landscape (Landscape)
[2016.12.20-12.21.14:990][367]LogEditorViewport: Clicking on Actor (LMB): Landscape (Landscape)
[2016.12.20-12.21.17:958][719]LogEditorViewport: Clicking on Actor (LMB): NavMeshBoundsVolume (NavMeshBoundsVolume)
[2016.12.20-12.21.19:566][901]LogEditorViewport: Clicking on Actor (LMB): Landscape (Landscape)
[2016.12.20-12.21.23:537][353]Cmd: TRANSACTION UNDO
[2016.12.20-12.21.23:551][353]LogEditorTransaction: Undo Move Actors
[2016.12.20-12.21.23:572][353]LogMaterial: 0.00 seconds spent updating 1 materials, 1 interfaces, 0 instances, 0 with static permutations.
[2016.12.20-12.21.23:584][353]LogMaterial: 0.00 seconds spent updating 1 materials, 1 interfaces, 0 instances, 0 with static permutations.
[2016.12.20-12.21.23:584][353]LogMaterial: 0.00 seconds spent updating 1 materials, 1 interfaces, 0 instances, 0 with static permutations.
[2016.12.20-12.21.23:584][353]LogMaterial: 0.00 seconds spent updating 1 materials, 1 interfaces, 0 instances, 0 with static permutations.
[2016.12.20-12.21.23:584][353]LogMaterial: 0.00 seconds spent updating 1 materials, 1 interfaces, 0 instances, 0 with static permutations.
[2016.12.20-12.21.23:584][353]LogMaterial: 0.00 seconds spent updating 1 materials, 1 interfaces, 0 instances, 0 with static permutations.
[2016.12.20-12.21.23:585][353]LogMaterial: 0.00 seconds spent updating 1 materials, 1 interfaces, 0 instances, 0 with static permutations.
[2016.12.20-12.21.23:585][353]LogMaterial: 0.00 seconds spent updating 1 materials, 1 interfaces, 0 instances, 0 with static permutations.
[2016.12.20-12.21.23:585][353]LogMaterial: 0.00 seconds spent updating 1 materials, 1 interfaces, 0 instances, 0 with static permutations.
[2016.12.20-12.21.23:585][353]LogMaterial: 0.00 seconds spent updating 1 materials, 1 interfaces, 0 instances, 0 with static permutations.
[2016.12.20-12.21.23:586][353]LogMaterial: 0.00 seconds spent updating 1 materials, 1 interfaces, 0 instances, 0 with static permutations.
[2016.12.20-12.21.23:586][353]LogMaterial: 0.00 seconds spent updating 1 materials, 1 interfaces, 0 instances, 0 with static permutations.
[2016.12.20-12.21.23:586][353]LogMaterial: 0.00 seconds spent updating 1 materials, 1 interfaces, 0 instances, 0 with static permutations.
[2016.12.20-12.21.23:586][353]LogMaterial: 0.00 seconds spent updating 1 materials, 1 interfaces, 0 instances, 0 with static permutations.
[2016.12.20-12.21.23:587][353]LogMaterial: 0.00 seconds spent updating 1 materials, 1 interfaces, 0 instances, 0 with static permutations.
[2016.12.20-12.21.23:587][353]LogMaterial: 0.00 seconds spent updating 1 materials, 1 interfaces, 0 instances, 0 with static permutations.
[2016.12.20-12.21.23:587][353]LogMaterial: 0.00 seconds spent updating 1 materials, 1 interfaces, 0 instances, 0 with static permutations.
[2016.12.20-12.21.23:587][353]LogMaterial: 0.00 seconds spent updating 1 materials, 1 interfaces, 0 instances, 0 with static permutations.
[2016.12.20-12.21.23:588][353]LogMaterial: 0.00 seconds spent updating 1 materials, 1 interfaces, 0 instances, 0 with static permutations.
[2016.12.20-12.21.23:588][353]LogMaterial: 0.00 seconds spent updating 1 materials, 1 interfaces, 0 instances, 0 with static permutations.
[2016.12.20-12.21.23:588][353]LogMaterial: 0.00 seconds spent updating 1 materials, 1 interfaces, 0 instances, 0 with static permutations.
[2016.12.20-12.21.23:589][353]LogMaterial: 0.00 seconds spent updating 1 materials, 1 interfaces, 0 instances, 0 with static permutations.
[2016.12.20-12.21.23:589][353]LogMaterial: 0.00 seconds spent updating 1 materials, 1 interfaces, 0 instances, 0 with static permutations.
[2016.12.20-12.21.23:589][353]LogMaterial: 0.00 seconds spent updating 1 materials, 1 interfaces, 0 instances, 0 with static permutations.
[2016.12.20-12.21.23:590][353]LogMaterial: 0.00 seconds spent updating 1 materials, 1 interfaces, 0 instances, 0 with static permutations.
[2016.12.20-12.21.23:590][353]LogMaterial: 0.00 seconds spent updating 1 materials, 1 interfaces, 0 instances, 0 with static permutations.
[2016.12.20-12.21.23:590][353]LogMaterial: 0.00 seconds spent updating 1 materials, 1 interfaces, 0 instances, 0 with static permutations.
[2016.12.20-12.21.23:590][353]LogMaterial: 0.00 seconds spent updating 1 materials, 1 interfaces, 0 instances, 0 with static permutations.
[2016.12.20-12.21.23:591][353]LogMaterial: 0.00 seconds spent updating 1 materials, 1 interfaces, 0 instances, 0 with static permutations.
[2016.12.20-12.21.23:591][353]LogMaterial: 0.00 seconds spent updating 1 materials, 1 interfaces, 0 instances, 0 with static permutations.
[2016.12.20-12.21.23:592][353]LogMaterial: 0.00 seconds spent updating 1 materials, 1 interfaces, 0 instances, 0 with static permutations.
[2016.12.20-12.21.23:592][353]LogMaterial: 0.00 seconds spent updating 1 materials, 1 interfaces, 0 instances, 0 with static permutations.
[2016.12.20-12.21.23:592][353]LogMaterial: 0.00 seconds spent updating 1 materials, 1 interfaces, 0 instances, 0 with static permutations.
[2016.12.20-12.21.23:593][353]LogMaterial: 0.00 seconds spent updating 1 materials, 1 interfaces, 0 instances, 0 with static permutations.
[2016.12.20-12.21.23:593][353]LogMaterial: 0.00 seconds spent updating 1 materials, 1 interfaces, 0 instances, 0 with static permutations.
[2016.12.20-12.21.23:594][353]LogMaterial: 0.00 seconds spent updating 1 materials, 1 interfaces, 0 instances, 0 with static permutations.
[2016.12.20-12.21.23:594][353]LogMaterial: 0.00 seconds spent updating 1 materials, 1 interfaces, 0 instances, 0 with static permutations.
[2016.12.20-12.21.23:595][353]LogMaterial: 0.00 seconds spent updating 1 materials, 1 interfaces, 0 instances, 0 with static permutations.
[2016.12.20-12.21.23:595][353]LogMaterial: 0.00 seconds spent updating 1 materials, 1 interfaces, 0 instances, 0 with static permutations.
[2016.12.20-12.21.23:595][353]LogMaterial: 0.00 seconds spent updating 1 materials, 1 interfaces, 0 instances, 0 with static permutations.
[2016.12.20-12.21.23:596][353]LogMaterial: 0.00 seconds spent updating 1 materials, 1 interfaces, 0 instances, 0 with static permutations.
[2016.12.20-12.21.23:596][353]LogMaterial: 0.00 seconds spent updating 1 materials, 1 interfaces, 0 instances, 0 with static permutations.
[2016.12.20-12.21.23:597][353]LogMaterial: 0.00 seconds spent updating 1 materials, 1 interfaces, 0 instances, 0 with static permutations.
[2016.12.20-12.21.23:597][353]LogMaterial: 0.00 seconds spent updating 1 materials, 1 interfaces, 0 instances, 0 with static permutations.
[2016.12.20-12.21.23:597][353]LogMaterial: 0.00 seconds spent updating 1 materials, 1 interfaces, 0 instances, 0 with static permutations.
[2016.12.20-12.21.23:598][353]LogMaterial: 0.00 seconds spent updating 1 materials, 1 interfaces, 0 instances, 0 with static permutations.
[2016.12.20-12.21.23:598][353]LogMaterial: 0.00 seconds spent updating 1 materials, 1 interfaces, 0 instances, 0 with static permutations.
[2016.12.20-12.21.23:599][353]LogMaterial: 0.00 seconds spent updating 1 materials, 1 interfaces, 0 instances, 0 with static permutations.
[2016.12.20-12.21.23:599][353]LogMaterial: 0.00 seconds spent updating 1 materials, 1 interfaces, 0 instances, 0 with static permutations.
[2016.12.20-12.21.23:600][353]LogMaterial: 0.00 seconds spent updating 1 materials, 1 interfaces, 0 instances, 0 with static permutations.
[2016.12.20-12.21.23:600][353]LogMaterial: 0.00 seconds spent updating 1 materials, 1 interfaces, 0 instances, 0 with static permutations.
[2016.12.20-12.21.23:601][353]LogMaterial: 0.00 seconds spent updating 1 materials, 1 interfaces, 0 instances, 0 with static permutations.
[2016.12.20-12.21.23:601][353]LogMaterial: 0.00 seconds spent updating 1 materials, 1 interfaces, 0 instances, 0 with static permutations.
[2016.12.20-12.21.23:602][353]LogMaterial: 0.00 seconds spent updating 1 materials, 1 interfaces, 0 instances, 0 with static permutations.
[2016.12.20-12.21.23:602][353]LogMaterial: 0.00 seconds spent updating 1 materials, 1 interfaces, 0 instances, 0 with static permutations.
[2016.12.20-12.21.23:603][353]LogMaterial: 0.00 seconds spent updating 1 materials, 1 interfaces, 0 instances, 0 with static permutations.
[2016.12.20-12.21.23:603][353]LogMaterial: 0.00 seconds spent updating 1 materials, 1 interfaces, 0 instances, 0 with static permutations.
[2016.12.20-12.21.23:604][353]LogMaterial: 0.00 seconds spent updating 1 materials, 1 interfaces, 0 instances, 0 with static permutations.
[2016.12.20-12.21.23:604][353]LogMaterial: 0.00 seconds spent updating 1 materials, 1 interfaces, 0 instances, 0 with static permutations.
[2016.12.20-12.21.23:605][353]LogMaterial: 0.00 seconds spent updating 1 materials, 1 interfaces, 0 instances, 0 with static permutations.
[2016.12.20-12.21.23:606][353]LogMaterial: 0.00 seconds spent updating 1 materials, 1 interfaces, 0 instances, 0 with static permutations.
[2016.12.20-12.21.23:606][353]LogMaterial: 0.00 seconds spent updating 1 materials, 1 interfaces, 0 instances, 0 with static permutations.
[2016.12.20-12.21.23:607][353]LogMaterial: 0.00 seconds spent updating 1 materials, 1 interfaces, 0 instances, 0 with static permutations.
[2016.12.20-12.21.23:608][353]LogMaterial: 0.00 seconds spent updating 1 materials, 1 interfaces, 0 instances, 0 with static permutations.
[2016.12.20-12.21.23:727][354]Cmd: UpdateLandscapeEditorData
[2016.12.20-12.21.26:333][659]LogEditorViewport: Clicking on Actor (LMB): NavMeshBoundsVolume (NavMeshBoundsVolume)
[2016.12.20-12.21.31:484][266]Cmd: TRANSACTION UNDO
[2016.12.20-12.21.31:484][266]LogEditorTransaction: Undo Move Actors
[2016.12.20-12.21.32:941][433]LogEditorViewport: Clicking on Actor (LMB): Landscape (Landscape)
[2016.12.20-12.21.34:124][571]LogEditorViewport: Clicking on Actor (LMB): Landscape (Landscape)
[2016.12.20-12.21.34:734][643]LogEditorViewport: Clicking on Actor (LMB): Landscape (Landscape)
[2016.12.20-12.21.35:841][773]LogBlueprintUserMessages: Early PlayInEditor Detection: Level '/Game/Map/Map.Map:PersistentLevel' has LevelScriptBlueprint '/Game/Map/Map.Map:PersistentLevel.Map' with GeneratedClass '/Game/Map/Map.Map_C' with ClassGeneratedBy '/Game/Map/Map.Map:PersistentLevel.Map'
[2016.12.20-12.21.35:842][773]LogPlayLevel: PlayLevel: No blueprints needed recompiling
[2016.12.20-12.21.35:842][773]PIE: New page: PIE session: Map (Dec 20, 2016, 2:21:35 PM)
[2016.12.20-12.21.35:842][773]LogPlayLevel: Creating play world package: /Game/Map/UEDPIE_0_Map
[2016.12.20-12.21.35:871][773]LogPlayLevel: PIE: StaticDuplicateObject took: (0.029148s)
[2016.12.20-12.21.35:872][773]LogAIModule: Creating AISystem for world Map
[2016.12.20-12.21.35:872][773]LogPlayLevel: PIE: World Init took: (0.000933s)
[2016.12.20-12.21.35:872][773]LogPlayLevel: PIE: Created PIE world by copying editor world from /Game/Map/Map.Map to /Game/Map/UEDPIE_0_Map.Map (0.030344s)
[2016.12.20-12.21.35:903][773]LogInit: XAudio2 using 'Lautsprecher (SteelSeries Siberia 350)' : 2 channels at 44.1 kHz using 16 bits per sample (channel mask 0x3)
[2016.12.20-12.21.35:920][773]LogInit: FAudioDevice initialized.
[2016.12.20-12.21.35:966][773]LogWorld: Game class is 'RenderToTexture_Game_C'
[2016.12.20-12.21.35:974][773]LogWorld: Bringing World /Game/Map/UEDPIE_0_Map.Map up for play (max tick rate 0) at 2016.12.20-13.21.35
[2016.12.20-12.21.35:974][773]LogWorld: Bringing up level for play took: 0.007015
[2016.12.20-12.21.35:991][773]PIE: Info Play in editor start time for /Game/Map/UEDPIE_0_Map -0.335
[2016.12.20-12.21.35:991][773]LogBlueprintUserMessages: Late PlayInEditor Detection: Level '/Game/Map/Map.Map:PersistentLevel' has LevelScriptBlueprint '/Game/Map/Map.Map:PersistentLevel.Map' with GeneratedClass '/Game/Map/Map.Map_C' with ClassGeneratedBy '/Game/Map/Map.Map:PersistentLevel.Map'
[2016.12.20-12.21.44:442][782]LogBlueprintUserMessages: Early EndPlayMap Detection: Level '/Game/Map/Map.Map:PersistentLevel' has LevelScriptBlueprint '/Game/Map/Map.Map:PersistentLevel.Map' with GeneratedClass '/Game/Map/Map.Map_C' with ClassGeneratedBy '/Game/Map/Map.Map:PersistentLevel.Map'
[2016.12.20-12.21.44:480][782]LogBlueprintUserMessages: Late EndPlayMap Detection: Level '/Game/Map/Map.Map:PersistentLevel' has LevelScriptBlueprint '/Game/Map/Map.Map:PersistentLevel.Map' with GeneratedClass '/Game/Map/Map.Map_C' with ClassGeneratedBy '/Game/Map/Map.Map:PersistentLevel.Map'
[2016.12.20-12.22.32:115][385]LogAnimationCompression: Building Anim DDC data for AnimSequence /Game/Character/Animation/anim_walk_v5_Anim.anim_walk_v5_Anim
[2016.12.20-12.22.33:133][385]LogSkeletalMesh: InitArticulated: Bodies already created (/Engine/Transient.DebugSkelMeshComponent_0) - call TermArticulated first.
[2016.12.20-12.22.33:734][385]LogContentBrowser:Verbose: The majority of assets in the view are of type: AnimSequence
[2016.12.20-12.22.38:202][700]LogContentBrowser: Native class hierarchy updated for 'BlueprintGraph' in 0.0007 seconds. Added 111 classes and 0 folders.
[2016.12.20-12.22.38:731][700]LogSkeletalMesh: InitArticulated: Bodies already created (/Engine/Transient.DebugSkelMeshComponent_3) - call TermArticulated first.
[2016.12.20-12.23.03:854][741]LogSkeletalMesh: InitArticulated: Bodies already created (/Engine/Transient.DebugSkelMeshComponent_5) - call TermArticulated first.
[2016.12.20-12.23.03:971][741]LogContentBrowser:Verbose: The majority of assets in the view are of type: AnimSequence
[2016.12.20-12.23.07:798][ 81]LogSkeletalMesh: InitArticulated: Bodies already created (/Engine/Transient.DebugSkelMeshComponent_8) - call TermArticulated first.
[2016.12.20-12.23.07:942][ 81]LogContentBrowser:Verbose: The majority of assets in the view are of type: AnimSequence
[2016.12.20-12.23.19:434][ 72]LogSkeletalMesh: InitArticulated: Bodies already created (/Engine/Transient.DebugSkelMeshComponent_10) - call TermArticulated first.
[2016.12.20-12.23.19:558][ 72]LogContentBrowser:Verbose: The majority of assets in the view are of type: AnimSequence
[2016.12.20-12.23.31:852][140]LogSkeletalMesh: InitArticulated: Bodies already created (/Engine/Transient.DebugSkelMeshComponent_13) - call TermArticulated first.
[2016.12.20-12.23.31:973][140]LogContentBrowser:Verbose: The majority of assets in the view are of type: AnimSequence
[2016.12.20-12.23.42:268][ 31]LogSkeletalMesh: InitArticulated: Bodies already created (/Engine/Transient.DebugSkelMeshComponent_16) - call TermArticulated first.
[2016.12.20-12.23.42:397][ 31]LogContentBrowser:Verbose: The majority of assets in the view are of type: AnimSequence
[2016.12.20-12.31.02:734][135]LogFileHelpers: Editor autosave (incl. sublevels) for '/Game/Map/Map' took 0.097
[2016.12.20-12.41.03:302][937]LogFileHelpers: Editor autosave (incl. sublevels) for '/Game/Map/Map' took 0.015
[2016.12.20-12.51.04:016][743]LogFileHelpers: Editor autosave (incl. sublevels) for '/Game/Map/Map' took 0.017
[2016.12.20-12.53.42:892][527]LogFactory: FactoryCreateFile: StaticMesh with FbxFactory (0 0 C:\Users\Dextex\Desktop\Neuer Ordner (8)\anim_walk_v4.fbx)
[2016.12.20-12.53.43:038][527]LogFbx: ItemName: GlobalSettings, ItemCount : 1
[2016.12.20-12.53.43:038][527]LogFbx: ItemName: Model, ItemCount : 135
[2016.12.20-12.53.43:038][527]LogFbx: ItemName: NodeAttribute, ItemCount : 76
[2016.12.20-12.53.43:038][527]LogFbx: ItemName: Geometry, ItemCount : 2
[2016.12.20-12.53.43:038][527]LogFbx: ItemName: Deformer, ItemCount : 152
[2016.12.20-12.53.43:060][527]LogFbx: Loading FBX Scene from C:\Users\Dextex\Desktop\Neuer Ordner (8)\anim_walk_v4.fbx
[2016.12.20-12.53.43:128][527]LogFbx: FBX Scene Loaded Succesfully
[2016.12.20-12.53.46:485][527]LogFbx: Loading FBX Scene from C:\Users\Dextex\Desktop\Neuer Ordner (8)\anim_walk_v4.fbx
[2016.12.20-12.53.46:529][527]LogFbx: FBX Scene Loaded Succesfully
[2016.12.20-12.53.46:533][527]LogFbx: =================================================
[2016.12.20-12.53.46:533][527]LogFbx: Dumping Node START [male_generic_obj] 
[2016.12.20-12.53.46:533][527]LogFbx: 	Total Deformer Count 2116113232.
[2016.12.20-12.53.46:533][527]LogFbx: 		[Node 1]  (Type Skin).
[2016.12.20-12.53.46:533][527]LogFbx: =================================================
[2016.12.20-12.53.46:533][527]LogFbx: 	Attribute () Type (4).
[2016.12.20-12.53.46:533][527]LogFbx: 		[Node Attribute Child 1] male_generic_obj (Type Mesh).
[2016.12.20-12.53.46:533][527]LogFbx: Dumping Node END [male_generic_obj]
[2016.12.20-12.53.46:533][527]LogFbx: =================================================
[2016.12.20-12.53.46:533][527]LogFbx: Dumping Node START [augen_obj] 
[2016.12.20-12.53.46:533][527]LogFbx: 	Total Deformer Count -1979392448.
[2016.12.20-12.53.46:533][527]LogFbx: 		[Node 1]  (Type Skin).
[2016.12.20-12.53.46:533][527]LogFbx: =================================================
[2016.12.20-12.53.46:533][527]LogFbx: 	Attribute () Type (4).
[2016.12.20-12.53.46:533][527]LogFbx: 		[Node Attribute Child 1] augen_obj (Type Mesh).
[2016.12.20-12.53.46:533][527]LogFbx: Dumping Node END [augen_obj]
[2016.12.20-12.53.46:535][527]LogFbx: =================================================
[2016.12.20-12.53.46:535][527]LogFbx: Dumping Node START [male_generic_obj] 
[2016.12.20-12.53.46:535][527]LogFbx: 	Total Deformer Count 2116111632.
[2016.12.20-12.53.46:535][527]LogFbx: 		[Node 1]  (Type Skin).
[2016.12.20-12.53.46:535][527]LogFbx: =================================================
[2016.12.20-12.53.46:535][527]LogFbx: 	Attribute () Type (4).
[2016.12.20-12.53.46:535][527]LogFbx: 		[Node Attribute Child 1] male_generic_obj (Type Mesh).
[2016.12.20-12.53.46:535][527]LogFbx: Dumping Node END [male_generic_obj]
[2016.12.20-12.53.46:535][527]LogFbx: =================================================
[2016.12.20-12.53.46:535][527]LogFbx: Dumping Node START [augen_obj] 
[2016.12.20-12.53.46:535][527]LogFbx: 	Total Deformer Count -1979392448.
[2016.12.20-12.53.46:535][527]LogFbx: 		[Node 1]  (Type Skin).
[2016.12.20-12.53.46:535][527]LogFbx: =================================================
[2016.12.20-12.53.46:535][527]LogFbx: 	Attribute () Type (4).
[2016.12.20-12.53.46:535][527]LogFbx: 		[Node Attribute Child 1] augen_obj (Type Mesh).
[2016.12.20-12.53.46:535][527]LogFbx: Dumping Node END [augen_obj]
[2016.12.20-12.53.46:535][527]LogFbx: =================================================
[2016.12.20-12.53.46:535][527]LogFbx: Dumping Node START [male_generic_obj] 
[2016.12.20-12.53.46:535][527]LogFbx: 	Total Deformer Count 2116109792.
[2016.12.20-12.53.46:535][527]LogFbx: 		[Node 1]  (Type Skin).
[2016.12.20-12.53.46:535][527]LogFbx: =================================================
[2016.12.20-12.53.46:535][527]LogFbx: 	Attribute () Type (4).
[2016.12.20-12.53.46:535][527]LogFbx: 		[Node Attribute Child 1] male_generic_obj (Type Mesh).
[2016.12.20-12.53.46:535][527]LogFbx: Dumping Node END [male_generic_obj]
[2016.12.20-12.53.46:535][527]LogFbx: =================================================
[2016.12.20-12.53.46:535][527]LogFbx: Dumping Node START [augen_obj] 
[2016.12.20-12.53.46:535][527]LogFbx: 	Total Deformer Count -1979392448.
[2016.12.20-12.53.46:535][527]LogFbx: 		[Node 1]  (Type Skin).
[2016.12.20-12.53.46:535][527]LogFbx: =================================================
[2016.12.20-12.53.46:535][527]LogFbx: 	Attribute () Type (4).
[2016.12.20-12.53.46:535][527]LogFbx: 		[Node Attribute Child 1] augen_obj (Type Mesh).
[2016.12.20-12.53.46:535][527]LogFbx: Dumping Node END [augen_obj]
[2016.12.20-12.53.46:557][527]LogFbx:Warning: Getting valid bind pose failed. Try to recreate bind pose
[2016.12.20-12.53.46:578][527]LogFbx: Valid bind pose for Pose (FbxSDKBindPose) - male_generic_obj
[2016.12.20-12.53.46:578][527]LogFbx:Warning: Recreating bind pose succeeded.
[2016.12.20-12.53.46:583][527]FBXImport:Warning: Warning Warning: No smoothing group information was found in this FBX scene.  Please make sure to enable the 'Export Smoothing Groups' option in the FBX Exporter plug-in before exporting the file.  Even for tools that don't support smoothing groups, the FBX Exporter will generate appropriate smoothing data at export-time so that correct vertex normals can be inferred while importing. 
[2016.12.20-12.53.46:583][527]FBXImport:Error: Error Multiple roots are found in the bone hierarchy. We only support single root bone. 
[2016.12.20-12.53.46:583][527]FBXImport:Error: Error Multiple roots found 
[2016.12.20-12.53.46:583][527]FBXImport:Warning: Warning Get Import Data has failed. 
[2016.12.20-12.53.46:583][527]FBXImport:Error: Error Import failed. 
[2016.12.20-12.53.52:087][527]LogAssetTools:Warning: Failed to import 'C:\Users\Dextex\Desktop\Neuer Ordner (8)\anim_walk_v4.fbx'. Failed to create asset '/Game/Test/anim_walk_v4'
[2016.12.20-13.01.05:206][714]LogFileHelpers: Editor autosave (incl. sublevels) for '/Game/Map/Map' took 0.014
[2016.12.20-13.01.05:257][714]OBJ SavePackage: Generating thumbnails for [0] asset(s) in package [/Game/Test/anim_walk_v4] ([1] browsable assets)...
[2016.12.20-13.01.05:257][714]OBJ SavePackage: Finished generating thumbnails for package [/Game/Test/anim_walk_v4]
[2016.12.20-13.01.05:257][714]Cmd: OBJ SAVEPACKAGE PACKAGE="/Game/Test/anim_walk_v4" FILE="../../../../../../MP2/project_nomad/Project_Nomand/Saved/Autosaves/Game/Test/anim_walk_v4_Auto1.uasset" SILENT=false AUTOSAVING=true
[2016.12.20-13.01.05:345][714]LogSavePackage: Save=69.28ms
[2016.12.20-13.01.05:345][714]LogSavePackage: Moving '../../../../../../MP2/project_nomad/Project_Nomand/Saved/anim_walk_v4_Auto15D9B5FBB49D413CED3A3FD872144B875.tmp' to '../../../../../../MP2/project_nomad/Project_Nomand/Saved/Autosaves/Game/Test/anim_walk_v4_Auto1.uasset'
[2016.12.20-13.01.05:346][714]LogSavePackage:Display: Finished SavePackage ../../../../../../MP2/project_nomad/Project_Nomand/Saved/Autosaves/Game/Test/anim_walk_v4_Auto1.uasset
[2016.12.20-13.01.05:346][714]LogFileHelpers: Auto-saving content packages took 0.139
[2016.12.20-13.11.05:876][516]LogFileHelpers: Editor autosave (incl. sublevels) for '/Game/Map/Map' took 0.016
[2016.12.20-13.21.06:539][318]LogFileHelpers: Editor autosave (incl. sublevels) for '/Game/Map/Map' took 0.012
[2016.12.20-13.31.07:213][120]LogFileHelpers: Editor autosave (incl. sublevels) for '/Game/Map/Map' took 0.012
[2016.12.20-13.41.07:885][922]LogFileHelpers: Editor autosave (incl. sublevels) for '/Game/Map/Map' took 0.012
[2016.12.20-13.51.08:564][724]LogFileHelpers: Editor autosave (incl. sublevels) for '/Game/Map/Map' took 0.016
[2016.12.20-14.01.09:222][526]LogFileHelpers: Editor autosave (incl. sublevels) for '/Game/Map/Map' took 0.013
[2016.12.20-14.11.09:891][328]LogFileHelpers: Editor autosave (incl. sublevels) for '/Game/Map/Map' took 0.014
[2016.12.20-14.12.50:781][243]LogSkeletalMesh: InitArticulated: Bodies already created (/Engine/Transient.DebugSkelMeshComponent_19) - call TermArticulated first.
[2016.12.20-14.12.50:914][243]LogContentBrowser:Verbose: The majority of assets in the view are of type: AnimSequence
[2016.12.20-14.14.01:895][ 64]LogEditorViewport: Clicking on Actor (LMB): BP_Sky_Sphere_C (Sky Sphere)
[2016.12.20-14.14.02:629][150]LogEditorViewport: Clicking on Actor (LMB): BP_Sky_Sphere_C (Sky Sphere)
[2016.12.20-14.21.10:880][475]LogFileHelpers: Editor autosave (incl. sublevels) for '/Game/Map/Map' took 0.032
[2016.12.20-14.31.32:200][339]LogFileHelpers: Editor autosave (incl. sublevels) for '/Game/Map/Map' took 0.015
[2016.12.20-14.32.54:391][581]Cmd: QUIT_EDITOR
[2016.12.20-14.32.54:680][581]LogWindowsTextInputMethodSystem:Display: IME system now deactivated.
[2016.12.20-14.32.54:706][581]LogExit: Preparing to exit.
[2016.12.20-14.32.56:000][581]LogExit: Editor shut down
[2016.12.20-14.32.56:001][581]LogExit: Transaction tracking system shut down
[2016.12.20-14.32.56:205][581]LogObj: Freed 0b from 0 cluster array pools.
[2016.12.20-14.32.56:205][581]LogExit: Object subsystem successfully closed.
[2016.12.20-14.32.56:224][581]LogD3D11RHI: Shutdown
[2016.12.20-14.32.56:224][581]LogD3D11RHI: CleanupD3DDevice
[2016.12.20-14.32.56:318][581]LogD3D11RHI: ~FD3D11DynamicRHI
[2016.12.20-14.32.56:336][581]LogModuleManager: Shutting down and abandoning module BlueprintGraph (215)
[2016.12.20-14.32.56:350][581]LogModuleManager: Shutting down and abandoning module MovieSceneCapture (214)
[2016.12.20-14.32.56:351][581]LogModuleManager: Shutting down and abandoning module HierarchicalLODOutliner (213)
[2016.12.20-14.32.56:351][581]LogModuleManager: Shutting down and abandoning module CrashTracker (212)
[2016.12.20-14.32.56:351][581]LogModuleManager: Shutting down and abandoning module SceneOutliner (211)
[2016.12.20-14.32.56:351][581]LogModuleManager: Shutting down and abandoning module WidgetCarousel (210)
[2016.12.20-14.32.56:369][581]LogModuleManager: Shutting down and abandoning module AddContentDialog (209)
[2016.12.20-14.32.56:389][581]LogModuleManager: Shutting down and abandoning module GameplayTags (208)
[2016.12.20-14.32.56:389][581]LogModuleManager: Shutting down and abandoning module EditorWidgets (207)
[2016.12.20-14.32.56:389][581]LogModuleManager: Shutting down and abandoning module CollectionManager (206)
[2016.12.20-14.32.56:389][581]LogModuleManager: Shutting down and abandoning module StatsViewer (205)
[2016.12.20-14.32.56:389][581]LogModuleManager: Shutting down and abandoning module FoliageEdit (204)
[2016.12.20-14.32.56:389][581]LogModuleManager: Shutting down and abandoning module LandscapeEditor (203)
[2016.12.20-14.32.56:389][581]LogModuleManager: Shutting down and abandoning module SceneDepthPickerMode (202)
[2016.12.20-14.32.56:389][581]LogModuleManager: Shutting down and abandoning module ActorPickerMode (201)
[2016.12.20-14.32.56:389][581]LogModuleManager: Shutting down and abandoning module GeometryMode (200)
[2016.12.20-14.32.56:389][581]LogModuleManager: Shutting down and abandoning module TextureAlignMode (199)
[2016.12.20-14.32.56:389][581]LogModuleManager: Shutting down and abandoning module BspMode (198)
[2016.12.20-14.32.56:389][581]LogModuleManager: Shutting down and abandoning module HardwareSurvey (197)
[2016.12.20-14.32.56:389][581]LogModuleManager: Shutting down and abandoning module SequenceRecorderSections (196)
[2016.12.20-14.32.56:389][581]LogModuleManager: Shutting down and abandoning module SequenceRecorder (195)
[2016.12.20-14.32.56:389][581]LogModuleManager: Shutting down and abandoning module AutomationWorker (194)
[2016.12.20-14.32.56:389][581]LogModuleManager: Shutting down and abandoning module MatineeToLevelSequence (193)
[2016.12.20-14.32.56:389][581]LogModuleManager: Shutting down and abandoning module PlacementMode (192)
[2016.12.20-14.32.56:389][581]LogModuleManager: Shutting down and abandoning module LevelSequenceEditor (191)
[2016.12.20-14.32.56:389][581]LogModuleManager: Shutting down and abandoning module CharacterAI (190)
[2016.12.20-14.32.56:390][581]LogModuleManager: Shutting down and abandoning module SmartSnapping (189)
[2016.12.20-14.32.56:390][581]LogModuleManager: Shutting down and abandoning module SessionServices (188)
[2016.12.20-14.32.56:390][581]LogModuleManager: Shutting down and abandoning module ViewportSnapping (187)
[2016.12.20-14.32.56:390][581]LogModuleManager: Shutting down and abandoning module LogVisualizer (186)
[2016.12.20-14.32.56:390][581]LogModuleManager: Shutting down and abandoning module GameProjectGeneration (185)
[2016.12.20-14.32.56:390][581]LogModuleManager: Shutting down and abandoning module IntroTutorials (184)
[2016.12.20-14.32.56:390][581]LogModuleManager: Shutting down and abandoning module EditorLiveStreaming (183)
[2016.12.20-14.32.56:390][581]LogModuleManager: Shutting down and abandoning module IOSPlatformEditor (182)
[2016.12.20-14.32.56:390][581]LogModuleManager: Shutting down and abandoning module HTML5PlatformEditor (181)
[2016.12.20-14.32.56:390][581]LogModuleManager: Shutting down and abandoning module AndroidDeviceDetection (180)
[2016.12.20-14.32.56:901][581]LogModuleManager: Shutting down and abandoning module AndroidPlatformEditor (179)
[2016.12.20-14.32.56:901][581]LogModuleManager: Shutting down and abandoning module IOSRuntimeSettings (178)
[2016.12.20-14.32.56:901][581]LogModuleManager: Shutting down and abandoning module AndroidRuntimeSettings (177)
[2016.12.20-14.32.56:901][581]LogModuleManager: Shutting down and abandoning module MergeActors (176)
[2016.12.20-14.32.56:901][581]LogModuleManager: Shutting down and abandoning module SizeMap (175)
[2016.12.20-14.32.56:901][581]LogModuleManager: Shutting down and abandoning module TreeMap (174)
[2016.12.20-14.32.56:901][581]LogModuleManager: Shutting down and abandoning module ReferenceViewer (173)
[2016.12.20-14.32.56:901][581]LogModuleManager: Shutting down and abandoning module LocalizationService (172)
[2016.12.20-14.32.56:901][581]LogModuleManager: Shutting down and abandoning module LocalizationDashboard (171)
[2016.12.20-14.32.56:901][581]LogModuleManager: Shutting down and abandoning module HardwareTargeting (170)
[2016.12.20-14.32.56:901][581]LogModuleManager: Shutting down and abandoning module DeviceProfileEditor (169)
[2016.12.20-14.32.56:901][581]LogModuleManager: Shutting down and abandoning module UndoHistory (168)
[2016.12.20-14.32.56:902][581]LogModuleManager: Shutting down and abandoning module UserFeedback (167)
[2016.12.20-14.32.56:902][581]LogModuleManager: Shutting down and abandoning module XmlParser (166)
[2016.12.20-14.32.56:902][581]LogModuleManager: Shutting down and abandoning module Blutility (165)
[2016.12.20-14.32.56:902][581]LogModuleManager: Shutting down and abandoning module ProjectTargetPlatformEditor (164)
[2016.12.20-14.32.56:902][581]LogModuleManager: Shutting down and abandoning module ProjectSettingsViewer (163)
[2016.12.20-14.32.56:902][581]LogModuleManager: Shutting down and abandoning module InputBindingEditor (162)
[2016.12.20-14.32.56:902][581]LogModuleManager: Shutting down and abandoning module EditorSettingsViewer (161)
[2016.12.20-14.32.56:902][581]LogModuleManager: Shutting down and abandoning module SettingsEditor (160)
[2016.12.20-14.32.56:902][581]LogModuleManager: Shutting down and abandoning module ProjectLauncher (159)
[2016.12.20-14.32.56:902][581]LogModuleManager: Shutting down and abandoning module SessionFrontend (158)
[2016.12.20-14.32.56:902][581]LogModuleManager: Shutting down and abandoning module ProfilerClient (157)
[2016.12.20-14.32.56:902][581]LogModuleManager: Shutting down and abandoning module TargetDeviceServices (156)
[2016.12.20-14.32.56:902][581]LogModuleManager: Shutting down and abandoning module DeviceManager (155)
[2016.12.20-14.32.56:955][581]LogModuleManager: Shutting down and abandoning module AutomationController (154)
[2016.12.20-14.32.56:955][581]LogModuleManager: Shutting down and abandoning module AutomationWindow (153)
[2016.12.20-14.32.56:955][581]LogModuleManager: Shutting down and abandoning module Layers (152)
[2016.12.20-14.32.56:955][581]LogModuleManager: Shutting down and abandoning module ComponentVisualizers (151)
[2016.12.20-14.32.56:955][581]LogModuleManager: Shutting down and abandoning module DetailCustomizations (150)
[2016.12.20-14.32.56:955][581]LogModuleManager: Shutting down and abandoning module PackagesDialog (149)
[2016.12.20-14.32.56:955][581]LogModuleManager: Shutting down and abandoning module Persona (148)
[2016.12.20-14.32.56:955][581]LogModuleManager: Shutting down and abandoning module Kismet (147)
[2016.12.20-14.32.56:955][581]LogModuleManager: Shutting down and abandoning module GraphEditor (146)
[2016.12.20-14.32.56:955][581]LogModuleManager: Shutting down and abandoning module ClassViewer (145)
[2016.12.20-14.32.56:955][581]LogModuleManager: Shutting down and abandoning module Toolbox (144)
[2016.12.20-14.32.56:955][581]LogModuleManager: Shutting down and abandoning module ModuleUI (143)
[2016.12.20-14.32.56:955][581]LogModuleManager: Shutting down and abandoning module MovieSceneTools (142)
[2016.12.20-14.32.56:955][581]LogModuleManager: Shutting down and abandoning module OutputLog (141)
[2016.12.20-14.32.56:955][581]LogModuleManager: Shutting down and abandoning module GammaUI (140)
[2016.12.20-14.32.56:955][581]LogModuleManager: Shutting down and abandoning module Documentation (139)
[2016.12.20-14.32.56:955][581]LogModuleManager: Shutting down and abandoning module StreamingPauseRendering (138)
[2016.12.20-14.32.56:955][581]LogModuleManager: Shutting down and abandoning module AnalyticsET (137)
[2016.12.20-14.32.56:955][581]LogModuleManager: Shutting down and abandoning module Analytics (136)
[2016.12.20-14.32.56:955][581]LogModuleManager: Shutting down and abandoning module PortalServices (135)
[2016.12.20-14.32.56:955][581]LogModuleManager: Shutting down and abandoning module PortalRpc (134)
[2016.12.20-14.32.56:955][581]LogModuleManager: Shutting down and abandoning module MessagingRpc (133)
[2016.12.20-14.32.56:955][581]LogModuleManager: Shutting down and abandoning module GameplayDebugger (132)
[2016.12.20-14.32.56:955][581]LogModuleManager: Shutting down and abandoning module AITestSuite (131)
[2016.12.20-14.32.56:955][581]LogModuleManager: Shutting down and abandoning module AIModule (130)
[2016.12.20-14.32.56:955][581]LogModuleManager: Shutting down and abandoning module ProfilerService (129)
[2016.12.20-14.32.57:012][581]LogModuleManager: Shutting down and abandoning module TaskGraph (128)
[2016.12.20-14.32.57:012][581]LogModuleManager: Shutting down and abandoning module SlateRemote (127)
[2016.12.20-14.32.57:012][581]LogModuleManager: Shutting down and abandoning module SteamVRController (126)
[2016.12.20-14.32.57:012][581]LogModuleManager: Shutting down and abandoning module SteamVR (125)
[2016.12.20-14.32.57:012][581]LogModuleManager: Shutting down and abandoning module ProceduralMeshComponent (124)
[2016.12.20-14.32.57:012][581]LogModuleManager: Shutting down and abandoning module OculusLibrary (123)
[2016.12.20-14.32.57:012][581]LogModuleManager: Shutting down and abandoning module OculusInput (122)
[2016.12.20-14.32.57:012][581]LogModuleManager: Shutting down and abandoning module CustomMeshComponent (121)
[2016.12.20-14.32.57:012][581]LogModuleManager: Shutting down and abandoning module CableComponent (120)
[2016.12.20-14.32.57:012][581]LogModuleManager: Shutting down and abandoning module ArchVisCharacter (119)
[2016.12.20-14.32.57:012][581]LogModuleManager: Shutting down and abandoning module MediaPlayerEditor (118)
[2016.12.20-14.32.57:012][581]LogModuleManager: Shutting down and abandoning module HTML5Networking (117)
[2016.12.20-14.32.57:013][581]LogModuleManager: Shutting down and abandoning module SuperSearch (116)
[2016.12.20-14.32.57:013][581]LogModuleManager: Shutting down and abandoning module SuperSearchEditor (115)
[2016.12.20-14.32.57:013][581]LogModuleManager: Shutting down and abandoning module SpeedTreeImporter (114)
[2016.12.20-14.32.57:013][581]LogModuleManager: Shutting down and abandoning module PluginBrowser (113)
[2016.12.20-14.32.57:013][581]LogModuleManager: Shutting down and abandoning module EpicSurvey (112)
[2016.12.20-14.32.57:013][581]LogModuleManager: Shutting down and abandoning module DesktopPlatform (111)
[2016.12.20-14.32.57:013][581]LogModuleManager: Shutting down and abandoning module VisualStudioSourceCodeAccess (110)
[2016.12.20-14.32.57:013][581]LogModuleManager: Shutting down and abandoning module UObjectPlugin (109)
[2016.12.20-14.32.57:013][581]LogModuleManager: Shutting down and abandoning module SubversionSourceControl (108)
[2016.12.20-14.32.57:013][581]LogModuleManager: Shutting down and abandoning module PerforceSourceControl (107)
[2016.12.20-14.32.57:013][581]LogModuleManager: Shutting down and abandoning module SourceControl (106)
[2016.12.20-14.32.57:013][581]LogModuleManager: Shutting down and abandoning module GitSourceControl (105)
[2016.12.20-14.32.57:013][581]LogModuleManager: Shutting down and abandoning module LightPropagationVolumeEditor (104)
[2016.12.20-14.32.57:013][581]LogModuleManager: Shutting down and abandoning module PaperTiledImporter (103)
[2016.12.20-14.32.57:013][581]LogModuleManager: Shutting down and abandoning module PaperSpriteSheetImporter (102)
[2016.12.20-14.32.57:013][581]LogModuleManager: Shutting down and abandoning module MeshPaint (101)
[2016.12.20-14.32.57:013][581]LogModuleManager: Shutting down and abandoning module PixelInspectorModule (100)
[2016.12.20-14.32.57:013][581]LogModuleManager: Shutting down and abandoning module HotReload (99)
[2016.12.20-14.32.57:013][581]LogModuleManager: Shutting down and abandoning module MainFrame (98)
[2016.12.20-14.32.57:013][581]LogModuleManager: Shutting down and abandoning module LevelEditor (97)
[2016.12.20-14.32.57:014][581]LogModuleManager: Shutting down and abandoning module ContentBrowser (96)
[2016.12.20-14.32.57:016][581]LogModuleManager: Shutting down and abandoning module Paper2DEditor (95)
[2016.12.20-14.32.57:016][581]LogModuleManager: Shutting down and abandoning module UdpMessaging (94)
[2016.12.20-14.32.57:116][581]LogModuleManager: Shutting down and abandoning module LightPropagationVolumeRuntime (93)
[2016.12.20-14.32.57:116][581]LogModuleManager: Shutting down and abandoning module Paper2D (92)
[2016.12.20-14.32.57:116][581]LogModuleManager: Shutting down and abandoning module WindowsMoviePlayer (91)
[2016.12.20-14.32.57:116][581]LogModuleManager: Shutting down and abandoning module Media (90)
[2016.12.20-14.32.57:116][581]LogModuleManager: Shutting down and abandoning module WmfMedia (89)
[2016.12.20-14.32.57:116][581]LogModuleManager: Shutting down and abandoning module MediaAssets (88)
[2016.12.20-14.32.57:116][581]LogModuleManager: Shutting down and abandoning module GameLiveStreaming (87)
[2016.12.20-14.32.57:116][581]LogModuleManager: Shutting down and abandoning module GameplayTagsEditor (86)
[2016.12.20-14.32.57:116][581]LogModuleManager: Shutting down and abandoning module OnlineBlueprintSupport (85)
[2016.12.20-14.32.57:116][581]LogModuleManager: Shutting down and abandoning module VREditor (84)
[2016.12.20-14.32.57:116][581]LogModuleManager: Shutting down and abandoning module GameplayTasksEditor (83)
[2016.12.20-14.32.57:116][581]LogModuleManager: Shutting down and abandoning module PropertyEditor (82)
[2016.12.20-14.32.57:116][581]LogModuleManager: Shutting down and abandoning module BehaviorTreeEditor (81)
[2016.12.20-14.32.57:116][581]LogModuleManager: Shutting down and abandoning module FunctionalTesting (80)
[2016.12.20-14.32.57:116][581]LogModuleManager: Shutting down and abandoning module CollisionAnalyzer (79)
[2016.12.20-14.32.57:116][581]LogModuleManager: Shutting down and abandoning module Sequencer (78)
[2016.12.20-14.32.57:116][581]LogModuleManager: Shutting down and abandoning module WorkspaceMenuStructure (77)
[2016.12.20-14.32.57:116][581]LogModuleManager: Shutting down and abandoning module MessageLog (76)
[2016.12.20-14.32.57:117][581]LogModuleManager: Shutting down and abandoning module AssetTools (75)
[2016.12.20-14.32.57:117][581]LogModuleManager: Shutting down and abandoning module UMGEditor (74)
[2016.12.20-14.32.57:117][581]LogModuleManager: Shutting down and abandoning module UMG (73)
[2016.12.20-14.32.57:117][581]LogModuleManager: Shutting down and abandoning module SlateReflector (72)
[2016.12.20-14.32.57:117][581]LogModuleManager: Shutting down and abandoning module Slate (71)
[2016.12.20-14.32.57:117][581]LogModuleManager: Shutting down and abandoning module EditorStyle (70)
[2016.12.20-14.32.57:119][581]LogModuleManager: Shutting down and abandoning module SourceCodeAccess (69)
[2016.12.20-14.32.57:119][581]LogModuleManager: Shutting down and abandoning module HeadMountedDisplay (68)
[2016.12.20-14.32.57:119][581]LogModuleManager: Shutting down and abandoning module XAudio2 (67)
[2016.12.20-14.32.57:119][581]LogModuleManager: Shutting down and abandoning module Networking (65)
[2016.12.20-14.32.57:119][581]LogModuleManager: Shutting down and abandoning module Core (64)
[2016.12.20-14.32.57:119][581]LogModuleManager: Shutting down and abandoning module DirectoryWatcher (63)
[2016.12.20-14.32.57:123][581]LogModuleManager: Shutting down and abandoning module AssetRegistry (62)
[2016.12.20-14.32.57:274][581]LogModuleManager: Shutting down and abandoning module KismetCompiler (61)
[2016.12.20-14.32.57:274][581]LogModuleManager: Shutting down and abandoning module PhysXFormats (60)
[2016.12.20-14.32.57:274][581]LogModuleManager: Shutting down and abandoning module MeshUtilities (59)
[2016.12.20-14.32.57:274][581]LogModuleManager: Shutting down and abandoning module DerivedDataCache (58)
[2016.12.20-14.32.57:329][581]LogDerivedDataCache: Shutdown
[2016.12.20-14.32.57:329][581]LogModuleManager: Shutting down and abandoning module VulkanShaderFormat (57)
[2016.12.20-14.32.57:329][581]LogModuleManager: Shutting down and abandoning module ShaderFormatOpenGL (56)
[2016.12.20-14.32.57:329][581]LogModuleManager: Shutting down and abandoning module ShaderFormatD3D (55)
[2016.12.20-14.32.57:329][581]LogModuleManager: Shutting down and abandoning module MetalShaderFormat (54)
[2016.12.20-14.32.57:329][581]LogModuleManager: Shutting down and abandoning module TextureFormatUncompressed (53)
[2016.12.20-14.32.57:329][581]LogModuleManager: Shutting down and abandoning module TextureFormatPVR (52)
[2016.12.20-14.32.57:329][581]LogModuleManager: Shutting down and abandoning module TextureFormatIntelISPCTexComp (51)
[2016.12.20-14.32.57:329][581]LogModuleManager: Shutting down and abandoning module TextureFormatDXT (50)
[2016.12.20-14.32.57:329][581]LogModuleManager: Shutting down and abandoning module ImageWrapper (49)
[2016.12.20-14.32.57:329][581]LogModuleManager: Shutting down and abandoning module TextureFormatASTC (48)
[2016.12.20-14.32.57:329][581]LogModuleManager: Shutting down and abandoning module TextureFormatAndroid (47)
[2016.12.20-14.32.57:329][581]LogModuleManager: Shutting down and abandoning module AudioFormatOpus (46)
[2016.12.20-14.32.57:329][581]LogModuleManager: Shutting down and abandoning module AudioFormatOgg (45)
[2016.12.20-14.32.57:329][581]LogModuleManager: Shutting down and abandoning module AudioFormatADPCM (44)
[2016.12.20-14.32.57:329][581]LogModuleManager: Shutting down and abandoning module LinuxTargetPlatform (43)
[2016.12.20-14.32.57:329][581]LogModuleManager: Shutting down and abandoning module LinuxServerTargetPlatform (42)
[2016.12.20-14.32.57:329][581]LogModuleManager: Shutting down and abandoning module LinuxNoEditorTargetPlatform (41)
[2016.12.20-14.32.57:329][581]LogModuleManager: Shutting down and abandoning module TVOSTargetPlatform (40)
[2016.12.20-14.32.57:329][581]LogModuleManager: Shutting down and abandoning module Messaging (39)
[2016.12.20-14.32.57:329][581]LogModuleManager: Shutting down and abandoning module IOSTargetPlatform (38)
[2016.12.20-14.32.57:329][581]LogModuleManager: Shutting down and abandoning module HTML5TargetPlatform (37)
[2016.12.20-14.32.57:329][581]LogModuleManager: Shutting down and abandoning module Android_PVRTCTargetPlatform (36)
[2016.12.20-14.32.57:329][581]LogModuleManager: Shutting down and abandoning module Android_MultiTargetPlatform (35)
[2016.12.20-14.32.57:329][581]LogModuleManager: Shutting down and abandoning module Android_ETC2TargetPlatform (34)
[2016.12.20-14.32.57:329][581]LogModuleManager: Shutting down and abandoning module Android_ETC1TargetPlatform (33)
[2016.12.20-14.32.57:329][581]LogModuleManager: Shutting down and abandoning module Android_DXTTargetPlatform (32)
[2016.12.20-14.32.57:329][581]LogModuleManager: Shutting down and abandoning module Android_ATCTargetPlatform (31)
[2016.12.20-14.32.57:330][581]LogModuleManager: Shutting down and abandoning module Android_ASTCTargetPlatform (30)
[2016.12.20-14.32.57:330][581]LogModuleManager: Shutting down and abandoning module AndroidTargetPlatform (29)
[2016.12.20-14.32.57:330][581]LogModuleManager: Shutting down and abandoning module WindowsTargetPlatform (28)
[2016.12.20-14.32.57:330][581]LogModuleManager: Shutting down and abandoning module WindowsServerTargetPlatform (27)
[2016.12.20-14.32.57:330][581]LogModuleManager: Shutting down and abandoning module WindowsNoEditorTargetPlatform (26)
[2016.12.20-14.32.57:330][581]LogModuleManager: Shutting down and abandoning module WindowsClientTargetPlatform (25)
[2016.12.20-14.32.57:330][581]LogModuleManager: Shutting down and abandoning module AllDesktopTargetPlatform (24)
[2016.12.20-14.32.57:330][581]LogModuleManager: Shutting down and abandoning module TargetPlatform (23)
[2016.12.20-14.32.57:330][581]LogModuleManager: Shutting down and abandoning module InputCore (22)
[2016.12.20-14.32.57:330][581]LogModuleManager: Shutting down and abandoning module Settings (21)
[2016.12.20-14.32.57:330][581]LogModuleManager: Shutting down and abandoning module OnlineSubsystem (19)
[2016.12.20-14.32.57:330][581]LogModuleManager: Shutting down and abandoning module HTTP (18)
[2016.12.20-14.33.00:334][581]LogModuleManager: Shutting down and abandoning module XMPP (17)
[2016.12.20-14.33.00:334][581]LogModuleManager: Shutting down and abandoning module OculusRift (16)
[2016.12.20-14.33.00:334][581]LogModuleManager: Shutting down and abandoning module ExampleDeviceProfileSelector (15)
[2016.12.20-14.33.00:334][581]LogModuleManager: Shutting down and abandoning module TextureCompressor (14)
[2016.12.20-14.33.00:334][581]LogModuleManager: Shutting down and abandoning module ShaderCore (13)
[2016.12.20-14.33.00:334][581]LogModuleManager: Shutting down and abandoning module Landscape (12)
[2016.12.20-14.33.00:334][581]LogModuleManager: Shutting down and abandoning module SlateRHIRenderer (11)
[2016.12.20-14.33.00:341][581]LogModuleManager: Shutting down and abandoning module OpenGLDrv (10)
[2016.12.20-14.33.00:341][581]LogModuleManager: Shutting down and abandoning module D3D11RHI (9)
[2016.12.20-14.33.00:341][581]LogModuleManager: Shutting down and abandoning module AnimGraphRuntime (8)
[2016.12.20-14.33.00:341][581]LogModuleManager: Shutting down and abandoning module Renderer (7)
[2016.12.20-14.33.00:341][581]LogModuleManager: Shutting down and abandoning module Engine (6)
[2016.12.20-14.33.00:341][581]LogModuleManager: Shutting down and abandoning module CoreUObject (5)
[2016.12.20-14.33.00:341][581]LogModuleManager: Shutting down and abandoning module NetworkFile (4)
[2016.12.20-14.33.00:341][581]LogModuleManager: Shutting down and abandoning module StreamingFile (3)
[2016.12.20-14.33.00:341][581]LogModuleManager: Shutting down and abandoning module SandboxFile (2)
[2016.12.20-14.33.00:341][581]LogModuleManager: Shutting down and abandoning module PakFile (1)
[2016.12.20-14.33.00:342][581]LogExit: Exiting.
[2016.12.20-14.33.00:347][581]Log file closed, 12/20/16 15:33:00
