Log file open, 01/30/17 23:08:38
LogInit:Display: Running engine for game: Project_Nomand
LogPlatformFile: Not using cached read wrapper
LogInit:Display: RandInit(873214519) SRandInit(873214520).
LogTaskGraph: Started task graph with 4 named threads and 7 total threads with 1 sets of task threads.
LogStats: Stats thread started at 0.086626
LogInit: Version: 4.12.5-3039270+++UE4+Release-4.12
LogInit: API Version: 2992821
LogInit: Net Version: 3039270
LogDevObjectVersion: Number of dev versions registered: 13
LogDevObjectVersion:   Dev-Blueprints (B0D832E4-1F89-4F0D-ACCF-7EB736FD4AA2): 3
LogDevObjectVersion:   Dev-Build (E1C64328-A22C-4D53-A36C-8E866417BD8C): 0
LogDevObjectVersion:   Dev-Core (375EC13C-06E4-48FB-B500-84F0262A717E): 1
LogDevObjectVersion:   Dev-Editor (E4B068ED-F494-42E9-A231-DA0B2E46BB41): 2
LogDevObjectVersion:   Dev-Framework (CFFC743F-43B0-4480-9391-14DF171D2073): 6
LogDevObjectVersion:   Dev-Mobile (B02B49B5-BB20-44E9-A304-32B752E40360): 0
LogDevObjectVersion:   Dev-Networking (A4E4105C-59A1-49B5-A7C5-40C4547EDFEE): 0
LogDevObjectVersion:   Dev-Online (39C831C9-5AE6-47DC-9A44-9C173E1C8E7C): 0
LogDevObjectVersion:   Dev-Physics (78F01B33-EBEA-4F98-B9B4-84EACCB95AA2): 0
LogDevObjectVersion:   Dev-Platform (6631380F-2D4D-43E0-8009-CF276956A95A): 0
LogDevObjectVersion:   Dev-Rendering (12F88B9F-8875-4AFC-A67C-D90C383ABD29): 2
LogDevObjectVersion:   Dev-Sequencer (7B5AE74C-D270-4C10-A958-57980B212A5A): 0
LogDevObjectVersion:   Dev-VR (D7296918-1DD6-4BDD-9DE2-64A83CC13884): 0
LogInit: Compiled (64-bit): Jul  6 2016 09:09:46
LogInit: Compiled with Visual C++: 19.00.23026.00
LogInit: Build Configuration: Development
LogInit: Branch Name: ++UE4+Release-4.12
LogInit: Command line: 
LogInit: Base directory: G:/UNI/Programme/Epic Games/4.12/Engine/Binaries/Win64/
LogInit: Installed Engine Build: 1
LogInit: Using libcurl 7.41.0
LogInit:  - built for x86_64-pc-win32
LogInit:  - supports SSL with WinSSL
LogInit:  - other features:
LogInit:      CURL_VERSION_SSL
LogInit:      CURL_VERSION_IPV6
LogInit:      CURL_VERSION_ASYNCHDNS
LogInit:      CURL_VERSION_LARGEFILE
LogInit:      CURL_VERSION_IDN
LogInit:  CurlRequestOptions (configurable via config and command line):
LogInit:  - bVerifyPeer = true  - Libcurl will verify peer certificate
LogInit:  - bUseHttpProxy = false  - Libcurl will NOT use HTTP proxy
LogInit:  - bDontReuseConnections = false  - Libcurl will reuse connections
LogInit:  - CertBundlePath = nullptr  - Libcurl will use whatever was configured at build time.
LogInit: Presizing for max 8388607 objects, including 0 objects not considered by GC, pre-allocating 0 bytes for permanent pool.
LogInit: Object subsystem initialized
[2017.01.30-22.08.38:574][  0]LogInit: Selected Device Profile: [Windows]
[2017.01.30-22.08.38:574][  0]LogInit: Applying CVar settings loaded from the selected device profile: [Windows]
[2017.01.30-22.08.38:586][  0]LogInit: Computer: DEX
[2017.01.30-22.08.38:586][  0]LogInit: User: Dextex
[2017.01.30-22.08.38:586][  0]LogInit: CPU Page size=65536, Cores=4
[2017.01.30-22.08.38:586][  0]LogInit: High frequency timer resolution =3.417976 MHz
[2017.01.30-22.08.38:586][  0]LogMemory: Memory total: Physical=15.9GB (16GB approx)
[2017.01.30-22.08.38:586][  0]LogMemory: Platform Memory Stats for Windows
[2017.01.30-22.08.38:586][  0]LogMemory: Process Physical Memory: 191.67 MB used, 191.67 MB peak
[2017.01.30-22.08.38:587][  0]LogMemory: Process Virtual Memory: 195.26 MB used, 195.26 MB peak
[2017.01.30-22.08.38:587][  0]LogMemory: Physical Memory: 9312.89 MB used, 16328.00 MB total
[2017.01.30-22.08.38:587][  0]LogMemory: Virtual Memory: 553.49 MB used, 134217728.00 MB total
[2017.01.30-22.08.38:641][  0]LogTextLocalizationManager: No translations for ('de-DE') exist, falling back to 'en' for localization and internationalization data.
[2017.01.30-22.08.39:057][  0]LogD3D11RHI: D3D11 adapters:
[2017.01.30-22.08.39:648][  0]LogD3D11RHI:    0. 'NVIDIA GeForce GTX 1080' (Feature Level 11_0)
[2017.01.30-22.08.39:648][  0]LogD3D11RHI:       8144/0/8164 MB DedicatedVideo/DedicatedSystem/SharedSystem, Outputs:2, VendorId:0x10de
[2017.01.30-22.08.39:653][  0]LogD3D11RHI:    1. 'Microsoft Basic Render Driver' (Feature Level 11_0)
[2017.01.30-22.08.39:653][  0]LogD3D11RHI:       0/0/8164 MB DedicatedVideo/DedicatedSystem/SharedSystem, Outputs:0, VendorId:0x1414
[2017.01.30-22.08.39:653][  0]LogD3D11RHI: Chosen D3D11 Adapter: 0
[2017.01.30-22.08.39:660][  0]LogD3D11RHI: Creating new Direct3DDevice
[2017.01.30-22.08.39:660][  0]LogD3D11RHI:     GPU DeviceId: 0x1b80 (for the marketing name, search the web for "GPU Device Id")
[2017.01.30-22.08.39:660][  0]LogWindows: EnumDisplayDevices:
[2017.01.30-22.08.39:660][  0]LogWindows:    0. 'NVIDIA GeForce GTX 1080' (P:1 D:1)
[2017.01.30-22.08.39:661][  0]LogWindows:    1. 'NVIDIA GeForce GTX 1080' (P:0 D:1)
[2017.01.30-22.08.39:662][  0]LogWindows:    2. 'NVIDIA GeForce GTX 1080' (P:0 D:0)
[2017.01.30-22.08.39:663][  0]LogWindows:    3. 'NVIDIA GeForce GTX 1080' (P:0 D:0)
[2017.01.30-22.08.39:664][  0]LogWindows: DebugString: FoundDriverCount:4 
[2017.01.30-22.08.39:664][  0]LogD3D11RHI:     Adapter Name: NVIDIA GeForce GTX 1080
[2017.01.30-22.08.39:664][  0]LogD3D11RHI:   Driver Version: 376.33 (internal:21.21.13.7633, unified:376.33)
[2017.01.30-22.08.39:664][  0]LogD3D11RHI:      Driver Date: 12-11-2016
[2017.01.30-22.08.39:664][  0]LogRHI: Texture pool is 1361 MB (70% of 1945 MB)
[2017.01.30-22.08.40:229][  0]LogD3D11RHI: Async texture creation enabled
[2017.01.30-22.08.40:292][  0]LogD3D11RHI: GPU Timing Frequency: 1000.000000 (Debug: 2 1)
[2017.01.30-22.08.40:293][  0]LogShaderCompilers: Guid format shader working directory is -3 characters bigger than the processId version (../../../../../../MP2/project_nomad/Project_Nomand/Intermediate/Shaders/WorkingDirectory/2676/).
[2017.01.30-22.08.40:293][  0]LogShaderCompilers: Cleaned the shader compiler working directory 'C:/Users/Dextex/AppData/Local/Temp/UnrealShaderWorkingDir/7C17C9014A9B334F6C775FAB0604765A/'.
[2017.01.30-22.08.40:293][  0]LogShaderCompilers:Display: Using Local Shader Compiler.
[2017.01.30-22.08.41:468][  0]LogTemp:Display: Loaded TP AllDesktopTargetPlatform
[2017.01.30-22.08.41:512][  0]LogTemp:Display: Loaded TP WindowsClientTargetPlatform
[2017.01.30-22.08.41:553][  0]LogTemp:Display: Loaded TP WindowsNoEditorTargetPlatform
[2017.01.30-22.08.41:592][  0]LogTemp:Display: Loaded TP WindowsServerTargetPlatform
[2017.01.30-22.08.41:639][  0]LogTemp:Display: Loaded TP WindowsTargetPlatform
[2017.01.30-22.08.41:678][  0]LogTemp:Display: Loaded TP AndroidTargetPlatform
[2017.01.30-22.08.41:718][  0]LogTemp:Display: Loaded TP Android_ASTCTargetPlatform
[2017.01.30-22.08.41:760][  0]LogTemp:Display: Loaded TP Android_ATCTargetPlatform
[2017.01.30-22.08.41:798][  0]LogTemp:Display: Loaded TP Android_DXTTargetPlatform
[2017.01.30-22.08.41:836][  0]LogTemp:Display: Loaded TP Android_ETC1TargetPlatform
[2017.01.30-22.08.41:877][  0]LogTemp:Display: Loaded TP Android_ETC2TargetPlatform
[2017.01.30-22.08.41:960][  0]LogTemp:Display: Loaded TP Android_MultiTargetPlatform
[2017.01.30-22.08.41:960][  0]LogTemp:Display: Loaded TP Android_PVRTCTargetPlatform
[2017.01.30-22.08.41:991][  0]LogTemp:Display: Loaded TP HTML5TargetPlatform
[2017.01.30-22.08.42:116][  0]LogTemp:Display: Loaded TP IOSTargetPlatform
[2017.01.30-22.08.42:158][  0]LogTemp:Display: Loaded TP TVOSTargetPlatform
[2017.01.30-22.08.42:192][  0]LogTemp:Display: Loaded TP LinuxNoEditorTargetPlatform
[2017.01.30-22.08.42:231][  0]LogTemp:Display: Loaded TP LinuxServerTargetPlatform
[2017.01.30-22.08.42:277][  0]LogTemp:Display: Loaded TP LinuxTargetPlatform
[2017.01.30-22.08.42:277][  0]LogTargetPlatformManager:Display: Building Assets For Windows
[2017.01.30-22.08.43:218][  0]LogDerivedDataCache:Display: Max Cache Size: 512 MB
[2017.01.30-22.08.43:275][  0]LogDerivedDataCache: Loaded boot cache 0.06s 48MB C:/Users/Dextex/AppData/Local/UnrealEngine/4.12/DerivedDataCache/Boot.ddc.
[2017.01.30-22.08.43:275][  0]LogDerivedDataCache:Display: Loaded Boot cache: C:/Users/Dextex/AppData/Local/UnrealEngine/4.12/DerivedDataCache/Boot.ddc
[2017.01.30-22.08.43:275][  0]LogDerivedDataCache: FDerivedDataBackendGraph:  Pak pak cache file ../../../../../../MP2/project_nomad/Project_Nomand/DerivedDataCache/DDC.ddp not found, will not use a pak cache.
[2017.01.30-22.08.43:275][  0]LogDerivedDataCache: Unable to find inner node Pak for hierarchical cache Hierarchy.
[2017.01.30-22.08.43:275][  0]LogDerivedDataCache: FDerivedDataBackendGraph:  CompressedPak pak cache file ../../../../../../MP2/project_nomad/Project_Nomand/DerivedDataCache/Compressed.ddp not found, will not use a pak cache.
[2017.01.30-22.08.43:275][  0]LogDerivedDataCache: Unable to find inner node CompressedPak for hierarchical cache Hierarchy.
[2017.01.30-22.08.43:290][  0]LogDerivedDataCache:Display: Pak cache opened for reading ../../../Engine/DerivedDataCache/Compressed.ddp.
[2017.01.30-22.08.43:303][  0]LogDerivedDataCache: Using Local data cache path C:/Users/Dextex/AppData/Local/UnrealEngine/Common/DerivedDataCache: Writable
[2017.01.30-22.08.43:487][  0]LogInit: Selected Device Profile: [Windows]
[2017.01.30-22.08.43:488][  0]LogContentStreaming: Texture pool size is 0.00 MB
[2017.01.30-22.08.43:688][  0]LogMeshUtilities: No automatic mesh reduction module available
[2017.01.30-22.08.43:688][  0]LogMeshUtilities: No automatic mesh merging module available
[2017.01.30-22.08.43:688][  0]LogMeshUtilities: No distributed automatic mesh merging module available
[2017.01.30-22.08.44:016][  0]LogAssetRegistry: FAssetRegistry took 0.0215 seconds to start up
[2017.01.30-22.08.44:039][  0]LogPackageLocalizationCache: Processed 3 localized package path(s) for 1 prioritized culture(s) in 0.019094 seconds
[2017.01.30-22.08.44:047][  0]LogUObjectArray: 28739 objects as part of root set at end of initial load.
[2017.01.30-22.08.44:047][  0]LogUObjectAllocator: 5855632 out of 0 bytes used by permanent object pool.
[2017.01.30-22.08.44:047][  0]LogUObjectArray: CloseDisregardForGC: 0/0 objects in disregard for GC pool
[2017.01.30-22.08.44:057][  0]LogInit: WinSock: version 1.1 (2.2), MaxSocks=32767, MaxUdp=65467
[2017.01.30-22.08.44:255][  0]LogSlate: SlateFontCache - WITH_FREETYPE: 1, WITH_HARFBUZZ: 1
[2017.01.30-22.08.44:255][  0]LogSlate: SlateFontCache - WITH_FREETYPE: 1, WITH_HARFBUZZ: 1
[2017.01.30-22.08.45:006][  0]LogUdpMessaging: Initializing bridge on interface 0.0.0.0:0 to multicast group 230.0.0.1:6666.
[2017.01.30-22.08.45:261][  0]SourceControl: Info Source control is disabled
[2017.01.30-22.08.45:657][  0]LogEngine: Initializing Engine...
[2017.01.30-22.08.45:659][  0]LogHMD: SteamVR failed to initialize.  Err: 100
[2017.01.30-22.08.45:661][  0]LogHMD: SteamVR failed to initialize.  Err: 100
[2017.01.30-22.08.45:808][  0]LogAIModule: Creating AISystem for world NewWorld
[2017.01.30-22.08.45:872][  0]LogInit: XAudio2 using 'Lautsprecher (SteelSeries Siberia 350)' : 2 channels at 44.1 kHz using 16 bits per sample (channel mask 0x3)
[2017.01.30-22.08.45:923][  0]LogInit: FAudioDevice initialized.
[2017.01.30-22.08.45:961][  0]LogDerivedDataCache: Saved boot cache 0.04s 48MB C:/Users/Dextex/AppData/Local/UnrealEngine/4.12/DerivedDataCache/Boot.ddc.
[2017.01.30-22.08.45:969][  0]LogInit: Texture streaming: Enabled
[2017.01.30-22.08.46:001][  0]LogInit: Transaction tracking system initialized
[2017.01.30-22.08.46:032][  0]BlueprintLog: New page: Editor Load
[2017.01.30-22.08.46:157][  0]LocalizationService: Info Localization service is disabled
[2017.01.30-22.08.46:234][  0]LogConsoleResponse:Display: 
[2017.01.30-22.08.46:339][  0]LogCook:Display: Max memory allowance for cook 8192mb
[2017.01.30-22.08.46:339][  0]LogCook:Display: Mobile HDR setting 1
[2017.01.30-22.08.46:426][  0]LogFileCache: Scanning file cache for directory 'G:/UNI/MP2/project_nomad/Project_Nomand/Content/' took 0.04s
[2017.01.30-22.08.46:475][  0]Cmd: MAP LOAD FILE="../../../../../../MP2/project_nomad/Project_Nomand/Content/Map/Map.umap" TEMPLATE=0 SHOWPROGRESS=1 FEATURELEVEL=3
[2017.01.30-22.08.46:475][  0]LightingResults: New page: Lighting Build
[2017.01.30-22.08.46:478][  0]MapCheck: New page: Map Check
[2017.01.30-22.08.46:478][  0]LightingResults: New page: Lighting Build
[2017.01.30-22.08.49:474][  0]LogAIModule: Creating AISystem for world Map
[2017.01.30-22.08.49:544][  0]LogEditorServer: Finished looking for orphan Actors (0.000 secs)
[2017.01.30-22.08.49:548][  0]Cmd: MAP CHECKDEP NOCLEARLOG
[2017.01.30-22.08.49:643][  0]MapCheck: Info Map check complete: 0 Error(s), 0 Warning(s), took 94.115ms to complete.
[2017.01.30-22.08.49:643][  0]LogFileHelpers: Loading map 'Map' took 3.168
[2017.01.30-22.08.49:894][  0]LogCollectionManager: Loaded 0 collections in 0.002182 seconds
[2017.01.30-22.08.49:942][  0]LogFileCache: Scanning file cache for directory 'G:/UNI/MP2/project_nomad/Project_Nomand/Saved/Collections/' took 0.01s
[2017.01.30-22.08.49:942][  0]LogFileCache: Scanning file cache for directory 'G:/UNI/MP2/project_nomad/Project_Nomand/Content/Developers/Dextex/Collections/' took 0.01s
[2017.01.30-22.08.49:942][  0]LogFileCache: Scanning file cache for directory 'G:/UNI/MP2/project_nomad/Project_Nomand/Content/Collections/' took 0.01s
[2017.01.30-22.08.49:942][  0]LogCollectionManager: Rebuilt the GUID cache for 0 collections in 0.000003 seconds
[2017.01.30-22.08.49:949][  0]LogContentBrowser: Native class hierarchy populated in 0.0075 seconds. Added 2047 classes and 369 folders.
[2017.01.30-22.08.49:954][  0]LogStats: UGameplayTagsManager::ConstructGameplayTagTree: Construct from data asset -  0.000 s
[2017.01.30-22.08.49:955][  0]LogStats: UGameplayTagsManager::ConstructGameplayTagTree: GameplayTagTreeChangedEvent.Broadcast -  0.000 s
[2017.01.30-22.08.49:955][  0]LogContentBrowser: Native class hierarchy updated for 'GameplayTags' in 0.0006 seconds. Added 12 classes and 0 folders.
[2017.01.30-22.08.49:961][  0]LogContentBrowser: Native class hierarchy updated for 'WidgetCarousel' in 0.0005 seconds. Added 0 classes and 0 folders.
[2017.01.30-22.08.50:018][  0]LogContentBrowser: Native class hierarchy updated for 'AddContentDialog' in 0.0006 seconds. Added 0 classes and 0 folders.
[2017.01.30-22.08.50:024][  0]LogContentBrowser: Native class hierarchy updated for 'SceneOutliner' in 0.0007 seconds. Added 1 classes and 2 folders.
[2017.01.30-22.08.50:112][  0]LogCrashTracker: Crashtracker disabled due to settings.
[2017.01.30-22.08.50:131][  0]LogUObjectGlobals:Warning: Failed to find object 'Class None.'
[2017.01.30-22.08.50:159][  0]LogContentBrowser: Native class hierarchy updated for 'HierarchicalLODOutliner' in 0.0005 seconds. Added 1 classes and 2 folders.
[2017.01.30-22.08.50:160][  0]LogLoad: Full Startup: 12.54 seconds (BP compile: 0.80 seconds)
[2017.01.30-22.08.50:160][  0]LogExternalProfiler: No external profilers were discovered.  External profiling features will not be available.
[2017.01.30-22.08.50:499][  0]LogOcInput: OculusInput pre-init called
[2017.01.30-22.08.50:523][  0]LogContentStreaming: Texture pool size now 1000 MB
[2017.01.30-22.08.50:588][  0]LogRenderer: Reallocating scene render targets to support 512x512 (Frame:1).
[2017.01.30-22.08.50:689][  0]LogRenderer: Reallocating scene render targets to support 1208x556 (Frame:2).
[2017.01.30-22.08.50:743][  1]Cmd: UpdateLandscapeEditorData -warnings
[2017.01.30-22.08.51:190][  2]LogAssetRegistry: Asset discovery search completed in 7.1946 seconds
[2017.01.30-22.08.51:190][  2]LogCollectionManager: Rebuilt the object cache for 0 collections in 0.000001 seconds (found 0 objects)
[2017.01.30-22.08.51:190][  2]LogCollectionManager: Fixed up redirectors for 0 collections in 0.000028 seconds (updated 0 objects)
[2017.01.30-22.09.22:959][604]LogRenderer: Reallocating scene render targets to support 1268x556 (Frame:608).
[2017.01.30-22.09.29:626][132]LogFactory: FactoryCreateFile: StaticMesh with FbxFactory (0 0 C:\Users\Dextex\Desktop\hose_test.fbx)
[2017.01.30-22.09.29:642][132]LogFbx: ItemName: GlobalSettings, ItemCount : 1
[2017.01.30-22.09.29:642][132]LogFbx: ItemName: LayeredTexture, ItemCount : 2
[2017.01.30-22.09.29:642][132]LogFbx: ItemName: Texture, ItemCount : 2
[2017.01.30-22.09.29:642][132]LogFbx: ItemName: Model, ItemCount : 67
[2017.01.30-22.09.29:642][132]LogFbx: ItemName: NodeAttribute, ItemCount : 65
[2017.01.30-22.09.29:642][132]LogFbx: ItemName: Geometry, ItemCount : 1
[2017.01.30-22.09.29:642][132]LogFbx: ItemName: Material, ItemCount : 2
[2017.01.30-22.09.29:642][132]LogFbx: ItemName: Deformer, ItemCount : 66
[2017.01.30-22.09.29:642][132]LogFbx: ItemName: Video, ItemCount : 2
[2017.01.30-22.09.29:647][132]LogFbx: Loading FBX Scene from C:\Users\Dextex\Desktop\hose_test.fbx
[2017.01.30-22.09.29:671][132]LogFbx: FBX Scene Loaded Succesfully
[2017.01.30-22.09.35:901][132]LogFbx: Loading FBX Scene from C:\Users\Dextex\Desktop\hose_test.fbx
[2017.01.30-22.09.35:928][132]LogFbx: FBX Scene Loaded Succesfully
[2017.01.30-22.09.35:930][132]LogFbx: =================================================
[2017.01.30-22.09.35:930][132]LogFbx: Dumping Node START [Hose_2] 
[2017.01.30-22.09.35:930][132]LogFbx: 	Total Deformer Count 1120422504.
[2017.01.30-22.09.35:930][132]LogFbx: 		[Node 1]  (Type Skin).
[2017.01.30-22.09.35:930][132]LogFbx: =================================================
[2017.01.30-22.09.35:930][132]LogFbx: 	Attribute () Type (4).
[2017.01.30-22.09.35:930][132]LogFbx: 		[Node Attribute Child 1] Hose_2 (Type Mesh).
[2017.01.30-22.09.35:930][132]LogFbx: Dumping Node END [Hose_2]
[2017.01.30-22.09.35:931][132]LogFbx: =================================================
[2017.01.30-22.09.35:931][132]LogFbx: Dumping Node START [Hose_2] 
[2017.01.30-22.09.35:931][132]LogFbx: 	Total Deformer Count 1120427096.
[2017.01.30-22.09.35:931][132]LogFbx: 		[Node 1]  (Type Skin).
[2017.01.30-22.09.35:931][132]LogFbx: =================================================
[2017.01.30-22.09.35:931][132]LogFbx: 	Attribute () Type (4).
[2017.01.30-22.09.35:931][132]LogFbx: 		[Node Attribute Child 1] Hose_2 (Type Mesh).
[2017.01.30-22.09.35:931][132]LogFbx: Dumping Node END [Hose_2]
[2017.01.30-22.09.35:932][132]LogFbx: =================================================
[2017.01.30-22.09.35:932][132]LogFbx: Dumping Node START [Hose_2] 
[2017.01.30-22.09.35:932][132]LogFbx: 	Total Deformer Count 1120427096.
[2017.01.30-22.09.35:932][132]LogFbx: 		[Node 1]  (Type Skin).
[2017.01.30-22.09.35:932][132]LogFbx: =================================================
[2017.01.30-22.09.35:932][132]LogFbx: 	Attribute () Type (4).
[2017.01.30-22.09.35:932][132]LogFbx: 		[Node Attribute Child 1] Hose_2 (Type Mesh).
[2017.01.30-22.09.35:932][132]LogFbx: Dumping Node END [Hose_2]
[2017.01.30-22.09.35:935][132]LogFbx:Warning: Getting valid bind pose failed. Try to recreate bind pose
[2017.01.30-22.09.35:937][132]LogFbx: Valid bind pose for Pose (FbxSDKBindPose) - Hose_2
[2017.01.30-22.09.35:937][132]LogFbx:Warning: Recreating bind pose succeeded.
[2017.01.30-22.09.35:944][132]LogFbx:Warning: Bones digested - 65  Depth of hierarchy - 12
[2017.01.30-22.09.35:985][132]LogWindows: Windows GetLastError: Der Vorgang wurde erfolgreich beendet. (0)
[2017.01.30-22.09.36:862][133]LogCrashTracker: 


[2017.01.30-22.09.36:862][133]LogCrashTracker: 


[2017.01.30-22.09.36:862][133]LogWindows:Error: === Critical error: ===
Assertion failed: (Index >= 0) & (Index < ArrayNum) [File:D:\Build\++UE4+Release-4.12+Compile\Sync\Engine\Source\Runtime\Core\Public\Containers\Array.h] [Line: 804] 
Array index out of bounds: 11796 from an array of size 7482




[2017.01.30-22.09.36:893][133]LogExit: Executing StaticShutdownAfterError
[2017.01.30-22.09.36:900][133]LogWindows: FPlatformMisc::RequestExit(1)
[2017.01.30-22.09.36:900][133]Log file closed, 01/30/17 23:09:36
