Log file open, 01/29/17 19:16:53
LogInit:Display: Running engine for game: Project_Nomand
LogPlatformFile: Not using cached read wrapper
LogInit:Display: RandInit(2076354171) SRandInit(2076354184).
LogTaskGraph: Started task graph with 4 named threads and 5 total threads with 1 sets of task threads.
LogStats: Stats thread started at 0.094535
LogInit: Version: 4.12.5-3039270+++UE4+Release-4.12
LogInit: API Version: 2992821
LogInit: Net Version: 3039270
LogDevObjectVersion: Number of dev versions registered: 13
LogDevObjectVersion:   Dev-Blueprints (B0D832E4-1F89-4F0D-ACCF-7EB736FD4AA2): 3
LogDevObjectVersion:   Dev-Build (E1C64328-A22C-4D53-A36C-8E866417BD8C): 0
LogDevObjectVersion:   Dev-Core (375EC13C-06E4-48FB-B500-84F0262A717E): 1
LogDevObjectVersion:   Dev-Editor (E4B068ED-F494-42E9-A231-DA0B2E46BB41): 2
LogDevObjectVersion:   Dev-Framework (CFFC743F-43B0-4480-9391-14DF171D2073): 6
LogDevObjectVersion:   Dev-Mobile (B02B49B5-BB20-44E9-A304-32B752E40360): 0
LogDevObjectVersion:   Dev-Networking (A4E4105C-59A1-49B5-A7C5-40C4547EDFEE): 0
LogDevObjectVersion:   Dev-Online (39C831C9-5AE6-47DC-9A44-9C173E1C8E7C): 0
LogDevObjectVersion:   Dev-Physics (78F01B33-EBEA-4F98-B9B4-84EACCB95AA2): 0
LogDevObjectVersion:   Dev-Platform (6631380F-2D4D-43E0-8009-CF276956A95A): 0
LogDevObjectVersion:   Dev-Rendering (12F88B9F-8875-4AFC-A67C-D90C383ABD29): 2
LogDevObjectVersion:   Dev-Sequencer (7B5AE74C-D270-4C10-A958-57980B212A5A): 0
LogDevObjectVersion:   Dev-VR (D7296918-1DD6-4BDD-9DE2-64A83CC13884): 0
LogInit: Compiled (64-bit): Jul  6 2016 09:09:46
LogInit: Compiled with Visual C++: 19.00.23026.00
LogInit: Build Configuration: Development
LogInit: Branch Name: ++UE4+Release-4.12
LogInit: Command line: 
LogInit: Base directory: C:/Program Files (x86)/Epic Games/4.12/Engine/Binaries/Win64/
LogInit: Installed Engine Build: 1
LogInit: Using libcurl 7.41.0
LogInit:  - built for x86_64-pc-win32
LogInit:  - supports SSL with WinSSL
LogInit:  - other features:
LogInit:      CURL_VERSION_SSL
LogInit:      CURL_VERSION_IPV6
LogInit:      CURL_VERSION_ASYNCHDNS
LogInit:      CURL_VERSION_LARGEFILE
LogInit:      CURL_VERSION_IDN
LogInit:  CurlRequestOptions (configurable via config and command line):
LogInit:  - bVerifyPeer = true  - Libcurl will verify peer certificate
LogInit:  - bUseHttpProxy = false  - Libcurl will NOT use HTTP proxy
LogInit:  - bDontReuseConnections = false  - Libcurl will reuse connections
LogInit:  - CertBundlePath = nullptr  - Libcurl will use whatever was configured at build time.
LogInit: Presizing for max 8388607 objects, including 0 objects not considered by GC, pre-allocating 0 bytes for permanent pool.
LogInit: Object subsystem initialized
[2017.01.29-18.16.53:778][  0]LogInit: Selected Device Profile: [Windows]
[2017.01.29-18.16.53:778][  0]LogInit: Applying CVar settings loaded from the selected device profile: [Windows]
[2017.01.29-18.16.53:797][  0]LogInit: Computer: LAPTOP-CU7OM3L4
[2017.01.29-18.16.53:797][  0]LogInit: User: Alquesh
[2017.01.29-18.16.53:797][  0]LogInit: CPU Page size=65536, Cores=2
[2017.01.29-18.16.53:797][  0]LogInit: High frequency timer resolution =2.648436 MHz
[2017.01.29-18.16.53:798][  0]LogMemory: Memory total: Physical=7.9GB (8GB approx)
[2017.01.29-18.16.53:798][  0]LogMemory: Platform Memory Stats for Windows
[2017.01.29-18.16.53:798][  0]LogMemory: Process Physical Memory: 190.95 MB used, 190.95 MB peak
[2017.01.29-18.16.53:798][  0]LogMemory: Process Virtual Memory: 195.06 MB used, 195.06 MB peak
[2017.01.29-18.16.53:798][  0]LogMemory: Physical Memory: 5753.49 MB used, 8060.13 MB total
[2017.01.29-18.16.53:798][  0]LogMemory: Virtual Memory: 539.51 MB used, 134217728.00 MB total
[2017.01.29-18.16.53:852][  0]LogTextLocalizationManager: No translations for ('de-DE') exist, falling back to 'en' for localization and internationalization data.
[2017.01.29-18.16.54:535][  0]LogD3D11RHI: D3D11 adapters:
[2017.01.29-18.16.54:577][  0]LogD3D11RHI:    0. 'NVIDIA GeForce GTX 950M         ' (Feature Level 11_0)
[2017.01.29-18.16.54:577][  0]LogD3D11RHI:       1995/0/4030 MB DedicatedVideo/DedicatedSystem/SharedSystem, Outputs:2, VendorId:0x10de
[2017.01.29-18.16.54:588][  0]LogD3D11RHI:    1. 'Intel(R) HD Graphics 620' (Feature Level 11_0)
[2017.01.29-18.16.54:588][  0]LogD3D11RHI:       128/0/4030 MB DedicatedVideo/DedicatedSystem/SharedSystem, Outputs:0, VendorId:0x8086
[2017.01.29-18.16.54:590][  0]LogD3D11RHI:    2. 'Microsoft Basic Render Driver' (Feature Level 11_0)
[2017.01.29-18.16.54:590][  0]LogD3D11RHI:       0/0/4030 MB DedicatedVideo/DedicatedSystem/SharedSystem, Outputs:0, VendorId:0x1414
[2017.01.29-18.16.54:590][  0]LogD3D11RHI: Chosen D3D11 Adapter: 0
[2017.01.29-18.16.54:596][  0]LogD3D11RHI: Creating new Direct3DDevice
[2017.01.29-18.16.54:597][  0]LogD3D11RHI:     GPU DeviceId: 0x139a (for the marketing name, search the web for "GPU Device Id")
[2017.01.29-18.16.54:597][  0]LogWindows: EnumDisplayDevices:
[2017.01.29-18.16.54:597][  0]LogWindows:    0. 'Intel(R) HD Graphics 620' (P:1 D:1)
[2017.01.29-18.16.54:597][  0]LogWindows:    1. 'Intel(R) HD Graphics 620' (P:0 D:1)
[2017.01.29-18.16.54:597][  0]LogWindows:    2. 'Intel(R) HD Graphics 620' (P:0 D:0)
[2017.01.29-18.16.54:598][  0]LogWindows: DebugString: PrimaryIsNotTheChoosenAdapter PrimaryIsNotTheChoosenAdapter PrimaryIsNotTheChoosenAdapter FoundDriverCount:0 
[2017.01.29-18.16.54:598][  0]LogD3D11RHI:     Adapter Name: NVIDIA GeForce GTX 950M         
[2017.01.29-18.16.54:598][  0]LogD3D11RHI:   Driver Version: Unknown (internal:Unknown, unified:Unknown)
[2017.01.29-18.16.54:598][  0]LogD3D11RHI:      Driver Date: Unknown
[2017.01.29-18.16.54:598][  0]LogRHI: Texture pool is 1361 MB (70% of 1945 MB)
[2017.01.29-18.16.54:624][  0]LogD3D11RHI: Async texture creation enabled
[2017.01.29-18.16.54:641][  0]LogD3D11RHI: GPU Timing Frequency: 1000.000000 (Debug: 2 2)
[2017.01.29-18.16.54:641][  0]LogShaderCompilers: Guid format shader working directory is -39 characters bigger than the processId version (../../../../../../Users/Alquesh/Documents/Unreal Projects/project_nomad/Project_Nomand/Intermediate/Shaders/WorkingDirectory/12868/).
[2017.01.29-18.16.54:642][  0]LogShaderCompilers: Cleaned the shader compiler working directory 'C:/Users/Alquesh/AppData/Local/Temp/UnrealShaderWorkingDir/8446F76C421E805FF279E9B1CC434D3F/'.
[2017.01.29-18.16.54:642][  0]LogShaderCompilers:Display: Using Local Shader Compiler.
[2017.01.29-18.16.55:947][  0]LogTemp:Display: Loaded TP AllDesktopTargetPlatform
[2017.01.29-18.16.55:957][  0]LogTemp:Display: Loaded TP WindowsClientTargetPlatform
[2017.01.29-18.16.55:973][  0]LogTemp:Display: Loaded TP WindowsNoEditorTargetPlatform
[2017.01.29-18.16.55:985][  0]LogTemp:Display: Loaded TP WindowsServerTargetPlatform
[2017.01.29-18.16.55:995][  0]LogTemp:Display: Loaded TP WindowsTargetPlatform
[2017.01.29-18.16.56:005][  0]LogTemp:Display: Loaded TP AndroidTargetPlatform
[2017.01.29-18.16.56:015][  0]LogTemp:Display: Loaded TP Android_ASTCTargetPlatform
[2017.01.29-18.16.56:025][  0]LogTemp:Display: Loaded TP Android_ATCTargetPlatform
[2017.01.29-18.16.56:041][  0]LogTemp:Display: Loaded TP Android_DXTTargetPlatform
[2017.01.29-18.16.56:052][  0]LogTemp:Display: Loaded TP Android_ETC1TargetPlatform
[2017.01.29-18.16.56:076][  0]LogTemp:Display: Loaded TP Android_ETC2TargetPlatform
[2017.01.29-18.16.56:103][  0]LogTemp:Display: Loaded TP Android_MultiTargetPlatform
[2017.01.29-18.16.56:103][  0]LogTemp:Display: Loaded TP Android_PVRTCTargetPlatform
[2017.01.29-18.16.56:105][  0]LogTemp:Display: Loaded TP HTML5TargetPlatform
[2017.01.29-18.16.56:130][  0]LogTemp:Display: Loaded TP IOSTargetPlatform
[2017.01.29-18.16.56:146][  0]LogTemp:Display: Loaded TP TVOSTargetPlatform
[2017.01.29-18.16.56:157][  0]LogTemp:Display: Loaded TP LinuxNoEditorTargetPlatform
[2017.01.29-18.16.56:172][  0]LogTemp:Display: Loaded TP LinuxServerTargetPlatform
[2017.01.29-18.16.56:182][  0]LogTemp:Display: Loaded TP LinuxTargetPlatform
[2017.01.29-18.16.56:182][  0]LogTargetPlatformManager:Display: Building Assets For Windows
[2017.01.29-18.16.56:290][  0]LogDerivedDataCache:Display: Max Cache Size: 512 MB
[2017.01.29-18.16.56:393][  0]LogDerivedDataCache: Loaded boot cache 0.10s 48MB C:/Users/Alquesh/AppData/Local/UnrealEngine/4.12/DerivedDataCache/Boot.ddc.
[2017.01.29-18.16.56:394][  0]LogDerivedDataCache:Display: Loaded Boot cache: C:/Users/Alquesh/AppData/Local/UnrealEngine/4.12/DerivedDataCache/Boot.ddc
[2017.01.29-18.16.56:394][  0]LogDerivedDataCache: FDerivedDataBackendGraph:  Pak pak cache file ../../../../../../Users/Alquesh/Documents/Unreal Projects/project_nomad/Project_Nomand/DerivedDataCache/DDC.ddp not found, will not use a pak cache.
[2017.01.29-18.16.56:394][  0]LogDerivedDataCache: Unable to find inner node Pak for hierarchical cache Hierarchy.
[2017.01.29-18.16.56:394][  0]LogDerivedDataCache: FDerivedDataBackendGraph:  CompressedPak pak cache file ../../../../../../Users/Alquesh/Documents/Unreal Projects/project_nomad/Project_Nomand/DerivedDataCache/Compressed.ddp not found, will not use a pak cache.
[2017.01.29-18.16.56:394][  0]LogDerivedDataCache: Unable to find inner node CompressedPak for hierarchical cache Hierarchy.
[2017.01.29-18.16.56:416][  0]LogDerivedDataCache:Display: Pak cache opened for reading ../../../Engine/DerivedDataCache/Compressed.ddp.
[2017.01.29-18.16.56:429][  0]LogDerivedDataCache: Using Local data cache path C:/Users/Alquesh/AppData/Local/UnrealEngine/Common/DerivedDataCache: Writable
[2017.01.29-18.16.56:689][  0]LogInit: Selected Device Profile: [Windows]
[2017.01.29-18.16.56:690][  0]LogContentStreaming: Texture pool size is 0.00 MB
[2017.01.29-18.16.56:912][  0]LogMeshUtilities: No automatic mesh reduction module available
[2017.01.29-18.16.56:912][  0]LogMeshUtilities: No automatic mesh merging module available
[2017.01.29-18.16.56:912][  0]LogMeshUtilities: No distributed automatic mesh merging module available
[2017.01.29-18.16.57:320][  0]LogAssetRegistry: FAssetRegistry took 0.0217 seconds to start up
[2017.01.29-18.16.57:355][  0]LogPackageLocalizationCache: Processed 3 localized package path(s) for 1 prioritized culture(s) in 0.031576 seconds
[2017.01.29-18.16.57:376][  0]LogUObjectArray: 28739 objects as part of root set at end of initial load.
[2017.01.29-18.16.57:376][  0]LogUObjectAllocator: 5855632 out of 0 bytes used by permanent object pool.
[2017.01.29-18.16.57:376][  0]LogUObjectArray: CloseDisregardForGC: 0/0 objects in disregard for GC pool
[2017.01.29-18.16.57:388][  0]LogInit: WinSock: version 1.1 (2.2), MaxSocks=32767, MaxUdp=65467
[2017.01.29-18.16.57:674][  0]LogSlate: SlateFontCache - WITH_FREETYPE: 1, WITH_HARFBUZZ: 1
[2017.01.29-18.16.57:674][  0]LogSlate: SlateFontCache - WITH_FREETYPE: 1, WITH_HARFBUZZ: 1
[2017.01.29-18.16.58:625][  0]LogUdpMessaging: Initializing bridge on interface 0.0.0.0:0 to multicast group 230.0.0.1:6666.
[2017.01.29-18.16.59:010][  0]SourceControl: Info Source control is disabled
[2017.01.29-18.16.59:556][  0]LogEngine: Initializing Engine...
[2017.01.29-18.16.59:558][  0]LogHMD: SteamVR failed to initialize.  Err: 110
[2017.01.29-18.16.59:560][  0]LogHMD: SteamVR failed to initialize.  Err: 110
[2017.01.29-18.16.59:848][  0]LogAIModule: Creating AISystem for world NewWorld
[2017.01.29-18.16.59:853][  0]LogInit: XAudio2 using 'Lautsprecher (Realtek High Definition Audio)' : 2 channels at 48 kHz using 32 bits per sample (channel mask 0x3)
[2017.01.29-18.16.59:872][  0]LogInit: FAudioDevice initialized.
[2017.01.29-18.16.59:914][  0]LogDerivedDataCache: Saved boot cache 0.04s 48MB C:/Users/Alquesh/AppData/Local/UnrealEngine/4.12/DerivedDataCache/Boot.ddc.
[2017.01.29-18.16.59:923][  0]LogInit: Texture streaming: Enabled
[2017.01.29-18.16.59:959][  0]LogInit: Transaction tracking system initialized
[2017.01.29-18.16.59:991][  0]BlueprintLog: New page: Editor Load
[2017.01.29-18.17.00:104][  0]LocalizationService: Info Localization service is disabled
[2017.01.29-18.17.00:192][  0]LogConsoleResponse:Display: 
[2017.01.29-18.17.00:354][  0]LogCook:Display: Max memory allowance for cook 8192mb
[2017.01.29-18.17.00:354][  0]LogCook:Display: Mobile HDR setting 1
[2017.01.29-18.17.00:691][  0]LogFileCache: Scanning file cache for directory 'C:/Users/Alquesh/Documents/Unreal Projects/project_nomad/Project_Nomand/Content/' took 0.07s
[2017.01.29-18.26.34:421][  0]LogWindowsTextInputMethodSystem:Display: IME system now deactivated.
[2017.01.29-18.26.34:438][  0]LogWindowsTextInputMethodSystem:Display: IME system now deactivated.
[2017.01.29-18.26.34:469][  0]Cmd: MAP LOAD FILE="../../../../../../Users/Alquesh/Documents/Unreal Projects/project_nomad/Project_Nomand/Content/Map/Map.umap" TEMPLATE=0 SHOWPROGRESS=1 FEATURELEVEL=3
[2017.01.29-18.26.34:472][  0]LightingResults: New page: Lighting Build
[2017.01.29-18.26.34:489][  0]MapCheck: New page: Map Check
[2017.01.29-18.26.34:489][  0]LightingResults: New page: Lighting Build
[2017.01.29-18.26.39:482][  0]LogAIModule: Creating AISystem for world Map
[2017.01.29-18.26.39:630][  0]LogEditorServer: Finished looking for orphan Actors (0.000 secs)
[2017.01.29-18.26.39:643][  0]Cmd: MAP CHECKDEP NOCLEARLOG
[2017.01.29-18.26.39:824][  0]MapCheck: Info Map check complete: 0 Error(s), 0 Warning(s), took 181.417ms to complete.
[2017.01.29-18.26.39:824][  0]LogFileHelpers: Loading map 'Map' took 5.383
[2017.01.29-18.26.39:827][  0]LogWindowsTextInputMethodSystem:Display: IME system now deactivated.
[2017.01.29-18.26.40:198][  0]LogStats:Warning: MetaData mismatch. Did you assign a stat to two groups? New //STATGROUP_Threads//SplashScreenThread///Thread_1ec_0///####STATCAT_Advanced#### old //STATGROUP_Threads//SplashScreenThread///Thread_228_0///####STATCAT_Advanced####
[2017.01.29-18.26.40:198][  0]LogCollectionManager: Loaded 0 collections in 0.002381 seconds
[2017.01.29-18.26.40:290][  0]LogFileCache: Scanning file cache for directory 'C:/Users/Alquesh/Documents/Unreal Projects/project_nomad/Project_Nomand/Saved/Collections/' took 0.01s
[2017.01.29-18.26.40:290][  0]LogFileCache: Scanning file cache for directory 'C:/Users/Alquesh/Documents/Unreal Projects/project_nomad/Project_Nomand/Content/Developers/Alquesh/Collections/' took 0.01s
[2017.01.29-18.26.40:290][  0]LogFileCache: Scanning file cache for directory 'C:/Users/Alquesh/Documents/Unreal Projects/project_nomad/Project_Nomand/Content/Collections/' took 0.01s
[2017.01.29-18.26.40:290][  0]LogCollectionManager: Rebuilt the GUID cache for 0 collections in 0.000002 seconds
[2017.01.29-18.26.40:301][  0]LogContentBrowser: Native class hierarchy populated in 0.0105 seconds. Added 2047 classes and 369 folders.
[2017.01.29-18.26.40:310][  0]LogStats: UGameplayTagsManager::ConstructGameplayTagTree: Construct from data asset -  0.000 s
[2017.01.29-18.26.40:310][  0]LogStats: UGameplayTagsManager::ConstructGameplayTagTree: GameplayTagTreeChangedEvent.Broadcast -  0.000 s
[2017.01.29-18.26.40:310][  0]LogContentBrowser: Native class hierarchy updated for 'GameplayTags' in 0.0008 seconds. Added 12 classes and 0 folders.
[2017.01.29-18.26.40:318][  0]LogContentBrowser: Native class hierarchy updated for 'WidgetCarousel' in 0.0015 seconds. Added 0 classes and 0 folders.
[2017.01.29-18.26.40:525][  0]LogContentBrowser: Native class hierarchy updated for 'AddContentDialog' in 0.0006 seconds. Added 0 classes and 0 folders.
[2017.01.29-18.26.40:532][  0]LogContentBrowser: Native class hierarchy updated for 'SceneOutliner' in 0.0005 seconds. Added 1 classes and 2 folders.
[2017.01.29-18.26.40:674][  0]LogCrashTracker: Crashtracker disabled due to settings.
[2017.01.29-18.26.40:730][  0]LogUObjectGlobals:Warning: Failed to find object 'Class None.'
[2017.01.29-18.26.40:763][  0]LogContentBrowser: Native class hierarchy updated for 'HierarchicalLODOutliner' in 0.0005 seconds. Added 1 classes and 2 folders.
[2017.01.29-18.26.40:764][  0]LogLoad: Full Startup: 588.37 seconds (BP compile: 1.03 seconds)
[2017.01.29-18.26.40:764][  0]LogExternalProfiler: No external profilers were discovered.  External profiling features will not be available.
[2017.01.29-18.26.40:781][  0]LogOcInput: OculusInput pre-init called
[2017.01.29-18.26.40:810][  0]LogContentStreaming: Texture pool size now 700 MB
[2017.01.29-18.26.40:938][  0]LogRenderer: Reallocating scene render targets to support 512x512 (Frame:1).
[2017.01.29-18.26.41:143][  0]LogRenderer: Reallocating scene render targets to support 1200x624 (Frame:2).
[2017.01.29-18.26.41:253][  1]Cmd: UpdateLandscapeEditorData -warnings
[2017.01.29-18.26.41:533][  3]LogAssetRegistry: Asset discovery search completed in 584.2352 seconds
[2017.01.29-18.26.41:533][  3]LogCollectionManager: Rebuilt the object cache for 0 collections in 0.000001 seconds (found 0 objects)
[2017.01.29-18.26.41:533][  3]LogCollectionManager: Fixed up redirectors for 0 collections in 0.000022 seconds (updated 0 objects)
[2017.01.29-18.26.45:409][105]LogBlueprintUserMessages: Early PlayInEditor Detection: Level '/Game/Map/Map.Map:PersistentLevel' has LevelScriptBlueprint '/Game/Map/Map.Map:PersistentLevel.Map' with GeneratedClass '/Game/Map/Map.Map_C' with ClassGeneratedBy '/Game/Map/Map.Map:PersistentLevel.Map'
[2017.01.29-18.26.45:409][105]LogPlayLevel: PlayLevel: No blueprints needed recompiling
[2017.01.29-18.26.45:417][105]PIE: New page: PIE session: Map (Jan 29, 2017, 8:26:45 PM)
[2017.01.29-18.26.45:417][105]LogPlayLevel: Creating play world package: /Game/Map/UEDPIE_0_Map
[2017.01.29-18.26.45:488][105]LogPlayLevel: PIE: StaticDuplicateObject took: (0.070506s)
[2017.01.29-18.26.45:489][105]LogAIModule: Creating AISystem for world Map
[2017.01.29-18.26.45:489][105]LogPlayLevel: PIE: World Init took: (0.001242s)
[2017.01.29-18.26.45:489][105]LogPlayLevel: PIE: Created PIE world by copying editor world from /Game/Map/Map.Map to /Game/Map/UEDPIE_0_Map.Map (0.072266s)
[2017.01.29-18.26.45:634][105]LogInit: XAudio2 using 'Lautsprecher (Realtek High Definition Audio)' : 2 channels at 48 kHz using 32 bits per sample (channel mask 0x3)
[2017.01.29-18.26.45:646][105]LogInit: FAudioDevice initialized.
[2017.01.29-18.26.45:720][105]LogWorld: Game class is 'GameMode'
[2017.01.29-18.26.45:747][105]LogWorld: Bringing World /Game/Map/UEDPIE_0_Map.Map up for play (max tick rate 60) at 2017.01.29-19.26.45
[2017.01.29-18.26.45:750][105]LogWorld: Bringing up level for play took: 0.028602
[2017.01.29-18.26.45:755][105]LogContentBrowser: Native class hierarchy updated for 'MovieSceneCapture' in 0.0006 seconds. Added 11 classes and 0 folders.
[2017.01.29-18.26.45:760][105]LogSpawn:Warning: SpawnActor failed because of collision at the spawn location [X=8125.000 Y=955.000 Z=-40.000] for [AI_Greater_Spider_C]
[2017.01.29-18.26.45:761][105]PIE: Info Play in editor start time for /Game/Map/UEDPIE_0_Map -0.558
[2017.01.29-18.26.45:761][105]LogBlueprintUserMessages: Late PlayInEditor Detection: Level '/Game/Map/Map.Map:PersistentLevel' has LevelScriptBlueprint '/Game/Map/Map.Map:PersistentLevel.Map' with GeneratedClass '/Game/Map/Map.Map_C' with ClassGeneratedBy '/Game/Map/Map.Map:PersistentLevel.Map'
[2017.01.29-18.26.45:862][106]LogCharacterMovement:Warning: GetSimulationTimeStep() - Max iterations 8 hit while remaining time 0.070592 > MaxSimulationTimeStep (0.050) for 'Character_Controller_536', movement 'Walking'
[2017.01.29-18.26.48:751][204]LogBlueprintUserMessages: [Spawner_78] 0
[2017.01.29-18.26.48:753][204]LogSpawn:Warning: SpawnActor failed because of collision at the spawn location [X=8125.000 Y=955.000 Z=-40.000] for [AI_Greater_Spider_C]
[2017.01.29-18.26.51:356][304]LogBlueprintUserMessages: [Spawner_78] 0
[2017.01.29-18.26.51:358][304]LogSpawn:Warning: SpawnActor failed because of collision at the spawn location [X=8125.000 Y=955.000 Z=-40.000] for [AI_Greater_Spider_C]
[2017.01.29-18.26.53:993][404]LogBlueprintUserMessages: [Spawner_78] 0
[2017.01.29-18.26.53:999][404]LogSpawn:Warning: SpawnActor failed because of collision at the spawn location [X=8125.000 Y=955.000 Z=-40.000] for [AI_Greater_Spider_C]
[2017.01.29-18.26.56:575][504]LogBlueprintUserMessages: [Spawner_78] 0
[2017.01.29-18.26.56:579][504]LogSpawn:Warning: SpawnActor failed because of collision at the spawn location [X=8125.000 Y=955.000 Z=-40.