Log file open, 01/15/17 22:52:17
LogInit:Display: Running engine for game: Project_Nomand
LogPlatformFile: Not using cached read wrapper
LogInit:Display: RandInit(150141352) SRandInit(150141353).
LogTaskGraph: Started task graph with 4 named threads and 7 total threads with 1 sets of task threads.
LogStats: Stats thread started at 0.164730
LogInit: Version: 4.12.5-3039270+++UE4+Release-4.12
LogInit: API Version: 2992821
LogInit: Net Version: 3039270
LogDevObjectVersion: Number of dev versions registered: 13
LogDevObjectVersion:   Dev-Blueprints (B0D832E4-1F89-4F0D-ACCF-7EB736FD4AA2): 3
LogDevObjectVersion:   Dev-Build (E1C64328-A22C-4D53-A36C-8E866417BD8C): 0
LogDevObjectVersion:   Dev-Core (375EC13C-06E4-48FB-B500-84F0262A717E): 1
LogDevObjectVersion:   Dev-Editor (E4B068ED-F494-42E9-A231-DA0B2E46BB41): 2
LogDevObjectVersion:   Dev-Framework (CFFC743F-43B0-4480-9391-14DF171D2073): 6
LogDevObjectVersion:   Dev-Mobile (B02B49B5-BB20-44E9-A304-32B752E40360): 0
LogDevObjectVersion:   Dev-Networking (A4E4105C-59A1-49B5-A7C5-40C4547EDFEE): 0
LogDevObjectVersion:   Dev-Online (39C831C9-5AE6-47DC-9A44-9C173E1C8E7C): 0
LogDevObjectVersion:   Dev-Physics (78F01B33-EBEA-4F98-B9B4-84EACCB95AA2): 0
LogDevObjectVersion:   Dev-Platform (6631380F-2D4D-43E0-8009-CF276956A95A): 0
LogDevObjectVersion:   Dev-Rendering (12F88B9F-8875-4AFC-A67C-D90C383ABD29): 2
LogDevObjectVersion:   Dev-Sequencer (7B5AE74C-D270-4C10-A958-57980B212A5A): 0
LogDevObjectVersion:   Dev-VR (D7296918-1DD6-4BDD-9DE2-64A83CC13884): 0
LogInit: Compiled (64-bit): Jul  6 2016 09:09:46
LogInit: Compiled with Visual C++: 19.00.23026.00
LogInit: Build Configuration: Development
LogInit: Branch Name: ++UE4+Release-4.12
LogInit: Command line:  
LogInit: Base directory: G:/UNI/Programme/Epic Games/4.12/Engine/Binaries/Win64/
LogInit: Installed Engine Build: 1
LogInit: Using libcurl 7.41.0
LogInit:  - built for x86_64-pc-win32
LogInit:  - supports SSL with WinSSL
LogInit:  - other features:
LogInit:      CURL_VERSION_SSL
LogInit:      CURL_VERSION_IPV6
LogInit:      CURL_VERSION_ASYNCHDNS
LogInit:      CURL_VERSION_LARGEFILE
LogInit:      CURL_VERSION_IDN
LogInit:  CurlRequestOptions (configurable via config and command line):
LogInit:  - bVerifyPeer = true  - Libcurl will verify peer certificate
LogInit:  - bUseHttpProxy = false  - Libcurl will NOT use HTTP proxy
LogInit:  - bDontReuseConnections = false  - Libcurl will reuse connections
LogInit:  - CertBundlePath = nullptr  - Libcurl will use whatever was configured at build time.
LogInit: Presizing for max 8388607 objects, including 0 objects not considered by GC, pre-allocating 0 bytes for permanent pool.
LogInit: Object subsystem initialized
[2017.01.15-21.52.17:285][  0]LogInit: Selected Device Profile: [Windows]
[2017.01.15-21.52.17:285][  0]LogInit: Applying CVar settings loaded from the selected device profile: [Windows]
[2017.01.15-21.52.17:297][  0]LogInit: Computer: DEX
[2017.01.15-21.52.17:297][  0]LogInit: User: Dextex
[2017.01.15-21.52.17:297][  0]LogInit: CPU Page size=65536, Cores=4
[2017.01.15-21.52.17:297][  0]LogInit: High frequency timer resolution =3.417976 MHz
[2017.01.15-21.52.17:297][  0]LogMemory: Memory total: Physical=15.9GB (16GB approx)
[2017.01.15-21.52.17:297][  0]LogMemory: Platform Memory Stats for Windows
[2017.01.15-21.52.17:297][  0]LogMemory: Process Physical Memory: 197.49 MB used, 197.49 MB peak
[2017.01.15-21.52.17:297][  0]LogMemory: Process Virtual Memory: 199.68 MB used, 199.68 MB peak
[2017.01.15-21.52.17:297][  0]LogMemory: Physical Memory: 9141.22 MB used, 16328.00 MB total
[2017.01.15-21.52.17:297][  0]LogMemory: Virtual Memory: 613.20 MB used, 134217728.00 MB total
[2017.01.15-21.52.17:363][  0]LogTextLocalizationManager: No translations for ('de-DE') exist, falling back to 'en' for localization and internationalization data.
[2017.01.15-21.52.17:795][  0]LogD3D11RHI: D3D11 adapters:
[2017.01.15-21.52.18:395][  0]LogD3D11RHI:    0. 'NVIDIA GeForce GTX 1080' (Feature Level 11_0)
[2017.01.15-21.52.18:395][  0]LogD3D11RHI:       8144/0/8164 MB DedicatedVideo/DedicatedSystem/SharedSystem, Outputs:2, VendorId:0x10de
[2017.01.15-21.52.18:398][  0]LogD3D11RHI:    1. 'Microsoft Basic Render Driver' (Feature Level 11_0)
[2017.01.15-21.52.18:398][  0]LogD3D11RHI:       0/0/8164 MB DedicatedVideo/DedicatedSystem/SharedSystem, Outputs:0, VendorId:0x1414
[2017.01.15-21.52.18:398][  0]LogD3D11RHI: Chosen D3D11 Adapter: 0
[2017.01.15-21.52.18:405][  0]LogD3D11RHI: Creating new Direct3DDevice
[2017.01.15-21.52.18:405][  0]LogD3D11RHI:     GPU DeviceId: 0x1b80 (for the marketing name, search the web for "GPU Device Id")
[2017.01.15-21.52.18:405][  0]LogWindows: EnumDisplayDevices:
[2017.01.15-21.52.18:405][  0]LogWindows:    0. 'NVIDIA GeForce GTX 1080' (P:1 D:1)
[2017.01.15-21.52.18:406][  0]LogWindows:    1. 'NVIDIA GeForce GTX 1080' (P:0 D:1)
[2017.01.15-21.52.18:406][  0]LogWindows:    2. 'NVIDIA GeForce GTX 1080' (P:0 D:0)
[2017.01.15-21.52.18:406][  0]LogWindows:    3. 'NVIDIA GeForce GTX 1080' (P:0 D:0)
[2017.01.15-21.52.18:406][  0]LogWindows: DebugString: FoundDriverCount:4 
[2017.01.15-21.52.18:406][  0]LogD3D11RHI:     Adapter Name: NVIDIA GeForce GTX 1080
[2017.01.15-21.52.18:406][  0]LogD3D11RHI:   Driver Version: 376.33 (internal:21.21.13.7633, unified:376.33)
[2017.01.15-21.52.18:406][  0]LogD3D11RHI:      Driver Date: 12-11-2016
[2017.01.15-21.52.18:406][  0]LogRHI: Texture pool is 1361 MB (70% of 1945 MB)
[2017.01.15-21.52.18:939][  0]LogD3D11RHI: Async texture creation enabled
[2017.01.15-21.52.18:987][  0]LogD3D11RHI: GPU Timing Frequency: 1000.000000 (Debug: 2 1)
[2017.01.15-21.52.18:988][  0]LogShaderCompilers: Guid format shader working directory is -2 characters bigger than the processId version (../../../../../../MP2/project_nomad/Project_Nomand/Intermediate/Shaders/WorkingDirectory/772/).
[2017.01.15-21.52.18:988][  0]LogShaderCompilers: Cleaned the shader compiler working directory 'C:/Users/Dextex/AppData/Local/Temp/UnrealShaderWorkingDir/583316914FADC0B5A71B9488F99F6A23/'.
[2017.01.15-21.52.18:988][  0]LogShaderCompilers:Display: Using Local Shader Compiler.
[2017.01.15-21.52.20:188][  0]LogTemp:Display: Loaded TP AllDesktopTargetPlatform
[2017.01.15-21.52.20:201][  0]LogTemp:Display: Loaded TP WindowsClientTargetPlatform
[2017.01.15-21.52.20:212][  0]LogTemp:Display: Loaded TP WindowsNoEditorTargetPlatform
[2017.01.15-21.52.20:224][  0]LogTemp:Display: Loaded TP WindowsServerTargetPlatform
[2017.01.15-21.52.20:235][  0]LogTemp:Display: Loaded TP WindowsTargetPlatform
[2017.01.15-21.52.20:243][  0]LogTemp:Display: Loaded TP AndroidTargetPlatform
[2017.01.15-21.52.20:253][  0]LogTemp:Display: Loaded TP Android_ASTCTargetPlatform
[2017.01.15-21.52.20:262][  0]LogTemp:Display: Loaded TP Android_ATCTargetPlatform
[2017.01.15-21.52.20:271][  0]LogTemp:Display: Loaded TP Android_DXTTargetPlatform
[2017.01.15-21.52.20:280][  0]LogTemp:Display: Loaded TP Android_ETC1TargetPlatform
[2017.01.15-21.52.20:289][  0]LogTemp:Display: Loaded TP Android_ETC2TargetPlatform
[2017.01.15-21.52.20:308][  0]LogTemp:Display: Loaded TP Android_MultiTargetPlatform
[2017.01.15-21.52.20:308][  0]LogTemp:Display: Loaded TP Android_PVRTCTargetPlatform
[2017.01.15-21.52.20:310][  0]LogTemp:Display: Loaded TP HTML5TargetPlatform
[2017.01.15-21.52.20:338][  0]LogTemp:Display: Loaded TP IOSTargetPlatform
[2017.01.15-21.52.20:347][  0]LogTemp:Display: Loaded TP TVOSTargetPlatform
[2017.01.15-21.52.20:356][  0]LogTemp:Display: Loaded TP LinuxNoEditorTargetPlatform
[2017.01.15-21.52.20:368][  0]LogTemp:Display: Loaded TP LinuxServerTargetPlatform
[2017.01.15-21.52.20:376][  0]LogTemp:Display: Loaded TP LinuxTargetPlatform
[2017.01.15-21.52.20:376][  0]LogTargetPlatformManager:Display: Building Assets For Windows
[2017.01.15-21.52.20:502][  0]LogDerivedDataCache:Display: Max Cache Size: 512 MB
[2017.01.15-21.52.20:562][  0]LogDerivedDataCache: Loaded boot cache 0.06s 48MB C:/Users/Dextex/AppData/Local/UnrealEngine/4.12/DerivedDataCache/Boot.ddc.
[2017.01.15-21.52.20:563][  0]LogDerivedDataCache:Display: Loaded Boot cache: C:/Users/Dextex/AppData/Local/UnrealEngine/4.12/DerivedDataCache/Boot.ddc
[2017.01.15-21.52.20:563][  0]LogDerivedDataCache: FDerivedDataBackendGraph:  Pak pak cache file ../../../../../../MP2/project_nomad/Project_Nomand/DerivedDataCache/DDC.ddp not found, will not use a pak cache.
[2017.01.15-21.52.20:563][  0]LogDerivedDataCache: Unable to find inner node Pak for hierarchical cache Hierarchy.
[2017.01.15-21.52.20:563][  0]LogDerivedDataCache: FDerivedDataBackendGraph:  CompressedPak pak cache file ../../../../../../MP2/project_nomad/Project_Nomand/DerivedDataCache/Compressed.ddp not found, will not use a pak cache.
[2017.01.15-21.52.20:563][  0]LogDerivedDataCache: Unable to find inner node CompressedPak for hierarchical cache Hierarchy.
[2017.01.15-21.52.20:581][  0]LogDerivedDataCache:Display: Pak cache opened for reading ../../../Engine/DerivedDataCache/Compressed.ddp.
[2017.01.15-21.52.20:592][  0]LogDerivedDataCache: Using Local data cache path C:/Users/Dextex/AppData/Local/UnrealEngine/Common/DerivedDataCache: Writable
[2017.01.15-21.52.20:774][  0]LogInit: Selected Device Profile: [Windows]
[2017.01.15-21.52.20:775][  0]LogContentStreaming: Texture pool size is 0.00 MB
[2017.01.15-21.52.20:933][  0]LogMeshUtilities: No automatic mesh reduction module available
[2017.01.15-21.52.20:933][  0]LogMeshUtilities: No automatic mesh merging module available
[2017.01.15-21.52.20:933][  0]LogMeshUtilities: No distributed automatic mesh merging module available
[2017.01.15-21.52.21:186][  0]LogAssetRegistry: FAssetRegistry took 0.0211 seconds to start up
[2017.01.15-21.52.21:201][  0]LogPackageLocalizationCache: Processed 3 localized package path(s) for 1 prioritized culture(s) in 0.011969 seconds
[2017.01.15-21.52.21:205][  0]LogUObjectArray: 28739 objects as part of root set at end of initial load.
[2017.01.15-21.52.21:205][  0]LogUObjectAllocator: 5855632 out of 0 bytes used by permanent object pool.
[2017.01.15-21.52.21:205][  0]LogUObjectArray: CloseDisregardForGC: 0/0 objects in disregard for GC pool
[2017.01.15-21.52.21:215][  0]LogInit: WinSock: version 1.1 (2.2), MaxSocks=32767, MaxUdp=65467
[2017.01.15-21.52.21:434][  0]LogSlate: SlateFontCache - WITH_FREETYPE: 1, WITH_HARFBUZZ: 1
[2017.01.15-21.52.21:434][  0]LogSlate: SlateFontCache - WITH_FREETYPE: 1, WITH_HARFBUZZ: 1
[2017.01.15-21.52.22:064][  0]LogUdpMessaging: Initializing bridge on interface 0.0.0.0:0 to multicast group 230.0.0.1:6666.
[2017.01.15-21.52.22:300][  0]SourceControl: Info Source control is disabled
[2017.01.15-21.52.22:676][  0]LogEngine: Initializing Engine...
[2017.01.15-21.52.22:679][  0]LogHMD: SteamVR failed to initialize.  Err: 100
[2017.01.15-21.52.22:683][  0]LogHMD: SteamVR failed to initialize.  Err: 100
[2017.01.15-21.52.22:818][  0]LogAIModule: Creating AISystem for world NewWorld
[2017.01.15-21.52.22:843][  0]LogInit: XAudio2 using 'Lautsprecher (SteelSeries Siberia 350)' : 2 channels at 44.1 kHz using 16 bits per sample (channel mask 0x3)
[2017.01.15-21.52.22:874][  0]LogInit: FAudioDevice initialized.
[2017.01.15-21.52.22:900][  0]LogDerivedDataCache: Saved boot cache 0.03s 48MB C:/Users/Dextex/AppData/Local/UnrealEngine/4.12/DerivedDataCache/Boot.ddc.
[2017.01.15-21.52.22:908][  0]LogInit: Texture streaming: Enabled
[2017.01.15-21.52.22:944][  0]LogInit: Transaction tracking system initialized
[2017.01.15-21.52.22:982][  0]BlueprintLog: New page: Editor Load
[2017.01.15-21.52.23:132][  0]LocalizationService: Info Localization service is disabled
[2017.01.15-21.52.23:220][  0]LogConsoleResponse:Display: 
[2017.01.15-21.52.23:315][  0]LogCook:Display: Max memory allowance for cook 8192mb
[2017.01.15-21.52.23:315][  0]LogCook:Display: Mobile HDR setting 1
[2017.01.15-21.52.23:497][  0]LogFileCache: Scanning file cache for directory 'G:/UNI/MP2/project_nomad/Project_Nomand/Content/' took 0.03s
[2017.01.15-21.52.23:525][  0]LogWindowsTextInputMethodSystem:Display: IME system now deactivated.
[2017.01.15-21.52.27:888][  0]LogWindowsTextInputMethodSystem:Display: IME system now deactivated.
[2017.01.15-21.52.32:269][  0]Cmd: MAP LOAD FILE="../../../../../../MP2/project_nomad/Project_Nomand/Content/Map/Map.umap" TEMPLATE=0 SHOWPROGRESS=1 FEATURELEVEL=3
[2017.01.15-21.52.32:269][  0]LightingResults: New page: Lighting Build
[2017.01.15-21.52.32:273][  0]MapCheck: New page: Map Check
[2017.01.15-21.52.32:273][  0]LightingResults: New page: Lighting Build
[2017.01.15-21.52.36:194][  0]LogAIModule: Creating AISystem for world Map
[2017.01.15-21.52.36:638][  0]LogPhysics:Warning: AddConvexElemsToRigidActor: [/Engine/BasicShapes/Cube.Cube] ConvexElem[0] invalid
[2017.01.15-21.52.36:654][  0]LogEditorServer: Finished looking for orphan Actors (0.000 secs)
[2017.01.15-21.52.36:660][  0]Cmd: MAP CHECKDEP NOCLEARLOG
[2017.01.15-21.52.36:730][  0]MapCheck: Info Map check complete: 0 Error(s), 0 Warning(s), took 69.011ms to complete.
[2017.01.15-21.52.36:730][  0]LogFileHelpers: Loading map 'Map' took 4.461
[2017.01.15-21.52.36:981][  0]LogStats:Warning: MetaData mismatch. Did you assign a stat to two groups? New //STATGROUP_Threads//SplashScreenThread///Thread_660_0///####STATCAT_Advanced#### old //STATGROUP_Threads//SplashScreenThread///Thread_387c_0///####STATCAT_Advanced####
[2017.01.15-21.52.36:982][  0]LogCollectionManager: Loaded 0 collections in 0.003484 seconds
[2017.01.15-21.52.37:024][  0]LogFileCache: Scanning file cache for directory 'G:/UNI/MP2/project_nomad/Project_Nomand/Saved/Collections/' took 0.01s
[2017.01.15-21.52.37:024][  0]LogFileCache: Scanning file cache for directory 'G:/UNI/MP2/project_nomad/Project_Nomand/Content/Developers/Dextex/Collections/' took 0.01s
[2017.01.15-21.52.37:024][  0]LogFileCache: Scanning file cache for directory 'G:/UNI/MP2/project_nomad/Project_Nomand/Content/Collections/' took 0.01s
[2017.01.15-21.52.37:024][  0]LogCollectionManager: Rebuilt the GUID cache for 0 collections in 0.000004 seconds
[2017.01.15-21.52.37:032][  0]LogContentBrowser: Native class hierarchy populated in 0.0080 seconds. Added 2047 classes and 369 folders.
[2017.01.15-21.52.37:036][  0]LogStats: UGameplayTagsManager::ConstructGameplayTagTree: Construct from data asset -  0.000 s
[2017.01.15-21.52.37:036][  0]LogStats: UGameplayTagsManager::ConstructGameplayTagTree: GameplayTagTreeChangedEvent.Broadcast -  0.000 s
[2017.01.15-21.52.37:037][  0]LogContentBrowser: Native class hierarchy updated for 'GameplayTags' in 0.0004 seconds. Added 12 classes and 0 folders.
[2017.01.15-21.52.37:042][  0]LogContentBrowser: Native class hierarchy updated for 'WidgetCarousel' in 0.0003 seconds. Added 0 classes and 0 folders.
[2017.01.15-21.52.38:356][  0]LogContentBrowser: Native class hierarchy updated for 'AddContentDialog' in 0.0004 seconds. Added 0 classes and 0 folders.
[2017.01.15-21.52.38:414][  0]LogContentBrowser: Native class hierarchy updated for 'SceneOutliner' in 0.0004 seconds. Added 1 classes and 2 folders.
[2017.01.15-21.52.38:483][  0]LogCrashTracker: Crashtracker disabled due to settings.
[2017.01.15-21.52.38:488][  0]LogUObjectGlobals:Warning: Failed to find object 'Class None.'
[2017.01.15-21.52.38:516][  0]LogContentBrowser: Native class hierarchy updated for 'HierarchicalLODOutliner' in 0.0003 seconds. Added 1 classes and 2 folders.
[2017.01.15-21.52.38:516][  0]LogLoad: Full Startup: 22.43 seconds (BP compile: 0.38 seconds)
[2017.01.15-21.52.38:516][  0]LogExternalProfiler: No external profilers were discovered.  External profiling features will not be available.
[2017.01.15-21.52.38:525][  0]LogOcInput: OculusInput pre-init called
[2017.01.15-21.52.38:545][  0]LogContentStreaming: Texture pool size now 1000 MB
[2017.01.15-21.52.38:830][  0]LogRenderer: Reallocating scene render targets to support 1208x556 (Frame:2).
[2017.01.15-21.52.38:889][  1]Cmd: UpdateLandscapeEditorData -warnings
[2017.01.15-21.52.38:934][  2]LogAssetRegistry: Asset discovery search completed in 17.7690 seconds
[2017.01.15-21.52.38:934][  2]LogCollectionManager: Rebuilt the object cache for 0 collections in 0.000001 seconds (found 0 objects)
[2017.01.15-21.52.38:934][  2]LogCollectionManager: Fixed up redirectors for 0 collections in 0.000041 seconds (updated 0 objects)
[2017.01.15-21.52.41:223][261]LogBlueprintUserMessages: Early PlayInEditor Detection: Level '/Game/Map/Map.Map:PersistentLevel' has LevelScriptBlueprint '/Game/Map/Map.Map:PersistentLevel.Map' with GeneratedClass '/Game/Map/Map.Map_C' with ClassGeneratedBy '/Game/Map/Map.Map:PersistentLevel.Map'
[2017.01.15-21.52.41:223][261]LogPlayLevel: PlayLevel: No blueprints needed recompiling
[2017.01.15-21.52.41:239][261]PIE: New page: PIE session: Map (Jan 15, 2017, 11:52:41 PM)
[2017.01.15-21.52.41:240][261]LogPlayLevel: Creating play world package: /Game/Map/UEDPIE_0_Map
[2017.01.15-21.52.41:281][261]LogPlayLevel: PIE: StaticDuplicateObject took: (0.041269s)
[2017.01.15-21.52.41:282][261]LogAIModule: Creating AISystem for world Map
[2017.01.15-21.52.41:282][261]LogPlayLevel: PIE: World Init took: (0.000804s)
[2017.01.15-21.52.41:282][261]LogPlayLevel: PIE: Created PIE world by copying editor world from /Game/Map/Map.Map to /Game/Map/UEDPIE_0_Map.Map (0.042351s)
[2017.01.15-21.52.41:344][261]LogInit: XAudio2 using 'Lautsprecher (SteelSeries Siberia 350)' : 2 channels at 44.1 kHz using 16 bits per sample (channel mask 0x3)
[2017.01.15-21.52.41:367][261]LogInit: FAudioDevice initialized.
[2017.01.15-21.52.41:482][261]LogWorld: Game class is 'GameMode'
[2017.01.15-21.52.41:491][261]LogPhysics:Warning: AddConvexElemsToRigidActor: [/Engine/BasicShapes/Cube.Cube] ConvexElem[0] invalid
[2017.01.15-21.52.41:493][261]LogWorld: Bringing World /Game/Map/UEDPIE_0_Map.Map up for play (max tick rate 0) at 2017.01.15-22.52.41
[2017.01.15-21.52.41:495][261]LogWorld: Bringing up level for play took: 0.011716
[2017.01.15-21.52.41:499][261]LogContentBrowser: Native class hierarchy updated for 'MovieSceneCapture' in 0.0004 seconds. Added 11 classes and 0 folders.
[2017.01.15-21.52.41:501][261]PIE: Info Play in editor start time for /Game/Map/UEDPIE_0_Map -0.63
[2017.01.15-21.52.41:501][261]LogBlueprintUserMessages: Late PlayInEditor Detection: Level '/Game/Map/Map.Map:PersistentLevel' has LevelScriptBlueprint '/Game/Map/Map.Map:PersistentLevel.Map' with GeneratedClass '/Game/Map/Map.Map_C' with ClassGeneratedBy '/Game/Map/Map.Map:PersistentLevel.Map'
[2017.01.15-21.52.46:016][786]LogBlueprintUserMessages: Early EndPlayMap Detection: Level '/Game/Map/Map.Map:PersistentLevel' has LevelScriptBlueprint '/Game/Map/Map.Map:PersistentLevel.Map' with GeneratedClass '/Game/Map/Map.Map_C' with ClassGeneratedBy '/Game/Map/Map.Map:PersistentLevel.Map'
[2017.01.15-21.52.46:103][786]LogBlueprintUserMessages: Late EndPlayMap Detection: Level '/Game/Map/Map.Map:PersistentLevel' has LevelScriptBlueprint '/Game/Map/Map.Map:PersistentLevel.Map' with GeneratedClass '/Game/Map/Map.Map_C' with ClassGeneratedBy '/Game/Map/Map.Map:PersistentLevel.Map'
[2017.01.15-21.53.09:621][514]LogContentBrowser: Native class hierarchy updated for 'BlueprintGraph' in 0.0008 seconds. Added 111 classes and 0 folders.
[2017.01.15-21.53.20:273][268]Cmd: OBJ SAVEPACKAGE PACKAGE="/Game/Inventar/InventoryWidget" FILE="../../../../../../MP2/project_nomad/Project_Nomand/Content/Inventar/InventoryWidget.uasset" SILENT=true
[2017.01.15-21.53.20:362][268]LogSavePackage: Save=63.99ms
[2017.01.15-21.53.20:362][268]LogSavePackage: Moving '../../../../../../MP2/project_nomad/Project_Nomand/Saved/InventoryWidgetE7327FFA4033BE5C6E9C27ACBAE3BCED.tmp' to '../../../../../../MP2/project_nomad/Project_Nomand/Content/Inventar/InventoryWidget.uasset'
[2017.01.15-21.53.20:363][268]LogSavePackage:Display: Finished SavePackage ../../../../../../MP2/project_nomad/Project_Nomand/Content/Inventar/InventoryWidget.uasset
[2017.01.15-21.54.59:959][136]LogBlueprintUserMessages: Early PlayInEditor Detection: Level '/Game/Map/Map.Map:PersistentLevel' has LevelScriptBlueprint '/Game/Map/Map.Map:PersistentLevel.Map' with GeneratedClass '/Game/Map/Map.Map_C' with ClassGeneratedBy '/Game/Map/Map.Map:PersistentLevel.Map'
[2017.01.15-21.54.59:959][136]LogPlayLevel: PlayLevel: No blueprints needed recompiling
[2017.01.15-21.54.59:960][136]PIE: New page: PIE session: Map (Jan 15, 2017, 11:54:59 PM)
[2017.01.15-21.54.59:960][136]LogPlayLevel: Creating play world package: /Game/Map/UEDPIE_0_Map
[2017.01.15-21.55.00:006][136]LogPlayLevel: PIE: StaticDuplicateObject took: (0.045789s)
[2017.01.15-21.55.00:007][136]LogAIModule: Creating AISystem for world Map
[2017.01.15-21.55.00:007][136]LogPlayLevel: PIE: World Init took: (0.000977s)
[2017.01.15-21.55.00:007][136]LogPlayLevel: PIE: Created PIE world by copying editor world from /Game/Map/Map.Map to /Game/Map/UEDPIE_0_Map.Map (0.047065s)
[2017.01.15-21.55.00:061][136]LogInit: XAudio2 using 'Lautsprecher (SteelSeries Siberia 350)' : 2 channels at 44.1 kHz using 16 bits per sample (channel mask 0x3)
[2017.01.15-21.55.00:087][136]LogInit: FAudioDevice initialized.
[2017.01.15-21.55.00:146][136]LogWorld: Game class is 'GameMode'
[2017.01.15-21.55.00:160][136]LogPhysics:Warning: AddConvexElemsToRigidActor: [/Engine/BasicShapes/Cube.Cube] ConvexElem[0] invalid
[2017.01.15-21.55.00:163][136]LogWorld: Bringing World /Game/Map/UEDPIE_0_Map.Map up for play (max tick rate 0) at 2017.01.15-22.55.00
[2017.01.15-21.55.00:165][136]LogWorld: Bringing up level for play took: 0.017759
[2017.01.15-21.55.00:168][136]PIE: Info Play in editor start time for /Game/Map/UEDPIE_0_Map 0.037
[2017.01.15-21.55.00:168][136]LogBlueprintUserMessages: Late PlayInEditor Detection: Level '/Game/Map/Map.Map:PersistentLevel' has LevelScriptBlueprint '/Game/Map/Map.Map:PersistentLevel.Map' with GeneratedClass '/Game/Map/Map.Map_C' with ClassGeneratedBy '/Game/Map/Map.Map:PersistentLevel.Map'
[2017.01.15-21.55.29:274][110]LogBlueprintUserMessages: Early EndPlayMap Detection: Level '/Game/Map/Map.Map:PersistentLevel' has LevelScriptBlueprint '/Game/Map/Map.Map:PersistentLevel.Map' with GeneratedClass '/Game/Map/Map.Map_C' with ClassGeneratedBy '/Game/Map/Map.Map:PersistentLevel.Map'
[2017.01.15-21.55.29:309][110]LogBlueprintUserMessages: Late EndPlayMap Detection: Level '/Game/Map/Map.Map:PersistentLevel' has LevelScriptBlueprint '/Game/Map/Map.Map:PersistentLevel.Map' with GeneratedClass '/Game/Map/Map.Map_C' with ClassGeneratedBy '/Game/Map/Map.Map:PersistentLevel.Map'
[2017.01.15-21.55.41:727][916]BlueprintLog: New page: Compile InventoryWidget
[2017.01.15-21.55.41:863][916]BlueprintEditorCompileResults: Info [0205.78] Compile of InventoryWidget successful! [in 136 ms] (/Game/Inventar/InventoryWidget.InventoryWidget)
[2017.01.15-21.55.44:422][140]LogBlueprintUserMessages: Early PlayInEditor Detection: Level '/Game/Map/Map.Map:PersistentLevel' has LevelScriptBlueprint '/Game/Map/Map.Map:PersistentLevel.Map' with GeneratedClass '/Game/Map/Map.Map_C' with ClassGeneratedBy '/Game/Map/Map.Map:PersistentLevel.Map'
[2017.01.15-21.55.44:422][140]LogPlayLevel: PlayLevel: No blueprints needed recompiling
[2017.01.15-21.55.44:422][140]PIE: New page: PIE session: Map (Jan 15, 2017, 11:55:44 PM)
[2017.01.15-21.55.44:422][140]LogPlayLevel: Creating play world package: /Game/Map/UEDPIE_0_Map
[2017.01.15-21.55.44:464][140]LogPlayLevel: PIE: StaticDuplicateObject took: (0.041753s)
[2017.01.15-21.55.44:465][140]LogAIModule: Creating AISystem for world Map
[2017.01.15-21.55.44:465][140]LogPlayLevel: PIE: World Init took: (0.001302s)
[2017.01.15-21.55.44:465][140]LogPlayLevel: PIE: Created PIE world by copying editor world from /Game/Map/Map.Map to /Game/Map/UEDPIE_0_Map.Map (0.043456s)
[2017.01.15-21.55.44:505][140]LogInit: XAudio2 using 'Lautsprecher (SteelSeries Siberia 350)' : 2 channels at 44.1 kHz using 16 bits per sample (channel mask 0x3)
[2017.01.15-21.55.44:541][140]LogInit: FAudioDevice initialized.
[2017.01.15-21.55.44:591][140]LogWorld: Game class is 'GameMode'
[2017.01.15-21.55.44:604][140]LogPhysics:Warning: AddConvexElemsToRigidActor: [/Engine/BasicShapes/Cube.Cube] ConvexElem[0] invalid
[2017.01.15-21.55.44:606][140]LogWorld: Bringing World /Game/Map/UEDPIE_0_Map.Map up for play (max tick rate 0) at 2017.01.15-22.55.44
[2017.01.15-21.55.44:608][140]LogWorld: Bringing up level for play took: 0.015903
[2017.01.15-21.55.44:609][140]PIE: Info Play in editor start time for /Game/Map/UEDPIE_0_Map 0.479
[2017.01.15-21.55.44:609][140]LogBlueprintUserMessages: Late PlayInEditor Detection: Level '/Game/Map/Map.Map:PersistentLevel' has LevelScriptBlueprint '/Game/Map/Map.Map:PersistentLevel.Map' with GeneratedClass '/Game/Map/Map.Map_C' with ClassGeneratedBy '/Game/Map/Map.Map:PersistentLevel.Map'
[2017.01.15-21.56.26:678][413]LogBlueprintUserMessages: [AI_Greater_Spider_2] Hello
[2017.01.15-21.56.37:298][461]LogBlueprintUserMessages: [AI_Greater_Spider_2] Hello
[2017.01.15-21.56.42:851][  1]LogBlueprintUserMessages: [AI_Greater_Spider_2] Hello
[2017.01.15-21.57.22:759][985]LogBlueprintUserMessages: Early EndPlayMap Detection: Level '/Game/Map/Map.Map:PersistentLevel' has LevelScriptBlueprint '/Game/Map/Map.Map:PersistentLevel.Map' with GeneratedClass '/Game/Map/Map.Map_C' with ClassGeneratedBy '/Game/Map/Map.Map:PersistentLevel.Map'
[2017.01.15-21.57.22:799][985]LogBlueprintUserMessages: Late EndPlayMap Detection: Level '/Game/Map/Map.Map:PersistentLevel' has LevelScriptBlueprint '/Game/Map/Map.Map:PersistentLevel.Map' with GeneratedClass '/Game/Map/Map.Map_C' with ClassGeneratedBy '/Game/Map/Map.Map:PersistentLevel.Map'
[2017.01.15-21.57.30:860][756]LogActorComponent: UnregisterComponent: (/Engine/Transient.SphereBrushComponent) Not registered. Aborting.
[2017.01.15-21.57.30:930][756]LogMaterial: 0.00 seconds spent updating 1 materials, 1 interfaces, 0 instances, 1 with static permutations.
[2017.01.15-21.57.30:956][756]LogMaterial: 0.01 seconds spent updating 1 materials, 1 interfaces, 0 instances, 1 with static permutations.
[2017.01.15-21.57.30:957][756]LogTexture:Display: Building textures: Texture2D_2 (G8)
[2017.01.15-21.58.01:611][946]LogEditorViewport: Clicking on Actor (double click): Landscape (Landscape)
[2017.01.15-21.58.06:809][492]LogBlueprintUserMessages: Early PlayInEditor Detection: Level '/Game/Map/Map.Map:PersistentLevel' has LevelScriptBlueprint '/Game/Map/Map.Map:PersistentLevel.Map' with GeneratedClass '/Game/Map/Map.Map_C' with ClassGeneratedBy '/Game/Map/Map.Map:PersistentLevel.Map'
[2017.01.15-21.58.06:809][492]LogPlayLevel: PlayLevel: No blueprints needed recompiling
[2017.01.15-21.58.06:809][492]PIE: New page: PIE session: Map (Jan 15, 2017, 11:58:06 PM)
[2017.01.15-21.58.06:809][492]LogPlayLevel: Creating play world package: /Game/Map/UEDPIE_0_Map
[2017.01.15-21.58.06:857][492]LogPlayLevel: PIE: StaticDuplicateObject took: (0.047497s)
[2017.01.15-21.58.06:857][492]LogAIModule: Creating AISystem for world Map
[2017.01.15-21.58.06:857][492]LogPlayLevel: PIE: World Init took: (0.000672s)
[2017.01.15-21.58.06:857][492]LogPlayLevel: PIE: Created PIE world by copying editor world from /Game/Map/Map.Map to /Game/Map/UEDPIE_0_Map.Map (0.048372s)
[2017.01.15-21.58.06:899][492]LogInit: XAudio2 using 'Lautsprecher (SteelSeries Siberia 350)' : 2 channels at 44.1 kHz using 16 bits per sample (channel mask 0x3)
[2017.01.15-21.58.06:921][492]LogInit: FAudioDevice initialized.
[2017.01.15-21.58.06:991][492]LogWorld: Game class is 'GameMode'
[2017.01.15-21.58.07:003][492]LogPhysics:Warning: AddConvexElemsToRigidActor: [/Engine/BasicShapes/Cube.Cube] ConvexElem[0] invalid
[2017.01.15-21.58.07:005][492]LogWorld: Bringing World /Game/Map/UEDPIE_0_Map.Map up for play (max tick rate 0) at 2017.01.15-22.58.07
[2017.01.15-21.58.07:006][492]LogWorld: Bringing up level for play took: 0.013521
[2017.01.15-21.58.07:008][492]PIE: Info Play in editor start time for /Game/Map/UEDPIE_0_Map 0.877
[2017.01.15-21.58.07:008][492]LogBlueprintUserMessages: Late PlayInEditor Detection: Level '/Game/Map/Map.Map:PersistentLevel' has LevelScriptBlueprint '/Game/Map/Map.Map:PersistentLevel.Map' with GeneratedClass '/Game/Map/Map.Map_C' with ClassGeneratedBy '/Game/Map/Map.Map:PersistentLevel.Map'
[2017.01.15-21.59.27:854][584]LogBlueprintUserMessages: Early EndPlayMap Detection: Level '/Game/Map/Map.Map:PersistentLevel' has LevelScriptBlueprint '/Game/Map/Map.Map:PersistentLevel.Map' with GeneratedClass '/Game/Map/Map.Map_C' with ClassGeneratedBy '/Game/Map/Map.Map:PersistentLevel.Map'
[2017.01.15-21.59.27:890][584]LogBlueprintUserMessages: Late EndPlayMap Detection: Level '/Game/Map/Map.Map:PersistentLevel' has LevelScriptBlueprint '/Game/Map/Map.Map:PersistentLevel.Map' with GeneratedClass '/Game/Map/Map.Map_C' with ClassGeneratedBy '/Game/Map/Map.Map:PersistentLevel.Map'
[2017.01.15-22.00.01:719][777]Cmd: OBJ SAVEPACKAGE PACKAGE="/Game/Inventar/InventoryWidget" FILE="../../../../../../MP2/project_nomad/Project_Nomand/Content/Inventar/InventoryWidget.uasset" SILENT=true
[2017.01.15-22.00.01:798][777]LogSavePackage: Save=69.10ms
[2017.01.15-22.00.01:798][777]LogSavePackage: Moving '../../../../../../MP2/project_nomad/Project_Nomand/Saved/InventoryWidget3E6151524990961CD8FDFFAABC6A78DF.tmp' to '../../../../../../MP2/project_nomad/Project_Nomand/Content/Inventar/InventoryWidget.uasset'
[2017.01.15-22.00.01:801][777]LogSavePackage:Display: Finished SavePackage ../../../../../../MP2/project_nomad/Project_Nomand/Content/Inventar/InventoryWidget.uasset
[2017.01.15-22.00.01:872][777]Cmd: OBJ SAVEPACKAGE PACKAGE="/Game/Map/Map" FILE="../../../../../../MP2/project_nomad/Project_Nomand/Content/Map/Map.umap" SILENT=true AUTOSAVING=false KEEPDIRTY=false
[2017.01.15-22.00.02:342][777]LogSavePackage: Save=430.57ms
[2017.01.15-22.00.02:342][777]LogSavePackage: Moving '../../../../../../MP2/project_nomad/Project_Nomand/Saved/MapD4B033014E3B67CD3F9E4ABAD11CD98F.tmp' to '../../../../../../MP2/project_nomad/Project_Nomand/Content/Map/Map.umap'
[2017.01.15-22.00.02:344][777]LogSavePackage:Display: Finished SavePackage ../../../../../../MP2/project_nomad/Project_Nomand/Content/Map/Map.umap
[2017.01.15-22.00.02:390][777]LogFileHelpers: Saving map 'Map' took 0.585
[2017.01.15-22.00.02:782][778]Cmd: QUIT_EDITOR
[2017.01.15-22.00.02:788][778]LogActorComponent: UnregisterComponent: (/Engine/Transient.SphereBrushComponent) Not registered. Aborting.
[2017.01.15-22.00.03:291][778]LogExit: Preparing to exit.
[2017.01.15-22.00.04:495][778]LogExit: Editor shut down
[2017.01.15-22.00.04:495][778]LogExit: Transaction tracking system shut down
[2017.01.15-22.00.04:669][778]LogObj: Freed 0b from 0 cluster array pools.
[2017.01.15-22.00.04:669][778]LogExit: Object subsystem successfully closed.
[2017.01.15-22.00.04:686][778]LogD3D11RHI: Shutdown
[2017.01.15-22.00.04:686][778]LogD3D11RHI: CleanupD3DDevice
[2017.01.15-22.00.04:775][778]LogD3D11RHI: ~FD3D11DynamicRHI
[2017.01.15-22.00.04:785][778]LogModuleManager: Shutting down and abandoning module SequencerWidgets (216)
[2017.01.15-22.00.04:785][778]LogModuleManager: Shutting down and abandoning module BlueprintGraph (215)
[2017.01.15-22.00.04:785][778]LogModuleManager: Shutting down and abandoning module MovieSceneCapture (214)
[2017.01.15-22.00.04:785][778]LogModuleManager: Shutting down and abandoning module HierarchicalLODOutliner (213)
[2017.01.15-22.00.04:785][778]LogModuleManager: Shutting down and abandoning module CrashTracker (212)
[2017.01.15-22.00.04:785][778]LogModuleManager: Shutting down and abandoning module SceneOutliner (211)
[2017.01.15-22.00.04:785][778]LogModuleManager: Shutting down and abandoning module WidgetCarousel (210)
[2017.01.15-22.00.04:785][778]LogModuleManager: Shutting down and abandoning module AddContentDialog (209)
[2017.01.15-22.00.04:786][778]LogModuleManager: Shutting down and abandoning module GameplayTags (208)
[2017.01.15-22.00.04:786][778]LogModuleManager: Shutting down and abandoning module EditorWidgets (207)
[2017.01.15-22.00.04:786][778]LogModuleManager: Shutting down and abandoning module CollectionManager (206)
[2017.01.15-22.00.04:786][778]LogModuleManager: Shutting down and abandoning module StatsViewer (205)
[2017.01.15-22.00.04:786][778]LogModuleManager: Shutting down and abandoning module FoliageEdit (204)
[2017.01.15-22.00.04:786][778]LogModuleManager: Shutting down and abandoning module LandscapeEditor (203)
[2017.01.15-22.00.04:787][778]LogModuleManager: Shutting down and abandoning module SceneDepthPickerMode (202)
[2017.01.15-22.00.04:787][778]LogModuleManager: Shutting down and abandoning module ActorPickerMode (201)
[2017.01.15-22.00.04:787][778]LogModuleManager: Shutting down and abandoning module GeometryMode (200)
[2017.01.15-22.00.04:787][778]LogModuleManager: Shutting down and abandoning module TextureAlignMode (199)
[2017.01.15-22.00.04:787][778]LogModuleManager: Shutting down and abandoning module BspMode (198)
[2017.01.15-22.00.04:787][778]LogModuleManager: Shutting down and abandoning module HardwareSurvey (197)
[2017.01.15-22.00.04:787][778]LogModuleManager: Shutting down and abandoning module SequenceRecorderSections (196)
[2017.01.15-22.00.04:787][778]LogModuleManager: Shutting down and abandoning module SequenceRecorder (195)
[2017.01.15-22.00.04:787][778]LogModuleManager: Shutting down and abandoning module AutomationWorker (194)
[2017.01.15-22.00.04:787][778]LogModuleManager: Shutting down and abandoning module MatineeToLevelSequence (193)
[2017.01.15-22.00.04:787][778]LogModuleManager: Shutting down and abandoning module PlacementMode (192)
[2017.01.15-22.00.04:787][778]LogModuleManager: Shutting down and abandoning module LevelSequenceEditor (191)
[2017.01.15-22.00.04:787][778]LogModuleManager: Shutting down and abandoning module CharacterAI (190)
[2017.01.15-22.00.04:787][778]LogModuleManager: Shutting down and abandoning module SmartSnapping (189)
[2017.01.15-22.00.04:787][778]LogModuleManager: Shutting down and abandoning module SessionServices (188)
[2017.01.15-22.00.04:787][778]LogModuleManager: Shutting down and abandoning module ViewportSnapping (187)
[2017.01.15-22.00.04:787][778]LogModuleManager: Shutting down and abandoning module LogVisualizer (186)
[2017.01.15-22.00.04:787][778]LogModuleManager: Shutting down and abandoning module GameProjectGeneration (185)
[2017.01.15-22.00.04:787][778]LogModuleManager: Shutting down and abandoning module IntroTutorials (184)
[2017.01.15-22.00.04:787][778]LogModuleManager: Shutting down and abandoning module EditorLiveStreaming (183)
[2017.01.15-22.00.04:787][778]LogModuleManager: Shutting down and abandoning module IOSPlatformEditor (182)
[2017.01.15-22.00.04:787][778]LogModuleManager: Shutting down and abandoning module HTML5PlatformEditor (181)
[2017.01.15-22.00.04:787][778]LogModuleManager: Shutting down and abandoning module AndroidDeviceDetection (180)
[2017.01.15-22.00.05:418][778]LogModuleManager: Shutting down and abandoning module AndroidPlatformEditor (179)
[2017.01.15-22.00.05:418][778]LogModuleManager: Shutting down and abandoning module IOSRuntimeSettings (178)
[2017.01.15-22.00.05:418][778]LogModuleManager: Shutting down and abandoning module AndroidRuntimeSettings (177)
[2017.01.15-22.00.05:418][778]LogModuleManager: Shutting down and abandoning module MergeActors (176)
[2017.01.15-22.00.05:418][778]LogModuleManager: Shutting down and abandoning module SizeMap (175)
[2017.01.15-22.00.05:418][778]LogModuleManager: Shutting down and abandoning module TreeMap (174)
[2017.01.15-22.00.05:418][778]LogModuleManager: Shutting down and abandoning module ReferenceViewer (173)
[2017.01.15-22.00.05:418][778]LogModuleManager: Shutting down and abandoning module LocalizationService (172)
[2017.01.15-22.00.05:418][778]LogModuleManager: Shutting down and abandoning module LocalizationDashboard (171)
[2017.01.15-22.00.05:418][778]LogModuleManager: Shutting down and abandoning module HardwareTargeting (170)
[2017.01.15-22.00.05:418][778]LogModuleManager: Shutting down and abandoning module DeviceProfileEditor (169)
[2017.01.15-22.00.05:418][778]LogModuleManager: Shutting down and abandoning module UndoHistory (168)
[2017.01.15-22.00.05:418][778]LogModuleManager: Shutting down and abandoning module UserFeedback (167)
[2017.01.15-22.00.05:418][778]LogModuleManager: Shutting down and abandoning module XmlParser (166)
[2017.01.15-22.00.05:418][778]LogModuleManager: Shutting down and abandoning module Blutility (165)
[2017.01.15-22.00.05:418][778]LogModuleManager: Shutting down and abandoning module ProjectTargetPlatformEditor (164)
[2017.01.15-22.00.05:419][778]LogModuleManager: Shutting down and abandoning module ProjectSettingsViewer (163)
[2017.01.15-22.00.05:419][778]LogModuleManager: Shutting down and abandoning module InputBindingEditor (162)
[2017.01.15-22.00.05:419][778]LogModuleManager: Shutting down and abandoning module EditorSettingsViewer (161)
[2017.01.15-22.00.05:419][778]LogModuleManager: Shutting down and abandoning module SettingsEditor (160)
[2017.01.15-22.00.05:419][778]LogModuleManager: Shutting down and abandoning module ProjectLauncher (159)
[2017.01.15-22.00.05:419][778]LogModuleManager: Shutting down and abandoning module SessionFrontend (158)
[2017.01.15-22.00.05:419][778]LogModuleManager: Shutting down and abandoning module ProfilerClient (157)
[2017.01.15-22.00.05:419][778]LogModuleManager: Shutting down and abandoning module TargetDeviceServices (156)
[2017.01.15-22.00.05:419][778]LogModuleManager: Shutting down and abandoning module DeviceManager (155)
[2017.01.15-22.00.05:472][778]LogModuleManager: Shutting down and abandoning module AutomationController (154)
[2017.01.15-22.00.05:472][778]LogModuleManager: Shutting down and abandoning module AutomationWindow (153)
[2017.01.15-22.00.05:472][778]LogModuleManager: Shutting down and abandoning module Layers (152)
[2017.01.15-22.00.05:472][778]LogModuleManager: Shutting down and abandoning module ComponentVisualizers (151)
[2017.01.15-22.00.05:472][778]LogModuleManager: Shutting down and abandoning module DetailCustomizations (150)
[2017.01.15-22.00.05:472][778]LogModuleManager: Shutting down and abandoning module PackagesDialog (149)
[2017.01.15-22.00.05:473][778]LogModuleManager: Shutting down and abandoning module Persona (148)
[2017.01.15-22.00.05:473][778]LogModuleManager: Shutting down and abandoning module Kismet (147)
[2017.01.15-22.00.05:473][778]LogModuleManager: Shutting down and abandoning module GraphEditor (146)
[2017.01.15-22.00.05:473][778]LogModuleManager: Shutting down and abandoning module ClassViewer (145)
[2017.01.15-22.00.05:473][778]LogModuleManager: Shutting down and abandoning module Toolbox (144)
[2017.01.15-22.00.05:473][778]LogModuleManager: Shutting down and abandoning module ModuleUI (143)
[2017.01.15-22.00.05:473][778]LogModuleManager: Shutting down and abandoning module MovieSceneTools (142)
[2017.01.15-22.00.05:473][778]LogModuleManager: Shutting down and abandoning module OutputLog (141)
[2017.01.15-22.00.05:473][778]LogModuleManager: Shutting down and abandoning module GammaUI (140)
[2017.01.15-22.00.05:473][778]LogModuleManager: Shutting down and abandoning module Documentation (139)
[2017.01.15-22.00.05:473][778]LogModuleManager: Shutting down and abandoning module StreamingPauseRendering (138)
[2017.01.15-22.00.05:473][778]LogModuleManager: Shutting down and abandoning module AnalyticsET (137)
[2017.01.15-22.00.05:473][778]LogModuleManager: Shutting down and abandoning module Analytics (136)
[2017.01.15-22.00.05:473][778]LogModuleManager: Shutting down and abandoning module PortalServices (135)
[2017.01.15-22.00.05:473][778]LogModuleManager: Shutting down and abandoning module PortalRpc (134)
[2017.01.15-22.00.05:473][778]LogModuleManager: Shutting down and abandoning module MessagingRpc (133)
[2017.01.15-22.00.05:473][778]LogModuleManager: Shutting down and abandoning module GameplayDebugger (132)
[2017.01.15-22.00.05:473][778]LogModuleManager: Shutting down and abandoning module AITestSuite (131)
[2017.01.15-22.00.05:473][778]LogModuleManager: Shutting down and abandoning module AIModule (130)
[2017.01.15-22.00.05:473][778]LogModuleManager: Shutting down and abandoning module ProfilerService (129)
[2017.01.15-22.00.05:521][778]LogModuleManager: Shutting down and abandoning module TaskGraph (128)
[2017.01.15-22.00.05:521][778]LogModuleManager: Shutting down and abandoning module SlateRemote (127)
[2017.01.15-22.00.05:521][778]LogModuleManager: Shutting down and abandoning module SteamVRController (126)
[2017.01.15-22.00.05:521][778]LogModuleManager: Shutting down and abandoning module SteamVR (125)
[2017.01.15-22.00.05:521][778]LogModuleManager: Shutting down and abandoning module ProceduralMeshComponent (124)
[2017.01.15-22.00.05:521][778]LogModuleManager: Shutting down and abandoning module OculusLibrary (123)
[2017.01.15-22.00.05:521][778]LogModuleManager: Shutting down and abandoning module OculusInput (122)
[2017.01.15-22.00.05:521][778]LogModuleManager: Shutting down and abandoning module CustomMeshComponent (121)
[2017.01.15-22.00.05:521][778]LogModuleManager: Shutting down and abandoning module CableComponent (120)
[2017.01.15-22.00.05:521][778]LogModuleManager: Shutting down and abandoning module ArchVisCharacter (119)
[2017.01.15-22.00.05:521][778]LogModuleManager: Shutting down and abandoning module MediaPlayerEditor (118)
[2017.01.15-22.00.05:521][778]LogModuleManager: Shutting down and abandoning module HTML5Networking (117)
[2017.01.15-22.00.05:521][778]LogModuleManager: Shutting down and abandoning module SuperSearch (116)
[2017.01.15-22.00.05:521][778]LogModuleManager: Shutting down and abandoning module SuperSearchEditor (115)
[2017.01.15-22.00.05:521][778]LogModuleManager: Shutting down and abandoning module SpeedTreeImporter (114)
[2017.01.15-22.00.05:521][778]LogModuleManager: Shutting down and abandoning module PluginBrowser (113)
[2017.01.15-22.00.05:521][778]LogModuleManager: Shutting down and abandoning module EpicSurvey (112)
[2017.01.15-22.00.05:521][778]LogModuleManager: Shutting down and abandoning module DesktopPlatform (111)
[2017.01.15-22.00.05:521][778]LogModuleManager: Shutting down and abandoning module VisualStudioSourceCodeAccess (110)
[2017.01.15-22.00.05:521][778]LogModuleManager: Shutting down and abandoning module UObjectPlugin (109)
[2017.01.15-22.00.05:521][778]LogModuleManager: Shutting down and abandoning module SubversionSourceControl (108)
[2017.01.15-22.00.05:521][778]LogModuleManager: Shutting down and abandoning module PerforceSourceControl (107)
[2017.01.15-22.00.05:521][778]LogModuleManager: Shutting down and abandoning module SourceControl (106)
[2017.01.15-22.00.05:521][778]LogModuleManager: Shutting down and abandoning module GitSourceControl (105)
[2017.01.15-22.00.05:521][778]LogModuleManager: Shutting down and abandoning module LightPropagationVolumeEditor (104)
[2017.01.15-22.00.05:521][778]LogModuleManager: Shutting down and abandoning module PaperTiledImporter (103)
[2017.01.15-22.00.05:521][778]LogModuleManager: Shutting down and abandoning module PaperSpriteSheetImporter (102)
[2017.01.15-22.00.05:521][778]LogModuleManager: Shutting down and abandoning module MeshPaint (101)
[2017.01.15-22.00.05:521][778]LogModuleManager: Shutting down and abandoning module PixelInspectorModule (100)
[2017.01.15-22.00.05:521][778]LogModuleManager: Shutting down and abandoning module HotReload (99)
[2017.01.15-22.00.05:521][778]LogModuleManager: Shutting down and abandoning module MainFrame (98)
[2017.01.15-22.00.05:522][778]LogModuleManager: Shutting down and abandoning module LevelEditor (97)
[2017.01.15-22.00.05:522][778]LogModuleManager: Shutting down and abandoning module ContentBrowser (96)
[2017.01.15-22.00.05:523][778]LogModuleManager: Shutting down and abandoning module Paper2DEditor (95)
[2017.01.15-22.00.05:523][778]LogModuleManager: Shutting down and abandoning module UdpMessaging (94)
[2017.01.15-22.00.05:624][778]LogModuleManager: Shutting down and abandoning module LightPropagationVolumeRuntime (93)
[2017.01.15-22.00.05:624][778]LogModuleManager: Shutting down and abandoning module Paper2D (92)
[2017.01.15-22.00.05:624][778]LogModuleManager: Shutting down and abandoning module WindowsMoviePlayer (91)
[2017.01.15-22.00.05:624][778]LogModuleManager: Shutting down and abandoning module Media (90)
[2017.01.15-22.00.05:624][778]LogModuleManager: Shutting down and abandoning module WmfMedia (89)
[2017.01.15-22.00.05:624][778]LogModuleManager: Shutting down and abandoning module MediaAssets (88)
[2017.01.15-22.00.05:624][778]LogModuleManager: Shutting down and abandoning module GameLiveStreaming (87)
[2017.01.15-22.00.05:624][778]LogModuleManager: Shutting down and abandoning module GameplayTagsEditor (86)
[2017.01.15-22.00.05:624][778]LogModuleManager: Shutting down and abandoning module OnlineBlueprintSupport (85)
[2017.01.15-22.00.05:624][778]LogModuleManager: Shutting down and abandoning module VREditor (84)
[2017.01.15-22.00.05:624][778]LogModuleManager: Shutting down and abandoning module GameplayTasksEditor (83)
[2017.01.15-22.00.05:624][778]LogModuleManager: Shutting down and abandoning module PropertyEditor (82)
[2017.01.15-22.00.05:624][778]LogModuleManager: Shutting down and abandoning module BehaviorTreeEditor (81)
[2017.01.15-22.00.05:624][778]LogModuleManager: Shutting down and abandoning module FunctionalTesting (80)
[2017.01.15-22.00.05:624][778]LogModuleManager: Shutting down and abandoning module CollisionAnalyzer (79)
[2017.01.15-22.00.05:624][778]LogModuleManager: Shutting down and abandoning module Sequencer (78)
[2017.01.15-22.00.05:625][778]LogModuleManager: Shutting down and abandoning module WorkspaceMenuStructure (77)
[2017.01.15-22.00.05:625][778]LogModuleManager: Shutting down and abandoning module MessageLog (76)
[2017.01.15-22.00.05:625][778]LogModuleManager: Shutting down and abandoning module AssetTools (75)
[2017.01.15-22.00.05:625][778]LogModuleManager: Shutting down and abandoning module UMGEditor (74)
[2017.01.15-22.00.05:625][778]LogModuleManager: Shutting down and abandoning module UMG (73)
[2017.01.15-22.00.05:625][778]LogModuleManager: Shutting down and abandoning module SlateReflector (72)
[2017.01.15-22.00.05:625][778]LogModuleManager: Shutting down and abandoning module Slate (71)
[2017.01.15-22.00.05:625][778]LogModuleManager: Shutting down and abandoning module EditorStyle (70)
[2017.01.15-22.00.05:627][778]LogModuleManager: Shutting down and abandoning module SourceCodeAccess (69)
[2017.01.15-22.00.05:627][778]LogModuleManager: Shutting down and abandoning module HeadMountedDisplay (68)
[2017.01.15-22.00.05:627][778]LogModuleManager: Shutting down and abandoning module XAudio2 (67)
[2017.01.15-22.00.05:627][778]LogModuleManager: Shutting down and abandoning module Networking (65)
[2017.01.15-22.00.05:627][778]LogModuleManager: Shutting down and abandoning module Core (64)
[2017.01.15-22.00.05:627][778]LogModuleManager: Shutting down and abandoning module DirectoryWatcher (63)
[2017.01.15-22.00.05:628][778]LogModuleManager: Shutting down and abandoning module AssetRegistry (62)
[2017.01.15-22.00.05:811][778]LogModuleManager: Shutting down and abandoning module KismetCompiler (61)
[2017.01.15-22.00.05:812][778]LogModuleManager: Shutting down and abandoning module PhysXFormats (60)
[2017.01.15-22.00.05:812][778]LogModuleManager: Shutting down and abandoning module MeshUtilities (59)
[2017.01.15-22.00.05:812][778]LogModuleManager: Shutting down and abandoning module DerivedDataCache (58)
[2017.01.15-22.00.05:841][778]LogDerivedDataCache: Shutdown
[2017.01.15-22.00.05:841][778]LogModuleManager: Shutting down and abandoning module VulkanShaderFormat (57)
[2017.01.15-22.00.05:841][778]LogModuleManager: Shutting down and abandoning module ShaderFormatOpenGL (56)
[2017.01.15-22.00.05:841][778]LogModuleManager: Shutting down and abandoning module ShaderFormatD3D (55)
[2017.01.15-22.00.05:841][778]LogModuleManager: Shutting down and abandoning module MetalShaderFormat (54)
[2017.01.15-22.00.05:841][778]LogModuleManager: Shutting down and abandoning module TextureFormatUncompressed (53)
[2017.01.15-22.00.05:841][778]LogModuleManager: Shutting down and abandoning module TextureFormatPVR (52)
[2017.01.15-22.00.05:841][778]LogModuleManager: Shutting down and abandoning module TextureFormatIntelISPCTexComp (51)
[2017.01.15-22.00.05:841][778]LogModuleManager: Shutting down and abandoning module TextureFormatDXT (50)
[2017.01.15-22.00.05:841][778]LogModuleManager: Shutting down and abandoning module ImageWrapper (49)
[2017.01.15-22.00.05:841][778]LogModuleManager: Shutting down and abandoning module TextureFormatASTC (48)
[2017.01.15-22.00.05:841][778]LogModuleManager: Shutting down and abandoning module TextureFormatAndroid (47)
[2017.01.15-22.00.05:841][778]LogModuleManager: Shutting down and abandoning module AudioFormatOpus (46)
[2017.01.15-22.00.05:841][778]LogModuleManager: Shutting down and abandoning module AudioFormatOgg (45)
[2017.01.15-22.00.05:841][778]LogModuleManager: Shutting down and abandoning module AudioFormatADPCM (44)
[2017.01.15-22.00.05:841][778]LogModuleManager: Shutting down and abandoning module LinuxTargetPlatform (43)
[2017.01.15-22.00.05:841][778]LogModuleManager: Shutting down and abandoning module LinuxServerTargetPlatform (42)
[2017.01.15-22.00.05:841][778]LogModuleManager: Shutting down and abandoning module LinuxNoEditorTargetPlatform (41)
[2017.01.15-22.00.05:841][778]LogModuleManager: Shutting down and abandoning module TVOSTargetPlatform (40)
[2017.01.15-22.00.05:841][778]LogModuleManager: Shutting down and abandoning module Messaging (39)
[2017.01.15-22.00.05:841][778]LogModuleManager: Shutting down and abandoning module IOSTargetPlatform (38)
[2017.01.15-22.00.05:841][778]LogModuleManager: Shutting down and abandoning module HTML5TargetPlatform (37)
[2017.01.15-22.00.05:841][778]LogModuleManager: Shutting down and abandoning module Android_PVRTCTargetPlatform (36)
[2017.01.15-22.00.05:841][778]LogModuleManager: Shutting down and abandoning module Android_MultiTargetPlatform (35)
[2017.01.15-22.00.05:841][778]LogModuleManager: Shutting down and abandoning module Android_ETC2TargetPlatform (34)
[2017.01.15-22.00.05:841][778]LogModuleManager: Shutting down and abandoning module Android_ETC1TargetPlatform (33)
[2017.01.15-22.00.05:841][778]LogModuleManager: Shutting down and abandoning module Android_DXTTargetPlatform (32)
[2017.01.15-22.00.05:841][778]LogModuleManager: Shutting down and abandoning module Android_ATCTargetPlatform (31)
[2017.01.15-22.00.05:841][778]LogModuleManager: Shutting down and abandoning module Android_ASTCTargetPlatform (30)
[2017.01.15-22.00.05:841][778]LogModuleManager: Shutting down and abandoning module AndroidTargetPlatform (29)
[2017.01.15-22.00.05:841][778]LogModuleManager: Shutting down and abandoning module WindowsTargetPlatform (28)
[2017.01.15-22.00.05:841][778]LogModuleManager: Shutting down and abandoning module WindowsServerTargetPlatform (27)
[2017.01.15-22.00.05:841][778]LogModuleManager: Shutting down and abandoning module WindowsNoEditorTargetPlatform (26)
[2017.01.15-22.00.05:841][778]LogModuleManager: Shutting down and abandoning module WindowsClientTargetPlatform (25)
[2017.01.15-22.00.05:841][778]LogModuleManager: Shutting down and abandoning module AllDesktopTargetPlatform (24)
[2017.01.15-22.00.05:841][778]LogModuleManager: Shutting down and abandoning module TargetPlatform (23)
[2017.01.15-22.00.05:841][778]LogModuleManager: Shutting down and abandoning module InputCore (22)
[2017.01.15-22.00.05:841][778]LogModuleManager: Shutting down and abandoning module Settings (21)
[2017.01.15-22.00.05:841][778]LogModuleManager: Shutting down and abandoning module OnlineSubsystem (19)
[2017.01.15-22.00.05:841][778]LogModuleManager: Shutting down and abandoning module HTTP (18)
[2017.01.15-22.00.10:351][778]LogModuleManager: Shutting down and abandoning module XMPP (17)
[2017.01.15-22.00.10:351][778]LogModuleManager: Shutting down and abandoning module OculusRift (16)
[2017.01.15-22.00.10:351][778]LogModuleManager: Shutting down and abandoning module ExampleDeviceProfileSelector (15)
[2017.01.15-22.00.10:351][778]LogModuleManager: Shutting down and abandoning module TextureCompressor (14)
[2017.01.15-22.00.10:351][778]LogModuleManager: Shutting down and abandoning module ShaderCore (13)
[2017.01.15-22.00.10:351][778]LogModuleManager: Shutting down and abandoning module Landscape (12)
[2017.01.15-22.00.10:351][778]LogModuleManager: Shutting down and abandoning module SlateRHIRenderer (11)
[2017.01.15-22.00.10:353][778]LogModuleManager: Shutting down and abandoning module OpenGLDrv (10)
[2017.01.15-22.00.10:353][778]LogModuleManager: Shutting down and abandoning module D3D11RHI (9)
[2017.01.15-22.00.10:353][778]LogModuleManager: Shutting down and abandoning module AnimGraphRuntime (8)
[2017.01.15-22.00.10:353][778]LogModuleManager: Shutting down and abandoning module Renderer (7)
[2017.01.15-22.00.10:353][778]LogModuleManager: Shutting down and abandoning module Engine (6)
[2017.01.15-22.00.10:353][778]LogModuleManager: Shutting down and abandoning module CoreUObject (5)
[2017.01.15-22.00.10:353][778]LogModuleManager: Shutting down and abandoning module NetworkFile (4)
[2017.01.15-22.00.10:353][778]LogModuleManager: Shutting down and abandoning module StreamingFile (3)
[2017.01.15-22.00.10:353][778]LogModuleManager: Shutting down and abandoning module SandboxFile (2)
[2017.01.15-22.00.10:353][778]LogModuleManager: Shutting down and abandoning module PakFile (1)
[2017.01.15-22.00.10:355][778]LogExit: Exiting.
[2017.01.15-22.00.10:356][778]Log file closed, 01/15/17 23:00:10
