Log file open, 01/31/17 10:56:24
LogInit:Display: Running engine for game: Project_Nomand
LogPlatformFile: Not using cached read wrapper
LogInit:Display: RandInit(1572293851) SRandInit(1572293861).
LogTaskGraph: Started task graph with 4 named threads and 9 total threads with 1 sets of task threads.
LogStats: Stats thread started at 1.199669
LogInit: Version: 4.12.5-3039270+++UE4+Release-4.12
LogInit: API Version: 2992821
LogInit: Net Version: 3039270
LogDevObjectVersion: Number of dev versions registered: 13
LogDevObjectVersion:   Dev-Blueprints (B0D832E4-1F89-4F0D-ACCF-7EB736FD4AA2): 3
LogDevObjectVersion:   Dev-Build (E1C64328-A22C-4D53-A36C-8E866417BD8C): 0
LogDevObjectVersion:   Dev-Core (375EC13C-06E4-48FB-B500-84F0262A717E): 1
LogDevObjectVersion:   Dev-Editor (E4B068ED-F494-42E9-A231-DA0B2E46BB41): 2
LogDevObjectVersion:   Dev-Framework (CFFC743F-43B0-4480-9391-14DF171D2073): 6
LogDevObjectVersion:   Dev-Mobile (B02B49B5-BB20-44E9-A304-32B752E40360): 0
LogDevObjectVersion:   Dev-Networking (A4E4105C-59A1-49B5-A7C5-40C4547EDFEE): 0
LogDevObjectVersion:   Dev-Online (39C831C9-5AE6-47DC-9A44-9C173E1C8E7C): 0
LogDevObjectVersion:   Dev-Physics (78F01B33-EBEA-4F98-B9B4-84EACCB95AA2): 0
LogDevObjectVersion:   Dev-Platform (6631380F-2D4D-43E0-8009-CF276956A95A): 0
LogDevObjectVersion:   Dev-Rendering (12F88B9F-8875-4AFC-A67C-D90C383ABD29): 2
LogDevObjectVersion:   Dev-Sequencer (7B5AE74C-D270-4C10-A958-57980B212A5A): 0
LogDevObjectVersion:   Dev-VR (D7296918-1DD6-4BDD-9DE2-64A83CC13884): 0
LogInit: Compiled (64-bit): Jul  6 2016 09:09:46
LogInit: Compiled with Visual C++: 19.00.23026.00
LogInit: Build Configuration: Development
LogInit: Branch Name: ++UE4+Release-4.12
LogInit: Command line:  
LogInit: Base directory: D:/Program Files (x86)/Epic Games/4.12/Engine/Binaries/Win64/
LogInit: Installed Engine Build: 1
LogInit: Using libcurl 7.41.0
LogInit:  - built for x86_64-pc-win32
LogInit:  - supports SSL with WinSSL
LogInit:  - other features:
LogInit:      CURL_VERSION_SSL
LogInit:      CURL_VERSION_IPV6
LogInit:      CURL_VERSION_ASYNCHDNS
LogInit:      CURL_VERSION_LARGEFILE
LogInit:      CURL_VERSION_IDN
LogInit:  CurlRequestOptions (configurable via config and command line):
LogInit:  - bVerifyPeer = true  - Libcurl will verify peer certificate
LogInit:  - bUseHttpProxy = false  - Libcurl will NOT use HTTP proxy
LogInit:  - bDontReuseConnections = false  - Libcurl will reuse connections
LogInit:  - CertBundlePath = nullptr  - Libcurl will use whatever was configured at build time.
LogInit: Presizing for max 8388607 objects, including 0 objects not considered by GC, pre-allocating 0 bytes for permanent pool.
LogInit: Object subsystem initialized
[2017.01.31-09.56.25:736][  0]LogInit: Selected Device Profile: [Windows]
[2017.01.31-09.56.25:736][  0]LogInit: Applying CVar settings loaded from the selected device profile: [Windows]
[2017.01.31-09.56.25:822][  0]LogInit: Computer: NOX-PC
[2017.01.31-09.56.25:823][  0]LogInit: User: Nox
[2017.01.31-09.56.25:823][  0]LogInit: CPU Page size=65536, Cores=6
[2017.01.31-09.56.25:823][  0]LogInit: High frequency timer resolution =3.233417 MHz
[2017.01.31-09.56.25:825][  0]LogMemory: Memory total: Physical=8.0GB (8GB approx)
[2017.01.31-09.56.25:825][  0]LogMemory: Platform Memory Stats for Windows
[2017.01.31-09.56.25:825][  0]LogMemory: Process Physical Memory: 192.94 MB used, 192.94 MB peak
[2017.01.31-09.56.25:825][  0]LogMemory: Process Virtual Memory: 196.56 MB used, 196.56 MB peak
[2017.01.31-09.56.25:825][  0]LogMemory: Physical Memory: 5387.30 MB used, 8190.18 MB total
[2017.01.31-09.56.25:825][  0]LogMemory: Virtual Memory: 523.09 MB used, 8388608.00 MB total
[2017.01.31-09.56.26:557][  0]LogTextLocalizationManager: No translations for ('de-DE') exist, falling back to 'en' for localization and internationalization data.
[2017.01.31-09.56.27:662][  0]LogD3D11RHI: D3D11 adapters:
[2017.01.31-09.56.27:819][  0]LogD3D11RHI:    0. 'NVIDIA GeForce GTX 650 Ti' (Feature Level 11_0)
[2017.01.31-09.56.27:819][  0]LogD3D11RHI:       1989/0/3839 MB DedicatedVideo/DedicatedSystem/SharedSystem, Outputs:2, VendorId:0x10de
[2017.01.31-09.56.27:819][  0]LogD3D11RHI: Chosen D3D11 Adapter: 0
[2017.01.31-09.56.27:839][  0]LogD3D11RHI: Creating new Direct3DDevice
[2017.01.31-09.56.27:839][  0]LogD3D11RHI:     GPU DeviceId: 0x11c6 (for the marketing name, search the web for "GPU Device Id")
[2017.01.31-09.56.27:839][  0]LogWindows: EnumDisplayDevices:
[2017.01.31-09.56.27:840][  0]LogWindows:    0. 'NVIDIA GeForce GTX 650 Ti' (P:1 D:1)
[2017.01.31-09.56.27:840][  0]LogWindows:    1. 'NVIDIA GeForce GTX 650 Ti' (P:0 D:1)
[2017.01.31-09.56.27:840][  0]LogWindows:    2. 'NVIDIA GeForce GTX 650 Ti' (P:0 D:0)
[2017.01.31-09.56.27:840][  0]LogWindows:    3. 'NVIDIA GeForce GTX 650 Ti' (P:0 D:0)
[2017.01.31-09.56.27:840][  0]LogWindows:    4. 'RDPDD Chained DD' (P:0 D:0)
[2017.01.31-09.56.27:840][  0]LogWindows:    5. 'RDP Encoder Mirror Driver' (P:0 D:0)
[2017.01.31-09.56.27:841][  0]LogWindows:    6. 'RDP Reflector Display Driver' (P:0 D:0)
[2017.01.31-09.56.27:841][  0]LogWindows: DebugString: GetVideoDriverDetailsInvalid PrimaryIsNotTheChoosenAdapter GetVideoDriverDetailsInvalid PrimaryIsNotTheChoosenAdapter GetVideoDriverDetailsInvalid PrimaryIsNotTheChoosenAdapter FoundDriverCount:4 
[2017.01.31-09.56.27:841][  0]LogD3D11RHI:     Adapter Name: NVIDIA GeForce GTX 650 Ti
[2017.01.31-09.56.27:841][  0]LogD3D11RHI:   Driver Version: 372.54 (internal:21.21.13.7254, unified:372.54)
[2017.01.31-09.56.27:841][  0]LogD3D11RHI:      Driver Date: 8-11-2016
[2017.01.31-09.56.27:841][  0]LogRHI: Texture pool is 1361 MB (70% of 1945 MB)
[2017.01.31-09.56.27:864][  0]LogD3D11RHI: Async texture creation enabled
[2017.01.31-09.56.28:294][  0]LogD3D11RHI: GPU Timing Frequency: 1000.000000 (Debug: 2 2)
[2017.01.31-09.56.28:354][  0]LogShaderCompilers: Guid format shader working directory is -23 characters bigger than the processId version (C:/Users/Nox/Documents/Unreal Projects/project_nomad/Project_Nomand/Intermediate/Shaders/WorkingDirectory/2592/).
[2017.01.31-09.56.28:355][  0]LogShaderCompilers: Cleaned the shader compiler working directory 'C:/Users/Nox/AppData/Local/Temp/UnrealShaderWorkingDir/8A434E1C445011C00F38AB95498BA462/'.
[2017.01.31-09.56.28:367][  0]LogShaderCompilers:Display: Using Local Shader Compiler.
[2017.01.31-09.56.38:546][  0]LogTemp:Display: Loaded TP AllDesktopTargetPlatform
[2017.01.31-09.56.38:559][  0]LogTemp:Display: Loaded TP WindowsClientTargetPlatform
[2017.01.31-09.56.38:572][  0]LogTemp:Display: Loaded TP WindowsNoEditorTargetPlatform
[2017.01.31-09.56.38:585][  0]LogTemp:Display: Loaded TP WindowsServerTargetPlatform
[2017.01.31-09.56.38:599][  0]LogTemp:Display: Loaded TP WindowsTargetPlatform
[2017.01.31-09.56.38:625][  0]LogTemp:Display: Loaded TP AndroidTargetPlatform
[2017.01.31-09.56.38:638][  0]LogTemp:Display: Loaded TP Android_ASTCTargetPlatform
[2017.01.31-09.56.38:650][  0]LogTemp:Display: Loaded TP Android_ATCTargetPlatform
[2017.01.31-09.56.38:662][  0]LogTemp:Display: Loaded TP Android_DXTTargetPlatform
[2017.01.31-09.56.38:675][  0]LogTemp:Display: Loaded TP Android_ETC1TargetPlatform
[2017.01.31-09.56.38:688][  0]LogTemp:Display: Loaded TP Android_ETC2TargetPlatform
[2017.01.31-09.56.38:715][  0]LogTemp:Display: Loaded TP Android_MultiTargetPlatform
[2017.01.31-09.56.38:715][  0]LogTemp:Display: Loaded TP Android_PVRTCTargetPlatform
[2017.01.31-09.56.38:717][  0]LogTemp:Display: Loaded TP HTML5TargetPlatform
[2017.01.31-09.56.38:786][  0]LogTemp:Display: Loaded TP IOSTargetPlatform
[2017.01.31-09.56.38:797][  0]LogTemp:Display: Loaded TP TVOSTargetPlatform
[2017.01.31-09.56.38:809][  0]LogTemp:Display: Loaded TP LinuxNoEditorTargetPlatform
[2017.01.31-09.56.38:820][  0]LogTemp:Display: Loaded TP LinuxServerTargetPlatform
[2017.01.31-09.56.38:840][  0]LogTemp:Display: Loaded TP LinuxTargetPlatform
[2017.01.31-09.56.38:840][  0]LogTargetPlatformManager:Display: Building Assets For Windows
[2017.01.31-09.56.39:527][  0]LogDerivedDataCache:Display: Max Cache Size: 512 MB
[2017.01.31-09.56.40:121][  0]LogDerivedDataCache: Loaded boot cache 0.58s 48MB C:/Users/Nox/AppData/Local/UnrealEngine/4.12/DerivedDataCache/Boot.ddc.
[2017.01.31-09.56.40:121][  0]LogDerivedDataCache:Display: Loaded Boot cache: C:/Users/Nox/AppData/Local/UnrealEngine/4.12/DerivedDataCache/Boot.ddc
[2017.01.31-09.56.40:121][  0]LogDerivedDataCache: FDerivedDataBackendGraph:  Pak pak cache file C:/Users/Nox/Documents/Unreal Projects/project_nomad/Project_Nomand/DerivedDataCache/DDC.ddp not found, will not use a pak cache.
[2017.01.31-09.56.40:121][  0]LogDerivedDataCache: Unable to find inner node Pak for hierarchical cache Hierarchy.
[2017.01.31-09.56.40:121][  0]LogDerivedDataCache: FDerivedDataBackendGraph:  CompressedPak pak cache file C:/Users/Nox/Documents/Unreal Projects/project_nomad/Project_Nomand/DerivedDataCache/Compressed.ddp not found, will not use a pak cache.
[2017.01.31-09.56.40:121][  0]LogDerivedDataCache: Unable to find inner node CompressedPak for hierarchical cache Hierarchy.
[2017.01.31-09.56.40:169][  0]LogDerivedDataCache:Display: Pak cache opened for reading ../../../Engine/DerivedDataCache/Compressed.ddp.
[2017.01.31-09.56.40:195][  0]LogDerivedDataCache: Using Local data cache path C:/Users/Nox/AppData/Local/UnrealEngine/Common/DerivedDataCache: Writable
[2017.01.31-09.56.47:033][  0]LogInit: Selected Device Profile: [Windows]
[2017.01.31-09.56.47:137][  0]LogContentStreaming: Texture pool size is 0.00 MB
[2017.01.31-09.56.50:242][  0]LogMeshUtilities: No automatic mesh reduction module available
[2017.01.31-09.56.50:242][  0]LogMeshUtilities: No automatic mesh merging module available
[2017.01.31-09.56.50:242][  0]LogMeshUtilities: No distributed automatic mesh merging module available
[2017.01.31-09.56.54:396][  0]LogAssetRegistry: FAssetRegistry took 0.0231 seconds to start up
[2017.01.31-09.56.54:524][  0]LogFileManager:Warning: MoveFile was unable to move 'C:/Users/Nox/Documents/Unreal Projects/project_nomad/Project_Nomand/Intermediate/AssetRegistryCache/866581fd.bin.tmp' to 'C:/Users/Nox/Documents/Unreal Projects/project_nomad/Project_Nomand/Intermediate/AssetRegistryCache/866581fd.bin', retrying in .5s...
[2017.01.31-09.56.55:024][  0]LogFileManager:Warning: MoveFile was unable to move 'C:/Users/Nox/Documents/Unreal Projects/project_nomad/Project_Nomand/Intermediate/AssetRegistryCache/866581fd.bin.tmp' to 'C:/Users/Nox/Documents/Unreal Projects/project_nomad/Project_Nomand/Intermediate/AssetRegistryCache/866581fd.bin', retrying in .5s...
[2017.01.31-09.56.55:524][  0]LogFileManager:Warning: MoveFile was unable to move 'C:/Users/Nox/Documents/Unreal Projects/project_nomad/Project_Nomand/Intermediate/AssetRegistryCache/866581fd.bin.tmp' to 'C:/Users/Nox/Documents/Unreal Projects/project_nomad/Project_Nomand/Intermediate/AssetRegistryCache/866581fd.bin', retrying in .5s...
[2017.01.31-09.56.56:024][  0]LogFileManager:Warning: MoveFile was unable to move 'C:/Users/Nox/Documents/Unreal Projects/project_nomad/Project_Nomand/Intermediate/AssetRegistryCache/866581fd.bin.tmp' to 'C:/Users/Nox/Documents/Unreal Projects/project_nomad/Project_Nomand/Intermediate/AssetRegistryCache/866581fd.bin', retrying in .5s...
[2017.01.31-09.56.56:525][  0]LogFileManager:Warning: MoveFile was unable to move 'C:/Users/Nox/Documents/Unreal Projects/project_nomad/Project_Nomand/Intermediate/AssetRegistryCache/866581fd.bin.tmp' to 'C:/Users/Nox/Documents/Unreal Projects/project_nomad/Project_Nomand/Intermediate/AssetRegistryCache/866581fd.bin', retrying in .5s...
[2017.01.31-09.56.57:025][  0]LogFileManager:Warning: MoveFile was unable to move 'C:/Users/Nox/Documents/Unreal Projects/project_nomad/Project_Nomand/Intermediate/AssetRegistryCache/866581fd.bin.tmp' to 'C:/Users/Nox/Documents/Unreal Projects/project_nomad/Project_Nomand/Intermediate/AssetRegistryCache/866581fd.bin', retrying in .5s...
[2017.01.31-09.56.57:525][  0]LogFileManager:Warning: MoveFile was unable to move 'C:/Users/Nox/Documents/Unreal Projects/project_nomad/Project_Nomand/Intermediate/AssetRegistryCache/866581fd.bin.tmp' to 'C:/Users/Nox/Documents/Unreal Projects/project_nomad/Project_Nomand/Intermediate/AssetRegistryCache/866581fd.bin', retrying in .5s...
[2017.01.31-09.56.58:025][  0]LogFileManager:Warning: MoveFile was unable to move 'C:/Users/Nox/Documents/Unreal Projects/project_nomad/Project_Nomand/Intermediate/AssetRegistryCache/866581fd.bin.tmp' to 'C:/Users/Nox/Documents/Unreal Projects/project_nomad/Project_Nomand/Intermediate/AssetRegistryCache/866581fd.bin', retrying in .5s...
[2017.01.31-09.56.58:525][  0]LogFileManager:Warning: MoveFile was unable to move 'C:/Users/Nox/Documents/Unreal Projects/project_nomad/Project_Nomand/Intermediate/AssetRegistryCache/866581fd.bin.tmp' to 'C:/Users/Nox/Documents/Unreal Projects/project_nomad/Project_Nomand/Intermediate/AssetRegistryCache/866581fd.bin', retrying in .5s...
[2017.01.31-09.56.59:025][  0]LogFileManager:Warning: MoveFile was unable to move 'C:/Users/Nox/Documents/Unreal Projects/project_nomad/Project_Nomand/Intermediate/AssetRegistryCache/866581fd.bin.tmp' to 'C:/Users/Nox/Documents/Unreal Projects/project_nomad/Project_Nomand/Intermediate/AssetRegistryCache/866581fd.bin', retrying in .5s...
[2017.01.31-09.56.59:525][  0]LogFileManager:Error: Error moving file 'C:/Users/Nox/Documents/Unreal Projects/project_nomad/Project_Nomand/Intermediate/AssetRegistryCache/866581fd.bin.tmp' to 'C:/Users/Nox/Documents/Unreal Projects/project_nomad/Project_Nomand/Intermediate/AssetRegistryCache/866581fd.bin'.
[2017.01.31-09.56.59:534][  0]LogPackageLocalizationCache: Processed 3 localized package path(s) for 1 prioritized culture(s) in 5.020686 seconds
[2017.01.31-09.56.59:547][  0]LogUObjectArray: 28739 objects as part of root set at end of initial load.
[2017.01.31-09.56.59:547][  0]LogUObjectAllocator: 5855624 out of 0 bytes used by permanent object pool.
[2017.01.31-09.56.59:547][  0]LogUObjectArray: CloseDisregardForGC: 0/0 objects in disregard for GC pool
[2017.01.31-09.56.59:559][  0]LogInit: WinSock: version 1.1 (2.2), MaxSocks=32767, MaxUdp=65467
[2017.01.31-09.57.05:033][  0]LogSlate: SlateFontCache - WITH_FREETYPE: 1, WITH_HARFBUZZ: 1
[2017.01.31-09.57.05:033][  0]LogSlate: SlateFontCache - WITH_FREETYPE: 1, WITH_HARFBUZZ: 1
[2017.01.31-09.57.20:013][  0]LogUdpMessaging: Initializing bridge on interface 0.0.0.0:0 to multicast group 230.0.0.1:6666.
[2017.01.31-09.57.22:000][  0]SourceControl: Info Source control is disabled
[2017.01.31-09.57.23:563][  0]LogEngine: Initializing Engine...
[2017.01.31-09.57.23:615][  0]LogHMD: SteamVR failed to initialize.  Err: 110
[2017.01.31-09.57.23:616][  0]LogHMD: SteamVR failed to initialize.  Err: 110
[2017.01.31-09.57.24:535][  0]LogAIModule: Creating AISystem for world NewWorld
[2017.01.31-09.57.24:849][  0]LogInit: XAudio2 using 'Lautsprecher (VIA High Definition Audio)' : 2 channels at 48 kHz using 32 bits per sample (channel mask 0x3)
[2017.01.31-09.57.24:934][  0]LogInit: FAudioDevice initialized.
[2017.01.31-09.57.24:984][  0]LogDerivedDataCache: Saved boot cache 0.05s 48MB C:/Users/Nox/AppData/Local/UnrealEngine/4.12/DerivedDataCache/Boot.ddc.
[2017.01.31-09.57.24:999][  0]LogInit: Texture streaming: Enabled
[2017.01.31-09.57.25:183][  0]LogInit: Transaction tracking system initialized
[2017.01.31-09.57.25:539][  0]BlueprintLog: New page: Editor Load
[2017.01.31-09.57.26:748][  0]LocalizationService: Info Localization service is disabled
[2017.01.31-09.57.27:391][  0]LogConsoleResponse:Display: 
[2017.01.31-09.57.29:972][  0]LogCook:Display: Max memory allowance for cook 8192mb
[2017.01.31-09.57.29:972][  0]LogCook:Display: Mobile HDR setting 1
[2017.01.31-09.57.30:016][  0]LogFileCache: Scanning file cache for directory 'C:/Users/Nox/Documents/Unreal Projects/project_nomad/Project_Nomand/Content/' took 0.06s
[2017.01.31-09.57.31:427][  0]Cmd: MAP LOAD FILE="C:/Users/Nox/Documents/Unreal Projects/project_nomad/Project_Nomand/Content/Map/Map.umap" TEMPLATE=0 SHOWPROGRESS=1 FEATURELEVEL=3
[2017.01.31-09.57.31:461][  0]LightingResults: New page: Lighting Build
[2017.01.31-09.57.31:599][  0]MapCheck: New page: Map Check
[2017.01.31-09.57.31:599][  0]LightingResults: New page: Lighting Build
[2017.01.31-09.57.36:255][  0]LogAssetRegistry:Error: Failed to open file for write C:/Users/Nox/Documents/Unreal Projects/project_nomad/Project_Nomand/Intermediate/CachedAssetRegistry.bin
[2017.01.31-09.57.45:092][  0]LogTexture:Display: Building textures: T_Creature_Spider02a_M (AutoDXT)
[2017.01.31-09.57.47:606][  0]LogTexture:Display: Building textures: HQ_Lightmap0_13 (AutoDXT)
[2017.01.31-09.57.47:608][  0]LogTexture:Display: Building textures: LQ_Lightmap_0_13 (DXT1)
[2017.01.31-09.57.49:938][  0]LogTexture:Display: Building textures: goblin_normal (BC5)
[2017.01.31-09.57.50:916][  0]LogTexture:Display: Building textures: goblin_mask (AutoDXT)
[2017.01.31-09.57.53:691][  0]LogTexture:Display: Building textures: goblin_diffuse (AutoDXT)
[2017.01.31-09.57.57:797][  0]LogMaterial: Missing cached shader map for material Goblin_mat, compiling. 
[2017.01.31-09.57.57:866][  0]LogAnimationCompression: Building Anim DDC data for AnimSequence /Game/NPC/MixamoAnimPack/Mixamo_Goblin/Anims/Mixamo_Goblin_Walk.Mixamo_Goblin_Walk
[2017.01.31-09.57.57:989][  0]LogAnimationCompression: Building Anim DDC data for AnimSequence /Game/NPC/MixamoAnimPack/Mixamo_Goblin/Anims/Mixamo_Goblin_idle.Mixamo_Goblin_idle
[2017.01.31-09.57.58:657][  0]LogTexture:Display: Building textures: T_Creature_Spider02a_D (AutoDXT)
[2017.01.31-09.57.59:467][  0]LogTexture:Display: Building textures: T_Creature_Spider02_N (AutoDXT)
[2017.01.31-09.58.05:616][  0]LogMaterial: Missing cached shader map for material CharM_Creature_Spider, compiling. 
[2017.01.31-09.58.07:559][  0]LogAIModule: Creating AISystem for world Map
[2017.01.31-09.58.11:459][  0]LogEditorServer: Finished looking for orphan Actors (0.000 secs)
[2017.01.31-09.58.11:540][  0]Cmd: MAP CHECKDEP NOCLEARLOG
[2017.01.31-09.58.11:727][  0]MapCheck: Info Map check complete: 0 Error(s), 0 Warning(s), took 186.357ms to complete.
[2017.01.31-09.58.11:727][  0]LogFileHelpers: Loading map 'Map' took 40.325
[2017.01.31-09.58.13:658][  0]LogCollectionManager: Loaded 0 collections in 0.002210 seconds
[2017.01.31-09.58.13:842][  0]LogFileCache: Scanning file cache for directory 'C:/Users/Nox/Documents/Unreal Projects/project_nomad/Project_Nomand/Saved/Collections/' took 0.01s
[2017.01.31-09.58.13:842][  0]LogFileCache: Scanning file cache for directory 'C:/Users/Nox/Documents/Unreal Projects/project_nomad/Project_Nomand/Content/Developers/Nox/Collections/' took 0.01s
[2017.01.31-09.58.13:842][  0]LogFileCache: Scanning file cache for directory 'C:/Users/Nox/Documents/Unreal Projects/project_nomad/Project_Nomand/Content/Collections/' took 0.03s
[2017.01.31-09.58.13:842][  0]LogCollectionManager: Rebuilt the GUID cache for 0 collections in 0.000003 seconds
[2017.01.31-09.58.13:859][  0]LogContentBrowser: Native class hierarchy populated in 0.0148 seconds. Added 2047 classes and 369 folders.
[2017.01.31-09.58.13:905][  0]LogStats: UGameplayTagsManager::ConstructGameplayTagTree: Construct from data asset -  0.000 s
[2017.01.31-09.58.13:906][  0]LogStats: UGameplayTagsManager::ConstructGameplayTagTree: GameplayTagTreeChangedEvent.Broadcast -  0.000 s
[2017.01.31-09.58.13:907][  0]LogContentBrowser: Native class hierarchy updated for 'GameplayTags' in 0.0008 seconds. Added 12 classes and 0 folders.
[2017.01.31-09.58.13:966][  0]LogContentBrowser: Native class hierarchy updated for 'WidgetCarousel' in 0.0006 seconds. Added 0 classes and 0 folders.
[2017.01.31-09.58.14:647][  0]LogContentBrowser: Native class hierarchy updated for 'AddContentDialog' in 0.0006 seconds. Added 0 classes and 0 folders.
[2017.01.31-09.58.14:726][  0]LogContentBrowser: Native class hierarchy updated for 'SceneOutliner' in 0.0009 seconds. Added 1 classes and 2 folders.
[2017.01.31-09.58.15:182][  0]LogCrashTracker: Crashtracker disabled due to settings.
[2017.01.31-09.58.15:827][  0]LogContentBrowser: Native class hierarchy updated for 'HierarchicalLODOutliner' in 0.0006 seconds. Added 1 classes and 2 folders.
[2017.01.31-09.58.15:828][  0]LogLoad: Full Startup: 115.79 seconds (BP compile: 2.05 seconds)
[2017.01.31-09.58.15:828][  0]LogExternalProfiler: No external profilers were discovered.  External profiling features will not be available.
[2017.01.31-09.58.16:176][  0]LogOcInput: OculusInput pre-init called
[2017.01.31-09.58.16:495][  0]LogContentStreaming: Texture pool size now 1000 MB
[2017.01.31-09.58.16:743][  0]LogRenderer: Reallocating scene render targets to support 512x512 (Frame:1).
[2017.01.31-09.58.17:936][  0]LogRenderer: Reallocating scene render targets to support 1684x856 (Frame:2).
[2017.01.31-09.58.19:233][  1]Cmd: UpdateLandscapeEditorData -warnings
[2017.01.31-09.58.21:372][  6]LogAssetRegistry: Asset discovery search completed in 86.9959 seconds
[2017.01.31-09.58.21:372][  6]LogCollectionManager: Rebuilt the object cache for 0 collections in 0.000001 seconds (found 0 objects)
[2017.01.31-09.58.21:372][  6]LogCollectionManager: Fixed up redirectors for 0 collections in 0.000032 seconds (updated 0 objects)
[2017.01.31-09.58.41:972][207]Cmd: QUIT_EDITOR
[2017.01.31-09.58.42:213][207]LogExit: Preparing to exit.
[2017.01.31-09.58.43:391][207]LogExit: Editor shut down
[2017.01.31-09.58.43:392][207]LogExit: Transaction tracking system shut down
[2017.01.31-09.58.44:068][207]LogObj: Freed 0b from 0 cluster array pools.
[2017.01.31-09.58.44:068][207]LogExit: Object subsystem successfully closed.
[2017.01.31-09.58.44:237][207]LogD3D11RHI: Shutdown
[2017.01.31-09.58.44:245][207]LogD3D11RHI: CleanupD3DDevice
[2017.01.31-09.58.44:329][207]LogD3D11RHI: ~FD3D11DynamicRHI
[2017.01.31-09.58.45:723][207]LogModuleManager: Shutting down and abandoning module HierarchicalLODOutliner (213)
[2017.01.31-09.58.45:730][207]LogModuleManager: Shutting down and abandoning module CrashTracker (212)
[2017.01.31-09.58.45:730][207]LogModuleManager: Shutting down and abandoning module SceneOutliner (211)
[2017.01.31-09.58.45:730][207]LogModuleManager: Shutting down and abandoning module WidgetCarousel (210)
[2017.01.31-09.58.45:730][207]LogModuleManager: Shutting down and abandoning module AddContentDialog (209)
[2017.01.31-09.58.45:749][207]LogModuleManager: Shutting down and abandoning module GameplayTags (208)
[2017.01.31-09.58.45:749][207]LogModuleManager: Shutting down and abandoning module EditorWidgets (207)
[2017.01.31-09.58.45:749][207]LogModuleManager: Shutting down and abandoning module CollectionManager (206)
[2017.01.31-09.58.45:750][207]LogModuleManager: Shutting down and abandoning module StatsViewer (205)
[2017.01.31-09.58.45:754][207]LogModuleManager: Shutting down and abandoning module FoliageEdit (204)
[2017.01.31-09.58.45:754][207]LogModuleManager: Shutting down and abandoning module LandscapeEditor (203)
[2017.01.31-09.58.45:763][207]LogModuleManager: Shutting down and abandoning module SceneDepthPickerMode (202)
[2017.01.31-09.58.45:763][207]LogModuleManager: Shutting down and abandoning module ActorPickerMode (201)
[2017.01.31-09.58.45:763][207]LogModuleManager: Shutting down and abandoning module GeometryMode (200)
[2017.01.31-09.58.45:763][207]LogModuleManager: Shutting down and abandoning module TextureAlignMode (199)
[2017.01.31-09.58.45:763][207]LogModuleManager: Shutting down and abandoning module BspMode (198)
[2017.01.31-09.58.45:763][207]LogModuleManager: Shutting down and abandoning module HardwareSurvey (197)
[2017.01.31-09.58.45:763][207]LogModuleManager: Shutting down and abandoning module SequenceRecorderSections (196)
[2017.01.31-09.58.45:763][207]LogModuleManager: Shutting down and abandoning module SequenceRecorder (195)
[2017.01.31-09.58.45:763][207]LogModuleManager: Shutting down and abandoning module AutomationWorker (194)
[2017.01.31-09.58.45:763][207]LogModuleManager: Shutting down and abandoning module MatineeToLevelSequence (193)
[2017.01.31-09.58.45:763][207]LogModuleManager: Shutting down and abandoning module PlacementMode (192)
[2017.01.31-09.58.45:774][207]LogModuleManager: Shutting down and abandoning module LevelSequenceEditor (191)
[2017.01.31-09.58.45:791][207]LogModuleManager: Shutting down and abandoning module CharacterAI (190)
[2017.01.31-09.58.45:791][207]LogModuleManager: Shutting down and abandoning module SmartSnapping (189)
[2017.01.31-09.58.45:791][207]LogModuleManager: Shutting down and abandoning module SessionServices (188)
[2017.01.31-09.58.45:791][207]LogModuleManager: Shutting down and abandoning module ViewportSnapping (187)
[2017.01.31-09.58.45:791][207]LogModuleManager: Shutting down and abandoning module LogVisualizer (186)
[2017.01.31-09.58.45:792][207]LogModuleManager: Shutting down and abandoning module GameProjectGeneration (185)
[2017.01.31-09.58.45:823][207]LogModuleManager: Shutting down and abandoning module IntroTutorials (184)
[2017.01.31-09.58.45:823][207]LogModuleManager: Shutting down and abandoning module EditorLiveStreaming (183)
[2017.01.31-09.58.45:823][207]LogModuleManager: Shutting down and abandoning module IOSPlatformEditor (182)
[2017.01.31-09.58.45:823][207]LogModuleManager: Shutting down and abandoning module HTML5PlatformEditor (181)
[2017.01.31-09.58.45:823][207]LogModuleManager: Shutting down and abandoning module AndroidDeviceDetection (180)
[2017.01.31-09.58.46:334][207]LogModuleManager: Shutting down and abandoning module AndroidPlatformEditor (179)
[2017.01.31-09.58.46:334][207]LogModuleManager: Shutting down and abandoning module IOSRuntimeSettings (178)
[2017.01.31-09.58.46:334][207]LogModuleManager: Shutting down and abandoning module AndroidRuntimeSettings (177)
[2017.01.31-09.58.46:334][207]LogModuleManager: Shutting down and abandoning module MergeActors (176)
[2017.01.31-09.58.46:344][207]LogModuleManager: Shutting down and abandoning module SizeMap (175)
[2017.01.31-09.58.46:345][207]LogModuleManager: Shutting down and abandoning module TreeMap (174)
[2017.01.31-09.58.46:345][207]LogModuleManager: Shutting down and abandoning module ReferenceViewer (173)
[2017.01.31-09.58.46:345][207]LogModuleManager: Shutting down and abandoning module LocalizationService (172)
[2017.01.31-09.58.46:345][207]LogModuleManager: Shutting down and abandoning module LocalizationDashboard (171)
[2017.01.31-09.58.46:358][207]LogModuleManager: Shutting down and abandoning module HardwareTargeting (170)
[2017.01.31-09.58.46:358][207]LogModuleManager: Shutting down and abandoning module DeviceProfileEditor (169)
[2017.01.31-09.58.46:371][207]LogModuleManager: Shutting down and abandoning module UndoHistory (168)
[2017.01.31-09.58.46:371][207]LogModuleManager: Shutting down and abandoning module UserFeedback (167)
[2017.01.31-09.58.46:371][207]LogModuleManager: Shutting down and abandoning module XmlParser (166)
[2017.01.31-09.58.46:371][207]LogModuleManager: Shutting down and abandoning module Blutility (165)
[2017.01.31-09.58.46:371][207]LogModuleManager: Shutting down and abandoning module ProjectTargetPlatformEditor (164)
[2017.01.31-09.58.46:371][207]LogModuleManager: Shutting down and abandoning module ProjectSettingsViewer (163)
[2017.01.31-09.58.46:371][207]LogModuleManager: Shutting down and abandoning module InputBindingEditor (162)
[2017.01.31-09.58.46:379][207]LogModuleManager: Shutting down and abandoning module EditorSettingsViewer (161)
[2017.01.31-09.58.46:379][207]LogModuleManager: Shutting down and abandoning module SettingsEditor (160)
[2017.01.31-09.58.46:390][207]LogModuleManager: Shutting down and abandoning module ProjectLauncher (159)
[2017.01.31-09.58.46:410][207]LogModuleManager: Shutting down and abandoning module SessionFrontend (158)
[2017.01.31-09.58.46:415][207]LogModuleManager: Shutting down and abandoning module ProfilerClient (157)
[2017.01.31-09.58.46:437][207]LogModuleManager: Shutting down and abandoning module TargetDeviceServices (156)
[2017.01.31-09.58.46:437][207]LogModuleManager: Shutting down and abandoning module DeviceManager (155)
[2017.01.31-09.58.46:490][207]LogModuleManager: Shutting down and abandoning module AutomationController (154)
[2017.01.31-09.58.46:505][207]LogModuleManager: Shutting down and abandoning module AutomationWindow (153)
[2017.01.31-09.58.46:523][207]LogModuleManager: Shutting down and abandoning module Layers (152)
[2017.01.31-09.58.46:542][207]LogModuleManager: Shutting down and abandoning module ComponentVisualizers (151)
[2017.01.31-09.58.46:542][207]LogModuleManager: Shutting down and abandoning module DetailCustomizations (150)
[2017.01.31-09.58.46:561][207]LogModuleManager: Shutting down and abandoning module PackagesDialog (149)
[2017.01.31-09.58.46:585][207]LogModuleManager: Shutting down and abandoning module Persona (148)
[2017.01.31-09.58.46:603][207]LogModuleManager: Shutting down and abandoning module Kismet (147)
[2017.01.31-09.58.46:603][207]LogModuleManager: Shutting down and abandoning module GraphEditor (146)
[2017.01.31-09.58.46:637][207]LogModuleManager: Shutting down and abandoning module ClassViewer (145)
[2017.01.31-09.58.46:650][207]LogModuleManager: Shutting down and abandoning module Toolbox (144)
[2017.01.31-09.58.46:650][207]LogModuleManager: Shutting down and abandoning module ModuleUI (143)
[2017.01.31-09.58.46:669][207]LogModuleManager: Shutting down and abandoning module MovieSceneTools (142)
[2017.01.31-09.58.46:681][207]LogModuleManager: Shutting down and abandoning module OutputLog (141)
[2017.01.31-09.58.46:681][207]LogModuleManager: Shutting down and abandoning module GammaUI (140)
[2017.01.31-09.58.46:690][207]LogModuleManager: Shutting down and abandoning module Documentation (139)
[2017.01.31-09.58.46:690][207]LogModuleManager: Shutting down and abandoning module StreamingPauseRendering (138)
[2017.01.31-09.58.46:690][207]LogModuleManager: Shutting down and abandoning module AnalyticsET (137)
[2017.01.31-09.58.46:690][207]LogModuleManager: Shutting down and abandoning module Analytics (136)
[2017.01.31-09.58.46:690][207]LogModuleManager: Shutting down and abandoning module PortalServices (135)
[2017.01.31-09.58.46:690][207]LogModuleManager: Shutting down and abandoning module PortalRpc (134)
[2017.01.31-09.58.46:690][207]LogModuleManager: Shutting down and abandoning module MessagingRpc (133)
[2017.01.31-09.58.46:690][207]LogModuleManager: Shutting down and abandoning module GameplayDebugger (132)
[2017.01.31-09.58.46:690][207]LogModuleManager: Shutting down and abandoning module AITestSuite (131)
[2017.01.31-09.58.46:690][207]LogModuleManager: Shutting down and abandoning module AIModule (130)
[2017.01.31-09.58.46:690][207]LogModuleManager: Shutting down and abandoning module ProfilerService (129)
[2017.01.31-09.58.46:870][207]LogModuleManager: Shutting down and abandoning module TaskGraph (128)
[2017.01.31-09.58.46:881][207]LogModuleManager: Shutting down and abandoning module SlateRemote (127)
[2017.01.31-09.58.46:881][207]LogModuleManager: Shutting down and abandoning module SteamVRController (126)
[2017.01.31-09.58.46:881][207]LogModuleManager: Shutting down and abandoning module SteamVR (125)
[2017.01.31-09.58.46:881][207]LogModuleManager: Shutting down and abandoning module ProceduralMeshComponent (124)
[2017.01.31-09.58.46:881][207]LogModuleManager: Shutting down and abandoning module OculusLibrary (123)
[2017.01.31-09.58.46:882][207]LogModuleManager: Shutting down and abandoning module OculusInput (122)
[2017.01.31-09.58.46:882][207]LogModuleManager: Shutting down and abandoning module CustomMeshComponent (121)
[2017.01.31-09.58.46:882][207]LogModuleManager: Shutting down and abandoning module CableComponent (120)
[2017.01.31-09.58.46:882][207]LogModuleManager: Shutting down and abandoning module ArchVisCharacter (119)
[2017.01.31-09.58.46:882][207]LogModuleManager: Shutting down and abandoning module MediaPlayerEditor (118)
[2017.01.31-09.58.46:897][207]LogModuleManager: Shutting down and abandoning module HTML5Networking (117)
[2017.01.31-09.58.46:897][207]LogModuleManager: Shutting down and abandoning module SuperSearch (116)
[2017.01.31-09.58.46:897][207]LogModuleManager: Shutting down and abandoning module SuperSearchEditor (115)
[2017.01.31-09.58.46:897][207]LogModuleManager: Shutting down and abandoning module SpeedTreeImporter (114)
[2017.01.31-09.58.46:897][207]LogModuleManager: Shutting down and abandoning module PluginBrowser (113)
[2017.01.31-09.58.46:897][207]LogModuleManager: Shutting down and abandoning module EpicSurvey (112)
[2017.01.31-09.58.46:897][207]LogModuleManager: Shutting down and abandoning module DesktopPlatform (111)
[2017.01.31-09.58.46:913][207]LogModuleManager: Shutting down and abandoning module VisualStudioSourceCodeAccess (110)
[2017.01.31-09.58.46:913][207]LogModuleManager: Shutting down and abandoning module UObjectPlugin (109)
[2017.01.31-09.58.46:913][207]LogModuleManager: Shutting down and abandoning module SubversionSourceControl (108)
[2017.01.31-09.58.46:913][207]LogModuleManager: Shutting down and abandoning module PerforceSourceControl (107)
[2017.01.31-09.58.46:913][207]LogModuleManager: Shutting down and abandoning module SourceControl (106)
[2017.01.31-09.58.46:935][207]LogModuleManager: Shutting down and abandoning module GitSourceControl (105)
[2017.01.31-09.58.46:935][207]LogModuleManager: Shutting down and abandoning module LightPropagationVolumeEditor (104)
[2017.01.31-09.58.46:935][207]LogModuleManager: Shutting down and abandoning module PaperTiledImporter (103)
[2017.01.31-09.58.46:935][207]LogModuleManager: Shutting down and abandoning module PaperSpriteSheetImporter (102)
[2017.01.31-09.58.46:935][207]LogModuleManager: Shutting down and abandoning module MeshPaint (101)
[2017.01.31-09.58.46:935][207]LogModuleManager: Shutting down and abandoning module PixelInspectorModule (100)
[2017.01.31-09.58.46:935][207]LogModuleManager: Shutting down and abandoning module HotReload (99)
[2017.01.31-09.58.46:936][207]LogModuleManager: Shutting down and abandoning module MainFrame (98)
[2017.01.31-09.58.46:936][207]LogModuleManager: Shutting down and abandoning module LevelEditor (97)
[2017.01.31-09.58.46:937][207]LogModuleManager: Shutting down and abandoning module ContentBrowser (96)
[2017.01.31-09.58.46:938][207]LogModuleManager: Shutting down and abandoning module Paper2DEditor (95)
[2017.01.31-09.58.46:951][207]LogModuleManager: Shutting down and abandoning module UdpMessaging (94)
[2017.01.31-09.58.47:051][207]LogModuleManager: Shutting down and abandoning module LightPropagationVolumeRuntime (93)
[2017.01.31-09.58.47:051][207]LogModuleManager: Shutting down and abandoning module Paper2D (92)
[2017.01.31-09.58.47:051][207]LogModuleManager: Shutting down and abandoning module WindowsMoviePlayer (91)
[2017.01.31-09.58.47:051][207]LogModuleManager: Shutting down and abandoning module Media (90)
[2017.01.31-09.58.47:051][207]LogModuleManager: Shutting down and abandoning module WmfMedia (89)
[2017.01.31-09.58.47:051][207]LogModuleManager: Shutting down and abandoning module MediaAssets (88)
[2017.01.31-09.58.47:051][207]LogModuleManager: Shutting down and abandoning module GameLiveStreaming (87)
[2017.01.31-09.58.47:051][207]LogModuleManager: Shutting down and abandoning module GameplayTagsEditor (86)
[2017.01.31-09.58.47:052][207]LogModuleManager: Shutting down and abandoning module OnlineBlueprintSupport (85)
[2017.01.31-09.58.47:052][207]LogModuleManager: Shutting down and abandoning module VREditor (84)
[2017.01.31-09.58.47:065][207]LogModuleManager: Shutting down and abandoning module GameplayTasksEditor (83)
[2017.01.31-09.58.47:065][207]LogModuleManager: Shutting down and abandoning module PropertyEditor (82)
[2017.01.31-09.58.47:065][207]LogModuleManager: Shutting down and abandoning module BehaviorTreeEditor (81)
[2017.01.31-09.58.47:075][207]LogModuleManager: Shutting down and abandoning module FunctionalTesting (80)
[2017.01.31-09.58.47:075][207]LogModuleManager: Shutting down and abandoning module CollisionAnalyzer (79)
[2017.01.31-09.58.47:078][207]LogModuleManager: Shutting down and abandoning module Sequencer (78)
[2017.01.31-09.58.47:107][207]LogModuleManager: Shutting down and abandoning module WorkspaceMenuStructure (77)
[2017.01.31-09.58.47:107][207]LogModuleManager: Shutting down and abandoning module MessageLog (76)
[2017.01.31-09.58.47:107][207]LogModuleManager: Shutting down and abandoning module AssetTools (75)
[2017.01.31-09.58.47:138][207]LogModuleManager: Shutting down and abandoning module UMGEditor (74)
[2017.01.31-09.58.47:156][207]LogModuleManager: Shutting down and abandoning module UMG (73)
[2017.01.31-09.58.47:156][207]LogModuleManager: Shutting down and abandoning module SlateReflector (72)
[2017.01.31-09.58.47:169][207]LogModuleManager: Shutting down and abandoning module Slate (71)
[2017.01.31-09.58.47:169][207]LogModuleManager: Shutting down and abandoning module EditorStyle (70)
[2017.01.31-09.58.47:172][207]LogModuleManager: Shutting down and abandoning module SourceCodeAccess (69)
[2017.01.31-09.58.47:172][207]LogModuleManager: Shutting down and abandoning module HeadMountedDisplay (68)
[2017.01.31-09.58.47:172][207]LogModuleManager: Shutting down and abandoning module XAudio2 (67)
[2017.01.31-09.58.47:172][207]LogModuleManager: Shutting down and abandoning module Networking (65)
[2017.01.31-09.58.47:172][207]LogModuleManager: Shutting down and abandoning module Core (64)
[2017.01.31-09.58.47:172][207]LogModuleManager: Shutting down and abandoning module DirectoryWatcher (63)
[2017.01.31-09.58.47:173][207]LogModuleManager: Shutting down and abandoning module AssetRegistry (62)
[2017.01.31-09.58.47:439][207]LogModuleManager: Shutting down and abandoning module KismetCompiler (61)
[2017.01.31-09.58.47:439][207]LogModuleManager: Shutting down and abandoning module PhysXFormats (60)
[2017.01.31-09.58.47:439][207]LogModuleManager: Shutting down and abandoning module MeshUtilities (59)
[2017.01.31-09.58.47:454][207]LogModuleManager: Shutting down and abandoning module DerivedDataCache (58)
[2017.01.31-09.58.47:464][207]LogDerivedDataCache: Shutdown
[2017.01.31-09.58.47:464][207]LogModuleManager: Shutting down and abandoning module VulkanShaderFormat (57)
[2017.01.31-09.58.47:464][207]LogModuleManager: Shutting down and abandoning module ShaderFormatOpenGL (56)
[2017.01.31-09.58.47:481][207]LogModuleManager: Shutting down and abandoning module ShaderFormatD3D (55)
[2017.01.31-09.58.47:481][207]LogModuleManager: Shutting down and abandoning module MetalShaderFormat (54)
[2017.01.31-09.58.47:496][207]LogModuleManager: Shutting down and abandoning module TextureFormatUncompressed (53)
[2017.01.31-09.58.47:496][207]LogModuleManager: Shutting down and abandoning module TextureFormatPVR (52)
[2017.01.31-09.58.47:496][207]LogModuleManager: Shutting down and abandoning module TextureFormatIntelISPCTexComp (51)
[2017.01.31-09.58.47:496][207]LogModuleManager: Shutting down and abandoning module TextureFormatDXT (50)
[2017.01.31-09.58.47:496][207]LogModuleManager: Shutting down and abandoning module ImageWrapper (49)
[2017.01.31-09.58.47:496][207]LogModuleManager: Shutting down and abandoning module TextureFormatASTC (48)
[2017.01.31-09.58.47:496][207]LogModuleManager: Shutting down and abandoning module TextureFormatAndroid (47)
[2017.01.31-09.58.47:496][207]LogModuleManager: Shutting down and abandoning module AudioFormatOpus (46)
[2017.01.31-09.58.47:496][207]LogModuleManager: Shutting down and abandoning module AudioFormatOgg (45)
[2017.01.31-09.58.47:496][207]LogModuleManager: Shutting down and abandoning module AudioFormatADPCM (44)
[2017.01.31-09.58.47:496][207]LogModuleManager: Shutting down and abandoning module LinuxTargetPlatform (43)
[2017.01.31-09.58.47:497][207]LogModuleManager: Shutting down and abandoning module LinuxServerTargetPlatform (42)
[2017.01.31-09.58.47:497][207]LogModuleManager: Shutting down and abandoning module LinuxNoEditorTargetPlatform (41)
[2017.01.31-09.58.47:497][207]LogModuleManager: Shutting down and abandoning module TVOSTargetPlatform (40)
[2017.01.31-09.58.47:497][207]LogModuleManager: Shutting down and abandoning module Messaging (39)
[2017.01.31-09.58.47:497][207]LogModuleManager: Shutting down and abandoning module IOSTargetPlatform (38)
[2017.01.31-09.58.47:497][207]LogModuleManager: Shutting down and abandoning module HTML5TargetPlatform (37)
[2017.01.31-09.58.47:497][207]LogModuleManager: Shutting down and abandoning module Android_PVRTCTargetPlatform (36)
[2017.01.31-09.58.47:497][207]LogModuleManager: Shutting down and abandoning module Android_MultiTargetPlatform (35)
[2017.01.31-09.58.47:511][207]LogModuleManager: Shutting down and abandoning module Android_ETC2TargetPlatform (34)
[2017.01.31-09.58.47:511][207]LogModuleManager: Shutting down and abandoning module Android_ETC1TargetPlatform (33)
[2017.01.31-09.58.47:511][207]LogModuleManager: Shutting down and abandoning module Android_DXTTargetPlatform (32)
[2017.01.31-09.58.47:511][207]LogModuleManager: Shutting down and abandoning module Android_ATCTargetPlatform (31)
[2017.01.31-09.58.47:511][207]LogModuleManager: Shutting down and abandoning module Android_ASTCTargetPlatform (30)
[2017.01.31-09.58.47:511][207]LogModuleManager: Shutting down and abandoning module AndroidTargetPlatform (29)
[2017.01.31-09.58.47:511][207]LogModuleManager: Shutting down and abandoning module WindowsTargetPlatform (28)
[2017.01.31-09.58.47:511][207]LogModuleManager: Shutting down and abandoning module WindowsServerTargetPlatform (27)
[2017.01.31-09.58.47:511][207]LogModuleManager: Shutting down and abandoning module WindowsNoEditorTargetPlatform (26)
[2017.01.31-09.58.47:511][207]LogModuleManager: Shutting down and abandoning module WindowsClientTargetPlatform (25)
[2017.01.31-09.58.47:511][207]LogModuleManager: Shutting down and abandoning module AllDesktopTargetPlatform (24)
[2017.01.31-09.58.47:511][207]LogModuleManager: Shutting down and abandoning module TargetPlatform (23)
[2017.01.31-09.58.47:515][207]LogModuleManager: Shutting down and abandoning module InputCore (22)
[2017.01.31-09.58.47:515][207]LogModuleManager: Shutting down and abandoning module Settings (21)
[2017.01.31-09.58.47:515][207]LogModuleManager: Shutting down and abandoning module OnlineSubsystem (19)
[2017.01.31-09.58.47:515][207]LogModuleManager: Shutting down and abandoning module HTTP (18)
[2017.01.31-09.58.51:839][207]LogModuleManager: Shutting down and abandoning module XMPP (17)
[2017.01.31-09.58.51:863][207]LogModuleManager: Shutting down and abandoning module OculusRift (16)
[2017.01.31-09.58.51:880][207]LogModuleManager: Shutting down and abandoning module ExampleDeviceProfileSelector (15)
[2017.01.31-09.58.51:880][207]LogModuleManager: Shutting down and abandoning module TextureCompressor (14)
[2017.01.31-09.58.51:880][207]LogModuleManager: Shutting down and abandoning module ShaderCore (13)
[2017.01.31-09.58.51:880][207]LogModuleManager: Shutting down and abandoning module Landscape (12)
[2017.01.31-09.58.51:880][207]LogModuleManager: Shutting down and abandoning module SlateRHIRenderer (11)
[2017.01.31-09.58.51:895][207]LogModuleManager: Shutting down and abandoning module OpenGLDrv (10)
[2017.01.31-09.58.51:910][207]LogModuleManager: Shutting down and abandoning module D3D11RHI (9)
[2017.01.31-09.58.51:910][207]LogModuleManager: Shutting down and abandoning module AnimGraphRuntime (8)
[2017.01.31-09.58.51:910][207]LogModuleManager: Shutting down and abandoning module Renderer (7)
[2017.01.31-09.58.51:910][207]LogModuleManager: Shutting down and abandoning module Engine (6)
[2017.01.31-09.58.51:910][207]LogModuleManager: Shutting down and abandoning module CoreUObject (5)
[2017.01.31-09.58.51:910][207]LogModuleManager: Shutting down and abandoning module NetworkFile (4)
[2017.01.31-09.58.51:929][207]LogModuleManager: Shutting down and abandoning module StreamingFile (3)
[2017.01.31-09.58.51:929][207]LogModuleManager: Shutting down and abandoning module SandboxFile (2)
[2017.01.31-09.58.51:939][207]LogModuleManager: Shutting down and abandoning module PakFile (1)
[2017.01.31-09.58.51:967][207]LogExit: Exiting.
[2017.01.31-09.58.51:972][207]Log file closed, 01/31/17 10:58:51
