Log file open, 01/19/17 23:24:37
LogInit:Display: Running engine for game: Project_Nomand
LogPlatformFile: Not using cached read wrapper
LogInit:Display: RandInit(-1646339008) SRandInit(-1646339007).
LogTaskGraph: Started task graph with 4 named threads and 7 total threads with 1 sets of task threads.
LogStats: Stats thread started at 0.076093
LogInit: Version: 4.12.5-3039270+++UE4+Release-4.12
LogInit: API Version: 2992821
LogInit: Net Version: 3039270
LogDevObjectVersion: Number of dev versions registered: 13
LogDevObjectVersion:   Dev-Blueprints (B0D832E4-1F89-4F0D-ACCF-7EB736FD4AA2): 3
LogDevObjectVersion:   Dev-Build (E1C64328-A22C-4D53-A36C-8E866417BD8C): 0
LogDevObjectVersion:   Dev-Core (375EC13C-06E4-48FB-B500-84F0262A717E): 1
LogDevObjectVersion:   Dev-Editor (E4B068ED-F494-42E9-A231-DA0B2E46BB41): 2
LogDevObjectVersion:   Dev-Framework (CFFC743F-43B0-4480-9391-14DF171D2073): 6
LogDevObjectVersion:   Dev-Mobile (B02B49B5-BB20-44E9-A304-32B752E40360): 0
LogDevObjectVersion:   Dev-Networking (A4E4105C-59A1-49B5-A7C5-40C4547EDFEE): 0
LogDevObjectVersion:   Dev-Online (39C831C9-5AE6-47DC-9A44-9C173E1C8E7C): 0
LogDevObjectVersion:   Dev-Physics (78F01B33-EBEA-4F98-B9B4-84EACCB95AA2): 0
LogDevObjectVersion:   Dev-Platform (6631380F-2D4D-43E0-8009-CF276956A95A): 0
LogDevObjectVersion:   Dev-Rendering (12F88B9F-8875-4AFC-A67C-D90C383ABD29): 2
LogDevObjectVersion:   Dev-Sequencer (7B5AE74C-D270-4C10-A958-57980B212A5A): 0
LogDevObjectVersion:   Dev-VR (D7296918-1DD6-4BDD-9DE2-64A83CC13884): 0
LogInit: Compiled (64-bit): Jul  6 2016 09:09:46
LogInit: Compiled with Visual C++: 19.00.23026.00
LogInit: Build Configuration: Development
LogInit: Branch Name: ++UE4+Release-4.12
LogInit: Command line: -EpicPortal 
LogInit: Base directory: G:/UNI/Programme/Epic Games/4.12/Engine/Binaries/Win64/
LogInit: Installed Engine Build: 1
LogInit: Using libcurl 7.41.0
LogInit:  - built for x86_64-pc-win32
LogInit:  - supports SSL with WinSSL
LogInit:  - other features:
LogInit:      CURL_VERSION_SSL
LogInit:      CURL_VERSION_IPV6
LogInit:      CURL_VERSION_ASYNCHDNS
LogInit:      CURL_VERSION_LARGEFILE
LogInit:      CURL_VERSION_IDN
LogInit:  CurlRequestOptions (configurable via config and command line):
LogInit:  - bVerifyPeer = true  - Libcurl will verify peer certificate
LogInit:  - bUseHttpProxy = false  - Libcurl will NOT use HTTP proxy
LogInit:  - bDontReuseConnections = false  - Libcurl will reuse connections
LogInit:  - CertBundlePath = nullptr  - Libcurl will use whatever was configured at build time.
LogInit: Presizing for max 8388607 objects, including 0 objects not considered by GC, pre-allocating 0 bytes for permanent pool.
LogInit: Object subsystem initialized
[2017.01.19-22.24.37:873][  0]LogInit: Selected Device Profile: [Windows]
[2017.01.19-22.24.37:873][  0]LogInit: Applying CVar settings loaded from the selected device profile: [Windows]
[2017.01.19-22.24.37:882][  0]LogInit: Computer: DEX
[2017.01.19-22.24.37:882][  0]LogInit: User: Dextex
[2017.01.19-22.24.37:882][  0]LogInit: CPU Page size=65536, Cores=4
[2017.01.19-22.24.37:882][  0]LogInit: High frequency timer resolution =3.417976 MHz
[2017.01.19-22.24.37:882][  0]LogMemory: Memory total: Physical=15.9GB (16GB approx)
[2017.01.19-22.24.37:882][  0]LogMemory: Platform Memory Stats for Windows
[2017.01.19-22.24.37:882][  0]LogMemory: Process Physical Memory: 190.74 MB used, 190.74 MB peak
[2017.01.19-22.24.37:882][  0]LogMemory: Process Virtual Memory: 195.18 MB used, 195.18 MB peak
[2017.01.19-22.24.37:882][  0]LogMemory: Physical Memory: 7506.50 MB used, 16328.00 MB total
[2017.01.19-22.24.37:882][  0]LogMemory: Virtual Memory: 553.49 MB used, 134217728.00 MB total
[2017.01.19-22.24.37:926][  0]LogTextLocalizationManager: No translations for ('de-DE') exist, falling back to 'en' for localization and internationalization data.
[2017.01.19-22.24.38:307][  0]LogD3D11RHI: D3D11 adapters:
[2017.01.19-22.24.38:808][  0]LogD3D11RHI:    0. 'NVIDIA GeForce GTX 1080' (Feature Level 11_0)
[2017.01.19-22.24.38:808][  0]LogD3D11RHI:       8144/0/8164 MB DedicatedVideo/DedicatedSystem/SharedSystem, Outputs:2, VendorId:0x10de
[2017.01.19-22.24.38:810][  0]LogD3D11RHI:    1. 'Microsoft Basic Render Driver' (Feature Level 11_0)
[2017.01.19-22.24.38:810][  0]LogD3D11RHI:       0/0/8164 MB DedicatedVideo/DedicatedSystem/SharedSystem, Outputs:0, VendorId:0x1414
[2017.01.19-22.24.38:810][  0]LogD3D11RHI: Chosen D3D11 Adapter: 0
[2017.01.19-22.24.38:815][  0]LogD3D11RHI: Creating new Direct3DDevice
[2017.01.19-22.24.38:815][  0]LogD3D11RHI:     GPU DeviceId: 0x1b80 (for the marketing name, search the web for "GPU Device Id")
[2017.01.19-22.24.38:815][  0]LogWindows: EnumDisplayDevices:
[2017.01.19-22.24.38:815][  0]LogWindows:    0. 'NVIDIA GeForce GTX 1080' (P:1 D:1)
[2017.01.19-22.24.38:815][  0]LogWindows:    1. 'NVIDIA GeForce GTX 1080' (P:0 D:1)
[2017.01.19-22.24.38:815][  0]LogWindows:    2. 'NVIDIA GeForce GTX 1080' (P:0 D:0)
[2017.01.19-22.24.38:815][  0]LogWindows:    3. 'NVIDIA GeForce GTX 1080' (P:0 D:0)
[2017.01.19-22.24.38:815][  0]LogWindows: DebugString: FoundDriverCount:4 
[2017.01.19-22.24.38:815][  0]LogD3D11RHI:     Adapter Name: NVIDIA GeForce GTX 1080
[2017.01.19-22.24.38:815][  0]LogD3D11RHI:   Driver Version: 376.33 (internal:21.21.13.7633, unified:376.33)
[2017.01.19-22.24.38:815][  0]LogD3D11RHI:      Driver Date: 12-11-2016
[2017.01.19-22.24.38:815][  0]LogRHI: Texture pool is 1361 MB (70% of 1945 MB)
[2017.01.19-22.24.39:284][  0]LogD3D11RHI: Async texture creation enabled
[2017.01.19-22.24.39:310][  0]LogD3D11RHI: GPU Timing Frequency: 1000.000000 (Debug: 2 1)
[2017.01.19-22.24.39:310][  0]LogShaderCompilers: Guid format shader working directory is -3 characters bigger than the processId version (../../../../../../MP2/project_nomad/Project_Nomand/Intermediate/Shaders/WorkingDirectory/8164/).
[2017.01.19-22.24.39:310][  0]LogShaderCompilers: Cleaned the shader compiler working directory 'C:/Users/Dextex/AppData/Local/Temp/UnrealShaderWorkingDir/F019AE5249678D2A3B9963AC9650C2D2/'.
[2017.01.19-22.24.39:310][  0]LogShaderCompilers:Display: Using Local Shader Compiler.
[2017.01.19-22.24.40:126][  0]LogTemp:Display: Loaded TP AllDesktopTargetPlatform
[2017.01.19-22.24.40:135][  0]LogTemp:Display: Loaded TP WindowsClientTargetPlatform
[2017.01.19-22.24.40:145][  0]LogTemp:Display: Loaded TP WindowsNoEditorTargetPlatform
[2017.01.19-22.24.40:155][  0]LogTemp:Display: Loaded TP WindowsServerTargetPlatform
[2017.01.19-22.24.40:164][  0]LogTemp:Display: Loaded TP WindowsTargetPlatform
[2017.01.19-22.24.40:172][  0]LogTemp:Display: Loaded TP AndroidTargetPlatform
[2017.01.19-22.24.40:180][  0]LogTemp:Display: Loaded TP Android_ASTCTargetPlatform
[2017.01.19-22.24.40:188][  0]LogTemp:Display: Loaded TP Android_ATCTargetPlatform
[2017.01.19-22.24.40:196][  0]LogTemp:Display: Loaded TP Android_DXTTargetPlatform
[2017.01.19-22.24.40:204][  0]LogTemp:Display: Loaded TP Android_ETC1TargetPlatform
[2017.01.19-22.24.40:212][  0]LogTemp:Display: Loaded TP Android_ETC2TargetPlatform
[2017.01.19-22.24.40:228][  0]LogTemp:Display: Loaded TP Android_MultiTargetPlatform
[2017.01.19-22.24.40:228][  0]LogTemp:Display: Loaded TP Android_PVRTCTargetPlatform
[2017.01.19-22.24.40:230][  0]LogTemp:Display: Loaded TP HTML5TargetPlatform
[2017.01.19-22.24.40:254][  0]LogTemp:Display: Loaded TP IOSTargetPlatform
[2017.01.19-22.24.40:261][  0]LogTemp:Display: Loaded TP TVOSTargetPlatform
[2017.01.19-22.24.40:268][  0]LogTemp:Display: Loaded TP LinuxNoEditorTargetPlatform
[2017.01.19-22.24.40:276][  0]LogTemp:Display: Loaded TP LinuxServerTargetPlatform
[2017.01.19-22.24.40:284][  0]LogTemp:Display: Loaded TP LinuxTargetPlatform
[2017.01.19-22.24.40:284][  0]LogTargetPlatformManager:Display: Building Assets For Windows
[2017.01.19-22.24.40:385][  0]LogDerivedDataCache:Display: Max Cache Size: 512 MB
[2017.01.19-22.24.40:428][  0]LogDerivedDataCache: Loaded boot cache 0.04s 48MB C:/Users/Dextex/AppData/Local/UnrealEngine/4.12/DerivedDataCache/Boot.ddc.
[2017.01.19-22.24.40:428][  0]LogDerivedDataCache:Display: Loaded Boot cache: C:/Users/Dextex/AppData/Local/UnrealEngine/4.12/DerivedDataCache/Boot.ddc
[2017.01.19-22.24.40:428][  0]LogDerivedDataCache: FDerivedDataBackendGraph:  Pak pak cache file ../../../../../../MP2/project_nomad/Project_Nomand/DerivedDataCache/DDC.ddp not found, will not use a pak cache.
[2017.01.19-22.24.40:428][  0]LogDerivedDataCache: Unable to find inner node Pak for hierarchical cache Hierarchy.
[2017.01.19-22.24.40:429][  0]LogDerivedDataCache: FDerivedDataBackendGraph:  CompressedPak pak cache file ../../../../../../MP2/project_nomad/Project_Nomand/DerivedDataCache/Compressed.ddp not found, will not use a pak cache.
[2017.01.19-22.24.40:429][  0]LogDerivedDataCache: Unable to find inner node CompressedPak for hierarchical cache Hierarchy.
[2017.01.19-22.24.40:443][  0]LogDerivedDataCache:Display: Pak cache opened for reading ../../../Engine/DerivedDataCache/Compressed.ddp.
[2017.01.19-22.24.40:455][  0]LogDerivedDataCache: Using Local data cache path C:/Users/Dextex/AppData/Local/UnrealEngine/Common/DerivedDataCache: Writable
[2017.01.19-22.24.40:600][  0]LogInit: Selected Device Profile: [Windows]
[2017.01.19-22.24.40:600][  0]LogContentStreaming: Texture pool size is 0.00 MB
[2017.01.19-22.24.40:731][  0]LogMeshUtilities: No automatic mesh reduction module available
[2017.01.19-22.24.40:731][  0]LogMeshUtilities: No automatic mesh merging module available
[2017.01.19-22.24.40:731][  0]LogMeshUtilities: No distributed automatic mesh merging module available
[2017.01.19-22.24.40:934][  0]LogAssetRegistry: FAssetRegistry took 0.0211 seconds to start up
[2017.01.19-22.24.40:947][  0]LogPackageLocalizationCache: Processed 3 localized package path(s) for 1 prioritized culture(s) in 0.009679 seconds
[2017.01.19-22.24.40:952][  0]LogUObjectArray: 28739 objects as part of root set at end of initial load.
[2017.01.19-22.24.40:952][  0]LogUObjectAllocator: 5855632 out of 0 bytes used by permanent object pool.
[2017.01.19-22.24.40:952][  0]LogUObjectArray: CloseDisregardForGC: 0/0 objects in disregard for GC pool
[2017.01.19-22.24.40:960][  0]LogInit: WinSock: version 1.1 (2.2), MaxSocks=32767, MaxUdp=65467
[2017.01.19-22.24.41:142][  0]LogSlate: SlateFontCache - WITH_FREETYPE: 1, WITH_HARFBUZZ: 1
[2017.01.19-22.24.41:142][  0]LogSlate: SlateFontCache - WITH_FREETYPE: 1, WITH_HARFBUZZ: 1
[2017.01.19-22.24.41:679][  0]LogUdpMessaging: Initializing bridge on interface 0.0.0.0:0 to multicast group 230.0.0.1:6666.
[2017.01.19-22.24.41:879][  0]SourceControl: Info Source control is disabled
[2017.01.19-22.24.42:189][  0]LogEngine: Initializing Engine...
[2017.01.19-22.24.42:191][  0]LogHMD: SteamVR failed to initialize.  Err: 100
[2017.01.19-22.24.42:193][  0]LogHMD: SteamVR failed to initialize.  Err: 100
[2017.01.19-22.24.42:312][  0]LogAIModule: Creating AISystem for world NewWorld
[2017.01.19-22.24.42:327][  0]LogInit: XAudio2 using 'Lautsprecher (SteelSeries Siberia 350)' : 2 channels at 44.1 kHz using 16 bits per sample (channel mask 0x3)
[2017.01.19-22.24.42:346][  0]LogInit: FAudioDevice initialized.
[2017.01.19-22.24.42:372][  0]LogDerivedDataCache: Saved boot cache 0.03s 48MB C:/Users/Dextex/AppData/Local/UnrealEngine/4.12/DerivedDataCache/Boot.ddc.
[2017.01.19-22.24.42:380][  0]LogInit: Texture streaming: Enabled
[2017.01.19-22.24.42:411][  0]LogInit: Transaction tracking system initialized
[2017.01.19-22.24.42:440][  0]BlueprintLog: New page: Editor Load
[2017.01.19-22.24.42:562][  0]LocalizationService: Info Localization service is disabled
[2017.01.19-22.24.42:633][  0]LogConsoleResponse:Display: 
[2017.01.19-22.24.42:716][  0]LogCook:Display: Max memory allowance for cook 8192mb
[2017.01.19-22.24.42:716][  0]LogCook:Display: Mobile HDR setting 1
[2017.01.19-22.24.42:823][  0]LogFileCache: Scanning file cache for directory 'G:/UNI/MP2/project_nomad/Project_Nomand/Content/' took 0.02s
[2017.01.19-22.24.42:823][  0]Cmd: MAP LOAD FILE="../../../../../../MP2/project_nomad/Project_Nomand/Content/Map/Map.umap" TEMPLATE=0 SHOWPROGRESS=1 FEATURELEVEL=3
[2017.01.19-22.24.42:824][  0]LightingResults: New page: Lighting Build
[2017.01.19-22.24.42:827][  0]MapCheck: New page: Map Check
[2017.01.19-22.24.42:827][  0]LightingResults: New page: Lighting Build
[2017.01.19-22.24.42:916][  0]LogBlueprint:Warning: Compiler Warning Can't connect pins  Object  and  Hit Actor : This cast has an invalid target type (was the class deleted without a redirect?).
[2017.01.19-22.24.42:916][  0]LogBlueprint:Warning: Compiler Warning Can't connect pins  Hit Actor  and  Object : This cast has an invalid target type (was the class deleted without a redirect?).
[2017.01.19-22.24.42:917][  0]LogBlueprint:Error: Compiler Error Node  Bad cast node  has an invalid target type, please delete and recreate it
[2017.01.19-22.24.42:917][  0]LogBlueprint:Error: Compiler Error Node  Bad cast node  has an invalid target class
[2017.01.19-22.24.42:921][  0]LogBlueprint:Warning: Compiler Warning [0005.75] Compile of AgroCheck failed. 2 Fatal Issue(s) 2 Warning(s) [in 8 ms] (/Game/AI/AgroCheck.AgroCheck)
[2017.01.19-22.24.42:921][  0]LogBlueprint:Warning: Compiler Warning [0005.75] Compile of AgroCheck failed. 2 Fatal Issue(s) 3 Warning(s) [in 0 ms] (/Game/AI/AgroCheck.AgroCheck)
[2017.01.19-22.24.42:921][  0]LogBlueprint:Warning: Compiler Warning [0005.75] Compile of AgroCheck failed. 2 Fatal Issue(s) 4 Warning(s) [in 0 ms] (/Game/AI/AgroCheck.AgroCheck)
[2017.01.19-22.24.42:947][  0]LogBlueprint:Warning: Compiler Warning Can't connect pins  Object  and  Hit Actor : This cast has an invalid target type (was the class deleted without a redirect?).
[2017.01.19-22.24.42:947][  0]LogBlueprint:Warning: Compiler Warning Can't connect pins  Hit Actor  and  Object : This cast has an invalid target type (was the class deleted without a redirect?).
[2017.01.19-22.24.42:948][  0]LogBlueprint:Error: Compiler Error Node  Bad cast node  has an invalid target type, please delete and recreate it
[2017.01.19-22.24.42:948][  0]LogBlueprint:Error: Compiler Error Node  Bad cast node  has an invalid target class
[2017.01.19-22.24.42:953][  0]LogBlueprint:Warning: Compiler Warning [0005.79] Compile of CheckLoS failed. 2 Fatal Issue(s) 2 Warning(s) [in 8 ms] (/Game/AI/CheckLoS.CheckLoS)
[2017.01.19-22.24.42:953][  0]LogBlueprint:Warning: Compiler Warning [0005.79] Compile of CheckLoS failed. 2 Fatal Issue(s) 3 Warning(s) [in 0 ms] (/Game/AI/CheckLoS.CheckLoS)
[2017.01.19-22.24.42:953][  0]LogBlueprint:Warning: Compiler Warning [0005.79] Compile of CheckLoS failed. 2 Fatal Issue(s) 4 Warning(s) [in 0 ms] (/Game/AI/CheckLoS.CheckLoS)
[2017.01.19-22.24.43:203][  0]LogBlueprint:Warning: [UI_GameHUD] CreatePinForVariable: 'MaxHealth' variable not found. Base class was probably changed.
[2017.01.19-22.24.43:204][  0]LogBlueprint:Warning: [UI_GameHUD] CreatePinForVariable: 'CurrentHealth' variable not found. Base class was probably changed.
[2017.01.19-22.24.43:205][  0]LogBlueprint:Warning: Compiler Warning Can't connect pins  Object  and  Return Value : This cast has an invalid target type (was the class deleted without a redirect?).
[2017.01.19-22.24.43:205][  0]LogBlueprint:Warning: Compiler Warning Can't connect pins  Return Value  and  Object : This cast has an invalid target type (was the class deleted without a redirect?).
[2017.01.19-22.24.43:206][  0]LogBlueprint:Error: Compiler Error This blueprint (self) is not compatible with ' Target ', therefore that pin must have a connection.
[2017.01.19-22.24.43:206][  0]LogBlueprint:Error: Compiler Error This blueprint (self) is not compatible with ' Target ', therefore that pin must have a connection.
[2017.01.19-22.24.43:206][  0]LogBlueprint:Error: Compiler Error The property associated with  Max Health  could not be found
[2017.01.19-22.24.43:206][  0]LogBlueprint:Error: Compiler Error The property associated with  Current Health  could not be found
[2017.01.19-22.24.43:208][  0]LogBlueprint:Warning: Compiler Warning [0006.04] Compile of UI_GameHUD failed. 4 Fatal Issue(s) 2 Warning(s) [in 3 ms] (/Game/UI/UI_GameHUD.UI_GameHUD)
[2017.01.19-22.24.43:208][  0]LogBlueprint:Warning: Compiler Warning [0006.04] Compile of UI_GameHUD failed. 4 Fatal Issue(s) 3 Warning(s) [in 0 ms] (/Game/UI/UI_GameHUD.UI_GameHUD)
[2017.01.19-22.24.43:208][  0]LogBlueprint:Warning: Compiler Warning [0006.04] Compile of UI_GameHUD failed. 4 Fatal Issue(s) 4 Warning(s) [in 0 ms] (/Game/UI/UI_GameHUD.UI_GameHUD)
[2017.01.19-22.24.44:641][  0]LogAIModule: Creating AISystem for world Map
[2017.01.19-22.24.44:676][  0]LogEditorServer: Finished looking for orphan Actors (0.000 secs)
[2017.01.19-22.24.44:680][  0]Cmd: MAP CHECKDEP NOCLEARLOG
[2017.01.19-22.24.44:724][  0]MapCheck: Info Map check complete: 0 Error(s), 0 Warning(s), took 43.882ms to complete.
[2017.01.19-22.24.44:724][  0]LogFileHelpers: Loading map 'Map' took 1.901
[2017.01.19-22.24.44:929][  0]LogCollectionManager: Loaded 0 collections in 0.002168 seconds
[2017.01.19-22.24.44:972][  0]LogFileCache: Scanning file cache for directory 'G:/UNI/MP2/project_nomad/Project_Nomand/Saved/Collections/' took 0.01s
[2017.01.19-22.24.44:972][  0]LogFileCache: Scanning file cache for directory 'G:/UNI/MP2/project_nomad/Project_Nomand/Content/Developers/Dextex/Collections/' took 0.01s
[2017.01.19-22.24.44:972][  0]LogFileCache: Scanning file cache for directory 'G:/UNI/MP2/project_nomad/Project_Nomand/Content/Collections/' took 0.01s
[2017.01.19-22.24.44:972][  0]LogCollectionManager: Rebuilt the GUID cache for 0 collections in 0.000002 seconds
[2017.01.19-22.24.44:978][  0]LogContentBrowser: Native class hierarchy populated in 0.0067 seconds. Added 2047 classes and 369 folders.
[2017.01.19-22.24.44:982][  0]LogStats: UGameplayTagsManager::ConstructGameplayTagTree: Construct from data asset -  0.000 s
[2017.01.19-22.24.44:982][  0]LogStats: UGameplayTagsManager::ConstructGameplayTagTree: GameplayTagTreeChangedEvent.Broadcast -  0.000 s
[2017.01.19-22.24.44:982][  0]LogContentBrowser: Native class hierarchy updated for 'GameplayTags' in 0.0003 seconds. Added 12 classes and 0 folders.
[2017.01.19-22.24.44:987][  0]LogContentBrowser: Native class hierarchy updated for 'WidgetCarousel' in 0.0003 seconds. Added 0 classes and 0 folders.
[2017.01.19-22.24.45:016][  0]LogContentBrowser: Native class hierarchy updated for 'AddContentDialog' in 0.0003 seconds. Added 0 classes and 0 folders.
[2017.01.19-22.24.45:022][  0]LogContentBrowser: Native class hierarchy updated for 'SceneOutliner' in 0.0003 seconds. Added 1 classes and 2 folders.
[2017.01.19-22.24.45:084][  0]LogCrashTracker: Crashtracker disabled due to settings.
[2017.01.19-22.24.45:088][  0]LogUObjectGlobals:Warning: Failed to find object 'Class None.'
[2017.01.19-22.24.45:116][  0]LogContentBrowser: Native class hierarchy updated for 'HierarchicalLODOutliner' in 0.0004 seconds. Added 1 classes and 2 folders.
[2017.01.19-22.24.45:117][  0]LogLoad: Full Startup: 7.95 seconds (BP compile: 0.49 seconds)
[2017.01.19-22.24.45:117][  0]LogExternalProfiler: No external profilers were discovered.  External profiling features will not be available.
[2017.01.19-22.24.45:126][  0]LogWindowsTextInputMethodSystem:Display: IME system now deactivated.
[2017.01.19-22.24.45:126][  0]LogOcInput: OculusInput pre-init called
[2017.01.19-22.24.45:146][  0]LogContentStreaming: Texture pool size now 1000 MB
[2017.01.19-22.24.45:204][  0]LogRenderer: Reallocating scene render targets to support 512x512 (Frame:1).
[2017.01.19-22.24.45:282][  0]LogRenderer: Reallocating scene render targets to support 1208x556 (Frame:2).
[2017.01.19-22.24.45:325][  1]Cmd: UpdateLandscapeEditorData -warnings
[2017.01.19-22.24.45:347][  1]LogAssetRegistry: Asset discovery search completed in 4.4333 seconds
[2017.01.19-22.24.45:347][  1]LogCollectionManager: Rebuilt the object cache for 0 collections in 0.000001 seconds (found 0 objects)
[2017.01.19-22.24.45:347][  1]LogCollectionManager: Fixed up redirectors for 0 collections in 0.000030 seconds (updated 0 objects)
[2017.01.19-22.25.12:669][203]LogContentBrowser: Native class hierarchy updated for 'BlueprintGraph' in 0.0007 seconds. Added 111 classes and 0 folders.
[2017.01.19-22.25.14:904][330]LogRenderer: Reallocating scene render targets to support 1248x712 (Frame:2836).
[2017.01.19-22.25.28:638][660]BlueprintLog: New page: Compile BP_BlackKnight
[2017.01.19-22.25.28:814][660]BlueprintEditorCompileResults: Info [0051.65] Compile of BP_BlackKnight successful! [in 176 ms] (/Game/Blueprints/Interactables/Waffen/BP_BlackKnight.BP_BlackKnight)
[2017.01.19-22.25.55:059][295]LogTexture:Display: Building textures: EXO_Gruntling_Scud_M (AutoDXT)
[2017.01.19-22.26.10:514][909]BlueprintLog: New page: Compile BP_BlackKnight
[2017.01.19-22.26.10:595][909]BlueprintEditorCompileResults: Info [0093.43] Compile of BP_BlackKnight successful! [in 81 ms] (/Game/Blueprints/Interactables/Waffen/BP_BlackKnight.BP_BlackKnight)
[2017.01.19-22.26.11:112][957]LogSavePackage: Save=11.56ms
[2017.01.19-22.26.11:112][957]LogSavePackage: Moving '../../../../../../MP2/project_nomad/Project_Nomand/Saved/BP_BlackKnightF7702D6F43C4A839D7CA5CA059743D55.tmp' to '../../../../../../MP2/project_nomad/Project_Nomand/Content/Blueprints/Interactables/Waffen/BP_BlackKnight.uasset'
[2017.01.19-22.26.11:113][957]LogSavePackage:Display: Finished SavePackage ../../../../../../MP2/project_nomad/Project_Nomand/Content/Blueprints/Interactables/Waffen/BP_BlackKnight.uasset
[2017.01.19-22.26.23:143][332]LogBlueprintUserMessages: Early PlayInEditor Detection: Level '/Game/Map/Map.Map:PersistentLevel' has LevelScriptBlueprint '/Game/Map/Map.Map:PersistentLevel.Map' with GeneratedClass '/Game/Map/Map.Map_C' with ClassGeneratedBy '/Game/Map/Map.Map:PersistentLevel.Map'
[2017.01.19-22.26.23:143][332]LogPlayLevel: PlayLevel: No blueprints needed recompiling
[2017.01.19-22.26.37:164][859]LogBlueprintUserMessages: Early PlayInEditor Detection: Level '/Game/Map/Map.Map:PersistentLevel' has LevelScriptBlueprint '/Game/Map/Map.Map:PersistentLevel.Map' with GeneratedClass '/Game/Map/Map.Map_C' with ClassGeneratedBy '/Game/Map/Map.Map:PersistentLevel.Map'
[2017.01.19-22.26.37:164][859]LogPlayLevel: PlayLevel: No blueprints needed recompiling
[2017.01.19-22.26.40:957][859]PIE: New page: PIE session: Map (Jan 20, 2017, 12:26:40 AM)
[2017.01.19-22.26.40:957][859]LogPlayLevel: Creating play world package: /Game/Map/UEDPIE_0_Map
[2017.01.19-22.26.40:998][859]LogPlayLevel: PIE: StaticDuplicateObject took: (0.041533s)
[2017.01.19-22.26.40:999][859]LogAIModule: Creating AISystem for world Map
[2017.01.19-22.26.40:999][859]LogPlayLevel: PIE: World Init took: (0.000537s)
[2017.01.19-22.26.40:999][859]LogPlayLevel: PIE: Created PIE world by copying editor world from /Game/Map/Map.Map to /Game/Map/UEDPIE_0_Map.Map (0.042396s)
[2017.01.19-22.26.41:029][859]LogInit: XAudio2 using 'Lautsprecher (SteelSeries Siberia 350)' : 2 channels at 44.1 kHz using 16 bits per sample (channel mask 0x3)
[2017.01.19-22.26.41:044][859]LogInit: FAudioDevice initialized.
[2017.01.19-22.26.41:107][859]LogWorld: Game class is 'GameMode'
[2017.01.19-22.26.41:124][859]LogWorld: Bringing World /Game/Map/UEDPIE_0_Map.Map up for play (max tick rate 0) at 2017.01.19-23.26.41
[2017.01.19-22.26.41:126][859]LogWorld: Bringing up level for play took: 0.017770
[2017.01.19-22.26.41:129][859]LogContentBrowser: Native class hierarchy updated for 'MovieSceneCapture' in 0.0004 seconds. Added 11 classes and 0 folders.
[2017.01.19-22.26.41:130][859]PIE: Info Play in editor start time for /Game/Map/UEDPIE_0_Map 3.637
[2017.01.19-22.26.41:130][859]LogBlueprintUserMessages: Late PlayInEditor Detection: Level '/Game/Map/Map.Map:PersistentLevel' has LevelScriptBlueprint '/Game/Map/Map.Map:PersistentLevel.Map' with GeneratedClass '/Game/Map/Map.Map_C' with ClassGeneratedBy '/Game/Map/Map.Map:PersistentLevel.Map'
[2017.01.19-22.26.48:641][755]LogScriptCore:Warning: Attempted to get an item from array TargetArray out of bounds [1/0]!

[2017.01.19-22.26.48:641][755]LogScriptCore:Warning: Attempted to get an item from array Inventory out of bounds [1/0]!

[2017.01.19-22.26.48:642][755]LogScriptCore:Warning: Attempted to get an item from array TargetArray out of bounds [2/0]!

[2017.01.19-22.26.48:642][755]LogScriptCore:Warning: Attempted to get an item from array Inventory out of bounds [2/0]!

[2017.01.19-22.26.48:642][755]LogScriptCore:Warning: Attempted to get an item from array TargetArray out of bounds [3/0]!

[2017.01.19-22.26.48:642][755]LogScriptCore:Warning: Attempted to get an item from array Inventory out of bounds [3/0]!

[2017.01.19-22.26.48:642][755]LogScriptCore:Warning: Attempted to get an item from array TargetArray out of bounds [4/0]!

[2017.01.19-22.26.48:642][755]LogScriptCore:Warning: Attempted to get an item from array Inventory out of bounds [4/0]!

[2017.01.19-22.26.48:642][755]LogScriptCore:Warning: Attempted to get an item from array TargetArray out of bounds [5/0]!

[2017.01.19-22.26.48:642][755]LogScriptCore:Warning: Attempted to get an item from array Inventory out of bounds [5/0]!

[2017.01.19-22.26.48:642][755]LogScriptCore:Warning: Attempted to get an item from array TargetArray out of bounds [6/0]!

[2017.01.19-22.26.48:642][755]LogScriptCore:Warning: Attempted to get an item from array Inventory out of bounds [6/0]!

[2017.01.19-22.26.48:642][755]LogScriptCore:Warning: Attempted to get an item from array TargetArray out of bounds [7/0]!

[2017.01.19-22.26.48:642][755]LogScriptCore:Warning: Attempted to get an item from array Inventory out of bounds [7/0]!

[2017.01.19-22.26.48:642][755]LogScriptCore:Warning: Attempted to get an item from array TargetArray out of bounds [8/0]!

[2017.01.19-22.26.48:642][755]LogScriptCore:Warning: Attempted to get an item from array Inventory out of bounds [8/0]!

[2017.01.19-22.26.48:642][755]LogScriptCore:Warning: Attempted to get an item from array TargetArray out of bounds [9/0]!

[2017.01.19-22.26.48:642][755]LogScriptCore:Warning: Attempted to get an item from array Inventory out of bounds [9/0]!

[2017.01.19-22.26.48:642][755]LogScriptCore:Warning: Attempted to get an item from array TargetArray out of bounds [10/0]!

[2017.01.19-22.26.48:642][755]LogScriptCore:Warning: Attempted to get an item from array Inventory out of bounds [10/0]!

[2017.01.19-22.26.48:642][755]LogScriptCore:Warning: Attempted to get an item from array TargetArray out of bounds [11/0]!

[2017.01.19-22.26.48:642][755]LogScriptCore:Warning: Attempted to get an item from array Inventory out of bounds [11/0]!

[2017.01.19-22.26.48:643][755]LogScriptCore:Warning: Attempted to get an item from array TargetArray out of bounds [12/0]!

[2017.01.19-22.26.48:643][755]LogScriptCore:Warning: Attempted to get an item from array Inventory out of bounds [12/0]!

[2017.01.19-22.26.48:643][755]LogScriptCore:Warning: Attempted to get an item from array TargetArray out of bounds [13/0]!

[2017.01.19-22.26.48:643][755]LogScriptCore:Warning: Attempted to get an item from array Inventory out of bounds [13/0]!

[2017.01.19-22.26.48:643][755]LogScriptCore:Warning: Attempted to get an item from array TargetArray out of bounds [14/0]!

[2017.01.19-22.26.48:643][755]LogScriptCore:Warning: Attempted to get an item from array Inventory out of bounds [14/0]!

[2017.01.19-22.26.48:643][755]LogScriptCore:Warning: Attempted to get an item from array TargetArray out of bounds [15/0]!

[2017.01.19-22.26.48:643][755]LogScriptCore:Warning: Attempted to get an item from array Inventory out of bounds [15/0]!

[2017.01.19-22.26.48:643][755]LogScriptCore:Warning: Attempted to get an item from array TargetArray out of bounds [16/0]!

[2017.01.19-22.26.48:643][755]LogScriptCore:Warning: Attempted to get an item from array Inventory out of bounds [16/0]!

[2017.01.19-22.26.48:643][755]LogScriptCore:Warning: Attempted to get an item from array TargetArray out of bounds [17/0]!

[2017.01.19-22.26.48:643][755]LogScriptCore:Warning: Attempted to get an item from array Inventory out of bounds [17/0]!

[2017.01.19-22.26.48:643][755]LogScriptCore:Warning: Attempted to get an item from array TargetArray out of bounds [18/0]!

[2017.01.19-22.26.48:643][755]LogScriptCore:Warning: Attempted to get an item from array Inventory out of bounds [18/0]!

[2017.01.19-22.26.48:643][755]LogScriptCore:Warning: Attempted to get an item from array TargetArray out of bounds [19/0]!

[2017.01.19-22.26.48:643][755]LogScriptCore:Warning: Attempted to get an item from array Inventory out of bounds [19/0]!

[2017.01.19-22.26.52:873][262]LogBlueprintUserMessages: [Character_Controller_536] 0
[2017.01.19-22.26.52:873][262]LogScriptCore:Warning: Attempted to get an item from array TargetArray out of bounds [0/0]!

[2017.01.19-22.26.52:873][262]LogScriptCore:Warning: Attempted to get an item from array Inventory out of bounds [0/0]!

[2017.01.19-22.26.52:873][262]LogScriptCore:Warning: Attempted to get an item from array TargetArray out of bounds [1/0]!

[2017.01.19-22.26.52:873][262]LogScriptCore:Warning: Attempted to get an item from array Inventory out of bounds [1/0]!

[2017.01.19-22.26.52:873][262]LogScriptCore:Warning: Attempted to get an item from array TargetArray out of bounds [2/0]!

[2017.01.19-22.26.52:873][262]LogScriptCore:Warning: Attempted to get an item from array Inventory out of bounds [2/0]!

[2017.01.19-22.26.52:873][262]LogScriptCore:Warning: Attempted to get an item from array TargetArray out of bounds [3/0]!

[2017.01.19-22.26.52:873][262]LogScriptCore:Warning: Attempted to get an item from array Inventory out of bounds [3/0]!

[2017.01.19-22.26.52:873][262]LogScriptCore:Warning: Attempted to get an item from array TargetArray out of bounds [4/0]!

[2017.01.19-22.26.52:873][262]LogScriptCore:Warning: Attempted to get an item from array Inventory out of bounds [4/0]!

[2017.01.19-22.26.52:873][262]LogScriptCore:Warning: Attempted to get an item from array TargetArray out of bounds [5/0]!

[2017.01.19-22.26.52:873][262]LogScriptCore:Warning: Attempted to get an item from array Inventory out of bounds [5/0]!

[2017.01.19-22.26.52:874][262]LogScriptCore:Warning: Attempted to get an item from array TargetArray out of bounds [6/0]!

[2017.01.19-22.26.52:874][262]LogScriptCore:Warning: Attempted to get an item from array Inventory out of bounds [6/0]!

[2017.01.19-22.26.52:874][262]LogScriptCore:Warning: Attempted to get an item from array TargetArray out of bounds [7/0]!

[2017.01.19-22.26.52:874][262]LogScriptCore:Warning: Attempted to get an item from array Inventory out of bounds [7/0]!

[2017.01.19-22.26.52:874][262]LogScriptCore:Warning: Attempted to get an item from array TargetArray out of bounds [8/0]!

[2017.01.19-22.26.52:874][262]LogScriptCore:Warning: Attempted to get an item from array Inventory out of bounds [8/0]!

[2017.01.19-22.26.52:874][262]LogScriptCore:Warning: Attempted to get an item from array TargetArray out of bounds [9/0]!

[2017.01.19-22.26.52:874][262]LogScriptCore:Warning: Attempted to get an item from array Inventory out of bounds [9/0]!

[2017.01.19-22.26.52:874][262]LogScriptCore:Warning: Attempted to get an item from array TargetArray out of bounds [10/0]!

[2017.01.19-22.26.52:874][262]LogScriptCore:Warning: Attempted to get an item from array Inventory out of bounds [10/0]!

[2017.01.19-22.26.52:874][262]LogScriptCore:Warning: Attempted to get an item from array TargetArray out of bounds [11/0]!

[2017.01.19-22.26.52:874][262]LogScriptCore:Warning: Attempted to get an item from array Inventory out of bounds [11/0]!

[2017.01.19-22.26.52:874][262]LogScriptCore:Warning: Attempted to get an item from array TargetArray out of bounds [12/0]!

[2017.01.19-22.26.52:874][262]LogScriptCore:Warning: Attempted to get an item from array Inventory out of bounds [12/0]!

[2017.01.19-22.26.52:874][262]LogScriptCore:Warning: Attempted to get an item from array TargetArray out of bounds [13/0]!

[2017.01.19-22.26.52:874][262]LogScriptCore:Warning: Attempted to get an item from array Inventory out of bounds [13/0]!

[2017.01.19-22.26.52:874][262]LogScriptCore:Warning: Attempted to get an item from array TargetArray out of bounds [14/0]!

[2017.01.19-22.26.52:874][262]LogScriptCore:Warning: Attempted to get an item from array Inventory out of bounds [14/0]!

[2017.01.19-22.26.52:874][262]LogScriptCore:Warning: Attempted to get an item from array TargetArray out of bounds [15/0]!

[2017.01.19-22.26.52:874][262]LogScriptCore:Warning: Attempted to get an item from array Inventory out of bounds [15/0]!

[2017.01.19-22.26.52:874][262]LogScriptCore:Warning: Attempted to get an item from array TargetArray out of bounds [16/0]!

[2017.01.19-22.26.52:874][262]LogScriptCore:Warning: Attempted to get an item from array Inventory out of bounds [16/0]!

[2017.01.19-22.26.52:875][262]LogScriptCore:Warning: Attempted to get an item from array TargetArray out of bounds [17/0]!

[2017.01.19-22.26.52:875][262]LogScriptCore:Warning: Attempted to get an item from array Inventory out of bounds [17/0]!

[2017.01.19-22.26.52:875][262]LogScriptCore:Warning: Attempted to get an item from array TargetArray out of bounds [18/0]!

[2017.01.19-22.26.52:875][262]LogScriptCore:Warning: Attempted to get an item from array Inventory out of bounds [18/0]!

[2017.01.19-22.26.52:875][262]LogScriptCore:Warning: Attempted to get an item from array TargetArray out of bounds [19/0]!

[2017.01.19-22.26.52:875][262]LogScriptCore:Warning: Attempted to get an item from array Inventory out of bounds [19/0]!

[2017.01.19-22.27.03:226][504]LogScriptCore:Warning: Attempted to get an item from array TargetArray out of bounds [0/0]!

[2017.01.19-22.27.03:226][504]LogScriptCore:Warning: Attempted to get an item from array Inventory out of bounds [0/0]!

[2017.01.19-22.27.03:227][504]LogScriptCore:Warning: Attempted to get an item from array TargetArray out of bounds [1/0]!

[2017.01.19-22.27.03:227][504]LogScriptCore:Warning: Attempted to get an item from array Inventory out of bounds [1/0]!

[2017.01.19-22.27.03:227][504]LogScriptCore:Warning: Attempted to get an item from array TargetArray out of bounds [2/0]!

[2017.01.19-22.27.03:227][504]LogScriptCore:Warning: Attempted to get an item from array Inventory out of bounds [2/0]!

[2017.01.19-22.27.03:227][504]LogScriptCore:Warning: Attempted to get an item from array TargetArray out of bounds [3/0]!

[2017.01.19-22.27.03:227][504]LogScriptCore:Warning: Attempted to get an item from array Inventory out of bounds [3/0]!

[2017.01.19-22.27.03:227][504]LogScriptCore:Warning: Attempted to get an item from array TargetArray out of bounds [4/0]!

[2017.01.19-22.27.03:227][504]LogScriptCore:Warning: Attempted to get an item from array Inventory out of bounds [4/0]!

[2017.01.19-22.27.03:227][504]LogScriptCore:Warning: Attempted to get an item from array TargetArray out of bounds [5/0]!

[2017.01.19-22.27.03:227][504]LogScriptCore:Warning: Attempted to get an item from array Inventory out of bounds [5/0]!

[2017.01.19-22.27.03:227][504]LogScriptCore:Warning: Attempted to get an item from array TargetArray out of bounds [6/0]!

[2017.01.19-22.27.03:228][504]LogScriptCore:Warning: Attempted to get an item from array Inventory out of bounds [6/0]!

[2017.01.19-22.27.03:228][504]LogScriptCore:Warning: Attempted to get an item from array TargetArray out of bounds [7/0]!

[2017.01.19-22.27.03:228][504]LogScriptCore:Warning: Attempted to get an item from array Inventory out of bounds [7/0]!

[2017.01.19-22.27.03:228][504]LogScriptCore:Warning: Attempted to get an item from array TargetArray out of bounds [8/0]!

[2017.01.19-22.27.03:228][504]LogScriptCore:Warning: Attempted to get an item from array Inventory out of bounds [8/0]!

[2017.01.19-22.27.03:228][504]LogScriptCore:Warning: Attempted to get an item from array TargetArray out of bounds [9/0]!

[2017.01.19-22.27.03:228][504]LogScriptCore:Warning: Attempted to get an item from array Inventory out of bounds [9/0]!

[2017.01.19-22.27.03:228][504]LogScriptCore:Warning: Attempted to get an item from array TargetArray out of bounds [10/0]!

[2017.01.19-22.27.03:228][504]LogScriptCore:Warning: Attempted to get an item from array Inventory out of bounds [10/0]!

[2017.01.19-22.27.03:228][504]LogScriptCore:Warning: Attempted to get an item from array TargetArray out of bounds [11/0]!

[2017.01.19-22.27.03:228][504]LogScriptCore:Warning: Attempted to get an item from array Inventory out of bounds [11/0]!

[2017.01.19-22.27.03:228][504]LogScriptCore:Warning: Attempted to get an item from array TargetArray out of bounds [12/0]!

[2017.01.19-22.27.03:229][504]LogScriptCore:Warning: Attempted to get an item from array Inventory out of bounds [12/0]!

[2017.01.19-22.27.03:229][504]LogScriptCore:Warning: Attempted to get an item from array TargetArray out of bounds [13/0]!

[2017.01.19-22.27.03:229][504]LogScriptCore:Warning: Attempted to get an item from array Inventory out of bounds [13/0]!

[2017.01.19-22.27.03:229][504]LogScriptCore:Warning: Attempted to get an item from array TargetArray out of bounds [14/0]!

[2017.01.19-22.27.03:229][504]LogScriptCore:Warning: Attempted to get an item from array Inventory out of bounds [14/0]!

[2017.01.19-22.27.03:229][504]LogScriptCore:Warning: Attempted to get an item from array TargetArray out of bounds [15/0]!

[2017.01.19-22.27.03:229][504]LogScriptCore:Warning: Attempted to get an item from array Inventory out of bounds [15/0]!

[2017.01.19-22.27.03:229][504]LogScriptCore:Warning: Attempted to get an item from array TargetArray out of bounds [16/0]!

[2017.01.19-22.27.03:229][504]LogScriptCore:Warning: Attempted to get an item from array Inventory out of bounds [16/0]!

[2017.01.19-22.27.03:229][504]LogScriptCore:Warning: Attempted to get an item from array TargetArray out of bounds [17/0]!

[2017.01.19-22.27.03:229][504]LogScriptCore:Warning: Attempted to get an item from array Inventory out of bounds [17/0]!

[2017.01.19-22.27.03:230][504]LogScriptCore:Warning: Attempted to get an item from array TargetArray out of bounds [18/0]!

[2017.01.19-22.27.03:230][504]LogScriptCore:Warning: Attempted to get an item from array Inventory out of bounds [18/0]!

[2017.01.19-22.27.03:230][504]LogScriptCore:Warning: Attempted to get an item from array TargetArray out of bounds [19/0]!

[2017.01.19-22.27.03:230][504]LogScriptCore:Warning: Attempted to get an item from array Inventory out of bounds [19/0]!

[2017.01.19-22.27.07:747][ 46]LogScriptCore:Warning: Attempted to get an item from array TargetArray out of bounds [0/0]!

[2017.01.19-22.27.07:747][ 46]LogScriptCore:Warning: Attempted to get an item from array Inventory out of bounds [0/0]!

[2017.01.19-22.27.07:747][ 46]LogScriptCore:Warning: Attempted to get an item from array TargetArray out of bounds [1/0]!

[2017.01.19-22.27.07:747][ 46]LogScriptCore:Warning: Attempted to get an item from array Inventory out of bounds [1/0]!

[2017.01.19-22.27.07:747][ 46]LogScriptCore:Warning: Attempted to get an item from array TargetArray out of bounds [2/0]!

[2017.01.19-22.27.07:747][ 46]LogScriptCore:Warning: Attempted to get an item from array Inventory out of bounds [2/0]!

[2017.01.19-22.27.07:747][ 46]LogScriptCore:Warning: Attempted to get an item from array TargetArray out of bounds [3/0]!

[2017.01.19-22.27.07:747][ 46]LogScriptCore:Warning: Attempted to get an item from array Inventory out of bounds [3/0]!

[2017.01.19-22.27.07:747][ 46]LogScriptCore:Warning: Attempted to get an item from array TargetArray out of bounds [4/0]!

[2017.01.19-22.27.07:747][ 46]LogScriptCore:Warning: Attempted to get an item from array Inventory out of bounds [4/0]!

[2017.01.19-22.27.07:747][ 46]LogScriptCore:Warning: Attempted to get an item from array TargetArray out of bounds [5/0]!

[2017.01.19-22.27.07:747][ 46]LogScriptCore:Warning: Attempted to get an item from array Inventory out of bounds [5/0]!

[2017.01.19-22.27.07:748][ 46]LogScriptCore:Warning: Attempted to get an item from array TargetArray out of bounds [6/0]!

[2017.01.19-22.27.07:748][ 46]LogScriptCore:Warning: Attempted to get an item from array Inventory out of bounds [6/0]!

[2017.01.19-22.27.07:748][ 46]LogScriptCore:Warning: Attempted to get an item from array TargetArray out of bounds [7/0]!

[2017.01.19-22.27.07:748][ 46]LogScriptCore:Warning: Attempted to get an item from array Inventory out of bounds [7/0]!

[2017.01.19-22.27.07:748][ 46]LogScriptCore:Warning: Attempted to get an item from array TargetArray out of bounds [8/0]!

[2017.01.19-22.27.07:748][ 46]LogScriptCore:Warning: Attempted to get an item from array Inventory out of bounds [8/0]!

[2017.01.19-22.27.07:748][ 46]LogScriptCore:Warning: Attempted to get an item from array TargetArray out of bounds [9/0]!

[2017.01.19-22.27.07:748][ 46]LogScriptCore:Warning: Attempted to get an item from array Inventory out of bounds [9/0]!

[2017.01.19-22.27.07:748][ 46]LogScriptCore:Warning: Attempted to get an item from array TargetArray out of bounds [10/0]!

[2017.01.19-22.27.07:748][ 46]LogScriptCore:Warning: Attempted to get an item from array Inventory out of bounds [10/0]!

[2017.01.19-22.27.07:748][ 46]LogScriptCore:Warning: Attempted to get an item from array TargetArray out of bounds [11/0]!

[2017.01.19-22.27.07:748][ 46]LogScriptCore:Warning: Attempted to get an item from array Inventory out of bounds [11/0]!

[2017.01.19-22.27.07:748][ 46]LogScriptCore:Warning: Attempted to get an item from array TargetArray out of bounds [12/0]!

[2017.01.19-22.27.07:748][ 46]LogScriptCore:Warning: Attempted to get an item from array Inventory out of bounds [12/0]!

[2017.01.19-22.27.07:748][ 46]LogScriptCore:Warning: Attempted to get an item from array TargetArray out of bounds [13/0]!

[2017.01.19-22.27.07:748][ 46]LogScriptCore:Warning: Attempted to get an item from array Inventory out of bounds [13/0]!

[2017.01.19-22.27.07:748][ 46]LogScriptCore:Warning: Attempted to get an item from array TargetArray out of bounds [14/0]!

[2017.01.19-22.27.07:748][ 46]LogScriptCore:Warning: Attempted to get an item from array Inventory out of bounds [14/0]!

[2017.01.19-22.27.07:748][ 46]LogScriptCore:Warning: Attempted to get an item from array TargetArray out of bounds [15/0]!

[2017.01.19-22.27.07:748][ 46]LogScriptCore:Warning: Attempted to get an item from array Inventory out of bounds [15/0]!

[2017.01.19-22.27.07:749][ 46]LogScriptCore:Warning: Attempted to get an item from array TargetArray out of bounds [16/0]!

[2017.01.19-22.27.07:749][ 46]LogScriptCore:Warning: Attempted to get an item from array Inventory out of bounds [16/0]!

[2017.01.19-22.27.07:749][ 46]LogScriptCore:Warning: Attempted to get an item from array TargetArray out of bounds [17/0]!

[2017.01.19-22.27.07:749][ 46]LogScriptCore:Warning: Attempted to get an item from array Inventory out of bounds [17/0]!

[2017.01.19-22.27.07:749][ 46]LogScriptCore:Warning: Attempted to get an item from array TargetArray out of bounds [18/0]!

[2017.01.19-22.27.07:749][ 46]LogScriptCore:Warning: Attempted to get an item from array Inventory out of bounds [18/0]!

[2017.01.19-22.27.07:749][ 46]LogScriptCore:Warning: Attempted to get an item from array TargetArray out of bounds [19/0]!

[2017.01.19-22.27.07:749][ 46]LogScriptCore:Warning: Attempted to get an item from array Inventory out of bounds [19/0]!

[2017.01.19-22.27.10:205][341]LogBlueprintUserMessages: Early EndPlayMap Detection: Level '/Game/Map/Map.Map:PersistentLevel' has LevelScriptBlueprint '/Game/Map/Map.Map:PersistentLevel.Map' with GeneratedClass '/Game/Map/Map.Map_C' with ClassGeneratedBy '/Game/Map/Map.Map:PersistentLevel.Map'
[2017.01.19-22.27.10:243][341]LogBlueprintUserMessages: Late EndPlayMap Detection: Level '/Game/Map/Map.Map:PersistentLevel' has LevelScriptBlueprint '/Game/Map/Map.Map:PersistentLevel.Map' with GeneratedClass '/Game/Map/Map.Map_C' with ClassGeneratedBy '/Game/Map/Map.Map:PersistentLevel.Map'
[2017.01.19-22.27.12:657][618]LogBlueprintUserMessages: Early PlayInEditor Detection: Level '/Game/Map/Map.Map:PersistentLevel' has LevelScriptBlueprint '/Game/Map/Map.Map:PersistentLevel.Map' with GeneratedClass '/Game/Map/Map.Map_C' with ClassGeneratedBy '/Game/Map/Map.Map:PersistentLevel.Map'
[2017.01.19-22.27.12:658][618]LogPlayLevel: PlayLevel: No blueprints needed recompiling
[2017.01.19-22.27.12:658][618]PIE: New page: PIE session: Map (Jan 20, 2017, 12:27:12 AM)
[2017.01.19-22.27.12:658][618]LogPlayLevel: Creating play world package: /Game/Map/UEDPIE_0_Map
[2017.01.19-22.27.12:699][618]LogPlayLevel: PIE: StaticDuplicateObject took: (0.040792s)
[2017.01.19-22.27.12:699][618]LogAIModule: Creating AISystem for world Map
[2017.01.19-22.27.12:699][618]LogPlayLevel: PIE: World Init took: (0.000876s)
[2017.01.19-22.27.12:700][618]LogPlayLevel: PIE: Created PIE world by copying editor world from /Game/Map/Map.Map to /Game/Map/UEDPIE_0_Map.Map (0.041971s)
[2017.01.19-22.27.12:728][618]LogInit: XAudio2 using 'Lautsprecher (SteelSeries Siberia 350)' : 2 channels at 44.1 kHz using 16 bits per sample (channel mask 0x3)
[2017.01.19-22.27.12:743][618]LogInit: FAudioDevice initialized.
[2017.01.19-22.27.12:792][618]LogWorld: Game class is 'GameMode'
[2017.01.19-22.27.12:808][618]LogWorld: Bringing World /Game/Map/UEDPIE_0_Map.Map up for play (max tick rate 0) at 2017.01.19-23.27.12
[2017.01.19-22.27.12:810][618]LogWorld: Bringing up level for play took: 0.017030
[2017.01.19-22.27.12:811][618]PIE: Info Play in editor start time for /Game/Map/UEDPIE_0_Map -0.682
[2017.01.19-22.27.12:811][618]LogBlueprintUserMessages: Late PlayInEditor Detection: Level '/Game/Map/Map.Map:PersistentLevel' has LevelScriptBlueprint '/Game/Map/Map.Map:PersistentLevel.Map' with GeneratedClass '/Game/Map/Map.Map_C' with ClassGeneratedBy '/Game/Map/Map.Map:PersistentLevel.Map'
[2017.01.19-22.27.15:658][957]LogBlueprintUserMessages: Early EndPlayMap Detection: Level '/Game/Map/Map.Map:PersistentLevel' has LevelScriptBlueprint '/Game/Map/Map.Map:PersistentLevel.Map' with GeneratedClass '/Game/Map/Map.Map_C' with ClassGeneratedBy '/Game/Map/Map.Map:PersistentLevel.Map'
[2017.01.19-22.27.15:697][957]LogBlueprintUserMessages: Late EndPlayMap Detection: Level '/Game/Map/Map.Map:PersistentLevel' has LevelScriptBlueprint '/Game/Map/Map.Map:PersistentLevel.Map' with GeneratedClass '/Game/Map/Map.Map_C' with ClassGeneratedBy '/Game/Map/Map.Map:PersistentLevel.Map'
[2017.01.19-22.27.36:107][290]BlueprintLog: New page: Compile UI_GameHUD
[2017.01.19-22.27.36:114][290]LogBlueprint:Warning: Compiler Warning Can't connect pins  Object  and  Return Value : This cast has an invalid target type (was the class deleted without a redirect?).
[2017.01.19-22.27.36:114][290]LogBlueprint:Warning: Compiler Warning Can't connect pins  Return Value  and  Object : This cast has an invalid target type (was the class deleted without a redirect?).
[2017.01.19-22.27.36:115][290]LogBlueprint:Error: Compiler Error This blueprint (self) is not compatible with ' Target ', therefore that pin must have a connection.
[2017.01.19-22.27.36:115][290]LogBlueprint:Error: Compiler Error This blueprint (self) is not compatible with ' Target ', therefore that pin must have a connection.
[2017.01.19-22.27.36:115][290]LogBlueprint:Error: Compiler Error The property associated with  Max Health  could not be found
[2017.01.19-22.27.36:115][290]LogBlueprint:Error: Compiler Error The property associated with  Current Health  could not be found
[2017.01.19-22.27.36:263][290]LogBlueprint:Warning: Compiler Warning [0179.10] Compile of UI_GameHUD failed. 4 Fatal Issue(s) 2 Warning(s) [in 155 ms] (/Game/UI/UI_GameHUD.UI_GameHUD)
[2017.01.19-22.27.36:263][290]BlueprintEditorCompileResults:Warning: Warning Can't connect pins  Object  and  Return Value : This cast has an invalid target type (was the class deleted without a redirect?).
[2017.01.19-22.27.36:263][290]BlueprintEditorCompileResults:Warning: Warning Can't connect pins  Return Value  and  Object : This cast has an invalid target type (was the class deleted without a redirect?).
[2017.01.19-22.27.36:263][290]BlueprintEditorCompileResults:Error: Error This blueprint (self) is not compatible with ' Target ', therefore that pin must have a connection.
[2017.01.19-22.27.36:263][290]BlueprintEditorCompileResults:Error: Error This blueprint (self) is not compatible with ' Target ', therefore that pin must have a connection.
[2017.01.19-22.27.36:263][290]BlueprintEditorCompileResults:Error: Error The property associated with  Max Health  could not be found
[2017.01.19-22.27.36:263][290]BlueprintEditorCompileResults:Error: Error The property associated with  Current Health  could not be found
[2017.01.19-22.27.36:263][290]BlueprintEditorCompileResults:Warning: Warning [0179.10] Compile of UI_GameHUD failed. 4 Fatal Issue(s) 2 Warning(s) [in 155 ms] (/Game/UI/UI_GameHUD.UI_GameHUD)
[2017.01.19-22.29.13:657][136]BlueprintLog: New page: Compile UI_GameHUD
[2017.01.19-22.29.13:663][136]LogBlueprint:Warning: Compiler Warning 'Character Controller' does not inherit from 'Player Controller' ( Cast To Character_Controller  would always fail).
[2017.01.19-22.29.13:664][136]LogBlueprint:Error: Compiler Error This blueprint (self) is not compatible with ' Target ', therefore that pin must have a connection.
[2017.01.19-22.29.13:664][136]LogBlueprint:Error: Compiler Error This blueprint (self) is not compatible with ' Target ', therefore that pin must have a connection.
[2017.01.19-22.29.13:664][136]LogBlueprint:Error: Compiler Error The property associated with  Max Health  could not be found
[2017.01.19-22.29.13:664][136]LogBlueprint:Error: Compiler Error The property associated with  Current Health  could not be found
[2017.01.19-22.29.13:801][136]LogBlueprint:Warning: Compiler Warning [0276.63] Compile of UI_GameHUD failed. 4 Fatal Issue(s) 1 Warning(s) [in 143 ms] (/Game/UI/UI_GameHUD.UI_GameHUD)
[2017.01.19-22.29.13:801][136]BlueprintEditorCompileResults:Warning: Warning 'Character Controller' does not inherit from 'Player Controller' ( Cast To Character_Controller  would always fail).
[2017.01.19-22.29.13:801][136]BlueprintEditorCompileResults:Error: Error This blueprint (self) is not compatible with ' Target ', therefore that pin must have a connection.
[2017.01.19-22.29.13:801][136]BlueprintEditorCompileResults:Error: Error This blueprint (self) is not compatible with ' Target ', therefore that pin must have a connection.
[2017.01.19-22.29.13:801][136]BlueprintEditorCompileResults:Error: Error The property associated with  Max Health  could not be found
[2017.01.19-22.29.13:801][136]BlueprintEditorCompileResults:Error: Error The property associated with  Current Health  could not be found
[2017.01.19-22.29.13:801][136]BlueprintEditorCompileResults:Warning: Warning [0276.63] Compile of UI_GameHUD failed. 4 Fatal Issue(s) 1 Warning(s) [in 143 ms] (/Game/UI/UI_GameHUD.UI_GameHUD)
[2017.01.19-22.30.06:430][815]BlueprintLog: New page: Compile UI_GameHUD
[2017.01.19-22.30.06:436][815]LogBlueprint:Warning: Compiler Warning 'Character Controller' does not inherit from 'Player Controller' ( Cast To Character_Controller  would always fail).
[2017.01.19-22.30.06:519][815]LogBlueprint:Warning: Compiler Warning [0329.35] Compile of UI_GameHUD successful, but with 1 Warning(s) [in 89 ms] (/Game/UI/UI_GameHUD.UI_GameHUD)
[2017.01.19-22.30.06:519][815]BlueprintEditorCompileResults:Warning: Warning 'Character Controller' does not inherit from 'Player Controller' ( Cast To Character_Controller  would always fail).
[2017.01.19-22.30.06:519][815]BlueprintEditorCompileResults:Warning: Warning [0329.35] Compile of UI_GameHUD successful, but with 1 Warning(s) [in 89 ms] (/Game/UI/UI_GameHUD.UI_GameHUD)
[2017.01.19-22.30.31:302][ 32]BlueprintLog: New page: Compile UI_GameHUD
[2017.01.19-22.30.31:387][ 32]BlueprintEditorCompileResults: Info [0354.22] Compile of UI_GameHUD successful! [in 84 ms] (/Game/UI/UI_GameHUD.UI_GameHUD)
[2017.01.19-22.30.39:887][873]LogBlueprintUserMessages: Early PlayInEditor Detection: Level '/Game/Map/Map.Map:PersistentLevel' has LevelScriptBlueprint '/Game/Map/Map.Map:PersistentLevel.Map' with GeneratedClass '/Game/Map/Map.Map_C' with ClassGeneratedBy '/Game/Map/Map.Map:PersistentLevel.Map'
[2017.01.19-22.30.39:887][873]LogPlayLevel: PlayLevel: No blueprints needed recompiling
[2017.01.19-22.30.39:887][873]PIE: New page: PIE session: Map (Jan 20, 2017, 12:30:39 AM)
[2017.01.19-22.30.39:887][873]LogPlayLevel: Creating play world package: /Game/Map/UEDPIE_0_Map
[2017.01.19-22.30.39:926][873]LogPlayLevel: PIE: StaticDuplicateObject took: (0.039483s)
[2017.01.19-22.30.39:927][873]LogAIModule: Creating AISystem for world Map
[2017.01.19-22.30.39:927][873]LogPlayLevel: PIE: World Init took: (0.000634s)
[2017.01.19-22.30.39:927][873]LogPlayLevel: PIE: Created PIE world by copying editor world from /Game/Map/Map.Map to /Game/Map/UEDPIE_0_Map.Map (0.040393s)
[2017.01.19-22.30.39:956][873]LogInit: XAudio2 using 'Lautsprecher (SteelSeries Siberia 350)' : 2 channels at 44.1 kHz using 16 bits per sample (channel mask 0x3)
[2017.01.19-22.30.39:970][873]LogInit: FAudioDevice initialized.
[2017.01.19-22.30.40:020][873]LogWorld: Game class is 'GameMode'
[2017.01.19-22.30.40:038][873]LogWorld: Bringing World /Game/Map/UEDPIE_0_Map.Map up for play (max tick rate 0) at 2017.01.19-23.30.40
[2017.01.19-22.30.40:039][873]LogWorld: Bringing up level for play took: 0.017906
[2017.01.19-22.30.40:041][873]PIE: Info Play in editor start time for /Game/Map/UEDPIE_0_Map 0.547
[2017.01.19-22.30.40:041][873]LogBlueprintUserMessages: Late PlayInEditor Detection: Level '/Game/Map/Map.Map:PersistentLevel' has LevelScriptBlueprint '/Game/Map/Map.Map:PersistentLevel.Map' with GeneratedClass '/Game/Map/Map.Map_C' with ClassGeneratedBy '/Game/Map/Map.Map:PersistentLevel.Map'
[2017.01.19-22.30.41:762][ 77]LogBlueprintUserMessages: Early EndPlayMap Detection: Level '/Game/Map/Map.Map:PersistentLevel' has LevelScriptBlueprint '/Game/Map/Map.Map:PersistentLevel.Map' with GeneratedClass '/Game/Map/Map.Map_C' with ClassGeneratedBy '/Game/Map/Map.Map:PersistentLevel.Map'
[2017.01.19-22.30.41:800][ 77]LogBlueprintUserMessages: Late EndPlayMap Detection: Level '/Game/Map/Map.Map:PersistentLevel' has LevelScriptBlueprint '/Game/Map/Map.Map:PersistentLevel.Map' with GeneratedClass '/Game/Map/Map.Map_C' with ClassGeneratedBy '/Game/Map/Map.Map:PersistentLevel.Map'
[2017.01.19-22.31.09:381][315]Cmd: OBJ SAVEPACKAGE PACKAGE="/Game/Map/Map" FILE="../../../../../../MP2/project_nomad/Project_Nomand/Content/Map/Map.umap" SILENT=true AUTOSAVING=false KEEPDIRTY=false
[2017.01.19-22.31.10:107][315]LogSavePackage: Save=675.97ms
[2017.01.19-22.31.10:107][315]LogSavePackage: Moving '../../../../../../MP2/project_nomad/Project_Nomand/Saved/Map7C9CF20B4FC498EEBD39E98C1BC6BD3A.tmp' to '../../../../../../MP2/project_nomad/Project_Nomand/Content/Map/Map.umap'
[2017.01.19-22.31.10:109][315]LogSavePackage:Display: Finished SavePackage ../../../../../../MP2/project_nomad/Project_Nomand/Content/Map/Map.umap
[2017.01.19-22.31.10:157][315]LogFileHelpers: Saving map 'Map' took 0.828
[2017.01.19-22.31.10:158][315]Cmd: OBJ SAVEPACKAGE PACKAGE="/Game/UI/UI_GameHUD" FILE="../../../../../../MP2/project_nomad/Project_Nomand/Content/UI/UI_GameHUD.uasset" SILENT=true
[2017.01.19-22.31.10:182][315]LogSavePackage: Save=16.58ms
[2017.01.19-22.31.10:182][315]LogSavePackage: Moving '../../../../../../MP2/project_nomad/Project_Nomand/Saved/UI_GameHUD6E7BBC7048D85BFC27FC2FA0F56C956D.tmp' to '../../../../../../MP2/project_nomad/Project_Nomand/Content/UI/UI_GameHUD.uasset'
[2017.01.19-22.31.10:184][315]LogSavePackage:Display: Finished SavePackage ../../../../../../MP2/project_nomad/Project_Nomand/Content/UI/UI_GameHUD.uasset
[2017.01.19-22.31.11:626][465]LogBlueprintUserMessages: Early PlayInEditor Detection: Level '/Game/Map/Map.Map:PersistentLevel' has LevelScriptBlueprint '/Game/Map/Map.Map:PersistentLevel.Map' with GeneratedClass '/Game/Map/Map.Map_C' with ClassGeneratedBy '/Game/Map/Map.Map:PersistentLevel.Map'
[2017.01.19-22.31.11:626][465]LogPlayLevel: PlayLevel: No blueprints needed recompiling
[2017.01.19-22.31.11:626][465]PIE: New page: PIE session: Map (Jan 20, 2017, 12:31:11 AM)
[2017.01.19-22.31.11:626][465]LogPlayLevel: Creating play world package: /Game/Map/UEDPIE_0_Map
[2017.01.19-22.31.11:664][465]LogPlayLevel: PIE: StaticDuplicateObject took: (0.038117s)
[2017.01.19-22.31.11:665][465]LogAIModule: Creating AISystem for world Map
[2017.01.19-22.31.11:665][465]LogPlayLevel: PIE: World Init took: (0.000608s)
[2017.01.19-22.31.11:665][465]LogPlayLevel: PIE: Created PIE world by copying editor world from /Game/Map/Map.Map to /Game/Map/UEDPIE_0_Map.Map (0.039029s)
[2017.01.19-22.31.11:699][465]LogInit: XAudio2 using 'Lautsprecher (SteelSeries Siberia 350)' : 2 channels at 44.1 kHz using 16 bits per sample (channel mask 0x3)
[2017.01.19-22.31.11:714][465]LogInit: FAudioDevice initialized.
[2017.01.19-22.31.11:767][465]LogWorld: Game class is 'GameMode'
[2017.01.19-22.31.11:786][465]LogWorld: Bringing World /Game/Map/UEDPIE_0_Map.Map up for play (max tick rate 0) at 2017.01.19-23.31.11
[2017.01.19-22.31.11:787][465]LogWorld: Bringing up level for play took: 0.018739
[2017.01.19-22.31.11:788][465]PIE: Info Play in editor start time for /Game/Map/UEDPIE_0_Map 0.295
[2017.01.19-22.31.11:789][465]LogBlueprintUserMessages: Late PlayInEditor Detection: Level '/Game/Map/Map.Map:PersistentLevel' has LevelScriptBlueprint '/Game/Map/Map.Map:PersistentLevel.Map' with GeneratedClass '/Game/Map/Map.Map_C' with ClassGeneratedBy '/Game/Map/Map.Map:PersistentLevel.Map'
[2017.01.19-22.31.12:808][583]LogBlueprintUserMessages: Early EndPlayMap Detection: Level '/Game/Map/Map.Map:PersistentLevel' has LevelScriptBlueprint '/Game/Map/Map.Map:PersistentLevel.Map' with GeneratedClass '/Game/Map/Map.Map_C' with ClassGeneratedBy '/Game/Map/Map.Map:PersistentLevel.Map'
[2017.01.19-22.31.12:844][583]LogBlueprintUserMessages: Late EndPlayMap Detection: Level '/Game/Map/Map.Map:PersistentLevel' has LevelScriptBlueprint '/Game/Map/Map.Map:PersistentLevel.Map' with GeneratedClass '/Game/Map/Map.Map_C' with ClassGeneratedBy '/Game/Map/Map.Map:PersistentLevel.Map'
[2017.01.19-22.31.15:496][843]LogWindowsTextInputMethodSystem:Display: IME system now deactivated.
[2017.01.19-22.31.15:668][844]Cmd: QUIT_EDITOR
[2017.01.19-22.31.15:975][844]LogExit: Preparing to exit.
[2017.01.19-22.31.16:999][844]LogExit: Editor shut down
[2017.01.19-22.31.16:999][844]LogExit: Transaction tracking system shut down
[2017.01.19-22.31.17:153][844]LogObj: Freed 0b from 0 cluster array pools.
[2017.01.19-22.31.17:153][844]LogExit: Object subsystem successfully closed.
[2017.01.19-22.31.17:173][844]LogD3D11RHI: Shutdown
[2017.01.19-22.31.17:173][844]LogD3D11RHI: CleanupD3DDevice
[2017.01.19-22.31.17:248][844]LogD3D11RHI: ~FD3D11DynamicRHI
[2017.01.19-22.31.17:254][844]LogModuleManager: Shutting down and abandoning module SequencerWidgets (217)
[2017.01.19-22.31.17:254][844]LogModuleManager: Shutting down and abandoning module MovieSceneCapture (216)
[2017.01.19-22.31.17:254][844]LogModuleManager: Shutting down and abandoning module HierarchicalLODUtilities (215)
[2017.01.19-22.31.17:254][844]LogModuleManager: Shutting down and abandoning module BlueprintGraph (214)
[2017.01.19-22.31.17:254][844]LogModuleManager: Shutting down and abandoning module HierarchicalLODOutliner (213)
[2017.01.19-22.31.17:254][844]LogModuleManager: Shutting down and abandoning module CrashTracker (212)
[2017.01.19-22.31.17:254][844]LogModuleManager: Shutting down and abandoning module SceneOutliner (211)
[2017.01.19-22.31.17:254][844]LogModuleManager: Shutting down and abandoning module WidgetCarousel (210)
[2017.01.19-22.31.17:254][844]LogModuleManager: Shutting down and abandoning module AddContentDialog (209)
[2017.01.19-22.31.17:255][844]LogModuleManager: Shutting down and abandoning module GameplayTags (208)
[2017.01.19-22.31.17:255][844]LogModuleManager: Shutting down and abandoning module EditorWidgets (207)
[2017.01.19-22.31.17:255][844]LogModuleManager: Shutting down and abandoning module CollectionManager (206)
[2017.01.19-22.31.17:255][844]LogModuleManager: Shutting down and abandoning module StatsViewer (205)
[2017.01.19-22.31.17:255][844]LogModuleManager: Shutting down and abandoning module FoliageEdit (204)
[2017.01.19-22.31.17:255][844]LogModuleManager: Shutting down and abandoning module LandscapeEditor (203)
[2017.01.19-22.31.17:255][844]LogModuleManager: Shutting down and abandoning module SceneDepthPickerMode (202)
[2017.01.19-22.31.17:255][844]LogModuleManager: Shutting down and abandoning module ActorPickerMode (201)
[2017.01.19-22.31.17:255][844]LogModuleManager: Shutting down and abandoning module GeometryMode (200)
[2017.01.19-22.31.17:255][844]LogModuleManager: Shutting down and abandoning module TextureAlignMode (199)
[2017.01.19-22.31.17:255][844]LogModuleManager: Shutting down and abandoning module BspMode (198)
[2017.01.19-22.31.17:255][844]LogModuleManager: Shutting down and abandoning module HardwareSurvey (197)
[2017.01.19-22.31.17:255][844]LogModuleManager: Shutting down and abandoning module SequenceRecorderSections (196)
[2017.01.19-22.31.17:255][844]LogModuleManager: Shutting down and abandoning module SequenceRecorder (195)
[2017.01.19-22.31.17:255][844]LogModuleManager: Shutting down and abandoning module AutomationWorker (194)
[2017.01.19-22.31.17:255][844]LogModuleManager: Shutting down and abandoning module MatineeToLevelSequence (193)
[2017.01.19-22.31.17:255][844]LogModuleManager: Shutting down and abandoning module PlacementMode (192)
[2017.01.19-22.31.17:255][844]LogModuleManager: Shutting down and abandoning module LevelSequenceEditor (191)
[2017.01.19-22.31.17:255][844]LogModuleManager: Shutting down and abandoning module CharacterAI (190)
[2017.01.19-22.31.17:255][844]LogModuleManager: Shutting down and abandoning module SmartSnapping (189)
[2017.01.19-22.31.17:255][844]LogModuleManager: Shutting down and abandoning module SessionServices (188)
[2017.01.19-22.31.17:255][844]LogModuleManager: Shutting down and abandoning module ViewportSnapping (187)
[2017.01.19-22.31.17:255][844]LogModuleManager: Shutting down and abandoning module LogVisualizer (186)
[2017.01.19-22.31.17:256][844]LogModuleManager: Shutting down and abandoning module GameProjectGeneration (185)
[2017.01.19-22.31.17:256][844]LogModuleManager: Shutting down and abandoning module IntroTutorials (184)
[2017.01.19-22.31.17:256][844]LogModuleManager: Shutting down and abandoning module EditorLiveStreaming (183)
[2017.01.19-22.31.17:256][844]LogModuleManager: Shutting down and abandoning module IOSPlatformEditor (182)
[2017.01.19-22.31.17:256][844]LogModuleManager: Shutting down and abandoning module HTML5PlatformEditor (181)
[2017.01.19-22.31.17:256][844]LogModuleManager: Shutting down and abandoning module AndroidDeviceDetection (180)
[2017.01.19-22.31.17:754][844]LogModuleManager: Shutting down and abandoning module AndroidPlatformEditor (179)
[2017.01.19-22.31.17:754][844]LogModuleManager: Shutting down and abandoning module IOSRuntimeSettings (178)
[2017.01.19-22.31.17:754][844]LogModuleManager: Shutting down and abandoning module AndroidRuntimeSettings (177)
[2017.01.19-22.31.17:754][844]LogModuleManager: Shutting down and abandoning module MergeActors (176)
[2017.01.19-22.31.17:754][844]LogModuleManager: Shutting down and abandoning module SizeMap (175)
[2017.01.19-22.31.17:754][844]LogModuleManager: Shutting down and abandoning module TreeMap (174)
[2017.01.19-22.31.17:754][844]LogModuleManager: Shutting down and abandoning module ReferenceViewer (173)
[2017.01.19-22.31.17:754][844]LogModuleManager: Shutting down and abandoning module LocalizationService (172)
[2017.01.19-22.31.17:754][844]LogModuleManager: Shutting down and abandoning module LocalizationDashboard (171)
[2017.01.19-22.31.17:754][844]LogModuleManager: Shutting down and abandoning module HardwareTargeting (170)
[2017.01.19-22.31.17:754][844]LogModuleManager: Shutting down and abandoning module DeviceProfileEditor (169)
[2017.01.19-22.31.17:754][844]LogModuleManager: Shutting down and abandoning module UndoHistory (168)
[2017.01.19-22.31.17:754][844]LogModuleManager: Shutting down and abandoning module UserFeedback (167)
[2017.01.19-22.31.17:754][844]LogModuleManager: Shutting down and abandoning module XmlParser (166)
[2017.01.19-22.31.17:754][844]LogModuleManager: Shutting down and abandoning module Blutility (165)
[2017.01.19-22.31.17:754][844]LogModuleManager: Shutting down and abandoning module ProjectTargetPlatformEditor (164)
[2017.01.19-22.31.17:754][844]LogModuleManager: Shutting down and abandoning module ProjectSettingsViewer (163)
[2017.01.19-22.31.17:754][844]LogModuleManager: Shutting down and abandoning module InputBindingEditor (162)
[2017.01.19-22.31.17:754][844]LogModuleManager: Shutting down and abandoning module EditorSettingsViewer (161)
[2017.01.19-22.31.17:754][844]LogModuleManager: Shutting down and abandoning module SettingsEditor (160)
[2017.01.19-22.31.17:754][844]LogModuleManager: Shutting down and abandoning module ProjectLauncher (159)
[2017.01.19-22.31.17:754][844]LogModuleManager: Shutting down and abandoning module SessionFrontend (158)
[2017.01.19-22.31.17:754][844]LogModuleManager: Shutting down and abandoning module ProfilerClient (157)
[2017.01.19-22.31.17:754][844]LogModuleManager: Shutting down and abandoning module TargetDeviceServices (156)
[2017.01.19-22.31.17:754][844]LogModuleManager: Shutting down and abandoning module DeviceManager (155)
[2017.01.19-22.31.17:807][844]LogModuleManager: Shutting down and abandoning module AutomationController (154)
[2017.01.19-22.31.17:807][844]LogModuleManager: Shutting down and abandoning module AutomationWindow (153)
[2017.01.19-22.31.17:807][844]LogModuleManager: Shutting down and abandoning module Layers (152)
[2017.01.19-22.31.17:807][844]LogModuleManager: Shutting down and abandoning module ComponentVisualizers (151)
[2017.01.19-22.31.17:807][844]LogModuleManager: Shutting down and abandoning module DetailCustomizations (150)
[2017.01.19-22.31.17:807][844]LogModuleManager: Shutting down and abandoning module PackagesDialog (149)
[2017.01.19-22.31.17:807][844]LogModuleManager: Shutting down and abandoning module Persona (148)
[2017.01.19-22.31.17:807][844]LogModuleManager: Shutting down and abandoning module Kismet (147)
[2017.01.19-22.31.17:807][844]LogModuleManager: Shutting down and abandoning module GraphEditor (146)
[2017.01.19-22.31.17:807][844]LogModuleManager: Shutting down and abandoning module ClassViewer (145)
[2017.01.19-22.31.17:808][844]LogModuleManager: Shutting down and abandoning module Toolbox (144)
[2017.01.19-22.31.17:808][844]LogModuleManager: Shutting down and abandoning module ModuleUI (143)
[2017.01.19-22.31.17:808][844]LogModuleManager: Shutting down and abandoning module MovieSceneTools (142)
[2017.01.19-22.31.17:808][844]LogModuleManager: Shutting down and abandoning module OutputLog (141)
[2017.01.19-22.31.17:808][844]LogModuleManager: Shutting down and abandoning module GammaUI (140)
[2017.01.19-22.31.17:808][844]LogModuleManager: Shutting down and abandoning module Documentation (139)
[2017.01.19-22.31.17:808][844]LogModuleManager: Shutting down and abandoning module StreamingPauseRendering (138)
[2017.01.19-22.31.17:808][844]LogModuleManager: Shutting down and abandoning module AnalyticsET (137)
[2017.01.19-22.31.17:808][844]LogModuleManager: Shutting down and abandoning module Analytics (136)
[2017.01.19-22.31.17:808][844]LogModuleManager: Shutting down and abandoning module PortalServices (135)
[2017.01.19-22.31.17:808][844]LogModuleManager: Shutting down and abandoning module PortalRpc (134)
[2017.01.19-22.31.17:808][844]LogModuleManager: Shutting down and abandoning module MessagingRpc (133)
[2017.01.19-22.31.17:808][844]LogModuleManager: Shutting down and abandoning module GameplayDebugger (132)
[2017.01.19-22.31.17:808][844]LogModuleManager: Shutting down and abandoning module AITestSuite (131)
[2017.01.19-22.31.17:808][844]LogModuleManager: Shutting down and abandoning module AIModule (130)
[2017.01.19-22.31.17:808][844]LogModuleManager: Shutting down and abandoning module ProfilerService (129)
[2017.01.19-22.31.17:930][844]LogModuleManager: Shutting down and abandoning module TaskGraph (128)
[2017.01.19-22.31.17:931][844]LogModuleManager: Shutting down and abandoning module SlateRemote (127)
[2017.01.19-22.31.17:931][844]LogModuleManager: Shutting down and abandoning module SteamVRController (126)
[2017.01.19-22.31.17:931][844]LogModuleManager: Shutting down and abandoning module SteamVR (125)
[2017.01.19-22.31.17:931][844]LogModuleManager: Shutting down and abandoning module ProceduralMeshComponent (124)
[2017.01.19-22.31.17:931][844]LogModuleManager: Shutting down and abandoning module OculusLibrary (123)
[2017.01.19-22.31.17:931][844]LogModuleManager: Shutting down and abandoning module OculusInput (122)
[2017.01.19-22.31.17:931][844]LogModuleManager: Shutting down and abandoning module CustomMeshComponent (121)
[2017.01.19-22.31.17:931][844]LogModuleManager: Shutting down and abandoning module CableComponent (120)
[2017.01.19-22.31.17:931][844]LogModuleManager: Shutting down and abandoning module ArchVisCharacter (119)
[2017.01.19-22.31.17:931][844]LogModuleManager: Shutting down and abandoning module MediaPlayerEditor (118)
[2017.01.19-22.31.17:931][844]LogModuleManager: Shutting down and abandoning module HTML5Networking (117)
[2017.01.19-22.31.17:931][844]LogModuleManager: Shutting down and abandoning module SuperSearch (116)
[2017.01.19-22.31.17:931][844]LogModuleManager: Shutting down and abandoning module SuperSearchEditor (115)
[2017.01.19-22.31.17:931][844]LogModuleManager: Shutting down and abandoning module SpeedTreeImporter (114)
[2017.01.19-22.31.17:931][844]LogModuleManager: Shutting down and abandoning module PluginBrowser (113)
[2017.01.19-22.31.17:931][844]LogModuleManager: Shutting down and abandoning module EpicSurvey (112)
[2017.01.19-22.31.17:931][844]LogModuleManager: Shutting down and abandoning module DesktopPlatform (111)
[2017.01.19-22.31.17:931][844]LogModuleManager: Shutting down and abandoning module VisualStudioSourceCodeAccess (110)
[2017.01.19-22.31.17:931][844]LogModuleManager: Shutting down and abandoning module UObjectPlugin (109)
[2017.01.19-22.31.17:931][844]LogModuleManager: Shutting down and abandoning module SubversionSourceControl (108)
[2017.01.19-22.31.17:931][844]LogModuleManager: Shutting down and abandoning module PerforceSourceControl (107)
[2017.01.19-22.31.17:931][844]LogModuleManager: Shutting down and abandoning module SourceControl (106)
[2017.01.19-22.31.17:932][844]LogModuleManager: Shutting down and abandoning module GitSourceControl (105)
[2017.01.19-22.31.17:932][844]LogModuleManager: Shutting down and abandoning module LightPropagationVolumeEditor (104)
[2017.01.19-22.31.17:932][844]LogModuleManager: Shutting down and abandoning module PaperTiledImporter (103)
[2017.01.19-22.31.17:932][844]LogModuleManager: Shutting down and abandoning module PaperSpriteSheetImporter (102)
[2017.01.19-22.31.17:932][844]LogModuleManager: Shutting down and abandoning module MeshPaint (101)
[2017.01.19-22.31.17:932][844]LogModuleManager: Shutting down and abandoning module PixelInspectorModule (100)
[2017.01.19-22.31.17:932][844]LogModuleManager: Shutting down and abandoning module HotReload (99)
[2017.01.19-22.31.17:932][844]LogModuleManager: Shutting down and abandoning module MainFrame (98)
[2017.01.19-22.31.17:932][844]LogModuleManager: Shutting down and abandoning module LevelEditor (97)
[2017.01.19-22.31.17:932][844]LogModuleManager: Shutting down and abandoning module ContentBrowser (96)
[2017.01.19-22.31.17:934][844]LogModuleManager: Shutting down and abandoning module Paper2DEditor (95)
[2017.01.19-22.31.17:934][844]LogModuleManager: Shutting down and abandoning module UdpMessaging (94)
[2017.01.19-22.31.18:034][844]LogModuleManager: Shutting down and abandoning module LightPropagationVolumeRuntime (93)
[2017.01.19-22.31.18:034][844]LogModuleManager: Shutting down and abandoning module Paper2D (92)
[2017.01.19-22.31.18:034][844]LogModuleManager: Shutting down and abandoning module WindowsMoviePlayer (91)
[2017.01.19-22.31.18:034][844]LogModuleManager: Shutting down and abandoning module Media (90)
[2017.01.19-22.31.18:034][844]LogModuleManager: Shutting down and abandoning module WmfMedia (89)
[2017.01.19-22.31.18:034][844]LogModuleManager: Shutting down and abandoning module MediaAssets (88)
[2017.01.19-22.31.18:034][844]LogModuleManager: Shutting down and abandoning module GameLiveStreaming (87)
[2017.01.19-22.31.18:034][844]LogModuleManager: Shutting down and abandoning module GameplayTagsEditor (86)
[2017.01.19-22.31.18:034][844]LogModuleManager: Shutting down and abandoning module OnlineBlueprintSupport (85)
[2017.01.19-22.31.18:034][844]LogModuleManager: Shutting down and abandoning module VREditor (84)
[2017.01.19-22.31.18:034][844]LogModuleManager: Shutting down and abandoning module GameplayTasksEditor (83)
[2017.01.19-22.31.18:034][844]LogModuleManager: Shutting down and abandoning module PropertyEditor (82)
[2017.01.19-22.31.18:034][844]LogModuleManager: Shutting down and abandoning module BehaviorTreeEditor (81)
[2017.01.19-22.31.18:034][844]LogModuleManager: Shutting down and abandoning module FunctionalTesting (80)
[2017.01.19-22.31.18:034][844]LogModuleManager: Shutting down and abandoning module CollisionAnalyzer (79)
[2017.01.19-22.31.18:034][844]LogModuleManager: Shutting down and abandoning module Sequencer (78)
[2017.01.19-22.31.18:035][844]LogModuleManager: Shutting down and abandoning module WorkspaceMenuStructure (77)
[2017.01.19-22.31.18:035][844]LogModuleManager: Shutting down and abandoning module MessageLog (76)
[2017.01.19-22.31.18:035][844]LogModuleManager: Shutting down and abandoning module AssetTools (75)
[2017.01.19-22.31.18:035][844]LogModuleManager: Shutting down and abandoning module UMGEditor (74)
[2017.01.19-22.31.18:035][844]LogModuleManager: Shutting down and abandoning module UMG (73)
[2017.01.19-22.31.18:035][844]LogModuleManager: Shutting down and abandoning module SlateReflector (72)
[2017.01.19-22.31.18:035][844]LogModuleManager: Shutting down and abandoning module Slate (71)
[2017.01.19-22.31.18:035][844]LogModuleManager: Shutting down and abandoning module EditorStyle (70)
[2017.01.19-22.31.18:037][844]LogModuleManager: Shutting down and abandoning module SourceCodeAccess (69)
[2017.01.19-22.31.18:037][844]LogModuleManager: Shutting down and abandoning module HeadMountedDisplay (68)
[2017.01.19-22.31.18:037][844]LogModuleManager: Shutting down and abandoning module XAudio2 (67)
[2017.01.19-22.31.18:037][844]LogModuleManager: Shutting down and abandoning module Networking (65)
[2017.01.19-22.31.18:037][844]LogModuleManager: Shutting down and abandoning module Core (64)
[2017.01.19-22.31.18:037][844]LogModuleManager: Shutting down and abandoning module DirectoryWatcher (63)
[2017.01.19-22.31.18:037][844]LogModuleManager: Shutting down and abandoning module AssetRegistry (62)
[2017.01.19-22.31.18:134][844]LogModuleManager: Shutting down and abandoning module KismetCompiler (61)
[2017.01.19-22.31.18:134][844]LogModuleManager: Shutting down and abandoning module PhysXFormats (60)
[2017.01.19-22.31.18:134][844]LogModuleManager: Shutting down and abandoning module MeshUtilities (59)
[2017.01.19-22.31.18:134][844]LogModuleManager: Shutting down and abandoning module DerivedDataCache (58)
[2017.01.19-22.31.18:151][844]LogDerivedDataCache: Shutdown
[2017.01.19-22.31.18:151][844]LogModuleManager: Shutting down and abandoning module VulkanShaderFormat (57)
[2017.01.19-22.31.18:151][844]LogModuleManager: Shutting down and abandoning module ShaderFormatOpenGL (56)
[2017.01.19-22.31.18:151][844]LogModuleManager: Shutting down and abandoning module ShaderFormatD3D (55)
[2017.01.19-22.31.18:151][844]LogModuleManager: Shutting down and abandoning module MetalShaderFormat (54)
[2017.01.19-22.31.18:151][844]LogModuleManager: Shutting down and abandoning module TextureFormatUncompressed (53)
[2017.01.19-22.31.18:151][844]LogModuleManager: Shutting down and abandoning module TextureFormatPVR (52)
[2017.01.19-22.31.18:151][844]LogModuleManager: Shutting down and abandoning module TextureFormatIntelISPCTexComp (51)
[2017.01.19-22.31.18:151][844]LogModuleManager: Shutting down and abandoning module TextureFormatDXT (50)
[2017.01.19-22.31.18:151][844]LogModuleManager: Shutting down and abandoning module ImageWrapper (49)
[2017.01.19-22.31.18:151][844]LogModuleManager: Shutting down and abandoning module TextureFormatASTC (48)
[2017.01.19-22.31.18:151][844]LogModuleManager: Shutting down and abandoning module TextureFormatAndroid (47)
[2017.01.19-22.31.18:151][844]LogModuleManager: Shutting down and abandoning module AudioFormatOpus (46)
[2017.01.19-22.31.18:151][844]LogModuleManager: Shutting down and abandoning module AudioFormatOgg (45)
[2017.01.19-22.31.18:151][844]LogModuleManager: Shutting down and abandoning module AudioFormatADPCM (44)
[2017.01.19-22.31.18:151][844]LogModuleManager: Shutting down and abandoning module LinuxTargetPlatform (43)
[2017.01.19-22.31.18:151][844]LogModuleManager: Shutting down and abandoning module LinuxServerTargetPlatform (42)
[2017.01.19-22.31.18:151][844]LogModuleManager: Shutting down and abandoning module LinuxNoEditorTargetPlatform (41)
[2017.01.19-22.31.18:151][844]LogModuleManager: Shutting down and abandoning module TVOSTargetPlatform (40)
[2017.01.19-22.31.18:151][844]LogModuleManager: Shutting down and abandoning module Messaging (39)
[2017.01.19-22.31.18:151][844]LogModuleManager: Shutting down and abandoning module IOSTargetPlatform (38)
[2017.01.19-22.31.18:151][844]LogModuleManager: Shutting down and abandoning module HTML5TargetPlatform (37)
[2017.01.19-22.31.18:151][844]LogModuleManager: Shutting down and abandoning module Android_PVRTCTargetPlatform (36)
[2017.01.19-22.31.18:151][844]LogModuleManager: Shutting down and abandoning module Android_MultiTargetPlatform (35)
[2017.01.19-22.31.18:151][844]LogModuleManager: Shutting down and abandoning module Android_ETC2TargetPlatform (34)
[2017.01.19-22.31.18:151][844]LogModuleManager: Shutting down and abandoning module Android_ETC1TargetPlatform (33)
[2017.01.19-22.31.18:151][844]LogModuleManager: Shutting down and abandoning module Android_DXTTargetPlatform (32)
[2017.01.19-22.31.18:151][844]LogModuleManager: Shutting down and abandoning module Android_ATCTargetPlatform (31)
[2017.01.19-22.31.18:151][844]LogModuleManager: Shutting down and abandoning module Android_ASTCTargetPlatform (30)
[2017.01.19-22.31.18:151][844]LogModuleManager: Shutting down and abandoning module AndroidTargetPlatform (29)
[2017.01.19-22.31.18:151][844]LogModuleManager: Shutting down and abandoning module WindowsTargetPlatform (28)
[2017.01.19-22.31.18:151][844]LogModuleManager: Shutting down and abandoning module WindowsServerTargetPlatform (27)
[2017.01.19-22.31.18:151][844]LogModuleManager: Shutting down and abandoning module WindowsNoEditorTargetPlatform (26)
[2017.01.19-22.31.18:151][844]LogModuleManager: Shutting down and abandoning module WindowsClientTargetPlatform (25)
[2017.01.19-22.31.18:151][844]LogModuleManager: Shutting down and abandoning module AllDesktopTargetPlatform (24)
[2017.01.19-22.31.18:151][844]LogModuleManager: Shutting down and abandoning module TargetPlatform (23)
[2017.01.19-22.31.18:151][844]LogModuleManager: Shutting down and abandoning module InputCore (22)
[2017.01.19-22.31.18:151][844]LogModuleManager: Shutting down and abandoning module Settings (21)
[2017.01.19-22.31.18:151][844]LogModuleManager: Shutting down and abandoning module OnlineSubsystem (19)
[2017.01.19-22.31.18:151][844]LogModuleManager: Shutting down and abandoning module HTTP (18)
[2017.01.19-22.31.19:652][844]LogModuleManager: Shutting down and abandoning module XMPP (17)
[2017.01.19-22.31.19:652][844]LogModuleManager: Shutting down and abandoning module OculusRift (16)
[2017.01.19-22.31.19:652][844]LogModuleManager: Shutting down and abandoning module ExampleDeviceProfileSelector (15)
[2017.01.19-22.31.19:652][844]LogModuleManager: Shutting down and abandoning module TextureCompressor (14)
[2017.01.19-22.31.19:652][844]LogModuleManager: Shutting down and abandoning module ShaderCore (13)
[2017.01.19-22.31.19:652][844]LogModuleManager: Shutting down and abandoning module Landscape (12)
[2017.01.19-22.31.19:652][844]LogModuleManager: Shutting down and abandoning module SlateRHIRenderer (11)
[2017.01.19-22.31.19:654][844]LogModuleManager: Shutting down and abandoning module OpenGLDrv (10)
[2017.01.19-22.31.19:654][844]LogModuleManager: Shutting down and abandoning module D3D11RHI (9)
[2017.01.19-22.31.19:654][844]LogModuleManager: Shutting down and abandoning module AnimGraphRuntime (8)
[2017.01.19-22.31.19:654][844]LogModuleManager: Shutting down and abandoning module Renderer (7)
[2017.01.19-22.31.19:654][844]LogModuleManager: Shutting down and abandoning module Engine (6)
[2017.01.19-22.31.19:654][844]LogModuleManager: Shutting down and abandoning module CoreUObject (5)
[2017.01.19-22.31.19:654][844]LogModuleManager: Shutting down and abandoning module NetworkFile (4)
[2017.01.19-22.31.19:654][844]LogModuleManager: Shutting down and abandoning module StreamingFile (3)
[2017.01.19-22.31.19:654][844]LogModuleManager: Shutting down and abandoning module SandboxFile (2)
[2017.01.19-22.31.19:654][844]LogModuleManager: Shutting down and abandoning module PakFile (1)
[2017.01.19-22.31.19:655][844]LogExit: Exiting.
[2017.01.19-22.31.19:656][844]Log file closed, 01/19/17 23:31:19
