Log file open, 01/17/17 13:14:40
LogInit:Display: Running engine for game: Project_Nomand
LogPlatformFile: Not using cached read wrapper
LogInit:Display: RandInit(-120792985) SRandInit(-120792983).
LogTaskGraph: Started task graph with 4 named threads and 7 total threads with 1 sets of task threads.
LogStats: Stats thread started at 0.080277
LogInit: Version: 4.12.5-3039270+++UE4+Release-4.12
LogInit: API Version: 2992821
LogInit: Net Version: 3039270
LogDevObjectVersion: Number of dev versions registered: 13
LogDevObjectVersion:   Dev-Blueprints (B0D832E4-1F89-4F0D-ACCF-7EB736FD4AA2): 3
LogDevObjectVersion:   Dev-Build (E1C64328-A22C-4D53-A36C-8E866417BD8C): 0
LogDevObjectVersion:   Dev-Core (375EC13C-06E4-48FB-B500-84F0262A717E): 1
LogDevObjectVersion:   Dev-Editor (E4B068ED-F494-42E9-A231-DA0B2E46BB41): 2
LogDevObjectVersion:   Dev-Framework (CFFC743F-43B0-4480-9391-14DF171D2073): 6
LogDevObjectVersion:   Dev-Mobile (B02B49B5-BB20-44E9-A304-32B752E40360): 0
LogDevObjectVersion:   Dev-Networking (A4E4105C-59A1-49B5-A7C5-40C4547EDFEE): 0
LogDevObjectVersion:   Dev-Online (39C831C9-5AE6-47DC-9A44-9C173E1C8E7C): 0
LogDevObjectVersion:   Dev-Physics (78F01B33-EBEA-4F98-B9B4-84EACCB95AA2): 0
LogDevObjectVersion:   Dev-Platform (6631380F-2D4D-43E0-8009-CF276956A95A): 0
LogDevObjectVersion:   Dev-Rendering (12F88B9F-8875-4AFC-A67C-D90C383ABD29): 2
LogDevObjectVersion:   Dev-Sequencer (7B5AE74C-D270-4C10-A958-57980B212A5A): 0
LogDevObjectVersion:   Dev-VR (D7296918-1DD6-4BDD-9DE2-64A83CC13884): 0
LogInit: Compiled (64-bit): Jul  6 2016 09:09:46
LogInit: Compiled with Visual C++: 19.00.23026.00
LogInit: Build Configuration: Development
LogInit: Branch Name: ++UE4+Release-4.12
LogInit: Command line:  
LogInit: Base directory: G:/UNI/Programme/Epic Games/4.12/Engine/Binaries/Win64/
LogInit: Installed Engine Build: 1
LogInit: Using libcurl 7.41.0
LogInit:  - built for x86_64-pc-win32
LogInit:  - supports SSL with WinSSL
LogInit:  - other features:
LogInit:      CURL_VERSION_SSL
LogInit:      CURL_VERSION_IPV6
LogInit:      CURL_VERSION_ASYNCHDNS
LogInit:      CURL_VERSION_LARGEFILE
LogInit:      CURL_VERSION_IDN
LogInit:  CurlRequestOptions (configurable via config and command line):
LogInit:  - bVerifyPeer = true  - Libcurl will verify peer certificate
LogInit:  - bUseHttpProxy = false  - Libcurl will NOT use HTTP proxy
LogInit:  - bDontReuseConnections = false  - Libcurl will reuse connections
LogInit:  - CertBundlePath = nullptr  - Libcurl will use whatever was configured at build time.
LogInit: Presizing for max 8388607 objects, including 0 objects not considered by GC, pre-allocating 0 bytes for permanent pool.
LogInit: Object subsystem initialized
[2017.01.17-12.14.40:922][  0]LogInit: Selected Device Profile: [Windows]
[2017.01.17-12.14.40:922][  0]LogInit: Applying CVar settings loaded from the selected device profile: [Windows]
[2017.01.17-12.14.40:933][  0]LogInit: Computer: DEX
[2017.01.17-12.14.40:933][  0]LogInit: User: Dextex
[2017.01.17-12.14.40:933][  0]LogInit: CPU Page size=65536, Cores=4
[2017.01.17-12.14.40:933][  0]LogInit: High frequency timer resolution =3.417976 MHz
[2017.01.17-12.14.40:933][  0]LogMemory: Memory total: Physical=15.9GB (16GB approx)
[2017.01.17-12.14.40:933][  0]LogMemory: Platform Memory Stats for Windows
[2017.01.17-12.14.40:933][  0]LogMemory: Process Physical Memory: 190.37 MB used, 190.37 MB peak
[2017.01.17-12.14.40:933][  0]LogMemory: Process Virtual Memory: 195.22 MB used, 195.22 MB peak
[2017.01.17-12.14.40:933][  0]LogMemory: Physical Memory: 6642.68 MB used, 16328.00 MB total
[2017.01.17-12.14.40:933][  0]LogMemory: Virtual Memory: 558.30 MB used, 134217728.00 MB total
[2017.01.17-12.14.40:971][  0]LogTextLocalizationManager: No translations for ('de-DE') exist, falling back to 'en' for localization and internationalization data.
[2017.01.17-12.14.41:324][  0]LogD3D11RHI: D3D11 adapters:
[2017.01.17-12.14.41:817][  0]LogD3D11RHI:    0. 'NVIDIA GeForce GTX 1080' (Feature Level 11_0)
[2017.01.17-12.14.41:817][  0]LogD3D11RHI:       8144/0/8164 MB DedicatedVideo/DedicatedSystem/SharedSystem, Outputs:2, VendorId:0x10de
[2017.01.17-12.14.41:818][  0]LogD3D11RHI:    1. 'Microsoft Basic Render Driver' (Feature Level 11_0)
[2017.01.17-12.14.41:818][  0]LogD3D11RHI:       0/0/8164 MB DedicatedVideo/DedicatedSystem/SharedSystem, Outputs:0, VendorId:0x1414
[2017.01.17-12.14.41:818][  0]LogD3D11RHI: Chosen D3D11 Adapter: 0
[2017.01.17-12.14.41:823][  0]LogD3D11RHI: Creating new Direct3DDevice
[2017.01.17-12.14.41:823][  0]LogD3D11RHI:     GPU DeviceId: 0x1b80 (for the marketing name, search the web for "GPU Device Id")
[2017.01.17-12.14.41:823][  0]LogWindows: EnumDisplayDevices:
[2017.01.17-12.14.41:823][  0]LogWindows:    0. 'NVIDIA GeForce GTX 1080' (P:1 D:1)
[2017.01.17-12.14.41:823][  0]LogWindows:    1. 'NVIDIA GeForce GTX 1080' (P:0 D:1)
[2017.01.17-12.14.41:823][  0]LogWindows:    2. 'NVIDIA GeForce GTX 1080' (P:0 D:0)
[2017.01.17-12.14.41:823][  0]LogWindows:    3. 'NVIDIA GeForce GTX 1080' (P:0 D:0)
[2017.01.17-12.14.41:823][  0]LogWindows: DebugString: FoundDriverCount:4 
[2017.01.17-12.14.41:823][  0]LogD3D11RHI:     Adapter Name: NVIDIA GeForce GTX 1080
[2017.01.17-12.14.41:823][  0]LogD3D11RHI:   Driver Version: 376.33 (internal:21.21.13.7633, unified:376.33)
[2017.01.17-12.14.41:823][  0]LogD3D11RHI:      Driver Date: 12-11-2016
[2017.01.17-12.14.41:823][  0]LogRHI: Texture pool is 1361 MB (70% of 1945 MB)
[2017.01.17-12.14.42:279][  0]LogD3D11RHI: Async texture creation enabled
[2017.01.17-12.14.42:310][  0]LogD3D11RHI: GPU Timing Frequency: 1000.000000 (Debug: 2 1)
[2017.01.17-12.14.42:310][  0]LogShaderCompilers: Guid format shader working directory is -3 characters bigger than the processId version (../../../../../../MP2/project_nomad/Project_Nomand/Intermediate/Shaders/WorkingDirectory/1600/).
[2017.01.17-12.14.42:310][  0]LogShaderCompilers: Cleaned the shader compiler working directory 'C:/Users/Dextex/AppData/Local/Temp/UnrealShaderWorkingDir/061FE81E4E7E3D72E9E3EE83FE800556/'.
[2017.01.17-12.14.42:310][  0]LogShaderCompilers:Display: Using Local Shader Compiler.
[2017.01.17-12.14.43:098][  0]LogTemp:Display: Loaded TP AllDesktopTargetPlatform
[2017.01.17-12.14.43:106][  0]LogTemp:Display: Loaded TP WindowsClientTargetPlatform
[2017.01.17-12.14.43:114][  0]LogTemp:Display: Loaded TP WindowsNoEditorTargetPlatform
[2017.01.17-12.14.43:122][  0]LogTemp:Display: Loaded TP WindowsServerTargetPlatform
[2017.01.17-12.14.43:130][  0]LogTemp:Display: Loaded TP WindowsTargetPlatform
[2017.01.17-12.14.43:137][  0]LogTemp:Display: Loaded TP AndroidTargetPlatform
[2017.01.17-12.14.43:144][  0]LogTemp:Display: Loaded TP Android_ASTCTargetPlatform
[2017.01.17-12.14.43:150][  0]LogTemp:Display: Loaded TP Android_ATCTargetPlatform
[2017.01.17-12.14.43:156][  0]LogTemp:Display: Loaded TP Android_DXTTargetPlatform
[2017.01.17-12.14.43:162][  0]LogTemp:Display: Loaded TP Android_ETC1TargetPlatform
[2017.01.17-12.14.43:169][  0]LogTemp:Display: Loaded TP Android_ETC2TargetPlatform
[2017.01.17-12.14.43:182][  0]LogTemp:Display: Loaded TP Android_MultiTargetPlatform
[2017.01.17-12.14.43:182][  0]LogTemp:Display: Loaded TP Android_PVRTCTargetPlatform
[2017.01.17-12.14.43:183][  0]LogTemp:Display: Loaded TP HTML5TargetPlatform
[2017.01.17-12.14.43:203][  0]LogTemp:Display: Loaded TP IOSTargetPlatform
[2017.01.17-12.14.43:209][  0]LogTemp:Display: Loaded TP TVOSTargetPlatform
[2017.01.17-12.14.43:215][  0]LogTemp:Display: Loaded TP LinuxNoEditorTargetPlatform
[2017.01.17-12.14.43:221][  0]LogTemp:Display: Loaded TP LinuxServerTargetPlatform
[2017.01.17-12.14.43:227][  0]LogTemp:Display: Loaded TP LinuxTargetPlatform
[2017.01.17-12.14.43:228][  0]LogTargetPlatformManager:Display: Building Assets For Windows
[2017.01.17-12.14.43:295][  0]LogDerivedDataCache:Display: Max Cache Size: 512 MB
[2017.01.17-12.14.43:337][  0]LogDerivedDataCache: Loaded boot cache 0.04s 48MB C:/Users/Dextex/AppData/Local/UnrealEngine/4.12/DerivedDataCache/Boot.ddc.
[2017.01.17-12.14.43:338][  0]LogDerivedDataCache:Display: Loaded Boot cache: C:/Users/Dextex/AppData/Local/UnrealEngine/4.12/DerivedDataCache/Boot.ddc
[2017.01.17-12.14.43:338][  0]LogDerivedDataCache: FDerivedDataBackendGraph:  Pak pak cache file ../../../../../../MP2/project_nomad/Project_Nomand/DerivedDataCache/DDC.ddp not found, will not use a pak cache.
[2017.01.17-12.14.43:338][  0]LogDerivedDataCache: Unable to find inner node Pak for hierarchical cache Hierarchy.
[2017.01.17-12.14.43:338][  0]LogDerivedDataCache: FDerivedDataBackendGraph:  CompressedPak pak cache file ../../../../../../MP2/project_nomad/Project_Nomand/DerivedDataCache/Compressed.ddp not found, will not use a pak cache.
[2017.01.17-12.14.43:338][  0]LogDerivedDataCache: Unable to find inner node CompressedPak for hierarchical cache Hierarchy.
[2017.01.17-12.14.43:352][  0]LogDerivedDataCache:Display: Pak cache opened for reading ../../../Engine/DerivedDataCache/Compressed.ddp.
[2017.01.17-12.14.43:364][  0]LogDerivedDataCache: Using Local data cache path C:/Users/Dextex/AppData/Local/UnrealEngine/Common/DerivedDataCache: Writable
[2017.01.17-12.14.43:507][  0]LogInit: Selected Device Profile: [Windows]
[2017.01.17-12.14.43:508][  0]LogContentStreaming: Texture pool size is 0.00 MB
[2017.01.17-12.14.43:636][  0]LogMeshUtilities: No automatic mesh reduction module available
[2017.01.17-12.14.43:636][  0]LogMeshUtilities: No automatic mesh merging module available
[2017.01.17-12.14.43:636][  0]LogMeshUtilities: No distributed automatic mesh merging module available
[2017.01.17-12.14.43:839][  0]LogAssetRegistry: FAssetRegistry took 0.0212 seconds to start up
[2017.01.17-12.14.43:854][  0]LogPackageLocalizationCache: Processed 3 localized package path(s) for 1 prioritized culture(s) in 0.011972 seconds
[2017.01.17-12.14.43:858][  0]LogUObjectArray: 28739 objects as part of root set at end of initial load.
[2017.01.17-12.14.43:858][  0]LogUObjectAllocator: 5855624 out of 0 bytes used by permanent object pool.
[2017.01.17-12.14.43:858][  0]LogUObjectArray: CloseDisregardForGC: 0/0 objects in disregard for GC pool
[2017.01.17-12.14.43:865][  0]LogInit: WinSock: version 1.1 (2.2), MaxSocks=32767, MaxUdp=65467
[2017.01.17-12.14.44:012][  0]LogSlate: SlateFontCache - WITH_FREETYPE: 1, WITH_HARFBUZZ: 1
[2017.01.17-12.14.44:012][  0]LogSlate: SlateFontCache - WITH_FREETYPE: 1, WITH_HARFBUZZ: 1
[2017.01.17-12.14.44:526][  0]LogUdpMessaging: Initializing bridge on interface 0.0.0.0:0 to multicast group 230.0.0.1:6666.
[2017.01.17-12.14.44:713][  0]SourceControl: Info Source control is disabled
[2017.01.17-12.14.44:981][  0]LogEngine: Initializing Engine...
[2017.01.17-12.14.44:982][  0]LogHMD: SteamVR failed to initialize.  Err: 100
[2017.01.17-12.14.44:982][  0]LogHMD: SteamVR failed to initialize.  Err: 100
[2017.01.17-12.14.45:098][  0]LogAIModule: Creating AISystem for world NewWorld
[2017.01.17-12.14.45:109][  0]LogInit: XAudio2 using 'Lautsprecher (Realtek High Definition Audio)' : 2 channels at 48 kHz using 32 bits per sample (channel mask 0x3)
[2017.01.17-12.14.45:122][  0]LogInit: FAudioDevice initialized.
[2017.01.17-12.14.45:145][  0]LogDerivedDataCache: Saved boot cache 0.02s 48MB C:/Users/Dextex/AppData/Local/UnrealEngine/4.12/DerivedDataCache/Boot.ddc.
[2017.01.17-12.14.45:152][  0]LogInit: Texture streaming: Enabled
[2017.01.17-12.14.45:173][  0]LogInit: Transaction tracking system initialized
[2017.01.17-12.14.45:195][  0]BlueprintLog: New page: Editor Load
[2017.01.17-12.14.45:287][  0]LocalizationService: Info Localization service is disabled
[2017.01.17-12.14.45:340][  0]LogConsoleResponse:Display: 
[2017.01.17-12.14.45:417][  0]LogCook:Display: Max memory allowance for cook 8192mb
[2017.01.17-12.14.45:417][  0]LogCook:Display: Mobile HDR setting 1
[2017.01.17-12.14.45:503][  0]LogFileCache: Scanning file cache for directory 'G:/UNI/MP2/project_nomad/Project_Nomand/Content/' took 0.02s
[2017.01.17-12.14.45:503][  0]Cmd: MAP LOAD FILE="../../../../../../MP2/project_nomad/Project_Nomand/Content/Map/Map.umap" TEMPLATE=0 SHOWPROGRESS=1 FEATURELEVEL=3
[2017.01.17-12.14.45:504][  0]LightingResults: New page: Lighting Build
[2017.01.17-12.14.45:506][  0]MapCheck: New page: Map Check
[2017.01.17-12.14.45:506][  0]LightingResults: New page: Lighting Build
[2017.01.17-12.14.45:591][  0]LogClass:Warning: UUserDefinedStructEditorData::RecreateDefaultInstance Cannot parse value. Property: Kategorie String: "NewEnumerator3"  Struct: /Game/Items/ItemDataStruct.ItemDataStruct 
[2017.01.17-12.14.45:626][  0]LogClass:Warning: Property ItemInfo of EquipmentSlot_C has a struct type mismatch (tag FallbackStruct != prop ItemDataStruct) in package:  FObjectReader. If that struct got renamed, add an entry to ActiveStructRedirects.
[2017.01.17-12.14.46:342][  0]LogTexture:Display: Building textures: HQ_Lightmap0_10 (AutoDXT)
[2017.01.17-12.14.46:344][  0]LogTexture:Display: Building textures: HQ_Lightmap0_11 (AutoDXT)
[2017.01.17-12.14.46:345][  0]LogTexture:Display: Building textures: HQ_Lightmap0_12 (AutoDXT)
[2017.01.17-12.14.46:347][  0]LogTexture:Display: Building textures: HQ_Lightmap0_13 (AutoDXT)
[2017.01.17-12.14.46:358][  0]LogTexture:Display: Building textures: HQ_Lightmap0_2 (AutoDXT)
[2017.01.17-12.14.46:453][  0]LogTexture:Display: Building textures: HQ_Lightmap0_3 (AutoDXT)
[2017.01.17-12.14.46:533][  0]LogTexture:Display: Building textures: HQ_Lightmap0_4 (AutoDXT)
[2017.01.17-12.14.46:603][  0]LogTexture:Display: Building textures: HQ_Lightmap0_5 (AutoDXT)
[2017.01.17-12.14.46:702][  0]LogTexture:Display: Building textures: HQ_Lightmap0_6 (AutoDXT)
[2017.01.17-12.14.46:811][  0]LogTexture:Display: Building textures: HQ_Lightmap0_7 (AutoDXT)
[2017.01.17-12.14.46:868][  0]LogTexture:Display: Building textures: HQ_Lightmap0_8 (AutoDXT)
[2017.01.17-12.14.46:880][  0]LogTexture:Display: Building textures: HQ_Lightmap0_9 (AutoDXT)
[2017.01.17-12.14.46:893][  0]LogTexture:Display: Building textures: HQ_Lightmap1_1 (AutoDXT)
[2017.01.17-12.14.46:968][  0]LogTexture:Display: Building textures: LQ_Lightmap_0_10 (DXT1)
[2017.01.17-12.14.46:969][  0]LogTexture:Display: Building textures: LQ_Lightmap_0_11 (DXT1)
[2017.01.17-12.14.46:970][  0]LogTexture:Display: Building textures: LQ_Lightmap_0_12 (DXT1)
[2017.01.17-12.14.46:971][  0]LogTexture:Display: Building textures: LQ_Lightmap_0_13 (DXT1)
[2017.01.17-12.14.46:982][  0]LogTexture:Display: Building textures: LQ_Lightmap_0_2 (DXT1)
[2017.01.17-12.14.47:028][  0]LogTexture:Display: Building textures: LQ_Lightmap_0_3 (DXT1)
[2017.01.17-12.14.47:073][  0]LogTexture:Display: Building textures: LQ_Lightmap_0_4 (DXT1)
[2017.01.17-12.14.47:116][  0]LogTexture:Display: Building textures: LQ_Lightmap_0_5 (DXT1)
[2017.01.17-12.14.47:163][  0]LogTexture:Display: Building textures: LQ_Lightmap_0_6 (DXT1)
[2017.01.17-12.14.47:216][  0]LogTexture:Display: Building textures: LQ_Lightmap_0_7 (DXT1)
[2017.01.17-12.14.47:252][  0]LogTexture:Display: Building textures: LQ_Lightmap_0_8 (DXT1)
[2017.01.17-12.14.47:261][  0]LogTexture:Display: Building textures: LQ_Lightmap_0_9 (DXT1)
[2017.01.17-12.14.47:272][  0]LogTexture:Display: Building textures: LQ_Lightmap_1_1 (DXT1)
[2017.01.17-12.14.47:503][  0]LogAIModule: Creating AISystem for world Map
[2017.01.17-12.14.47:539][  0]LogEditorServer: Finished looking for orphan Actors (0.000 secs)
[2017.01.17-12.14.47:543][  0]Cmd: MAP CHECKDEP NOCLEARLOG
[2017.01.17-12.14.47:588][  0]MapCheck: Info Map check complete: 0 Error(s), 0 Warning(s), took 44.82ms to complete.
[2017.01.17-12.14.47:588][  0]LogFileHelpers: Loading map 'Map' took 2.085
[2017.01.17-12.14.47:778][  0]LogCollectionManager: Loaded 0 collections in 0.002212 seconds
[2017.01.17-12.14.47:819][  0]LogFileCache: Scanning file cache for directory 'G:/UNI/MP2/project_nomad/Project_Nomand/Saved/Collections/' took 0.01s
[2017.01.17-12.14.47:819][  0]LogFileCache: Scanning file cache for directory 'G:/UNI/MP2/project_nomad/Project_Nomand/Content/Developers/Dextex/Collections/' took 0.01s
[2017.01.17-12.14.47:819][  0]LogFileCache: Scanning file cache for directory 'G:/UNI/MP2/project_nomad/Project_Nomand/Content/Collections/' took 0.01s
[2017.01.17-12.14.47:819][  0]LogCollectionManager: Rebuilt the GUID cache for 0 collections in 0.000011 seconds
[2017.01.17-12.14.47:826][  0]LogContentBrowser: Native class hierarchy populated in 0.0065 seconds. Added 2047 classes and 369 folders.
[2017.01.17-12.14.47:830][  0]LogStats: UGameplayTagsManager::ConstructGameplayTagTree: Construct from data asset -  0.000 s
[2017.01.17-12.14.47:830][  0]LogStats: UGameplayTagsManager::ConstructGameplayTagTree: GameplayTagTreeChangedEvent.Broadcast -  0.000 s
[2017.01.17-12.14.47:830][  0]LogContentBrowser: Native class hierarchy updated for 'GameplayTags' in 0.0003 seconds. Added 12 classes and 0 folders.
[2017.01.17-12.14.47:834][  0]LogContentBrowser: Native class hierarchy updated for 'WidgetCarousel' in 0.0002 seconds. Added 0 classes and 0 folders.
[2017.01.17-12.14.47:863][  0]LogContentBrowser: Native class hierarchy updated for 'AddContentDialog' in 0.0003 seconds. Added 0 classes and 0 folders.
[2017.01.17-12.14.47:867][  0]LogContentBrowser: Native class hierarchy updated for 'SceneOutliner' in 0.0003 seconds. Added 1 classes and 2 folders.
[2017.01.17-12.14.47:919][  0]LogCrashTracker: Crashtracker disabled due to settings.
[2017.01.17-12.14.47:923][  0]LogUObjectGlobals:Warning: Failed to find object 'Class None.'
[2017.01.17-12.14.47:948][  0]LogContentBrowser: Native class hierarchy updated for 'HierarchicalLODOutliner' in 0.0004 seconds. Added 1 classes and 2 folders.
[2017.01.17-12.14.47:948][  0]LogLoad: Full Startup: 7.80 seconds (BP compile: 0.25 seconds)
[2017.01.17-12.14.47:948][  0]LogExternalProfiler: No external profilers were discovered.  External profiling features will not be available.
[2017.01.17-12.14.47:957][  0]LogWindowsTextInputMethodSystem:Display: IME system now deactivated.
[2017.01.17-12.14.47:957][  0]LogOcInput: OculusInput pre-init called
[2017.01.17-12.14.47:977][  0]LogContentStreaming: Texture pool size now 1000 MB
[2017.01.17-12.14.48:031][  0]LogRenderer: Reallocating scene render targets to support 512x512 (Frame:1).
[2017.01.17-12.14.48:102][  0]LogRenderer: Reallocating scene render targets to support 1208x556 (Frame:2).
[2017.01.17-12.14.48:148][  1]Cmd: UpdateLandscapeEditorData -warnings
[2017.01.17-12.14.48:170][  1]LogAssetRegistry: Asset discovery search completed in 4.3528 seconds
[2017.01.17-12.14.48:170][  1]LogCollectionManager: Rebuilt the object cache for 0 collections in 0.000001 seconds (found 0 objects)
[2017.01.17-12.14.48:170][  1]LogCollectionManager: Fixed up redirectors for 0 collections in 0.000018 seconds (updated 0 objects)
[2017.01.17-12.15.40:726][231]LogContentBrowser: Native class hierarchy updated for 'BlueprintGraph' in 0.0007 seconds. Added 111 classes and 0 folders.
[2017.01.17-12.16.36:209][651]BlueprintLog: New page: Compile Character_Controller
[2017.01.17-12.16.36:702][651]BlueprintEditorCompileResults: Info [0116.55] Compile of Character_Controller successful! [in 491 ms] (/Game/Character/Blueprint/Character_Controller.Character_Controller)
[2017.01.17-12.16.37:305][676]Cmd: OBJ SAVEPACKAGE PACKAGE="/Game/Character/Blueprint/Character_Controller" FILE="../../../../../../MP2/project_nomad/Project_Nomand/Content/Character/Blueprint/Character_Controller.uasset" SILENT=true
[2017.01.17-12.16.37:471][676]LogSavePackage: Save=159.14ms
[2017.01.17-12.16.37:471][676]LogSavePackage: Moving '../../../../../../MP2/project_nomad/Project_Nomand/Saved/Character_Controller59949D2145BEB4837DF184AFE5141FC7.tmp' to '../../../../../../MP2/project_nomad/Project_Nomand/Content/Character/Blueprint/Character_Controller.uasset'
[2017.01.17-12.16.37:473][676]LogSavePackage:Display: Finished SavePackage ../../../../../../MP2/project_nomad/Project_Nomand/Content/Character/Blueprint/Character_Controller.uasset
[2017.01.17-12.16.39:198][830]LogBlueprintUserMessages: Early PlayInEditor Detection: Level '/Game/Map/Map.Map:PersistentLevel' has LevelScriptBlueprint '/Game/Map/Map.Map:PersistentLevel.Map' with GeneratedClass '/Game/Map/Map.Map_C' with ClassGeneratedBy '/Game/Map/Map.Map:PersistentLevel.Map'
[2017.01.17-12.16.39:198][830]LogPlayLevel: PlayLevel: No blueprints needed recompiling
[2017.01.17-12.16.39:199][830]PIE: New page: PIE session: Map (Jan 17, 2017, 2:16:39 PM)
[2017.01.17-12.16.39:199][830]LogPlayLevel: Creating play world package: /Game/Map/UEDPIE_0_Map
[2017.01.17-12.16.39:241][830]LogPlayLevel: PIE: StaticDuplicateObject took: (0.041321s)
[2017.01.17-12.16.39:241][830]LogAIModule: Creating AISystem for world Map
[2017.01.17-12.16.39:241][830]LogPlayLevel: PIE: World Init took: (0.000620s)
[2017.01.17-12.16.39:242][830]LogPlayLevel: PIE: Created PIE world by copying editor world from /Game/Map/Map.Map to /Game/Map/UEDPIE_0_Map.Map (0.042233s)
[2017.01.17-12.16.39:265][830]LogInit: XAudio2 using 'Lautsprecher (Realtek High Definition Audio)' : 2 channels at 48 kHz using 32 bits per sample (channel mask 0x3)
[2017.01.17-12.16.39:276][830]LogInit: FAudioDevice initialized.
[2017.01.17-12.16.39:339][830]LogWorld: Game class is 'GameMode'
[2017.01.17-12.16.39:357][830]LogWorld: Bringing World /Game/Map/UEDPIE_0_Map.Map up for play (max tick rate 0) at 2017.01.17-13.16.39
[2017.01.17-12.16.39:358][830]LogWorld: Bringing up level for play took: 0.018042
[2017.01.17-12.16.39:362][830]LogContentBrowser: Native class hierarchy updated for 'MovieSceneCapture' in 0.0005 seconds. Added 11 classes and 0 folders.
[2017.01.17-12.16.39:363][830]PIE: Info Play in editor start time for /Game/Map/UEDPIE_0_Map 0.011
[2017.01.17-12.16.39:363][830]LogBlueprintUserMessages: Late PlayInEditor Detection: Level '/Game/Map/Map.Map:PersistentLevel' has LevelScriptBlueprint '/Game/Map/Map.Map:PersistentLevel.Map' with GeneratedClass '/Game/Map/Map.Map_C' with ClassGeneratedBy '/Game/Map/Map.Map:PersistentLevel.Map'
[2017.01.17-12.16.41:408][ 71]LogBlueprintUserMessages: Early EndPlayMap Detection: Level '/Game/Map/Map.Map:PersistentLevel' has LevelScriptBlueprint '/Game/Map/Map.Map:PersistentLevel.Map' with GeneratedClass '/Game/Map/Map.Map_C' with ClassGeneratedBy '/Game/Map/Map.Map:PersistentLevel.Map'
[2017.01.17-12.16.41:446][ 71]LogBlueprintUserMessages: Late EndPlayMap Detection: Level '/Game/Map/Map.Map:PersistentLevel' has LevelScriptBlueprint '/Game/Map/Map.Map:PersistentLevel.Map' with GeneratedClass '/Game/Map/Map.Map_C' with ClassGeneratedBy '/Game/Map/Map.Map:PersistentLevel.Map'
[2017.01.17-12.17.05:051][688]BlueprintLog: New page: Compile Character_Controller
[2017.01.17-12.17.05:304][688]BlueprintEditorCompileResults: Info [0145.16] Compile of Character_Controller successful! [in 253 ms] (/Game/Character/Blueprint/Character_Controller.Character_Controller)
[2017.01.17-12.17.07:130][831]LogBlueprintUserMessages: Early PlayInEditor Detection: Level '/Game/Map/Map.Map:PersistentLevel' has LevelScriptBlueprint '/Game/Map/Map.Map:PersistentLevel.Map' with GeneratedClass '/Game/Map/Map.Map_C' with ClassGeneratedBy '/Game/Map/Map.Map:PersistentLevel.Map'
[2017.01.17-12.17.07:131][831]LogPlayLevel: PlayLevel: No blueprints needed recompiling
[2017.01.17-12.17.07:131][831]PIE: New page: PIE session: Map (Jan 17, 2017, 2:17:07 PM)
[2017.01.17-12.17.07:131][831]LogPlayLevel: Creating play world package: /Game/Map/UEDPIE_0_Map
[2017.01.17-12.17.07:167][831]LogPlayLevel: PIE: StaticDuplicateObject took: (0.036360s)
[2017.01.17-12.17.07:168][831]LogAIModule: Creating AISystem for world Map
[2017.01.17-12.17.07:168][831]LogPlayLevel: PIE: World Init took: (0.000736s)
[2017.01.17-12.17.07:168][831]LogPlayLevel: PIE: Created PIE world by copying editor world from /Game/Map/Map.Map to /Game/Map/UEDPIE_0_Map.Map (0.037391s)
[2017.01.17-12.17.07:198][831]LogInit: XAudio2 using 'Lautsprecher (Realtek High Definition Audio)' : 2 channels at 48 kHz using 32 bits per sample (channel mask 0x3)
[2017.01.17-12.17.07:207][831]LogInit: FAudioDevice initialized.
[2017.01.17-12.17.07:256][831]LogWorld: Game class is 'GameMode'
[2017.01.17-12.17.07:273][831]LogWorld: Bringing World /Game/Map/UEDPIE_0_Map.Map up for play (max tick rate 0) at 2017.01.17-13.17.07
[2017.01.17-12.17.07:274][831]LogWorld: Bringing up level for play took: 0.017774
[2017.01.17-12.17.07:275][831]PIE: Info Play in editor start time for /Game/Map/UEDPIE_0_Map -0.077
[2017.01.17-12.17.07:276][831]LogBlueprintUserMessages: Late PlayInEditor Detection: Level '/Game/Map/Map.Map:PersistentLevel' has LevelScriptBlueprint '/Game/Map/Map.Map:PersistentLevel.Map' with GeneratedClass '/Game/Map/Map.Map_C' with ClassGeneratedBy '/Game/Map/Map.Map:PersistentLevel.Map'
[2017.01.17-12.17.27:975][303]LogBlueprintUserMessages: Early EndPlayMap Detection: Level '/Game/Map/Map.Map:PersistentLevel' has LevelScriptBlueprint '/Game/Map/Map.Map:PersistentLevel.Map' with GeneratedClass '/Game/Map/Map.Map_C' with ClassGeneratedBy '/Game/Map/Map.Map:PersistentLevel.Map'
[2017.01.17-12.17.28:008][303]LogBlueprintUserMessages: Late EndPlayMap Detection: Level '/Game/Map/Map.Map:PersistentLevel' has LevelScriptBlueprint '/Game/Map/Map.Map:PersistentLevel.Map' with GeneratedClass '/Game/Map/Map.Map_C' with ClassGeneratedBy '/Game/Map/Map.Map:PersistentLevel.Map'
[2017.01.17-12.17.33:068][671]Cmd: QUIT_EDITOR
[2017.01.17-12.17.33:303][671]LogWindowsTextInputMethodSystem:Display: IME system now deactivated.
[2017.01.17-12.17.33:326][671]LogExit: Preparing to exit.
[2017.01.17-12.17.33:756][671]LogExit: Editor shut down
[2017.01.17-12.17.33:756][671]LogExit: Transaction tracking system shut down
[2017.01.17-12.17.33:906][671]LogObj: Freed 0b from 0 cluster array pools.
[2017.01.17-12.17.33:906][671]LogExit: Object subsystem successfully closed.
[2017.01.17-12.17.33:923][671]LogD3D11RHI: Shutdown
[2017.01.17-12.17.33:923][671]LogD3D11RHI: CleanupD3DDevice
[2017.01.17-12.17.33:985][671]LogD3D11RHI: ~FD3D11DynamicRHI
[2017.01.17-12.17.33:991][671]LogModuleManager: Shutting down and abandoning module MovieSceneCapture (216)
[2017.01.17-12.17.33:991][671]LogModuleManager: Shutting down and abandoning module HierarchicalLODUtilities (215)
[2017.01.17-12.17.33:991][671]LogModuleManager: Shutting down and abandoning module BlueprintGraph (214)
[2017.01.17-12.17.33:991][671]LogModuleManager: Shutting down and abandoning module HierarchicalLODOutliner (213)
[2017.01.17-12.17.33:991][671]LogModuleManager: Shutting down and abandoning module CrashTracker (212)
[2017.01.17-12.17.33:991][671]LogModuleManager: Shutting down and abandoning module SceneOutliner (211)
[2017.01.17-12.17.33:991][671]LogModuleManager: Shutting down and abandoning module WidgetCarousel (210)
[2017.01.17-12.17.33:991][671]LogModuleManager: Shutting down and abandoning module AddContentDialog (209)
[2017.01.17-12.17.33:992][671]LogModuleManager: Shutting down and abandoning module GameplayTags (208)
[2017.01.17-12.17.33:992][671]LogModuleManager: Shutting down and abandoning module EditorWidgets (207)
[2017.01.17-12.17.33:992][671]LogModuleManager: Shutting down and abandoning module CollectionManager (206)
[2017.01.17-12.17.33:992][671]LogModuleManager: Shutting down and abandoning module StatsViewer (205)
[2017.01.17-12.17.33:992][671]LogModuleManager: Shutting down and abandoning module FoliageEdit (204)
[2017.01.17-12.17.33:992][671]LogModuleManager: Shutting down and abandoning module LandscapeEditor (203)
[2017.01.17-12.17.33:992][671]LogModuleManager: Shutting down and abandoning module SceneDepthPickerMode (202)
[2017.01.17-12.17.33:992][671]LogModuleManager: Shutting down and abandoning module ActorPickerMode (201)
[2017.01.17-12.17.33:992][671]LogModuleManager: Shutting down and abandoning module GeometryMode (200)
[2017.01.17-12.17.33:992][671]LogModuleManager: Shutting down and abandoning module TextureAlignMode (199)
[2017.01.17-12.17.33:992][671]LogModuleManager: Shutting down and abandoning module BspMode (198)
[2017.01.17-12.17.33:992][671]LogModuleManager: Shutting down and abandoning module HardwareSurvey (197)
[2017.01.17-12.17.33:992][671]LogModuleManager: Shutting down and abandoning module SequenceRecorderSections (196)
[2017.01.17-12.17.33:992][671]LogModuleManager: Shutting down and abandoning module SequenceRecorder (195)
[2017.01.17-12.17.33:992][671]LogModuleManager: Shutting down and abandoning module AutomationWorker (194)
[2017.01.17-12.17.33:992][671]LogModuleManager: Shutting down and abandoning module MatineeToLevelSequence (193)
[2017.01.17-12.17.33:992][671]LogModuleManager: Shutting down and abandoning module PlacementMode (192)
[2017.01.17-12.17.33:992][671]LogModuleManager: Shutting down and abandoning module LevelSequenceEditor (191)
[2017.01.17-12.17.33:992][671]LogModuleManager: Shutting down and abandoning module CharacterAI (190)
[2017.01.17-12.17.33:992][671]LogModuleManager: Shutting down and abandoning module SmartSnapping (189)
[2017.01.17-12.17.33:992][671]LogModuleManager: Shutting down and abandoning module SessionServices (188)
[2017.01.17-12.17.33:992][671]LogModuleManager: Shutting down and abandoning module ViewportSnapping (187)
[2017.01.17-12.17.33:992][671]LogModuleManager: Shutting down and abandoning module LogVisualizer (186)
[2017.01.17-12.17.33:992][671]LogModuleManager: Shutting down and abandoning module GameProjectGeneration (185)
[2017.01.17-12.17.33:993][671]LogModuleManager: Shutting down and abandoning module IntroTutorials (184)
[2017.01.17-12.17.33:993][671]LogModuleManager: Shutting down and abandoning module EditorLiveStreaming (183)
[2017.01.17-12.17.33:993][671]LogModuleManager: Shutting down and abandoning module IOSPlatformEditor (182)
[2017.01.17-12.17.33:993][671]LogModuleManager: Shutting down and abandoning module HTML5PlatformEditor (181)
[2017.01.17-12.17.33:993][671]LogModuleManager: Shutting down and abandoning module AndroidDeviceDetection (180)
[2017.01.17-12.17.34:381][671]LogModuleManager: Shutting down and abandoning module AndroidPlatformEditor (179)
[2017.01.17-12.17.34:381][671]LogModuleManager: Shutting down and abandoning module IOSRuntimeSettings (178)
[2017.01.17-12.17.34:381][671]LogModuleManager: Shutting down and abandoning module AndroidRuntimeSettings (177)
[2017.01.17-12.17.34:381][671]LogModuleManager: Shutting down and abandoning module MergeActors (176)
[2017.01.17-12.17.34:381][671]LogModuleManager: Shutting down and abandoning module SizeMap (175)
[2017.01.17-12.17.34:381][671]LogModuleManager: Shutting down and abandoning module TreeMap (174)
[2017.01.17-12.17.34:381][671]LogModuleManager: Shutting down and abandoning module ReferenceViewer (173)
[2017.01.17-12.17.34:381][671]LogModuleManager: Shutting down and abandoning module LocalizationService (172)
[2017.01.17-12.17.34:381][671]LogModuleManager: Shutting down and abandoning module LocalizationDashboard (171)
[2017.01.17-12.17.34:381][671]LogModuleManager: Shutting down and abandoning module HardwareTargeting (170)
[2017.01.17-12.17.34:381][671]LogModuleManager: Shutting down and abandoning module DeviceProfileEditor (169)
[2017.01.17-12.17.34:381][671]LogModuleManager: Shutting down and abandoning module UndoHistory (168)
[2017.01.17-12.17.34:381][671]LogModuleManager: Shutting down and abandoning module UserFeedback (167)
[2017.01.17-12.17.34:381][671]LogModuleManager: Shutting down and abandoning module XmlParser (166)
[2017.01.17-12.17.34:381][671]LogModuleManager: Shutting down and abandoning module Blutility (165)
[2017.01.17-12.17.34:381][671]LogModuleManager: Shutting down and abandoning module ProjectTargetPlatformEditor (164)
[2017.01.17-12.17.34:381][671]LogModuleManager: Shutting down and abandoning module ProjectSettingsViewer (163)
[2017.01.17-12.17.34:381][671]LogModuleManager: Shutting down and abandoning module InputBindingEditor (162)
[2017.01.17-12.17.34:382][671]LogModuleManager: Shutting down and abandoning module EditorSettingsViewer (161)
[2017.01.17-12.17.34:382][671]LogModuleManager: Shutting down and abandoning module SettingsEditor (160)
[2017.01.17-12.17.34:382][671]LogModuleManager: Shutting down and abandoning module ProjectLauncher (159)
[2017.01.17-12.17.34:382][671]LogModuleManager: Shutting down and abandoning module SessionFrontend (158)
[2017.01.17-12.17.34:382][671]LogModuleManager: Shutting down and abandoning module ProfilerClient (157)
[2017.01.17-12.17.34:382][671]LogModuleManager: Shutting down and abandoning module TargetDeviceServices (156)
[2017.01.17-12.17.34:382][671]LogModuleManager: Shutting down and abandoning module DeviceManager (155)
[2017.01.17-12.17.34:434][671]LogModuleManager: Shutting down and abandoning module AutomationController (154)
[2017.01.17-12.17.34:434][671]LogModuleManager: Shutting down and abandoning module AutomationWindow (153)
[2017.01.17-12.17.34:434][671]LogModuleManager: Shutting down and abandoning module Layers (152)
[2017.01.17-12.17.34:434][671]LogModuleManager: Shutting down and abandoning module ComponentVisualizers (151)
[2017.01.17-12.17.34:434][671]LogModuleManager: Shutting down and abandoning module DetailCustomizations (150)
[2017.01.17-12.17.34:434][671]LogModuleManager: Shutting down and abandoning module PackagesDialog (149)
[2017.01.17-12.17.34:435][671]LogModuleManager: Shutting down and abandoning module Persona (148)
[2017.01.17-12.17.34:435][671]LogModuleManager: Shutting down and abandoning module Kismet (147)
[2017.01.17-12.17.34:435][671]LogModuleManager: Shutting down and abandoning module GraphEditor (146)
[2017.01.17-12.17.34:435][671]LogModuleManager: Shutting down and abandoning module ClassViewer (145)
[2017.01.17-12.17.34:435][671]LogModuleManager: Shutting down and abandoning module Toolbox (144)
[2017.01.17-12.17.34:435][671]LogModuleManager: Shutting down and abandoning module ModuleUI (143)
[2017.01.17-12.17.34:435][671]LogModuleManager: Shutting down and abandoning module MovieSceneTools (142)
[2017.01.17-12.17.34:435][671]LogModuleManager: Shutting down and abandoning module OutputLog (141)
[2017.01.17-12.17.34:435][671]LogModuleManager: Shutting down and abandoning module GammaUI (140)
[2017.01.17-12.17.34:435][671]LogModuleManager: Shutting down and abandoning module Documentation (139)
[2017.01.17-12.17.34:435][671]LogModuleManager: Shutting down and abandoning module StreamingPauseRendering (138)
[2017.01.17-12.17.34:435][671]LogModuleManager: Shutting down and abandoning module AnalyticsET (137)
[2017.01.17-12.17.34:435][671]LogModuleManager: Shutting down and abandoning module Analytics (136)
[2017.01.17-12.17.34:435][671]LogModuleManager: Shutting down and abandoning module PortalServices (135)
[2017.01.17-12.17.34:435][671]LogModuleManager: Shutting down and abandoning module PortalRpc (134)
[2017.01.17-12.17.34:435][671]LogModuleManager: Shutting down and abandoning module MessagingRpc (133)
[2017.01.17-12.17.34:435][671]LogModuleManager: Shutting down and abandoning module GameplayDebugger (132)
[2017.01.17-12.17.34:435][671]LogModuleManager: Shutting down and abandoning module AITestSuite (131)
[2017.01.17-12.17.34:435][671]LogModuleManager: Shutting down and abandoning module AIModule (130)
[2017.01.17-12.17.34:435][671]LogModuleManager: Shutting down and abandoning module ProfilerService (129)
[2017.01.17-12.17.34:653][671]LogModuleManager: Shutting down and abandoning module TaskGraph (128)
[2017.01.17-12.17.34:654][671]LogModuleManager: Shutting down and abandoning module SlateRemote (127)
[2017.01.17-12.17.34:654][671]LogModuleManager: Shutting down and abandoning module SteamVRController (126)
[2017.01.17-12.17.34:654][671]LogModuleManager: Shutting down and abandoning module SteamVR (125)
[2017.01.17-12.17.34:654][671]LogModuleManager: Shutting down and abandoning module ProceduralMeshComponent (124)
[2017.01.17-12.17.34:654][671]LogModuleManager: Shutting down and abandoning module OculusLibrary (123)
[2017.01.17-12.17.34:654][671]LogModuleManager: Shutting down and abandoning module OculusInput (122)
[2017.01.17-12.17.34:654][671]LogModuleManager: Shutting down and abandoning module CustomMeshComponent (121)
[2017.01.17-12.17.34:654][671]LogModuleManager: Shutting down and abandoning module CableComponent (120)
[2017.01.17-12.17.34:654][671]LogModuleManager: Shutting down and abandoning module ArchVisCharacter (119)
[2017.01.17-12.17.34:654][671]LogModuleManager: Shutting down and abandoning module MediaPlayerEditor (118)
[2017.01.17-12.17.34:654][671]LogModuleManager: Shutting down and abandoning module HTML5Networking (117)
[2017.01.17-12.17.34:654][671]LogModuleManager: Shutting down and abandoning module SuperSearch (116)
[2017.01.17-12.17.34:654][671]LogModuleManager: Shutting down and abandoning module SuperSearchEditor (115)
[2017.01.17-12.17.34:654][671]LogModuleManager: Shutting down and abandoning module SpeedTreeImporter (114)
[2017.01.17-12.17.34:654][671]LogModuleManager: Shutting down and abandoning module PluginBrowser (113)
[2017.01.17-12.17.34:654][671]LogModuleManager: Shutting down and abandoning module EpicSurvey (112)
[2017.01.17-12.17.34:654][671]LogModuleManager: Shutting down and abandoning module DesktopPlatform (111)
[2017.01.17-12.17.34:654][671]LogModuleManager: Shutting down and abandoning module VisualStudioSourceCodeAccess (110)
[2017.01.17-12.17.34:654][671]LogModuleManager: Shutting down and abandoning module UObjectPlugin (109)
[2017.01.17-12.17.34:654][671]LogModuleManager: Shutting down and abandoning module SubversionSourceControl (108)
[2017.01.17-12.17.34:654][671]LogModuleManager: Shutting down and abandoning module PerforceSourceControl (107)
[2017.01.17-12.17.34:654][671]LogModuleManager: Shutting down and abandoning module SourceControl (106)
[2017.01.17-12.17.34:654][671]LogModuleManager: Shutting down and abandoning module GitSourceControl (105)
[2017.01.17-12.17.34:654][671]LogModuleManager: Shutting down and abandoning module LightPropagationVolumeEditor (104)
[2017.01.17-12.17.34:654][671]LogModuleManager: Shutting down and abandoning module PaperTiledImporter (103)
[2017.01.17-12.17.34:654][671]LogModuleManager: Shutting down and abandoning module PaperSpriteSheetImporter (102)
[2017.01.17-12.17.34:654][671]LogModuleManager: Shutting down and abandoning module MeshPaint (101)
[2017.01.17-12.17.34:654][671]LogModuleManager: Shutting down and abandoning module PixelInspectorModule (100)
[2017.01.17-12.17.34:654][671]LogModuleManager: Shutting down and abandoning module HotReload (99)
[2017.01.17-12.17.34:654][671]LogModuleManager: Shutting down and abandoning module MainFrame (98)
[2017.01.17-12.17.34:654][671]LogModuleManager: Shutting down and abandoning module LevelEditor (97)
[2017.01.17-12.17.34:655][671]LogModuleManager: Shutting down and abandoning module ContentBrowser (96)
[2017.01.17-12.17.34:655][671]LogModuleManager: Shutting down and abandoning module Paper2DEditor (95)
[2017.01.17-12.17.34:655][671]LogModuleManager: Shutting down and abandoning module UdpMessaging (94)
[2017.01.17-12.17.34:756][671]LogModuleManager: Shutting down and abandoning module LightPropagationVolumeRuntime (93)
[2017.01.17-12.17.34:756][671]LogModuleManager: Shutting down and abandoning module Paper2D (92)
[2017.01.17-12.17.34:756][671]LogModuleManager: Shutting down and abandoning module WindowsMoviePlayer (91)
[2017.01.17-12.17.34:756][671]LogModuleManager: Shutting down and abandoning module Media (90)
[2017.01.17-12.17.34:756][671]LogModuleManager: Shutting down and abandoning module WmfMedia (89)
[2017.01.17-12.17.34:756][671]LogModuleManager: Shutting down and abandoning module MediaAssets (88)
[2017.01.17-12.17.34:756][671]LogModuleManager: Shutting down and abandoning module GameLiveStreaming (87)
[2017.01.17-12.17.34:756][671]LogModuleManager: Shutting down and abandoning module GameplayTagsEditor (86)
[2017.01.17-12.17.34:756][671]LogModuleManager: Shutting down and abandoning module OnlineBlueprintSupport (85)
[2017.01.17-12.17.34:756][671]LogModuleManager: Shutting down and abandoning module VREditor (84)
[2017.01.17-12.17.34:756][671]LogModuleManager: Shutting down and abandoning module GameplayTasksEditor (83)
[2017.01.17-12.17.34:756][671]LogModuleManager: Shutting down and abandoning module PropertyEditor (82)
[2017.01.17-12.17.34:756][671]LogModuleManager: Shutting down and abandoning module BehaviorTreeEditor (81)
[2017.01.17-12.17.34:756][671]LogModuleManager: Shutting down and abandoning module FunctionalTesting (80)
[2017.01.17-12.17.34:756][671]LogModuleManager: Shutting down and abandoning module CollisionAnalyzer (79)
[2017.01.17-12.17.34:756][671]LogModuleManager: Shutting down and abandoning module Sequencer (78)
[2017.01.17-12.17.34:756][671]LogModuleManager: Shutting down and abandoning module WorkspaceMenuStructure (77)
[2017.01.17-12.17.34:756][671]LogModuleManager: Shutting down and abandoning module MessageLog (76)
[2017.01.17-12.17.34:756][671]LogModuleManager: Shutting down and abandoning module AssetTools (75)
[2017.01.17-12.17.34:756][671]LogModuleManager: Shutting down and abandoning module UMGEditor (74)
[2017.01.17-12.17.34:756][671]LogModuleManager: Shutting down and abandoning module UMG (73)
[2017.01.17-12.17.34:756][671]LogModuleManager: Shutting down and abandoning module SlateReflector (72)
[2017.01.17-12.17.34:756][671]LogModuleManager: Shutting down and abandoning module Slate (71)
[2017.01.17-12.17.34:756][671]LogModuleManager: Shutting down and abandoning module EditorStyle (70)
[2017.01.17-12.17.34:758][671]LogModuleManager: Shutting down and abandoning module SourceCodeAccess (69)
[2017.01.17-12.17.34:758][671]LogModuleManager: Shutting down and abandoning module HeadMountedDisplay (68)
[2017.01.17-12.17.34:758][671]LogModuleManager: Shutting down and abandoning module XAudio2 (67)
[2017.01.17-12.17.34:758][671]LogModuleManager: Shutting down and abandoning module Networking (65)
[2017.01.17-12.17.34:758][671]LogModuleManager: Shutting down and abandoning module Core (64)
[2017.01.17-12.17.34:758][671]LogModuleManager: Shutting down and abandoning module DirectoryWatcher (63)
[2017.01.17-12.17.34:759][671]LogModuleManager: Shutting down and abandoning module AssetRegistry (62)
[2017.01.17-12.17.34:890][671]LogModuleManager: Shutting down and abandoning module KismetCompiler (61)
[2017.01.17-12.17.34:890][671]LogModuleManager: Shutting down and abandoning module PhysXFormats (60)
[2017.01.17-12.17.34:890][671]LogModuleManager: Shutting down and abandoning module MeshUtilities (59)
[2017.01.17-12.17.34:890][671]LogModuleManager: Shutting down and abandoning module DerivedDataCache (58)
[2017.01.17-12.17.34:950][671]LogDerivedDataCache: Shutdown
[2017.01.17-12.17.34:950][671]LogModuleManager: Shutting down and abandoning module VulkanShaderFormat (57)
[2017.01.17-12.17.34:950][671]LogModuleManager: Shutting down and abandoning module ShaderFormatOpenGL (56)
[2017.01.17-12.17.34:950][671]LogModuleManager: Shutting down and abandoning module ShaderFormatD3D (55)
[2017.01.17-12.17.34:950][671]LogModuleManager: Shutting down and abandoning module MetalShaderFormat (54)
[2017.01.17-12.17.34:950][671]LogModuleManager: Shutting down and abandoning module TextureFormatUncompressed (53)
[2017.01.17-12.17.34:950][671]LogModuleManager: Shutting down and abandoning module TextureFormatPVR (52)
[2017.01.17-12.17.34:950][671]LogModuleManager: Shutting down and abandoning module TextureFormatIntelISPCTexComp (51)
[2017.01.17-12.17.34:950][671]LogModuleManager: Shutting down and abandoning module TextureFormatDXT (50)
[2017.01.17-12.17.34:950][671]LogModuleManager: Shutting down and abandoning module ImageWrapper (49)
[2017.01.17-12.17.34:950][671]LogModuleManager: Shutting down and abandoning module TextureFormatASTC (48)
[2017.01.17-12.17.34:950][671]LogModuleManager: Shutting down and abandoning module TextureFormatAndroid (47)
[2017.01.17-12.17.34:950][671]LogModuleManager: Shutting down and abandoning module AudioFormatOpus (46)
[2017.01.17-12.17.34:950][671]LogModuleManager: Shutting down and abandoning module AudioFormatOgg (45)
[2017.01.17-12.17.34:950][671]LogModuleManager: Shutting down and abandoning module AudioFormatADPCM (44)
[2017.01.17-12.17.34:950][671]LogModuleManager: Shutting down and abandoning module LinuxTargetPlatform (43)
[2017.01.17-12.17.34:950][671]LogModuleManager: Shutting down and abandoning module LinuxServerTargetPlatform (42)
[2017.01.17-12.17.34:950][671]LogModuleManager: Shutting down and abandoning module LinuxNoEditorTargetPlatform (41)
[2017.01.17-12.17.34:950][671]LogModuleManager: Shutting down and abandoning module TVOSTargetPlatform (40)
[2017.01.17-12.17.34:950][671]LogModuleManager: Shutting down and abandoning module Messaging (39)
[2017.01.17-12.17.34:950][671]LogModuleManager: Shutting down and abandoning module IOSTargetPlatform (38)
[2017.01.17-12.17.34:950][671]LogModuleManager: Shutting down and abandoning module HTML5TargetPlatform (37)
[2017.01.17-12.17.34:950][671]LogModuleManager: Shutting down and abandoning module Android_PVRTCTargetPlatform (36)
[2017.01.17-12.17.34:950][671]LogModuleManager: Shutting down and abandoning module Android_MultiTargetPlatform (35)
[2017.01.17-12.17.34:950][671]LogModuleManager: Shutting down and abandoning module Android_ETC2TargetPlatform (34)
[2017.01.17-12.17.34:950][671]LogModuleManager: Shutting down and abandoning module Android_ETC1TargetPlatform (33)
[2017.01.17-12.17.34:950][671]LogModuleManager: Shutting down and abandoning module Android_DXTTargetPlatform (32)
[2017.01.17-12.17.34:950][671]LogModuleManager: Shutting down and abandoning module Android_ATCTargetPlatform (31)
[2017.01.17-12.17.34:950][671]LogModuleManager: Shutting down and abandoning module Android_ASTCTargetPlatform (30)
[2017.01.17-12.17.34:950][671]LogModuleManager: Shutting down and abandoning module AndroidTargetPlatform (29)
[2017.01.17-12.17.34:950][671]LogModuleManager: Shutting down and abandoning module WindowsTargetPlatform (28)
[2017.01.17-12.17.34:950][671]LogModuleManager: Shutting down and abandoning module WindowsServerTargetPlatform (27)
[2017.01.17-12.17.34:950][671]LogModuleManager: Shutting down and abandoning module WindowsNoEditorTargetPlatform (26)
[2017.01.17-12.17.34:950][671]LogModuleManager: Shutting down and abandoning module WindowsClientTargetPlatform (25)
[2017.01.17-12.17.34:950][671]LogModuleManager: Shutting down and abandoning module AllDesktopTargetPlatform (24)
[2017.01.17-12.17.34:950][671]LogModuleManager: Shutting down and abandoning module TargetPlatform (23)
[2017.01.17-12.17.34:950][671]LogModuleManager: Shutting down and abandoning module InputCore (22)
[2017.01.17-12.17.34:950][671]LogModuleManager: Shutting down and abandoning module Settings (21)
[2017.01.17-12.17.34:950][671]LogModuleManager: Shutting down and abandoning module OnlineSubsystem (19)
[2017.01.17-12.17.34:951][671]LogModuleManager: Shutting down and abandoning module HTTP (18)
[2017.01.17-12.17.37:954][671]LogModuleManager: Shutting down and abandoning module XMPP (17)
[2017.01.17-12.17.37:954][671]LogModuleManager: Shutting down and abandoning module OculusRift (16)
[2017.01.17-12.17.37:954][671]LogModuleManager: Shutting down and abandoning module ExampleDeviceProfileSelector (15)
[2017.01.17-12.17.37:954][671]LogModuleManager: Shutting down and abandoning module TextureCompressor (14)
[2017.01.17-12.17.37:954][671]LogModuleManager: Shutting down and abandoning module ShaderCore (13)
[2017.01.17-12.17.37:954][671]LogModuleManager: Shutting down and abandoning module Landscape (12)
[2017.01.17-12.17.37:954][671]LogModuleManager: Shutting down and abandoning module SlateRHIRenderer (11)
[2017.01.17-12.17.37:955][671]LogModuleManager: Shutting down and abandoning module OpenGLDrv (10)
[2017.01.17-12.17.37:955][671]LogModuleManager: Shutting down and abandoning module D3D11RHI (9)
[2017.01.17-12.17.37:955][671]LogModuleManager: Shutting down and abandoning module AnimGraphRuntime (8)
[2017.01.17-12.17.37:955][671]LogModuleManager: Shutting down and abandoning module Renderer (7)
[2017.01.17-12.17.37:955][671]LogModuleManager: Shutting down and abandoning module Engine (6)
[2017.01.17-12.17.37:955][671]LogModuleManager: Shutting down and abandoning module CoreUObject (5)
[2017.01.17-12.17.37:955][671]LogModuleManager: Shutting down and abandoning module NetworkFile (4)
[2017.01.17-12.17.37:955][671]LogModuleManager: Shutting down and abandoning module StreamingFile (3)
[2017.01.17-12.17.37:955][671]LogModuleManager: Shutting down and abandoning module SandboxFile (2)
[2017.01.17-12.17.37:955][671]LogModuleManager: Shutting down and abandoning module PakFile (1)
[2017.01.17-12.17.37:957][671]LogExit: Exiting.
[2017.01.17-12.17.37:958][671]Log file closed, 01/17/17 13:17:37
