Log file open, 01/17/17 10:16:40
LogInit:Display: Running engine for game: Project_Nomand
LogPlatformFile: Not using cached read wrapper
LogInit:Display: RandInit(2029768976) SRandInit(2029768978).
LogTaskGraph: Started task graph with 4 named threads and 7 total threads with 1 sets of task threads.
LogStats: Stats thread started at 0.073112
LogInit: Version: 4.12.5-3039270+++UE4+Release-4.12
LogInit: API Version: 2992821
LogInit: Net Version: 3039270
LogDevObjectVersion: Number of dev versions registered: 13
LogDevObjectVersion:   Dev-Blueprints (B0D832E4-1F89-4F0D-ACCF-7EB736FD4AA2): 3
LogDevObjectVersion:   Dev-Build (E1C64328-A22C-4D53-A36C-8E866417BD8C): 0
LogDevObjectVersion:   Dev-Core (375EC13C-06E4-48FB-B500-84F0262A717E): 1
LogDevObjectVersion:   Dev-Editor (E4B068ED-F494-42E9-A231-DA0B2E46BB41): 2
LogDevObjectVersion:   Dev-Framework (CFFC743F-43B0-4480-9391-14DF171D2073): 6
LogDevObjectVersion:   Dev-Mobile (B02B49B5-BB20-44E9-A304-32B752E40360): 0
LogDevObjectVersion:   Dev-Networking (A4E4105C-59A1-49B5-A7C5-40C4547EDFEE): 0
LogDevObjectVersion:   Dev-Online (39C831C9-5AE6-47DC-9A44-9C173E1C8E7C): 0
LogDevObjectVersion:   Dev-Physics (78F01B33-EBEA-4F98-B9B4-84EACCB95AA2): 0
LogDevObjectVersion:   Dev-Platform (6631380F-2D4D-43E0-8009-CF276956A95A): 0
LogDevObjectVersion:   Dev-Rendering (12F88B9F-8875-4AFC-A67C-D90C383ABD29): 2
LogDevObjectVersion:   Dev-Sequencer (7B5AE74C-D270-4C10-A958-57980B212A5A): 0
LogDevObjectVersion:   Dev-VR (D7296918-1DD6-4BDD-9DE2-64A83CC13884): 0
LogInit: Compiled (64-bit): Jul  6 2016 09:09:46
LogInit: Compiled with Visual C++: 19.00.23026.00
LogInit: Build Configuration: Development
LogInit: Branch Name: ++UE4+Release-4.12
LogInit: Command line:  
LogInit: Base directory: G:/UNI/Programme/Epic Games/4.12/Engine/Binaries/Win64/
LogInit: Installed Engine Build: 1
LogInit: Using libcurl 7.41.0
LogInit:  - built for x86_64-pc-win32
LogInit:  - supports SSL with WinSSL
LogInit:  - other features:
LogInit:      CURL_VERSION_SSL
LogInit:      CURL_VERSION_IPV6
LogInit:      CURL_VERSION_ASYNCHDNS
LogInit:      CURL_VERSION_LARGEFILE
LogInit:      CURL_VERSION_IDN
LogInit:  CurlRequestOptions (configurable via config and command line):
LogInit:  - bVerifyPeer = true  - Libcurl will verify peer certificate
LogInit:  - bUseHttpProxy = false  - Libcurl will NOT use HTTP proxy
LogInit:  - bDontReuseConnections = false  - Libcurl will reuse connections
LogInit:  - CertBundlePath = nullptr  - Libcurl will use whatever was configured at build time.
LogInit: Presizing for max 8388607 objects, including 0 objects not considered by GC, pre-allocating 0 bytes for permanent pool.
LogInit: Object subsystem initialized
[2017.01.17-09.16.40:819][  0]LogInit: Selected Device Profile: [Windows]
[2017.01.17-09.16.40:819][  0]LogInit: Applying CVar settings loaded from the selected device profile: [Windows]
[2017.01.17-09.16.40:828][  0]LogInit: Computer: DEX
[2017.01.17-09.16.40:828][  0]LogInit: User: Dextex
[2017.01.17-09.16.40:828][  0]LogInit: CPU Page size=65536, Cores=4
[2017.01.17-09.16.40:828][  0]LogInit: High frequency timer resolution =3.417976 MHz
[2017.01.17-09.16.40:828][  0]LogMemory: Memory total: Physical=15.9GB (16GB approx)
[2017.01.17-09.16.40:828][  0]LogMemory: Platform Memory Stats for Windows
[2017.01.17-09.16.40:828][  0]LogMemory: Process Physical Memory: 191.26 MB used, 191.26 MB peak
[2017.01.17-09.16.40:828][  0]LogMemory: Process Virtual Memory: 195.27 MB used, 195.27 MB peak
[2017.01.17-09.16.40:828][  0]LogMemory: Physical Memory: 6171.74 MB used, 16328.00 MB total
[2017.01.17-09.16.40:828][  0]LogMemory: Virtual Memory: 553.49 MB used, 134217728.00 MB total
[2017.01.17-09.16.40:859][  0]LogTextLocalizationManager: No translations for ('de-DE') exist, falling back to 'en' for localization and internationalization data.
[2017.01.17-09.16.41:257][  0]LogD3D11RHI: D3D11 adapters:
[2017.01.17-09.16.41:793][  0]LogD3D11RHI:    0. 'NVIDIA GeForce GTX 1080' (Feature Level 11_0)
[2017.01.17-09.16.41:793][  0]LogD3D11RHI:       8144/0/8164 MB DedicatedVideo/DedicatedSystem/SharedSystem, Outputs:2, VendorId:0x10de
[2017.01.17-09.16.41:794][  0]LogD3D11RHI:    1. 'Microsoft Basic Render Driver' (Feature Level 11_0)
[2017.01.17-09.16.41:794][  0]LogD3D11RHI:       0/0/8164 MB DedicatedVideo/DedicatedSystem/SharedSystem, Outputs:0, VendorId:0x1414
[2017.01.17-09.16.41:794][  0]LogD3D11RHI: Chosen D3D11 Adapter: 0
[2017.01.17-09.16.41:798][  0]LogD3D11RHI: Creating new Direct3DDevice
[2017.01.17-09.16.41:798][  0]LogD3D11RHI:     GPU DeviceId: 0x1b80 (for the marketing name, search the web for "GPU Device Id")
[2017.01.17-09.16.41:798][  0]LogWindows: EnumDisplayDevices:
[2017.01.17-09.16.41:799][  0]LogWindows:    0. 'NVIDIA GeForce GTX 1080' (P:1 D:1)
[2017.01.17-09.16.41:799][  0]LogWindows:    1. 'NVIDIA GeForce GTX 1080' (P:0 D:1)
[2017.01.17-09.16.41:799][  0]LogWindows:    2. 'NVIDIA GeForce GTX 1080' (P:0 D:0)
[2017.01.17-09.16.41:799][  0]LogWindows:    3. 'NVIDIA GeForce GTX 1080' (P:0 D:0)
[2017.01.17-09.16.41:799][  0]LogWindows: DebugString: FoundDriverCount:4 
[2017.01.17-09.16.41:799][  0]LogD3D11RHI:     Adapter Name: NVIDIA GeForce GTX 1080
[2017.01.17-09.16.41:799][  0]LogD3D11RHI:   Driver Version: 376.33 (internal:21.21.13.7633, unified:376.33)
[2017.01.17-09.16.41:799][  0]LogD3D11RHI:      Driver Date: 12-11-2016
[2017.01.17-09.16.41:799][  0]LogRHI: Texture pool is 1361 MB (70% of 1945 MB)
[2017.01.17-09.16.42:289][  0]LogD3D11RHI: Async texture creation enabled
[2017.01.17-09.16.42:320][  0]LogD3D11RHI: GPU Timing Frequency: 1000.000000 (Debug: 2 1)
[2017.01.17-09.16.42:321][  0]LogShaderCompilers: Guid format shader working directory is -2 characters bigger than the processId version (../../../../../../MP2/project_nomad/Project_Nomand/Intermediate/Shaders/WorkingDirectory/892/).
[2017.01.17-09.16.42:321][  0]LogShaderCompilers: Cleaned the shader compiler working directory 'C:/Users/Dextex/AppData/Local/Temp/UnrealShaderWorkingDir/D51AAC654CE953643B81E2B74C05D55E/'.
[2017.01.17-09.16.42:321][  0]LogShaderCompilers:Display: Using Local Shader Compiler.
[2017.01.17-09.16.43:147][  0]LogTemp:Display: Loaded TP AllDesktopTargetPlatform
[2017.01.17-09.16.43:154][  0]LogTemp:Display: Loaded TP WindowsClientTargetPlatform
[2017.01.17-09.16.43:163][  0]LogTemp:Display: Loaded TP WindowsNoEditorTargetPlatform
[2017.01.17-09.16.43:172][  0]LogTemp:Display: Loaded TP WindowsServerTargetPlatform
[2017.01.17-09.16.43:180][  0]LogTemp:Display: Loaded TP WindowsTargetPlatform
[2017.01.17-09.16.43:187][  0]LogTemp:Display: Loaded TP AndroidTargetPlatform
[2017.01.17-09.16.43:193][  0]LogTemp:Display: Loaded TP Android_ASTCTargetPlatform
[2017.01.17-09.16.43:199][  0]LogTemp:Display: Loaded TP Android_ATCTargetPlatform
[2017.01.17-09.16.43:206][  0]LogTemp:Display: Loaded TP Android_DXTTargetPlatform
[2017.01.17-09.16.43:213][  0]LogTemp:Display: Loaded TP Android_ETC1TargetPlatform
[2017.01.17-09.16.43:220][  0]LogTemp:Display: Loaded TP Android_ETC2TargetPlatform
[2017.01.17-09.16.43:232][  0]LogTemp:Display: Loaded TP Android_MultiTargetPlatform
[2017.01.17-09.16.43:232][  0]LogTemp:Display: Loaded TP Android_PVRTCTargetPlatform
[2017.01.17-09.16.43:233][  0]LogTemp:Display: Loaded TP HTML5TargetPlatform
[2017.01.17-09.16.43:253][  0]LogTemp:Display: Loaded TP IOSTargetPlatform
[2017.01.17-09.16.43:259][  0]LogTemp:Display: Loaded TP TVOSTargetPlatform
[2017.01.17-09.16.43:265][  0]LogTemp:Display: Loaded TP LinuxNoEditorTargetPlatform
[2017.01.17-09.16.43:271][  0]LogTemp:Display: Loaded TP LinuxServerTargetPlatform
[2017.01.17-09.16.43:277][  0]LogTemp:Display: Loaded TP LinuxTargetPlatform
[2017.01.17-09.16.43:278][  0]LogTargetPlatformManager:Display: Building Assets For Windows
[2017.01.17-09.16.43:350][  0]LogDerivedDataCache:Display: Max Cache Size: 512 MB
[2017.01.17-09.16.43:394][  0]LogDerivedDataCache: Loaded boot cache 0.04s 48MB C:/Users/Dextex/AppData/Local/UnrealEngine/4.12/DerivedDataCache/Boot.ddc.
[2017.01.17-09.16.43:395][  0]LogDerivedDataCache:Display: Loaded Boot cache: C:/Users/Dextex/AppData/Local/UnrealEngine/4.12/DerivedDataCache/Boot.ddc
[2017.01.17-09.16.43:395][  0]LogDerivedDataCache: FDerivedDataBackendGraph:  Pak pak cache file ../../../../../../MP2/project_nomad/Project_Nomand/DerivedDataCache/DDC.ddp not found, will not use a pak cache.
[2017.01.17-09.16.43:395][  0]LogDerivedDataCache: Unable to find inner node Pak for hierarchical cache Hierarchy.
[2017.01.17-09.16.43:395][  0]LogDerivedDataCache: FDerivedDataBackendGraph:  CompressedPak pak cache file ../../../../../../MP2/project_nomad/Project_Nomand/DerivedDataCache/Compressed.ddp not found, will not use a pak cache.
[2017.01.17-09.16.43:395][  0]LogDerivedDataCache: Unable to find inner node CompressedPak for hierarchical cache Hierarchy.
[2017.01.17-09.16.43:409][  0]LogDerivedDataCache:Display: Pak cache opened for reading ../../../Engine/DerivedDataCache/Compressed.ddp.
[2017.01.17-09.16.43:421][  0]LogDerivedDataCache: Using Local data cache path C:/Users/Dextex/AppData/Local/UnrealEngine/Common/DerivedDataCache: Writable
[2017.01.17-09.16.43:561][  0]LogInit: Selected Device Profile: [Windows]
[2017.01.17-09.16.43:561][  0]LogContentStreaming: Texture pool size is 0.00 MB
[2017.01.17-09.16.43:688][  0]LogMeshUtilities: No automatic mesh reduction module available
[2017.01.17-09.16.43:688][  0]LogMeshUtilities: No automatic mesh merging module available
[2017.01.17-09.16.43:688][  0]LogMeshUtilities: No distributed automatic mesh merging module available
[2017.01.17-09.16.43:901][  0]LogAssetRegistry: FAssetRegistry took 0.0216 seconds to start up
[2017.01.17-09.16.43:918][  0]LogPackageLocalizationCache: Processed 3 localized package path(s) for 1 prioritized culture(s) in 0.013698 seconds
[2017.01.17-09.16.43:923][  0]LogUObjectArray: 28739 objects as part of root set at end of initial load.
[2017.01.17-09.16.43:923][  0]LogUObjectAllocator: 5855632 out of 0 bytes used by permanent object pool.
[2017.01.17-09.16.43:923][  0]LogUObjectArray: CloseDisregardForGC: 0/0 objects in disregard for GC pool
[2017.01.17-09.16.43:930][  0]LogInit: WinSock: version 1.1 (2.2), MaxSocks=32767, MaxUdp=65467
[2017.01.17-09.16.44:073][  0]LogSlate: SlateFontCache - WITH_FREETYPE: 1, WITH_HARFBUZZ: 1
[2017.01.17-09.16.44:074][  0]LogSlate: SlateFontCache - WITH_FREETYPE: 1, WITH_HARFBUZZ: 1
[2017.01.17-09.16.44:582][  0]LogUdpMessaging: Initializing bridge on interface 0.0.0.0:0 to multicast group 230.0.0.1:6666.
[2017.01.17-09.16.44:768][  0]SourceControl: Info Source control is disabled
[2017.01.17-09.16.45:027][  0]LogEngine: Initializing Engine...
[2017.01.17-09.16.45:028][  0]LogHMD: SteamVR failed to initialize.  Err: 100
[2017.01.17-09.16.45:028][  0]LogHMD: SteamVR failed to initialize.  Err: 100
[2017.01.17-09.16.45:139][  0]LogAIModule: Creating AISystem for world NewWorld
[2017.01.17-09.16.45:152][  0]LogInit: XAudio2 using 'Lautsprecher (Realtek High Definition Audio)' : 2 channels at 48 kHz using 32 bits per sample (channel mask 0x3)
[2017.01.17-09.16.45:165][  0]LogInit: FAudioDevice initialized.
[2017.01.17-09.16.45:188][  0]LogDerivedDataCache: Saved boot cache 0.02s 48MB C:/Users/Dextex/AppData/Local/UnrealEngine/4.12/DerivedDataCache/Boot.ddc.
[2017.01.17-09.16.45:195][  0]LogInit: Texture streaming: Enabled
[2017.01.17-09.16.45:216][  0]LogInit: Transaction tracking system initialized
[2017.01.17-09.16.45:243][  0]BlueprintLog: New page: Editor Load
[2017.01.17-09.16.45:336][  0]LocalizationService: Info Localization service is disabled
[2017.01.17-09.16.45:390][  0]LogConsoleResponse:Display: 
[2017.01.17-09.16.45:466][  0]LogCook:Display: Max memory allowance for cook 8192mb
[2017.01.17-09.16.45:466][  0]LogCook:Display: Mobile HDR setting 1
[2017.01.17-09.16.45:556][  0]LogFileCache: Scanning file cache for directory 'G:/UNI/MP2/project_nomad/Project_Nomand/Content/' took 0.02s
[2017.01.17-09.16.45:556][  0]Cmd: MAP LOAD FILE="../../../../../../MP2/project_nomad/Project_Nomand/Content/Map/Map.umap" TEMPLATE=0 SHOWPROGRESS=1 FEATURELEVEL=3
[2017.01.17-09.16.45:557][  0]LightingResults: New page: Lighting Build
[2017.01.17-09.16.45:559][  0]MapCheck: New page: Map Check
[2017.01.17-09.16.45:559][  0]LightingResults: New page: Lighting Build
[2017.01.17-09.16.46:906][  0]LogAIModule: Creating AISystem for world Map
[2017.01.17-09.16.46:943][  0]LogEditorServer: Finished looking for orphan Actors (0.000 secs)
[2017.01.17-09.16.46:947][  0]Cmd: MAP CHECKDEP NOCLEARLOG
[2017.01.17-09.16.46:992][  0]MapCheck: Info Map check complete: 0 Error(s), 0 Warning(s), took 44.631ms to complete.
[2017.01.17-09.16.46:992][  0]LogFileHelpers: Loading map 'Map' took 1.436
[2017.01.17-09.16.47:191][  0]LogCollectionManager: Loaded 0 collections in 0.001896 seconds
[2017.01.17-09.16.47:232][  0]LogFileCache: Scanning file cache for directory 'G:/UNI/MP2/project_nomad/Project_Nomand/Saved/Collections/' took 0.01s
[2017.01.17-09.16.47:232][  0]LogFileCache: Scanning file cache for directory 'G:/UNI/MP2/project_nomad/Project_Nomand/Content/Developers/Dextex/Collections/' took 0.01s
[2017.01.17-09.16.47:232][  0]LogFileCache: Scanning file cache for directory 'G:/UNI/MP2/project_nomad/Project_Nomand/Content/Collections/' took 0.01s
[2017.01.17-09.16.47:232][  0]LogCollectionManager: Rebuilt the GUID cache for 0 collections in 0.000002 seconds
[2017.01.17-09.16.47:239][  0]LogContentBrowser: Native class hierarchy populated in 0.0070 seconds. Added 2047 classes and 369 folders.
[2017.01.17-09.16.47:243][  0]LogStats: UGameplayTagsManager::ConstructGameplayTagTree: Construct from data asset -  0.000 s
[2017.01.17-09.16.47:243][  0]LogStats: UGameplayTagsManager::ConstructGameplayTagTree: GameplayTagTreeChangedEvent.Broadcast -  0.000 s
[2017.01.17-09.16.47:243][  0]LogContentBrowser: Native class hierarchy updated for 'GameplayTags' in 0.0003 seconds. Added 12 classes and 0 folders.
[2017.01.17-09.16.47:247][  0]LogContentBrowser: Native class hierarchy updated for 'WidgetCarousel' in 0.0002 seconds. Added 0 classes and 0 folders.
[2017.01.17-09.16.47:275][  0]LogContentBrowser: Native class hierarchy updated for 'AddContentDialog' in 0.0003 seconds. Added 0 classes and 0 folders.
[2017.01.17-09.16.47:279][  0]LogContentBrowser: Native class hierarchy updated for 'SceneOutliner' in 0.0003 seconds. Added 1 classes and 2 folders.
[2017.01.17-09.16.47:335][  0]LogCrashTracker: Crashtracker disabled due to settings.
[2017.01.17-09.16.47:338][  0]LogUObjectGlobals:Warning: Failed to find object 'Class None.'
[2017.01.17-09.16.47:365][  0]LogContentBrowser: Native class hierarchy updated for 'HierarchicalLODOutliner' in 0.0003 seconds. Added 1 classes and 2 folders.
[2017.01.17-09.16.47:365][  0]LogLoad: Full Startup: 7.26 seconds (BP compile: 0.39 seconds)
[2017.01.17-09.16.47:365][  0]LogExternalProfiler: No external profilers were discovered.  External profiling features will not be available.
[2017.01.17-09.16.47:374][  0]LogWindowsTextInputMethodSystem:Display: IME system now deactivated.
[2017.01.17-09.16.47:374][  0]LogOcInput: OculusInput pre-init called
[2017.01.17-09.16.47:394][  0]LogContentStreaming: Texture pool size now 1000 MB
[2017.01.17-09.16.47:450][  0]LogRenderer: Reallocating scene render targets to support 512x512 (Frame:1).
[2017.01.17-09.16.47:545][  0]LogRenderer: Reallocating scene render targets to support 1208x556 (Frame:2).
[2017.01.17-09.16.47:559][  1]Cmd: UpdateLandscapeEditorData -warnings
[2017.01.17-09.16.47:582][  1]LogAssetRegistry: Asset discovery search completed in 3.7021 seconds
[2017.01.17-09.16.47:582][  1]LogCollectionManager: Rebuilt the object cache for 0 collections in 0.000001 seconds (found 0 objects)
[2017.01.17-09.16.47:582][  1]LogCollectionManager: Fixed up redirectors for 0 collections in 0.000037 seconds (updated 0 objects)
[2017.01.17-09.17.35:136][559]LogContentBrowser: Native class hierarchy updated for 'BlueprintGraph' in 0.0007 seconds. Added 111 classes and 0 folders.
[2017.01.17-09.17.37:238][735]LogRenderer: Reallocating scene render targets to support 1248x712 (Frame:4319).
[2017.01.17-09.18.57:264][151]BlueprintLog: New page: Compile BP_BaseInteractable
[2017.01.17-09.18.57:486][151]BlueprintEditorCompileResults: Info [0137.38] Compile of BP_BaseInteractable successful! [in 221 ms] (/Game/Interactables/BP_BaseInteractable.BP_BaseInteractable)
[2017.01.17-09.19.02:320][630]BlueprintLog: New page: Compile BP_BaseInteractable
[2017.01.17-09.19.02:397][630]BlueprintEditorCompileResults: Info [0142.29] Compile of BP_BaseInteractable successful! [in 77 ms] (/Game/Interactables/BP_BaseInteractable.BP_BaseInteractable)
[2017.01.17-09.19.02:870][674]Cmd: OBJ SAVEPACKAGE PACKAGE="/Game/Interactables/BP_BaseInteractable" FILE="../../../../../../MP2/project_nomad/Project_Nomand/Content/Interactables/BP_BaseInteractable.uasset" SILENT=true
[2017.01.17-09.19.02:884][674]LogSavePackage: Save=11.94ms
[2017.01.17-09.19.02:884][674]LogSavePackage: Moving '../../../../../../MP2/project_nomad/Project_Nomand/Saved/BP_BaseInteractableC40EA3A44A1F3D72C2C7A38D40933226.tmp' to '../../../../../../MP2/project_nomad/Project_Nomand/Content/Interactables/BP_BaseInteractable.uasset'
[2017.01.17-09.19.02:886][674]LogSavePackage:Display: Finished SavePackage ../../../../../../MP2/project_nomad/Project_Nomand/Content/Interactables/BP_BaseInteractable.uasset
[2017.01.17-09.20.51:350][454]BlueprintLog: New page: Compile BPI_Interact
[2017.01.17-09.20.51:429][454]BlueprintEditorCompileResults: Info [0251.32] Compile of BPI_Interact successful! [in 78 ms] (/Game/Interactables/BPI_Interact.BPI_Interact)
[2017.01.17-09.21.15:919][361]BlueprintLog: New page: Compile BPI_Interact
[2017.01.17-09.21.15:998][361]BlueprintEditorCompileResults: Info [0275.89] Compile of BPI_Interact successful! [in 79 ms] (/Game/Interactables/BPI_Interact.BPI_Interact)
[2017.01.17-09.21.42:545][ 13]LogSlate:Warning: Prevented a slow task dialog from being summoned while a context menu was open
[2017.01.17-09.21.49:253][798]BlueprintLog: New page: Compile BP_BaseInteractable
[2017.01.17-09.21.49:393][798]BlueprintEditorCompileResults: Info [0309.28] Compile of BP_BaseInteractable successful! [in 139 ms] (/Game/Interactables/BP_BaseInteractable.BP_BaseInteractable)
[2017.01.17-09.24.28:438][401]BlueprintLog: New page: Compile BP_BaseInteractable
[2017.01.17-09.24.28:528][401]BlueprintEditorCompileResults: Info [0468.42] Compile of BP_BaseInteractable successful! [in 89 ms] (/Game/Interactables/BP_BaseInteractable.BP_BaseInteractable)
[2017.01.17-09.24.29:188][474]Cmd: OBJ SAVEPACKAGE PACKAGE="/Game/Interactables/BP_BaseInteractable" FILE="../../../../../../MP2/project_nomad/Project_Nomand/Content/Interactables/BP_BaseInteractable.uasset" SILENT=true
[2017.01.17-09.24.29:212][474]LogSavePackage: Save=15.48ms
[2017.01.17-09.24.29:212][474]LogSavePackage: Moving '../../../../../../MP2/project_nomad/Project_Nomand/Saved/BP_BaseInteractableD1ACDFA84DCDC9D94948EDB3DC5FC6A7.tmp' to '../../../../../../MP2/project_nomad/Project_Nomand/Content/Interactables/BP_BaseInteractable.uasset'
[2017.01.17-09.24.29:213][474]LogSavePackage:Display: Finished SavePackage ../../../../../../MP2/project_nomad/Project_Nomand/Content/Interactables/BP_BaseInteractable.uasset
[2017.01.17-09.26.41:856][567]BlueprintLog: New page: Compile Character_Controller
[2017.01.17-09.26.42:346][567]BlueprintEditorCompileResults: Info [0602.24] Compile of Character_Controller successful! [in 489 ms] (/Game/Character/Blueprint/Character_Controller.Character_Controller)
[2017.01.17-09.26.45:369][675]LogSlate:Warning: Prevented a slow task dialog from being summoned while a context menu was open
[2017.01.17-09.26.51:525][ 87]BlueprintLog: New page: Compile Character_Controller
[2017.01.17-09.26.51:881][ 87]BlueprintEditorCompileResults: Info [0611.77] Compile of Character_Controller successful! [in 355 ms] (/Game/Character/Blueprint/Character_Controller.Character_Controller)
[2017.01.17-09.27.58:869][899]BlueprintLog: New page: Compile Character_Controller
[2017.01.17-09.27.59:215][899]BlueprintEditorCompileResults: Info [0679.11] Compile of Character_Controller successful! [in 345 ms] (/Game/Character/Blueprint/Character_Controller.Character_Controller)
[2017.01.17-09.28.17:392][547]BlueprintLog: New page: Compile Character_Controller
[2017.01.17-09.28.17:760][547]BlueprintEditorCompileResults: Info [0697.65] Compile of Character_Controller successful! [in 367 ms] (/Game/Character/Blueprint/Character_Controller.Character_Controller)
[2017.01.17-09.29.23:837][800]BlueprintLog: New page: Compile Character_Controller
[2017.01.17-09.29.24:068][800]LogUObjectGlobals:Warning: Guid referenced by CapsuleComponent /Game/Map/Map.Map:PersistentLevel.Character_Controller_536.CollisionCylinder is already used by CapsuleComponent /Game/Map/Map.Map:PersistentLevel.REINST_Character_Controller_C_0.CollisionCylinder, which should never happen in the editor but could happen at runtime with duplicate level loading or PIE
[2017.01.17-09.29.24:068][800]LogUObjectGlobals:Warning: Guid referenced by ArrowComponent /Game/Map/Map.Map:PersistentLevel.Character_Controller_536.Arrow is already used by ArrowComponent /Game/Map/Map.Map:PersistentLevel.REINST_Character_Controller_C_0.Arrow, which should never happen in the editor but could happen at runtime with duplicate level loading or PIE
[2017.01.17-09.29.24:068][800]LogUObjectGlobals:Warning: Guid referenced by CharacterMovementComponent /Game/Map/Map.Map:PersistentLevel.Character_Controller_536.CharMoveComp is already used by CharacterMovementComponent /Game/Map/Map.Map:PersistentLevel.REINST_Character_Controller_C_0.CharMoveComp, which should never happen in the editor but could happen at runtime with duplicate level loading or PIE
[2017.01.17-09.29.24:068][800]LogUObjectGlobals:Warning: Guid referenced by SkeletalMeshComponent /Game/Map/Map.Map:PersistentLevel.Character_Controller_536.CharacterMesh0 is already used by SkeletalMeshComponent /Game/Map/Map.Map:PersistentLevel.REINST_Character_Controller_C_0.CharacterMesh0, which should never happen in the editor but could happen at runtime with duplicate level loading or PIE
[2017.01.17-09.29.24:435][800]BlueprintEditorCompileResults: Info [0764.33] Compile of Character_Controller successful! [in 598 ms] (/Game/Character/Blueprint/Character_Controller.Character_Controller)
[2017.01.17-09.29.54:404][941]BlueprintLog: New page: Compile Character_Controller
[2017.01.17-09.29.54:764][941]BlueprintEditorCompileResults: Info [0794.66] Compile of Character_Controller successful! [in 360 ms] (/Game/Character/Blueprint/Character_Controller.Character_Controller)
[2017.01.17-09.29.55:253][988]Cmd: OBJ SAVEPACKAGE PACKAGE="/Game/Character/Blueprint/Character_Controller" FILE="../../../../../../MP2/project_nomad/Project_Nomand/Content/Character/Blueprint/Character_Controller.uasset" SILENT=true
[2017.01.17-09.29.55:458][988]LogSavePackage: Save=196.28ms
[2017.01.17-09.29.55:459][988]LogSavePackage: Moving '../../../../../../MP2/project_nomad/Project_Nomand/Saved/Character_Controller6126F60A41D4DFBD3F87A8ACFE30F614.tmp' to '../../../../../../MP2/project_nomad/Project_Nomand/Content/Character/Blueprint/Character_Controller.uasset'
[2017.01.17-09.29.55:460][988]LogSavePackage:Display: Finished SavePackage ../../../../../../MP2/project_nomad/Project_Nomand/Content/Character/Blueprint/Character_Controller.uasset
[2017.01.17-09.32.04:833][834]BlueprintLog: New page: Compile Character_Controller
[2017.01.17-09.32.05:213][834]BlueprintEditorCompileResults: Info [0925.10] Compile of Character_Controller successful! [in 380 ms] (/Game/Character/Blueprint/Character_Controller.Character_Controller)
[2017.01.17-09.32.44:640][  2]BlueprintLog: New page: Compile Character_Controller
[2017.01.17-09.32.45:026][  2]BlueprintEditorCompileResults: Info [0964.92] Compile of Character_Controller successful! [in 385 ms] (/Game/Character/Blueprint/Character_Controller.Character_Controller)
[2017.01.17-09.32.45:665][ 60]Cmd: OBJ SAVEPACKAGE PACKAGE="/Game/Character/Blueprint/Character_Controller" FILE="../../../../../../MP2/project_nomad/Project_Nomand/Content/Character/Blueprint/Character_Controller.uasset" SILENT=true
[2017.01.17-09.32.45:872][ 60]LogSavePackage: Save=200.28ms
[2017.01.17-09.32.45:872][ 60]LogSavePackage: Moving '../../../../../../MP2/project_nomad/Project_Nomand/Saved/Character_Controller0A19A1E544520F72545A27BA6F404FDA.tmp' to '../../../../../../MP2/project_nomad/Project_Nomand/Content/Character/Blueprint/Character_Controller.uasset'
[2017.01.17-09.32.45:873][ 60]LogSavePackage:Display: Finished SavePackage ../../../../../../MP2/project_nomad/Project_Nomand/Content/Character/Blueprint/Character_Controller.uasset
[2017.01.17-09.33.49:999][165]Cmd: OBJ SAVEPACKAGE PACKAGE="/Game/Interactables/FInteractableVariables" FILE="../../../../../../MP2/project_nomad/Project_Nomand/Content/Interactables/FInteractableVariables.uasset" SILENT=true
[2017.01.17-09.33.50:004][165]LogSavePackage: Save=4.65ms
[2017.01.17-09.33.50:004][165]LogSavePackage: Moving '../../../../../../MP2/project_nomad/Project_Nomand/Saved/FInteractableVariables7C2EEF4E43DA6FFF227E5ABBA58ED0E1.tmp' to '../../../../../../MP2/project_nomad/Project_Nomand/Content/Interactables/FInteractableVariables.uasset'
[2017.01.17-09.33.50:005][165]LogSavePackage:Display: Finished SavePackage ../../../../../../MP2/project_nomad/Project_Nomand/Content/Interactables/FInteractableVariables.uasset
[2017.01.17-09.34.31:708][565]BlueprintLog: New page: Compile Character_Controller
[2017.01.17-09.34.32:096][565]BlueprintEditorCompileResults: Info [1071.99] Compile of Character_Controller successful! [in 387 ms] (/Game/Character/Blueprint/Character_Controller.Character_Controller)
[2017.01.17-09.34.32:587][611]Cmd: OBJ SAVEPACKAGE PACKAGE="/Game/Character/Blueprint/Character_Controller" FILE="../../../../../../MP2/project_nomad/Project_Nomand/Content/Character/Blueprint/Character_Controller.uasset" SILENT=true
[2017.01.17-09.34.32:795][611]LogSavePackage: Save=202.90ms
[2017.01.17-09.34.32:795][611]LogSavePackage: Moving '../../../../../../MP2/project_nomad/Project_Nomand/Saved/Character_Controller4B68FCFF4CD4916F1947D68DAA4E37AA.tmp' to '../../../../../../MP2/project_nomad/Project_Nomand/Content/Character/Blueprint/Character_Controller.uasset'
[2017.01.17-09.34.32:797][611]LogSavePackage:Display: Finished SavePackage ../../../../../../MP2/project_nomad/Project_Nomand/Content/Character/Blueprint/Character_Controller.uasset
[2017.01.17-09.34.58:467][ 49]Cmd: OBJ SAVEPACKAGE PACKAGE="/Game/Map/Map" FILE="../../../../../../MP2/project_nomad/Project_Nomand/Saved/Autosaves/Game/Map/Map_Auto1.umap" SILENT=true AUTOSAVING=true KEEPDIRTY=false
[2017.01.17-09.34.59:232][ 49]LogSavePackage: Save=751.23ms
[2017.01.17-09.34.59:232][ 49]LogSavePackage: Moving '../../../../../../MP2/project_nomad/Project_Nomand/Saved/Map_Auto10C749E194251512F4A1BBD9D048142F4.tmp' to '../../../../../../MP2/project_nomad/Project_Nomand/Saved/Autosaves/Game/Map/Map_Auto1.umap'
[2017.01.17-09.34.59:234][ 49]LogSavePackage:Display: Finished SavePackage ../../../../../../MP2/project_nomad/Project_Nomand/Saved/Autosaves/Game/Map/Map_Auto1.umap
[2017.01.17-09.34.59:235][ 49]LogFileHelpers: Editor autosave (incl. sublevels) for '/Game/Map/Map' took 0.810
[2017.01.17-09.34.59:235][ 49]LogFileHelpers: Editor autosave (incl. sublevels) for all levels took 0.810
[2017.01.17-09.34.59:236][ 49]OBJ SavePackage: Generating thumbnails for [0] asset(s) in package [/Game/Interactables/BPI_Interact] ([1] browsable assets)...
[2017.01.17-09.34.59:236][ 49]OBJ SavePackage: Finished generating thumbnails for package [/Game/Interactables/BPI_Interact]
[2017.01.17-09.34.59:244][ 49]LogSavePackage: Save=6.18ms
[2017.01.17-09.34.59:244][ 49]LogSavePackage: Moving '../../../../../../MP2/project_nomad/Project_Nomand/Saved/BPI_Interact_Auto107A51AAC45AC6CF4F8B579892DEF8F43.tmp' to '../../../../../../MP2/project_nomad/Project_Nomand/Saved/Autosaves/Game/Interactables/BPI_Interact_Auto1.uasset'
[2017.01.17-09.34.59:244][ 49]LogSavePackage:Display: Finished SavePackage ../../../../../../MP2/project_nomad/Project_Nomand/Saved/Autosaves/Game/Interactables/BPI_Interact_Auto1.uasset
[2017.01.17-09.34.59:244][ 49]LogFileHelpers: Auto-saving content packages took 0.008
[2017.01.17-09.39.23:390][948]BlueprintLog: New page: Compile Character_Controller
[2017.01.17-09.39.23:799][948]BlueprintEditorCompileResults: Info [1363.69] Compile of Character_Controller successful! [in 409 ms] (/Game/Character/Blueprint/Character_Controller.Character_Controller)
[2017.01.17-09.39.58:121][991]BlueprintLog: New page: Compile Character_Controller
[2017.01.17-09.39.58:531][991]BlueprintEditorCompileResults: Info [1398.42] Compile of Character_Controller successful! [in 410 ms] (/Game/Character/Blueprint/Character_Controller.Character_Controller)
[2017.01.17-09.39.59:335][ 62]Cmd: OBJ SAVEPACKAGE PACKAGE="/Game/Character/Blueprint/Character_Controller" FILE="../../../../../../MP2/project_nomad/Project_Nomand/Content/Character/Blueprint/Character_Controller.uasset" SILENT=true
[2017.01.17-09.39.59:568][ 62]LogSavePackage: Save=223.52ms
[2017.01.17-09.39.59:568][ 62]LogSavePackage: Moving '../../../../../../MP2/project_nomad/Project_Nomand/Saved/Character_ControllerCA4EA6EF4E3A66C0E5A391ACCB5E512C.tmp' to '../../../../../../MP2/project_nomad/Project_Nomand/Content/Character/Blueprint/Character_Controller.uasset'
[2017.01.17-09.39.59:570][ 62]LogSavePackage:Display: Finished SavePackage ../../../../../../MP2/project_nomad/Project_Nomand/Content/Character/Blueprint/Character_Controller.uasset
[2017.01.17-09.40.57:931][288]BlueprintLog: New page: Compile Character_Controller
[2017.01.17-09.40.58:358][288]BlueprintEditorCompileResults: Info [1458.25] Compile of Character_Controller successful! [in 427 ms] (/Game/Character/Blueprint/Character_Controller.Character_Controller)
[2017.01.17-09.40.59:194][372]Cmd: OBJ SAVEPACKAGE PACKAGE="/Game/Character/Blueprint/Character_Controller" FILE="../../../../../../MP2/project_nomad/Project_Nomand/Content/Character/Blueprint/Character_Controller.uasset" SILENT=true
[2017.01.17-09.40.59:420][372]LogSavePackage: Save=221.43ms
[2017.01.17-09.40.59:420][372]LogSavePackage: Moving '../../../../../../MP2/project_nomad/Project_Nomand/Saved/Character_ControllerFFF697CE40798001370069B777D887A3.tmp' to '../../../../../../MP2/project_nomad/Project_Nomand/Content/Character/Blueprint/Character_Controller.uasset'
[2017.01.17-09.40.59:422][372]LogSavePackage:Display: Finished SavePackage ../../../../../../MP2/project_nomad/Project_Nomand/Content/Character/Blueprint/Character_Controller.uasset
[2017.01.17-09.41.46:519][399]LogClass:Warning: Type mismatch in HightlightedInteractable of SKEL_Character_Controller_C - Previous (StructProperty) Current(ObjectProperty) for package:  FObjectReader
[2017.01.17-09.43.09:443][446]BlueprintLog: New page: Compile Character_Controller
[2017.01.17-09.43.10:330][446]BlueprintEditorCompileResults: Info [1590.22] Compile of Character_Controller successful! [in 887 ms] (/Game/Character/Blueprint/Character_Controller.Character_Controller)
[2017.01.17-09.43.11:598][558]Cmd: OBJ SAVEPACKAGE PACKAGE="/Game/Character/Blueprint/Character_Controller" FILE="../../../../../../MP2/project_nomad/Project_Nomand/Content/Character/Blueprint/Character_Controller.uasset" SILENT=true
[2017.01.17-09.43.11:829][558]LogSavePackage: Save=226.59ms
[2017.01.17-09.43.11:829][558]LogSavePackage: Moving '../../../../../../MP2/project_nomad/Project_Nomand/Saved/Character_Controller75365B184EFE6738924E51AEDEEFD93A.tmp' to '../../../../../../MP2/project_nomad/Project_Nomand/Content/Character/Blueprint/Character_Controller.uasset'
[2017.01.17-09.43.11:830][558]LogSavePackage:Display: Finished SavePackage ../../../../../../MP2/project_nomad/Project_Nomand/Content/Character/Blueprint/Character_Controller.uasset
[2017.01.17-09.43.55:927][446]BlueprintLog: New page: Compile BP_BaseInteractable
[2017.01.17-09.43.56:178][446]BlueprintEditorCompileResults: Info [1636.07] Compile of BP_BaseInteractable successful! [in 250 ms] (/Game/Interactables/BP_BaseInteractable.BP_BaseInteractable)
[2017.01.17-09.43.56:647][497]Cmd: OBJ SAVEPACKAGE PACKAGE="/Game/Interactables/BP_BaseInteractable" FILE="../../../../../../MP2/project_nomad/Project_Nomand/Content/Interactables/BP_BaseInteractable.uasset" SILENT=true
[2017.01.17-09.43.56:673][497]LogSavePackage: Save=17.48ms
[2017.01.17-09.43.56:673][497]LogSavePackage: Moving '../../../../../../MP2/project_nomad/Project_Nomand/Saved/BP_BaseInteractable441B1A7A4D3EB34BD98B58B209167701.tmp' to '../../../../../../MP2/project_nomad/Project_Nomand/Content/Interactables/BP_BaseInteractable.uasset'
[2017.01.17-09.43.56:675][497]LogSavePackage:Display: Finished SavePackage ../../../../../../MP2/project_nomad/Project_Nomand/Content/Interactables/BP_BaseInteractable.uasset
[2017.01.17-09.45.33:993][118]BlueprintLog: New page: Compile Character_Controller
[2017.01.17-09.45.34:424][118]BlueprintEditorCompileResults: Info [1734.32] Compile of Character_Controller successful! [in 430 ms] (/Game/Character/Blueprint/Character_Controller.Character_Controller)
[2017.01.17-09.45.35:293][197]Cmd: OBJ SAVEPACKAGE PACKAGE="/Game/Character/Blueprint/Character_Controller" FILE="../../../../../../MP2/project_nomad/Project_Nomand/Content/Character/Blueprint/Character_Controller.uasset" SILENT=true
[2017.01.17-09.45.35:536][197]LogSavePackage: Save=234.28ms
[2017.01.17-09.45.35:536][197]LogSavePackage: Moving '../../../../../../MP2/project_nomad/Project_Nomand/Saved/Character_Controller6AB3CC6B40D1E50D267231A98D5F8411.tmp' to '../../../../../../MP2/project_nomad/Project_Nomand/Content/Character/Blueprint/Character_Controller.uasset'
[2017.01.17-09.45.35:538][197]LogSavePackage:Display: Finished SavePackage ../../../../../../MP2/project_nomad/Project_Nomand/Content/Character/Blueprint/Character_Controller.uasset
[2017.01.17-09.46.02:849][448]BlueprintLog: New page: Compile Character_Controller
[2017.01.17-09.46.03:303][448]BlueprintEditorCompileResults: Info [1763.19] Compile of Character_Controller successful! [in 453 ms] (/Game/Character/Blueprint/Character_Controller.Character_Controller)
[2017.01.17-09.46.03:561][455]Cmd: OBJ SAVEPACKAGE PACKAGE="/Game/Character/Blueprint/Character_Controller" FILE="../../../../../../MP2/project_nomad/Project_Nomand/Content/Character/Blueprint/Character_Controller.uasset" SILENT=true
[2017.01.17-09.46.03:800][455]LogSavePackage: Save=234.02ms
[2017.01.17-09.46.03:800][455]LogSavePackage: Moving '../../../../../../MP2/project_nomad/Project_Nomand/Saved/Character_Controller4F7AB3C848C94F85F939389331C2AA64.tmp' to '../../../../../../MP2/project_nomad/Project_Nomand/Content/Character/Blueprint/Character_Controller.uasset'
[2017.01.17-09.46.03:802][455]LogSavePackage:Display: Finished SavePackage ../../../../../../MP2/project_nomad/Project_Nomand/Content/Character/Blueprint/Character_Controller.uasset
[2017.01.17-09.47.10:901][395]Cmd: OBJ SAVEPACKAGE PACKAGE="/Game/Map/Map" FILE="../../../../../../MP2/project_nomad/Project_Nomand/Saved/Autosaves/Game/Map/Map_Auto2.umap" SILENT=true AUTOSAVING=true KEEPDIRTY=false
[2017.01.17-09.47.11:668][395]LogSavePackage: Save=753.28ms
[2017.01.17-09.47.11:668][395]LogSavePackage: Moving '../../../../../../MP2/project_nomad/Project_Nomand/Saved/Map_Auto253D58FBA4CE7ED8A6EEE31A13A43BC35.tmp' to '../../../../../../MP2/project_nomad/Project_Nomand/Saved/Autosaves/Game/Map/Map_Auto2.umap'
[2017.01.17-09.47.11:670][395]LogSavePackage:Display: Finished SavePackage ../../../../../../MP2/project_nomad/Project_Nomand/Saved/Autosaves/Game/Map/Map_Auto2.umap
[2017.01.17-09.47.11:671][395]LogFileHelpers: Editor autosave (incl. sublevels) for '/Game/Map/Map' took 0.812
[2017.01.17-09.47.11:671][395]LogFileHelpers: Editor autosave (incl. sublevels) for all levels took 0.812
[2017.01.17-09.47.11:672][395]OBJ SavePackage: Generating thumbnails for [0] asset(s) in package [/Game/Interactables/BPI_Interact] ([1] browsable assets)...
[2017.01.17-09.47.11:672][395]OBJ SavePackage: Finished generating thumbnails for package [/Game/Interactables/BPI_Interact]
[2017.01.17-09.47.11:679][395]LogSavePackage: Save=5.82ms
[2017.01.17-09.47.11:679][395]LogSavePackage: Moving '../../../../../../MP2/project_nomad/Project_Nomand/Saved/BPI_Interact_Auto2E17A6D804F0B09E10BD7668C33099945.tmp' to '../../../../../../MP2/project_nomad/Project_Nomand/Saved/Autosaves/Game/Interactables/BPI_Interact_Auto2.uasset'
[2017.01.17-09.47.11:679][395]LogSavePackage:Display: Finished SavePackage ../../../../../../MP2/project_nomad/Project_Nomand/Saved/Autosaves/Game/Interactables/BPI_Interact_Auto2.uasset
[2017.01.17-09.47.11:679][395]LogFileHelpers: Auto-saving content packages took 0.008
[2017.01.17-09.50.27:281][943]LogSlate:Warning: Prevented a slow task dialog from being summoned while a context menu was open
[2017.01.17-09.53.35:078][574]LogEditorViewport: Clicking on Actor (LMB): Landscape (Landscape)
[2017.01.17-09.53.39:958][149]Cmd: OBJ SAVEPACKAGE PACKAGE="/Game/Map/Map" FILE="../../../../../../MP2/project_nomad/Project_Nomand/Content/Map/Map.umap" SILENT=true AUTOSAVING=false KEEPDIRTY=false
[2017.01.17-09.53.40:741][149]LogSavePackage: Save=732.68ms
[2017.01.17-09.53.40:741][149]LogSavePackage: Moving '../../../../../../MP2/project_nomad/Project_Nomand/Saved/Map0B0583B44314C5186C1509A38343E3D4.tmp' to '../../../../../../MP2/project_nomad/Project_Nomand/Content/Map/Map.umap'
[2017.01.17-09.53.40:744][149]LogSavePackage:Display: Finished SavePackage ../../../../../../MP2/project_nomad/Project_Nomand/Content/Map/Map.umap
[2017.01.17-09.53.43:609][474]LogBlueprintUserMessages: Early PlayInEditor Detection: Level '/Game/Map/Map.Map:PersistentLevel' has LevelScriptBlueprint '/Game/Map/Map.Map:PersistentLevel.Map' with GeneratedClass '/Game/Map/Map.Map_C' with ClassGeneratedBy '/Game/Map/Map.Map:PersistentLevel.Map'
[2017.01.17-09.53.43:610][474]LogPlayLevel: PlayLevel: No blueprints needed recompiling
[2017.01.17-09.53.43:610][474]PIE: New page: PIE session: Map (Jan 17, 2017, 11:53:43 AM)
[2017.01.17-09.53.43:610][474]LogPlayLevel: Creating play world package: /Game/Map/UEDPIE_0_Map
[2017.01.17-09.53.43:650][474]LogPlayLevel: PIE: StaticDuplicateObject took: (0.040577s)
[2017.01.17-09.53.43:651][474]LogAIModule: Creating AISystem for world Map
[2017.01.17-09.53.43:651][474]LogPlayLevel: PIE: World Init took: (0.000775s)
[2017.01.17-09.53.43:652][474]LogPlayLevel: PIE: Created PIE world by copying editor world from /Game/Map/Map.Map to /Game/Map/UEDPIE_0_Map.Map (0.041742s)
[2017.01.17-09.53.43:769][474]LogInit: XAudio2 using 'Lautsprecher (Realtek High Definition Audio)' : 2 channels at 48 kHz using 32 bits per sample (channel mask 0x3)
[2017.01.17-09.53.43:779][474]LogInit: FAudioDevice initialized.
[2017.01.17-09.53.43:843][474]LogWorld: Game class is 'GameMode'
[2017.01.17-09.53.43:863][474]LogWorld: Bringing World /Game/Map/UEDPIE_0_Map.Map up for play (max tick rate 0) at 2017.01.17-10.53.43
[2017.01.17-09.53.43:864][474]LogWorld: Bringing up level for play took: 0.019711
[2017.01.17-09.53.43:869][474]LogContentBrowser: Native class hierarchy updated for 'MovieSceneCapture' in 0.0004 seconds. Added 11 classes and 0 folders.
[2017.01.17-09.53.43:870][474]PIE: Info Play in editor start time for /Game/Map/UEDPIE_0_Map 0.518
[2017.01.17-09.53.43:870][474]LogBlueprintUserMessages: Late PlayInEditor Detection: Level '/Game/Map/Map.Map:PersistentLevel' has LevelScriptBlueprint '/Game/Map/Map.Map:PersistentLevel.Map' with GeneratedClass '/Game/Map/Map.Map_C' with ClassGeneratedBy '/Game/Map/Map.Map:PersistentLevel.Map'
[2017.01.17-09.54.02:876][740]LogBlueprintUserMessages: Early EndPlayMap Detection: Level '/Game/Map/Map.Map:PersistentLevel' has LevelScriptBlueprint '/Game/Map/Map.Map:PersistentLevel.Map' with GeneratedClass '/Game/Map/Map.Map_C' with ClassGeneratedBy '/Game/Map/Map.Map:PersistentLevel.Map'
[2017.01.17-09.54.02:954][740]LogBlueprintUserMessages: Late EndPlayMap Detection: Level '/Game/Map/Map.Map:PersistentLevel' has LevelScriptBlueprint '/Game/Map/Map.Map:PersistentLevel.Map' with GeneratedClass '/Game/Map/Map.Map_C' with ClassGeneratedBy '/Game/Map/Map.Map:PersistentLevel.Map'
[2017.01.17-09.54.04:365][902]LogEditorViewport: Clicking on Actor (context menu): Landscape (Landscape)
[2017.01.17-09.54.05:140][972]LogEditorViewport: Clicking on Actor (LMB): BP_BaseInteractable_C (BP_BaseInteractable)
[