Log file open, 01/21/17 11:51:25
LogInit:Display: Running engine for game: Project_Nomand
LogPlatformFile: Not using cached read wrapper
LogInit:Display: RandInit(148457199) SRandInit(148457200).
LogTaskGraph: Started task graph with 4 named threads and 7 total threads with 1 sets of task threads.
LogStats: Stats thread started at 0.208084
LogInit: Version: 4.12.5-3039270+++UE4+Release-4.12
LogInit: API Version: 2992821
LogInit: Net Version: 3039270
LogDevObjectVersion: Number of dev versions registered: 13
LogDevObjectVersion:   Dev-Blueprints (B0D832E4-1F89-4F0D-ACCF-7EB736FD4AA2): 3
LogDevObjectVersion:   Dev-Build (E1C64328-A22C-4D53-A36C-8E866417BD8C): 0
LogDevObjectVersion:   Dev-Core (375EC13C-06E4-48FB-B500-84F0262A717E): 1
LogDevObjectVersion:   Dev-Editor (E4B068ED-F494-42E9-A231-DA0B2E46BB41): 2
LogDevObjectVersion:   Dev-Framework (CFFC743F-43B0-4480-9391-14DF171D2073): 6
LogDevObjectVersion:   Dev-Mobile (B02B49B5-BB20-44E9-A304-32B752E40360): 0
LogDevObjectVersion:   Dev-Networking (A4E4105C-59A1-49B5-A7C5-40C4547EDFEE): 0
LogDevObjectVersion:   Dev-Online (39C831C9-5AE6-47DC-9A44-9C173E1C8E7C): 0
LogDevObjectVersion:   Dev-Physics (78F01B33-EBEA-4F98-B9B4-84EACCB95AA2): 0
LogDevObjectVersion:   Dev-Platform (6631380F-2D4D-43E0-8009-CF276956A95A): 0
LogDevObjectVersion:   Dev-Rendering (12F88B9F-8875-4AFC-A67C-D90C383ABD29): 2
LogDevObjectVersion:   Dev-Sequencer (7B5AE74C-D270-4C10-A958-57980B212A5A): 0
LogDevObjectVersion:   Dev-VR (D7296918-1DD6-4BDD-9DE2-64A83CC13884): 0
LogInit: Compiled (64-bit): Jul  6 2016 09:09:46
LogInit: Compiled with Visual C++: 19.00.23026.00
LogInit: Build Configuration: Development
LogInit: Branch Name: ++UE4+Release-4.12
LogInit: Command line:  
LogInit: Base directory: G:/UNI/Programme/Epic Games/4.12/Engine/Binaries/Win64/
LogInit: Installed Engine Build: 1
LogInit: Using libcurl 7.41.0
LogInit:  - built for x86_64-pc-win32
LogInit:  - supports SSL with WinSSL
LogInit:  - other features:
LogInit:      CURL_VERSION_SSL
LogInit:      CURL_VERSION_IPV6
LogInit:      CURL_VERSION_ASYNCHDNS
LogInit:      CURL_VERSION_LARGEFILE
LogInit:      CURL_VERSION_IDN
LogInit:  CurlRequestOptions (configurable via config and command line):
LogInit:  - bVerifyPeer = true  - Libcurl will verify peer certificate
LogInit:  - bUseHttpProxy = false  - Libcurl will NOT use HTTP proxy
LogInit:  - bDontReuseConnections = false  - Libcurl will reuse connections
LogInit:  - CertBundlePath = nullptr  - Libcurl will use whatever was configured at build time.
LogInit: Presizing for max 8388607 objects, including 0 objects not considered by GC, pre-allocating 0 bytes for permanent pool.
LogInit: Object subsystem initialized
[2017.01.21-10.51.25:829][  0]LogInit: Selected Device Profile: [Windows]
[2017.01.21-10.51.25:829][  0]LogInit: Applying CVar settings loaded from the selected device profile: [Windows]
[2017.01.21-10.51.25:850][  0]LogInit: Computer: DEX
[2017.01.21-10.51.25:850][  0]LogInit: User: Dextex
[2017.01.21-10.51.25:850][  0]LogInit: CPU Page size=65536, Cores=4
[2017.01.21-10.51.25:850][  0]LogInit: High frequency timer resolution =3.417976 MHz
[2017.01.21-10.51.25:850][  0]LogMemory: Memory total: Physical=15.9GB (16GB approx)
[2017.01.21-10.51.25:850][  0]LogMemory: Platform Memory Stats for Windows
[2017.01.21-10.51.25:850][  0]LogMemory: Process Physical Memory: 191.74 MB used, 191.74 MB peak
[2017.01.21-10.51.25:850][  0]LogMemory: Process Virtual Memory: 195.13 MB used, 195.13 MB peak
[2017.01.21-10.51.25:850][  0]LogMemory: Physical Memory: 8856.77 MB used, 16328.00 MB total
[2017.01.21-10.51.25:850][  0]LogMemory: Virtual Memory: 553.49 MB used, 134217728.00 MB total
[2017.01.21-10.51.26:192][  0]LogTextLocalizationManager: No translations for ('de-DE') exist, falling back to 'en' for localization and internationalization data.
[2017.01.21-10.51.27:154][  0]LogD3D11RHI: D3D11 adapters:
[2017.01.21-10.51.27:659][  0]LogD3D11RHI:    0. 'NVIDIA GeForce GTX 1080' (Feature Level 11_0)
[2017.01.21-10.51.27:659][  0]LogD3D11RHI:       8144/0/8164 MB DedicatedVideo/DedicatedSystem/SharedSystem, Outputs:2, VendorId:0x10de
[2017.01.21-10.51.27:660][  0]LogD3D11RHI:    1. 'Microsoft Basic Render Driver' (Feature Level 11_0)
[2017.01.21-10.51.27:660][  0]LogD3D11RHI:       0/0/8164 MB DedicatedVideo/DedicatedSystem/SharedSystem, Outputs:0, VendorId:0x1414
[2017.01.21-10.51.27:660][  0]LogD3D11RHI: Chosen D3D11 Adapter: 0
[2017.01.21-10.51.27:696][  0]LogD3D11RHI: Creating new Direct3DDevice
[2017.01.21-10.51.27:696][  0]LogD3D11RHI:     GPU DeviceId: 0x1b80 (for the marketing name, search the web for "GPU Device Id")
[2017.01.21-10.51.27:696][  0]LogWindows: EnumDisplayDevices:
[2017.01.21-10.51.27:696][  0]LogWindows:    0. 'NVIDIA GeForce GTX 1080' (P:1 D:1)
[2017.01.21-10.51.27:696][  0]LogWindows:    1. 'NVIDIA GeForce GTX 1080' (P:0 D:1)
[2017.01.21-10.51.27:696][  0]LogWindows:    2. 'NVIDIA GeForce GTX 1080' (P:0 D:0)
[2017.01.21-10.51.27:696][  0]LogWindows:    3. 'NVIDIA GeForce GTX 1080' (P:0 D:0)
[2017.01.21-10.51.27:696][  0]LogWindows: DebugString: FoundDriverCount:4 
[2017.01.21-10.51.27:697][  0]LogD3D11RHI:     Adapter Name: NVIDIA GeForce GTX 1080
[2017.01.21-10.51.27:697][  0]LogD3D11RHI:   Driver Version: 376.33 (internal:21.21.13.7633, unified:376.33)
[2017.01.21-10.51.27:697][  0]LogD3D11RHI:      Driver Date: 12-11-2016
[2017.01.21-10.51.27:697][  0]LogRHI: Texture pool is 1361 MB (70% of 1945 MB)
[2017.01.21-10.51.28:180][  0]LogD3D11RHI: Async texture creation enabled
[2017.01.21-10.51.28:577][  0]LogD3D11RHI: GPU Timing Frequency: 1000.000000 (Debug: 2 1)
[2017.01.21-10.51.28:694][  0]LogShaderCompilers: Guid format shader working directory is -4 characters bigger than the processId version (../../../../../../MP2/project_nomad/Project_Nomand/Intermediate/Shaders/WorkingDirectory/12840/).
[2017.01.21-10.51.28:694][  0]LogShaderCompilers: Cleaned the shader compiler working directory 'C:/Users/Dextex/AppData/Local/Temp/UnrealShaderWorkingDir/9300A837464CD86E9C25AD819F083B83/'.
[2017.01.21-10.51.28:716][  0]LogShaderCompilers:Display: Using Local Shader Compiler.
[2017.01.21-10.51.32:008][  0]LogTemp:Display: Loaded TP AllDesktopTargetPlatform
[2017.01.21-10.51.32:017][  0]LogTemp:Display: Loaded TP WindowsClientTargetPlatform
[2017.01.21-10.51.32:028][  0]LogTemp:Display: Loaded TP WindowsNoEditorTargetPlatform
[2017.01.21-10.51.32:037][  0]LogTemp:Display: Loaded TP WindowsServerTargetPlatform
[2017.01.21-10.51.32:045][  0]LogTemp:Display: Loaded TP WindowsTargetPlatform
[2017.01.21-10.51.32:072][  0]LogTemp:Display: Loaded TP AndroidTargetPlatform
[2017.01.21-10.51.32:079][  0]LogTemp:Display: Loaded TP Android_ASTCTargetPlatform
[2017.01.21-10.51.32:086][  0]LogTemp:Display: Loaded TP Android_ATCTargetPlatform
[2017.01.21-10.51.32:095][  0]LogTemp:Display: Loaded TP Android_DXTTargetPlatform
[2017.01.21-10.51.32:103][  0]LogTemp:Display: Loaded TP Android_ETC1TargetPlatform
[2017.01.21-10.51.32:111][  0]LogTemp:Display: Loaded TP Android_ETC2TargetPlatform
[2017.01.21-10.51.32:126][  0]LogTemp:Display: Loaded TP Android_MultiTargetPlatform
[2017.01.21-10.51.32:126][  0]LogTemp:Display: Loaded TP Android_PVRTCTargetPlatform
[2017.01.21-10.51.32:127][  0]LogTemp:Display: Loaded TP HTML5TargetPlatform
[2017.01.21-10.51.32:207][  0]LogTemp:Display: Loaded TP IOSTargetPlatform
[2017.01.21-10.51.32:214][  0]LogTemp:Display: Loaded TP TVOSTargetPlatform
[2017.01.21-10.51.32:221][  0]LogTemp:Display: Loaded TP LinuxNoEditorTargetPlatform
[2017.01.21-10.51.32:228][  0]LogTemp:Display: Loaded TP LinuxServerTargetPlatform
[2017.01.21-10.51.32:251][  0]LogTemp:Display: Loaded TP LinuxTargetPlatform
[2017.01.21-10.51.32:251][  0]LogTargetPlatformManager:Display: Building Assets For Windows
[2017.01.21-10.51.33:145][  0]LogDerivedDataCache:Display: Max Cache Size: 512 MB
[2017.01.21-10.51.33:359][  0]LogDerivedDataCache: Loaded boot cache 0.21s 48MB C:/Users/Dextex/AppData/Local/UnrealEngine/4.12/DerivedDataCache/Boot.ddc.
[2017.01.21-10.51.33:359][  0]LogDerivedDataCache:Display: Loaded Boot cache: C:/Users/Dextex/AppData/Local/UnrealEngine/4.12/DerivedDataCache/Boot.ddc
[2017.01.21-10.51.33:359][  0]LogDerivedDataCache: FDerivedDataBackendGraph:  Pak pak cache file ../../../../../../MP2/project_nomad/Project_Nomand/DerivedDataCache/DDC.ddp not found, will not use a pak cache.
[2017.01.21-10.51.33:359][  0]LogDerivedDataCache: Unable to find inner node Pak for hierarchical cache Hierarchy.
[2017.01.21-10.51.33:359][  0]LogDerivedDataCache: FDerivedDataBackendGraph:  CompressedPak pak cache file ../../../../../../MP2/project_nomad/Project_Nomand/DerivedDataCache/Compressed.ddp not found, will not use a pak cache.
[2017.01.21-10.51.33:359][  0]LogDerivedDataCache: Unable to find inner node CompressedPak for hierarchical cache Hierarchy.
[2017.01.21-10.51.33:432][  0]LogDerivedDataCache:Display: Pak cache opened for reading ../../../Engine/DerivedDataCache/Compressed.ddp.
[2017.01.21-10.51.33:444][  0]LogDerivedDataCache: Using Local data cache path C:/Users/Dextex/AppData/Local/UnrealEngine/Common/DerivedDataCache: Writable
[2017.01.21-10.51.43:586][  0]LogInit: Selected Device Profile: [Windows]
[2017.01.21-10.51.43:640][  0]LogContentStreaming: Texture pool size is 0.00 MB
[2017.01.21-10.51.46:397][  0]LogMeshUtilities: No automatic mesh reduction module available
[2017.01.21-10.51.46:397][  0]LogMeshUtilities: No automatic mesh merging module available
[2017.01.21-10.51.46:397][  0]LogMeshUtilities: No distributed automatic mesh merging module available
[2017.01.21-10.51.50:370][  0]LogAssetRegistry: FAssetRegistry took 0.0349 seconds to start up
[2017.01.21-10.51.50:580][  0]LogPackageLocalizationCache: Processed 3 localized package path(s) for 1 prioritized culture(s) in 0.077637 seconds
[2017.01.21-10.51.50:676][  0]LogUObjectArray: 28739 objects as part of root set at end of initial load.
[2017.01.21-10.51.50:676][  0]LogUObjectAllocator: 5855632 out of 0 bytes used by permanent object pool.
[2017.01.21-10.51.50:676][  0]LogUObjectArray: CloseDisregardForGC: 0/0 objects in disregard for GC pool
[2017.01.21-10.51.50:749][  0]LogInit: WinSock: version 1.1 (2.2), MaxSocks=32767, MaxUdp=65467
[2017.01.21-10.51.58:375][  0]LogSlate: SlateFontCache - WITH_FREETYPE: 1, WITH_HARFBUZZ: 1
[2017.01.21-10.51.58:406][  0]LogSlate: SlateFontCache - WITH_FREETYPE: 1, WITH_HARFBUZZ: 1
[2017.01.21-10.52.25:486][  0]LogUdpMessaging: Initializing bridge on interface 0.0.0.0:0 to multicast group 230.0.0.1:6666.
[2017.01.21-10.52.29:671][  0]SourceControl: Info Source control is disabled
[2017.01.21-10.52.34:499][  0]LogEngine: Initializing Engine...
[2017.01.21-10.52.34:690][  0]LogHMD: SteamVR failed to initialize.  Err: 100
[2017.01.21-10.52.34:733][  0]LogHMD: SteamVR failed to initialize.  Err: 100
[2017.01.21-10.52.36:735][  0]LogAIModule: Creating AISystem for world NewWorld
[2017.01.21-10.52.37:395][  0]LogInit: XAudio2 using 'Lautsprecher (Realtek High Definition Audio)' : 2 channels at 48 kHz using 32 bits per sample (channel mask 0x3)
[2017.01.21-10.52.37:422][  0]LogInit: FAudioDevice initialized.
[2017.01.21-10.52.37:465][  0]LogDerivedDataCache: Saved boot cache 0.04s 48MB C:/Users/Dextex/AppData/Local/UnrealEngine/4.12/DerivedDataCache/Boot.ddc.
[2017.01.21-10.52.37:474][  0]LogInit: Texture streaming: Enabled
[2017.01.21-10.52.38:317][  0]LogInit: Transaction tracking system initialized
[2017.01.21-10.52.39:235][  0]BlueprintLog: New page: Editor Load
[2017.01.21-10.52.43:504][  0]LocalizationService: Info Localization service is disabled
[2017.01.21-10.52.45:656][  0]LogConsoleResponse:Display: 
[2017.01.21-10.52.47:782][  0]LogFileCache: Scanning file cache for directory 'G:/UNI/MP2/project_nomad/Project_Nomand/Content/' took 0.05s
[2017.01.21-10.52.47:782][  0]LogCook:Display: Max memory allowance for cook 8192mb
[2017.01.21-10.52.47:782][  0]LogCook:Display: Mobile HDR setting 1
[2017.01.21-10.52.50:706][  0]Cmd: MAP LOAD FILE="../../../../../../MP2/project_nomad/Project_Nomand/Content/Map/Map.umap" TEMPLATE=0 SHOWPROGRESS=1 FEATURELEVEL=3
[2017.01.21-10.52.50:834][  0]LightingResults: New page: Lighting Build
[2017.01.21-10.52.51:475][  0]MapCheck: New page: Map Check
[2017.01.21-10.52.51:475][  0]LightingResults: New page: Lighting Build
[2017.01.21-10.53.12:467][  0]LogAIModule: Creating AISystem for world Map
[2017.01.21-10.53.16:027][  0]LogEditorServer: Finished looking for orphan Actors (0.000 secs)
[2017.01.21-10.53.16:302][  0]Cmd: MAP CHECKDEP NOCLEARLOG
[2017.01.21-10.53.16:430][  0]MapCheck: Info Map check complete: 0 Error(s), 0 Warning(s), took 128.505ms to complete.
[2017.01.21-10.53.16:430][  0]LogFileHelpers: Loading map 'Map' took 25.744
[2017.01.21-10.53.21:047][  0]LogCollectionManager: Loaded 0 collections in 0.002711 seconds
[2017.01.21-10.53.21:357][  0]LogFileCache: Scanning file cache for directory 'G:/UNI/MP2/project_nomad/Project_Nomand/Saved/Collections/' took 0.01s
[2017.01.21-10.53.21:357][  0]LogFileCache: Scanning file cache for directory 'G:/UNI/MP2/project_nomad/Project_Nomand/Content/Developers/Dextex/Collections/' took 0.01s
[2017.01.21-10.53.21:357][  0]LogFileCache: Scanning file cache for directory 'G:/UNI/MP2/project_nomad/Project_Nomand/Content/Collections/' took 0.01s
[2017.01.21-10.53.21:357][  0]LogCollectionManager: Rebuilt the GUID cache for 0 collections in 0.000002 seconds
[2017.01.21-10.53.21:444][  0]LogContentBrowser: Native class hierarchy populated in 0.0641 seconds. Added 2047 classes and 369 folders.
[2017.01.21-10.53.21:665][  0]LogStats: UGameplayTagsManager::ConstructGameplayTagTree: Construct from data asset -  0.000 s
[2017.01.21-10.53.21:666][  0]LogStats: UGameplayTagsManager::ConstructGameplayTagTree: GameplayTagTreeChangedEvent.Broadcast -  0.000 s
[2017.01.21-10.53.21:667][  0]LogContentBrowser: Native class hierarchy updated for 'GameplayTags' in 0.0005 seconds. Added 12 classes and 0 folders.
[2017.01.21-10.53.21:735][  0]LogContentBrowser: Native class hierarchy updated for 'WidgetCarousel' in 0.0005 seconds. Added 0 classes and 0 folders.
[2017.01.21-10.53.23:833][  0]LogContentBrowser: Native class hierarchy updated for 'AddContentDialog' in 0.0007 seconds. Added 0 classes and 0 folders.
[2017.01.21-10.53.24:050][  0]LogContentBrowser: Native class hierarchy updated for 'SceneOutliner' in 0.0005 seconds. Added 1 classes and 2 folders.
[2017.01.21-10.53.26:679][  0]LogCrashTracker: Crashtracker disabled due to settings.
[2017.01.21-10.53.27:666][  0]LogUObjectGlobals:Warning: Failed to find object 'Class None.'
[2017.01.21-10.53.27:898][  0]LogContentBrowser: Native class hierarchy updated for 'HierarchicalLODOutliner' in 0.0005 seconds. Added 1 classes and 2 folders.
[2017.01.21-10.53.27:898][  0]LogLoad: Full Startup: 124.63 seconds (BP compile: 2.56 seconds)
[2017.01.21-10.53.27:898][  0]LogExternalProfiler: No external profilers were discovered.  External profiling features will not be available.
[2017.01.21-10.53.28:154][  0]LogWindowsTextInputMethodSystem:Display: IME system now deactivated.
[2017.01.21-10.53.28:203][  0]LogOcInput: OculusInput pre-init called
[2017.01.21-10.53.30:518][  0]LogRenderer: Reallocating scene render targets to support 512x512 (Frame:1).
[2017.01.21-10.53.30:518][  0]LogContentStreaming: Texture pool size now 1000 MB
[2017.01.21-10.53.35:124][  0]LogRenderer: Reallocating scene render targets to support 1208x556 (Frame:2).
[2017.01.21-10.53.35:442][  1]Cmd: UpdateLandscapeEditorData -warnings
[2017.01.21-10.53.43:145][348]LogAssetRegistry: Asset discovery search completed in 112.7979 seconds
[2017.01.21-10.53.43:154][348]LogCollectionManager: Rebuilt the object cache for 0 collections in 0.000001 seconds (found 0 objects)
[2017.01.21-10.53.43:155][348]LogCollectionManager: Fixed up redirectors for 0 collections in 0.010629 seconds (updated 0 objects)
[2017.01.21-10.53.56:670][923]LogEditorViewport: Clicking on Actor (LMB): BP_BlackKnight_C (BP_BlackKnight)
[2017.01.21-10.53.57:674][954]LogEditorViewport: Clicking on Actor (LMB): BP_BlackKnight_C (BP_BlackKnight)
[2017.01.21-10.54.00:642][278]LogEditorViewport: Clicking on Actor (LMB): BP_BlackKnight_C (BP_BlackKnight2)
[2017.01.21-10.54.15:822][ 19]LogBlueprintUserMessages: Early PlayInEditor Detection: Level '/Game/Map/Map.Map:PersistentLevel' has LevelScriptBlueprint '/Game/Map/Map.Map:PersistentLevel.Map' with GeneratedClass '/Game/Map/Map.Map_C' with ClassGeneratedBy '/Game/Map/Map.Map:PersistentLevel.Map'
[2017.01.21-10.54.15:822][ 19]LogPlayLevel: PlayLevel: No blueprints needed recompiling
[2017.01.21-10.54.15:981][ 19]PIE: New page: PIE session: Map (Jan 21, 2017, 12:54:15 PM)
[2017.01.21-10.54.15:981][ 19]LogPlayLevel: Creating play world package: /Game/Map/UEDPIE_0_Map
[2017.01.21-10.54.16:187][ 19]LogPlayLevel: PIE: StaticDuplicateObject took: (0.205291s)
[2017.01.21-10.54.16:187][ 19]LogAIModule: Creating AISystem for world Map
[2017.01.21-10.54.16:188][ 19]LogPlayLevel: PIE: World Init took: (0.000619s)
[2017.01.21-10.54.16:212][ 19]LogPlayLevel: PIE: Created PIE world by copying editor world from /Game/Map/Map.Map to /Game/Map/UEDPIE_0_Map.Map (0.230455s)
[2017.01.21-10.54.16:553][ 19]LogInit: XAudio2 using 'Lautsprecher (Realtek High Definition Audio)' : 2 channels at 48 kHz using 32 bits per sample (channel mask 0x3)
[2017.01.21-10.54.16:563][ 19]LogInit: FAudioDevice initialized.
[2017.01.21-10.54.16:795][ 19]LogWorld: Game class is 'GameMode'
[2017.01.21-10.54.16:914][ 19]LogWorld: Bringing World /Game/Map/UEDPIE_0_Map.Map up for play (max tick rate 0) at 2017.01.21-11.54.16
[2017.01.21-10.54.16:971][ 19]LogWorld: Bringing up level for play took: 0.086513
[2017.01.21-10.54.17:131][ 19]LogContentBrowser: Native class hierarchy updated for 'MovieSceneCapture' in 0.0005 seconds. Added 11 classes and 0 folders.
[2017.01.21-10.54.17:280][ 19]PIE: Info Play in editor start time for /Game/Map/UEDPIE_0_Map 1.191
[2017.01.21-10.54.17:281][ 19]LogBlueprintUserMessages: Late PlayInEditor Detection: Level '/Game/Map/Map.Map:PersistentLevel' has LevelScriptBlueprint '/Game/Map/Map.Map:PersistentLevel.Map' with GeneratedClass '/Game/Map/Map.Map_C' with ClassGeneratedBy '/Game/Map/Map.Map:PersistentLevel.Map'
[2017.01.21-10.54.17:728][ 20]LogCharacterMovement:Warning: GetSimulationTimeStep() - Max iterations 8 hit while remaining time 0.092180 > MaxSimulationTimeStep (0.050) for 'AI_Greater_Spider_C_0', movement 'Walking'
[2017.01.21-10.54.26:935][ 93]LogBlueprintUserMessages: [AgroCheck_test_C_1] X=9186.896 Y=8843.270 Z=87.543
[2017.01.21-10.54.27:063][104]LogScriptCore:Warning: Attempted to get an item from array TargetArray out of bounds [1/0]!

[2017.01.21-10.54.27:063][104]LogScriptCore:Warning: Attempted to get an item from array Inventory out of bounds [1/0]!

[2017.01.21-10.54.27:063][104]LogScriptCore:Warning: Attempted to get an item from array TargetArray out of bounds [2/0]!

[2017.01.21-10.54.27:063][104]LogScriptCore:Warning: Attempted to get an item from array Inventory out of bounds [2/0]!

[2017.01.21-10.54.27:064][104]LogScriptCore:Warning: Attempted to get an item from array TargetArray out of bounds [3/0]!

[2017.01.21-10.54.27:064][104]LogScriptCore:Warning: Attempted to get an item from array Inventory out of bounds [3/0]!

[2017.01.21-10.54.27:064][104]LogScriptCore:Warning: Attempted to get an item from array TargetArray out of bounds [4/0]!

[2017.01.21-10.54.27:064][104]LogScriptCore:Warning: Attempted to get an item from array Inventory out of bounds [4/0]!

[2017.01.21-10.54.27:064][104]LogScriptCore:Warning: Attempted to get an item from array TargetArray out of bounds [5/0]!

[2017.01.21-10.54.27:064][104]LogScriptCore:Warning: Attempted to get an item from array Inventory out of bounds [5/0]!

[2017.01.21-10.54.27:064][104]LogScriptCore:Warning: Attempted to get an item from array TargetArray out of bounds [6/0]!

[2017.01.21-10.54.27:064][104]LogScriptCore:Warning: Attempted to get an item from array Inventory out of bounds [6/0]!

[2017.01.21-10.54.27:064][104]LogScriptCore:Warning: Attempted to get an item from array TargetArray out of bounds [7/0]!

[2017.01.21-10.54.27:064][104]LogScriptCore:Warning: Attempted to get an item from array Inventory out of bounds [7/0]!

[2017.01.21-10.54.27:064][104]LogScriptCore:Warning: Attempted to get an item from array TargetArray out of bounds [8/0]!

[2017.01.21-10.54.27:064][104]LogScriptCore:Warning: Attempted to get an item from array Inventory out of bounds [8/0]!

[2017.01.21-10.54.27:064][104]LogScriptCore:Warning: Attempted to get an item from array TargetArray out of bounds [9/0]!

[2017.01.21-10.54.27:064][104]LogScriptCore:Warning: Attempted to get an item from array Inventory out of bounds [9/0]!

[2017.01.21-10.54.27:064][104]LogScriptCore:Warning: Attempted to get an item from array TargetArray out of bounds [10/0]!

[2017.01.21-10.54.27:064][104]LogScriptCore:Warning: Attempted to get an item from array Inventory out of bounds [10/0]!

[2017.01.21-10.54.27:064][104]LogScriptCore:Warning: Attempted to get an item from array TargetArray out of bounds [11/0]!

[2017.01.21-10.54.27:064][104]LogScriptCore:Warning: Attempted to get an item from array Inventory out of bounds [11/0]!

[2017.01.21-10.54.27:064][104]LogScriptCore:Warning: Attempted to get an item from array TargetArray out of bounds [12/0]!

[2017.01.21-10.54.27:064][104]LogScriptCore:Warning: Attempted to get an item from array Inventory out of bounds [12/0]!

[2017.01.21-10.54.27:064][104]LogScriptCore:Warning: Attempted to get an item from array TargetArray out of bounds [13/0]!

[2017.01.21-10.54.27:064][104]LogScriptCore:Warning: Attempted to get an item from array Inventory out of bounds [13/0]!

[2017.01.21-10.54.27:065][104]LogScriptCore:Warning: Attempted to get an item from array TargetArray out of bounds [14/0]!

[2017.01.21-10.54.27:065][104]LogScriptCore:Warning: Attempted to get an item from array Inventory out of bounds [14/0]!

[2017.01.21-10.54.27:065][104]LogScriptCore:Warning: Attempted to get an item from array TargetArray out of bounds [15/0]!

[2017.01.21-10.54.27:065][104]LogScriptCore:Warning: Attempted to get an item from array Inventory out of bounds [15/0]!

[2017.01.21-10.54.27:065][104]LogScriptCore:Warning: Attempted to get an item from array TargetArray out of bounds [16/0]!

[2017.01.21-10.54.27:065][104]LogScriptCore:Warning: Attempted to get an item from array Inventory out of bounds [16/0]!

[2017.01.21-10.54.27:065][104]LogScriptCore:Warning: Attempted to get an item from array TargetArray out of bounds [17/0]!

[2017.01.21-10.54.27:065][104]LogScriptCore:Warning: Attempted to get an item from array Inventory out of bounds [17/0]!

[2017.01.21-10.54.27:065][104]LogScriptCore:Warning: Attempted to get an item from array TargetArray out of bounds [18/0]!

[2017.01.21-10.54.27:065][104]LogScriptCore:Warning: Attempted to get an item from array Inventory out of bounds [18/0]!

[2017.01.21-10.54.27:065][104]LogScriptCore:Warning: Attempted to get an item from array TargetArray out of bounds [19/0]!

[2017.01.21-10.54.27:065][104]LogScriptCore:Warning: Attempted to get an item from array Inventory out of bounds [19/0]!

[2017.01.21-10.54.27:476][150]LogBlueprintUserMessages: [AgroCheck_test_C_1] X=9186.896 Y=8843.270 Z=87.543
[2017.01.21-10.54.27:968][209]LogBlueprintUserMessages: [AgroCheck_test_C_1] X=9186.896 Y=8843.270 Z=87.543
[2017.01.21-10.54.28:467][266]LogBlueprintUserMessages: [AgroCheck_test_C_1] X=9186.896 Y=8843.270 Z=87.543
[2017.01.21-10.54.28:732][297]LogBlueprintUserMessages: [Character_Controller_536] 0
[2017.01.21-10.54.28:732][297]LogScriptCore:Warning: Attempted to get an item from array TargetArray out of bounds [0/0]!

[2017.01.21-10.54.28:732][297]LogScriptCore:Warning: Attempted to get an item from array Inventory out of bounds [0/0]!

[2017.01.21-10.54.28:732][297]LogScriptCore:Warning: Attempted to get an item from array TargetArray out of bounds [1/0]!

[2017.01.21-10.54.28:732][297]LogScriptCore:Warning: Attempted to get an item from array Inventory out of bounds [1/0]!

[2017.01.21-10.54.28:733][297]LogScriptCore:Warning: Attempted to get an item from array TargetArray out of bounds [2/0]!

[2017.01.21-10.54.28:733][297]LogScriptCore:Warning: Attempted to get an item from array Inventory out of bounds [2/0]!

[2017.01.21-10.54.28:733][297]LogScriptCore:Warning: Attempted to get an item from array TargetArray out of bounds [3/0]!

[2017.01.21-10.54.28:733][297]LogScriptCore:Warning: Attempted to get an item from array Inventory out of bounds [3/0]!

[2017.01.21-10.54.28:733][297]LogScriptCore:Warning: Attempted to get an item from array TargetArray out of bounds [4/0]!

[2017.01.21-10.54.28:733][297]LogScriptCore:Warning: Attempted to get an item from array Inventory out of bounds [4/0]!

[2017.01.21-10.54.28:733][297]LogScriptCore:Warning: Attempted to get an item from array TargetArray out of bounds [5/0]!

[2017.01.21-10.54.28:733][297]LogScriptCore:Warning: Attempted to get an item from array Inventory out of bounds [5/0]!

[2017.01.21-10.54.28:733][297]LogScriptCore:Warning: Attempted to get an item from array TargetArray out of bounds [6/0]!

[2017.01.21-10.54.28:733][297]LogScriptCore:Warning: Attempted to get an item from array Inventory out of bounds [6/0]!

[2017.01.21-10.54.28:733][297]LogScriptCore:Warning: Attempted to get an item from array TargetArray out of bounds [7/0]!

[2017.01.21-10.54.28:733][297]LogScriptCore:Warning: Attempted to get an item from array Inventory out of bounds [7/0]!

[2017.01.21-10.54.28:733][297]LogScriptCore:Warning: Attempted to get an item from array TargetArray out of bounds [8/0]!

[2017.01.21-10.54.28:733][297]LogScriptCore:Warning: Attempted to get an item from array Inventory out of bounds [8/0]!

[2017.01.21-10.54.28:733][297]LogScriptCore:Warning: Attempted to get an item from array TargetArray out of bounds [9/0]!

[2017.01.21-10.54.28:733][297]LogScriptCore:Warning: Attempted to get an item from array Inventory out of bounds [9/0]!

[2017.01.21-10.54.28:733][297]LogScriptCore:Warning: Attempted to get an item from array TargetArray out of bounds [10/0]!

[2017.01.21-10.54.28:733][297]LogScriptCore:Warning: Attempted to get an item from array Inventory out of bounds [10/0]!

[2017.01.21-10.54.28:733][297]LogScriptCore:Warning: Attempted to get an item from array TargetArray out of bounds [11/0]!

[2017.01.21-10.54.28:733][297]LogScriptCore:Warning: Attempted to get an item from array Inventory out of bounds [11/0]!

[2017.01.21-10.54.28:733][297]LogScriptCore:Warning: Attempted to get an item from array TargetArray out of bounds [12/0]!

[2017.01.21-10.54.28:734][297]LogScriptCore:Warning: Attempted to get an item from array Inventory out of bounds [12/0]!

[2017.01.21-10.54.28:734][297]LogScriptCore:Warning: Attempted to get an item from array TargetArray out of bounds [13/0]!

[2017.01.21-10.54.28:734][297]LogScriptCore:Warning: Attempted to get an item from array Inventory out of bounds [13/0]!

[2017.01.21-10.54.28:734][297]LogScriptCore:Warning: Attempted to get an item from array TargetArray out of bounds [14/0]!

[2017.01.21-10.54.28:734][297]LogScriptCore:Warning: Attempted to get an item from array Inventory out of bounds [14/0]!

[2017.01.21-10.54.28:734][297]LogScriptCore:Warning: Attempted to get an item from array TargetArray out of bounds [15/0]!

[2017.01.21-10.54.28:734][297]LogScriptCore:Warning: Attempted to get an item from array Inventory out of bounds [15/0]!

[2017.01.21-10.54.28:734][297]LogScriptCore:Warning: Attempted to get an item from array TargetArray out of bounds [16/0]!

[2017.01.21-10.54.28:734][297]LogScriptCore:Warning: Attempted to get an item from array Inventory out of bounds [16/0]!

[2017.01.21-10.54.28:734][297]LogScriptCore:Warning: Attempted to get an item from array TargetArray out of bounds [17/0]!

[2017.01.21-10.54.28:734][297]LogScriptCore:Warning: Attempted to get an item from array Inventory out of bounds [17/0]!

[2017.01.21-10.54.28:734][297]LogScriptCore:Warning: Attempted to get an item from array TargetArray out of bounds [18/0]!

[2017.01.21-10.54.28:734][297]LogScriptCore:Warning: Attempted to get an item from array Inventory out of bounds [18/0]!

[2017.01.21-10.54.28:734][297]LogScriptCore:Warning: Attempted to get an item from array TargetArray out of bounds [19/0]!

[2017.01.21-10.54.28:734][297]LogScriptCore:Warning: Attempted to get an item from array Inventory out of bounds [19/0]!

[2017.01.21-10.54.28:919][313]LogBlueprintUserMessages: [AgroCheck_test_C_1] X=9186.896 Y=8843.270 Z=87.543
[2017.01.21-10.54.29:449][374]LogBlueprintUserMessages: [AgroCheck_test_C_1] X=9186.896 Y=8843.270 Z=87.543
[2017.01.21-10.54.29:862][416]LogBlueprintUserMessages: [AgroCheck_test_C_1] X=9186.896 Y=8843.270 Z=87.543
[2017.01.21-10.54.30:379][478]LogBlueprintUserMessages: [AgroCheck_test_C_1] X=9178.035 Y=8855.308 Z=83.894
[2017.01.21-10.54.30:831][531]LogBlueprintUserMessages: [AgroCheck_test_C_1] X=9106.032 Y=8942.403 Z=52.956
[2017.01.21-10.54.36:515][208]LogBlueprintUserMessages: [AgroCheck_test_C_1] X=8765.178 Y=8455.460 Z=90.024
[2017.01.21-10.54.36:965][260]LogBlueprintUserMessages: [AgroCheck_test_C_1] X=8894.625 Y=8363.069 Z=90.024
[2017.01.21-10.54.37:515][326]LogBlueprintUserMessages: [AgroCheck_test_C_1] X=8857.126 Y=8318.949 Z=90.024
[2017.01.21-10.54.37:949][378]LogBlueprintUserMessages: [AgroCheck_test_C_1] X=8898.777 Y=8361.304 Z=90.024
[2017.01.21-10.54.38:356][427]LogBlueprintUserMessages: [AgroCheck_test_C_1] X=8902.411 Y=8359.319 Z=90.024
[2017.01.21-10.54.38:800][479]LogBlueprintUserMessages: [AgroCheck_test_C_1] X=8902.411 Y=8359.319 Z=90.024
[2017.01.21-10.54.39:277][534]LogBlueprintUserMessages: [AgroCheck_test_C_1] X=8902.411 Y=8359.319 Z=90.024
[2017.01.21-10.54.39:720][587]LogBlueprintUserMessages: [AgroCheck_test_C_1] X=8902.411 Y=8359.319 Z=90.024
[2017.01.21-10.54.40:220][647]LogBlueprintUserMessages: [AgroCheck_test_C_1] X=8902.411 Y=8359.319 Z=90.024
[2017.01.21-10.54.40:695][704]LogBlueprintUserMessages: [AgroCheck_test_C_1] X=8902.411 Y=8359.319 Z=90.024
[2017.01.21-10.54.41:212][765]LogBlueprintUserMessages: [AgroCheck_test_C_1] X=8902.411 Y=8359.319 Z=90.024
[2017.01.21-10.54.41:804][836]LogBlueprintUserMessages: [AgroCheck_test_C_1] X=8902.411 Y=8359.319 Z=90.024
[2017.01.21-10.54.42:254][890]LogBlueprintUserMessages: [AgroCheck_test_C_1] X=8902.411 Y=8359.319 Z=90.024
[2017.01.21-10.54.42:712][945]LogBlueprintUserMessages: [AgroCheck_test_C_1] X=8927.570 Y=8340.187 Z=81.311
[2017.01.21-10.54.44:752][188]LogBlueprintUserMessages: [AgroCheck_test_C_1] X=9227.129 Y=8617.741 Z=90.149
[2017.01.21-10.54.45:254][247]LogBlueprintUserMessages: [AgroCheck_test_C_1] X=9205.396 Y=8740.816 Z=90.149
[2017.01.21-10.54.45:662][296]LogBlueprintUserMessages: [AgroCheck_test_C_1] X=9161.839 Y=8795.152 Z=76.968
[2017.01.21-10.54.46:813][434]LogBlueprintUserMessages: [AgroCheck_test_C_1] X=8906.386 Y=8725.154 Z=89.545
[2017.01.21-10.54.47:392][502]LogBlueprintUserMessages: [AgroCheck_test_C_1] X=8892.574 Y=8711.365 Z=90.098
[2017.01.21-10.54.47:799][551]LogBlueprintUserMessages: [AgroCheck_test_C_1] X=8839.321 Y=8771.677 Z=90.098
[2017.01.21-10.54.48:377][620]LogBlueprintUserMessages: [AgroCheck_test_C_1] X=8888.476 Y=8888.101 Z=90.098
[2017.01.21-10.54.55:343][446]LogBlueprintUserMessages: Early EndPlayMap Detection: Level '/Game/Map/Map.Map:PersistentLevel' has LevelScriptBlueprint '/Game/Map/Map.Map:PersistentLevel.Map' with GeneratedClass '/Game/Map/Map.Map_C' with ClassGeneratedBy '/Game/Map/Map.Map:PersistentLevel.Map'
[2017.01.21-10.54.55:589][446]LogBlueprintUserMessages: Late EndPlayMap Detection: Level '/Game/Map/Map.Map:PersistentLevel' has LevelScriptBlueprint '/Game/Map/Map.Map:PersistentLevel.Map' with GeneratedClass '/Game/Map/Map.Map_C' with ClassGeneratedBy '/Game/Map/Map.Map:PersistentLevel.Map'
[2017.01.21-10.55.02:504][894]LogEditorViewport: Clicking on Actor (LMB): Spawner_C (Spawner)
[2017.01.21-10.55.48:800][ 25]LogContentBrowser: Native class hierarchy updated for 'BlueprintGraph' in 0.0008 seconds. Added 111 classes and 0 folders.
[2017.01.21-11.02.29:345][895]BlueprintLog: New page: Compile BP_BaseWeapon
[2017.01.21-11.02.30:291][895]BlueprintEditorCompileResults: Info [0667.00] Compile of BP_BaseWeapon successful! [in 926 ms] (/Game/Blueprints/Interactables/Waffen/BP_BaseWeapon.BP_BaseWeapon)
[2017.01.21-11.02.31:402][934]LogSavePackage: Save=135.50ms
[2017.01.21-11.02.31:402][934]LogSavePackage: Moving '../../../../../../MP2/project_nomad/Project_Nomand/Saved/BP_BaseWeaponC60FC57B46CB9C2D9A28B69DC8CC405F.tmp' to '../../../../../../MP2/project_nomad/Project_Nomand/Content/Blueprints/Interactables/Waffen/BP_BaseWeapon.uasset'
[2017.01.21-11.02.31:408][934]LogSavePackage:Display: Finished SavePackage ../../../../../../MP2/project_nomad/Project_Nomand/Content/Blueprints/Interactables/Waffen/BP_BaseWeapon.uasset
[2017.01.21-11.03.28:937][157]BlueprintLog: New page: Compile BP_BaseWeapon
[2017.01.21-11.03.29:150][157]BlueprintEditorCompileResults: Info [0725.88] Compile of BP_BaseWeapon successful! [in 212 ms] (/Game/Blueprints/Interactables/Waffen/BP_BaseWeapon.BP_BaseWeapon)
[2017.01.21-11.04.08:282][724]Cmd: OBJ SAVEPACKAGE PACKAGE="/Game/Map/Map" FILE="../../../../../../MP2/project_nomad/Project_Nomand/Saved/Autosaves/Game/Map/Map_Auto1.umap" SILENT=true AUTOSAVING=true KEEPDIRTY=false
[2017.01.21-11.04.09:087][724]LogSavePackage: Save=775.47ms
[2017.01.21-11.04.09:087][724]LogSavePackage: Moving '../../../../../../MP2/project_nomad/Project_Nomand/Saved/Map_Auto168E1344F465CF3E56BA67F8F6A2DDE33.tmp' to '../../../../../../MP2/project_nomad/Project_Nomand/Saved/Autosaves/Game/Map/Map_Auto1.umap'
[2017.01.21-11.04.09:089][724]LogSavePackage:Display: Finished SavePackage ../../../../../../MP2/project_nomad/Project_Nomand/Saved/Autosaves/Game/Map/Map_Auto1.umap
[2017.01.21-11.04.09:103][724]LogFileHelpers: Editor autosave (incl. sublevels) for '/Game/Map/Map' took 0.900
[2017.01.21-11.04.09:103][724]LogFileHelpers: Editor autosave (incl. sublevels) for all levels took 0.900
[2017.01.21-11.04.09:105][724]OBJ SavePackage: Generating thumbnails for [0] asset(s) in package [/Game/Blueprints/Interactables/Waffen/BP_BaseWeapon] ([1] browsable assets)...
[2017.01.21-11.04.09:105][724]OBJ SavePackage: Finished generating thumbnails for package [/Game/Blueprints/Interactables/Waffen/BP_BaseWeapon]
[2017.01.21-11.04.09:143][724]LogSavePackage: Save=32.90ms
[2017.01.21-11.04.09:143][724]LogSavePackage: Moving '../../../../../../MP2/project_nomad/Project_Nomand/Saved/BP_BaseWeapon_Auto120F393C9417E94C0E02BFE844772B0F1.tmp' to '../../../../../../MP2/project_nomad/Project_Nomand/Saved/Autosaves/Game/Blueprints/Interactables/Waffen/BP_BaseWeapon_Auto1.uasset'
[2017.01.21-11.04.09:144][724]LogSavePackage:Display: Finished SavePackage ../../../../../../MP2/project_nomad/Project_Nomand/Saved/Autosaves/Game/Blueprints/Interactables/Waffen/BP_BaseWeapon_Auto1.uasset
[2017.01.21-11.04.09:144][724]LogFileHelpers: Auto-saving content packages took 0.039
[2017.01.21-11.06.16:734][363]LogSavePackage: Save=17.04ms
[2017.01.21-11.06.16:734][363]LogSavePackage: Moving '../../../../../../MP2/project_nomad/Project_Nomand/Saved/FWeaponInfo9350B00644D890C975125BB11A75B0BF.tmp' to '../../../../../../MP2/project_nomad/Project_Nomand/Content/Blueprints/Interactables/Waffen/FWeaponInfo.uasset'
[2017.01.21-11.06.16:735][363]LogSavePackage:Display: Finished SavePackage ../../../../../../MP2/project_nomad/Project_Nomand/Content/Blueprints/Interactables/Waffen/FWeaponInfo.uasset
[2017.01.21-11.06.19:028][563]BlueprintLog: New page: Compile BP_BaseWeapon
[2017.01.21-11.06.19:868][563]BlueprintEditorCompileResults: Info [0896.60] Compile of BP_BaseWeapon successful! [in 840 ms] (/Game/Blueprints/Interactables/Waffen/BP_BaseWeapon.BP_BaseWeapon)
[2017.01.21-11.07.04:965][ 64]BlueprintLog: New page: Compile BP_BaseWeapon
[2017.01.21-11.07.05:360][ 64]BlueprintEditorCompileResults: Info [0942.09] Compile of BP_BaseWeapon successful! [in 395 ms] (/Game/Blueprints/Interactables/Waffen/BP_BaseWeapon.BP_BaseWeapon)
[2017.01.21-11.07.32:558][934]BlueprintLog: New page: Compile BP_BaseWeapon
[2017.01.21-11.07.32:952][934]BlueprintEditorCompileResults: Info [0969.68] Compile of BP_BaseWeapon successful! [in 393 ms] (/Game/Blueprints/Interactables/Waffen/BP_BaseWeapon.BP_BaseWeapon)
[2017.01.21-11.08.35:865][571]LogSkeletalMesh: InitArticulated: Bodies already created (/Engine/Transient.DebugSkelMeshComponent_0) - call TermArticulated first.
[2017.01.21-11.08.36:321][571]LogContentBrowser:Verbose: The majority of assets in the view are of type: AnimSequence
[2017.01.21-11.09.24:761][276]LogSavePackage: Save=93.47ms
[2017.01.21-11.09.24:761][276]LogSavePackage: Moving '../../../../../../MP2/project_nomad/Project_Nomand/Saved/Combo_1_Montage4245FB6B41E8E5FD5B2D66A456D0B1C9.tmp' to '../../../../../../MP2/project_nomad/Project_Nomand/Content/Character/Animation/SwordAndShield/Combo_1_Montage.uasset'
[2017.01.21-11.09.24:762][276]LogSavePackage:Display: Finished SavePackage ../../../../../../MP2/project_nomad/Project_Nomand/Content/Character/Animation/SwordAndShield/Combo_1_Montage.uasset
[2017.01.21-11.11.48:968][144]LogSavePackage: Save=12.47ms
[2017.01.21-11.11.48:968][144]LogSavePackage: Moving '../../../../../../MP2/project_nomad/Project_Nomand/Saved/Combo_3_MontageC40064164019FCCD847AF48FF4B0FD9C.tmp' to '../../../../../../MP2/project_nomad/Project_Nomand/Content/Character/Animation/SwordAndShield/Combo_3_Montage.uasset'
[2017.01.21-11.11.48:969][144]LogSavePackage:Display: Finished SavePackage ../../../../../../MP2/project_nomad/Project_Nomand/Content/Character/Animation/SwordAndShield/Combo_3_Montage.uasset
[2017.01.21-11.11.57:281][794]LogSkeletalMesh: InitArticulated: Bodies already created (/Engine/Transient.DebugSkelMeshComponent_2) - call TermArticulated first.
[2017.01.21-11.12.27:618][863]LogUObjectHash:Warning: Ambiguous search, could be K2Node_CallFunction /Game/Character/Animation/NewAnimBlueprint.NewAnimBlueprint:EventGraph.K2Node_CallFunction_666 or K2Node_CallFunction /Engine/Transient.PROTO_BP_Blueprint_0:UserConstructionScript.K2Node_CallFunction_666
[2017.01.21-11.12.27:618][863]LogProperty:Warning: ObjectProperty /Script/Engine.EdGraphPin:LinkedTo.LinkedTo: unresolved reference to 'EdGraphPin'K2Node_CallFunction_666.EdGraphPin_438''
[2017.01.21-11.13.02:614][307]BlueprintLog: New page: Compile NewAnimBlueprint
[2017.01.21-11.13.02:874][307]BlueprintEditorCompileResults: Info [1299.60] Compile of NewAnimBlueprint successful! [in 260 ms] (/Game/Character/Animation/NewAnimBlueprint.NewAnimBlueprint)
[2017.01.21-11.13.13:883][ 92]BlueprintLog: New page: Compile NewAnimBlueprint
[2017.01.21-11.13.14:099][ 92]BlueprintEditorCompileResults: Info [1310.83] Compile of NewAnimBlueprint successful! [in 215 ms] (/Game/Character/Animation/NewAnimBlueprint.NewAnimBlueprint)
[2017.01.21-11.13.14:725][136]Cmd: OBJ SAVEPACKAGE PACKAGE="/Game/Character/Animation/NewAnimBlueprint" FILE="../../../../../../MP2/project_nomad/Project_Nomand/Content/Character/Animation/NewAnimBlueprint.uasset" SILENT=true
[2017.01.21-11.13.14:793][136]LogSavePackage: Save=54.74ms
[2017.01.21-11.13.14:793][136]LogSavePackage: Moving '../../../../../../MP2/project_nomad/Project_Nomand/Saved/NewAnimBlueprintBDC7223E477127A10E5DFF97860F8ADC.tmp' to '../../../../../../MP2/project_nomad/Project_Nomand/Content/Character/Animation/NewAnimBlueprint.uasset'
[2017.01.21-11.13.14:794][136]LogSavePackage:Display: Finished SavePackage ../../../../../../MP2/project_nomad/Project_Nomand/Content/Character/Animation/NewAnimBlueprint.uasset
[2017.01.21-11.14.16:427][477]BlueprintLog: New page: Compile BP_BlackKnight
[2017.01.21-11.14.16:655][477]BlueprintEditorCompileResults: Info [1373.38] Compile of BP_BlackKnight successful! [in 227 ms] (/Game/Blueprints/Interactables/Waffen/BP_BlackKnight.BP_BlackKnight)
[2017.01.21-11.14.18:811][654]LogSavePackage: Save=11.26ms
[2017.01.21-11.14.18:811][654]LogSavePackage: Moving '../../../../../../MP2/project_nomad/Project_Nomand/Saved/BP_BlackKnight75E35E844AF439CD38019EAF6D1374B9.tmp' to '../../../../../../MP2/project_nomad/Project_Nomand/Content/Blueprints/Interactables/Waffen/BP_BlackKnight.uasset'
[2017.01.21-11.14.18:813][654]LogSavePackage:Display: Finished SavePackage ../../../../../../MP2/project_nomad/Project_Nomand/Content/Blueprints/Interactables/Waffen/BP_BlackKnight.uasset
[2017.01.21-11.14.36:915][533]LogBlueprintUserMessages: Early PlayInEditor Detection: Level '/Game/Map/Map.Map:PersistentLevel' has LevelScriptBlueprint '/Game/Map/Map.Map:PersistentLevel.Map' with GeneratedClass '/Game/Map/Map.Map_C' with ClassGeneratedBy '/Game/Map/Map.Map:PersistentLevel.Map'
[2017.01.21-11.14.36:915][533]BlueprintLog: New page: Pre-Play auto-recompile
[2017.01.21-11.14.36:967][533]LogPlayLevel: [PlayLevel] Compiling Character_Controller before play...
[2017.01.21-11.14.38:138][533]LogPlayLevel: PlayLevel: Blueprint regeneration took 1222 ms (14 blueprints)
[2017.01.21-11.14.38:139][533]LogPlayLevel: [PlayLevel] Compiling BP_CharactorRecorder before play...
[2017.01.21-11.14.38:387][533]LogPlayLevel: PlayLevel: Blueprint regeneration took 1472 ms (15 blueprints)
[2017.01.21-11.14.38:388][533]LogPlayLevel: [PlayLevel] Compiling BP_BaseInteractable before play...
[2017.01.21-11.14.39:410][533]LogPlayLevel: PlayLevel: Blueprint regeneration took 2495 ms (17 blueprints)
[2017.01.21-11.14.39:410][533]LogPlayLevel: [PlayLevel] Compiling BP_BaseItem before play...
[2017.01.21-11.14.40:214][533]LogPlayLevel: PlayLevel: Blueprint regeneration took 3298 ms (17 blueprints)
[2017.01.21-11.14.40:214][533]LogPlayLevel: [PlayLevel] Compiling BPI_Interact before play...
[2017.01.21-11.14.40:493][533]LogPlayLevel: PlayLevel: Blueprint regeneration took 3578 ms (17 blueprints)
[2017.01.21-11.14.40:496][533]LogPlayLevel: [PlayLevel] Compiling BP_BaseWeapon before play...
[2017.01.21-11.14.40:899][533]LogPlayLevel: PlayLevel: Blueprint regeneration took 3983 ms (17 blueprints)
[2017.01.21-11.14.40:899][533]LogPlayLevel: [PlayLevel] Compiling AgroCheck before play...
[2017.01.21-11.14.41:053][533]LogPlayLevel: PlayLevel: Blueprint regeneration took 4138 ms (17 blueprints)
[2017.01.21-11.14.41:053][533]LogPlayLevel: [PlayLevel] Compiling CheckLoS before play...
[2017.01.21-11.14.41:205][533]LogPlayLevel: PlayLevel: Blueprint regeneration took 4290 ms (17 blueprints)
[2017.01.21-11.14.41:207][533]LogPlayLevel: [PlayLevel] Compiling NewAnimBlueprint before play...
[2017.01.21-11.14.41:372][533]LogPlayLevel: PlayLevel: Blueprint regeneration took 4457 ms (17 blueprints)
[2017.01.21-11.14.41:373][533]LogPlayLevel: [PlayLevel] Compiling UI_EquipmentSlot before play...
[2017.01.21-11.14.41:543][533]LogPlayLevel: PlayLevel: Blueprint regeneration took 4627 ms (17 blueprints)
[2017.01.21-11.14.41:544][533]LogPlayLevel: [PlayLevel] Compiling UI_Equipment before play...
[2017.01.21-11.14.41:726][533]LogPlayLevel: PlayLevel: Blueprint regeneration took 4811 ms (17 blueprints)
[2017.01.21-11.14.41:727][533]LogPlayLevel: [PlayLevel] Compiling UI_GameHUD before play...
[2017.01.21-11.14.41:875][533]LogPlayLevel: PlayLevel: Blueprint regeneration took 4959 ms (18 blueprints)
[2017.01.21-11.14.41:876][533]LogPlayLevel: [PlayLevel] Compiling UI_Inventory before play...
[2017.01.21-11.14.42:068][533]LogPlayLevel: PlayLevel: Blueprint regeneration took 5153 ms (18 blueprints)
[2017.01.21-11.14.42:068][533]LogPlayLevel: [PlayLevel] Compiling UI_InventoryItem before play...
[2017.01.21-11.14.42:230][533]LogPlayLevel: PlayLevel: Blueprint regeneration took 5315 ms (18 blueprints)
[2017.01.21-11.14.42:231][533]LogPlayLevel: [PlayLevel] Compiling BPI_RecorderComm before play...
[2017.01.21-11.14.42:525][533]LogPlayLevel: PlayLevel: Blueprint regeneration took 5610 ms (18 blueprints)
[2017.01.21-11.14.42:527][533]LogPlayLevel: [PlayLevel] Compiling BP_BaseArmor before play...
[2017.01.21-11.14.42:705][533]LogPlayLevel: PlayLevel: Blueprint regeneration took 5790 ms (18 blueprints)
[2017.01.21-11.14.42:708][533]LogPlayLevel: [PlayLevel] Compiling BP_BlackKnight before play...
[2017.01.21-11.14.42:887][533]LogPlayLevel: PlayLevel: Blueprint regeneration took 5972 ms (18 blueprints)
[2017.01.21-11.14.42:887][533]LogPlayLevel: [PlayLevel] Compiling Map before play...
[2017.01.21-11.14.43:039][533]LogPlayLevel: PlayLevel: Blueprint regeneration took 6124 ms (18 blueprints)
[2017.01.21-11.14.43:119][533]PIE: New page: PIE session: Map (Jan 21, 2017, 1:14:43 PM)
[2017.01.21-11.14.43:119][533]LogPlayLevel: Creating play world package: /Game/Map/UEDPIE_0_Map
[2017.01.21-11.14.43:165][533]LogPlayLevel: PIE: StaticDuplicateObject took: (0.045882s)
[2017.01.21-11.14.43:166][533]LogAIModule: Creating AISystem for world Map
[2017.01.21-11.14.43:166][533]LogPlayLevel: PIE: World Init took: (0.000906s)
[2017.01.21-11.14.43:167][533]LogPlayLevel: PIE: Created PIE world by copying editor world from /Game/Map/Map.Map to /Game/Map/UEDPIE_0_Map.Map (0.047180s)
[2017.01.21-11.14.43:236][533]LogInit: XAudio2 using 'Lautsprecher (Realtek High Definition Audio)' : 2 channels at 48 kHz using 32 bits per sample (channel mask 0x3)
[2017.01.21-11.14.43:246][533]LogInit: FAudioDevice initialized.
[2017.01.21-11.14.43:297][533]LogWorld: Game class is 'GameMode'
[2017.01.21-11.14.43:332][533]LogWorld: Bringing World /Game/Map/UEDPIE_0_Map.Map up for play (max tick rate 0) at 2017.01.21-12.14.43
[2017.01.21-11.14.43:333][533]LogWorld: Bringing up level for play took: 0.034950
[2017.01.21-11.14.43:336][533]PIE: Info Play in editor start time for /Game/Map/UEDPIE_0_Map 7.247
[2017.01.21-11.14.43:337][533]LogBlueprintUserMessages: Late PlayInEditor Detection: Level '/Game/Map/Map.Map:PersistentLevel' has LevelScriptBlueprint '/Game/Map/Map.Map:PersistentLevel.Map' with GeneratedClass '/Game/Map/Map.Map_C' with ClassGeneratedBy '/Game/Map/Map.Map:PersistentLevel.Map'
[2017.01.21-11.14.43:950][601]LogBlueprintUserMessages: [AgroCheck_test_C_1] X=9150.000 Y=8775.000 Z=71.672
[2017.01.21-11.14.44:400][655]LogBlueprintUserMessages: [AgroCheck_test_C_1] X=9150.000 Y=8775.000 Z=71.672
[2017.01.21-11.14.44:923][715]LogBlueprintUserMessages: [AgroCheck_test_C_1] X=9152.109 Y=8779.128 Z=72.578
[2017.01.21-11.14.45:408][773]LogBlueprintUserMessages: [AgroCheck_test_C_1] X=9140.726 Y=8808.874 Z=67.687
[2017.01.21-11.14.45:824][823]LogBlueprintUserMessages: [AgroCheck_test_C_1] X=9140.726 Y=8808.874 Z=67.687
[2017.01.21-11.14.46:403][891]LogBlueprintUserMessages: [AgroCheck_test_C_1] X=9131.646 Y=8823.036 Z=63.785
[2017.01.21-11.14.46:829][942]LogBlueprintUserMessages: [AgroCheck_test_C_1] X=9124.231 Y=8837.292 Z=60.599
[2017.01.21-11.14.47:265][994]LogBlueprintUserMessages: [AgroCheck_test_C_1] X=9115.143 Y=8861.179 Z=56.694
[2017.01.21-11.14.50:021][322]LogScriptCore:Warning: Attempted to get an item from array TargetArray out of bounds [1/0]!

[2017.01.21-11.14.50:021][322]LogScriptCore:Warning: Attempted to get an item from array Inventory out of bounds [1/0]!

[2017.01.21-11.14.50:021][322]LogScriptCore:Warning: Attempted to get an item from array TargetArray out of bounds [2/0]!

[2017.01.21-11.14.50:021][322]LogScriptCore:Warning: Attempted to get an item from array Inventory out of bounds [2/0]!

[2017.01.21-11.14.50:022][322]LogScriptCore:Warning: Attempted to get an item from array TargetArray out of bounds [3/0]!

[2017.01.21-11.14.50:022][322]LogScriptCore:Warning: Attempted to get an item from array Inventory out of bounds [3/0]!

[2017.01.21-11.14.50:022][322]LogScriptCore:Warning: Attempted to get an item from array TargetArray out of bounds [4/0]!

[2017.01.21-11.14.50:022][322]LogScriptCore:Warning: Attempted to get an item from array Inventory out of bounds [4/0]!

[2017.01.21-11.14.50:022][322]LogScriptCore:Warning: Attempted to get an item from array TargetArray out of bounds [5/0]!

[2017.01.21-11.14.50:022][322]LogScriptCore:Warning: Attempted to get an item from array Inventory out of bounds [5/0]!

[2017.01.21-11.14.50:022][322]LogScriptCore:Warning: Attempted to get an item from array TargetArray out of bounds [6/0]!

[2017.01.21-11.14.50:022][322]LogScriptCore:Warning: Attempted to get an item from array Inventory out of bounds [6/0]!

[2017.01.21-11.14.50:022][322]LogScriptCore:Warning: Attempted to get an item from array TargetArray out of bounds [7/0]!

[2017.01.21-11.14.50:022][322]LogScriptCore:Warning: Attempted to get an item from array Inventory out of bounds [7/0]!

[2017.01.21-11.14.50:022][322]LogScriptCore:Warning: Attempted to get an item from array TargetArray out of bounds [8/0]!

[2017.01.21-11.14.50:022][322]LogScriptCore:Warning: Attempted to get an item from array Inventory out of bounds [8/0]!

[2017.01.21-11.14.50:022][322]LogScriptCore:Warning: Attempted to get an item from array TargetArray out of bounds [9/0]!

[2017.01.21-11.14.50:022][322]LogScriptCore:Warning: Attempted to get an item from array Inventory out of bounds [9/0]!

[2017.01.21-11.14.50:022][322]LogScriptCore:Warning: Attempted to get an item from array TargetArray out of bounds [10/0]!

[2017.01.21-11.14.50:022][322]LogScriptCore:Warning: Attempted to get an item from array Inventory out of bounds [10/0]!

[2017.01.21-11.14.50:022][322]LogScriptCore:Warning: Attempted to get an item from array TargetArray out of bounds [11/0]!

[2017.01.21-11.14.50:022][322]LogScriptCore:Warning: Attempted to get an item from array Inventory out of bounds [11/0]!

[2017.01.21-11.14.50:022][322]LogScriptCore:Warning: Attempted to get an item from array TargetArray out of bounds [12/0]!

[2017.01.21-11.14.50:022][322]LogScriptCore:Warning: Attempted to get an item from array Inventory out of bounds [12/0]!

[2017.01.21-11.14.50:023][322]LogScriptCore:Warning: Attempted to get an item from array TargetArray out of bounds [13/0]!

[2017.01.21-11.14.50:023][322]LogScriptCore:Warning: Attempted to get an item from array Inventory out of bounds [13/0]!

[2017.01.21-11.14.50:023][322]LogScriptCore:Warning: Attempted to get an item from array TargetArray out of bounds [14/0]!

[2017.01.21-11.14.50:023][322]LogScriptCore:Warning: Attempted to get an item from array Inventory out of bounds [14/0]!

[2017.01.21-11.14.50:023][322]LogScriptCore:Warning: Attempted to get an item from array TargetArray out of bounds [15/0]!

[2017.01.21-11.14.50:023][322]LogScriptCore:Warning: Attempted to get an item from array Inventory out of bounds [15/0]!

[2017.01.21-11.14.50:023][322]LogScriptCore:Warning: Attempted to get an item from array TargetArray out of bounds [16/0]!

[2017.01.21-11.14.50:023][322]LogScriptCore:Warning: Attempted to get an item from array Inventory out of bounds [16/0]!

[2017.01.21-11.14.50:023][322]LogScriptCore:Warning: Attempted to get an item from array TargetArray out of bounds [17/0]!

[2017.01.21-11.14.50:023][322]LogScriptCore:Warning: Attempted to get an item from array Inventory out of bounds [17/0]!

[2017.01.21-11.14.50:023][322]LogScriptCore:Warning: Attempted to get an item from array TargetArray out of bounds [18/0]!

[2017.01.21-11.14.50:023][322]LogScriptCore:Warning: Attempted to get an item from array Inventory out of bounds [18/0]!

[2017.01.21-11.14.50:023][322]LogScriptCore:Warning: Attempted to get an item from array TargetArray out of bounds [19/0]!

[2017.01.21-11.14.50:023][322]LogScriptCore:Warning: Attempted to get an item from array Inventory out of bounds [19/0]!

[2017.01.21-11.14.52:108][569]LogBlueprintUserMessages: [Character_Controller_536] 0
[2017.01.21-11.14.52:109][569]LogScriptCore:Warning: Attempted to get an item from array TargetArray out of bounds [0/0]!

[2017.01.21-11.14.52:109][569]LogScriptCore:Warning: Attempted to get an item from array Inventory out of bounds [0/0]!

[2017.01.21-11.14.52:109][569]LogScriptCore:Warning: Attempted to get an item from array TargetArray out of bounds [1/0]!

[2017.01.21-11.14.52:109][569]LogScriptCore:Warning: Attempted to get an item from array Inventory out of bounds [1/0]!

[2017.01.21-11.14.52:109][569]LogScriptCore:Warning: Attempted to get an item from array TargetArray out of bounds [2/0]!

[2017.01.21-11.14.52:109][569]LogScriptCore:Warning: Attempted to get an item from array Inventory out of bounds [2/0]!

[2017.01.21-11.14.52:109][569]LogScriptCore:Warning: Attempted to get an item from array TargetArray out of bounds [3/0]!

[2017.01.21-11.14.52:109][569]LogScriptCore:Warning: Attempted to get an item from array Inventory out of bounds [3/0]!

[2017.01.21-11.14.52:109][569]LogScriptCore:Warning: Attempted to get an item from array TargetArray out of bounds [4/0]!

[2017.01.21-11.14.52:109][569]LogScriptCore:Warning: Attempted to get an item from array Inventory out of bounds [4/0]!

[2017.01.21-11.14.52:109][569]LogScriptCore:Warning: Attempted to get an item from array TargetArray out of bounds [5/0]!

[2017.01.21-11.14.52:109][569]LogScriptCore:Warning: Attempted to get an item from array Inventory out of bounds [5/0]!

[2017.01.21-11.14.52:109][569]LogScriptCore:Warning: Attempted to get an item from array TargetArray out of bounds [6/0]!

[2017.01.21-11.14.52:109][569]LogScriptCore:Warning: Attempted to get an item from array Inventory out of bounds [6/0]!

[2017.01.21-11.14.52:109][569]LogScriptCore:Warning: Attempted to get an item from array TargetArray out of bounds [7/0]!

[2017.01.21-11.14.52:109][569]LogScriptCore:Warning: Attempted to get an item from array Inventory out of bounds [7/0]!

[2017.01.21-11.14.52:110][569]LogScriptCore:Warning: Attempted to get an item from array TargetArray out of bounds [8/0]!

[2017.01.21-11.14.52:110][569]LogScriptCore:Warning: Attempted to get an item from array Inventory out of bounds [8/0]!

[2017.01.21-11.14.52:110][569]LogScriptCore:Warning: Attempted to get an item from array TargetArray out of bounds [9/0]!

[2017.01.21-11.14.52:110][569]LogScriptCore:Warning: Attempted to get an item from array Inventory out of bounds [9/0]!

[2017.01.21-11.14.52:110][569]LogScriptCore:Warning: Attempted to get an item from array TargetArray out of bounds [10/0]!

[2017.01.21-11.14.52:110][569]LogScriptCore:Warning: Attempted to get an item from array Inventory out of bounds [10/0]!

[2017.01.21-11.14.52:110][569]LogScriptCore:Warning: Attempted to get an item from array TargetArray out of bounds [11/0]!

[2017.01.21-11.14.52:110][569]LogScriptCore:Warning: Attempted to get an item from array Inventory out of bounds [11/0]!

[2017.01.21-11.14.52:110][569]LogScriptCore:Warning: Attempted to get an item from array TargetArray out of bounds [12/0]!

[2017.01.21-11.14.52:110][569]LogScriptCore:Warning: Attempted to get an item from array Inventory out of bounds [12/0]!

[2017.01.21-11.14.52:110][569]LogScriptCore:Warning: Attempted to get an item from array TargetArray out of bounds [13/0]!

[2017.01.21-11.14.52:110][569]LogScriptCore:Warning: Attempted to get an item from array Inventory out of bounds [13/0]!

[2017.01.21-11.14.52:110][569]LogScriptCore:Warning: Attempted to get an item from array TargetArray out of bounds [14/0]!

[2017.01.21-11.14.52:110][569]LogScriptCore:Warning: Attempted to get an item from array Inventory out of bounds [14/0]!

[2017.01.21-11.14.52:110][569]LogScriptCore:Warning: Attempted to get an item from array TargetArray out of bounds [15/0]!

[2017.01.21-11.14.52:110][569]LogScriptCore:Warning: Attempted to get an item from array Inventory out of bounds [15/0]!

[2017.01.21-11.14.52:110][569]LogScriptCore:Warning: Attempted to get an item from array TargetArray out of bounds [16/0]!

[2017.01.21-11.14.52:110][569]LogScriptCore:Warning: Attempted to get an item from array Inventory out of bounds [16/0]!

[2017.01.21-11.14.52:110][569]LogScriptCore:Warning: Attempted to get an item from array TargetArray out of bounds [17/0]!

[2017.01.21-11.14.52:110][569]LogScriptCore:Warning: Attempted to get an item from array Inventory out of bounds [17/0]!

[2017.01.21-11.14.52:110][569]LogScriptCore:Warning: Attempted to get an item from array TargetArray out of bounds [18/0]!

[2017.01.21-11.14.52:110][569]LogScriptCore:Warning: Attempted to get an item from array Inventory out of bounds [18/0]!

[2017.01.21-11.14.52:111][569]LogScriptCore:Warning: Attempted to get an item from array TargetArray out of bounds [19/0]!

[2017.01.21-11.14.52:111][569]LogScriptCore:Warning: Attempted to get an item from array Inventory out of bounds [19/0]!

[2017.01.21-11.14.56:766][117]LogBlueprintUserMessages: [AI_Greater_Spider_C_0] Hello
[2017.01.21-11.14.57:718][231]LogBlueprintUserMessages: [AI_Greater_Spider_C_0] Hello
[2017.01.21-11.15.00:941][615]LogBlueprintUserMessages: [AI_Greater_Spider_C_0] Hello
[2017.01.21-11.15.01:908][731]LogBlueprintUserMessages: [AI_Greater_Spider_C_0] Hello
[2017.01.21-11.15.03:558][928]LogBlueprintUserMessages: [AI_Greater_Spider_C_0] Hello
[2017.01.21-11.15.05:241][126]LogBlueprintUserMessages: [AI_Greater_Spider_C_0] Hello
[2017.01.21-11.15.06:191][239]LogBlueprintUserMessages: [AI_Greater_Spider_C_0] Hello
[2017.01.21-11.15.07:845][437]LogBlueprintUserMessages: [AI_Greater_Spider_C_0] Hello
[2017.01.21-11.15.09:261][605]LogBlueprintUserMessages: [AI_Greater_Spider_C_0] Hello
[2017.01.21-11.15.10:230][720]LogBlueprintUserMessages: [AI_Greater_Spider_C_0] Hello
[2017.01.21-11.15.10:231][720]LogBlueprintUserMessages: [AgroCheck_test_C_1] X=9369.548 Y=7831.224 Z=94.033
[2017.01.21-11.15.11:882][918]LogBlueprintUserMessages: [AI_Greater_Spider_C_0] Hello
[2017.01.21-11.15.35:032][673]LogBlueprintUserMessages: Early EndPlayMap Detection: Level '/Game/Map/Map.Map:PersistentLevel' has LevelScriptBlueprint '/Game/Map/Map.Map:PersistentLevel.Map' with GeneratedClass '/Game/Map/Map.Map_C' with ClassGeneratedBy '/Game/Map/Map.Map:PersistentLevel.Map'
[2017.01.21-11.15.35:081][673]LogBlueprintUserMessages: Late EndPlayMap Detection: Level '/Game/Map/Map.Map:PersistentLevel' has LevelScriptBlueprint '/Game/Map/Map.Map:PersistentLevel.Map' with GeneratedClass '/Game/Map/Map.Map_C' with ClassGeneratedBy '/Game/Map/Map.Map:PersistentLevel.Map'
[2017.01.21-11.15.59:556][814]Cmd: OBJ SAVEPACKAGE PACKAGE="/Game/Map/Map" FILE="../../../../../../MP2/project_nomad/Project_Nomand/Saved/Autosaves/Game/Map/Map_Auto2.umap" SILENT=true AUTOSAVING=true KEEPDIRTY=false
[2017.01.21-11.16.00:347][814]LogSavePackage: Save=776.44ms
[2017.01.21-11.16.00:347][814]LogSavePackage: Moving '../../../../../../MP2/project_nomad/Project_Nomand/Saved/Map_Auto281B88C9E477DFD0DF38EFB9F6A0819BE.tmp' to '../../../../../../MP2/project_nomad/Project_Nomand/Saved/Autosaves/Game/Map/Map_Auto2.umap'
[2017.01.21-11.16.00:349][814]LogSavePackage:Display: Finished SavePackage ../../../../../../MP2/project_nomad/Project_Nomand/Saved/Autosaves/Game/Map/Map_Auto2.umap
[2017.01.21-11.16.00:351][814]LogFileHelpers: Editor autosave (incl. sublevels) for '/Game/Map/Map' took 0.847
[2017.01.21-11.16.00:351][814]LogFileHelpers: Editor autosave (incl. sublevels) for all levels took 0.847
[2017.01.21-11.16.00:364][814]OBJ SavePackage: Generating thumbnails for [1] asset(s) in package [/Game/Blueprints/Game/Character_Controller] ([1] browsable assets)...
[2017.01.21-11.16.00:381][814]OBJ SavePackage:     Rendered thumbnail for [Blueprint /Game/Blueprints/Game/Character_Controller.Character_Controller]
[2017.01.21-11.16.00:381][814]OBJ SavePackage: Finished generating thumbnails for package [/Game/Blueprints/Game/Character_Controller]
[2017.01.21-11.16.01:129][814]LogSavePackage: Save=737.77ms
[2017.01.21-11.16.01:129][814]LogSavePackage: Moving '../../../../../../MP2/project_nomad/Project_Nomand/Saved/Character_Controller_Auto2ED635B17490ACA63A0F541B0BAFA9ED8.tmp' to '../../../../../../MP2/project_nomad/Project_Nomand/Saved/Autosaves/Game/Blueprints/Game/Character_Controller_Auto2.uasset'
[2017.01.21-11.16.01:131][814]LogSavePackage:Display: Finished SavePackage ../../../../../../MP2/project_nomad/Project_Nomand/Saved/Autosaves/Game/Blueprints/Game/Character_Controller_Auto2.uasset
[2017.01.21-11.16.01:131][814]OBJ SavePackage: Generating thumbnails for [0] asset(s) in package [/Game/Blueprints/Interactables/BP_BaseItem] ([1] browsable assets)...
[2017.01.21-11.16.01:132][814]OBJ SavePackage: Finished generating thumbnails for package [/Game/Blueprints/Interactables/BP_BaseItem]
[2017.01.21-11.16.01:159][814]LogSavePackage: Save=15.67ms
[2017.01.21-11.16.01:159][814]LogSavePackage: Moving '../../../../../../MP2/project_nomad/Project_Nomand/Saved/BP_BaseItem_Auto2971EE61040FA4A1EED61F88CB509390C.tmp' to '../../../../../../MP2/project_nomad/Project_Nomand/Saved/Autosaves/Game/Blueprints/Interactables/BP_BaseItem_Auto2.uasset'
[2017.01.21-11.16.01:160][814]LogSavePackage:Display: Finished SavePackage ../../../../../../MP2/project_nomad/Project_Nomand/Saved/Autosaves/Game/Blueprints/Interactables/BP_BaseItem_Auto2.uasset
[2017.01.21-11.16.01:160][814]OBJ SavePackage: Generating thumbnails for [0] asset(s) in package [/Game/Blueprints/Interactables/BP_BaseInteractable] ([1] browsable assets)...
[2017.01.21-11.16.01:160][814]OBJ SavePackage: Finished generating thumbnails for package [/Game/Blueprints/Interactables/BP_BaseInteractable]
[2017.01.21-11.16.01:186][814]LogSavePackage: Save=17.12ms
[2017.01.21-11.16.01:186][814]LogSavePackage: Moving '../../../../../../MP2/project_nomad/Project_Nomand/Saved/BP_BaseInteractable_Auto21C0DBC184E5186CC4A74148B829D035C.tmp' to '../../../../../../MP2/project_nomad/Project_Nomand/Saved/Autosaves/Game/Blueprints/Interactables/BP_BaseInteractable_Auto2.uasset'
[2017.01.21-11.16.01:186][814]LogSavePackage:Display: Finished SavePackage ../../../../../../MP2/project_nomad/Project_Nomand/Saved/Autosaves/Game/Blueprints/Interactables/BP_BaseInteractable_Auto2.uasset
[2017.01.21-11.16.01:190][814]OBJ SavePackage: Generating thumbnails for [1] asset(s) in package [/Game/Blueprints/SceneCaptures/BP_CharactorRecorder] ([1] browsable assets)...
[2017.01.21-11.16.01:202][814]OBJ SavePackage:     Rendered thumbnail for [Blueprint /Game/Blueprints/SceneCaptures/BP_CharactorRecorder.BP_CharactorRecorder]
[2017.01.21-11.16.01:202][814]OBJ SavePackage: Finished generating thumbnails for package [/Game/Blueprints/SceneCaptures/BP_CharactorRecorder]
[2017.01.21-11.16.01:423][814]LogSavePackage: Save=212.25ms
[2017.01.21-11.16.01:423][814]LogSavePackage: Moving '../../../../../../MP2/project_nomad/Project_Nomand/Saved/BP_CharactorRecorder_Auto280EE262344459D6284178DB71E2A15B8.tmp' to '../../../../../../MP2/project_nomad/Project_Nomand/Saved/Autosaves/Game/Blueprints/SceneCaptures/BP_CharactorRecorder_Auto2.uasset'
[2017.01.21-11.16.01:425][814]LogSavePackage:Display: Finished SavePackage ../../../../../../MP2/project_nomad/Project_Nomand/Saved/Autosaves/Game/Blueprints/SceneCaptures/BP_CharactorRecorder_Auto2.uasset
[2017.01.21-11.16.01:426][814]OBJ SavePackage: Generating thumbnails for [0] asset(s) in package [/Game/Blueprints/Interactables/Waffen/BP_BaseWeapon] ([1] browsable assets)...
[2017.01.21-11.16.01:426][814]OBJ SavePackage: Finished generating thumbnails for package [/Game/Blueprints/Interactables/Waffen/BP_BaseWeapon]
[2017.01.21-11.16.01:477][814]LogSavePackage: Save=43.43ms
[2017.01.21-11.16.01:477][814]LogSavePackage: Moving '../../../../../../MP2/project_nomad/Project_Nomand/Saved/BP_BaseWeapon_Auto25E4F0D464809ED8DD7ED2C9878985433.tmp' to '../../../../../../MP2/project_nomad/Project_Nomand/Saved/Autosaves/Game/Blueprints/Interactables/Waffen/BP_BaseWeapon_Auto2.uasset'
[2017.01.21-11.16.01:478][814]LogSavePackage:Display: Finished SavePackage ../../../../../../MP2/project_nomad/Project_Nomand/Saved/Autosaves/Game/Blueprints/Interactables/Waffen/BP_BaseWeapon_Auto2.uasset
[2017.01.21-11.16.01:478][814]OBJ SavePackage: Generating thumbnails for [1] asset(s) in package [/Game/Character/Animation/SwordAndShield/Combo_2_Montage] ([1] browsable assets)...
[2017.01.21-11.16.01:489][814]OBJ SavePackage:     Rendered thumbnail for [AnimMontage /Game/Character/Animation/SwordAndShield/Combo_2_Montage.Combo_2_Montage]
[2017.01.21-11.16.01:489][814]OBJ SavePackage: Finished generating thumbnails for package [/Game/Character/Animation/SwordAndShield/Combo_2_Montage]
[2017.01.21-11.16.01:512][814]LogSavePackage: Save=12.02ms
[2017.01.21-11.16.01:512][814]LogSavePackage: Moving '../../../../../../MP2/project_nomad/Project_Nomand/Saved/Combo_2_Montage_Auto2E5A55F954EB8FC379FCDB8BAE4667AB5.tmp' to '../../../../../../MP2/project_nomad/Project_Nomand/Saved/Autosaves/Game/Character/Animation/SwordAndShield/Combo_2_Montage_Auto2.uasset'
[2017.01.21-11.16.01:513][814]LogSavePackage:Display: Finished SavePackage ../../../../../../MP2/project_nomad/Project_Nomand/Saved/Autosaves/Game/Character/Animation/SwordAndShield/Combo_2_Montage_Auto2.uasset
[2017.01.21-11.16.01:513][814]LogFileHelpers: Auto-saving content packages took 1.160
[2017.01.21-11.16.11:922][846]Cmd: OBJ SAVEPACKAGE PACKAGE="/Game/Map/Map" FILE="../../../../../../MP2/project_nomad/Project_Nomand/Content/Map/Map.umap" SILENT=true AUTOSAVING=false KEEPDIRTY=false
[2017.01.21-11.16.12:744][846]LogSavePackage: Save=767.41ms
[2017.01.21-11.16.12:744][846]LogSavePackage: Moving '../../../../../../MP2/project_nomad/Project_Nomand/Saved/Map2158F9DF457F5EFDCBAD9693A7198E82.tmp' to '../../../../../../MP2/project_nomad/Project_Nomand/Content/Map/Map.umap'
[2017.01.21-11.16.12:749][846]LogSavePackage:Display: Finished SavePackage ../../../../../../MP2/project_nomad/Project_Nomand/Content/Map/Map.umap
[2017.01.21-11.18.00:208][564]LogBlueprintUserMessages: Early PlayInEditor Detection: Level '/Game/Map/Map.Map:PersistentLevel' has LevelScriptBlueprint '/Game/Map/Map.Map:PersistentLevel.Map' with GeneratedClass '/Game/Map/Map.Map_C' with ClassGeneratedBy '/Game/Map/Map.Map:PersistentLevel.Map'
[2017.01.21-11.18.00:208][564]BlueprintLog: New page: Pre-Play auto-recompile
[2017.01.21-11.18.00:219][564]LogPlayLevel: [PlayLevel] Compiling Character_Controller before play...
[2017.01.21-11.18.01:084][564]LogBlueprint:Warning: Compiler Warning 'BP Base Weapon' does not inherit from 'BP Base Item' ( Cast To BP_BaseWeapon  would always fail).
[2017.01.21-11.18.01:087][564]LogBlueprint:Warning: Compiler Warning 'BP Base Weapon' does not inherit from 'BP Base Item' ( Cast To BP_BaseWeapon  would always fail).
[2017.01.21-11.18.01:324][564]LogScript:Warning: Attempted to access missing property. If this is a packaged/cooked build, are you attempting to use an editor-only property?
	BP_BaseWeapon_C /Engine/Transient.World_6:PersistentLevel.BP_BaseWeapon_C_0
	Function /Game/Blueprints/Interactables/BP_BaseItem.BP_BaseItem_C:UserConstructionScript:0066
[2017.01.21-11.18.01:324][564]LogOutputDevice:Warning: 

Script Stack:
BP_BaseItem_C.UserConstructionScript
BP_BaseWeapon_C.UserConstructionScript

[2017.01.21-11.18.01:346][564]LogWindows: Windows GetLastError: Der Vorgang wurde erfolgreich beendet. (0)
[2017.01.21-11.18.06:644][564]LogCrashTracker: 


[2017.01.21-11.18.06:644][564]LogCrashTracker: 


[2017.01.21-11.18.06:644][564]LogWindows:Error: === Critical error: ===
Assertion failed: ContainerPtr [File:D:\Build\++UE4+Release-4.12+Compile\Sync\Engine\Source\Runtime\CoreUObject\Public\UObject\UnrealType.h] [Line: 287] 





[2017.01.21-11.18.06:686][564]LogExit: Executing StaticShutdownAfterError
[2017.01.21-11.18.06:831][564]LogWindows: FPlatformMisc::RequestExit(1)
[2017.01.21-11.18.06:831][564]Log file closed, 01/21/17 12:18:06
