Log file open, 01/31/17 22:18:53
LogInit:Display: Running engine for game: Project_Nomand
LogPlatformFile: Not using cached read wrapper
LogInit:Display: RandInit(477773861) SRandInit(477773863).
LogTaskGraph: Started task graph with 4 named threads and 9 total threads with 1 sets of task threads.
LogStats: Stats thread started at 0.095907
LogInit: Version: 4.12.5-3039270+++UE4+Release-4.12
LogInit: API Version: 2992821
LogInit: Net Version: 3039270
LogDevObjectVersion: Number of dev versions registered: 13
LogDevObjectVersion:   Dev-Blueprints (B0D832E4-1F89-4F0D-ACCF-7EB736FD4AA2): 3
LogDevObjectVersion:   Dev-Build (E1C64328-A22C-4D53-A36C-8E866417BD8C): 0
LogDevObjectVersion:   Dev-Core (375EC13C-06E4-48FB-B500-84F0262A717E): 1
LogDevObjectVersion:   Dev-Editor (E4B068ED-F494-42E9-A231-DA0B2E46BB41): 2
LogDevObjectVersion:   Dev-Framework (CFFC743F-43B0-4480-9391-14DF171D2073): 6
LogDevObjectVersion:   Dev-Mobile (B02B49B5-BB20-44E9-A304-32B752E40360): 0
LogDevObjectVersion:   Dev-Networking (A4E4105C-59A1-49B5-A7C5-40C4547EDFEE): 0
LogDevObjectVersion:   Dev-Online (39C831C9-5AE6-47DC-9A44-9C173E1C8E7C): 0
LogDevObjectVersion:   Dev-Physics (78F01B33-EBEA-4F98-B9B4-84EACCB95AA2): 0
LogDevObjectVersion:   Dev-Platform (6631380F-2D4D-43E0-8009-CF276956A95A): 0
LogDevObjectVersion:   Dev-Rendering (12F88B9F-8875-4AFC-A67C-D90C383ABD29): 2
LogDevObjectVersion:   Dev-Sequencer (7B5AE74C-D270-4C10-A958-57980B212A5A): 0
LogDevObjectVersion:   Dev-VR (D7296918-1DD6-4BDD-9DE2-64A83CC13884): 0
LogInit: Compiled (64-bit): Jul  6 2016 09:09:46
LogInit: Compiled with Visual C++: 19.00.23026.00
LogInit: Build Configuration: Development
LogInit: Branch Name: ++UE4+Release-4.12
LogInit: Command line:  
LogInit: Base directory: D:/Program Files (x86)/Epic Games/4.12/Engine/Binaries/Win64/
LogInit: Installed Engine Build: 1
LogInit: Using libcurl 7.41.0
LogInit:  - built for x86_64-pc-win32
LogInit:  - supports SSL with WinSSL
LogInit:  - other features:
LogInit:      CURL_VERSION_SSL
LogInit:      CURL_VERSION_IPV6
LogInit:      CURL_VERSION_ASYNCHDNS
LogInit:      CURL_VERSION_LARGEFILE
LogInit:      CURL_VERSION_IDN
LogInit:  CurlRequestOptions (configurable via config and command line):
LogInit:  - bVerifyPeer = true  - Libcurl will verify peer certificate
LogInit:  - bUseHttpProxy = false  - Libcurl will NOT use HTTP proxy
LogInit:  - bDontReuseConnections = false  - Libcurl will reuse connections
LogInit:  - CertBundlePath = nullptr  - Libcurl will use whatever was configured at build time.
LogInit: Presizing for max 8388607 objects, including 0 objects not considered by GC, pre-allocating 0 bytes for permanent pool.
LogInit: Object subsystem initialized
[2017.01.31-21.18.54:007][  0]LogInit: Selected Device Profile: [Windows]
[2017.01.31-21.18.54:008][  0]LogInit: Applying CVar settings loaded from the selected device profile: [Windows]
[2017.01.31-21.18.54:018][  0]LogInit: Computer: NOX-PC
[2017.01.31-21.18.54:018][  0]LogInit: User: Nox
[2017.01.31-21.18.54:018][  0]LogInit: CPU Page size=65536, Cores=6
[2017.01.31-21.18.54:018][  0]LogInit: High frequency timer resolution =3.233408 MHz
[2017.01.31-21.18.54:018][  0]LogMemory: Memory total: Physical=8.0GB (8GB approx)
[2017.01.31-21.18.54:018][  0]LogMemory: Platform Memory Stats for Windows
[2017.01.31-21.18.54:018][  0]LogMemory: Process Physical Memory: 192.71 MB used, 192.71 MB peak
[2017.01.31-21.18.54:018][  0]LogMemory: Process Virtual Memory: 196.56 MB used, 196.56 MB peak
[2017.01.31-21.18.54:018][  0]LogMemory: Physical Memory: 4160.25 MB used, 8190.18 MB total
[2017.01.31-21.18.54:018][  0]LogMemory: Virtual Memory: 523.09 MB used, 8388608.00 MB total
[2017.01.31-21.18.54:084][  0]LogTextLocalizationManager: No translations for ('de-DE') exist, falling back to 'en' for localization and internationalization data.
[2017.01.31-21.18.54:876][  0]LogD3D11RHI: D3D11 adapters:
[2017.01.31-21.18.54:904][  0]LogD3D11RHI:    0. 'NVIDIA GeForce GTX 650 Ti' (Feature Level 11_0)
[2017.01.31-21.18.54:904][  0]LogD3D11RHI:       1989/0/3839 MB DedicatedVideo/DedicatedSystem/SharedSystem, Outputs:2, VendorId:0x10de
[2017.01.31-21.18.54:904][  0]LogD3D11RHI: Chosen D3D11 Adapter: 0
[2017.01.31-21.18.54:912][  0]LogD3D11RHI: Creating new Direct3DDevice
[2017.01.31-21.18.54:912][  0]LogD3D11RHI:     GPU DeviceId: 0x11c6 (for the marketing name, search the web for "GPU Device Id")
[2017.01.31-21.18.54:912][  0]LogWindows: EnumDisplayDevices:
[2017.01.31-21.18.54:912][  0]LogWindows:    0. 'NVIDIA GeForce GTX 650 Ti' (P:1 D:1)
[2017.01.31-21.18.54:912][  0]LogWindows:    1. 'NVIDIA GeForce GTX 650 Ti' (P:0 D:1)
[2017.01.31-21.18.54:912][  0]LogWindows:    2. 'NVIDIA GeForce GTX 650 Ti' (P:0 D:0)
[2017.01.31-21.18.54:913][  0]LogWindows:    3. 'NVIDIA GeForce GTX 650 Ti' (P:0 D:0)
[2017.01.31-21.18.54:913][  0]LogWindows:    4. 'RDPDD Chained DD' (P:0 D:0)
[2017.01.31-21.18.54:913][  0]LogWindows:    5. 'RDP Encoder Mirror Driver' (P:0 D:0)
[2017.01.31-21.18.54:913][  0]LogWindows:    6. 'RDP Reflector Display Driver' (P:0 D:0)
[2017.01.31-21.18.54:913][  0]LogWindows: DebugString: GetVideoDriverDetailsInvalid PrimaryIsNotTheChoosenAdapter GetVideoDriverDetailsInvalid PrimaryIsNotTheChoosenAdapter GetVideoDriverDetailsInvalid PrimaryIsNotTheChoosenAdapter FoundDriverCount:4 
[2017.01.31-21.18.54:913][  0]LogD3D11RHI:     Adapter Name: NVIDIA GeForce GTX 650 Ti
[2017.01.31-21.18.54:913][  0]LogD3D11RHI:   Driver Version: 372.54 (internal:21.21.13.7254, unified:372.54)
[2017.01.31-21.18.54:913][  0]LogD3D11RHI:      Driver Date: 8-11-2016
[2017.01.31-21.18.54:913][  0]LogRHI: Texture pool is 1361 MB (70% of 1945 MB)
[2017.01.31-21.18.54:924][  0]LogD3D11RHI: Async texture creation enabled
[2017.01.31-21.18.54:940][  0]LogD3D11RHI: GPU Timing Frequency: 1000.000000 (Debug: 2 2)
[2017.01.31-21.18.54:940][  0]LogShaderCompilers: Guid format shader working directory is -24 characters bigger than the processId version (C:/Users/Nox/Documents/Unreal Projects/project_nomad/Project_Nomand/Intermediate/Shaders/WorkingDirectory/10120/).
[2017.01.31-21.18.54:940][  0]LogShaderCompilers: Cleaned the shader compiler working directory 'C:/Users/Nox/AppData/Local/Temp/UnrealShaderWorkingDir/E77C985E44AA407A4E266CBD014E69A9/'.
[2017.01.31-21.18.54:940][  0]LogShaderCompilers:Display: Using Local Shader Compiler.
[2017.01.31-21.18.59:671][  0]LogTemp:Display: Loaded TP AllDesktopTargetPlatform
[2017.01.31-21.18.59:695][  0]LogTemp:Display: Loaded TP WindowsClientTargetPlatform
[2017.01.31-21.18.59:718][  0]LogTemp:Display: Loaded TP WindowsNoEditorTargetPlatform
[2017.01.31-21.18.59:743][  0]LogTemp:Display: Loaded TP WindowsServerTargetPlatform
[2017.01.31-21.18.59:758][  0]LogTemp:Display: Loaded TP WindowsTargetPlatform
[2017.01.31-21.18.59:769][  0]LogTemp:Display: Loaded TP AndroidTargetPlatform
[2017.01.31-21.18.59:780][  0]LogTemp:Display: Loaded TP Android_ASTCTargetPlatform
[2017.01.31-21.18.59:791][  0]LogTemp:Display: Loaded TP Android_ATCTargetPlatform
[2017.01.31-21.18.59:802][  0]LogTemp:Display: Loaded TP Android_DXTTargetPlatform
[2017.01.31-21.18.59:813][  0]LogTemp:Display: Loaded TP Android_ETC1TargetPlatform
[2017.01.31-21.18.59:824][  0]LogTemp:Display: Loaded TP Android_ETC2TargetPlatform
[2017.01.31-21.18.59:846][  0]LogTemp:Display: Loaded TP Android_MultiTargetPlatform
[2017.01.31-21.18.59:846][  0]LogTemp:Display: Loaded TP Android_PVRTCTargetPlatform
[2017.01.31-21.18.59:847][  0]LogTemp:Display: Loaded TP HTML5TargetPlatform
[2017.01.31-21.18.59:890][  0]LogTemp:Display: Loaded TP IOSTargetPlatform
[2017.01.31-21.18.59:900][  0]LogTemp:Display: Loaded TP TVOSTargetPlatform
[2017.01.31-21.18.59:911][  0]LogTemp:Display: Loaded TP LinuxNoEditorTargetPlatform
[2017.01.31-21.18.59:922][  0]LogTemp:Display: Loaded TP LinuxServerTargetPlatform
[2017.01.31-21.18.59:939][  0]LogTemp:Display: Loaded TP LinuxTargetPlatform
[2017.01.31-21.18.59:939][  0]LogTargetPlatformManager:Display: Building Assets For Windows
[2017.01.31-21.19.00:380][  0]LogDerivedDataCache:Display: Max Cache Size: 512 MB
[2017.01.31-21.19.00:998][  0]LogDerivedDataCache: Loaded boot cache 0.62s 48MB C:/Users/Nox/AppData/Local/UnrealEngine/4.12/DerivedDataCache/Boot.ddc.
[2017.01.31-21.19.00:998][  0]LogDerivedDataCache:Display: Loaded Boot cache: C:/Users/Nox/AppData/Local/UnrealEngine/4.12/DerivedDataCache/Boot.ddc
[2017.01.31-21.19.01:000][  0]LogDerivedDataCache: FDerivedDataBackendGraph:  Pak pak cache file C:/Users/Nox/Documents/Unreal Projects/project_nomad/Project_Nomand/DerivedDataCache/DDC.ddp not found, will not use a pak cache.
[2017.01.31-21.19.01:000][  0]LogDerivedDataCache: Unable to find inner node Pak for hierarchical cache Hierarchy.
[2017.01.31-21.19.01:000][  0]LogDerivedDataCache: FDerivedDataBackendGraph:  CompressedPak pak cache file C:/Users/Nox/Documents/Unreal Projects/project_nomad/Project_Nomand/DerivedDataCache/Compressed.ddp not found, will not use a pak cache.
[2017.01.31-21.19.01:000][  0]LogDerivedDataCache: Unable to find inner node CompressedPak for hierarchical cache Hierarchy.
[2017.01.31-21.19.01:058][  0]LogDerivedDataCache:Display: Pak cache opened for reading ../../../Engine/DerivedDataCache/Compressed.ddp.
[2017.01.31-21.19.01:069][  0]LogDerivedDataCache: Using Local data cache path C:/Users/Nox/AppData/Local/UnrealEngine/Common/DerivedDataCache: Writable
[2017.01.31-21.19.06:675][  0]LogInit: Selected Device Profile: [Windows]
[2017.01.31-21.19.06:703][  0]LogContentStreaming: Texture pool size is 0.00 MB
[2017.01.31-21.19.08:552][  0]LogMeshUtilities: No automatic mesh reduction module available
[2017.01.31-21.19.08:552][  0]LogMeshUtilities: No automatic mesh merging module available
[2017.01.31-21.19.08:552][  0]LogMeshUtilities: No distributed automatic mesh merging module available
[2017.01.31-21.19.12:404][  0]LogAssetRegistry: FAssetRegistry took 0.0243 seconds to start up
[2017.01.31-21.19.12:494][  0]LogPackageLocalizationCache: Processed 3 localized package path(s) for 1 prioritized culture(s) in 0.061355 seconds
[2017.01.31-21.19.12:525][  0]LogUObjectArray: 28739 objects as part of root set at end of initial load.
[2017.01.31-21.19.12:526][  0]LogUObjectAllocator: 5855624 out of 0 bytes used by permanent object pool.
[2017.01.31-21.19.12:526][  0]LogUObjectArray: CloseDisregardForGC: 0/0 objects in disregard for GC pool
[2017.01.31-21.19.12:657][  0]LogInit: WinSock: version 1.1 (2.2), MaxSocks=32767, MaxUdp=65467
[2017.01.31-21.19.22:940][  0]LogSlate: SlateFontCache - WITH_FREETYPE: 1, WITH_HARFBUZZ: 1
[2017.01.31-21.19.22:940][  0]LogSlate: SlateFontCache - WITH_FREETYPE: 1, WITH_HARFBUZZ: 1
[2017.01.31-21.19.36:895][  0]LogUdpMessaging: Initializing bridge on interface 0.0.0.0:0 to multicast group 230.0.0.1:6666.
[2017.01.31-21.19.38:264][  0]SourceControl: Info Source control is disabled
[2017.01.31-21.19.39:887][  0]LogEngine: Initializing Engine...
[2017.01.31-21.19.39:958][  0]LogHMD: SteamVR failed to initialize.  Err: 110
[2017.01.31-21.19.39:960][  0]LogHMD: SteamVR failed to initialize.  Err: 110
[2017.01.31-21.19.40:597][  0]LogAIModule: Creating AISystem for world NewWorld
[2017.01.31-21.19.40:672][  0]LogInit: XAudio2 using 'Lautsprecher (VIA High Definition Audio)' : 2 channels at 48 kHz using 32 bits per sample (channel mask 0x3)
[2017.01.31-21.19.40:709][  0]LogInit: FAudioDevice initialized.
[2017.01.31-21.19.40:764][  0]LogDerivedDataCache: Saved boot cache 0.05s 48MB C:/Users/Nox/AppData/Local/UnrealEngine/4.12/DerivedDataCache/Boot.ddc.
[2017.01.31-21.19.40:781][  0]LogInit: Texture streaming: Enabled
[2017.01.31-21.19.40:973][  0]LogInit: Transaction tracking system initialized
[2017.01.31-21.19.41:375][  0]BlueprintLog: New page: Editor Load
[2017.01.31-21.19.42:554][  0]LocalizationService: Info Localization service is disabled
[2017.01.31-21.19.43:182][  0]LogConsoleResponse:Display: 
[2017.01.31-21.19.44:501][  0]LogFileCache: Scanning file cache for directory 'C:/Users/Nox/Documents/Unreal Projects/project_nomad/Project_Nomand/Content/' took 0.04s
[2017.01.31-21.19.44:501][  0]LogCook:Display: Max memory allowance for cook 8192mb
[2017.01.31-21.19.44:502][  0]LogCook:Display: Mobile HDR setting 1
[2017.01.31-21.19.46:041][  0]Cmd: MAP LOAD FILE="C:/Users/Nox/Documents/Unreal Projects/project_nomad/Project_Nomand/Content/Map/Map.umap" TEMPLATE=0 SHOWPROGRESS=1 FEATURELEVEL=3
[2017.01.31-21.19.46:070][  0]LightingResults: New page: Lighting Build
[2017.01.31-21.19.46:137][  0]MapCheck: New page: Map Check
[2017.01.31-21.19.46:137][  0]LightingResults: New page: Lighting Build
[2017.01.31-21.19.49:580][  0]LogBlueprint:Warning: ValidateTemplates '/Game/AI/AI_Greater_Spider_Child.AI_Greater_Spider_Child_C:InheritableComponentHandler': overridden template is invalid - component 'None' from '/Game/AI/AI_Greater_Spider.AI_Greater_Spider_C'
[2017.01.31-21.19.59:194][  0]LogStaticMesh: Building static mesh Arm...
[2017.01.31-21.19.59:228][  0]LogStaticMesh: Built static mesh [0.08s] /Game/Models/Rüstung/Arm/Arm.Arm
[2017.01.31-21.19.59:229][  0]LogStaticMesh: Building static mesh SK_Blade_BlackKnight...
[2017.01.31-21.19.59:269][  0]LogStaticMesh: Built static mesh [0.04s] /Game/Models/Waffen/Blade_BlackKnight/SK_Blade_BlackKnight.SK_Blade_BlackKnight
[2017.01.31-21.19.59:269][  0]LogStaticMesh: Building static mesh SK_Blade_BlackWyrmBlade...
[2017.01.31-21.19.59:286][  0]LogStaticMesh: Built static mesh [0.02s] /Game/Models/Waffen/Blade_BlackWyrmBlade/SK_Blade_BlackWyrmBlade.SK_Blade_BlackWyrmBlade
[2017.01.31-21.19.59:290][  0]LogStaticMesh: Building static mesh SK_Blade_Glimmer...
[2017.01.31-21.19.59:302][  0]LogStaticMesh: Built static mesh [0.02s] /Game/Models/Waffen/Blade_Glimmer/SK_Blade_Glimmer.SK_Blade_Glimmer
[2017.01.31-21.19.59:309][  0]LogStaticMesh: Building static mesh Brust_static...
[2017.01.31-21.19.59:373][  0]LogStaticMesh: Built static mesh [0.07s] /Game/Models/Rüstung/chest/Brust_static.Brust_static
[2017.01.31-21.19.59:388][  0]LogStaticMesh: Building static mesh Helm...
[2017.01.31-21.19.59:421][  0]LogStaticMesh: Built static mesh [0.04s] /Game/Models/Rüstung/Helm/Helm.Helm
[2017.01.31-21.19.59:422][  0]LogStaticMesh: Building static mesh SK_Blade_HeroSword11...
[2017.01.31-21.19.59:447][  0]LogStaticMesh: Built static mesh [0.03s] /Game/Models/Waffen/Blade_HeroSword11/SK_Blade_HeroSword11.SK_Blade_HeroSword11
[2017.01.31-21.19.59:504][  0]LogStaticMesh: Building static mesh Schulter...
[2017.01.31-21.19.59:511][  0]LogStaticMesh: Built static mesh [0.02s] /Game/Models/Rüstung/Schulter/Schulter.Schulter
[2017.01.31-21.20.00:748][  0]LogTexture:Display: Building textures: sk_blade_blackknight (AutoDXT)
[2017.01.31-21.20.00:877][  0]LogTexture:Display: Building textures: CharakterMenüHintergrund (BGRA8)
[2017.01.31-21.20.00:994][  0]LogTexture:Display: Building textures: InventarHintergrundHeller (AutoDXT)
[2017.01.31-21.20.01:717][  0]LogTexture:Display: Building textures: over (AutoDXT)
[2017.01.31-21.20.04:734][  0]LogTexture:Display: Building textures: scroll (BGRA8)
[2017.01.31-21.20.05:604][  0]LogTexture:Display: Building textures: Button (AutoDXT)
[2017.01.31-21.20.06:071][  0]LogMaterial: Missing cached shader map for material M_Metal_Rust, compiling. 
[2017.01.31-21.20.06:358][  0]LogTexture:Display: Building textures: sk_blade_herosword11_icon (AutoDXT)
[2017.01.31-21.20.08:182][  0]LogTexture:Display: Building textures: arm_icon (AutoDXT)
[2017.01.31-21.20.08:257][  0]LogMaterial: Missing cached shader map for material M_Metal_Copper, compiling. 
[2017.01.31-21.20.08:577][  0]LogTexture:Display: Building textures: sk_blade_glimmer_Icon (AutoDXT)
[2017.01.31-21.20.08:740][  0]LogTexture:Display: Building textures: sk_blade_blackwyrmblade_icon (AutoDXT)
[2017.01.31-21.20.08:983][  0]LogTexture:Display: Building textures: schulter_icon (AutoDXT)
[2017.01.31-21.20.09:054][  0]LogTexture:Display: Building textures: boots_icon (AutoDXT)
[2017.01.31-21.20.09:292][  0]LogTexture:Display: Building textures: T_Metal_Steel_N (BC5)
[2017.01.31-21.20.10:272][  0]LogTexture:Display: Building textures: T_Metal_Steel_D (AutoDXT)
[2017.01.31-21.20.13:689][  0]LogTexture:Display: Building textures: helm_icon (AutoDXT)
[2017.01.31-21.20.13:746][  0]LogTexture:Display: Building textures: hose_icon (AutoDXT)
[2017.01.31-21.20.13:798][  0]LogTexture:Display: Building textures: ruestung (AutoDXT)
[2017.01.31-21.20.14:415][  0]LogStaticMesh: Building static mesh Wand...
[2017.01.31-21.20.14:451][  0]LogStaticMesh: Built static mesh [0.05s] /Game/Models/Wand/Wand.Wand
[2017.01.31-21.20.14:470][  0]LogStaticMesh: Building static mesh Holzkiste...
[2017.01.31-21.20.14:545][  0]LogStaticMesh: Built static mesh [0.08s] /Game/Models/Kisten/Holzkiste.Holzkiste
[2017.01.31-21.20.16:240][  0]LogAIModule: Creating AISystem for world Map
[2017.01.31-21.20.19:393][  0]LogEditorServer: Finished looking for orphan Actors (0.000 secs)
[2017.01.31-21.20.19:456][  0]Cmd: MAP CHECKDEP NOCLEARLOG
[2017.01.31-21.20.19:579][  0]MapCheck: Info Map check complete: 0 Error(s), 0 Warning(s), took 122.105ms to complete.
[2017.01.31-21.20.19:579][  0]LogFileHelpers: Loading map 'Map' took 33.537
[2017.01.31-21.20.21:265][  0]LogCollectionManager: Loaded 0 collections in 0.002603 seconds
[2017.01.31-21.20.21:440][  0]LogFileCache: Scanning file cache for directory 'C:/Users/Nox/Documents/Unreal Projects/project_nomad/Project_Nomand/Saved/Collections/' took 0.01s
[2017.01.31-21.20.21:440][  0]LogFileCache: Scanning file cache for directory 'C:/Users/Nox/Documents/Unreal Projects/project_nomad/Project_Nomand/Content/Developers/Nox/Collections/' took 0.01s
[2017.01.31-21.20.21:440][  0]LogFileCache: Scanning file cache for directory 'C:/Users/Nox/Documents/Unreal Projects/project_nomad/Project_Nomand/Content/Collections/' took 0.00s
[2017.01.31-21.20.21:440][  0]LogCollectionManager: Rebuilt the GUID cache for 0 collections in 0.000003 seconds
[2017.01.31-21.20.21:457][  0]LogContentBrowser: Native class hierarchy populated in 0.0170 seconds. Added 2047 classes and 369 folders.
[2017.01.31-21.20.21:528][  0]LogStats: UGameplayTagsManager::ConstructGameplayTagTree: Construct from data asset -  0.010 s
[2017.01.31-21.20.21:543][  0]LogStats: UGameplayTagsManager::ConstructGameplayTagTree: GameplayTagTreeChangedEvent.Broadcast -  0.014 s
[2017.01.31-21.20.21:551][  0]LogContentBrowser: Native class hierarchy updated for 'GameplayTags' in 0.0008 seconds. Added 12 classes and 0 folders.
[2017.01.31-21.20.21:597][  0]LogContentBrowser: Native class hierarchy updated for 'WidgetCarousel' in 0.0007 seconds. Added 0 classes and 0 folders.
[2017.01.31-21.20.22:337][  0]LogContentBrowser: Native class hierarchy updated for 'AddContentDialog' in 0.0007 seconds. Added 0 classes and 0 folders.
[2017.01.31-21.20.22:402][  0]LogContentBrowser: Native class hierarchy updated for 'SceneOutliner' in 0.0008 seconds. Added 1 classes and 2 folders.
[2017.01.31-21.20.22:788][  0]LogCrashTracker: Crashtracker disabled due to settings.
[2017.01.31-21.20.23:290][  0]LogContentBrowser: Native class hierarchy updated for 'HierarchicalLODOutliner' in 0.0007 seconds. Added 1 classes and 2 folders.
[2017.01.31-21.20.23:290][  0]LogLoad: Full Startup: 90.11 seconds (BP compile: 1.96 seconds)
[2017.01.31-21.20.23:290][  0]LogExternalProfiler: No external profilers were discovered.  External profiling features will not be available.
[2017.01.31-21.20.23:308][  0]LogOcInput: OculusInput pre-init called
[2017.01.31-21.20.23:484][  0]LogContentStreaming: Texture pool size now 1000 MB
[2017.01.31-21.20.23:749][  0]LogRenderer: Reallocating scene render targets to support 512x512 (Frame:1).
[2017.01.31-21.20.24:306][  0]LogRenderer: Reallocating scene render targets to support 1292x640 (Frame:2).
[2017.01.31-21.20.24:415][  1]Cmd: UpdateLandscapeEditorData -warnings
[2017.01.31-21.20.25:047][  5]LogAssetRegistry: Asset discovery search completed in 72.6635 seconds
[2017.01.31-21.20.25:047][  5]LogCollectionManager: Rebuilt the object cache for 0 collections in 0.000002 seconds (found 0 objects)
[2017.01.31-21.20.25:063][  5]LogCollectionManager: Fixed up redirectors for 0 collections in 0.015008 seconds (updated 0 objects)
[2017.01.31-21.20.47:067][564]LogBlueprintUserMessages: Early PlayInEditor Detection: Level '/Game/Map/Map.Map:PersistentLevel' has LevelScriptBlueprint '/Game/Map/Map.Map:PersistentLevel.Map' with GeneratedClass '/Game/Map/Map.Map_C' with ClassGeneratedBy '/Game/Map/Map.Map:PersistentLevel.Map'
[2017.01.31-21.20.47:075][564]LogPlayLevel: PlayLevel: No blueprints needed recompiling
[2017.01.31-21.20.47:155][564]PIE: New page: PIE session: Map (Jan 31, 2017, 11:20:47 PM)
[2017.01.31-21.20.47:155][564]LogPlayLevel: Creating play world package: /Game/Map/UEDPIE_0_Map
[2017.01.31-21.20.47:299][564]LogPlayLevel: PIE: StaticDuplicateObject took: (0.143686s)
[2017.01.31-21.20.47:300][564]LogAIModule: Creating AISystem for world Map
[2017.01.31-21.20.47:300][564]LogPlayLevel: PIE: World Init took: (0.001112s)
[2017.01.31-21.20.47:309][564]LogPlayLevel: PIE: Created PIE world by copying editor world from /Game/Map/Map.Map to /Game/Map/UEDPIE_0_Map.Map (0.153472s)
[2017.01.31-21.20.47:481][564]LogInit: XAudio2 using 'Lautsprecher (VIA High Definition Audio)' : 2 channels at 48 kHz using 32 bits per sample (channel mask 0x3)
[2017.01.31-21.20.47:507][564]LogInit: FAudioDevice initialized.
[2017.01.31-21.20.47:707][564]LogWorld: Game class is 'GameMode'
[2017.01.31-21.20.48:806][564]LogWorld: Bringing World /Game/Map/UEDPIE_0_Map.Map up for play (max tick rate 0) at 2017.01.31-22.20.48
[2017.01.31-21.20.48:931][564]LogWorld: Bringing up level for play took: 1.194923
[2017.01.31-21.20.49:018][564]LogContentBrowser: Native class hierarchy updated for 'MovieSceneCapture' in 0.0006 seconds. Added 11 classes and 0 folders.
[2017.01.31-21.20.49:103][564]LogSpawn:Warning: SpawnActor failed because of collision at the spawn location [X=8125.000 Y=955.000 Z=-40.000] for [AI_Greater_Spider_C]
[2017.01.31-21.20.49:116][564]PIE: Info Play in editor start time for /Game/Map/UEDPIE_0_Map 2.614
[2017.01.31-21.20.49:116][564]LogBlueprintUserMessages: Late PlayInEditor Detection: Level '/Game/Map/Map.Map:PersistentLevel' has LevelScriptBlueprint '/Game/Map/Map.Map:PersistentLevel.Map' with GeneratedClass '/Game/Map/Map.Map_C' with ClassGeneratedBy '/Game/Map/Map.Map:PersistentLevel.Map'
[2017.01.31-21.20.49:261][565]LogCharacterMovement:Warning: GetSimulationTimeStep() - Max iterations 8 hit while remaining time 0.065188 > MaxSimulationTimeStep (0.050) for 'Character_Controller_536', movement 'Walking'
[2017.01.31-21.20.52:714][663]LogBlueprintUserMessages: [Spawner_78] 0
[2017.01.31-21.20.52:715][663]LogSpawn:Warning: SpawnActor failed because of collision at the spawn location [X=8125.000 Y=955.000 Z=-40.000] for [AI_Greater_Spider_C]
[2017.01.31-21.20.56:445][763]LogBlueprintUserMessages: [Spawner_78] 0
[2017.01.31-21.20.56:446][763]LogSpawn:Warning: SpawnActor failed because of collision at the spawn location [X=8125.000 Y=955.000 Z=-40.000] for [AI_Greater_Spider_C]
[2017.01.31-21.21.01:216][863]LogBlueprintUserMessages: [Spawner_78] 0
[2017.01.31-21.21.01:217][863]LogSpawn:Warning: SpawnActor failed because of collision at the spawn location [X=8125.000 Y=955.000 Z=-40.000] for [AI_Greater_Spider_C]
[2017.01.31-21.21.04:836][963]LogBlueprintUserMessages: [Spawner_78] 0
[2017.01.31-21.21.04:838][963]LogSpawn:Warning: SpawnActor failed because of collision at the spawn location [X=8125.000 Y=955.000 Z=-40.000] for [AI_Greater_Spider_C]
[2017.01.31-21.21.07:867][ 63]LogBlueprintUserMessages: [Spawner_78] 0
[2017.01.31-21.21.07:868][ 63]LogSpawn:Warning: SpawnActor failed because of collision at the spawn location [X=8125.000 Y=955.000 Z=-40.000] for [AI_Greater_Spider_C]
[2017.01.31-21.21.11:331][163]LogBlueprintUserMessages: [Spawner_78] 0
[2017.01.31-21.21.11:332][163]LogSpawn:Warning: SpawnActor failed because of collision at the spawn location [X=8125.000 Y=955.000 Z=-40.000] for [AI_Greater_Spider_C]
[2017.01.31-21.21.14:111][263]LogBlueprintUserMessages: [Spawner_78] 0
[2017.01.31-21.21.14:112][263]LogSpawn:Warning: SpawnActor failed because of collision at the spawn location [X=8125.000 Y=955.000 Z=-40.000] for [AI_Greater_Spider_C]
[2017.01.31-21.21.16:687][363]LogBlueprintUserMessages: [Spawner_78] 0
[2017.01.31-21.21.16:688][363]LogSpawn:Warning: SpawnActor failed because of collision at the spawn location [X=8125.000 Y=955.000 Z=-40.000] for [AI_Greater_Spider_C]
[2017.01.31-21.21.19:130][463]LogBlueprintUserMessages: [Spawner_78] 0
[2017.01.31-21.21.19:131][463]LogSpawn:Warning: SpawnActor failed because of collision at the spawn location [X=8125.000 Y=955.000 Z=-40.000] for [AI_Greater_Spider_C]
[2017.01.31-21.21.21:802][563]LogBlueprintUserMessages: [Spawner_78] 0
[2017.01.31-21.21.21:803][563]LogSpawn:Warning: SpawnActor failed because of collision at the spawn location [X=8125.000 Y=955.000 Z=-40.000] for [AI_Greater_Spider_C]
[2017.01.31-21.21.24:490][663]LogBlueprintUserMessages: [Spawner_78] 0
[2017.01.31-21.21.24:492][663]LogSpawn:Warning: SpawnActor failed because of collision at the spawn location [X=8125.000 Y=955.000 Z=-40.000] for [AI_Greater_Spider_C]
[2017.01.31-21.21.27:193][763]LogBlueprintUserMessages: [Spawner_78] 0
[2017.01.31-21.21.27:194][763]LogSpawn:Warning: SpawnActor failed because of collision at the spawn location [X=8125.000 Y=955.000 Z=-40.000] for [AI_Greater_Spider_C]
[2017.01.31-21.21.29:229][838]LogBlueprintUserMessages: Early EndPlayMap Detection: Level '/Game/Map/Map.Map:PersistentLevel' has LevelScriptBlueprint '/Game/Map/Map.Map:PersistentLevel.Map' with GeneratedClass '/Game/Map/Map.Map_C' with ClassGeneratedBy '/Game/Map/Map.Map:PersistentLevel.Map'
[2017.01.31-21.21.29:308][838]LogBlueprintUserMessages: Late EndPlayMap Detection: Level '/Game/Map/Map.Map:PersistentLevel' has LevelScriptBlueprint '/Game/Map/Map.Map:PersistentLevel.Map' with GeneratedClass '/Game/Map/Map.Map_C' with ClassGeneratedBy '/Game/Map/Map.Map:PersistentLevel.Map'
[2017.01.31-21.21.33:918][  1]LogEditorViewport: Clicking on Actor (LMB): DM_wall_C (DM_wall)
[2017.01.31-21.21.43:708][293]Cmd: QUIT_EDITOR
[2017.01.31-21.21.43:786][293]LogExit: Preparing to exit.
[2017.01.31-21.21.44:162][293]LogExit: Editor shut down
[2017.01.31-21.21.44:163][293]LogExit: Transaction tracking system shut down
[2017.01.31-21.21.44:433][293]LogObj: Freed 0b from 0 cluster array pools.
[2017.01.31-21.21.44:434][293]LogExit: Object subsystem successfully closed.
[2017.01.31-21.21.44:544][293]LogD3D11RHI: Shutdown
[2017.01.31-21.21.44:552][293]LogD3D11RHI: CleanupD3DDevice
[2017.01.31-21.21.44:688][293]LogD3D11RHI: ~FD3D11DynamicRHI
[2017.01.31-21.21.45:001][293]LogModuleManager: Shutting down and abandoning module MovieSceneCapture (214)
[2017.01.31-21.21.45:002][293]LogModuleManager: Shutting down and abandoning module HierarchicalLODOutliner (213)
[2017.01.31-21.21.45:012][293]LogModuleManager: Shutting down and abandoning module CrashTracker (212)
[2017.01.31-21.21.45:012][293]LogModuleManager: Shutting down and abandoning module SceneOutliner (211)
[2017.01.31-21.21.45:012][293]LogModuleManager: Shutting down and abandoning module WidgetCarousel (210)
[2017.01.31-21.21.45:012][293]LogModuleManager: Shutting down and abandoning module AddContentDialog (209)
[2017.01.31-21.21.45:031][293]LogModuleManager: Shutting down and abandoning module GameplayTags (208)
[2017.01.31-21.21.45:031][293]LogModuleManager: Shutting down and abandoning module EditorWidgets (207)
[2017.01.31-21.21.45:031][293]LogModuleManager: Shutting down and abandoning module CollectionManager (206)
[2017.01.31-21.21.45:032][293]LogModuleManager: Shutting down and abandoning module StatsViewer (205)
[2017.01.31-21.21.45:044][293]LogModuleManager: Shutting down and abandoning module FoliageEdit (204)
[2017.01.31-21.21.45:044][293]LogModuleManager: Shutting down and abandoning module LandscapeEditor (203)
[2017.01.31-21.21.45:053][293]LogModuleManager: Shutting down and abandoning module SceneDepthPickerMode (202)
[2017.01.31-21.21.45:053][293]LogModuleManager: Shutting down and abandoning module ActorPickerMode (201)
[2017.01.31-21.21.45:053][293]LogModuleManager: Shutting down and abandoning module GeometryMode (200)
[2017.01.31-21.21.45:053][293]LogModuleManager: Shutting down and abandoning module TextureAlignMode (199)
[2017.01.31-21.21.45:053][293]LogModuleManager: Shutting down and abandoning module BspMode (198)
[2017.01.31-21.21.45:053][293]LogModuleManager: Shutting down and abandoning module HardwareSurvey (197)
[2017.01.31-21.21.45:053][293]LogModuleManager: Shutting down and abandoning module SequenceRecorderSections (196)
[2017.01.31-21.21.45:053][293]LogModuleManager: Shutting down and abandoning module SequenceRecorder (195)
[2017.01.31-21.21.45:063][293]LogModuleManager: Shutting down and abandoning module AutomationWorker (194)
[2017.01.31-21.21.45:063][293]LogModuleManager: Shutting down and abandoning module MatineeToLevelSequence (193)
[2017.01.31-21.21.45:063][293]LogModuleManager: Shutting down and abandoning module PlacementMode (192)
[2017.01.31-21.21.45:072][293]LogModuleManager: Shutting down and abandoning module LevelSequenceEditor (191)
[2017.01.31-21.21.45:073][293]LogModuleManager: Shutting down and abandoning module CharacterAI (190)
[2017.01.31-21.21.45:073][293]LogModuleManager: Shutting down and abandoning module SmartSnapping (189)
[2017.01.31-21.21.45:073][293]LogModuleManager: Shutting down and abandoning module SessionServices (188)
[2017.01.31-21.21.45:073][293]LogModuleManager: Shutting down and abandoning module ViewportSnapping (187)
[2017.01.31-21.21.45:073][293]LogModuleManager: Shutting down and abandoning module LogVisualizer (186)
[2017.01.31-21.21.45:078][293]LogModuleManager: Shutting down and abandoning module GameProjectGeneration (185)
[2017.01.31-21.21.45:088][293]LogModuleManager: Shutting down and abandoning module IntroTutorials (184)
[2017.01.31-21.21.45:088][293]LogModuleManager: Shutting down and abandoning module EditorLiveStreaming (183)
[2017.01.31-21.21.45:088][293]LogModuleManager: Shutting down and abandoning module IOSPlatformEditor (182)
[2017.01.31-21.21.45:088][293]LogModuleManager: Shutting down and abandoning module HTML5PlatformEditor (181)
[2017.01.31-21.21.45:088][293]LogModuleManager: Shutting down and abandoning module AndroidDeviceDetection (180)
[2017.01.31-21.21.45:931][293]LogModuleManager: Shutting down and abandoning module AndroidPlatformEditor (179)
[2017.01.31-21.21.45:931][293]LogModuleManager: Shutting down and abandoning module IOSRuntimeSettings (178)
[2017.01.31-21.21.45:931][293]LogModuleManager: Shutting down and abandoning module AndroidRuntimeSettings (177)
[2017.01.31-21.21.45:931][293]LogModuleManager: Shutting down and abandoning module MergeActors (176)
[2017.01.31-21.21.45:943][293]LogModuleManager: Shutting down and abandoning module SizeMap (175)
[2017.01.31-21.21.45:943][293]LogModuleManager: Shutting down and abandoning module TreeMap (174)
[2017.01.31-21.21.45:943][293]LogModuleManager: Shutting down and abandoning module ReferenceViewer (173)
[2017.01.31-21.21.45:943][293]LogModuleManager: Shutting down and abandoning module LocalizationService (172)
[2017.01.31-21.21.45:943][293]LogModuleManager: Shutting down and abandoning module LocalizationDashboard (171)
[2017.01.31-21.21.45:956][293]LogModuleManager: Shutting down and abandoning module HardwareTargeting (170)
[2017.01.31-21.21.45:956][293]LogModuleManager: Shutting down and abandoning module DeviceProfileEditor (169)
[2017.01.31-21.21.45:961][293]LogModuleManager: Shutting down and abandoning module UndoHistory (168)
[2017.01.31-21.21.45:961][293]LogModuleManager: Shutting down and abandoning module UserFeedback (167)
[2017.01.31-21.21.45:961][293]LogModuleManager: Shutting down and abandoning module XmlParser (166)
[2017.01.31-21.21.45:961][293]LogModuleManager: Shutting down and abandoning module Blutility (165)
[2017.01.31-21.21.45:961][293]LogModuleManager: Shutting down and abandoning module ProjectTargetPlatformEditor (164)
[2017.01.31-21.21.45:961][293]LogModuleManager: Shutting down and abandoning module ProjectSettingsViewer (163)
[2017.01.31-21.21.45:961][293]LogModuleManager: Shutting down and abandoning module InputBindingEditor (162)
[2017.01.31-21.21.45:969][293]LogModuleManager: Shutting down and abandoning module EditorSettingsViewer (161)
[2017.01.31-21.21.45:969][293]LogModuleManager: Shutting down and abandoning module SettingsEditor (160)
[2017.01.31-21.21.45:980][293]LogModuleManager: Shutting down and abandoning module ProjectLauncher (159)
[2017.01.31-21.21.45:999][293]LogModuleManager: Shutting down and abandoning module SessionFrontend (158)
[2017.01.31-21.21.46:004][293]LogModuleManager: Shutting down and abandoning module ProfilerClient (157)
[2017.01.31-21.21.46:027][293]LogModuleManager: Shutting down and abandoning module TargetDeviceServices (156)
[2017.01.31-21.21.46:027][293]LogModuleManager: Shutting down and abandoning module DeviceManager (155)
[2017.01.31-21.21.46:080][293]LogModuleManager: Shutting down and abandoning module AutomationController (154)
[2017.01.31-21.21.46:095][293]LogModuleManager: Shutting down and abandoning module AutomationWindow (153)
[2017.01.31-21.21.46:121][293]LogModuleManager: Shutting down and abandoning module Layers (152)
[2017.01.31-21.21.46:149][293]LogModuleManager: Shutting down and abandoning module ComponentVisualizers (151)
[2017.01.31-21.21.46:149][293]LogModuleManager: Shutting down and abandoning module DetailCustomizations (150)
[2017.01.31-21.21.46:167][293]LogModuleManager: Shutting down and abandoning module PackagesDialog (149)
[2017.01.31-21.21.46:192][293]LogModuleManager: Shutting down and abandoning module Persona (148)
[2017.01.31-21.21.46:217][293]LogModuleManager: Shutting down and abandoning module Kismet (147)
[2017.01.31-21.21.46:217][293]LogModuleManager: Shutting down and abandoning module GraphEditor (146)
[2017.01.31-21.21.46:252][293]LogModuleManager: Shutting down and abandoning module ClassViewer (145)
[2017.01.31-21.21.46:265][293]LogModuleManager: Shutting down and abandoning module Toolbox (144)
[2017.01.31-21.21.46:265][293]LogModuleManager: Shutting down and abandoning module ModuleUI (143)
[2017.01.31-21.21.46:284][293]LogModuleManager: Shutting down and abandoning module MovieSceneTools (142)
[2017.01.31-21.21.46:284][293]LogModuleManager: Shutting down and abandoning module OutputLog (141)
[2017.01.31-21.21.46:285][293]LogModuleManager: Shutting down and abandoning module GammaUI (140)
[2017.01.31-21.21.46:297][293]LogModuleManager: Shutting down and abandoning module Documentation (139)
[2017.01.31-21.21.46:297][293]LogModuleManager: Shutting down and abandoning module StreamingPauseRendering (138)
[2017.01.31-21.21.46:297][293]LogModuleManager: Shutting down and abandoning module AnalyticsET (137)
[2017.01.31-21.21.46:297][293]LogModuleManager: Shutting down and abandoning module Analytics (136)
[2017.01.31-21.21.46:297][293]LogModuleManager: Shutting down and abandoning module PortalServices (135)
[2017.01.31-21.21.46:297][293]LogModuleManager: Shutting down and abandoning module PortalRpc (134)
[2017.01.31-21.21.46:297][293]LogModuleManager: Shutting down and abandoning module MessagingRpc (133)
[2017.01.31-21.21.46:297][293]LogModuleManager: Shutting down and abandoning module GameplayDebugger (132)
[2017.01.31-21.21.46:297][293]LogModuleManager: Shutting down and abandoning module AITestSuite (131)
[2017.01.31-21.21.46:297][293]LogModuleManager: Shutting down and abandoning module AIModule (130)
[2017.01.31-21.21.46:297][293]LogModuleManager: Shutting down and abandoning module ProfilerService (129)
[2017.01.31-21.21.46:361][293]LogModuleManager: Shutting down and abandoning module TaskGraph (128)
[2017.01.31-21.21.46:380][293]LogModuleManager: Shutting down and abandoning module SlateRemote (127)
[2017.01.31-21.21.46:380][293]LogModuleManager: Shutting down and abandoning module SteamVRController (126)
[2017.01.31-21.21.46:380][293]LogModuleManager: Shutting down and abandoning module SteamVR (125)
[2017.01.31-21.21.46:380][293]LogModuleManager: Shutting down and abandoning module ProceduralMeshComponent (124)
[2017.01.31-21.21.46:380][293]LogModuleManager: Shutting down and abandoning module OculusLibrary (123)
[2017.01.31-21.21.46:380][293]LogModuleManager: Shutting down and abandoning module OculusInput (122)
[2017.01.31-21.21.46:380][293]LogModuleManager: Shutting down and abandoning module CustomMeshComponent (121)
[2017.01.31-21.21.46:380][293]LogModuleManager: Shutting down and abandoning module CableComponent (120)
[2017.01.31-21.21.46:380][293]LogModuleManager: Shutting down and abandoning module ArchVisCharacter (119)
[2017.01.31-21.21.46:380][293]LogModuleManager: Shutting down and abandoning module MediaPlayerEditor (118)
[2017.01.31-21.21.46:395][293]LogModuleManager: Shutting down and abandoning module HTML5Networking (117)
[2017.01.31-21.21.46:395][293]LogModuleManager: Shutting down and abandoning module SuperSearch (116)
[2017.01.31-21.21.46:395][293]LogModuleManager: Shutting down and abandoning module SuperSearchEditor (115)
[2017.01.31-21.21.46:395][293]LogModuleManager: Shutting down and abandoning module SpeedTreeImporter (114)
[2017.01.31-21.21.46:395][293]LogModuleManager: Shutting down and abandoning module PluginBrowser (113)
[2017.01.31-21.21.46:409][293]LogModuleManager: Shutting down and abandoning module EpicSurvey (112)
[2017.01.31-21.21.46:409][293]LogModuleManager: Shutting down and abandoning module DesktopPlatform (111)
[2017.01.31-21.21.46:409][293]LogModuleManager: Shutting down and abandoning module VisualStudioSourceCodeAccess (110)
[2017.01.31-21.21.46:409][293]LogModuleManager: Shutting down and abandoning module UObjectPlugin (109)
[2017.01.31-21.21.46:409][293]LogModuleManager: Shutting down and abandoning module SubversionSourceControl (108)
[2017.01.31-21.21.46:409][293]LogModuleManager: Shutting down and abandoning module PerforceSourceControl (107)
[2017.01.31-21.21.46:409][293]LogModuleManager: Shutting down and abandoning module SourceControl (106)
[2017.01.31-21.21.46:425][293]LogModuleManager: Shutting down and abandoning module GitSourceControl (105)
[2017.01.31-21.21.46:425][293]LogModuleManager: Shutting down and abandoning module LightPropagationVolumeEditor (104)
[2017.01.31-21.21.46:425][293]LogModuleManager: Shutting down and abandoning module PaperTiledImporter (103)
[2017.01.31-21.21.46:425][293]LogModuleManager: Shutting down and abandoning module PaperSpriteSheetImporter (102)
[2017.01.31-21.21.46:425][293]LogModuleManager: Shutting down and abandoning module MeshPaint (101)
[2017.01.31-21.21.46:433][293]LogModuleManager: Shutting down and abandoning module PixelInspectorModule (100)
[2017.01.31-21.21.46:434][293]LogModuleManager: Shutting down and abandoning module HotReload (99)
[2017.01.31-21.21.46:434][293]LogModuleManager: Shutting down and abandoning module MainFrame (98)
[2017.01.31-21.21.46:434][293]LogModuleManager: Shutting down and abandoning module LevelEditor (97)
[2017.01.31-21.21.46:436][293]LogModuleManager: Shutting down and abandoning module ContentBrowser (96)
[2017.01.31-21.21.46:437][293]LogModuleManager: Shutting down and abandoning module Paper2DEditor (95)
[2017.01.31-21.21.46:458][293]LogModuleManager: Shutting down and abandoning module UdpMessaging (94)
[2017.01.31-21.21.46:558][293]LogModuleManager: Shutting down and abandoning module LightPropagationVolumeRuntime (93)
[2017.01.31-21.21.46:558][293]LogModuleManager: Shutting down and abandoning module Paper2D (92)
[2017.01.31-21.21.46:563][293]LogModuleManager: Shutting down and abandoning module WindowsMoviePlayer (91)
[2017.01.31-21.21.46:563][293]LogModuleManager: Shutting down and abandoning module Media (90)
[2017.01.31-21.21.46:563][293]LogModuleManager: Shutting down and abandoning module WmfMedia (89)
[2017.01.31-21.21.46:564][293]LogModuleManager: Shutting down and abandoning module MediaAssets (88)
[2017.01.31-21.21.46:564][293]LogModuleManager: Shutting down and abandoning module GameLiveStreaming (87)
[2017.01.31-21.21.46:564][293]LogModuleManager: Shutting down and abandoning module GameplayTagsEditor (86)
[2017.01.31-21.21.46:564][293]LogModuleManager: Shutting down and abandoning module OnlineBlueprintSupport (85)
[2017.01.31-21.21.46:564][293]LogModuleManager: Shutting down and abandoning module VREditor (84)
[2017.01.31-21.21.46:572][293]LogModuleManager: Shutting down and abandoning module GameplayTasksEditor (83)
[2017.01.31-21.21.46:572][293]LogModuleManager: Shutting down and abandoning module PropertyEditor (82)
[2017.01.31-21.21.46:572][293]LogModuleManager: Shutting down and abandoning module BehaviorTreeEditor (81)
[2017.01.31-21.21.46:581][293]LogModuleManager: Shutting down and abandoning module FunctionalTesting (80)
[2017.01.31-21.21.46:581][293]LogModuleManager: Shutting down and abandoning module CollisionAnalyzer (79)
[2017.01.31-21.21.46:585][293]LogModuleManager: Shutting down and abandoning module Sequencer (78)
[2017.01.31-21.21.46:613][293]LogModuleManager: Shutting down and abandoning module WorkspaceMenuStructure (77)
[2017.01.31-21.21.46:613][293]LogModuleManager: Shutting down and abandoning module MessageLog (76)
[2017.01.31-21.21.46:613][293]LogModuleManager: Shutting down and abandoning module AssetTools (75)
[2017.01.31-21.21.46:645][293]LogModuleManager: Shutting down and abandoning module UMGEditor (74)
[2017.01.31-21.21.46:663][293]LogModuleManager: Shutting down and abandoning module UMG (73)
[2017.01.31-21.21.46:663][293]LogModuleManager: Shutting down and abandoning module SlateReflector (72)
[2017.01.31-21.21.46:676][293]LogModuleManager: Shutting down and abandoning module Slate (71)
[2017.01.31-21.21.46:676][293]LogModuleManager: Shutting down and abandoning module EditorStyle (70)
[2017.01.31-21.21.46:678][293]LogModuleManager: Shutting down and abandoning module SourceCodeAccess (69)
[2017.01.31-21.21.46:678][293]LogModuleManager: Shutting down and abandoning module HeadMountedDisplay (68)
[2017.01.31-21.21.46:678][293]LogModuleManager: Shutting down and abandoning module XAudio2 (67)
[2017.01.31-21.21.46:678][293]LogModuleManager: Shutting down and abandoning module Networking (65)
[2017.01.31-21.21.46:679][293]LogModuleManager: Shutting down and abandoning module Core (64)
[2017.01.31-21.21.46:679][293]LogModuleManager: Shutting down and abandoning module DirectoryWatcher (63)
[2017.01.31-21.21.46:679][293]LogModuleManager: Shutting down and abandoning module AssetRegistry (62)
[2017.01.31-21.21.46:817][293]LogModuleManager: Shutting down and abandoning module KismetCompiler (61)
[2017.01.31-21.21.46:818][293]LogModuleManager: Shutting down and abandoning module PhysXFormats (60)
[2017.01.31-21.21.46:818][293]LogModuleManager: Shutting down and abandoning module MeshUtilities (59)
[2017.01.31-21.21.46:828][293]LogModuleManager: Shutting down and abandoning module DerivedDataCache (58)
[2017.01.31-21.21.46:897][293]LogDerivedDataCache: Shutdown
[2017.01.31-21.21.46:897][293]LogModuleManager: Shutting down and abandoning module VulkanShaderFormat (57)
[2017.01.31-21.21.46:905][293]LogModuleManager: Shutting down and abandoning module ShaderFormatOpenGL (56)
[2017.01.31-21.21.46:913][293]LogModuleManager: Shutting down and abandoning module ShaderFormatD3D (55)
[2017.01.31-21.21.46:913][293]LogModuleManager: Shutting down and abandoning module MetalShaderFormat (54)
[2017.01.31-21.21.46:928][293]LogModuleManager: Shutting down and abandoning module TextureFormatUncompressed (53)
[2017.01.31-21.21.46:928][293]LogModuleManager: Shutting down and abandoning module TextureFormatPVR (52)
[2017.01.31-21.21.46:928][293]LogModuleManager: Shutting down and abandoning module TextureFormatIntelISPCTexComp (51)
[2017.01.31-21.21.46:928][293]LogModuleManager: Shutting down and abandoning module TextureFormatDXT (50)
[2017.01.31-21.21.46:928][293]LogModuleManager: Shutting down and abandoning module ImageWrapper (49)
[2017.01.31-21.21.46:928][293]LogModuleManager: Shutting down and abandoning module TextureFormatASTC (48)
[2017.01.31-21.21.46:928][293]LogModuleManager: Shutting down and abandoning module TextureFormatAndroid (47)
[2017.01.31-21.21.46:928][293]LogModuleManager: Shutting down and abandoning module AudioFormatOpus (46)
[2017.01.31-21.21.46:928][293]LogModuleManager: Shutting down and abandoning module AudioFormatOgg (45)
[2017.01.31-21.21.46:928][293]LogModuleManager: Shutting down and abandoning module AudioFormatADPCM (44)
[2017.01.31-21.21.46:928][293]LogModuleManager: Shutting down and abandoning module LinuxTargetPlatform (43)
[2017.01.31-21.21.46:928][293]LogModuleManager: Shutting down and abandoning module LinuxServerTargetPlatform (42)
[2017.01.31-21.21.46:928][293]LogModuleManager: Shutting down and abandoning module LinuxNoEditorTargetPlatform (41)
[2017.01.31-21.21.46:928][293]LogModuleManager: Shutting down and abandoning module TVOSTargetPlatform (40)
[2017.01.31-21.21.46:928][293]LogModuleManager: Shutting down and abandoning module Messaging (39)
[2017.01.31-21.21.46:928][293]LogModuleManager: Shutting down and abandoning module IOSTargetPlatform (38)
[2017.01.31-21.21.46:928][293]LogModuleManager: Shutting down and abandoning module HTML5TargetPlatform (37)
[2017.01.31-21.21.46:928][293]LogModuleManager: Shutting down and abandoning module Android_PVRTCTargetPlatform (36)
[2017.01.31-21.21.46:928][293]LogModuleManager: Shutting down and abandoning module Android_MultiTargetPlatform (35)
[2017.01.31-21.21.46:942][293]LogModuleManager: Shutting down and abandoning module Android_ETC2TargetPlatform (34)
[2017.01.31-21.21.46:942][293]LogModuleManager: Shutting down and abandoning module Android_ETC1TargetPlatform (33)
[2017.01.31-21.21.46:942][293]LogModuleManager: Shutting down and abandoning module Android_DXTTargetPlatform (32)
[2017.01.31-21.21.46:942][293]LogModuleManager: Shutting down and abandoning module Android_ATCTargetPlatform (31)
[2017.01.31-21.21.46:942][293]LogModuleManager: Shutting down and abandoning module Android_ASTCTargetPlatform (30)
[2017.01.31-21.21.46:942][293]LogModuleManager: Shutting down and abandoning module AndroidTargetPlatform (29)
[2017.01.31-21.21.46:942][293]LogModuleManager: Shutting down and abandoning module WindowsTargetPlatform (28)
[2017.01.31-21.21.46:942][293]LogModuleManager: Shutting down and abandoning module WindowsServerTargetPlatform (27)
[2017.01.31-21.21.46:943][293]LogModuleManager: Shutting down and abandoning module WindowsNoEditorTargetPlatform (26)
[2017.01.31-21.21.46:943][293]LogModuleManager: Shutting down and abandoning module WindowsClientTargetPlatform (25)
[2017.01.31-21.21.46:943][293]LogModuleManager: Shutting down and abandoning module AllDesktopTargetPlatform (24)
[2017.01.31-21.21.46:943][293]LogModuleManager: Shutting down and abandoning module TargetPlatform (23)
[2017.01.31-21.21.46:943][293]LogModuleManager: Shutting down and abandoning module InputCore (22)
[2017.01.31-21.21.46:943][293]LogModuleManager: Shutting down and abandoning module Settings (21)
[2017.01.31-21.21.46:943][293]LogModuleManager: Shutting down and abandoning module OnlineSubsystem (19)
[2017.01.31-21.21.46:943][293]LogModuleManager: Shutting down and abandoning module HTTP (18)
[2017.01.31-21.21.48:462][293]LogModuleManager: Shutting down and abandoning module XMPP (17)
[2017.01.31-21.21.48:487][293]LogModuleManager: Shutting down and abandoning module OculusRift (16)
[2017.01.31-21.21.48:503][293]LogModuleManager: Shutting down and abandoning module ExampleDeviceProfileSelector (15)
[2017.01.31-21.21.48:503][293]LogModuleManager: Shutting down and abandoning module TextureCompressor (14)
[2017.01.31-21.21.48:503][293]LogModuleManager: Shutting down and abandoning module ShaderCore (13)
[2017.01.31-21.21.48:504][293]LogModuleManager: Shutting down and abandoning module Landscape (12)
[2017.01.31-21.21.48:504][293]LogModuleManager: Shutting down and abandoning module SlateRHIRenderer (11)
[2017.01.31-21.21.48:527][293]LogModuleManager: Shutting down and abandoning module OpenGLDrv (10)
[2017.01.31-21.21.48:550][293]LogModuleManager: Shutting down and abandoning module D3D11RHI (9)
[2017.01.31-21.21.48:550][293]LogModuleManager: Shutting down and abandoning module AnimGraphRuntime (8)
[2017.01.31-21.21.48:550][293]LogModuleManager: Shutting down and abandoning module Renderer (7)
[2017.01.31-21.21.48:550][293]LogModuleManager: Shutting down and abandoning module Engine (6)
[2017.01.31-21.21.48:550][293]LogModuleManager: Shutting down and abandoning module CoreUObject (5)
[2017.01.31-21.21.48:550][293]LogModuleManager: Shutting down and abandoning module NetworkFile (4)
[2017.01.31-21.21.48:569][293]LogModuleManager: Shutting down and abandoning module StreamingFile (3)
[2017.01.31-21.21.48:569][293]LogModuleManager: Shutting down and abandoning module SandboxFile (2)
[2017.01.31-21.21.48:579][293]LogModuleManager: Shutting down and abandoning module PakFile (1)
[2017.01.31-21.21.48:603][293]LogExit: Exiting.
[2017.01.31-21.21.48:612][293]Log file closed, 01/31/17 22:21:48
