Log file open, 01/15/17 11:17:08
LogInit:Display: Running engine for game: Project_Nomand
LogPlatformFile: Not using cached read wrapper
LogInit:Display: RandInit(-1882136806) SRandInit(-1882136805).
LogTaskGraph: Started task graph with 4 named threads and 7 total threads with 1 sets of task threads.
LogStats: Stats thread started at 0.076989
LogInit: Version: 4.12.5-3039270+++UE4+Release-4.12
LogInit: API Version: 2992821
LogInit: Net Version: 3039270
LogDevObjectVersion: Number of dev versions registered: 13
LogDevObjectVersion:   Dev-Blueprints (B0D832E4-1F89-4F0D-ACCF-7EB736FD4AA2): 3
LogDevObjectVersion:   Dev-Build (E1C64328-A22C-4D53-A36C-8E866417BD8C): 0
LogDevObjectVersion:   Dev-Core (375EC13C-06E4-48FB-B500-84F0262A717E): 1
LogDevObjectVersion:   Dev-Editor (E4B068ED-F494-42E9-A231-DA0B2E46BB41): 2
LogDevObjectVersion:   Dev-Framework (CFFC743F-43B0-4480-9391-14DF171D2073): 6
LogDevObjectVersion:   Dev-Mobile (B02B49B5-BB20-44E9-A304-32B752E40360): 0
LogDevObjectVersion:   Dev-Networking (A4E4105C-59A1-49B5-A7C5-40C4547EDFEE): 0
LogDevObjectVersion:   Dev-Online (39C831C9-5AE6-47DC-9A44-9C173E1C8E7C): 0
LogDevObjectVersion:   Dev-Physics (78F01B33-EBEA-4F98-B9B4-84EACCB95AA2): 0
LogDevObjectVersion:   Dev-Platform (6631380F-2D4D-43E0-8009-CF276956A95A): 0
LogDevObjectVersion:   Dev-Rendering (12F88B9F-8875-4AFC-A67C-D90C383ABD29): 2
LogDevObjectVersion:   Dev-Sequencer (7B5AE74C-D270-4C10-A958-57980B212A5A): 0
LogDevObjectVersion:   Dev-VR (D7296918-1DD6-4BDD-9DE2-64A83CC13884): 0
LogInit: Compiled (64-bit): Jul  6 2016 09:09:46
LogInit: Compiled with Visual C++: 19.00.23026.00
LogInit: Build Configuration: Development
LogInit: Branch Name: ++UE4+Release-4.12
LogInit: Command line:  
LogInit: Base directory: G:/UNI/Programme/Epic Games/4.12/Engine/Binaries/Win64/
LogInit: Installed Engine Build: 1
LogInit: Using libcurl 7.41.0
LogInit:  - built for x86_64-pc-win32
LogInit:  - supports SSL with WinSSL
LogInit:  - other features:
LogInit:      CURL_VERSION_SSL
LogInit:      CURL_VERSION_IPV6
LogInit:      CURL_VERSION_ASYNCHDNS
LogInit:      CURL_VERSION_LARGEFILE
LogInit:      CURL_VERSION_IDN
LogInit:  CurlRequestOptions (configurable via config and command line):
LogInit:  - bVerifyPeer = true  - Libcurl will verify peer certificate
LogInit:  - bUseHttpProxy = false  - Libcurl will NOT use HTTP proxy
LogInit:  - bDontReuseConnections = false  - Libcurl will reuse connections
LogInit:  - CertBundlePath = nullptr  - Libcurl will use whatever was configured at build time.
LogInit: Presizing for max 8388607 objects, including 0 objects not considered by GC, pre-allocating 0 bytes for permanent pool.
LogInit: Object subsystem initialized
[2017.01.15-10.17.08:439][  0]LogInit: Selected Device Profile: [Windows]
[2017.01.15-10.17.08:439][  0]LogInit: Applying CVar settings loaded from the selected device profile: [Windows]
[2017.01.15-10.17.08:449][  0]LogInit: Computer: DEX
[2017.01.15-10.17.08:449][  0]LogInit: User: Dextex
[2017.01.15-10.17.08:449][  0]LogInit: CPU Page size=65536, Cores=4
[2017.01.15-10.17.08:449][  0]LogInit: High frequency timer resolution =3.417984 MHz
[2017.01.15-10.17.08:449][  0]LogMemory: Memory total: Physical=15.9GB (16GB approx)
[2017.01.15-10.17.08:449][  0]LogMemory: Platform Memory Stats for Windows
[2017.01.15-10.17.08:449][  0]LogMemory: Process Physical Memory: 191.63 MB used, 191.63 MB peak
[2017.01.15-10.17.08:449][  0]LogMemory: Process Virtual Memory: 195.22 MB used, 195.22 MB peak
[2017.01.15-10.17.08:449][  0]LogMemory: Physical Memory: 8305.06 MB used, 16328.00 MB total
[2017.01.15-10.17.08:449][  0]LogMemory: Virtual Memory: 553.48 MB used, 134217728.00 MB total
[2017.01.15-10.17.08:501][  0]LogTextLocalizationManager: No translations for ('de-DE') exist, falling back to 'en' for localization and internationalization data.
[2017.01.15-10.17.08:886][  0]LogD3D11RHI: D3D11 adapters:
[2017.01.15-10.17.09:400][  0]LogD3D11RHI:    0. 'NVIDIA GeForce GTX 1080' (Feature Level 11_0)
[2017.01.15-10.17.09:400][  0]LogD3D11RHI:       8144/0/8164 MB DedicatedVideo/DedicatedSystem/SharedSystem, Outputs:2, VendorId:0x10de
[2017.01.15-10.17.09:403][  0]LogD3D11RHI:    1. 'Microsoft Basic Render Driver' (Feature Level 11_0)
[2017.01.15-10.17.09:403][  0]LogD3D11RHI:       0/0/8164 MB DedicatedVideo/DedicatedSystem/SharedSystem, Outputs:0, VendorId:0x1414
[2017.01.15-10.17.09:403][  0]LogD3D11RHI: Chosen D3D11 Adapter: 0
[2017.01.15-10.17.09:408][  0]LogD3D11RHI: Creating new Direct3DDevice
[2017.01.15-10.17.09:408][  0]LogD3D11RHI:     GPU DeviceId: 0x1b80 (for the marketing name, search the web for "GPU Device Id")
[2017.01.15-10.17.09:408][  0]LogWindows: EnumDisplayDevices:
[2017.01.15-10.17.09:408][  0]LogWindows:    0. 'NVIDIA GeForce GTX 1080' (P:1 D:1)
[2017.01.15-10.17.09:409][  0]LogWindows:    1. 'NVIDIA GeForce GTX 1080' (P:0 D:1)
[2017.01.15-10.17.09:409][  0]LogWindows:    2. 'NVIDIA GeForce GTX 1080' (P:0 D:0)
[2017.01.15-10.17.09:409][  0]LogWindows:    3. 'NVIDIA GeForce GTX 1080' (P:0 D:0)
[2017.01.15-10.17.09:409][  0]LogWindows: DebugString: FoundDriverCount:4 
[2017.01.15-10.17.09:409][  0]LogD3D11RHI:     Adapter Name: NVIDIA GeForce GTX 1080
[2017.01.15-10.17.09:409][  0]LogD3D11RHI:   Driver Version: 376.33 (internal:21.21.13.7633, unified:376.33)
[2017.01.15-10.17.09:409][  0]LogD3D11RHI:      Driver Date: 12-11-2016
[2017.01.15-10.17.09:409][  0]LogRHI: Texture pool is 1361 MB (70% of 1945 MB)
[2017.01.15-10.17.09:891][  0]LogD3D11RHI: Async texture creation enabled
[2017.01.15-10.17.09:919][  0]LogD3D11RHI: GPU Timing Frequency: 1000.000000 (Debug: 2 1)
[2017.01.15-10.17.09:920][  0]LogShaderCompilers: Guid format shader working directory is -3 characters bigger than the processId version (../../../../../../MP2/project_nomad/Project_Nomand/Intermediate/Shaders/WorkingDirectory/1788/).
[2017.01.15-10.17.09:920][  0]LogShaderCompilers: Cleaned the shader compiler working directory 'C:/Users/Dextex/AppData/Local/Temp/UnrealShaderWorkingDir/5BB55E6140461A9385F80AB09D0D5381/'.
[2017.01.15-10.17.09:920][  0]LogShaderCompilers:Display: Using Local Shader Compiler.
[2017.01.15-10.17.10:850][  0]LogTemp:Display: Loaded TP AllDesktopTargetPlatform
[2017.01.15-10.17.10:861][  0]LogTemp:Display: Loaded TP WindowsClientTargetPlatform
[2017.01.15-10.17.10:873][  0]LogTemp:Display: Loaded TP WindowsNoEditorTargetPlatform
[2017.01.15-10.17.10:884][  0]LogTemp:Display: Loaded TP WindowsServerTargetPlatform
[2017.01.15-10.17.10:895][  0]LogTemp:Display: Loaded TP WindowsTargetPlatform
[2017.01.15-10.17.10:905][  0]LogTemp:Display: Loaded TP AndroidTargetPlatform
[2017.01.15-10.17.10:913][  0]LogTemp:Display: Loaded TP Android_ASTCTargetPlatform
[2017.01.15-10.17.10:921][  0]LogTemp:Display: Loaded TP Android_ATCTargetPlatform
[2017.01.15-10.17.10:930][  0]LogTemp:Display: Loaded TP Android_DXTTargetPlatform
[2017.01.15-10.17.10:938][  0]LogTemp:Display: Loaded TP Android_ETC1TargetPlatform
[2017.01.15-10.17.10:947][  0]LogTemp:Display: Loaded TP Android_ETC2TargetPlatform
[2017.01.15-10.17.10:966][  0]LogTemp:Display: Loaded TP Android_MultiTargetPlatform
[2017.01.15-10.17.10:966][  0]LogTemp:Display: Loaded TP Android_PVRTCTargetPlatform
[2017.01.15-10.17.10:968][  0]LogTemp:Display: Loaded TP HTML5TargetPlatform
[2017.01.15-10.17.10:993][  0]LogTemp:Display: Loaded TP IOSTargetPlatform
[2017.01.15-10.17.11:001][  0]LogTemp:Display: Loaded TP TVOSTargetPlatform
[2017.01.15-10.17.11:009][  0]LogTemp:Display: Loaded TP LinuxNoEditorTargetPlatform
[2017.01.15-10.17.11:017][  0]LogTemp:Display: Loaded TP LinuxServerTargetPlatform
[2017.01.15-10.17.11:025][  0]LogTemp:Display: Loaded TP LinuxTargetPlatform
[2017.01.15-10.17.11:025][  0]LogTargetPlatformManager:Display: Building Assets For Windows
[2017.01.15-10.17.11:140][  0]LogDerivedDataCache:Display: Max Cache Size: 512 MB
[2017.01.15-10.17.11:186][  0]LogDerivedDataCache: Loaded boot cache 0.05s 48MB C:/Users/Dextex/AppData/Local/UnrealEngine/4.12/DerivedDataCache/Boot.ddc.
[2017.01.15-10.17.11:186][  0]LogDerivedDataCache:Display: Loaded Boot cache: C:/Users/Dextex/AppData/Local/UnrealEngine/4.12/DerivedDataCache/Boot.ddc
[2017.01.15-10.17.11:186][  0]LogDerivedDataCache: FDerivedDataBackendGraph:  Pak pak cache file ../../../../../../MP2/project_nomad/Project_Nomand/DerivedDataCache/DDC.ddp not found, will not use a pak cache.
[2017.01.15-10.17.11:186][  0]LogDerivedDataCache: Unable to find inner node Pak for hierarchical cache Hierarchy.
[2017.01.15-10.17.11:186][  0]LogDerivedDataCache: FDerivedDataBackendGraph:  CompressedPak pak cache file ../../../../../../MP2/project_nomad/Project_Nomand/DerivedDataCache/Compressed.ddp not found, will not use a pak cache.
[2017.01.15-10.17.11:186][  0]LogDerivedDataCache: Unable to find inner node CompressedPak for hierarchical cache Hierarchy.
[2017.01.15-10.17.11:202][  0]LogDerivedDataCache:Display: Pak cache opened for reading ../../../Engine/DerivedDataCache/Compressed.ddp.
[2017.01.15-10.17.11:213][  0]LogDerivedDataCache: Using Local data cache path C:/Users/Dextex/AppData/Local/UnrealEngine/Common/DerivedDataCache: Writable
[2017.01.15-10.17.11:372][  0]LogInit: Selected Device Profile: [Windows]
[2017.01.15-10.17.11:373][  0]LogContentStreaming: Texture pool size is 0.00 MB
[2017.01.15-10.17.11:515][  0]LogMeshUtilities: No automatic mesh reduction module available
[2017.01.15-10.17.11:515][  0]LogMeshUtilities: No automatic mesh merging module available
[2017.01.15-10.17.11:515][  0]LogMeshUtilities: No distributed automatic mesh merging module available
[2017.01.15-10.17.11:742][  0]LogAssetRegistry: FAssetRegistry took 0.0218 seconds to start up
[2017.01.15-10.17.11:758][  0]LogPackageLocalizationCache: Processed 3 localized package path(s) for 1 prioritized culture(s) in 0.011498 seconds
[2017.01.15-10.17.11:763][  0]LogUObjectArray: 28739 objects as part of root set at end of initial load.
[2017.01.15-10.17.11:763][  0]LogUObjectAllocator: 5855632 out of 0 bytes used by permanent object pool.
[2017.01.15-10.17.11:763][  0]LogUObjectArray: CloseDisregardForGC: 0/0 objects in disregard for GC pool
[2017.01.15-10.17.11:773][  0]LogInit: WinSock: version 1.1 (2.2), MaxSocks=32767, MaxUdp=65467
[2017.01.15-10.17.11:978][  0]LogSlate: SlateFontCache - WITH_FREETYPE: 1, WITH_HARFBUZZ: 1
[2017.01.15-10.17.11:978][  0]LogSlate: SlateFontCache - WITH_FREETYPE: 1, WITH_HARFBUZZ: 1
[2017.01.15-10.17.12:543][  0]LogUdpMessaging: Initializing bridge on interface 0.0.0.0:0 to multicast group 230.0.0.1:6666.
[2017.01.15-10.17.12:764][  0]SourceControl: Info Source control is disabled
[2017.01.15-10.17.13:106][  0]LogEngine: Initializing Engine...
[2017.01.15-10.17.13:109][  0]LogHMD: SteamVR failed to initialize.  Err: 100
[2017.01.15-10.17.13:111][  0]LogHMD: SteamVR failed to initialize.  Err: 100
[2017.01.15-10.17.13:236][  0]LogAIModule: Creating AISystem for world NewWorld
[2017.01.15-10.17.13:250][  0]LogInit: XAudio2 using 'Lautsprecher (Realtek High Definition Audio)' : 2 channels at 48 kHz using 32 bits per sample (channel mask 0x3)
[2017.01.15-10.17.13:266][  0]LogInit: FAudioDevice initialized.
[2017.01.15-10.17.13:290][  0]LogDerivedDataCache: Saved boot cache 0.02s 48MB C:/Users/Dextex/AppData/Local/UnrealEngine/4.12/DerivedDataCache/Boot.ddc.
[2017.01.15-10.17.13:299][  0]LogInit: Texture streaming: Enabled
[2017.01.15-10.17.13:357][  0]LogInit: Transaction tracking system initialized
[2017.01.15-10.17.13:393][  0]BlueprintLog: New page: Editor Load
[2017.01.15-10.17.13:535][  0]LocalizationService: Info Localization service is disabled
[2017.01.15-10.17.13:619][  0]LogConsoleResponse:Display: 
[2017.01.15-10.17.13:704][  0]LogCook:Display: Max memory allowance for cook 8192mb
[2017.01.15-10.17.13:704][  0]LogCook:Display: Mobile HDR setting 1
[2017.01.15-10.17.13:826][  0]LogFileCache: Scanning file cache for directory 'G:/UNI/MP2/project_nomad/Project_Nomand/Content/' took 0.02s
[2017.01.15-10.17.13:826][  0]Cmd: MAP LOAD FILE="../../../../../../MP2/project_nomad/Project_Nomand/Content/Map/Map.umap" TEMPLATE=0 SHOWPROGRESS=1 FEATURELEVEL=3
[2017.01.15-10.17.13:826][  0]LightingResults: New page: Lighting Build
[2017.01.15-10.17.13:829][  0]MapCheck: New page: Map Check
[2017.01.15-10.17.13:829][  0]LightingResults: New page: Lighting Build
[2017.01.15-10.17.14:839][  0]LogAIModule: Creating AISystem for world Map
[2017.01.15-10.17.14:869][  0]LogEditorServer: Finished looking for orphan Actors (0.000 secs)
[2017.01.15-10.17.14:873][  0]Cmd: MAP CHECKDEP NOCLEARLOG
[2017.01.15-10.17.14:913][  0]MapCheck: Info Map check complete: 0 Error(s), 0 Warning(s), took 40.072ms to complete.
[2017.01.15-10.17.14:913][  0]LogFileHelpers: Loading map 'Map' took 1.088
[2017.01.15-10.17.15:085][  0]LogCollectionManager: Loaded 0 collections in 0.002303 seconds
[2017.01.15-10.17.15:128][  0]LogFileCache: Scanning file cache for directory 'G:/UNI/MP2/project_nomad/Project_Nomand/Saved/Collections/' took 0.01s
[2017.01.15-10.17.15:128][  0]LogFileCache: Scanning file cache for directory 'G:/UNI/MP2/project_nomad/Project_Nomand/Content/Developers/Dextex/Collections/' took 0.01s
[2017.01.15-10.17.15:128][  0]LogFileCache: Scanning file cache for directory 'G:/UNI/MP2/project_nomad/Project_Nomand/Content/Collections/' took 0.01s
[2017.01.15-10.17.15:128][  0]LogCollectionManager: Rebuilt the GUID cache for 0 collections in 0.000002 seconds
[2017.01.15-10.17.15:135][  0]LogContentBrowser: Native class hierarchy populated in 0.0070 seconds. Added 2047 classes and 369 folders.
[2017.01.15-10.17.15:139][  0]LogStats: UGameplayTagsManager::ConstructGameplayTagTree: Construct from data asset -  0.000 s
[2017.01.15-10.17.15:139][  0]LogStats: UGameplayTagsManager::ConstructGameplayTagTree: GameplayTagTreeChangedEvent.Broadcast -  0.000 s
[2017.01.15-10.17.15:140][  0]LogContentBrowser: Native class hierarchy updated for 'GameplayTags' in 0.0004 seconds. Added 12 classes and 0 folders.
[2017.01.15-10.17.15:146][  0]LogContentBrowser: Native class hierarchy updated for 'WidgetCarousel' in 0.0003 seconds. Added 0 classes and 0 folders.
[2017.01.15-10.17.15:177][  0]LogContentBrowser: Native class hierarchy updated for 'AddContentDialog' in 0.0003 seconds. Added 0 classes and 0 folders.
[2017.01.15-10.17.15:182][  0]LogContentBrowser: Native class hierarchy updated for 'SceneOutliner' in 0.0003 seconds. Added 1 classes and 2 folders.
[2017.01.15-10.17.15:243][  0]LogCrashTracker: Crashtracker disabled due to settings.
[2017.01.15-10.17.15:247][  0]LogUObjectGlobals:Warning: Failed to find object 'Class None.'
[2017.01.15-10.17.15:275][  0]LogContentBrowser: Native class hierarchy updated for 'HierarchicalLODOutliner' in 0.0004 seconds. Added 1 classes and 2 folders.
[2017.01.15-10.17.15:275][  0]LogLoad: Full Startup: 7.61 seconds (BP compile: 0.32 seconds)
[2017.01.15-10.17.15:275][  0]LogExternalProfiler: No external profilers were discovered.  External profiling features will not be available.
[2017.01.15-10.17.15:284][  0]LogWindowsTextInputMethodSystem:Display: IME system now deactivated.
[2017.01.15-10.17.15:284][  0]LogOcInput: OculusInput pre-init called
[2017.01.15-10.17.15:303][  0]LogContentStreaming: Texture pool size now 1000 MB
[2017.01.15-10.17.15:450][  0]LogRenderer: Reallocating scene render targets to support 1208x556 (Frame:2).
[2017.01.15-10.17.15:497][  1]Cmd: UpdateLandscapeEditorData -warnings
[2017.01.15-10.17.15:521][  1]LogAssetRegistry: Asset discovery search completed in 3.8000 seconds
[2017.01.15-10.17.15:521][  1]LogCollectionManager: Rebuilt the object cache for 0 collections in 0.000001 seconds (found 0 objects)
[2017.01.15-10.17.15:521][  1]LogCollectionManager: Fixed up redirectors for 0 collections in 0.000038 seconds (updated 0 objects)
[2017.01.15-10.17.26:620][263]LogContentBrowser: Native class hierarchy updated for 'BlueprintGraph' in 0.0007 seconds. Added 111 classes and 0 folders.
[2017.01.15-10.17.58:668][844]LogBlueprintUserMessages: Early PlayInEditor Detection: Level '/Game/Map/Map.Map:PersistentLevel' has LevelScriptBlueprint '/Game/Map/Map.Map:PersistentLevel.Map' with GeneratedClass '/Game/Map/Map.Map_C' with ClassGeneratedBy '/Game/Map/Map.Map:PersistentLevel.Map'
[2017.01.15-10.17.58:668][844]LogPlayLevel: PlayLevel: No blueprints needed recompiling
[2017.01.15-10.17.58:669][844]PIE: New page: PIE session: Map (Jan 15, 2017, 12:17:58 PM)
[2017.01.15-10.17.58:669][844]LogPlayLevel: Creating play world package: /Game/Map/UEDPIE_0_Map
[2017.01.15-10.17.58:701][844]LogPlayLevel: PIE: StaticDuplicateObject took: (0.031714s)
[2017.01.15-10.17.58:702][844]LogAIModule: Creating AISystem for world Map
[2017.01.15-10.17.58:702][844]LogPlayLevel: PIE: World Init took: (0.000819s)
[2017.01.15-10.17.58:702][844]LogPlayLevel: PIE: Created PIE world by copying editor world from /Game/Map/Map.Map to /Game/Map/UEDPIE_0_Map.Map (0.032799s)
[2017.01.15-10.17.58:776][844]LogInit: XAudio2 using 'Lautsprecher (Realtek High Definition Audio)' : 2 channels at 48 kHz using 32 bits per sample (channel mask 0x3)
[2017.01.15-10.17.58:786][844]LogInit: FAudioDevice initialized.
[2017.01.15-10.17.58:850][844]LogWorld: Game class is 'GameMode'
[2017.01.15-10.17.58:860][844]LogWorld: Bringing World /Game/Map/UEDPIE_0_Map.Map up for play (max tick rate 0) at 2017.01.15-11.17.58
[2017.01.15-10.17.58:861][844]LogWorld: Bringing up level for play took: 0.010729
[2017.01.15-10.17.58:865][844]LogContentBrowser: Native class hierarchy updated for 'MovieSceneCapture' in 0.0004 seconds. Added 11 classes and 0 folders.
[2017.01.15-10.17.58:867][844]PIE: Info Play in editor start time for /Game/Map/UEDPIE_0_Map 0.736
[2017.01.15-10.17.58:867][844]LogBlueprintUserMessages: Late PlayInEditor Detection: Level '/Game/Map/Map.Map:PersistentLevel' has LevelScriptBlueprint '/Game/Map/Map.Map:PersistentLevel.Map' with GeneratedClass '/Game/Map/Map.Map_C' with ClassGeneratedBy '/Game/Map/Map.Map:PersistentLevel.Map'
[2017.01.15-10.18.05:715][658]LogBlueprintUserMessages: [InventoryWidget_C_0] Hello
[2017.01.15-10.18.17:250][ 28]LogBlueprintUserMessages: [InventoryWidget_C_2] Hello
[2017.01.15-10.18.19:058][242]LogBlueprintUserMessages: [InventoryWidget_C_2] Hello
[2017.01.15-10.18.39:274][654]LogBlueprintUserMessages: [AI_Greater_Spider_2] Hello
[2017.01.15-10.18.40:124][755]LogBlueprintUserMessages: [AI_Greater_Spider_2] Hello
[2017.01.15-10.18.40:857][843]LogBlueprintUserMessages: [AI_Greater_Spider_2] Hello
[2017.01.15-10.19.03:335][519]LogBlueprintUserMessages: Early EndPlayMap Detection: Level '/Game/Map/Map.Map:PersistentLevel' has LevelScriptBlueprint '/Game/Map/Map.Map:PersistentLevel.Map' with GeneratedClass '/Game/Map/Map.Map_C' with ClassGeneratedBy '/Game/Map/Map.Map:PersistentLevel.Map'
[2017.01.15-10.19.03:404][519]LogBlueprintUserMessages: Late EndPlayMap Detection: Level '/Game/Map/Map.Map:PersistentLevel' has LevelScriptBlueprint '/Game/Map/Map.Map:PersistentLevel.Map' with GeneratedClass '/Game/Map/Map.Map_C' with ClassGeneratedBy '/Game/Map/Map.Map:PersistentLevel.Map'
[2017.01.15-10.28.20:619][430]Cmd: OBJ SAVEPACKAGE PACKAGE="/Game/Map/Map" FILE="../../../../../../MP2/project_nomad/Project_Nomand/Saved/Autosaves/Game/Map/Map_Auto1.umap" SILENT=true AUTOSAVING=true KEEPDIRTY=false
[2017.01.15-10.28.20:986][430]LogSavePackage: Save=353.23ms
[2017.01.15-10.28.20:986][430]LogSavePackage: Moving '../../../../../../MP2/project_nomad/Project_Nomand/Saved/Map_Auto174B4E7F54B717FA1150DB9ADA53C9B12.tmp' to '../../../../../../MP2/project_nomad/Project_Nomand/Saved/Autosaves/Game/Map/Map_Auto1.umap'
[2017.01.15-10.28.20:987][430]LogSavePackage:Display: Finished SavePackage ../../../../../../MP2/project_nomad/Project_Nomand/Saved/Autosaves/Game/Map/Map_Auto1.umap
[2017.01.15-10.28.20:990][430]LogFileHelpers: Editor autosave (incl. sublevels) for '/Game/Map/Map' took 0.391
[2017.01.15-10.28.20:990][430]LogFileHelpers: Editor autosave (incl. sublevels) for all levels took 0.391
[2017.01.15-10.57.29:507][106]LogEditorViewport: Clicking on Actor (LMB): StaticMeshActor (stone_9)
[2017.01.15-10.57.31:992][370]LogEditorViewport: Clicking on Actor (LMB): StaticMeshActor (stone_10)
[2017.01.15-10.57.34:064][598]LogEditorViewport: Clicking on Actor (LMB): StaticMeshActor (stone_11)
[2017.01.15-10.58.29:307][834]LogMaterial: Missing cached shader map for material terrain_mat, compiling. 
[2017.01.15-10.58.29:486][834]LogMaterial: Missing cached shader map for material terrain_mat, compiling. 
[2017.01.15-10.58.29:507][834]LogMaterial: 0.00 seconds spent updating 1 materials, 1 interfaces, 0 instances, 0 with static permutations.
[2017.01.15-10.58.29:531][834]LogMaterial: Missing cached shader map for material FMatExpressionPreview MaterialExpressionLandscapeLayerCoords_0, compiling. 
[2017.01.15-10.58.29:535][834]LogMaterial: Missing cached shader map for material FMatExpressionPreview MaterialExpressionTextureSample_0, compiling. 
[2017.01.15-10.58.29:538][834]LogMaterial: Missing cached shader map for material FMatExpressionPreview MaterialExpressionTextureSample_1, compiling. 
[2017.01.15-10.58.29:541][834]LogMaterial: Missing cached shader map for material FMatExpressionPreview MaterialExpressionTextureSample_2, compiling. 
[2017.01.15-10.58.29:545][834]LogMaterial: Missing cached shader map for material FMatExpressionPreview MaterialExpressionLandscapeLayerCoords_1, compiling. 
[2017.01.15-10.58.29:548][834]LogMaterial: Missing cached shader map for material FMatExpressionPreview MaterialExpressionTextureSample_3, compiling. 
[2017.01.15-10.58.29:551][834]LogMaterial: Missing cached shader map for material FMatExpressionPreview MaterialExpressionTextureSample_4, compiling. 
[2017.01.15-10.58.29:557][834]LogMaterial: Missing cached shader map for material FMatExpressionPreview MaterialExpressionTextureSample_5, compiling. 
[2017.01.15-10.58.31:695][942]MaterialEditorStats: Info Base pass shader with static lighting: 79 instructions
[2017.01.15-10.58.31:695][942]MaterialEditorStats: Info Base pass shader with only dynamic lighting: 50 instructions
[2017.01.15-10.58.31:695][942]MaterialEditorStats: Info Vertex shader: 31 instructions
[2017.01.15-10.58.31:695][942]MaterialEditorStats: Info Texture samplers: 6/16
[2017.01.15-10.58.41:769][774]LogMaterial: Missing cached shader map for material M_Water_Lake, compiling. 
[2017.01.15-10.58.41:807][774]LogMaterial: Missing cached shader map for material M_Water_Lake, compiling. 
[2017.01.15-10.58.41:943][774]LogMaterial: Missing cached shader map for material M_Water_Lake, compiling. 
[2017.01.15-10.58.41:954][774]LogMaterial: 0.00 seconds spent updating 1 materials, 1 interfaces, 0 instances, 0 with static permutations.
[2017.01.15-10.58.41:985][774]LogMaterial: Missing cached shader map for material FMatExpressionPreview MaterialExpressionTextureSample_13, compiling. 
[2017.01.15-10.58.41:990][774]LogMaterial: Missing cached shader map for material FMatExpressionPreview MaterialExpressionTextureSample_14, compiling. 
[2017.01.15-10.58.41:996][774]LogMaterial: Missing cached shader map for material FMatExpressionPreview MaterialExpressionVectorParameter_0, compiling. 
[2017.01.15-10.58.42:001][774]LogMaterial: Missing cached shader map for material FMatExpressionPreview MaterialExpressionTextureSample_9, compiling. 
[2017.01.15-10.58.42:006][774]LogMaterial: Missing cached shader map for material FMatExpressionPreview MaterialExpressionTextureSample_10, compiling. 
[2017.01.15-10.58.42:011][774]LogMaterial: Missing cached shader map for material FMatExpressionPreview MaterialExpressionTextureSample_15, compiling. 
[2017.01.15-10.58.42:016][774]LogMaterial: Missing cached shader map for material FMatExpressionPreview MaterialExpressionTextureSample_16, compiling. 
[2017.01.15-10.58.42:020][774]LogMaterial: Missing cached shader map for material FMatExpressionPreview MaterialExpressionTextureSample_19, compiling. 
[2017.01.15-10.58.42:024][774]LogMaterial: Missing cached shader map for material FMatExpressionPreview MaterialExpressionConstant3Vector_2, compiling. 
[2017.01.15-10.58.42:028][774]LogMaterial: Missing cached shader map for material FMatExpressionPreview MaterialExpressionConstant3Vector_3, compiling. 
[2017.01.15-10.58.45:154][941]MaterialEditorStats: Info Base pass shader with static lighting: 113 instructions
[2017.01.15-10.58.45:154][941]MaterialEditorStats: Info Base pass shader with only dynamic lighting: 86 instructions
[2017.01.15-10.58.45:154][941]MaterialEditorStats: Info Vertex shader: 31 instructions
[2017.01.15-10.58.45:154][941]MaterialEditorStats: Info Texture samplers: 3/16
[2017.01.15-10.58.59:427][579]LogActorComponent: UnregisterComponent: (/Engine/Transient.SphereBrushComponent) Not registered. Aborting.
[2017.01.15-10.59.00:782][712]LogMaterial: Missing cached shader map for material terrain_mat, compiling. 
[2017.01.15-10.59.00:815][712]LogMaterial: 0.00 seconds spent updating 1 materials, 1 interfaces, 0 instances, 1 with static permutations.
[2017.01.15-10.59.00:822][712]LogMaterial: Missing cached shader map for material terrain_mat, compiling. 
[2017.01.15-10.59.00:864][712]LogMaterial: 0.00 seconds spent updating 1 materials, 1 interfaces, 0 instances, 1 with static permutations.
[2017.01.15-10.59.00:882][712]LogTexture:Display: Building textures: Texture2D_2 (G8)
[2017.01.15-10.59.03:256][959]LogActorComponent: UnregisterComponent: (/Engine/Transient.SphereBrushComponent) Not registered. Aborting.
[2017.01.15-11.00.21:970][420]Cmd: OBJ SAVEPACKAGE PACKAGE="/Game/Map/Map" FILE="../../../../../../MP2/project_nomad/Project_Nomand/Saved/Autosaves/Game/Map/Map_Auto2.umap" SILENT=true AUTOSAVING=true KEEPDIRTY=false
[2017.01.15-11.00.22:300][420]LogSavePackage: Save=311.54ms
[2017.01.15-11.00.22:300][420]LogSavePackage: Moving '../../../../../../MP2/project_nomad/Project_Nomand/Saved/Map_Auto21E95213B447E81CCB05E458070D94CD6.tmp' to '../../../../../../MP2/project_nomad/Project_Nomand/Saved/Autosaves/Game/Map/Map_Auto2.umap'
[2017.01.15-11.00.22:301][420]LogSavePackage:Display: Finished SavePackage ../../../../../../MP2/project_nomad/Project_Nomand/Saved/Autosaves/Game/Map/Map_Auto2.umap
[2017.01.15-11.00.22:304][420]LogFileHelpers: Editor autosave (incl. sublevels) for '/Game/Map/Map' took 0.364
[2017.01.15-11.00.22:304][420]LogFileHelpers: Editor autosave (incl. sublevels) for all levels took 0.364
[2017.01.15-11.01.11:409][997]LogEditorViewport: Clicking on Actor (LMB): BP_Sky_Sphere_C (Sky Sphere)
[2017.01.15-11.01.11:957][ 59]LogEditorViewport: Clicking on Actor (LMB): Item_C (Item5)
[2017.01.15-11.01.13:855][280]Cmd: DELETE
[2017.01.15-11.01.13:855][280]Cmd: ACTOR DELETE
[2017.01.15-11.01.13:864][280]LogEditorActor: Deleted Actor: Item_C
[2017.01.15-11.01.13:882][280]LogEditorActor: Deleted 1 Actors (0.027 secs)
[2017.01.15-11.10.22:973][773]Cmd: OBJ SAVEPACKAGE PACKAGE="/Game/Map/Map" FILE="../../../../../../MP2/project_nomad/Project_Nomand/Saved/Autosaves/Game/Map/Map_Auto3.umap" SILENT=true AUTOSAVING=true KEEPDIRTY=false
[2017.01.15-11.10.23:308][773]LogSavePackage: Save=318.91ms
[2017.01.15-11.10.23:308][773]LogSavePackage: Moving '../../../../../../MP2/project_nomad/Project_Nomand/Saved/Map_Auto3F5CFC1894C04EBA9DA87A88CE3D122EF.tmp' to '../../../../../../MP2/project_nomad/Project_Nomand/Saved/Autosaves/Game/Map/Map_Auto3.umap'
[2017.01.15-11.10.23:310][773]LogSavePackage:Display: Finished SavePackage ../../../../../../MP2/project_nomad/Project_Nomand/Saved/Autosaves/Game/Map/Map_Auto3.umap
[2017.01.15-11.10.23:311][773]LogFileHelpers: Editor autosave (incl. sublevels) for '/Game/Map/Map' took 0.358
[2017.01.15-11.10.23:311][773]LogFileHelpers: Editor autosave (incl. sublevels) for all levels took 0.358
[2017.01.15-11.13.30:282][336]Cmd: OBJ SAVEPACKAGE PACKAGE="/Game/Map/Map" FILE="../../../../../../MP2/project_nomad/Project_Nomand/Content/Map/Map.umap" SILENT=true AUTOSAVING=false KEEPDIRTY=false
[2017.01.15-11.13.30:612][336]LogSavePackage: Save=309.60ms
[2017.01.15-11.13.30:612][336]LogSavePackage: Moving '../../../../../../MP2/project_nomad/Project_Nomand/Saved/MapE725BF6E41D517A344CF1EB2817D25A0.tmp' to '../../../../../../MP2/project_nomad/Project_Nomand/Content/Map/Map.umap'
[2017.01.15-11.13.30:616][336]LogSavePackage:Display: Finished SavePackage ../../../../../../MP2/project_nomad/Project_Nomand/Content/Map/Map.umap
[2017.01.15-11.13.30:661][336]LogFileHelpers: Saving map 'Map' took 1.877
[2017.01.15-11.13.30:989][337]Cmd: QUIT_EDITOR
[2017.01.15-11.13.31:562][337]LogWindowsTextInputMethodSystem:Display: IME system now deactivated.
[2017.01.15-11.13.31:589][337]LogExit: Preparing to exit.
[2017.01.15-11.13.34:520][337]LogExit: Editor shut down
[2017.01.15-11.13.34:521][337]LogExit: Transaction tracking system shut down
[2017.01.15-11.13.34:767][337]LogObj: Freed 0b from 0 cluster array pools.
[2017.01.15-11.13.34:768][337]LogExit: Object subsystem successfully closed.
[2017.01.15-11.13.34:796][337]LogD3D11RHI: Shutdown
[2017.01.15-11.13.34:796][337]LogD3D11RHI: CleanupD3DDevice
[2017.01.15-11.13.34:883][337]LogD3D11RHI: ~FD3D11DynamicRHI
[2017.01.15-11.13.34:891][337]LogModuleManager: Shutting down and abandoning module MaterialEditor (216)
[2017.01.15-11.13.34:891][337]LogModuleManager: Shutting down and abandoning module MovieSceneCapture (215)
[2017.01.15-11.13.34:891][337]LogModuleManager: Shutting down and abandoning module BlueprintGraph (214)
[2017.01.15-11.13.34:891][337]LogModuleManager: Shutting down and abandoning module HierarchicalLODOutliner (213)
[2017.01.15-11.13.34:891][337]LogModuleManager: Shutting down and abandoning module CrashTracker (212)
[2017.01.15-11.13.34:891][337]LogModuleManager: Shutting down and abandoning module SceneOutliner (211)
[2017.01.15-11.13.34:891][337]LogModuleManager: Shutting down and abandoning module WidgetCarousel (210)
[2017.01.15-11.13.34:891][337]LogModuleManager: Shutting down and abandoning module AddContentDialog (209)
[2017.01.15-11.13.34:899][337]LogModuleManager: Shutting down and abandoning module GameplayTags (208)
[2017.01.15-11.13.34:899][337]LogModuleManager: Shutting down and abandoning module EditorWidgets (207)
[2017.01.15-11.13.34:899][337]LogModuleManager: Shutting down and abandoning module CollectionManager (206)
[2017.01.15-11.13.34:899][337]LogModuleManager: Shutting down and abandoning module StatsViewer (205)
[2017.01.15-11.13.34:899][337]LogModuleManager: Shutting down and abandoning module FoliageEdit (204)
[2017.01.15-11.13.34:899][337]LogModuleManager: Shutting down and abandoning module LandscapeEditor (203)
[2017.01.15-11.13.34:899][337]LogModuleManager: Shutting down and abandoning module SceneDepthPickerMode (202)
[2017.01.15-11.13.34:899][337]LogModuleManager: Shutting down and abandoning module ActorPickerMode (201)
[2017.01.15-11.13.34:899][337]LogModuleManager: Shutting down and abandoning module GeometryMode (200)
[2017.01.15-11.13.34:899][337]LogModuleManager: Shutting down and abandoning module TextureAlignMode (199)
[2017.01.15-11.13.34:899][337]LogModuleManager: Shutting down and abandoning module BspMode (198)
[2017.01.15-11.13.34:899][337]LogModuleManager: Shutting down and abandoning module HardwareSurvey (197)
[2017.01.15-11.13.34:899][337]LogModuleManager: Shutting down and abandoning module SequenceRecorderSections (196)
[2017.01.15-11.13.34:899][337]LogModuleManager: Shutting down and abandoning module SequenceRecorder (195)
[2017.01.15-11.13.34:899][337]LogModuleManager: Shutting down and abandoning module AutomationWorker (194)
[2017.01.15-11.13.34:899][337]LogModuleManager: Shutting down and abandoning module MatineeToLevelSequence (193)
[2017.01.15-11.13.34:899][337]LogModuleManager: Shutting down and abandoning module PlacementMode (192)
[2017.01.15-11.13.34:900][337]LogModuleManager: Shutting down and abandoning module LevelSequenceEditor (191)
[2017.01.15-11.13.34:900][337]LogModuleManager: Shutting down and abandoning module CharacterAI (190)
[2017.01.15-11.13.34:900][337]LogModuleManager: Shutting down and abandoning module SmartSnapping (189)
[2017.01.15-11.13.34:900][337]LogModuleManager: Shutting down and abandoning module SessionServices (188)
[2017.01.15-11.13.34:900][337]LogModuleManager: Shutting down and abandoning module ViewportSnapping (187)
[2017.01.15-11.13.34:900][337]LogModuleManager: Shutting down and abandoning module LogVisualizer (186)
[2017.01.15-11.13.34:900][337]LogModuleManager: Shutting down and abandoning module GameProjectGeneration (185)
[2017.01.15-11.13.34:900][337]LogModuleManager: Shutting down and abandoning module IntroTutorials (184)
[2017.01.15-11.13.34:900][337]LogModuleManager: Shutting down and abandoning module EditorLiveStreaming (183)
[2017.01.15-11.13.34:900][337]LogModuleManager: Shutting down and abandoning module IOSPlatformEditor (182)
[2017.01.15-11.13.34:900][337]LogModuleManager: Shutting down and abandoning module HTML5PlatformEditor (181)
[2017.01.15-11.13.34:900][337]LogModuleManager: Shutting down and abandoning module AndroidDeviceDetection (180)
[2017.01.15-11.13.35:879][337]LogModuleManager: Shutting down and abandoning module AndroidPlatformEditor (179)
[2017.01.15-11.13.35:879][337]LogModuleManager: Shutting down and abandoning module IOSRuntimeSettings (178)
[2017.01.15-11.13.35:879][337]LogModuleManager: Shutting down and abandoning module AndroidRuntimeSettings (177)
[2017.01.15-11.13.35:879][337]LogModuleManager: Shutting down and abandoning module MergeActors (176)
[2017.01.15-11.13.35:879][337]LogModuleManager: Shutting down and abandoning module SizeMap (175)
[2017.01.15-11.13.35:879][337]LogModuleManager: Shutting down and abandoning module TreeMap (174)
[2017.01.15-11.13.35:879][337]LogModuleManager: Shutting down and abandoning module ReferenceViewer (173)
[2017.01.15-11.13.35:879][337]LogModuleManager: Shutting down and abandoning module LocalizationService (172)
[2017.01.15-11.13.35:879][337]LogModuleManager: Shutting down and abandoning module LocalizationDashboard (171)
[2017.01.15-11.13.35:879][337]LogModuleManager: Shutting down and abandoning module HardwareTargeting (170)
[2017.01.15-11.13.35:879][337]LogModuleManager: Shutting down and abandoning module DeviceProfileEditor (169)
[2017.01.15-11.13.35:879][337]LogModuleManager: Shutting down and abandoning module UndoHistory (168)
[2017.01.15-11.13.35:879][337]LogModuleManager: Shutting down and abandoning module UserFeedback (167)
[2017.01.15-11.13.35:879][337]LogModuleManager: Shutting down and abandoning module XmlParser (166)
[2017.01.15-11.13.35:879][337]LogModuleManager: Shutting down and abandoning module Blutility (165)
[2017.01.15-11.13.35:879][337]LogModuleManager: Shutting down and abandoning module ProjectTargetPlatformEditor (164)
[2017.01.15-11.13.35:880][337]LogModuleManager: Shutting down and abandoning module ProjectSettingsViewer (163)
[2017.01.15-11.13.35:880][337]LogModuleManager: Shutting down and abandoning module InputBindingEditor (162)
[2017.01.15-11.13.35:880][337]LogModuleManager: Shutting down and abandoning module EditorSettingsViewer (161)
[2017.01.15-11.13.35:880][337]LogModuleManager: Shutting down and abandoning module SettingsEditor (160)
[2017.01.15-11.13.35:880][337]LogModuleManager: Shutting down and abandoning module ProjectLauncher (159)
[2017.01.15-11.13.35:880][337]LogModuleManager: Shutting down and abandoning module SessionFrontend (158)
[2017.01.15-11.13.35:880][337]LogModuleManager: Shutting down and abandoning module ProfilerClient (157)
[2017.01.15-11.13.35:880][337]LogModuleManager: Shutting down and abandoning module TargetDeviceServices (156)
[2017.01.15-11.13.35:880][337]LogModuleManager: Shutting down and abandoning module DeviceManager (155)
[2017.01.15-11.13.35:933][337]LogModuleManager: Shutting down and abandoning module AutomationController (154)
[2017.01.15-11.13.35:933][337]LogModuleManager: Shutting down and abandoning module AutomationWindow (153)
[2017.01.15-11.13.35:933][337]LogModuleManager: Shutting down and abandoning module Layers (152)
[2017.01.15-11.13.35:933][337]LogModuleManager: Shutting down and abandoning module ComponentVisualizers (151)
[2017.01.15-11.13.35:933][337]LogModuleManager: Shutting down and abandoning module DetailCustomizations (150)
[2017.01.15-11.13.35:933][337]LogModuleManager: Shutting down and abandoning module PackagesDialog (149)
[2017.01.15-11.13.35:933][337]LogModuleManager: Shutting down and abandoning module Persona (148)
[2017.01.15-11.13.35:933][337]LogModuleManager: Shutting down and abandoning module Kismet (147)
[2017.01.15-11.13.35:933][337]LogModuleManager: Shutting down and abandoning module GraphEditor (146)
[2017.01.15-11.13.35:933][337]LogModuleManager: Shutting down and abandoning module ClassViewer (145)
[2017.01.15-11.13.35:933][337]LogModuleManager: Shutting down and abandoning module Toolbox (144)
[2017.01.15-11.13.35:933][337]LogModuleManager: Shutting down and abandoning module ModuleUI (143)
[2017.01.15-11.13.35:933][337]LogModuleManager: Shutting down and abandoning module MovieSceneTools (142)
[2017.01.15-11.13.35:933][337]LogModuleManager: Shutting down and abandoning module OutputLog (141)
[2017.01.15-11.13.35:933][337]LogModuleManager: Shutting down and abandoning module GammaUI (140)
[2017.01.15-11.13.35:933][337]LogModuleManager: Shutting down and abandoning module Documentation (139)
[2017.01.15-11.13.35:934][337]LogModuleManager: Shutting down and abandoning module StreamingPauseRendering (138)
[2017.01.15-11.13.35:934][337]LogModuleManager: Shutting down and abandoning module AnalyticsET (137)
[2017.01.15-11.13.35:934][337]LogModuleManager: Shutting down and abandoning module Analytics (136)
[2017.01.15-11.13.35:934][337]LogModuleManager: Shutting down and abandoning module PortalServices (135)
[2017.01.15-11.13.35:934][337]LogModuleManager: Shutting down and abandoning module PortalRpc (134)
[2017.01.15-11.13.35:934][337]LogModuleManager: Shutting down and abandoning module MessagingRpc (133)
[2017.01.15-11.13.35:934][337]LogModuleManager: Shutting down and abandoning module GameplayDebugger (132)
[2017.01.15-11.13.35:934][337]LogModuleManager: Shutting down and abandoning module AITestSuite (131)
[2017.01.15-11.13.35:934][337]LogModuleManager: Shutting down and abandoning module AIModule (130)
[2017.01.15-11.13.35:934][337]LogModuleManager: Shutting down and abandoning module ProfilerService (129)
[2017.01.15-11.13.36:004][337]LogModuleManager: Shutting down and abandoning module TaskGraph (128)
[2017.01.15-11.13.36:004][337]LogModuleManager: Shutting down and abandoning module SlateRemote (127)
[2017.01.15-11.13.36:004][337]LogModuleManager: Shutting down and abandoning module SteamVRController (126)
[2017.01.15-11.13.36:004][337]LogModuleManager: Shutting down and abandoning module SteamVR (125)
[2017.01.15-11.13.36:004][337]LogModuleManager: Shutting down and abandoning module ProceduralMeshComponent (124)
[2017.01.15-11.13.36:004][337]LogModuleManager: Shutting down and abandoning module OculusLibrary (123)
[2017.01.15-11.13.36:004][337]LogModuleManager: Shutting down and abandoning module OculusInput (122)
[2017.01.15-11.13.36:004][337]LogModuleManager: Shutting down and abandoning module CustomMeshComponent (121)
[2017.01.15-11.13.36:004][337]LogModuleManager: Shutting down and abandoning module CableComponent (120)
[2017.01.15-11.13.36:004][337]LogModuleManager: Shutting down and abandoning module ArchVisCharacter (119)
[2017.01.15-11.13.36:004][337]LogModuleManager: Shutting down and abandoning module MediaPlayerEditor (118)
[2017.01.15-11.13.36:004][337]LogModuleManager: Shutting down and abandoning module HTML5Networking (117)
[2017.01.15-11.13.36:004][337]LogModuleManager: Shutting down and abandoning module SuperSearch (116)
[2017.01.15-11.13.36:004][337]LogModuleManager: Shutting down and abandoning module SuperSearchEditor (115)
[2017.01.15-11.13.36:004][337]LogModuleManager: Shutting down and abandoning module SpeedTreeImporter (114)
[2017.01.15-11.13.36:004][337]LogModuleManager: Shutting down and abandoning module PluginBrowser (113)
[2017.01.15-11.13.36:004][337]LogModuleManager: Shutting down and abandoning module EpicSurvey (112)
[2017.01.15-11.13.36:004][337]LogModuleManager: Shutting down and abandoning module DesktopPlatform (111)
[2017.01.15-11.13.36:004][337]LogModuleManager: Shutting down and abandoning module VisualStudioSourceCodeAccess (110)
[2017.01.15-11.13.36:004][337]LogModuleManager: Shutting down and abandoning module UObjectPlugin (109)
[2017.01.15-11.13.36:005][337]LogModuleManager: Shutting down and abandoning module SubversionSourceControl (108)
[2017.01.15-11.13.36:005][337]LogModuleManager: Shutting down and abandoning module PerforceSourceControl (107)
[2017.01.15-11.13.36:005][337]LogModuleManager: Shutting down and abandoning module SourceControl (106)
[2017.01.15-11.13.36:005][337]LogModuleManager: Shutting down and abandoning module GitSourceControl (105)
[2017.01.15-11.13.36:005][337]LogModuleManager: Shutting down and abandoning module LightPropagationVolumeEditor (104)
[2017.01.15-11.13.36:005][337]LogModuleManager: Shutting down and abandoning module PaperTiledImporter (103)
[2017.01.15-11.13.36:005][337]LogModuleManager: Shutting down and abandoning module PaperSpriteSheetImporter (102)
[2017.01.15-11.13.36:005][337]LogModuleManager: Shutting down and abandoning module MeshPaint (101)
[2017.01.15-11.13.36:005][337]LogModuleManager: Shutting down and abandoning module PixelInspectorModule (100)
[2017.01.15-11.13.36:005][337]LogModuleManager: Shutting down and abandoning module HotReload (99)
[2017.01.15-11.13.36:005][337]LogModuleManager: Shutting down and abandoning module MainFrame (98)
[2017.01.15-11.13.36:005][337]LogModuleManager: Shutting down and abandoning module LevelEditor (97)
[2017.01.15-11.13.36:006][337]LogModuleManager: Shutting down and abandoning module ContentBrowser (96)
[2017.01.15-11.13.36:007][337]LogModuleManager: Shutting down and abandoning module Paper2DEditor (95)
[2017.01.15-11.13.36:007][337]LogModuleManager: Shutting down and abandoning module UdpMessaging (94)
[2017.01.15-11.13.36:108][337]LogModuleManager: Shutting down and abandoning module LightPropagationVolumeRuntime (93)
[2017.01.15-11.13.36:108][337]LogModuleManager: Shutting down and abandoning module Paper2D (92)
[2017.01.15-11.13.36:108][337]LogModuleManager: Shutting down and abandoning module WindowsMoviePlayer (91)
[2017.01.15-11.13.36:108][337]LogModuleManager: Shutting down and abandoning module Media (90)
[2017.01.15-11.13.36:108][337]LogModuleManager: Shutting down and abandoning module WmfMedia (89)
[2017.01.15-11.13.36:109][337]LogModuleManager: Shutting down and abandoning module MediaAssets (88)
[2017.01.15-11.13.36:109][337]LogModuleManager: Shutting down and abandoning module GameLiveStreaming (87)
[2017.01.15-11.13.36:109][337]LogModuleManager: Shutting down and abandoning module GameplayTagsEditor (86)
[2017.01.15-11.13.36:109][337]LogModuleManager: Shutting down and abandoning module OnlineBlueprintSupport (85)
[2017.01.15-11.13.36:109][337]LogModuleManager: Shutting down and abandoning module VREditor (84)
[2017.01.15-11.13.36:109][337]LogModuleManager: Shutting down and abandoning module GameplayTasksEditor (83)
[2017.01.15-11.13.36:109][337]LogModuleManager: Shutting down and abandoning module PropertyEditor (82)
[2017.01.15-11.13.36:109][337]LogModuleManager: Shutting down and abandoning module BehaviorTreeEditor (81)
[2017.01.15-11.13.36:109][337]LogModuleManager: Shutting down and abandoning module FunctionalTesting (80)
[2017.01.15-11.13.36:109][337]LogModuleManager: Shutting down and abandoning module CollisionAnalyzer (79)
[2017.01.15-11.13.36:109][337]LogModuleManager: Shutting down and abandoning module Sequencer (78)
[2017.01.15-11.13.36:109][337]LogModuleManager: Shutting down and abandoning module WorkspaceMenuStructure (77)
[2017.01.15-11.13.36:109][337]LogModuleManager: Shutting down and abandoning module MessageLog (76)
[2017.01.15-11.13.36:109][337]LogModuleManager: Shutting down and abandoning module AssetTools (75)
[2017.01.15-11.13.36:109][337]LogModuleManager: Shutting down and abandoning module UMGEditor (74)
[2017.01.15-11.13.36:109][337]LogModuleManager: Shutting down and abandoning module UMG (73)
[2017.01.15-11.13.36:109][337]LogModuleManager: Shutting down and abandoning module SlateReflector (72)
[2017.01.15-11.13.36:109][337]LogModuleManager: Shutting down and abandoning module Slate (71)
[2017.01.15-11.13.36:109][337]LogModuleManager: Shutting down and abandoning module EditorStyle (70)
[2017.01.15-11.13.36:111][337]LogModuleManager: Shutting down and abandoning module SourceCodeAccess (69)
[2017.01.15-11.13.36:111][337]LogModuleManager: Shutting down and abandoning module HeadMountedDisplay (68)
[2017.01.15-11.13.36:111][337]LogModuleManager: Shutting down and abandoning module XAudio2 (67)
[2017.01.15-11.13.36:111][337]LogModuleManager: Shutting down and abandoning module Networking (65)
[2017.01.15-11.13.36:111][337]LogModuleManager: Shutting down and abandoning module Core (64)
[2017.01.15-11.13.36:111][337]LogModuleManager: Shutting down and abandoning module DirectoryWatcher (63)
[2017.01.15-11.13.36:117][337]LogModuleManager: Shutting down and abandoning module AssetRegistry (62)
[2017.01.15-11.13.36:302][337]LogModuleManager: Shutting down and abandoning module KismetCompiler (61)
[2017.01.15-11.13.36:302][337]LogModuleManager: Shutting down and abandoning module PhysXFormats (60)
[2017.01.15-11.13.36:302][337]LogModuleManager: Shutting down and abandoning module MeshUtilities (59)
[2017.01.15-11.13.36:302][337]LogModuleManager: Shutting down and abandoning module DerivedDataCache (58)
[2017.01.15-11.13.36:382][337]LogDerivedDataCache: Shutdown
[2017.01.15-11.13.36:382][337]LogModuleManager: Shutting down and abandoning module VulkanShaderFormat (57)
[2017.01.15-11.13.36:382][337]LogModuleManager: Shutting down and abandoning module ShaderFormatOpenGL (56)
[2017.01.15-11.13.36:382][337]LogModuleManager: Shutting down and abandoning module ShaderFormatD3D (55)
[2017.01.15-11.13.36:382][337]LogModuleManager: Shutting down and abandoning module MetalShaderFormat (54)
[2017.01.15-11.13.36:382][337]LogModuleManager: Shutting down and abandoning module TextureFormatUncompressed (53)
[2017.01.15-11.13.36:382][337]LogModuleManager: Shutting down and abandoning module TextureFormatPVR (52)
[2017.01.15-11.13.36:382][337]LogModuleManager: Shutting down and abandoning module TextureFormatIntelISPCTexComp (51)
[2017.01.15-11.13.36:382][337]LogModuleManager: Shutting down and abandoning module TextureFormatDXT (50)
[2017.01.15-11.13.36:382][337]LogModuleManager: Shutting down and abandoning module ImageWrapper (49)
[2017.01.15-11.13.36:382][337]LogModuleManager: Shutting down and abandoning module TextureFormatASTC (48)
[2017.01.15-11.13.36:382][337]LogModuleManager: Shutting down and abandoning module TextureFormatAndroid (47)
[2017.01.15-11.13.36:382][337]LogModuleManager: Shutting down and abandoning module AudioFormatOpus (46)
[2017.01.15-11.13.36:382][337]LogModuleManager: Shutting down and abandoning module AudioFormatOgg (45)
[2017.01.15-11.13.36:382][337]LogModuleManager: Shutting down and abandoning module AudioFormatADPCM (44)
[2017.01.15-11.13.36:382][337]LogModuleManager: Shutting down and abandoning module LinuxTargetPlatform (43)
[2017.01.15-11.13.36:382][337]LogModuleManager: Shutting down and abandoning module LinuxServerTargetPlatform (42)
[2017.01.15-11.13.36:382][337]LogModuleManager: Shutting down and abandoning module LinuxNoEditorTargetPlatform (41)
[2017.01.15-11.13.36:382][337]LogModuleManager: Shutting down and abandoning module TVOSTargetPlatform (40)
[2017.01.15-11.13.36:382][337]LogModuleManager: Shutting down and abandoning module Messaging (39)
[2017.01.15-11.13.36:382][337]LogModuleManager: Shutting down and abandoning module IOSTargetPlatform (38)
[2017.01.15-11.13.36:382][337]LogModuleManager: Shutting down and abandoning module HTML5TargetPlatform (37)
[2017.01.15-11.13.36:382][337]LogModuleManager: Shutting down and abandoning module Android_PVRTCTargetPlatform (36)
[2017.01.15-11.13.36:382][337]LogModuleManager: Shutting down and abandoning module Android_MultiTargetPlatform (35)
[2017.01.15-11.13.36:382][337]LogModuleManager: Shutting down and abandoning module Android_ETC2TargetPlatform (34)
[2017.01.15-11.13.36:382][337]LogModuleManager: Shutting down and abandoning module Android_ETC1TargetPlatform (33)
[2017.01.15-11.13.36:382][337]LogModuleManager: Shutting down and abandoning module Android_DXTTargetPlatform (32)
[2017.01.15-11.13.36:382][337]LogModuleManager: Shutting down and abandoning module Android_ATCTargetPlatform (31)
[2017.01.15-11.13.36:382][337]LogModuleManager: Shutting down and abandoning module Android_ASTCTargetPlatform (30)
[2017.01.15-11.13.36:382][337]LogModuleManager: Shutting down and abandoning module AndroidTargetPlatform (29)
[2017.01.15-11.13.36:382][337]LogModuleManager: Shutting down and abandoning module WindowsTargetPlatform (28)
[2017.01.15-11.13.36:383][337]LogModuleManager: Shutting down and abandoning module WindowsServerTargetPlatform (27)
[2017.01.15-11.13.36:383][337]LogModuleManager: Shutting down and abandoning module WindowsNoEditorTargetPlatform (26)
[2017.01.15-11.13.36:383][337]LogModuleManager: Shutting down and abandoning module WindowsClientTargetPlatform (25)
[2017.01.15-11.13.36:383][337]LogModuleManager: Shutting down and abandoning module AllDesktopTargetPlatform (24)
[2017.01.15-11.13.36:383][337]LogModuleManager: Shutting down and abandoning module TargetPlatform (23)
[2017.01.15-11.13.36:383][337]LogModuleManager: Shutting down and abandoning module InputCore (22)
[2017.01.15-11.13.36:383][337]LogModuleManager: Shutting down and abandoning module Settings (21)
[2017.01.15-11.13.36:383][337]LogModuleManager: Shutting down and abandoning module OnlineSubsystem (19)
[2017.01.15-11.13.36:383][337]LogModuleManager: Shutting down and abandoning module HTTP (18)
[2017.01.15-11.13.37:884][337]LogModuleManager: Shutting down and abandoning module XMPP (17)
[2017.01.15-11.13.37:884][337]LogModuleManager: Shutting down and abandoning module OculusRift (16)
[2017.01.15-11.13.37:884][337]LogModuleManager: Shutting down and abandoning module ExampleDeviceProfileSelector (15)
[2017.01.15-11.13.37:884][337]LogModuleManager: Shutting down and abandoning module TextureCompressor (14)
[2017.01.15-11.13.37:884][337]LogModuleManager: Shutting down and abandoning module ShaderCore (13)
[2017.01.15-11.13.37:884][337]LogModuleManager: Shutting down and abandoning module Landscape (12)
[2017.01.15-11.13.37:884][337]LogModuleManager: Shutting down and abandoning module SlateRHIRenderer (11)
[2017.01.15-11.13.37:893][337]LogModuleManager: Shutting down and abandoning module OpenGLDrv (10)
[2017.01.15-11.13.37:893][337]LogModuleManager: Shutting down and abandoning module D3D11RHI (9)
[2017.01.15-11.13.37:893][337]LogModuleManager: Shutting down and abandoning module AnimGraphRuntime (8)
[2017.01.15-11.13.37:893][337]LogModuleManager: Shutting down and abandoning module Renderer (7)
[2017.01.15-11.13.37:893][337]LogModuleManager: Shutting down and abandoning module Engine (6)
[2017.01.15-11.13.37:893][337]LogModuleManager: Shutting down and abandoning module CoreUObject (5)
[2017.01.15-11.13.37:893][337]LogModuleManager: Shutting down and abandoning module NetworkFile (4)
[2017.01.15-11.13.37:893][337]LogModuleManager: Shutting down and abandoning module StreamingFile (3)
[2017.01.15-11.13.37:893][337]LogModuleManager: Shutting down and abandoning module SandboxFile (2)
[2017.01.15-11.13.37:893][337]LogModuleManager: Shutting down and abandoning module PakFile (1)
[2017.01.15-11.13.37:895][337]LogExit: Exiting.
[2017.01.15-11.13.37:920][337]Log file closed, 01/15/17 12:13:37
