Log file open, 01/13/17 22:37:16
LogInit:Display: Running engine for game: Project_Nomand
LogPlatformFile: Not using cached read wrapper
LogInit:Display: RandInit(1643301605) SRandInit(1643301607).
LogTaskGraph: Started task graph with 4 named threads and 5 total threads with 1 sets of task threads.
LogStats: Stats thread started at 0.064962
LogInit: Version: 4.12.5-3039270+++UE4+Release-4.12
LogInit: API Version: 2992821
LogInit: Net Version: 3039270
LogDevObjectVersion: Number of dev versions registered: 13
LogDevObjectVersion:   Dev-Blueprints (B0D832E4-1F89-4F0D-ACCF-7EB736FD4AA2): 3
LogDevObjectVersion:   Dev-Build (E1C64328-A22C-4D53-A36C-8E866417BD8C): 0
LogDevObjectVersion:   Dev-Core (375EC13C-06E4-48FB-B500-84F0262A717E): 1
LogDevObjectVersion:   Dev-Editor (E4B068ED-F494-42E9-A231-DA0B2E46BB41): 2
LogDevObjectVersion:   Dev-Framework (CFFC743F-43B0-4480-9391-14DF171D2073): 6
LogDevObjectVersion:   Dev-Mobile (B02B49B5-BB20-44E9-A304-32B752E40360): 0
LogDevObjectVersion:   Dev-Networking (A4E4105C-59A1-49B5-A7C5-40C4547EDFEE): 0
LogDevObjectVersion:   Dev-Online (39C831C9-5AE6-47DC-9A44-9C173E1C8E7C): 0
LogDevObjectVersion:   Dev-Physics (78F01B33-EBEA-4F98-B9B4-84EACCB95AA2): 0
LogDevObjectVersion:   Dev-Platform (6631380F-2D4D-43E0-8009-CF276956A95A): 0
LogDevObjectVersion:   Dev-Rendering (12F88B9F-8875-4AFC-A67C-D90C383ABD29): 2
LogDevObjectVersion:   Dev-Sequencer (7B5AE74C-D270-4C10-A958-57980B212A5A): 0
LogDevObjectVersion:   Dev-VR (D7296918-1DD6-4BDD-9DE2-64A83CC13884): 0
LogInit: Compiled (64-bit): Jul  6 2016 09:09:46
LogInit: Compiled with Visual C++: 19.00.23026.00
LogInit: Build Configuration: Development
LogInit: Branch Name: ++UE4+Release-4.12
LogInit: Command line:  
LogInit: Base directory: C:/Program Files (x86)/Epic Games/4.12/Engine/Binaries/Win64/
LogInit: Installed Engine Build: 1
LogInit: Using libcurl 7.41.0
LogInit:  - built for x86_64-pc-win32
LogInit:  - supports SSL with WinSSL
LogInit:  - other features:
LogInit:      CURL_VERSION_SSL
LogInit:      CURL_VERSION_IPV6
LogInit:      CURL_VERSION_ASYNCHDNS
LogInit:      CURL_VERSION_LARGEFILE
LogInit:      CURL_VERSION_IDN
LogInit:  CurlRequestOptions (configurable via config and command line):
LogInit:  - bVerifyPeer = true  - Libcurl will verify peer certificate
LogInit:  - bUseHttpProxy = false  - Libcurl will NOT use HTTP proxy
LogInit:  - bDontReuseConnections = false  - Libcurl will reuse connections
LogInit:  - CertBundlePath = nullptr  - Libcurl will use whatever was configured at build time.
LogInit: Presizing for max 8388607 objects, including 0 objects not considered by GC, pre-allocating 0 bytes for permanent pool.
LogInit: Object subsystem initialized
[2017.01.13-21.37.16:803][  0]LogInit: Selected Device Profile: [Windows]
[2017.01.13-21.37.16:803][  0]LogInit: Applying CVar settings loaded from the selected device profile: [Windows]
[2017.01.13-21.37.16:818][  0]LogInit: Computer: LAPTOP-CU7OM3L4
[2017.01.13-21.37.16:818][  0]LogInit: User: Alquesh
[2017.01.13-21.37.16:818][  0]LogInit: CPU Page size=65536, Cores=2
[2017.01.13-21.37.16:818][  0]LogInit: High frequency timer resolution =2.648436 MHz
[2017.01.13-21.37.16:818][  0]LogMemory: Memory total: Physical=7.9GB (8GB approx)
[2017.01.13-21.37.16:818][  0]LogMemory: Platform Memory Stats for Windows
[2017.01.13-21.37.16:819][  0]LogMemory: Process Physical Memory: 190.99 MB used, 190.99 MB peak
[2017.01.13-21.37.16:819][  0]LogMemory: Process Virtual Memory: 195.04 MB used, 195.04 MB peak
[2017.01.13-21.37.16:819][  0]LogMemory: Physical Memory: 3452.64 MB used, 8060.13 MB total
[2017.01.13-21.37.16:819][  0]LogMemory: Virtual Memory: 539.49 MB used, 134217728.00 MB total
[2017.01.13-21.37.16:869][  0]LogTextLocalizationManager: No translations for ('de-DE') exist, falling back to 'en' for localization and internationalization data.
[2017.01.13-21.37.17:325][  0]LogD3D11RHI: D3D11 adapters:
[2017.01.13-21.37.17:369][  0]LogD3D11RHI:    0. 'NVIDIA GeForce GTX 950M         ' (Feature Level 11_0)
[2017.01.13-21.37.17:369][  0]LogD3D11RHI:       1995/0/4030 MB DedicatedVideo/DedicatedSystem/SharedSystem, Outputs:2, VendorId:0x10de
[2017.01.13-21.37.17:380][  0]LogD3D11RHI:    1. 'Intel(R) HD Graphics 620' (Feature Level 11_0)
[2017.01.13-21.37.17:380][  0]LogD3D11RHI:       128/0/4030 MB DedicatedVideo/DedicatedSystem/SharedSystem, Outputs:0, VendorId:0x8086
[2017.01.13-21.37.17:382][  0]LogD3D11RHI:    2. 'Microsoft Basic Render Driver' (Feature Level 11_0)
[2017.01.13-21.37.17:382][  0]LogD3D11RHI:       0/0/4030 MB DedicatedVideo/DedicatedSystem/SharedSystem, Outputs:0, VendorId:0x1414
[2017.01.13-21.37.17:382][  0]LogD3D11RHI: Chosen D3D11 Adapter: 0
[2017.01.13-21.37.17:387][  0]LogD3D11RHI: Creating new Direct3DDevice
[2017.01.13-21.37.17:387][  0]LogD3D11RHI:     GPU DeviceId: 0x139a (for the marketing name, search the web for "GPU Device Id")
[2017.01.13-21.37.17:387][  0]LogWindows: EnumDisplayDevices:
[2017.01.13-21.37.17:387][  0]LogWindows:    0. 'Intel(R) HD Graphics 620' (P:1 D:1)
[2017.01.13-21.37.17:387][  0]LogWindows:    1. 'Intel(R) HD Graphics 620' (P:0 D:1)
[2017.01.13-21.37.17:387][  0]LogWindows:    2. 'Intel(R) HD Graphics 620' (P:0 D:0)
[2017.01.13-21.37.17:387][  0]LogWindows: DebugString: PrimaryIsNotTheChoosenAdapter PrimaryIsNotTheChoosenAdapter PrimaryIsNotTheChoosenAdapter FoundDriverCount:0 
[2017.01.13-21.37.17:387][  0]LogD3D11RHI:     Adapter Name: NVIDIA GeForce GTX 950M         
[2017.01.13-21.37.17:387][  0]LogD3D11RHI:   Driver Version: Unknown (internal:Unknown, unified:Unknown)
[2017.01.13-21.37.17:387][  0]LogD3D11RHI:      Driver Date: Unknown
[2017.01.13-21.37.17:387][  0]LogRHI: Texture pool is 1361 MB (70% of 1945 MB)
[2017.01.13-21.37.17:406][  0]LogD3D11RHI: Async texture creation enabled
[2017.01.13-21.37.17:425][  0]LogD3D11RHI: GPU Timing Frequency: 1000.000000 (Debug: 2 2)
[2017.01.13-21.37.17:425][  0]LogShaderCompilers: Guid format shader working directory is -39 characters bigger than the processId version (../../../../../../Users/Alquesh/Documents/Unreal Projects/project_nomad/Project_Nomand/Intermediate/Shaders/WorkingDirectory/11432/).
[2017.01.13-21.37.17:425][  0]LogShaderCompilers: Cleaned the shader compiler working directory 'C:/Users/Alquesh/AppData/Local/Temp/UnrealShaderWorkingDir/E0B3A327414C281F2F6AE4B8DECA1D9E/'.
[2017.01.13-21.37.17:425][  0]LogShaderCompilers:Display: Using Local Shader Compiler.
[2017.01.13-21.37.18:534][  0]LogTemp:Display: Loaded TP AllDesktopTargetPlatform
[2017.01.13-21.37.18:545][  0]LogTemp:Display: Loaded TP WindowsClientTargetPlatform
[2017.01.13-21.37.18:556][  0]LogTemp:Display: Loaded TP WindowsNoEditorTargetPlatform
[2017.01.13-21.37.18:568][  0]LogTemp:Display: Loaded TP WindowsServerTargetPlatform
[2017.01.13-21.37.18:579][  0]LogTemp:Display: Loaded TP WindowsTargetPlatform
[2017.01.13-21.37.18:589][  0]LogTemp:Display: Loaded TP AndroidTargetPlatform
[2017.01.13-21.37.18:598][  0]LogTemp:Display: Loaded TP Android_ASTCTargetPlatform
[2017.01.13-21.37.18:607][  0]LogTemp:Display: Loaded TP Android_ATCTargetPlatform
[2017.01.13-21.37.18:616][  0]LogTemp:Display: Loaded TP Android_DXTTargetPlatform
[2017.01.13-21.37.18:624][  0]LogTemp:Display: Loaded TP Android_ETC1TargetPlatform
[2017.01.13-21.37.18:632][  0]LogTemp:Display: Loaded TP Android_ETC2TargetPlatform
[2017.01.13-21.37.18:651][  0]LogTemp:Display: Loaded TP Android_MultiTargetPlatform
[2017.01.13-21.37.18:651][  0]LogTemp:Display: Loaded TP Android_PVRTCTargetPlatform
[2017.01.13-21.37.18:652][  0]LogTemp:Display: Loaded TP HTML5TargetPlatform
[2017.01.13-21.37.18:676][  0]LogTemp:Display: Loaded TP IOSTargetPlatform
[2017.01.13-21.37.18:686][  0]LogTemp:Display: Loaded TP TVOSTargetPlatform
[2017.01.13-21.37.18:697][  0]LogTemp:Display: Loaded TP LinuxNoEditorTargetPlatform
[2017.01.13-21.37.18:705][  0]LogTemp:Display: Loaded TP LinuxServerTargetPlatform
[2017.01.13-21.37.18:714][  0]LogTemp:Display: Loaded TP LinuxTargetPlatform
[2017.01.13-21.37.18:714][  0]LogTargetPlatformManager:Display: Building Assets For Windows
[2017.01.13-21.37.18:816][  0]LogDerivedDataCache:Display: Max Cache Size: 512 MB
[2017.01.13-21.37.18:883][  0]LogDerivedDataCache: Loaded boot cache 0.07s 48MB C:/Users/Alquesh/AppData/Local/UnrealEngine/4.12/DerivedDataCache/Boot.ddc.
[2017.01.13-21.37.18:884][  0]LogDerivedDataCache:Display: Loaded Boot cache: C:/Users/Alquesh/AppData/Local/UnrealEngine/4.12/DerivedDataCache/Boot.ddc
[2017.01.13-21.37.18:884][  0]LogDerivedDataCache: FDerivedDataBackendGraph:  Pak pak cache file ../../../../../../Users/Alquesh/Documents/Unreal Projects/project_nomad/Project_Nomand/DerivedDataCache/DDC.ddp not found, will not use a pak cache.
[2017.01.13-21.37.18:884][  0]LogDerivedDataCache: Unable to find inner node Pak for hierarchical cache Hierarchy.
[2017.01.13-21.37.18:884][  0]LogDerivedDataCache: FDerivedDataBackendGraph:  CompressedPak pak cache file ../../../../../../Users/Alquesh/Documents/Unreal Projects/project_nomad/Project_Nomand/DerivedDataCache/Compressed.ddp not found, will not use a pak cache.
[2017.01.13-21.37.18:884][  0]LogDerivedDataCache: Unable to find inner node CompressedPak for hierarchical cache Hierarchy.
[2017.01.13-21.37.18:901][  0]LogDerivedDataCache:Display: Pak cache opened for reading ../../../Engine/DerivedDataCache/Compressed.ddp.
[2017.01.13-21.37.18:913][  0]LogDerivedDataCache: Using Local data cache path C:/Users/Alquesh/AppData/Local/UnrealEngine/Common/DerivedDataCache: Writable
[2017.01.13-21.37.19:126][  0]LogInit: Selected Device Profile: [Windows]
[2017.01.13-21.37.19:126][  0]LogContentStreaming: Texture pool size is 0.00 MB
[2017.01.13-21.37.19:310][  0]LogMeshUtilities: No automatic mesh reduction module available
[2017.01.13-21.37.19:310][  0]LogMeshUtilities: No automatic mesh merging module available
[2017.01.13-21.37.19:310][  0]LogMeshUtilities: No distributed automatic mesh merging module available
[2017.01.13-21.37.19:617][  0]LogAssetRegistry: FAssetRegistry took 0.0216 seconds to start up
[2017.01.13-21.37.19:647][  0]LogPackageLocalizationCache: Processed 3 localized package path(s) for 1 prioritized culture(s) in 0.024481 seconds
[2017.01.13-21.37.19:655][  0]LogUObjectArray: 28739 objects as part of root set at end of initial load.
[2017.01.13-21.37.19:655][  0]LogUObjectAllocator: 5855632 out of 0 bytes used by permanent object pool.
[2017.01.13-21.37.19:655][  0]LogUObjectArray: CloseDisregardForGC: 0/0 objects in disregard for GC pool
[2017.01.13-21.37.19:668][  0]LogInit: WinSock: version 1.1 (2.2), MaxSocks=32767, MaxUdp=65467
[2017.01.13-21.37.19:898][  0]LogSlate: SlateFontCache - WITH_FREETYPE: 1, WITH_HARFBUZZ: 1
[2017.01.13-21.37.19:898][  0]LogSlate: SlateFontCache - WITH_FREETYPE: 1, WITH_HARFBUZZ: 1
[2017.01.13-21.37.20:643][  0]LogUdpMessaging: Initializing bridge on interface 0.0.0.0:0 to multicast group 230.0.0.1:6666.
[2017.01.13-21.37.20:910][  0]SourceControl: Info Source control is disabled
[2017.01.13-21.37.21:244][  0]LogEngine: Initializing Engine...
[2017.01.13-21.37.21:246][  0]LogHMD: SteamVR failed to initialize.  Err: 110
[2017.01.13-21.37.21:247][  0]LogHMD: SteamVR failed to initialize.  Err: 110
[2017.01.13-21.37.21:407][  0]LogAIModule: Creating AISystem for world NewWorld
[2017.01.13-21.37.21:411][  0]LogInit: XAudio2 using 'Lautsprecher (Realtek High Definition Audio)' : 2 channels at 48 kHz using 32 bits per sample (channel mask 0x3)
[2017.01.13-21.37.21:429][  0]LogInit: FAudioDevice initialized.
[2017.01.13-21.37.21:464][  0]LogDerivedDataCache: Saved boot cache 0.04s 48MB C:/Users/Alquesh/AppData/Local/UnrealEngine/4.12/DerivedDataCache/Boot.ddc.
[2017.01.13-21.37.21:471][  0]LogInit: Texture streaming: Enabled
[2017.01.13-21.37.21:501][  0]LogInit: Transaction tracking system initialized
[2017.01.13-21.37.21:535][  0]BlueprintLog: New page: Editor Load
[2017.01.13-21.37.21:629][  0]LocalizationService: Info Localization service is disabled
[2017.01.13-21.37.21:708][  0]LogConsoleResponse:Display: 
[2017.01.13-21.37.21:911][  0]LogCook:Display: Max memory allowance for cook 8192mb
[2017.01.13-21.37.21:911][  0]LogCook:Display: Mobile HDR setting 1
[2017.01.13-21.37.22:134][  0]LogFileCache: Scanning file cache for directory 'C:/Users/Alquesh/Documents/Unreal Projects/project_nomad/Project_Nomand/Content/' took 0.04s
[2017.01.13-21.37.55:596][  0]LogWindowsTextInputMethodSystem:Display: IME system now deactivated.
[2017.01.13-21.37.55:617][  0]LogWindowsTextInputMethodSystem:Display: IME system now deactivated.
[2017.01.13-21.37.59:868][  0]LogWindowsTextInputMethodSystem:Display: IME system now deactivated.
[2017.01.13-21.37.59:940][  0]LogWindowsTextInputMethodSystem:Display: IME system now deactivated.
[2017.01.13-21.37.59:941][  0]Cmd: MAP LOAD FILE="../../../../../../Users/Alquesh/Documents/Unreal Projects/project_nomad/Project_Nomand/Content/Map/Map.umap" TEMPLATE=0 SHOWPROGRESS=1 FEATURELEVEL=3
[2017.01.13-21.37.59:943][  0]LightingResults: New page: Lighting Build
[2017.01.13-21.37.59:987][  0]MapCheck: New page: Map Check
[2017.01.13-21.37.59:987][  0]LightingResults: New page: Lighting Build
[2017.01.13-21.38.02:352][  0]LogAIModule: Creating AISystem for world Map
[2017.01.13-21.38.02:537][  0]LogEditorServer: Finished looking for orphan Actors (0.000 secs)
[2017.01.13-21.38.02:542][  0]Cmd: MAP CHECKDEP NOCLEARLOG
[2017.01.13-21.38.02:723][  0]MapCheck: Info Map check complete: 0 Error(s), 0 Warning(s), took 181.599ms to complete.
[2017.01.13-21.38.02:723][  0]LogFileHelpers: Loading map 'Map' took 2.782
[2017.01.13-21.38.02:726][  0]LogWindowsTextInputMethodSystem:Display: IME system now deactivated.
[2017.01.13-21.38.02:919][  0]LogStats:Warning: MetaData mismatch. Did you assign a stat to two groups? New //STATGROUP_Threads//SplashScreenThread///Thread_2bec_0///####STATCAT_Advanced#### old //STATGROUP_Threads//SplashScreenThread///Thread_16c0_0///####STATCAT_Advanced####
[2017.01.13-21.38.02:920][  0]LogCollectionManager: Loaded 0 collections in 0.002009 seconds
[2017.01.13-21.38.02:974][  0]LogFileCache: Scanning file cache for directory 'C:/Users/Alquesh/Documents/Unreal Projects/project_nomad/Project_Nomand/Saved/Collections/' took 0.01s
[2017.01.13-21.38.02:974][  0]LogFileCache: Scanning file cache for directory 'C:/Users/Alquesh/Documents/Unreal Projects/project_nomad/Project_Nomand/Content/Developers/Alquesh/Collections/' took 0.01s
[2017.01.13-21.38.02:974][  0]LogFileCache: Scanning file cache for directory 'C:/Users/Alquesh/Documents/Unreal Projects/project_nomad/Project_Nomand/Content/Collections/' took 0.01s
[2017.01.13-21.38.02:974][  0]LogCollectionManager: Rebuilt the GUID cache for 0 collections in 0.000003 seconds
[2017.01.13-21.38.02:983][  0]LogContentBrowser: Native class hierarchy populated in 0.0089 seconds. Added 2047 classes and 369 folders.
[2017.01.13-21.38.02:986][  0]LogStats: UGameplayTagsManager::ConstructGameplayTagTree: Construct from data asset -  0.000 s
[2017.01.13-21.38.02:986][  0]LogStats: UGameplayTagsManager::ConstructGameplayTagTree: GameplayTagTreeChangedEvent.Broadcast -  0.000 s
[2017.01.13-21.38.02:987][  0]LogContentBrowser: Native class hierarchy updated for 'GameplayTags' in 0.0005 seconds. Added 12 classes and 0 folders.
[2017.01.13-21.38.02:992][  0]LogContentBrowser: Native class hierarchy updated for 'WidgetCarousel' in 0.0004 seconds. Added 0 classes and 0 folders.
[2017.01.13-21.38.03:054][  0]LogContentBrowser: Native class hierarchy updated for 'AddContentDialog' in 0.0005 seconds. Added 0 classes and 0 folders.
[2017.01.13-21.38.03:059][  0]LogContentBrowser: Native class hierarchy updated for 'SceneOutliner' in 0.0004 seconds. Added 1 classes and 2 folders.
[2017.01.13-21.38.03:137][  0]LogCrashTracker: Crashtracker disabled due to settings.
[2017.01.13-21.38.03:141][  0]LogUObjectGlobals:Warning: Failed to find object 'Class None.'
[2017.01.13-21.38.03:171][  0]LogContentBrowser: Native class hierarchy updated for 'HierarchicalLODOutliner' in 0.0005 seconds. Added 1 classes and 2 folders.
[2017.01.13-21.38.03:171][  0]LogLoad: Full Startup: 47.24 seconds (BP compile: 0.62 seconds)
[2017.01.13-21.38.03:171][  0]LogExternalProfiler: No external profilers were discovered.  External profiling features will not be available.
[2017.01.13-21.38.03:188][  0]LogOcInput: OculusInput pre-init called
[2017.01.13-21.38.03:217][  0]LogContentStreaming: Texture pool size now 700 MB
[2017.01.13-21.38.03:474][  0]LogRenderer: Reallocating scene render targets to support 1200x624 (Frame:2).
[2017.01.13-21.38.03:636][  1]Cmd: UpdateLandscapeEditorData -warnings
[2017.01.13-21.38.03:638][  1]LogCollectionManager: Rebuilt the object cache for 0 collections in 0.000001 seconds (found 0 objects)
[2017.01.13-21.38.03:801][  3]LogAssetRegistry: Asset discovery search completed in 44.2052 seconds
[2017.01.13-21.38.03:801][  3]LogCollectionManager: Fixed up redirectors for 0 collections in 0.000005 seconds (updated 0 objects)
[2017.01.13-21.38.17:708][618]LogSlate:Warning: Prevented a slow task dialog from being summoned while a context menu was open
[2017.01.13-21.38.17:726][618]LogLinker:Warning: Can't find file '/Game/InfinityBladeAdversaries/Enemy/Enemy_Great_Spider/Materials/CharM_Greater_Spider_Ice'
[2017.01.13-21.38.17:726][618]LogLinker:Warning: Can't find file for asset '/Game/InfinityBladeAdversaries/Enemy/Enemy_Great_Spider/Materials/CharM_Greater_Spider_Ice' while loading ../../../../../../Users/Alquesh/Documents/Unreal Projects/project_nomad/Project_Nomand/Content/InfinityBladeAdversaries/Maps/Overview.umap.
[2017.01.13-21.38.17:726][618]LoadErrors:Error: Error /Game/InfinityBladeAdversaries/Maps/Overview : Can't find file for asset. /Game/InfinityBladeAdversaries/Enemy/Enemy_Great_Spider/Materials/CharM_Greater_Spider_Ice
[2017.01.13-21.38.17:728][618]LogLinker:Warning: Can't find file '/Game/InfinityBladeAdversaries/Enemy/Enemy_Spiderling/Materials/CharM_Spiderling'
[2017.01.13-21.38.17:728][618]LogLinker:Warning: Can't find file for asset '/Game/InfinityBladeAdversaries/Enemy/Enemy_Spiderling/Materials/CharM_Spiderling' while loading ../../../../../../Users/Alquesh/Documents/Unreal Projects/project_nomad/Project_Nomand/Content/InfinityBladeAdversaries/Maps/Overview.umap.
[2017.01.13-21.38.17:728][618]LoadErrors:Error: Error /Game/InfinityBladeAdversaries/Maps/Overview : Can't find file for asset. /Game/InfinityBladeAdversaries/Enemy/Enemy_Spiderling/Materials/CharM_Spiderling
[2017.01.13-21.38.17:728][618]LogLinker:Warning: Can't find file '/Game/InfinityBladeAdversaries/Enemy/Enemy_Spiderling/Materials/CharM_Spiderling_redish'
[2017.01.13-21.38.17:728][618]LogLinker:Warning: Can't find file for asset '/Game/InfinityBladeAdversaries/Enemy/Enemy_Spiderling/Materials/CharM_Spiderling_redish' while loading ../../../../../../Users/Alquesh/Documents/Unreal Projects/project_nomad/Project_Nomand/Content/InfinityBladeAdversaries/Maps/Overview.umap.
[2017.01.13-21.38.17:728][618]LoadErrors:Error: Error /Game/InfinityBladeAdversaries/Maps/Overview : Can't find file for asset. /Game/InfinityBladeAdversaries/Enemy/Enemy_Spiderling/Materials/CharM_Spiderling_redish
[2017.01.13-21.38.17:766][618]LogLinker:Warning: Can't find file '/Game/InfinityBladeAdversaries/Enemy/Elemental_Robot/SK_Elemental_Boss_Robot'
[2017.01.13-21.38.17:766][618]LogLinker:Warning: Can't find file for asset '/Game/InfinityBladeAdversaries/Enemy/Elemental_Robot/SK_Elemental_Boss_Robot' while loading ../../../../../../Users/Alquesh/Documents/Unreal Projects/project_nomad/Project_Nomand/Content/InfinityBladeAdversaries/Maps/Overview.umap.
[2017.01.13-21.38.17:766][618]LoadErrors:Error: Error /Game/InfinityBladeAdversaries/Maps/Overview : Can't find file for asset. /Game/InfinityBladeAdversaries/Enemy/Elemental_Robot/SK_Elemental_Boss_Robot
[2017.01.13-21.38.17:766][618]LogLinker:Warning: Can't find file '/Game/InfinityBladeAdversaries/Enemy/Elemental_Robot/SK_Elemental_Robot'
[2017.01.13-21.38.17:766][618]LogLinker:Warning: Can't find file for asset '/Game/InfinityBladeAdversaries/Enemy/Elemental_Robot/SK_Elemental_Robot' while loading ../../../../../../Users/Alquesh/Documents/Unreal Projects/project_nomad/Project_Nomand/Content/InfinityBladeAdversaries/Maps/Overview.umap.
[2017.01.13-21.38.17:766][618]LoadErrors:Error: Error /Game/InfinityBladeAdversaries/Maps/Overview : Can't find file for asset. /Game/InfinityBladeAdversaries/Enemy/Elemental_Robot/SK_Elemental_Robot
[2017.01.13-21.38.17:768][618]LogLinker:Warning: Can't find file '/Game/InfinityBladeAdversaries/Enemy/Enemy_Chicken/S_Survival_CA_Chicken'
[2017.01.13-21.38.17:769][618]LogLinker:Warning: Can't find file for asset '/Game/InfinityBladeAdversaries/Enemy/Enemy_Chicken/S_Survival_CA_Chicken' while loading ../../../../../../Users/Alquesh/Documents/Unreal Projects/project_nomad/Project_Nomand/Content/InfinityBladeAdversaries/Maps/Overview.umap.
[2017.01.13-21.38.17:769][618]LoadErrors:Error: Error /Game/InfinityBladeAdversaries/Maps/Overview : Can't find file for asset. /Game/InfinityBladeAdversaries/Enemy/Enemy_Chicken/S_Survival_CA_Chicken
[2017.01.13-21.38.17:769][618]LogLinker:Warning: Can't find file '/Game/InfinityBladeAdversaries/Enemy/Enemy_Clot_Worm/SK_Enemy_Clot_Worm'
[2017.01.13-21.38.17:769][618]LogLinker:Warning: Can't find file for asset '/Game/InfinityBladeAdversaries/Enemy/Enemy_Clot_Worm/SK_Enemy_Clot_Worm' while loading ../../../../../../Users/Alquesh/Documents/Unreal Projects/project_nomad/Project_Nomand/Content/InfinityBladeAdversaries/Maps/Overview.umap.
[2017.01.13-21.38.17:769][618]LoadErrors:Error: Error /Game/InfinityBladeAdversaries/Maps/Overview : Can't find file for asset. /Game/InfinityBladeAdversaries/Enemy/Enemy_Clot_Worm/SK_Enemy_Clot_Worm
[2017.01.13-21.38.17:808][618]LogLinker:Warning: Can't find file '/Game/InfinityBladeAdversaries/Enemy/Enemy_Great_Spider/Materials/CharM_Greater_Spider_Ice'
[2017.01.13-21.38.17:808][618]LogLinker:Warning: Can't find file for asset '/Game/InfinityBladeAdversaries/Enemy/Enemy_Great_Spider/Materials/CharM_Greater_Spider_Ice' while loading ../../../../../../Users/Alquesh/Documents/Unreal Projects/project_nomad/Project_Nomand/Content/InfinityBladeAdversaries/Maps/Overview.umap.
[2017.01.13-21.38.17:808][618]LogLinker:Warning: Can't find file '/Game/InfinityBladeAdversaries/Enemy/Enemy_Great_Spider/SK_Greater_Spider'
[2017.01.13-21.38.17:808][618]LogLinker:Warning: Can't find file for asset '/Game/InfinityBladeAdversaries/Enemy/Enemy_Great_Spider/SK_Greater_Spider' while loading ../../../../../../Users/Alquesh/Documents/Unreal Projects/project_nomad/Project_Nomand/Content/InfinityBladeAdversaries/Maps/Overview.umap.
[2017.01.13-21.38.17:808][618]LoadErrors:Error: Error /Game/InfinityBladeAdversaries/Maps/Overview : Can't find file for asset. /Game/InfinityBladeAdversaries/Enemy/Enemy_Great_Spider/SK_Greater_Spider
[2017.01.13-21.38.17:871][618]LogLinker:Warning: Can't find file '/Game/InfinityBladeAdversaries/Enemy/Enemy_Robo_Golem/SK_Robo_Golem'
[2017.01.13-21.38.17:871][618]LogLinker:Warning: Can't find file for asset '/Game/InfinityBladeAdversaries/Enemy/Enemy_Robo_Golem/SK_Robo_Golem' while loading ../../../../../../Users/Alquesh/Documents/Unreal Projects/project_nomad/Project_Nomand/Content/InfinityBladeAdversaries/Maps/Overview.umap.
[2017.01.13-21.38.17:872][618]LoadErrors:Error: Error /Game/InfinityBladeAdversaries/Maps/Overview : Can't find file for asset. /Game/InfinityBladeAdversaries/Enemy/Enemy_Robo_Golem/SK_Robo_Golem
[2017.01.13-21.38.17:872][618]LogLinker:Warning: Can't find file '/Game/InfinityBladeAdversaries/Enemy/Enemy_Robo_Golem/SK_Robo_Golem_Melee'
[2017.01.13-21.38.17:872][618]LogLinker:Warning: Can't find file for asset '/Game/InfinityBladeAdversaries/Enemy/Enemy_Robo_Golem/SK_Robo_Golem_Melee' while loading ../../../../../../Users/Alquesh/Documents/Unreal Projects/project_nomad/Project_Nomand/Content/InfinityBladeAdversaries/Maps/Overview.umap.
[2017.01.13-21.38.17:872][618]LoadErrors:Error: Error /Game/InfinityBladeAdversaries/Maps/Overview : Can't find file for asset. /Game/InfinityBladeAdversaries/Enemy/Enemy_Robo_Golem/SK_Robo_Golem_Melee
[2017.01.13-21.38.17:872][618]LogLinker:Warning: Can't find file '/Game/InfinityBladeAdversaries/Enemy/Enemy_Spiderling/Materials/CharM_Spiderling'
[2017.01.13-21.38.17:872][618]LogLinker:Warning: Can't find file for asset '/Game/InfinityBladeAdversaries/Enemy/Enemy_Spiderling/Materials/CharM_Spiderling' while loading ../../../../../../Users/Alquesh/Documents/Unreal Projects/project_nomad/Project_Nomand/Content/InfinityBladeAdversaries/Maps/Overview.umap.
[2017.01.13-21.38.17:873][618]LogLinker:Warning: Can't find file '/Game/InfinityBladeAdversaries/Enemy/Enemy_Spiderling/Materials/CharM_Spiderling_redish'
[2017.01.13-21.38.17:873][618]LogLinker:Warning: Can't find file for asset '/Game/InfinityBladeAdversaries/Enemy/Enemy_Spiderling/Materials/CharM_Spiderling_redish' while loading ../../../../../../Users/Alquesh/Documents/Unreal Projects/project_nomad/Project_Nomand/Content/InfinityBladeAdversaries/Maps/Overview.umap.
[2017.01.13-21.38.17:873][618]LogLinker:Warning: Can't find file '/Game/InfinityBladeAdversaries/Enemy/Enemy_Spiderling/SK_Spiderling'
[2017.01.13-21.38.17:873][618]LogLinker:Warning: Can't find file for asset '/Game/InfinityBladeAdversaries/Enemy/Enemy_Spiderling/SK_Spiderling' while loading ../../../../../../Users/Alquesh/Documents/Unreal Projects/project_nomad/Project_Nomand/Content/InfinityBladeAdversaries/Maps/Overview.umap.
[2017.01.13-21.38.17:873][618]LoadErrors:Error: Error /Game/InfinityBladeAdversaries/Maps/Overview : Can't find file for asset. /Game/InfinityBladeAdversaries/Enemy/Enemy_Spiderling/SK_Spiderling
[2017.01.13-21.38.17:873][618]LogLinker:Warning: Can't find file '/Game/InfinityBladeAdversaries/Enemy/Enemy_Task_Master/Enemy_Task_Master'
[2017.01.13-21.38.17:873][618]LogLinker:Warning: Can't find file for asset '/Game/InfinityBladeAdversaries/Enemy/Enemy_Task_Master/Enemy_Task_Master' while loading ../../../../../../Users/Alquesh/Documents/Unreal Projects/project_nomad/Project_Nomand/Content/InfinityBladeAdversaries/Maps/Overview.umap.
[2017.01.13-21.38.17:873][618]LoadErrors:Error: Error /Game/InfinityBladeAdversaries/Maps/Overview : Can't find file for asset. /Game/InfinityBladeAdversaries/Enemy/Enemy_Task_Master/Enemy_Task_Master
[2017.01.13-21.38.17:890][618]LogLinker:Warning: Can't find file '/Game/InfinityBladeAdversaries/Enemy/Elemental_Robot/SK_Elemental_Boss_Robot'
[2017.01.13-21.38.17:890][618]LogLinker:Warning: Can't find file for asset '/Game/InfinityBladeAdversaries/Enemy/Elemental_Robot/SK_Elemental_Boss_Robot' while loading ../../../../../../Users/Alquesh/Documents/Unreal Projects/project_nomad/Project_Nomand/Content/InfinityBladeAdversaries/Maps/Overview.umap.
[2017.01.13-21.38.17:891][618]LogLinker:Warning: Can't find file '/Game/InfinityBladeAdversaries/Enemy/Elemental_Robot/SK_Elemental_Robot'
[2017.01.13-21.38.17:891][618]LogLinker:Warning: Can't find file for asset '/Game/InfinityBladeAdversaries/Enemy/Elemental_Robot/SK_Elemental_Robot' while loading ../../../../../../Users/Alquesh/Documents/Unreal Projects/project_nomad/Project_Nomand/Content/InfinityBladeAdversaries/Maps/Overview.umap.
[2017.01.13-21.38.17:891][618]LogLinker:Warning: Can't find file '/Game/InfinityBladeAdversaries/Enemy/Enemy_Chicken/S_Survival_CA_Chicken'
[2017.01.13-21.38.17:891][618]LogLinker:Warning: Can't find file for asset '/Game/InfinityBladeAdversaries/Enemy/Enemy_Chicken/S_Survival_CA_Chicken' while loading ../../../../../../Users/Alquesh/Documents/Unreal Projects/project_nomad/Project_Nomand/Content/InfinityBladeAdversaries/Maps/Overview.umap.
[2017.01.13-21.38.17:891][618]LogLinker:Warning: Can't find file '/Game/InfinityBladeAdversaries/Enemy/Enemy_Clot_Worm/SK_Enemy_Clot_Worm'
[2017.01.13-21.38.17:891][618]LogLinker:Warning: Can't find file for asset '/Game/InfinityBladeAdversaries/Enemy/Enemy_Clot_Worm/SK_Enemy_Clot_Worm' while loading ../../../../../../Users/Alquesh/Documents/Unreal Projects/project_nomad/Project_Nomand/Content/InfinityBladeAdversaries/Maps/Overview.umap.
[2017.01.13-21.38.17:892][618]LogLinker:Warning: Can't find file '/Game/InfinityBladeAdversaries/Enemy/Enemy_Great_Spider/SK_Greater_Spider'
[2017.01.13-21.38.17:892][618]LogLinker:Warning: Can't find file for asset '/Game/InfinityBladeAdversaries/Enemy/Enemy_Great_Spider/SK_Greater_Spider' while loading ../../../../../../Users/Alquesh/Documents/Unreal Projects/project_nomad/Project_Nomand/Content/InfinityBladeAdversaries/Maps/Overview.umap.
[2017.01.13-21.38.17:893][618]LogLinker:Warning: Can't find file '/Game/InfinityBladeAdversaries/Enemy/Enemy_Robo_Golem/SK_Robo_Golem'
[2017.01.13-21.38.17:893][618]LogLinker:Warning: Can't find file for asset '/Game/InfinityBladeAdversaries/Enemy/Enemy_Robo_Golem/SK_Robo_Golem' while loading ../../../../../../Users/Alquesh/Documents/Unreal Projects/project_nomad/Project_Nomand/Content/InfinityBladeAdversaries/Maps/Overview.umap.
[2017.01.13-21.38.17:893][618]LogLinker:Warning: Can't find file '/Game/InfinityBladeAdversaries/Enemy/Enemy_Robo_Golem/SK_Robo_Golem_Melee'
[2017.01.13-21.38.17:893][618]LogLinker:Warning: Can't find file for asset '/Game/InfinityBladeAdversaries/Enemy/Enemy_Robo_Golem/SK_Robo_Golem_Melee' while loading ../../../../../../Users/Alquesh/Documents/Unreal Projects/project_nomad/Project_Nomand/Content/InfinityBladeAdversaries/Maps/Overview.umap.
[2017.01.13-21.38.17:893][618]LogLinker:Warning: Can't find file '/Game/InfinityBladeAdversaries/Enemy/Enemy_Spiderling/SK_Spiderling'
[2017.01.13-21.38.17:894][618]LogLinker:Warning: Can't find file for asset '/Game/InfinityBladeAdversaries/Enemy/Enemy_Spiderling/SK_Spiderling' while loading ../../../../../../Users/Alquesh/Documents/Unreal Projects/project_nomad/Project_Nomand/Content/InfinityBladeAdversaries/Maps/Overview.umap.
[2017.01.13-21.38.17:894][618]LogLinker:Warning: Can't find file '/Game/InfinityBladeAdversaries/Enemy/Enemy_Task_Master/Enemy_Task_Master'
[2017.01.13-21.38.17:894][618]LogLinker:Warning: Can't find file for asset '/Game/InfinityBladeAdversaries/Enemy/Enemy_Task_Master/Enemy_Task_Master' while loading ../../../../../../Users/Alquesh/Documents/Unreal Projects/project_nomad/Project_Nomand/Content/InfinityBladeAdversaries/Maps/Overview.umap.
[2017.01.13-21.38.17:905][618]LogLinker:Warning: Can't find file '/Game/InfinityBladeAdversaries/Enemy/Enemy_Task_Master/Enemy_Task_Master'
[2017.01.13-21.38.17:905][618]LoadErrors: Info Failed to load /Game/InfinityBladeAdversaries/Enemy/Enemy_Task_Master/Enemy_Task_Master.Enemy_Task_Master Referenced by Enemy_Task_Master_147
[2017.01.13-21.38.17:905][618]LogLinker:Warning: Can't find file for asset '/Game/InfinityBladeAdversaries/Enemy/Enemy_Task_Master/Enemy_Task_Master' while loading NULL.
[2017.01.13-21.38.17:905][618]LogLinker:Warning: Can't find file '/Game/InfinityBladeAdversaries/Enemy/Enemy_Chicken/S_Survival_CA_Chicken'
[2017.01.13-21.38.17:905][618]LoadErrors: Info Failed to load /Game/InfinityBladeAdversaries/Enemy/Enemy_Chicken/S_Survival_CA_Chicken.S_Survival_CA_Chicken Referenced by S_Survival_CA_Chicken_3
[2017.01.13-21.38.17:905][618]LogLinker:Warning: Can't find file for asset '/Game/InfinityBladeAdversaries/Enemy/Enemy_Chicken/S_Survival_CA_Chicken' while loading NULL.
[2017.01.13-21.38.17:905][618]LogLinker:Warning: Can't find file '/Game/InfinityBladeAdversaries/Enemy/Elemental_Robot/SK_Elemental_Boss_Robot'
[2017.01.13-21.38.17:906][618]LoadErrors: Info Failed to load /Game/InfinityBladeAdversaries/Enemy/Elemental_Robot/SK_Elemental_Boss_Robot.SK_Elemental_Boss_Robot Referenced by SK_Elemental_Boss_Robot_43
[2017.01.13-21.38.17:906][618]LogLinker:Warning: Can't find file for asset '/Game/InfinityBladeAdversaries/Enemy/Elemental_Robot/SK_Elemental_Boss_Robot' while loading NULL.
[2017.01.13-21.38.17:906][618]LogLinker:Warning: Can't find file '/Game/InfinityBladeAdversaries/Enemy/Elemental_Robot/SK_Elemental_Robot'
[2017.01.13-21.38.17:906][618]LoadErrors: Info Failed to load /Game/InfinityBladeAdversaries/Enemy/Elemental_Robot/SK_Elemental_Robot.SK_Elemental_Robot Referenced by SK_Elemental_Robot_46
[2017.01.13-21.38.17:906][618]LogLinker:Warning: Can't find file for asset '/Game/InfinityBladeAdversaries/Enemy/Elemental_Robot/SK_Elemental_Robot' while loading NULL.
[2017.01.13-21.38.17:906][618]LogLinker:Warning: Can't find file '/Game/InfinityBladeAdversaries/Enemy/Enemy_Clot_Worm/SK_Enemy_Clot_Worm'
[2017.01.13-21.38.17:906][618]LoadErrors: Info Failed to load /Game/InfinityBladeAdversaries/Enemy/Enemy_Clot_Worm/SK_Enemy_Clot_Worm.SK_Enemy_Clot_Worm Referenced by SK_Enemy_Clot_Worm_66
[2017.01.13-21.38.17:906][618]LogLinker:Warning: Can't find file for asset '/Game/InfinityBladeAdversaries/Enemy/Enemy_Clot_Worm/SK_Enemy_Clot_Worm' while loading NULL.
[2017.01.13-21.38.17:907][618]LogLinker:Warning: Can't find file '/Game/InfinityBladeAdversaries/Enemy/Enemy_Great_Spider/SK_Greater_Spider'
[2017.01.13-21.38.17:907][618]LoadErrors: Info Failed to load /Game/InfinityBladeAdversaries/Enemy/Enemy_Great_Spider/SK_Greater_Spider.SK_Greater_Spider Referenced by SK_Greater_Spider2
[2017.01.13-21.38.17:907][618]LogLinker:Warning: Can't find file for asset '/Game/InfinityBladeAdversaries/Enemy/Enemy_Great_Spider/SK_Greater_Spider' while loading NULL.
[2017.01.13-21.38.17:907][618]LogLinker:Warning: Can't find file '/Game/InfinityBladeAdversaries/Enemy/Enemy_Great_Spider/Materials/CharM_Greater_Spider_Ice'
[2017.01.13-21.38.17:907][618]LoadErrors: Info Failed to load /Game/InfinityBladeAdversaries/Enemy/Enemy_Great_Spider/Materials/CharM_Greater_Spider_Ice.CharM_Greater_Spider_Ice Referenced by SK_Greater_Spider2
[2017.01.13-21.38.17:907][618]LogLinker:Warning: Can't find file for asset '/Game/InfinityBladeAdversaries/Enemy/Enemy_Great_Spider/Materials/CharM_Greater_Spider_Ice' while loading NULL.
[2017.01.13-21.38.17:907][618]LogLinker:Warning: Can't find file '/Game/InfinityBladeAdversaries/Enemy/Enemy_Great_Spider/SK_Greater_Spider'
[2017.01.13-21.38.17:907][618]LoadErrors: Info Failed to load /Game/InfinityBladeAdversaries/Enemy/Enemy_Great_Spider/SK_Greater_Spider.SK_Greater_Spider Referenced by SK_Greater_Spider_102
[2017.01.13-21.38.17:907][618]LogLinker:Warning: Can't find file for asset '/Game/InfinityBladeAdversaries/Enemy/Enemy_Great_Spider/SK_Greater_Spider' while loading NULL.
[2017.01.13-21.38.17:908][618]LogLinker:Warning: Can't find file '/Game/InfinityBladeAdversaries/Enemy/Enemy_Robo_Golem/SK_Robo_Golem'
[2017.01.13-21.38.17:908][618]LoadErrors: Info Failed to load /Game/InfinityBladeAdversaries/Enemy/Enemy_Robo_Golem/SK_Robo_Golem.SK_Robo_Golem Referenced by SK_Robo_Golem_132
[2017.01.13-21.38.17:908][618]LogLinker:Warning: Can't find file for asset '/Game/InfinityBladeAdversaries/Enemy/Enemy_Robo_Golem/SK_Robo_Golem' while loading NULL.
[2017.01.13-21.38.17:908][618]LogLinker:Warning: Can't find file '/Game/InfinityBladeAdversaries/Enemy/Enemy_Robo_Golem/SK_Robo_Golem_Melee'
[2017.01.13-21.38.17:908][618]LoadErrors: Info Failed to load /Game/InfinityBladeAdversaries/Enemy/Enemy_Robo_Golem/SK_Robo_Golem_Melee.SK_Robo_Golem_Melee Referenced by SK_Robo_Golem_Melee_135
[2017.01.13-21.38.17:908][618]LogLinker:Warning: Can't find file for asset '/Game/InfinityBladeAdversaries/Enemy/Enemy_Robo_Golem/SK_Robo_Golem_Melee' while loading NULL.
[2017.01.13-21.38.17:908][618]LogLinker:Warning: Can't find file '/Game/InfinityBladeAdversaries/Enemy/Enemy_Spiderling/SK_Spiderling'
[2017.01.13-21.38.17:908][618]LoadErrors: Info Failed to load /Game/InfinityBladeAdversaries/Enemy/Enemy_Spiderling/SK_Spiderling.SK_Spiderling Referenced by SK_Spiderling2
[2017.01.13-21.38.17:908][618]LogLinker:Warning: Can't find file for asset '/Game/InfinityBladeAdversaries/Enemy/Enemy_Spiderling/SK_Spiderling' while loading NULL.
[2017.01.13-21.38.17:908][618]LogLinker:Warning: Can't find file '/Game/InfinityBladeAdversaries/Enemy/Enemy_Spiderling/Materials/CharM_Spiderling'
[2017.01.13-21.38.17:909][618]LoadErrors: Info Failed to load /Game/InfinityBladeAdversaries/Enemy/Enemy_Spiderling/Materials/CharM_Spiderling.CharM_Spiderling Referenced by SK_Spiderling2
[2017.01.13-21.38.17:909][618]LogLinker:Warning: Can't find file for asset '/Game/InfinityBladeAdversaries/Enemy/Enemy_Spiderling/Materials/CharM_Spiderling' while loading NULL.
[2017.01.13-21.38.17:909][618]LogLinker:Warning: Can't find file '/Game/InfinityBladeAdversaries/Enemy/Enemy_Spiderling/SK_Spiderling'
[2017.01.13-21.38.17:909][618]LoadErrors: Info Failed to load /Game/InfinityBladeAdversaries/Enemy/Enemy_Spiderling/SK_Spiderling.SK_Spiderling Referenced by SK_Spiderling3
[2017.01.13-21.38.17:909][618]LogLinker:Warning: Can't find file for asset '/Game/InfinityBladeAdversaries/Enemy/Enemy_Spiderling/SK_Spiderling' while loading NULL.
[2017.01.13-21.38.17:910][618]LogLinker:Warning: Can't find file '/Game/InfinityBladeAdversaries/Enemy/Enemy_Spiderling/Materials/CharM_Spiderling_redish'
[2017.01.13-21.38.17:910][618]LoadErrors: Info Failed to load /Game/InfinityBladeAdversaries/Enemy/Enemy_Spiderling/Materials/CharM_Spiderling_redish.CharM_Spiderling_redish Referenced by SK_Spiderling3
[2017.01.13-21.38.17:910][618]LogLinker:Warning: Can't find file for asset '/Game/InfinityBladeAdversaries/Enemy/Enemy_Spiderling/Materials/CharM_Spiderling_redish' while loading NULL.
[2017.01.13-21.38.17:910][618]LogLinker:Warning: Can't find file '/Game/InfinityBladeAdversaries/Enemy/Enemy_Spiderling/SK_Spiderling'
[2017.01.13-21.38.17:910][618]LoadErrors: Info Failed to load /Game/InfinityBladeAdversaries/Enemy/Enemy_Spiderling/SK_Spiderling.SK_Spiderling Referenced by SK_Spiderling_144
[2017.01.13-21.38.17:911][618]LogLinker:Warning: Can't find file for asset '/Game/InfinityBladeAdversaries/Enemy/Enemy_Spiderling/SK_Spiderling' while loading NULL.
[2017.01.13-21.38.17:973][618]LogTexture:Display: Building textures: HQ_Lightmap0_1 (AutoDXT)
[2017.01.13-21.38.17:998][618]LogTexture:Display: Building textures: LQ_Lightmap_0_1 (DXT1)
[2017.01.13-21.38.18:007][618]LogTexture:Display: Building textures: ShadowMapTexture2D_0 (BGRA8)
[2017.01.13-21.38.18:027][618]LogStaticMesh: Building static mesh SM_Creature_Gruntling_Weapon03_Internal...
[2017.01.13-21.38.18:030][618]LogStaticMesh: Built static mesh [0.00s] /Game/InfinityBladeAdversaries/Enemy/Enemy_Gruntling_Weapons/Meshes/SM_Creature_Gruntling_Weapon03_Internal.SM_Creature_Gruntling_Weapon03_Internal
[2017.01.13-21.38.18:031][618]LogStaticMesh: Building static mesh SM_Creature_Gruntling_Weapon04_Internal...
[2017.01.13-21.38.18:033][618]LogStaticMesh: Built static mesh [0.00s] /Game/InfinityBladeAdversaries/Enemy/Enemy_Gruntling_Weapons/Meshes/SM_Creature_Gruntling_Weapon04_Internal.SM_Creature_Gruntling_Weapon04_Internal
[2017.01.13-21.38.18:033][618]LogStaticMesh: Building static mesh SM_Creature_Gruntling_Weapon05_Internal...
[2017.01.13-21.38.18:036][618]LogStaticMesh: Built static mesh [0.00s] /Game/InfinityBladeAdversaries/Enemy/Enemy_Gruntling_Weapons/Meshes/SM_Creature_Gruntling_Weapon05_Internal.SM_Creature_Gruntling_Weapon05_Internal
[2017.01.13-21.38.18:038][618]LogStaticMesh: Building static mesh SM_Master_Grunt_Blade_Internal...
[2017.01.13-21.38.18:041][618]LogStaticMesh: Built static mesh [0.00s] /Game/InfinityBladeAdversaries/Enemy/Enemy_Master_Grunt/SM_Master_Grunt_Blade_Internal.SM_Master_Grunt_Blade_Internal
[2017.01.13-21.38.18:042][618]LogTexture:Display: Building textures: LUT_Daytime (BGRA8)
[2017.01.13-21.38.18:053][618]LogMaterial: Missing cached shader map for material CharM_Greater_Spider_BossFire, compiling. 
[2017.01.13-21.38.18:105][618]LogMaterial: Missing cached shader map for material CharM_Fire_Golem, compiling. 
[2017.01.13-21.38.18:454][618]LogTexture:Display: Building textures: T_Forge_King_E (AutoDXT)
[2017.01.13-21.38.21:874][618]LogTexture:Display: Building textures: T_Forge_King_D (AutoDXT)
[2017.01.13-21.38.55:662][618]LogMaterial: Missing cached shader map for material M_Gruntling_weapons, compiling. 
[2017.01.13-21.38.55:727][618]LogMaterial: Missing cached shader map for material CharM_Gruntling, compiling. 
[2017.01.13-21.38.56:052][618]LogTexture:Display: Building textures: T_Enemy_FrostGiant_N (BC5)
[2017.01.13-21.38.57:389][618]LogTexture:Display: Building textures: T_Enemy_SpiderBoss_Ice_D (AutoDXT)
[2017.01.13-21.39.06:159][618]LogTexture:Display: Building textures: T_Troll_D (AutoDXT)
[2017.01.13-21.39.08:837][618]LogTexture:Display: Building textures: T_Enemy_SpiderBoss_Ice_N (BC5)
[2017.01.13-21.39.09:915][618]LogTe