Log file open, 01/20/17 14:14:24
LogInit:Display: Running engine for game: Project_Nomand
LogPlatformFile: Not using cached read wrapper
LogInit:Display: RandInit(436082004) SRandInit(436082005).
LogTaskGraph: Started task graph with 4 named threads and 7 total threads with 1 sets of task threads.
LogStats: Stats thread started at 0.094724
LogInit: Version: 4.12.5-3039270+++UE4+Release-4.12
LogInit: API Version: 2992821
LogInit: Net Version: 3039270
LogDevObjectVersion: Number of dev versions registered: 13
LogDevObjectVersion:   Dev-Blueprints (B0D832E4-1F89-4F0D-ACCF-7EB736FD4AA2): 3
LogDevObjectVersion:   Dev-Build (E1C64328-A22C-4D53-A36C-8E866417BD8C): 0
LogDevObjectVersion:   Dev-Core (375EC13C-06E4-48FB-B500-84F0262A717E): 1
LogDevObjectVersion:   Dev-Editor (E4B068ED-F494-42E9-A231-DA0B2E46BB41): 2
LogDevObjectVersion:   Dev-Framework (CFFC743F-43B0-4480-9391-14DF171D2073): 6
LogDevObjectVersion:   Dev-Mobile (B02B49B5-BB20-44E9-A304-32B752E40360): 0
LogDevObjectVersion:   Dev-Networking (A4E4105C-59A1-49B5-A7C5-40C4547EDFEE): 0
LogDevObjectVersion:   Dev-Online (39C831C9-5AE6-47DC-9A44-9C173E1C8E7C): 0
LogDevObjectVersion:   Dev-Physics (78F01B33-EBEA-4F98-B9B4-84EACCB95AA2): 0
LogDevObjectVersion:   Dev-Platform (6631380F-2D4D-43E0-8009-CF276956A95A): 0
LogDevObjectVersion:   Dev-Rendering (12F88B9F-8875-4AFC-A67C-D90C383ABD29): 2
LogDevObjectVersion:   Dev-Sequencer (7B5AE74C-D270-4C10-A958-57980B212A5A): 0
LogDevObjectVersion:   Dev-VR (D7296918-1DD6-4BDD-9DE2-64A83CC13884): 0
LogInit: Compiled (64-bit): Jul  6 2016 09:09:46
LogInit: Compiled with Visual C++: 19.00.23026.00
LogInit: Build Configuration: Development
LogInit: Branch Name: ++UE4+Release-4.12
LogInit: Command line:  
LogInit: Base directory: G:/UNI/Programme/Epic Games/4.12/Engine/Binaries/Win64/
LogInit: Installed Engine Build: 1
LogInit: Using libcurl 7.41.0
LogInit:  - built for x86_64-pc-win32
LogInit:  - supports SSL with WinSSL
LogInit:  - other features:
LogInit:      CURL_VERSION_SSL
LogInit:      CURL_VERSION_IPV6
LogInit:      CURL_VERSION_ASYNCHDNS
LogInit:      CURL_VERSION_LARGEFILE
LogInit:      CURL_VERSION_IDN
LogInit:  CurlRequestOptions (configurable via config and command line):
LogInit:  - bVerifyPeer = true  - Libcurl will verify peer certificate
LogInit:  - bUseHttpProxy = false  - Libcurl will NOT use HTTP proxy
LogInit:  - bDontReuseConnections = false  - Libcurl will reuse connections
LogInit:  - CertBundlePath = nullptr  - Libcurl will use whatever was configured at build time.
LogInit: Presizing for max 8388607 objects, including 0 objects not considered by GC, pre-allocating 0 bytes for permanent pool.
LogInit: Object subsystem initialized
[2017.01.20-13.14.24:437][  0]LogInit: Selected Device Profile: [Windows]
[2017.01.20-13.14.24:437][  0]LogInit: Applying CVar settings loaded from the selected device profile: [Windows]
[2017.01.20-13.14.24:458][  0]LogInit: Computer: DEX
[2017.01.20-13.14.24:458][  0]LogInit: User: Dextex
[2017.01.20-13.14.24:458][  0]LogInit: CPU Page size=65536, Cores=4
[2017.01.20-13.14.24:458][  0]LogInit: High frequency timer resolution =3.417976 MHz
[2017.01.20-13.14.24:458][  0]LogMemory: Memory total: Physical=15.9GB (16GB approx)
[2017.01.20-13.14.24:458][  0]LogMemory: Platform Memory Stats for Windows
[2017.01.20-13.14.24:458][  0]LogMemory: Process Physical Memory: 192.17 MB used, 192.17 MB peak
[2017.01.20-13.14.24:458][  0]LogMemory: Process Virtual Memory: 195.19 MB used, 195.19 MB peak
[2017.01.20-13.14.24:458][  0]LogMemory: Physical Memory: 7049.62 MB used, 16328.00 MB total
[2017.01.20-13.14.24:458][  0]LogMemory: Virtual Memory: 553.49 MB used, 134217728.00 MB total
[2017.01.20-13.14.24:651][  0]LogTextLocalizationManager: No translations for ('de-DE') exist, falling back to 'en' for localization and internationalization data.
[2017.01.20-13.14.25:079][  0]LogD3D11RHI: D3D11 adapters:
[2017.01.20-13.14.25:583][  0]LogD3D11RHI:    0. 'NVIDIA GeForce GTX 1080' (Feature Level 11_0)
[2017.01.20-13.14.25:583][  0]LogD3D11RHI:       8144/0/8164 MB DedicatedVideo/DedicatedSystem/SharedSystem, Outputs:2, VendorId:0x10de
[2017.01.20-13.14.25:585][  0]LogD3D11RHI:    1. 'Microsoft Basic Render Driver' (Feature Level 11_0)
[2017.01.20-13.14.25:585][  0]LogD3D11RHI:       0/0/8164 MB DedicatedVideo/DedicatedSystem/SharedSystem, Outputs:0, VendorId:0x1414
[2017.01.20-13.14.25:585][  0]LogD3D11RHI: Chosen D3D11 Adapter: 0
[2017.01.20-13.14.25:590][  0]LogD3D11RHI: Creating new Direct3DDevice
[2017.01.20-13.14.25:590][  0]LogD3D11RHI:     GPU DeviceId: 0x1b80 (for the marketing name, search the web for "GPU Device Id")
[2017.01.20-13.14.25:590][  0]LogWindows: EnumDisplayDevices:
[2017.01.20-13.14.25:590][  0]LogWindows:    0. 'NVIDIA GeForce GTX 1080' (P:1 D:1)
[2017.01.20-13.14.25:590][  0]LogWindows:    1. 'NVIDIA GeForce GTX 1080' (P:0 D:1)
[2017.01.20-13.14.25:590][  0]LogWindows:    2. 'NVIDIA GeForce GTX 1080' (P:0 D:0)
[2017.01.20-13.14.25:590][  0]LogWindows:    3. 'NVIDIA GeForce GTX 1080' (P:0 D:0)
[2017.01.20-13.14.25:590][  0]LogWindows: DebugString: FoundDriverCount:4 
[2017.01.20-13.14.25:590][  0]LogD3D11RHI:     Adapter Name: NVIDIA GeForce GTX 1080
[2017.01.20-13.14.25:590][  0]LogD3D11RHI:   Driver Version: 376.33 (internal:21.21.13.7633, unified:376.33)
[2017.01.20-13.14.25:590][  0]LogD3D11RHI:      Driver Date: 12-11-2016
[2017.01.20-13.14.25:590][  0]LogRHI: Texture pool is 1361 MB (70% of 1945 MB)
[2017.01.20-13.14.26:050][  0]LogD3D11RHI: Async texture creation enabled
[2017.01.20-13.14.26:090][  0]LogD3D11RHI: GPU Timing Frequency: 1000.000000 (Debug: 2 1)
[2017.01.20-13.14.26:091][  0]LogShaderCompilers: Guid format shader working directory is -3 characters bigger than the processId version (../../../../../../MP2/project_nomad/Project_Nomand/Intermediate/Shaders/WorkingDirectory/3444/).
[2017.01.20-13.14.26:091][  0]LogShaderCompilers: Cleaned the shader compiler working directory 'C:/Users/Dextex/AppData/Local/Temp/UnrealShaderWorkingDir/71C2677641F306EE3EBE788D5FDBFF4B/'.
[2017.01.20-13.14.26:091][  0]LogShaderCompilers:Display: Using Local Shader Compiler.
[2017.01.20-13.14.27:789][  0]LogTemp:Display: Loaded TP AllDesktopTargetPlatform
[2017.01.20-13.14.27:799][  0]LogTemp:Display: Loaded TP WindowsClientTargetPlatform
[2017.01.20-13.14.27:809][  0]LogTemp:Display: Loaded TP WindowsNoEditorTargetPlatform
[2017.01.20-13.14.27:820][  0]LogTemp:Display: Loaded TP WindowsServerTargetPlatform
[2017.01.20-13.14.27:829][  0]LogTemp:Display: Loaded TP WindowsTargetPlatform
[2017.01.20-13.14.27:840][  0]LogTemp:Display: Loaded TP AndroidTargetPlatform
[2017.01.20-13.14.27:849][  0]LogTemp:Display: Loaded TP Android_ASTCTargetPlatform
[2017.01.20-13.14.27:857][  0]LogTemp:Display: Loaded TP Android_ATCTargetPlatform
[2017.01.20-13.14.27:865][  0]LogTemp:Display: Loaded TP Android_DXTTargetPlatform
[2017.01.20-13.14.27:873][  0]LogTemp:Display: Loaded TP Android_ETC1TargetPlatform
[2017.01.20-13.14.27:881][  0]LogTemp:Display: Loaded TP Android_ETC2TargetPlatform
[2017.01.20-13.14.27:897][  0]LogTemp:Display: Loaded TP Android_MultiTargetPlatform
[2017.01.20-13.14.27:897][  0]LogTemp:Display: Loaded TP Android_PVRTCTargetPlatform
[2017.01.20-13.14.27:899][  0]LogTemp:Display: Loaded TP HTML5TargetPlatform
[2017.01.20-13.14.27:944][  0]LogTemp:Display: Loaded TP IOSTargetPlatform
[2017.01.20-13.14.27:952][  0]LogTemp:Display: Loaded TP TVOSTargetPlatform
[2017.01.20-13.14.27:960][  0]LogTemp:Display: Loaded TP LinuxNoEditorTargetPlatform
[2017.01.20-13.14.27:967][  0]LogTemp:Display: Loaded TP LinuxServerTargetPlatform
[2017.01.20-13.14.27:978][  0]LogTemp:Display: Loaded TP LinuxTargetPlatform
[2017.01.20-13.14.27:978][  0]LogTargetPlatformManager:Display: Building Assets For Windows
[2017.01.20-13.14.28:267][  0]LogDerivedDataCache:Display: Max Cache Size: 512 MB
[2017.01.20-13.14.28:312][  0]LogDerivedDataCache: Loaded boot cache 0.05s 48MB C:/Users/Dextex/AppData/Local/UnrealEngine/4.12/DerivedDataCache/Boot.ddc.
[2017.01.20-13.14.28:312][  0]LogDerivedDataCache:Display: Loaded Boot cache: C:/Users/Dextex/AppData/Local/UnrealEngine/4.12/DerivedDataCache/Boot.ddc
[2017.01.20-13.14.28:313][  0]LogDerivedDataCache: FDerivedDataBackendGraph:  Pak pak cache file ../../../../../../MP2/project_nomad/Project_Nomand/DerivedDataCache/DDC.ddp not found, will not use a pak cache.
[2017.01.20-13.14.28:313][  0]LogDerivedDataCache: Unable to find inner node Pak for hierarchical cache Hierarchy.
[2017.01.20-13.14.28:313][  0]LogDerivedDataCache: FDerivedDataBackendGraph:  CompressedPak pak cache file ../../../../../../MP2/project_nomad/Project_Nomand/DerivedDataCache/Compressed.ddp not found, will not use a pak cache.
[2017.01.20-13.14.28:313][  0]LogDerivedDataCache: Unable to find inner node CompressedPak for hierarchical cache Hierarchy.
[2017.01.20-13.14.28:345][  0]LogDerivedDataCache:Display: Pak cache opened for reading ../../../Engine/DerivedDataCache/Compressed.ddp.
[2017.01.20-13.14.28:357][  0]LogDerivedDataCache: Using Local data cache path C:/Users/Dextex/AppData/Local/UnrealEngine/Common/DerivedDataCache: Writable
[2017.01.20-13.14.31:730][  0]LogInit: Selected Device Profile: [Windows]
[2017.01.20-13.14.31:731][  0]LogContentStreaming: Texture pool size is 0.00 MB
[2017.01.20-13.14.31:969][  0]LogMeshUtilities: No automatic mesh reduction module available
[2017.01.20-13.14.31:969][  0]LogMeshUtilities: No automatic mesh merging module available
[2017.01.20-13.14.31:969][  0]LogMeshUtilities: No distributed automatic mesh merging module available
[2017.01.20-13.14.32:440][  0]LogAssetRegistry: FAssetRegistry took 0.0211 seconds to start up
[2017.01.20-13.14.32:458][  0]LogPackageLocalizationCache: Processed 3 localized package path(s) for 1 prioritized culture(s) in 0.014103 seconds
[2017.01.20-13.14.32:462][  0]LogUObjectArray: 28739 objects as part of root set at end of initial load.
[2017.01.20-13.14.32:462][  0]LogUObjectAllocator: 5855632 out of 0 bytes used by permanent object pool.
[2017.01.20-13.14.32:462][  0]LogUObjectArray: CloseDisregardForGC: 0/0 objects in disregard for GC pool
[2017.01.20-13.14.32:472][  0]LogInit: WinSock: version 1.1 (2.2), MaxSocks=32767, MaxUdp=65467
[2017.01.20-13.14.32:884][  0]LogSlate: SlateFontCache - WITH_FREETYPE: 1, WITH_HARFBUZZ: 1
[2017.01.20-13.14.32:885][  0]LogSlate: SlateFontCache - WITH_FREETYPE: 1, WITH_HARFBUZZ: 1
[2017.01.20-13.14.34:121][  0]LogUdpMessaging: Initializing bridge on interface 0.0.0.0:0 to multicast group 230.0.0.1:6666.
[2017.01.20-13.14.34:424][  0]SourceControl: Info Source control is disabled
[2017.01.20-13.14.34:782][  0]LogEngine: Initializing Engine...
[2017.01.20-13.14.34:804][  0]LogHMD: SteamVR failed to initialize.  Err: 100
[2017.01.20-13.14.34:806][  0]LogHMD: SteamVR failed to initialize.  Err: 100
[2017.01.20-13.14.35:012][  0]LogAIModule: Creating AISystem for world NewWorld
[2017.01.20-13.14.35:028][  0]LogInit: XAudio2 using 'Lautsprecher (Realtek High Definition Audio)' : 2 channels at 48 kHz using 32 bits per sample (channel mask 0x3)
[2017.01.20-13.14.35:043][  0]LogInit: FAudioDevice initialized.
[2017.01.20-13.14.35:066][  0]LogDerivedDataCache: Saved boot cache 0.02s 48MB C:/Users/Dextex/AppData/Local/UnrealEngine/4.12/DerivedDataCache/Boot.ddc.
[2017.01.20-13.14.35:075][  0]LogInit: Texture streaming: Enabled
[2017.01.20-13.14.35:107][  0]LogInit: Transaction tracking system initialized
[2017.01.20-13.14.35:136][  0]BlueprintLog: New page: Editor Load
[2017.01.20-13.14.35:270][  0]LocalizationService: Info Localization service is disabled
[2017.01.20-13.14.35:351][  0]LogConsoleResponse:Display: 
[2017.01.20-13.14.35:680][  0]LogCook:Display: Max memory allowance for cook 8192mb
[2017.01.20-13.14.35:680][  0]LogCook:Display: Mobile HDR setting 1
[2017.01.20-13.14.35:830][  0]LogFileCache: Scanning file cache for directory 'G:/UNI/MP2/project_nomad/Project_Nomand/Content/' took 0.03s
[2017.01.20-13.14.35:830][  0]Cmd: MAP LOAD FILE="../../../../../../MP2/project_nomad/Project_Nomand/Content/Map/Map.umap" TEMPLATE=0 SHOWPROGRESS=1 FEATURELEVEL=3
[2017.01.20-13.14.35:832][  0]LightingResults: New page: Lighting Build
[2017.01.20-13.14.35:835][  0]MapCheck: New page: Map Check
[2017.01.20-13.14.35:835][  0]LightingResults: New page: Lighting Build
[2017.01.20-13.14.39:819][  0]LogAIModule: Creating AISystem for world Map
[2017.01.20-13.14.40:276][  0]LogEditorServer: Finished looking for orphan Actors (0.000 secs)
[2017.01.20-13.14.40:280][  0]Cmd: MAP CHECKDEP NOCLEARLOG
[2017.01.20-13.14.40:328][  0]MapCheck: Info Map check complete: 0 Error(s), 0 Warning(s), took 47.69ms to complete.
[2017.01.20-13.14.40:328][  0]LogFileHelpers: Loading map 'Map' took 4.498
[2017.01.20-13.14.40:546][  0]LogCollectionManager: Loaded 0 collections in 0.002089 seconds
[2017.01.20-13.14.40:587][  0]LogFileCache: Scanning file cache for directory 'G:/UNI/MP2/project_nomad/Project_Nomand/Saved/Collections/' took 0.01s
[2017.01.20-13.14.40:587][  0]LogFileCache: Scanning file cache for directory 'G:/UNI/MP2/project_nomad/Project_Nomand/Content/Developers/Dextex/Collections/' took 0.01s
[2017.01.20-13.14.40:587][  0]LogFileCache: Scanning file cache for directory 'G:/UNI/MP2/project_nomad/Project_Nomand/Content/Collections/' took 0.01s
[2017.01.20-13.14.40:587][  0]LogCollectionManager: Rebuilt the GUID cache for 0 collections in 0.000002 seconds
[2017.01.20-13.14.40:594][  0]LogContentBrowser: Native class hierarchy populated in 0.0072 seconds. Added 2047 classes and 369 folders.
[2017.01.20-13.14.40:598][  0]LogStats: UGameplayTagsManager::ConstructGameplayTagTree: Construct from data asset -  0.000 s
[2017.01.20-13.14.40:598][  0]LogStats: UGameplayTagsManager::ConstructGameplayTagTree: GameplayTagTreeChangedEvent.Broadcast -  0.000 s
[2017.01.20-13.14.40:599][  0]LogContentBrowser: Native class hierarchy updated for 'GameplayTags' in 0.0003 seconds. Added 12 classes and 0 folders.
[2017.01.20-13.14.40:604][  0]LogContentBrowser: Native class hierarchy updated for 'WidgetCarousel' in 0.0003 seconds. Added 0 classes and 0 folders.
[2017.01.20-13.14.40:787][  0]LogContentBrowser: Native class hierarchy updated for 'AddContentDialog' in 0.0004 seconds. Added 0 classes and 0 folders.
[2017.01.20-13.14.40:793][  0]LogContentBrowser: Native class hierarchy updated for 'SceneOutliner' in 0.0003 seconds. Added 1 classes and 2 folders.
[2017.01.20-13.14.40:870][  0]LogCrashTracker: Crashtracker disabled due to settings.
[2017.01.20-13.14.40:875][  0]LogUObjectGlobals:Warning: Failed to find object 'Class None.'
[2017.01.20-13.14.40:903][  0]LogContentBrowser: Native class hierarchy updated for 'HierarchicalLODOutliner' in 0.0003 seconds. Added 1 classes and 2 folders.
[2017.01.20-13.14.40:903][  0]LogLoad: Full Startup: 18.05 seconds (BP compile: 0.52 seconds)
[2017.01.20-13.14.40:903][  0]LogExternalProfiler: No external profilers were discovered.  External profiling features will not be available.
[2017.01.20-13.14.40:912][  0]LogOcInput: OculusInput pre-init called
[2017.01.20-13.14.40:931][  0]LogContentStreaming: Texture pool size now 1000 MB
[2017.01.20-13.14.41:004][  0]LogRenderer: Reallocating scene render targets to support 512x512 (Frame:1).
[2017.01.20-13.14.41:125][  0]LogRenderer: Reallocating scene render targets to support 1208x556 (Frame:2).
[2017.01.20-13.14.41:143][  1]Cmd: UpdateLandscapeEditorData -warnings
[2017.01.20-13.14.41:175][  1]LogAssetRegistry: Asset discovery search completed in 8.7554 seconds
[2017.01.20-13.14.41:175][  1]LogCollectionManager: Rebuilt the object cache for 0 collections in 0.000001 seconds (found 0 objects)
[2017.01.20-13.14.41:175][  1]LogCollectionManager: Fixed up redirectors for 0 collections in 0.000020 seconds (updated 0 objects)
[2017.01.20-13.15.18:265][296]LogBlueprintUserMessages: Early PlayInEditor Detection: Level '/Game/Map/Map.Map:PersistentLevel' has LevelScriptBlueprint '/Game/Map/Map.Map:PersistentLevel.Map' with GeneratedClass '/Game/Map/Map.Map_C' with ClassGeneratedBy '/Game/Map/Map.Map:PersistentLevel.Map'
[2017.01.20-13.15.18:265][296]LogPlayLevel: PlayLevel: No blueprints needed recompiling
[2017.01.20-13.15.18:268][296]PIE: New page: PIE session: Map (Jan 20, 2017, 3:15:18 PM)
[2017.01.20-13.15.18:269][296]LogPlayLevel: Creating play world package: /Game/Map/UEDPIE_0_Map
[2017.01.20-13.15.18:304][296]LogPlayLevel: PIE: StaticDuplicateObject took: (0.035294s)
[2017.01.20-13.15.18:305][296]LogAIModule: Creating AISystem for world Map
[2017.01.20-13.15.18:305][296]LogPlayLevel: PIE: World Init took: (0.000745s)
[2017.01.20-13.15.18:305][296]LogPlayLevel: PIE: Created PIE world by copying editor world from /Game/Map/Map.Map to /Game/Map/UEDPIE_0_Map.Map (0.036339s)
[2017.01.20-13.15.18:394][296]LogInit: XAudio2 using 'Lautsprecher (Realtek High Definition Audio)' : 2 channels at 48 kHz using 32 bits per sample (channel mask 0x3)
[2017.01.20-13.15.18:405][296]LogInit: FAudioDevice initialized.
[2017.01.20-13.15.18:487][296]LogWorld: Game class is 'GameMode'
[2017.01.20-13.15.18:508][296]LogWorld: Bringing World /Game/Map/UEDPIE_0_Map.Map up for play (max tick rate 0) at 2017.01.20-14.15.18
[2017.01.20-13.15.18:510][296]LogWorld: Bringing up level for play took: 0.020887
[2017.01.20-13.15.18:513][296]LogContentBrowser: Native class hierarchy updated for 'MovieSceneCapture' in 0.0004 seconds. Added 11 classes and 0 folders.
[2017.01.20-13.15.18:514][296]PIE: Info Play in editor start time for /Game/Map/UEDPIE_0_Map 1.022
[2017.01.20-13.15.18:515][296]LogBlueprintUserMessages: Late PlayInEditor Detection: Level '/Game/Map/Map.Map:PersistentLevel' has LevelScriptBlueprint '/Game/Map/Map.Map:PersistentLevel.Map' with GeneratedClass '/Game/Map/Map.Map_C' with ClassGeneratedBy '/Game/Map/Map.Map:PersistentLevel.Map'
[2017.01.20-13.16.07:838][172]LogBlueprintUserMessages: Early EndPlayMap Detection: Level '/Game/Map/Map.Map:PersistentLevel' has LevelScriptBlueprint '/Game/Map/Map.Map:PersistentLevel.Map' with GeneratedClass '/Game/Map/Map.Map_C' with ClassGeneratedBy '/Game/Map/Map.Map:PersistentLevel.Map'
[2017.01.20-13.16.07:895][172]LogBlueprintUserMessages: Late EndPlayMap Detection: Level '/Game/Map/Map.Map:PersistentLevel' has LevelScriptBlueprint '/Game/Map/Map.Map:PersistentLevel.Map' with GeneratedClass '/Game/Map/Map.Map_C' with ClassGeneratedBy '/Game/Map/Map.Map:PersistentLevel.Map'
[2017.01.20-13.16.29:315][641]LogContentBrowser: Native class hierarchy updated for 'BlueprintGraph' in 0.0007 seconds. Added 111 classes and 0 folders.
[2017.01.20-13.17.01:858][124]LogSkeletalMesh: InitArticulated: Bodies already created (/Engine/Transient.DebugSkelMeshComponent_0) - call TermArticulated first.
[2017.01.20-13.17.01:913][125]LogRenderer: Reallocating scene render targets to support 1208x880 (Frame:13460).
[2017.01.20-13.18.35:936][362]Cmd: OBJ SAVEPACKAGE PACKAGE="/Game/Character/Mesh/Char_Skeleton" FILE="../../../../../../MP2/project_nomad/Project_Nomand/Content/Character/Mesh/Char_Skeleton.uasset" SILENT=true
[2017.01.20-13.18.35:950][362]LogSavePackage: Save=4.11ms
[2017.01.20-13.18.35:950][362]LogSavePackage: Moving '../../../../../../MP2/project_nomad/Project_Nomand/Saved/Char_Skeleton6E9CEBD9400DA0ED01576DB208BC3D1C.tmp' to '../../../../../../MP2/project_nomad/Project_Nomand/Content/Character/Mesh/Char_Skeleton.uasset'
[2017.01.20-13.18.35:953][362]LogSavePackage:Display: Finished SavePackage ../../../../../../MP2/project_nomad/Project_Nomand/Content/Character/Mesh/Char_Skeleton.uasset
[2017.01.20-13.18.53:518][ 35]Cmd: OBJ SAVEPACKAGE PACKAGE="/Game/Character/Mesh/Char_Skeleton" FILE="../../../../../../MP2/project_nomad/Project_Nomand/Content/Character/Mesh/Char_Skeleton.uasset" SILENT=true
[2017.01.20-13.18.53:528][ 35]LogSavePackage: Save=4.06ms
[2017.01.20-13.18.53:528][ 35]LogSavePackage: Moving '../../../../../../MP2/project_nomad/Project_Nomand/Saved/Char_Skeleton097C4CF64FC0A8B67AEBB4BC20117058.tmp' to '../../../../../../MP2/project_nomad/Project_Nomand/Content/Character/Mesh/Char_Skeleton.uasset'
[2017.01.20-13.18.53:529][ 35]LogSavePackage:Display: Finished SavePackage ../../../../../../MP2/project_nomad/Project_Nomand/Content/Character/Mesh/Char_Skeleton.uasset
[2017.01.20-13.18.58:941][612]LogBlueprintUserMessages: Early PlayInEditor Detection: Level '/Game/Map/Map.Map:PersistentLevel' has LevelScriptBlueprint '/Game/Map/Map.Map:PersistentLevel.Map' with GeneratedClass '/Game/Map/Map.Map_C' with ClassGeneratedBy '/Game/Map/Map.Map:PersistentLevel.Map'
[2017.01.20-13.18.58:941][612]LogPlayLevel: PlayLevel: No blueprints needed recompiling
[2017.01.20-13.18.58:941][612]PIE: New page: PIE session: Map (Jan 20, 2017, 3:18:58 PM)
[2017.01.20-13.18.58:941][612]LogPlayLevel: Creating play world package: /Game/Map/UEDPIE_0_Map
[2017.01.20-13.18.58:979][612]LogPlayLevel: PIE: StaticDuplicateObject took: (0.037902s)
[2017.01.20-13.18.58:980][612]LogAIModule: Creating AISystem for world Map
[2017.01.20-13.18.58:980][612]LogPlayLevel: PIE: World Init took: (0.000575s)
[2017.01.20-13.18.58:980][612]LogPlayLevel: PIE: Created PIE world by copying editor world from /Game/Map/Map.Map to /Game/Map/UEDPIE_0_Map.Map (0.038758s)
[2017.01.20-13.18.59:025][612]LogInit: XAudio2 using 'Lautsprecher (Realtek High Definition Audio)' : 2 channels at 48 kHz using 32 bits per sample (channel mask 0x3)
[2017.01.20-13.18.59:036][612]LogInit: FAudioDevice initialized.
[2017.01.20-13.18.59:082][612]LogWorld: Game class is 'GameMode'
[2017.01.20-13.18.59:099][612]LogWorld: Bringing World /Game/Map/UEDPIE_0_Map.Map up for play (max tick rate 0) at 2017.01.20-14.18.59
[2017.01.20-13.18.59:100][612]LogWorld: Bringing up level for play took: 0.017296
[2017.01.20-13.18.59:101][612]PIE: Info Play in editor start time for /Game/Map/UEDPIE_0_Map -0.391
[2017.01.20-13.18.59:102][612]LogBlueprintUserMessages: Late PlayInEditor Detection: Level '/Game/Map/Map.Map:PersistentLevel' has LevelScriptBlueprint '/Game/Map/Map.Map:PersistentLevel.Map' with GeneratedClass '/Game/Map/Map.Map_C' with ClassGeneratedBy '/Game/Map/Map.Map:PersistentLevel.Map'
[2017.01.20-13.19.02:543][ 20]LogScriptCore:Warning: Attempted to get an item from array TargetArray out of bounds [1/0]!

[2017.01.20-13.19.02:543][ 20]LogScriptCore:Warning: Attempted to get an item from array Inventory out of bounds [1/0]!

[2017.01.20-13.19.02:543][ 20]LogScriptCore:Warning: Attempted to get an item from array TargetArray out of bounds [2/0]!

[2017.01.20-13.19.02:543][ 20]LogScriptCore:Warning: Attempted to get an item from array Inventory out of bounds [2/0]!

[2017.01.20-13.19.02:544][ 20]LogScriptCore:Warning: Attempted to get an item from array TargetArray out of bounds [3/0]!

[2017.01.20-13.19.02:544][ 20]LogScriptCore:Warning: Attempted to get an item from array Inventory out of bounds [3/0]!

[2017.01.20-13.19.02:544][ 20]LogScriptCore:Warning: Attempted to get an item from array TargetArray out of bounds [4/0]!

[2017.01.20-13.19.02:544][ 20]LogScriptCore:Warning: Attempted to get an item from array Inventory out of bounds [4/0]!

[2017.01.20-13.19.02:544][ 20]LogScriptCore:Warning: Attempted to get an item from array TargetArray out of bounds [5/0]!

[2017.01.20-13.19.02:544][ 20]LogScriptCore:Warning: Attempted to get an item from array Inventory out of bounds [5/0]!

[2017.01.20-13.19.02:544][ 20]LogScriptCore:Warning: Attempted to get an item from array TargetArray out of bounds [6/0]!

[2017.01.20-13.19.02:544][ 20]LogScriptCore:Warning: Attempted to get an item from array Inventory out of bounds [6/0]!

[2017.01.20-13.19.02:544][ 20]LogScriptCore:Warning: Attempted to get an item from array TargetArray out of bounds [7/0]!

[2017.01.20-13.19.02:544][ 20]LogScriptCore:Warning: Attempted to get an item from array Inventory out of bounds [7/0]!

[2017.01.20-13.19.02:544][ 20]LogScriptCore:Warning: Attempted to get an item from array TargetArray out of bounds [8/0]!

[2017.01.20-13.19.02:544][ 20]LogScriptCore:Warning: Attempted to get an item from array Inventory out of bounds [8/0]!

[2017.01.20-13.19.02:544][ 20]LogScriptCore:Warning: Attempted to get an item from array TargetArray out of bounds [9/0]!

[2017.01.20-13.19.02:544][ 20]LogScriptCore:Warning: Attempted to get an item from array Inventory out of bounds [9/0]!

[2017.01.20-13.19.02:544][ 20]LogScriptCore:Warning: Attempted to get an item from array TargetArray out of bounds [10/0]!

[2017.01.20-13.19.02:544][ 20]LogScriptCore:Warning: Attempted to get an item from array Inventory out of bounds [10/0]!

[2017.01.20-13.19.02:544][ 20]LogScriptCore:Warning: Attempted to get an item from array TargetArray out of bounds [11/0]!

[2017.01.20-13.19.02:544][ 20]LogScriptCore:Warning: Attempted to get an item from array Inventory out of bounds [11/0]!

[2017.01.20-13.19.02:545][ 20]LogScriptCore:Warning: Attempted to get an item from array TargetArray out of bounds [12/0]!

[2017.01.20-13.19.02:545][ 20]LogScriptCore:Warning: Attempted to get an item from array Inventory out of bounds [12/0]!

[2017.01.20-13.19.02:545][ 20]LogScriptCore:Warning: Attempted to get an item from array TargetArray out of bounds [13/0]!

[2017.01.20-13.19.02:545][ 20]LogScriptCore:Warning: Attempted to get an item from array Inventory out of bounds [13/0]!

[2017.01.20-13.19.02:545][ 20]LogScriptCore:Warning: Attempted to get an item from array TargetArray out of bounds [14/0]!

[2017.01.20-13.19.02:545][ 20]LogScriptCore:Warning: Attempted to get an item from array Inventory out of bounds [14/0]!

[2017.01.20-13.19.02:545][ 20]LogScriptCore:Warning: Attempted to get an item from array TargetArray out of bounds [15/0]!

[2017.01.20-13.19.02:545][ 20]LogScriptCore:Warning: Attempted to get an item from array Inventory out of bounds [15/0]!

[2017.01.20-13.19.02:545][ 20]LogScriptCore:Warning: Attempted to get an item from array TargetArray out of bounds [16/0]!

[2017.01.20-13.19.02:545][ 20]LogScriptCore:Warning: Attempted to get an item from array Inventory out of bounds [16/0]!

[2017.01.20-13.19.02:545][ 20]LogScriptCore:Warning: Attempted to get an item from array TargetArray out of bounds [17/0]!

[2017.01.20-13.19.02:545][ 20]LogScriptCore:Warning: Attempted to get an item from array Inventory out of bounds [17/0]!

[2017.01.20-13.19.02:545][ 20]LogScriptCore:Warning: Attempted to get an item from array TargetArray out of bounds [18/0]!

[2017.01.20-13.19.02:545][ 20]LogScriptCore:Warning: Attempted to get an item from array Inventory out of bounds [18/0]!

[2017.01.20-13.19.02:545][ 20]LogScriptCore:Warning: Attempted to get an item from array TargetArray out of bounds [19/0]!

[2017.01.20-13.19.02:545][ 20]LogScriptCore:Warning: Attempted to get an item from array Inventory out of bounds [19/0]!

[2017.01.20-13.19.05:121][328]LogBlueprintUserMessages: [Character_Controller_536] 0
[2017.01.20-13.19.05:122][328]LogScriptCore:Warning: Attempted to get an item from array TargetArray out of bounds [0/0]!

[2017.01.20-13.19.05:122][328]LogScriptCore:Warning: Attempted to get an item from array Inventory out of bounds [0/0]!

[2017.01.20-13.19.05:122][328]LogScriptCore:Warning: Attempted to get an item from array TargetArray out of bounds [1/0]!

[2017.01.20-13.19.05:122][328]LogScriptCore:Warning: Attempted to get an item from array Inventory out of bounds [1/0]!

[2017.01.20-13.19.05:122][328]LogScriptCore:Warning: Attempted to get an item from array TargetArray out of bounds [2/0]!

[2017.01.20-13.19.05:122][328]LogScriptCore:Warning: Attempted to get an item from array Inventory out of bounds [2/0]!

[2017.01.20-13.19.05:122][328]LogScriptCore:Warning: Attempted to get an item from array TargetArray out of bounds [3/0]!

[2017.01.20-13.19.05:122][328]LogScriptCore:Warning: Attempted to get an item from array Inventory out of bounds [3/0]!

[2017.01.20-13.19.05:122][328]LogScriptCore:Warning: Attempted to get an item from array TargetArray out of bounds [4/0]!

[2017.01.20-13.19.05:122][328]LogScriptCore:Warning: Attempted to get an item from array Inventory out of bounds [4/0]!

[2017.01.20-13.19.05:122][328]LogScriptCore:Warning: Attempted to get an item from array TargetArray out of bounds [5/0]!

[2017.01.20-13.19.05:122][328]LogScriptCore:Warning: Attempted to get an item from array Inventory out of bounds [5/0]!

[2017.01.20-13.19.05:122][328]LogScriptCore:Warning: Attempted to get an item from array TargetArray out of bounds [6/0]!

[2017.01.20-13.19.05:122][328]LogScriptCore:Warning: Attempted to get an item from array Inventory out of bounds [6/0]!

[2017.01.20-13.19.05:122][328]LogScriptCore:Warning: Attempted to get an item from array TargetArray out of bounds [7/0]!

[2017.01.20-13.19.05:122][328]LogScriptCore:Warning: Attempted to get an item from array Inventory out of bounds [7/0]!

[2017.01.20-13.19.05:122][328]LogScriptCore:Warning: Attempted to get an item from array TargetArray out of bounds [8/0]!

[2017.01.20-13.19.05:122][328]LogScriptCore:Warning: Attempted to get an item from array Inventory out of bounds [8/0]!

[2017.01.20-13.19.05:122][328]LogScriptCore:Warning: Attempted to get an item from array TargetArray out of bounds [9/0]!

[2017.01.20-13.19.05:123][328]LogScriptCore:Warning: Attempted to get an item from array Inventory out of bounds [9/0]!

[2017.01.20-13.19.05:123][328]LogScriptCore:Warning: Attempted to get an item from array TargetArray out of bounds [10/0]!

[2017.01.20-13.19.05:123][328]LogScriptCore:Warning: Attempted to get an item from array Inventory out of bounds [10/0]!

[2017.01.20-13.19.05:123][328]LogScriptCore:Warning: Attempted to get an item from array TargetArray out of bounds [11/0]!

[2017.01.20-13.19.05:123][328]LogScriptCore:Warning: Attempted to get an item from array Inventory out of bounds [11/0]!

[2017.01.20-13.19.05:123][328]LogScriptCore:Warning: Attempted to get an item from array TargetArray out of bounds [12/0]!

[2017.01.20-13.19.05:123][328]LogScriptCore:Warning: Attempted to get an item from array Inventory out of bounds [12/0]!

[2017.01.20-13.19.05:123][328]LogScriptCore:Warning: Attempted to get an item from array TargetArray out of bounds [13/0]!

[2017.01.20-13.19.05:123][328]LogScriptCore:Warning: Attempted to get an item from array Inventory out of bounds [13/0]!

[2017.01.20-13.19.05:123][328]LogScriptCore:Warning: Attempted to get an item from array TargetArray out of bounds [14/0]!

[2017.01.20-13.19.05:123][328]LogScriptCore:Warning: Attempted to get an item from array Inventory out of bounds [14/0]!

[2017.01.20-13.19.05:123][328]LogScriptCore:Warning: Attempted to get an item from array TargetArray out of bounds [15/0]!

[2017.01.20-13.19.05:123][328]LogScriptCore:Warning: Attempted to get an item from array Inventory out of bounds [15/0]!

[2017.01.20-13.19.05:123][328]LogScriptCore:Warning: Attempted to get an item from array TargetArray out of bounds [16/0]!

[2017.01.20-13.19.05:123][328]LogScriptCore:Warning: Attempted to get an item from array Inventory out of bounds [16/0]!

[2017.01.20-13.19.05:123][328]LogScriptCore:Warning: Attempted to get an item from array TargetArray out of bounds [17/0]!

[2017.01.20-13.19.05:123][328]LogScriptCore:Warning: Attempted to get an item from array Inventory out of bounds [17/0]!

[2017.01.20-13.19.05:123][328]LogScriptCore:Warning: Attempted to get an item from array TargetArray out of bounds [18/0]!

[2017.01.20-13.19.05:123][328]LogScriptCore:Warning: Attempted to get an item from array Inventory out of bounds [18/0]!

[2017.01.20-13.19.05:123][328]LogScriptCore:Warning: Attempted to get an item from array TargetArray out of bounds [19/0]!

[2017.01.20-13.19.05:123][328]LogScriptCore:Warning: Attempted to get an item from array Inventory out of bounds [19/0]!

[2017.01.20-13.21.46:675][619]LogBlueprintUserMessages: Early EndPlayMap Detection: Level '/Game/Map/Map.Map:PersistentLevel' has LevelScriptBlueprint '/Game/Map/Map.Map:PersistentLevel.Map' with GeneratedClass '/Game/Map/Map.Map_C' with ClassGeneratedBy '/Game/Map/Map.Map:PersistentLevel.Map'
[2017.01.20-13.21.46:708][619]LogBlueprintUserMessages: Late EndPlayMap Detection: Level '/Game/Map/Map.Map:PersistentLevel' has LevelScriptBlueprint '/Game/Map/Map.Map:PersistentLevel.Map' with GeneratedClass '/Game/Map/Map.Map_C' with ClassGeneratedBy '/Game/Map/Map.Map:PersistentLevel.Map'
[2017.01.20-13.24.07:133][139]LogSkeletalMesh: InitArticulated: Bodies already created (/Engine/Transient.DebugSkelMeshComponent_1) - call TermArticulated first.
[2017.01.20-13.24.07:305][139]LogContentBrowser:Verbose: The majority of assets in the view are of type: AnimSequence
[2017.01.20-13.26.20:194][380]LogObjectTools:Warning: ForceReplaceReferences replaced references for a transient object 'AnimPreviewInstance_2' or package '/Engine/Transient'.
[2017.01.20-13.26.35:731][134]LogSkeletalMesh: InitArticulated: Bodies already created (/Engine/Transient.DebugSkelMeshComponent_11) - call TermArticulated first.
[2017.01.20-13.26.35:856][134]LogContentBrowser:Verbose: The majority of assets in the view are of type: AnimSequence
[2017.01.20-13.28.43:374][818]LogSavePackage: Save=11.45ms
[2017.01.20-13.28.43:374][818]LogSavePackage: Moving '../../../../../../MP2/project_nomad/Project_Nomand/Saved/DrawSword_Montage32ECC74849164D6B1BB5FFB62A986983.tmp' to '../../../../../../MP2/project_nomad/Project_Nomand/Content/Character/Animation/SwordAndShield/DrawSword_Montage.uasset'
[2017.01.20-13.28.43:375][818]LogSavePackage:Display: Finished SavePackage ../../../../../../MP2/project_nomad/Project_Nomand/Content/Character/Animation/SwordAndShield/DrawSword_Montage.uasset
[2017.01.20-13.29.40:415][511]LogSavePackage: Save=4.10ms
[2017.01.20-13.29.40:415][511]LogSavePackage: Moving '../../../../../../MP2/project_nomad/Project_Nomand/Saved/DrawSword_MontageFC80953748F9888E1CFC5CB1887567E4.tmp' to '../../../../../../MP2/project_nomad/Project_Nomand/Content/Character/Animation/SwordAndShield/DrawSword_Montage.uasset'
[2017.01.20-13.29.40:417][511]LogSavePackage:Display: Finished SavePackage ../../../../../../MP2/project_nomad/Project_Nomand/Content/Character/Animation/SwordAndShield/DrawSword_Montage.uasset
[2017.01.20-13.30.43:585][530]LogFileHelpers: Editor autosave (incl. sublevels) for '/Game/Map/Map' took 0.020
[2017.01.20-13.30.43:586][530]OBJ SavePackage: Generating thumbnails for [1] asset(s) in package [/Game/Character/Animation/SwordAndShield/SheathSword_Montage] ([1] browsable assets)...
[2017.01.20-13.30.43:598][530]OBJ SavePackage:     Rendered thumbnail for [AnimMontage /Game/Character/Animation/SwordAndShield/SheathSword_Montage.SheathSword_Montage]
[2017.01.20-13.30.43:598][530]OBJ SavePackage: Finished generating thumbnails for package [/Game/Character/Animation/SwordAndShield/SheathSword_Montage]
[2017.01.20-13.30.43:610][530]LogSavePackage: Save=10.94ms
[2017.01.20-13.30.43:610][530]LogSavePackage: Moving '../../../../../../MP2/project_nomad/Project_Nomand/Saved/SheathSword_Montage_Auto102C9C31B40CAD54C74FB1F8265461FF9.tmp' to '../../../../../../MP2/project_nomad/Project_Nomand/Saved/Autosaves/Game/Character/Animation/SwordAndShield/SheathSword_Montage_Auto1.uasset'
[2017.01.20-13.30.43:611][530]LogSavePackage:Display: Finished SavePackage ../../../../../../MP2/project_nomad/Project_Nomand/Saved/Autosaves/Game/Character/Animation/SwordAndShield/SheathSword_Montage_Auto1.uasset
[2017.01.20-13.30.43:611][530]LogFileHelpers: Auto-saving content packages took 0.026
[2017.01.20-13.31.48:418][747]LogSkeletalMesh: InitArticulated: Bodies already created (/Engine/Transient.DebugSkelMeshComponent_14) - call TermArticulated first.
[2017.01.20-13.31.48:561][747]LogContentBrowser:Verbose: The majority of assets in the view are of type: AnimSequence
[2017.01.20-13.33.03:169][234]LogSkeletalMesh: InitArticulated: Bodies already created (/Engine/Transient.DebugSkelMeshComponent_16) - call TermArticulated first.
[2017.01.20-13.33.03:311][234]LogContentBrowser:Verbose: The majority of assets in the view are of type: AnimSequence
[2017.01.20-13.33.07:958][578]LogSavePackage: Save=12.54ms
[2017.01.20-13.33.07:958][578]LogSavePackage: Moving '../../../../../../MP2/project_nomad/Project_Nomand/Saved/SheathSword_Montage766119C443EAF5AF2F2D81B28EEAEB25.tmp' to '../../../../../../MP2/project_nomad/Project_Nomand/Content/Character/Animation/SwordAndShield/SheathSword_Montage.uasset'
[2017.01.20-13.33.07:960][578]LogSavePackage:Display: Finished SavePackage ../../../../../../MP2/project_nomad/Project_Nomand/Content/Character/Animation/SwordAndShield/SheathSword_Montage.uasset
[2017.01.20-13.33.15:213][293]LogSkeletalMesh: InitArticulated: Bodies already created (/Engine/Transient.DebugSkelMeshComponent_18) - call TermArticulated first.
[2017.01.20-13.33.31:979][598]LogUObjectHash:Warning: Ambiguous search, could be K2Node_CallFunction /Game/Character/Animation/NewAnimBlueprint.NewAnimBlueprint:EventGraph.K2Node_CallFunction_666 or K2Node_CallFunction /Engine/Transient.PROTO_BP_Blueprint_0:UserConstructionScript.K2Node_CallFunction_666
[2017.01.20-13.33.31:979][598]LogProperty:Warning: ObjectProperty /Script/Engine.EdGraphPin:LinkedTo.LinkedTo: unresolved reference to 'EdGraphPin'K2Node_CallFunction_666.EdGraphPin_365''
[2017.01.20-13.33.33:000][682]LogUObjectHash:Warning: Ambiguous search, could be K2Node_CallFunction /Game/Character/Animation/NewAnimBlueprint.NewAnimBlueprint:EventGraph.K2Node_CallFunction_666 or K2Node_CallFunction /Engine/Transient.PROTO_BP_Blueprint_0:UserConstructionScript.K2Node_CallFunction_666
[2017.01.20-13.33.33:000][682]LogProperty:Warning: ObjectProperty /Script/Engine.EdGraphPin:LinkedTo.LinkedTo: unresolved reference to 'EdGraphPin'K2Node_CallFunction_666.EdGraphPin_365''
[2017.01.20-13.33.49:377][ 55]BlueprintLog: New page: Compile NewAnimBlueprint
[2017.01.20-13.33.49:506][ 55]BlueprintEditorCompileResults: Info [1166.66] Compile of NewAnimBlueprint successful! [in 128 ms] (/Game/Character/Animation/NewAnimBlueprint.NewAnimBlueprint)
[2017.01.20-13.34.38:831][781]BlueprintLog: New page: Compile Character_Controller
[2017.01.20-13.34.39:772][781]BlueprintEditorCompileResults: Info The execution path doesn't end with a return node.  Is Not Valid 
[2017.01.20-13.34.39:772][781]BlueprintEditorCompileResults: Info [1216.92] Compile of Character_Controller successful! [in 941 ms] (/Game/Blueprints/Game/Character_Controller.Character_Controller)
[2017.01.20-13.40.22:238][599]BlueprintLog: New page: Compile Character_Controller
[2017.01.20-13.40.22:996][599]BlueprintEditorCompileResults: Info The execution path doesn't end with a return node.  Is Not Valid 
[2017.01.20-13.40.22:996][599]BlueprintEditorCompileResults: Info [1560.15] Compile of Character_Controller successful! [in 758 ms] (/Game/Blueprints/Game/Character_Controller.Character_Controller)
[2017.01.20-13.40.38:679][840]LogUObjectHash:Warning: Ambiguous search, could be K2Node_DynamicCast /Game/AI/AgroCheck.AgroCheck:EventGraph.K2Node_DynamicCast_9 or K2Node_DynamicCast /Game/AI/CheckLoS.CheckLoS:EventGraph.K2Node_DynamicCast_9
[2017.01.20-13.40.38:680][840]LogUObjectHash:Warning: Ambiguous search, could be K2Node_DynamicCast /Game/AI/AgroCheck.AgroCheck:EventGraph.K2Node_DynamicCast_9 or K2Node_DynamicCast /Engine/Transient.PROTO_BP_Blueprint_0:UserConstructionScript.K2Node_DynamicCast_9
[2017.01.20-13.40.38:680][840]LogUObjectHash:Warning: Ambiguous search, could be K2Node_DynamicCast /Game/AI/AgroCheck.AgroCheck:EventGraph.K2Node_DynamicCast_9 or K2Node_DynamicCast /Game/Character/Animation/NewAnimBlueprint.NewAnimBlueprint:ExecuteUbergraph_NewAnimBlueprint.K2Node_DynamicCast_9
[2017.01.20-13.40.38:680][840]LogUObjectHash:Warning: Ambiguous search, could be K2Node_DynamicCast /Game/AI/AgroCheck.AgroCheck:EventGraph.K2Node_DynamicCast_9 or K2Node_DynamicCast /Game/Blueprints/Game/Character_Controller.Character_Controller:EventGraph.K2Node_DynamicCast_9
[2017.01.20-13.40.38:680][840]LogProperty:Warning: ObjectProperty /Script/Engine.EdGraphPin:LinkedTo.LinkedTo: unresolved reference to 'EdGraphPin'K2Node_DynamicCast_9.EdGraphPin_7792''
[2017.01.20-13.40.40:872][999]LogEditorTransaction: Undo Paste clipboard contents
[2017.01.20-13.40.44:812][283]LogEditorTransaction: Undo Move Node
[2017.01.20-13.40.51:844][780]LogUObjectHash:Warning: Ambiguous search, could be K2Node_VariableGet /Game/Blueprints/Game/Character_Controller.Character_Controller:EventGraph.K2Node_VariableGet_125 or K2Node_VariableGet /Game/Blueprints/Game/Character_Controller.Character_Controller:EventGraph.K2Node_VariableGet_125
[2017.01.20-13.40.51:844][780]LogUObjectHash:Warning: Ambiguous search, could be K2Node_DynamicCast /Game/AI/AgroCheck.AgroCheck:EventGraph.K2Node_DynamicCast_9 or K2Node_DynamicCast /Game/AI/CheckLoS.CheckLoS:EventGraph.K2Node_DynamicCast_9
[2017.01.20-13.40.51:844][780]LogUObjectHash:Warning: Ambiguous search, could be K2Node_DynamicCast /Game/AI/AgroCheck.AgroCheck:EventGraph.K2Node_DynamicCast_9 or K2Node_DynamicCast /Engine/Transient.PROTO_BP_Blueprint_0:UserConstructionScript.K2Node_DynamicCast_9
[2017.01.20-13.40.51:844][780]LogUObjectHash:Warning: Ambiguous search, could be K2Node_DynamicCast /Game/AI/AgroCheck.AgroCheck:EventGraph.K2Node_DynamicCast_9 or K2Node_DynamicCast /Game/Character/Animation/NewAnimBlueprint.NewAnimBlueprint:ExecuteUbergraph_NewAnimBlueprint.K2Node_DynamicCast_9
[2017.01.20-13.40.51:845][780]LogUObjectHash:Warning: Ambiguous search, could be K2Node_DynamicCast /Game/AI/AgroCheck.AgroCheck:EventGraph.K2Node_DynamicCast_9 or K2Node_DynamicCast /Game/Blueprints/Game/Character_Controller.Character_Controller:EventGraph.K2Node_DynamicCast_9
[2017.01.20-13.40.51:845][780]LogProperty:Warning: ObjectProperty /Script/Engine.EdGraphPin:LinkedTo.LinkedTo: unresolved reference to 'EdGraphPin'K2Node_DynamicCast_9.EdGraphPin_9617''
[2017.01.20-13.40.51:845][780]LogProperty:Warning: ObjectProperty /Script/Engine.EdGraphPin:LinkedTo.LinkedTo: unresolved reference to 'EdGraphPin'K2Node_VariableSet_334.EdGraphPin_7870''
[2017.01.20-13.40.51:845][780]LogProperty:Warning: ObjectProperty /Script/Engine.EdGraphPin:LinkedTo.LinkedTo: unresolved reference to 'EdGraphPin'K2Node_VariableSet_333.EdGraphPin_7865''
[2017.01.20-13.40.51:846][780]LogUObjectHash:Warning: Ambiguous search, could be K2Node_CallFunction /Game/Blueprints/Game/Character_Controller.Character_Controller:EventGraph.K2Node_CallFunction_874 or K2Node_CallFunction /Engine/Transient.PROTO_BP_Blueprint_0:UserConstructionScript.K2Node_CallFunction_874
[2017.01.20-13.40.51:846][780]LogProperty:Warning: ObjectProperty /Script/Engine.EdGraphPin:LinkedTo.LinkedTo: unresolved reference to 'EdGraphPin'K2Node_CallFunction_874.EdGraphPin_7854''
[2017.01.20-13.40.51:846][780]LogUObjectHash:Warning: Ambiguous search, could be K2Node_CallFunction /Game/Blueprints/Game/Character_Controller.Character_Controller:EventGraph.K2Node_CallFunction_874 or K2Node_CallFunction /Engine/Transient.PROTO_BP_Blueprint_0:UserConstructionScript.K2Node_CallFunction_874
[2017.01.20-13.40.51:846][780]LogProperty:Warning: ObjectProperty /Script/Engine.EdGraphPin:LinkedTo.LinkedTo: unresolved reference to 'EdGraphPin'K2Node_CallFunction_874.EdGraphPin_7855''
[2017.01.20-13.40.51:846][780]LogUObjectHash:Warning: Ambiguous search, could be K2Node_BreakStruct /Engine/Transient.PROTO_BP_Blueprint_0:UserConstructionScript.K2Node_BreakStruct_18 or K2Node_BreakStruct /Game/Blueprints/Game/Character_Controller.Character_Controller:EventGraph.K2Node_BreakStruct_18
[2017.01.20-13.40.51:846][780]LogProperty:Warning: ObjectProperty /Script/Engine.EdGraphPin:LinkedTo.LinkedTo: unresolved reference to 'EdGraphPin'K2Node_BreakStruct_18.EdGraphPin_7850''
[2017.01.20-13.40.51:846][780]LogUObjectHash:Warning: Ambiguous search, could be K2Node_VariableGet /Game/Blueprints/Game/Character_Controller.Character_Controller:ExecuteUbergraph_Character_Controller.K2Node_VariableGet_130 or K2Node_VariableGet /Game/Blueprints/Game/Character_Controller.Character_Controller:EventGraph.K2Node_VariableGet_130
[2017.01.20-13.40.51:847][780]LogProperty:Warning: ObjectProperty /Script/Engine.EdGraphPin:LinkedTo.LinkedTo: unresolved reference to 'EdGraphPin'K2Node_VariableGet_130.EdGraphPin_7851''
[2017.01.20-13.40.51:847][780]LogUObjectHash:Warning: Ambiguous search, could be K2Node_DynamicCast /Game/AI/AgroCheck.AgroCheck:EventGraph.K2Node_DynamicCast_9 or K2Node_DynamicCast /Game/AI/CheckLoS.CheckLoS:EventGraph.K2Node_DynamicCast_9
[2017.01.20-13.40.51:847][780]LogUObjectHash:Warning: Ambiguous search, could be K2Node_DynamicCast /Game/AI/AgroCheck.AgroCheck:EventGraph.K2Node_DynamicCast_9 or K2Node_DynamicCast /Engine/Transient.PROTO_BP_Blueprint_0:UserConstructionScript.K2Node_DynamicCast_9
[2017.01.20-13.40.51:847][780]LogUObjectHash:Warning: Ambiguous search, could be K2Node_DynamicCast /Game/AI/AgroCheck.AgroCheck:EventGraph.K2Node_DynamicCast_9 or K2Node_DynamicCast /Game/Character/Animation/NewAnimBlueprint.NewAnimBlueprint:ExecuteUbergraph_NewAnimBlueprint.K2Node_DynamicCast_9
[2017.01.20-13.40.51:847][780]LogUObjectHash:Warning: Ambiguous search, could be K2Node_DynamicCast /Game/AI/AgroCheck.AgroCheck:EventGraph.K2Node_DynamicCast_9 or K2Node_DynamicCast /Game/Blueprints/Game/Character_Controller.Character_Controller:EventGraph.K2Node_DynamicCast_9
[2017.01.20-13.40.51:847][780]LogProperty:Warning: ObjectProperty /Script/Engine.EdGraphPin:LinkedTo.LinkedTo: unresolved reference to 'EdGraphPin'K2Node_DynamicCast_9.EdGraphPin_9615''
[2017.01.20-13.40.51:847][780]LogUObjectHash:Warning: Ambiguous search, could be K2Node_VariableGet /Game/UI/UI_Equipment.UI_Equipment:EventGraph.K2Node_VariableGet_257 or K2Node_VariableGet /Game/Blueprints/Game/Character_Controller.Character_Controller:EventGraph.K2Node_VariableGet_257
[2017.01.20-13.40.51:847][780]LogProperty:Warning: ObjectProperty /Script/Engine.EdGraphPin:LinkedTo.LinkedTo: unresolved reference to 'EdGraphPin'K2Node_VariableGet_257.EdGraphPin_9620''
[2017.01.20-13.40.51:848][780]LogUObjectHash:Warning: Ambiguous search, could be K2Node_DynamicCast /Game/AI/AgroCheck.AgroCheck:EventGraph.K2Node_DynamicCast_9 or K2Node_DynamicCast /Game/AI/CheckLoS.CheckLoS:EventGraph.K2Node_DynamicCast_9
[2017.01.20-13.40.51:848][780]LogUObjectHash:Warning: Ambiguous search, could be K2Node_DynamicCast /Game/AI/AgroCheck.AgroCheck:EventGraph.K2Node_DynamicCast_9 or K2Node_DynamicCast /Engine/Transient.PROTO_BP_Blueprint_0:UserConstructionScript.K2Node_DynamicCast_9
[2017.01.20-13.40.51:848][780]LogUObjectHash:Warning: Ambiguous search, could be K2Node_DynamicCast /Game/AI/AgroCheck.AgroCheck:EventGraph.K2Node_DynamicCast_9 or K2Node_DynamicCast /Game/Character/Animation/NewAnimBlueprint.NewAnimBlueprint:ExecuteUbergraph_NewAnimBlueprint.K2Node_DynamicCast_9
[2017.01.20-13.40.51:848][780]LogUObjectHash:Warning: Ambiguous search, could be K2Node_DynamicCast /Game/AI/AgroCheck.AgroCheck:EventGraph.K2Node_DynamicCast_9 or K2Node_DynamicCast /Game/Blueprints/Game/Character_Controller.Character_Controller:EventGraph.K2Node_DynamicCast_9
[2017.01.20-13.40.51:848][780]LogProperty:Warning: ObjectProperty /Script/Engine.EdGraphPin:LinkedTo.LinkedTo: unresolved reference to 'EdGraphPin'K2Node_DynamicCast_9.EdGraphPin_9618''
[2017.01.20-13.41.00:297][342]BlueprintLog: New page: Compile Character_Controller
[2017.01.20-13.41.01:081][342]BlueprintEditorCompileResults: Info The execution path doesn't end with a return node.  Is Not Valid 
[2017.01.20-13.41.01:081][342]BlueprintEditorCompileResults: Info [1598.23] Compile of Character_Controller successful! [in 784 ms] (/Game/Blueprints/Game/Character_Controller.Character_Controller)
[2017.01.20-13.41.47:588][853]BlueprintLog: New page: Compile Character_Controller
[2017.01.20-13.41.48:319][853]BlueprintEditorCompileResults: Info The execution path doesn't end with a return node.  Is Not Valid 
[2017.01.20-13.41.48:319][853]BlueprintEditorCompileResults: Info [1645.47] Compile of Character_Controller successful! [in 730 ms] (/Game/Blueprints/Game/Character_Controller.Character_Controller)
[2017.01.20-13.41.48:514][856]BlueprintLog: New page: Compile Character_Controller
[2017.01.20-13.41.49:245][856]BlueprintEditorCompileResults: Info The execution path doesn't end with a return node.  Is Not Valid 
[2017.01.20-13.41.49:245][856]BlueprintEditorCompileResults: Info [1646.40] Compile of Character_Controller successful! [in 730 ms] (/Game/Blueprints/Game/Character_Controller.Character_Controller)
[2017.01.20-13.41.50:128][910]Cmd: OBJ SAVEPACKAGE PACKAGE="/Game/Blueprints/Game/Character_Controller" FILE="../../../../../../MP2/project_nomad/Project_Nomand/Content/Blueprints/Game/Character_Controller.uasset" SILENT=true
[2017.01.20-13.41.50:677][910]LogSavePackage: Save=533.92ms
[2017.01.20-13.41.50:677][910]LogSavePackage: Moving '../../../../../../MP2/project_nomad/Project_Nomand/Saved/Character_Controller03CE51264DE7524BB3ACD3B3389D3111.tmp' to '../../../../../../MP2/project_nomad/Project_Nomand/Content/Blueprints/Game/Character_Controller.uasset'
[2017.01.20-13.41.50:680][910]LogSavePackage:Display: Finished SavePackage ../../../../../../MP2/project_nomad/Project_Nomand/Content/Blueprints/Game/Character_Controller.uasset
[2017.01.20-13.42.06:849][241]BlueprintLog: New page: Compile NewAnimBlueprint
[2017.01.20-13.42.06:991][241]BlueprintEditorCompileResults: Info [1664.14] Compile of NewAnimBlueprint successful! [in 141 ms] (/Game/Character/Animation/NewAnimBlueprint.NewAnimBlueprint)
[2017.01.20-13.42.09:189][422]Cmd: OBJ SAVEPACKAGE PACKAGE="/Game/Character/Animation/NewAnimBlueprint" FILE="../../../../../../MP2/project_nomad/Project_Nomand/Content/Character/Animation/NewAnimBlueprint.uasset" SILENT=true
[2017.01.20-13.42.09:252][422]LogSavePackage: Save=50.33ms
[2017.01.20-13.42.09:252][422]LogSavePackage: Moving '../../../../../../MP2/project_nomad/Project_Nomand/Saved/NewAnimBlueprintCFC27E33442DEA7EBB04E18DF95CCE7D.tmp' to '../../../../../../MP2/project_nomad/Project_Nomand/Content/Character/Animation/NewAnimBlueprint.uasset'
[2017.01.20-13.42.09:254][422]LogSavePackage:Display: Finished SavePackage ../../../../../../MP2/project_nomad/Project_Nomand/Content/Character/Animation/NewAnimBlueprint.uasset
[2017.01.20-13.43.07:533][327]BlueprintLog: New page: Compile Character_Controller
[2017.01.20-13.43.07:738][327]LogBlueprint:Warning: Compiler Warning InputAction Event references unknown Action 'ToogleWeapon' for  InputAction ToogleWeapon 
[2017.01.20-13.43.08:283][327]LogBlueprint:Warning: Compiler Warning [1725.43] Compile of Character_Controller successful, but with 1 Warning(s) [in 750 ms] (/Game/Blueprints/Game/Character_Controller.Character_Controller)
[2017.01.20-13.43.08:283][327]BlueprintEditorCompileResults:Warning: Warning InputAction Event references unknown Action 'ToogleWeapon' for  InputAction ToogleWeapon 
[2017.01.20-13.43.08:283][327]BlueprintEditorCompileResults: Info The execution path doesn't end with a return node.  Is Not Valid 
[2017.01.20-13.43.08:283][327]BlueprintEditorCompileResults:Warning: Warning [1725.43] Compile of Character_Controller successful, but with 1 Warning(s) [in 750 ms] (/Game/Blueprints/Game/Character_Controller.Character_Controller)
[2017.01.20-13.45.25:103][514]BlueprintLog: New page: Compile Character_Controller
[2017.01.20-13.45.25:859][514]BlueprintEditorCompileResults: Info The execution path doesn't end with a return node.  Is Not Valid 
[2017.01.20-13.45.25:859][514]BlueprintEditorCompileResults: Info [1863.01] Compile of Character_Controller successful! [in 756 ms] (/Game/Blueprints/Game/Character_Controller.Character_Controller)
[2017.01.20-13.45.26:758][575]Cmd: OBJ SAVEPACKAGE PACKAGE="/Game/Blueprints/Game/Character_Controller" FILE="../../../../../../MP2/project_nomad/Project_Nomand/Content/Blueprints/Game/Character_Controller.uasset" SILENT=true
[2017.01.20-13.45.27:290][575]LogSavePackage: Save=525.25ms
[2017.01.20-13.45.27:290][575]LogSavePackage: Moving '../../../../../../MP2/project_nomad/Project_Nomand/Saved/Character_ControllerB12B44E74341F694E054E589DF2ECA13.tmp' to '../../../../../../MP2/project_nomad/Project_Nomand/Content/Blueprints/Game/Character_Controller.uasset'
[2017.01.20-13.45.27:292][575]LogSavePackage:Display: Finished SavePackage ../../../../../../MP2/project_nomad/Project_Nomand/Content/Blueprints/Game/Character_Controller.uasset
[2017.01.20-13.45.53:364][459]BlueprintLog: New page: Compile Character_Controller
[2017.01.20-13.45.54:141][459]BlueprintEditorCompileResults: Info The execution path doesn't end with a return node.  Is Not Valid 
[2017.01.20-13.45.54:141][459]BlueprintEditorCompileResults: Info [1891.29] Compile of Character_Controller successful! [in 776 ms] (/Game/Blueprints/Game/Character_Controller.Character_Controller)
[2017.01.20-13.46.04:092][  1]LogBlueprintUserMessages: Early PlayInEditor Detection: Level '/Game/Map/Map.Map:PersistentLevel' has LevelScriptBlueprint '/Game/Map/Map.Map:PersistentLevel.Map' with GeneratedClass '/Game/Map/Map.Map_C' with ClassGeneratedBy '/Game/Map/Map.Map:PersistentLevel.Map'
[2017.01.20-13.46.04:092][  1]LogPlayLevel: PlayLevel: No blueprints needed recompiling
[2017.01.20-13.46.04:092][  1]PIE: New page: PIE session: Map (Jan 20, 2017, 3:46:04 PM)
[2017.01.20-13.46.04:092][  1]LogPlayLevel: Creating play world package: /Game/Map/UEDPIE_0_Map
[2017.01.20-13.46.04:131][  1]LogPlayLevel: PIE: StaticDuplicateObject took: (0.038355s)
[2017.01.20-13.46.04:132][  1]LogAIModule: Creating AISystem for world Map
[2017.01.20-13.46.04:132][  1]LogPlayLevel: PIE: World Init took: (0.000799s)
[2017.01.20-13.46.04:132][  1]LogPlayLevel: PIE: Created PIE world by copying editor world from /Game/Map/Map.Map to /Game/Map/UEDPIE_0_Map.Map (0.039546s)
[2017.01.20-13.46.04:172][  1]LogInit: XAudio2 using 'Lautsprecher (Realtek High Definition Audio)' : 2 channels at 48 kHz using 32 bits per sample (channel mask 0x3)
[2017.01.20-13.46.04:182][  1]LogInit: FAudioDevice initialized.
[2017.01.20-13.46.04:228][  1]LogWorld: Game class is 'GameMode'
[2017.01.20-13.46.04:247][  1]LogWorld: Bringing World /Game/Map/UEDPIE_0_Map.Map up for play (max tick rate 0) at 2017.01.20-14.46.04
[2017.01.20-13.46.04:248][  1]LogWorld: Bringing up level for play took: 0.018760
[2017.01.20-13.46.04:250][  1]PIE: Info Play in editor start time for /Game/Map/UEDPIE_0_Map 0.757
[2017.01.20-13.46.04:250][  1]LogBlueprintUserMessages: Late PlayInEditor Detection: Level '/Game/Map/Map.Map:PersistentLevel' has LevelScriptBlueprint '/Game/Map/Map.Map:PersistentLevel.Map' with GeneratedClass '/Game/Map/Map.Map_C' with ClassGeneratedBy '/Game/Map/Map.Map:PersistentLevel.Map'
[2017.01.20-13.46.09:670][646]LogScriptCore:Warning: Attempted to get an item from array TargetArray out of bounds [1/0]!

[2017.01.20-13.46.09:670][646]LogScriptCore:Warning: Attempted to get an item from array Inventory out of bounds [1/0]!

[2017.01.20-13.46.09:670][646]LogScriptCore:Warning: Attempted to get an item from array TargetArray out of bounds [2/0]!

[2017.01.20-13.46.09:670][646]LogScriptCore:Warning: Attempted to get an item from array Inventory out of bounds [2/0]!

[2017.01.20-13.46.09:670][646]LogScriptCore:Warning: Attempted to get an item from array TargetArray out of bounds [3/0]!

[2017.01.20-13.46.09:671][646]LogScriptCore:Warning: Attempted to get an item from array Inventory out of bounds [3/0]!

[2017.01.20-13.46.09:671][646]LogScriptCore:Warning: Attempted to get an item from array TargetArray out of bounds [4/0]!

[2017.01.20-13.46.09:671][646]LogScriptCore:Warning: Attempted to get an item from array Inventory out of bounds [4/0]!

[2017.01.20-13.46.09:671][646]LogScriptCore:Warning: Attempted to get an item from array TargetArray out of bounds [5/0]!

[2017.01.20-13.46.09:671][646]LogScriptCore:Warning: Attempted to get an item from array Inventory out of bounds [5/0]!

[2017.01.20-13.46.09:671][646]LogScriptCore:Warning: Attempted to get an item from array TargetArray out of bounds [6/0]!

[2017.01.20-13.46.09:671][646]LogScriptCore:Warning: Attempted to get an item from array Inventory out of bounds [6/0]!

[2017.01.20-13.46.09:671][646]LogScriptCore:Warning: Attempted to get an item from array TargetArray out of bounds [7/0]!

[2017.01.20-13.46.09:671][646]LogScriptCore:Warning: Attempted to get an item from array Inventory out of bounds [7/0]!

[2017.01.20-13.46.09:671][646]LogScriptCore:Warning: Attempted to get an item from array TargetArray out of bounds [8/0]!

[2017.01.20-13.46.09:671][646]LogScriptCore:Warning: Attempted to get an item from array Inventory out of bounds [8/0]!

[2017.01.20-13.46.09:671][646]LogScriptCore:Warning: Attempted to get an item from array TargetArray out of bounds [9/0]!

[2017.01.20-13.46.09:671][646]LogScriptCore:Warning: Attempted to get an item from array Inventory out of bounds [9/0]!

[2017.01.20-13.46.09:671][646]LogScriptCore:Warning: Attempted to get an item from array TargetArray out of bounds [10/0]!

[2017.01.20-13.46.09:671][646]LogScriptCore:Warning: Attempted to get an item from array Inventory out of bounds [10/0]!

[2017.01.20-13.46.09:671][646]LogScriptCore:Warning: Attempted to get an item from array TargetArray out of bounds [11/0]!

[2017.01.20-13.46.09:671][646]LogScriptCore:Warning: Attempted to get an item from array Inventory out of bounds [11/0]!

[2017.01.20-13.46.09:671][646]LogScriptCore:Warning: Attempted to get an item from array TargetArray out of bounds [12/0]!

[2017.01.20-13.46.09:671][646]LogScriptCore:Warning: Attempted to get an item from array Inventory out of bounds [12/0]!

[2017.01.20-13.46.09:672][646]LogScriptCore:Warning: Attempted to get an item from array TargetArray out of bounds [13/0]!

[2017.01.20-13.46.09:672][646]LogScriptCore:Warning: Attempted to get an item from array Inventory out of bounds [13/0]!

[2017.01.20-13.46.09:672][646]LogScriptCore:Warning: Attempted to get an item from array TargetArray out of bounds [14/0]!

[2017.01.20-13.46.09:672][646]LogScriptCore:Warning: Attempted to get an item from array Inventory out of bounds [14/0]!

[2017.01.20-13.46.09:672][646]LogScriptCore:Warning: Attempted to get an item from array TargetArray out of bounds [15/0]!

[2017.01.20-13.46.09:672][646]LogScriptCore:Warning: Attempted to get an item from array Inventory out of bounds [15/0]!

[2017.01.20-13.46.09:672][646]LogScriptCore:Warning: Attempted to get an item from array TargetArray out of bounds [16/0]!

[2017.01.20-13.46.09:672][646]LogScriptCore:Warning: Attempted to get an item from array Inventory out of bounds [16/0]!

[2017.01.20-13.46.09:672][646]LogScriptCore:Warning: Attempted to get an item from array TargetArray out of bounds [17/0]!

[2017.01.20-13.46.09:672][646]LogScriptCore:Warning: Attempted to get an item from array Inventory out of bounds [17/0]!

[2017.01.20-13.46.09:672][646]LogScriptCore:Warning: Attempted to get an item from array TargetArray out of bounds [18/0]!

[2017.01.20-13.46.09:672][646]LogScriptCore:Warning: Attempted to get an item from array Inventory out of bounds [18/0]!

[2017.01.20-13.46.09:672][646]LogScriptCore:Warning: Attempted to get an item from array TargetArray out of bounds [19/0]!

[2017.01.20-13.46.09:672][646]LogScriptCore:Warning: Attempted to get an item from array Inventory out of bounds [19/0]!

[2017.01.20-13.46.11:385][849]LogBlueprintUserMessages: [Character_Controller_536] 0
[2017.01.20-13.46.11:385][849]LogScriptCore:Warning: Attempted to get an item from array TargetArray out of bounds [0/0]!

[2017.01.20-13.46.11:385][849]LogScriptCore:Warning: Attempted to get an item from array Inventory out of bounds [0/0]!

[2017.01.20-13.46.11:386][849]LogScriptCore:Warning: Attempted to get an item from array TargetArray out of bounds [1/0]!

[2017.01.20-13.46.11:386][849]LogScriptCore:Warning: Attempted to get an item from array Inventory out of bounds [1/0]!

[2017.01.20-13.46.11:386][849]LogScriptCore:Warning: Attempted to get an item from array TargetArray out of bounds [2/0]!

[2017.01.20-13.46.11:386][849]LogScriptCore:Warning: Attempted to get an item from array Inventory out of bounds [2/0]!

[2017.01.20-13.46.11:386][849]LogScriptCore:Warning: Attempted to get an item from array TargetArray out of bounds [3/0]!

[2017.01.20-13.46.11:386][849]LogScriptCore:Warning: Attempted to get an item from array Inventory out of bounds [3/0]!

[2017.01.20-13.46.11:386][849]LogScriptCore:Warning: Attempted to get an item from array TargetArray out of bounds [4/0]!

[2017.01.20-13.46.11:386][849]LogScriptCore:Warning: Attempted to get an item from array Inventory out of bounds [4/0]!

[2017.01.20-13.46.11:386][849]LogScriptCore:Warning: Attempted to get an item from array TargetArray out of bounds [5/0]!

[2017.01.20-13.46.11:386][849]LogScriptCore:Warning: Attempted to get an item from array Inventory out of bounds [5/0]!

[2017.01.20-13.46.11:386][849]LogScriptCore:Warning: Attempted to get an item from array TargetArray out of bounds [6/0]!

[2017.01.20-13.46.11:386][849]LogScriptCore:Warning: Attempted to get an item from array Inventory out of bounds [6/0]!

[2017.01.20-13.46.11:386][849]LogScriptCore:Warning: Attempted to get an item from array TargetArray out of bounds [7/0]!

[2017.01.20-13.46.11:386][849]LogScriptCore:Warning: Attempted to get an item from array Inventory out of bounds [7/0]!

[2017.01.20-13.46.11:386][849]LogScriptCore:Warning: Attempted to get an item from array TargetArray out of bounds [8/0]!

[2017.01.20-13.46.11:386][849]LogScriptCore:Warning: Attempted to get an item from array Inventory out of bounds [8/0]!

[2017.01.20-13.46.11:386][849]LogScriptCore:Warning: Attempted to get an item from array TargetArray out of bounds [9/0]!

[2017.01.20-13.46.11:386][849]LogScriptCore:Warning: Attempted to get an item from array Inventory out of bounds [9/0]!

[2017.01.20-13.46.11:387][849]LogScriptCore:Warning: Attempted to get an item from array TargetArray out of bounds [10/0]!

[2017.01.20-13.46.11:387][849]LogScriptCore:Warning: Attempted to get an item from array Inventory out of bounds [10/0]!

[2017.01.20-13.46.11:387][849]LogScriptCore:Warning: Attempted to get an item from array TargetArray out of bounds [11/0]!

[2017.01.20-13.46.11:387][849]LogScriptCore:Warning: Attempted to get an item from array Inventory out of bounds [11/0]!

[2017.01.20-13.46.11:387][849]LogScriptCore:Warning: Attempted to get an item from array TargetArray out of bounds [12/0]!

[2017.01.20-13.46.11:387][849]LogScriptCore:Warning: Attempted to get an item from array Inventory out of bounds [12/0]!

[2017.01.20-13.46.11:387][849]LogScriptCore:Warning: Attempted to get an item from array TargetArray out of bounds [13/0]!

[2017.01.20-13.46.11:387][849]LogScriptCore:Warning: Attempted to get an item from array Inventory out of bounds [13/0]!

[2017.01.20-13.46.11:387][849]LogScriptCore:Warning: Attempted to get an item from array TargetArray out of bounds [14/0]!

[2017.01.20-13.46.11:387][849]LogScriptCore:Warning: Attempted to get an item from array Inventory out of bounds [14/0]!

[2017.01.20-13.46.11:387][849]LogScriptCore:Warning: Attempted to get an item from array TargetArray out of bounds [15/0]!

[2017.01.20-13.46.11:387][849]LogScriptCore:Warning: Attempted to get an item from array Inventory out of bounds [15/0]!

[2017.01.20-13.46.11:387][849]LogScriptCore:Warning: Attempted to get an item from array TargetArray out of bounds [16/0]!

[2017.01.20-13.46.11:387][849]LogScriptCore:Warning: Attempted to get an item from array Inventory out of bounds [16/0]!

[2017.01.20-13.46.11:387][849]LogScriptCore:Warning: Attempted to get an item from array TargetArray out of bounds [17/0]!

[2017.01.20-13.46.11:387][849]LogScriptCore:Warning: Attempted to get an item from array Inventory out of bounds [17/0]!

[2017.01.20-13.46.11:387][849]LogScriptCore:Warning: Attempted to get an item from array TargetArray out of bounds [18/0]!

[2017.01.20-13.46.11:387][849]LogScriptCore:Warning: Attempted to get an item from array Inventory out of bounds [18/0]!

[2017.01.20-13.46.11:388][849]LogScriptCore:Warning: Attempted to get an item from array TargetArray out of bounds [19/0]!

[2017.01.20-13.46.11:388][849]LogScriptCore:Warning: Attempted to get an item from array Inventory out of bounds [19/0]!

[2017.01.20-13.46.33:672][505]LogBlueprintUserMessages: Early EndPlayMap Detection: Level '/Game/Map/Map.Map:PersistentLevel' has LevelScriptBlueprint '/Game/Map/Map.Map:PersistentLevel.Map' with GeneratedClass '/Game/Map/Map.Map_C' with ClassGeneratedBy '/Game/Map/Map.Map:PersistentLevel.Map'
[2017.01.20-13.46.33:731][505]LogBlueprintUserMessages: Late EndPlayMap Detection: Level '/Game/Map/Map.Map:PersistentLevel' has LevelScriptBlueprint '/Game/Map/Map.Map:PersistentLevel.Map' with GeneratedClass '/Game/Map/Map.Map_C' with ClassGeneratedBy '/Game/Map/Map.Map:PersistentLevel.Map'
[2017.01.20-13.46.39:214][635]Cmd: OBJ SAVEPACKAGE PACKAGE="/Game/Blueprints/Game/Character_Controller" FILE="../../../../../../MP2/project_nomad/Project_Nomand/Content/Blueprints/Game/Character_Controller.uasset" SILENT=true
[2017.01.20-13.46.39:737][635]LogSavePackage: Save=517.87ms
[2017.01.20-13.46.39:737][635]LogSavePackage: Moving '../../../../../../MP2/project_nomad/Project_Nomand/Saved/Character_Controller43E4BDC74CAFDA2844DAC5B300917047.tmp' to '../../../../../../MP2/project_nomad/Project_Nomand/Content/Blueprints/Game/Character_Controller.uasset'
[2017.01.20-13.46.39:740][635]LogSavePackage:Display: Finished SavePackage ../../../../../../MP2/project_nomad/Project_Nomand/Content/Blueprints/Game/Character_Controller.uasset
[2017.01.20-13.46.39:802][635]Cmd: OBJ SAVEPACKAGE PACKAGE="/Game/Map/Map" FILE="../../../../../../MP2/project_nomad/Project_Nomand/Content/Map/Map.umap" SILENT=true AUTOSAVING=false KEEPDIRTY=false
[2017.01.20-13.46.40:568][635]LogSavePackage: Save=716.54ms
[2017.01.20-13.46.40:568][635]LogSavePackage: Moving '../../../../../../MP2/project_nomad/Project_Nomand/Saved/MapAFFDEF2F4F9377D4CD7BA2805F4C7EDE.tmp' to '../../../../../../MP2/project_nomad/Project_Nomand/Content/Map/Map.umap'
[2017.01.20-13.46.40:570][635]LogSavePackage:Display: Finished SavePackage ../../../../../../MP2/project_nomad/Project_Nomand/Content/Map/Map.umap
[2017.01.20-13.46.40:625][635]LogFileHelpers: Saving map 'Map' took 0.883
[2017.01.20-13.46.40:901][635]LogWindowsTextInputMethodSystem:Display: IME system now deactivated.
[2017.01.20-13.46.41:078][636]Cmd: QUIT_EDITOR
[2017.01.20-13.46.41:827][636]LogExit: Preparing to exit.
[2017.01.20-13.46.43:023][636]LogExit: Editor shut down
[2017.01.20-13.46.43:023][636]LogExit: Transaction tracking system shut down
[2017.01.20-13.46.43:235][636]LogObj: Freed 0b from 0 cluster array pools.
[2017.01.20-13.46.43:236][636]LogExit: Object subsystem successfully closed.
[2017.01.20-13.46.43:248][636]LogD3D11RHI: Shutdown
[2017.01.20-13.46.43:248][636]LogD3D11RHI: CleanupD3DDevice
[2017.01.20-13.46.43:336][636]LogD3D11RHI: ~FD3D11DynamicRHI
[2017.01.20-13.46.43:342][636]LogModuleManager: Shutting down and abandoning module ExternalImagePicker (216)
[2017.01.20-13.46.43:342][636]LogModuleManager: Shutting down and abandoning module BlueprintGraph (215)
[2017.01.20-13.46.43:342][636]LogModuleManager: Shutting down and abandoning module MovieSceneCapture (214)
[2017.01.20-13.46.43:342][636]LogModuleManager: Shutting down and abandoning module HierarchicalLODOutliner (213)
[2017.01.20-13.46.43:342][636]LogModuleManager: Shutting down and abandoning module CrashTracker (212)
[2017.01.20-13.46.43:342][636]LogModuleManager: Shutting down and abandoning module SceneOutliner (211)
[2017.01.20-13.46.43:342][636]LogModuleManager: Shutting down and abandoning module WidgetCarousel (210)
[2017.01.20-13.46.43:342][636]LogModuleManager: Shutting down and abandoning module AddContentDialog (209)
[2017.01.20-13.46.43:343][636]LogModuleManager: Shutting down and abandoning module GameplayTags (208)
[2017.01.20-13.46.43:343][636]LogModuleManager: Shutting down and abandoning module EditorWidgets (207)
[2017.01.20-13.46.43:343][636]LogModuleManager: Shutting down and abandoning module CollectionManager (206)
[2017.01.20-13.46.43:343][636]LogModuleManager: Shutting down and abandoning module StatsViewer (205)
[2017.01.20-13.46.43:343][636]LogModuleManager: Shutting down and abandoning module FoliageEdit (204)
[2017.01.20-13.46.43:343][636]LogModuleManager: Shutting down and abandoning module LandscapeEditor (203)
[2017.01.20-13.46.43:344][636]LogModuleManager: Shutting down and abandoning module SceneDepthPickerMode (202)
[2017.01.20-13.46.43:344][636]LogModuleManager: Shutting down and abandoning module ActorPickerMode (201)
[2017.01.20-13.46.43:344][636]LogModuleManager: Shutting down and abandoning module GeometryMode (200)
[2017.01.20-13.46.43:344][636]LogModuleManager: Shutting down and abandoning module TextureAlignMode (199)
[2017.01.20-13.46.43:344][636]LogModuleManager: Shutting down and abandoning module BspMode (198)
[2017.01.20-13.46.43:344][636]LogModuleManager: Shutting down and abandoning module HardwareSurvey (197)
[2017.01.20-13.46.43:344][636]LogModuleManager: Shutting down and abandoning module SequenceRecorderSections (196)
[2017.01.20-13.46.43:344][636]LogModuleManager: Shutting down and abandoning module SequenceRecorder (195)
[2017.01.20-13.46.43:344][636]LogModuleManager: Shutting down and abandoning module AutomationWorker (194)
[2017.01.20-13.46.43:344][636]LogModuleManager: Shutting down and abandoning module MatineeToLevelSequence (193)
[2017.01.20-13.46.43:344][636]LogModuleManager: Shutting down and abandoning module PlacementMode (192)
[2017.01.20-13.46.43:344][636]LogModuleManager: Shutting down and abandoning module LevelSequenceEditor (191)
[2017.01.20-13.46.43:344][636]LogModuleManager: Shutting down and abandoning module CharacterAI (190)
[2017.01.20-13.46.43:344][636]LogModuleManager: Shutting down and abandoning module SmartSnapping (189)
[2017.01.20-13.46.43:344][636]LogModuleManager: Shutting down and abandoning module SessionServices (188)
[2017.01.20-13.46.43:344][636]LogModuleManager: Shutting down and abandoning module ViewportSnapping (187)
[2017.01.20-13.46.43:344][636]LogModuleManager: Shutting down and abandoning module LogVisualizer (186)
[2017.01.20-13.46.43:344][636]LogModuleManager: Shutting down and abandoning module GameProjectGeneration (185)
[2017.01.20-13.46.43:344][636]LogModuleManager: Shutting down and abandoning module IntroTutorials (184)
[2017.01.20-13.46.43:344][636]LogModuleManager: Shutting down and abandoning module EditorLiveStreaming (183)
[2017.01.20-13.46.43:344][636]LogModuleManager: Shutting down and abandoning module IOSPlatformEditor (182)
[2017.01.20-13.46.43:344][636]LogModuleManager: Shutting down and abandoning module HTML5PlatformEditor (181)
[2017.01.20-13.46.43:344][636]LogModuleManager: Shutting down and abandoning module AndroidDeviceDetection (180)
[2017.01.20-13.46.44:089][636]LogModuleManager: Shutting down and abandoning module AndroidPlatformEditor (179)
[2017.01.20-13.46.44:089][636]LogModuleManager: Shutting down and abandoning module IOSRuntimeSettings (178)
[2017.01.20-13.46.44:089][636]LogModuleManager: Shutting down and abandoning module AndroidRuntimeSettings (177)
[2017.01.20-13.46.44:089][636]LogModuleManager: Shutting down and abandoning module MergeActors (176)
[2017.01.20-13.46.44:089][636]LogModuleManager: Shutting down and abandoning module SizeMap (175)
[2017.01.20-13.46.44:089][636]LogModuleManager: Shutting down and abandoning module TreeMap (174)
[2017.01.20-13.46.44:089][636]LogModuleManager: Shutting down and abandoning module ReferenceViewer (173)
[2017.01.20-13.46.44:089][636]LogModuleManager: Shutting down and abandoning module LocalizationService (172)
[2017.01.20-13.46.44:089][636]LogModuleManager: Shutting down and abandoning module LocalizationDashboard (171)
[2017.01.20-13.46.44:089][636]LogModuleManager: Shutting down and abandoning module HardwareTargeting (170)
[2017.01.20-13.46.44:089][636]LogModuleManager: Shutting down and abandoning module DeviceProfileEditor (169)
[2017.01.20-13.46.44:089][636]LogModuleManager: Shutting down and abandoning module UndoHistory (168)
[2017.01.20-13.46.44:089][636]LogModuleManager: Shutting down and abandoning module UserFeedback (167)
[2017.01.20-13.46.44:089][636]LogModuleManager: Shutting down and abandoning module XmlParser (166)
[2017.01.20-13.46.44:089][636]LogModuleManager: Shutting down and abandoning module Blutility (165)
[2017.01.20-13.46.44:089][636]LogModuleManager: Shutting down and abandoning module ProjectTargetPlatformEditor (164)
[2017.01.20-13.46.44:089][636]LogModuleManager: Shutting down and abandoning module ProjectSettingsViewer (163)
[2017.01.20-13.46.44:089][636]LogModuleManager: Shutting down and abandoning module InputBindingEditor (162)
[2017.01.20-13.46.44:090][636]LogModuleManager: Shutting down and abandoning module EditorSettingsViewer (161)
[2017.01.20-13.46.44:090][636]LogModuleManager: Shutting down and abandoning module SettingsEditor (160)
[2017.01.20-13.46.44:090][636]LogModuleManager: Shutting down and abandoning module ProjectLauncher (159)
[2017.01.20-13.46.44:090][636]LogModuleManager: Shutting down and abandoning module SessionFrontend (158)
[2017.01.20-13.46.44:090][636]LogModuleManager: Shutting down and abandoning module ProfilerClient (157)
[2017.01.20-13.46.44:090][636]LogModuleManager: Shutting down and abandoning module TargetDeviceServices (156)
[2017.01.20-13.46.44:090][636]LogModuleManager: Shutting down and abandoning module DeviceManager (155)
[2017.01.20-13.46.44:142][636]LogModuleManager: Shutting down and abandoning module AutomationController (154)
[2017.01.20-13.46.44:142][636]LogModuleManager: Shutting down and abandoning module AutomationWindow (153)
[2017.01.20-13.46.44:142][636]LogModuleManager: Shutting down and abandoning module Layers (152)
[2017.01.20-13.46.44:142][636]LogModuleManager: Shutting down and abandoning module ComponentVisualizers (151)
[2017.01.20-13.46.44:142][636]LogModuleManager: Shutting down and abandoning module DetailCustomizations (150)
[2017.01.20-13.46.44:142][636]LogModuleManager: Shutting down and abandoning module PackagesDialog (149)
[2017.01.20-13.46.44:142][636]LogModuleManager: Shutting down and abandoning module Persona (148)
[2017.01.20-13.46.44:142][636]LogModuleManager: Shutting down and abandoning module Kismet (147)
[2017.01.20-13.46.44:142][636]LogModuleManager: Shutting down and abandoning module GraphEditor (146)
[2017.01.20-13.46.44:142][636]LogModuleManager: Shutting down and abandoning module ClassViewer (145)
[2017.01.20-13.46.44:142][636]LogModuleManager: Shutting down and abandoning module Toolbox (144)
[2017.01.20-13.46.44:142][636]LogModuleManager: Shutting down and abandoning module ModuleUI (143)
[2017.01.20-13.46.44:142][636]LogModuleManager: Shutting down and abandoning module MovieSceneTools (142)
[2017.01.20-13.46.44:142][636]LogModuleManager: Shutting down and abandoning module OutputLog (141)
[2017.01.20-13.46.44:142][636]LogModuleManager: Shutting down and abandoning module GammaUI (140)
[2017.01.20-13.46.44:142][636]LogModuleManager: Shutting down and abandoning module Documentation (139)
[2017.01.20-13.46.44:143][636]LogModuleManager: Shutting down and abandoning module StreamingPauseRendering (138)
[2017.01.20-13.46.44:143][636]LogModuleManager: Shutting down and abandoning module AnalyticsET (137)
[2017.01.20-13.46.44:143][636]LogModuleManager: Shutting down and abandoning module Analytics (136)
[2017.01.20-13.46.44:143][636]LogModuleManager: Shutting down and abandoning module PortalServices (135)
[2017.01.20-13.46.44:143][636]LogModuleManager: Shutting down and abandoning module PortalRpc (134)
[2017.01.20-13.46.44:143][636]LogModuleManager: Shutting down and abandoning module MessagingRpc (133)
[2017.01.20-13.46.44:143][636]LogModuleManager: Shutting down and abandoning module GameplayDebugger (132)
[2017.01.20-13.46.44:143][636]LogModuleManager: Shutting down and abandoning module AITestSuite (131)
[2017.01.20-13.46.44:143][636]LogModuleManager: Shutting down and abandoning module AIModule (130)
[2017.01.20-13.46.44:143][636]LogModuleManager: Shutting down and abandoning module ProfilerService (129)
[2017.01.20-13.46.44:303][636]LogModuleManager: Shutting down and abandoning module TaskGraph (128)
[2017.01.20-13.46.44:304][636]LogModuleManager: Shutting down and abandoning module SlateRemote (127)
[2017.01.20-13.46.44:304][636]LogModuleManager: Shutting down and abandoning module SteamVRController (126)
[2017.01.20-13.46.44:304][636]LogModuleManager: Shutting down and abandoning module SteamVR (125)
[2017.01.20-13.46.44:304][636]LogModuleManager: Shutting down and abandoning module ProceduralMeshComponent (124)
[2017.01.20-13.46.44:304][636]LogModuleManager: Shutting down and abandoning module OculusLibrary (123)
[2017.01.20-13.46.44:304][636]LogModuleManager: Shutting down and abandoning module OculusInput (122)
[2017.01.20-13.46.44:304][636]LogModuleManager: Shutting down and abandoning module CustomMeshComponent (121)
[2017.01.20-13.46.44:304][636]LogModuleManager: Shutting down and abandoning module CableComponent (120)
[2017.01.20-13.46.44:304][636]LogModuleManager: Shutting down and abandoning module ArchVisCharacter (119)
[2017.01.20-13.46.44:304][636]LogModuleManager: Shutting down and abandoning module MediaPlayerEditor (118)
[2017.01.20-13.46.44:304][636]LogModuleManager: Shutting down and abandoning module HTML5Networking (117)
[2017.01.20-13.46.44:304][636]LogModuleManager: Shutting down and abandoning module SuperSearch (116)
[2017.01.20-13.46.44:304][636]LogModuleManager: Shutting down and abandoning module SuperSearchEditor (115)
[2017.01.20-13.46.44:304][636]LogModuleManager: Shutting down and abandoning module SpeedTreeImporter (114)
[2017.01.20-13.46.44:304][636]LogModuleManager: Shutting down and abandoning module PluginBrowser (113)
[2017.01.20-13.46.44:304][636]LogModuleManager: Shutting down and abandoning module EpicSurvey (112)
[2017.01.20-13.46.44:304][636]LogModuleManager: Shutting down and abandoning module DesktopPlatform (111)
[2017.01.20-13.46.44:304][636]LogModuleManager: Shutting down and abandoning module VisualStudioSourceCodeAccess (110)
[2017.01.20-13.46.44:304][636]LogModuleManager: Shutting down and abandoning module UObjectPlugin (109)
[2017.01.20-13.46.44:304][636]LogModuleManager: Shutting down and abandoning module SubversionSourceControl (108)
[2017.01.20-13.46.44:304][636]LogModuleManager: Shutting down and abandoning module PerforceSourceControl (107)
[2017.01.20-13.46.44:304][636]LogModuleManager: Shutting down and abandoning module SourceControl (106)
[2017.01.20-13.46.44:304][636]LogModuleManager: Shutting down and abandoning module GitSourceControl (105)
[2017.01.20-13.46.44:304][636]LogModuleManager: Shutting down and abandoning module LightPropagationVolumeEditor (104)
[2017.01.20-13.46.44:304][636]LogModuleManager: Shutting down and abandoning module PaperTiledImporter (103)
[2017.01.20-13.46.44:304][636]LogModuleManager: Shutting down and abandoning module PaperSpriteSheetImporter (102)
[2017.01.20-13.46.44:304][636]LogModuleManager: Shutting down and abandoning module MeshPaint (101)
[2017.01.20-13.46.44:304][636]LogModuleManager: Shutting down and abandoning module PixelInspectorModule (100)
[2017.01.20-13.46.44:304][636]LogModuleManager: Shutting down and abandoning module HotReload (99)
[2017.01.20-13.46.44:304][636]LogModuleManager: Shutting down and abandoning module MainFrame (98)
[2017.01.20-13.46.44:305][636]LogModuleManager: Shutting down and abandoning module LevelEditor (97)
[2017.01.20-13.46.44:305][636]LogModuleManager: Shutting down and abandoning module ContentBrowser (96)
[2017.01.20-13.46.44:306][636]LogModuleManager: Shutting down and abandoning module Paper2DEditor (95)
[2017.01.20-13.46.44:306][636]LogModuleManager: Shutting down and abandoning module UdpMessaging (94)
[2017.01.20-13.46.44:406][636]LogModuleManager: Shutting down and abandoning module LightPropagationVolumeRuntime (93)
[2017.01.20-13.46.44:406][636]LogModuleManager: Shutting down and abandoning module Paper2D (92)
[2017.01.20-13.46.44:406][636]LogModuleManager: Shutting down and abandoning module WindowsMoviePlayer (91)
[2017.01.20-13.46.44:406][636]LogModuleManager: Shutting down and abandoning module Media (90)
[2017.01.20-13.46.44:406][636]LogModuleManager: Shutting down and abandoning module WmfMedia (89)
[2017.01.20-13.46.44:406][636]LogModuleManager: Shutting down and abandoning module MediaAssets (88)
[2017.01.20-13.46.44:406][636]LogModuleManager: Shutting down and abandoning module GameLiveStreaming (87)
[2017.01.20-13.46.44:406][636]LogModuleManager: Shutting down and abandoning module GameplayTagsEditor (86)
[2017.01.20-13.46.44:406][636]LogModuleManager: Shutting down and abandoning module OnlineBlueprintSupport (85)
[2017.01.20-13.46.44:406][636]LogModuleManager: Shutting down and abandoning module VREditor (84)
[2017.01.20-13.46.44:406][636]LogModuleManager: Shutting down and abandoning module GameplayTasksEditor (83)
[2017.01.20-13.46.44:406][636]LogModuleManager: Shutting down and abandoning module PropertyEditor (82)
[2017.01.20-13.46.44:406][636]LogModuleManager: Shutting down and abandoning module BehaviorTreeEditor (81)
[2017.01.20-13.46.44:406][636]LogModuleManager: Shutting down and abandoning module FunctionalTesting (80)
[2017.01.20-13.46.44:407][636]LogModuleManager: Shutting down and abandoning module CollisionAnalyzer (79)
[2017.01.20-13.46.44:407][636]LogModuleManager: Shutting down and abandoning module Sequencer (78)
[2017.01.20-13.46.44:407][636]LogModuleManager: Shutting down and abandoning module WorkspaceMenuStructure (77)
[2017.01.20-13.46.44:407][636]LogModuleManager: Shutting down and abandoning module MessageLog (76)
[2017.01.20-13.46.44:407][636]LogModuleManager: Shutting down and abandoning module AssetTools (75)
[2017.01.20-13.46.44:407][636]LogModuleManager: Shutting down and abandoning module UMGEditor (74)
[2017.01.20-13.46.44:407][636]LogModuleManager: Shutting down and abandoning module UMG (73)
[2017.01.20-13.46.44:407][636]LogModuleManager: Shutting down and abandoning module SlateReflector (72)
[2017.01.20-13.46.44:407][636]LogModuleManager: Shutting down and abandoning module Slate (71)
[2017.01.20-13.46.44:407][636]LogModuleManager: Shutting down and abandoning module EditorStyle (70)
[2017.01.20-13.46.44:408][636]LogModuleManager: Shutting down and abandoning module SourceCodeAccess (69)
[2017.01.20-13.46.44:408][636]LogModuleManager: Shutting down and abandoning module HeadMountedDisplay (68)
[2017.01.20-13.46.44:408][636]LogModuleManager: Shutting down and abandoning module XAudio2 (67)
[2017.01.20-13.46.44:408][636]LogModuleManager: Shutting down and abandoning module Networking (65)
[2017.01.20-13.46.44:408][636]LogModuleManager: Shutting down and abandoning module Core (64)
[2017.01.20-13.46.44:408][636]LogModuleManager: Shutting down and abandoning module DirectoryWatcher (63)
[2017.01.20-13.46.44:409][636]LogModuleManager: Shutting down and abandoning module AssetRegistry (62)
[2017.01.20-13.46.44:484][636]LogModuleManager: Shutting down and abandoning module KismetCompiler (61)
[2017.01.20-13.46.44:484][636]LogModuleManager: Shutting down and abandoning module PhysXFormats (60)
[2017.01.20-13.46.44:484][636]LogModuleManager: Shutting down and abandoning module MeshUtilities (59)
[2017.01.20-13.46.44:484][636]LogModuleManager: Shutting down and abandoning module DerivedDataCache (58)
[2017.01.20-13.46.44:510][636]LogDerivedDataCache: Shutdown
[2017.01.20-13.46.44:511][636]LogModuleManager: Shutting down and abandoning module VulkanShaderFormat (57)
[2017.01.20-13.46.44:511][636]LogModuleManager: Shutting down and abandoning module ShaderFormatOpenGL (56)
[2017.01.20-13.46.44:511][636]LogModuleManager: Shutting down and abandoning module ShaderFormatD3D (55)
[2017.01.20-13.46.44:511][636]LogModuleManager: Shutting down and abandoning module MetalShaderFormat (54)
[2017.01.20-13.46.44:511][636]LogModuleManager: Shutting down and abandoning module TextureFormatUncompressed (53)
[2017.01.20-13.46.44:511][636]LogModuleManager: Shutting down and abandoning module TextureFormatPVR (52)
[2017.01.20-13.46.44:511][636]LogModuleManager: Shutting down and abandoning module TextureFormatIntelISPCTexComp (51)
[2017.01.20-13.46.44:511][636]LogModuleManager: Shutting down and abandoning module TextureFormatDXT (50)
[2017.01.20-13.46.44:511][636]LogModuleManager: Shutting down and abandoning module ImageWrapper (49)
[2017.01.20-13.46.44:511][636]LogModuleManager: Shutting down and abandoning module TextureFormatASTC (48)
[2017.01.20-13.46.44:511][636]LogModuleManager: Shutting down and abandoning module TextureFormatAndroid (47)
[2017.01.20-13.46.44:511][636]LogModuleManager: Shutting down and abandoning module AudioFormatOpus (46)
[2017.01.20-13.46.44:511][636]LogModuleManager: Shutting down and abandoning module AudioFormatOgg (45)
[2017.01.20-13.46.44:511][636]LogModuleManager: Shutting down and abandoning module AudioFormatADPCM (44)
[2017.01.20-13.46.44:511][636]LogModuleManager: Shutting down and abandoning module LinuxTargetPlatform (43)
[2017.01.20-13.46.44:511][636]LogModuleManager: Shutting down and abandoning module LinuxServerTargetPlatform (42)
[2017.01.20-13.46.44:511][636]LogModuleManager: Shutting down and abandoning module LinuxNoEditorTargetPlatform (41)
[2017.01.20-13.46.44:511][636]LogModuleManager: Shutting down and abandoning module TVOSTargetPlatform (40)
[2017.01.20-13.46.44:511][636]LogModuleManager: Shutting down and abandoning module Messaging (39)
[2017.01.20-13.46.44:511][636]LogModuleManager: Shutting down and abandoning module IOSTargetPlatform (38)
[2017.01.20-13.46.44:511][636]LogModuleManager: Shutting down and abandoning module HTML5TargetPlatform (37)
[2017.01.20-13.46.44:511][636]LogModuleManager: Shutting down and abandoning module Android_PVRTCTargetPlatform (36)
[2017.01.20-13.46.44:511][636]LogModuleManager: Shutting down and abandoning module Android_MultiTargetPlatform (35)
[2017.01.20-13.46.44:511][636]LogModuleManager: Shutting down and abandoning module Android_ETC2TargetPlatform (34)
[2017.01.20-13.46.44:511][636]LogModuleManager: Shutting down and abandoning module Android_ETC1TargetPlatform (33)
[2017.01.20-13.46.44:511][636]LogModuleManager: Shutting down and abandoning module Android_DXTTargetPlatform (32)
[2017.01.20-13.46.44:511][636]LogModuleManager: Shutting down and abandoning module Android_ATCTargetPlatform (31)
[2017.01.20-13.46.44:511][636]LogModuleManager: Shutting down and abandoning module Android_ASTCTargetPlatform (30)
[2017.01.20-13.46.44:511][636]LogModuleManager: Shutting down and abandoning module AndroidTargetPlatform (29)
[2017.01.20-13.46.44:511][636]LogModuleManager: Shutting down and abandoning module WindowsTargetPlatform (28)
[2017.01.20-13.46.44:511][636]LogModuleManager: Shutting down and abandoning module WindowsServerTargetPlatform (27)
[2017.01.20-13.46.44:511][636]LogModuleManager: Shutting down and abandoning module WindowsNoEditorTargetPlatform (26)
[2017.01.20-13.46.44:511][636]LogModuleManager: Shutting down and abandoning module WindowsClientTargetPlatform (25)
[2017.01.20-13.46.44:511][636]LogModuleManager: Shutting down and abandoning module AllDesktopTargetPlatform (24)
[2017.01.20-13.46.44:511][636]LogModuleManager: Shutting down and abandoning module TargetPlatform (23)
[2017.01.20-13.46.44:511][636]LogModuleManager: Shutting down and abandoning module InputCore (22)
[2017.01.20-13.46.44:511][636]LogModuleManager: Shutting down and abandoning module Settings (21)
[2017.01.20-13.46.44:511][636]LogModuleManager: Shutting down and abandoning module OnlineSubsystem (19)
[2017.01.20-13.46.44:511][636]LogModuleManager: Shutting down and abandoning module HTTP (18)
[2017.01.20-13.46.49:021][636]LogModuleManager: Shutting down and abandoning module XMPP (17)
[2017.01.20-13.46.49:021][636]LogModuleManager: Shutting down and abandoning module OculusRift (16)
[2017.01.20-13.46.49:021][636]LogModuleManager: Shutting down and abandoning module ExampleDeviceProfileSelector (15)
[2017.01.20-13.46.49:021][636]LogModuleManager: Shutting down and abandoning module TextureCompressor (14)
[2017.01.20-13.46.49:021][636]LogModuleManager: Shutting down and abandoning module ShaderCore (13)
[2017.01.20-13.46.49:021][636]LogModuleManager: Shutting down and abandoning module Landscape (12)
[2017.01.20-13.46.49:021][636]LogModuleManager: Shutting down and abandoning module SlateRHIRenderer (11)
[2017.01.20-13.46.49:023][636]LogModuleManager: Shutting down and abandoning module OpenGLDrv (10)
[2017.01.20-13.46.49:023][636]LogModuleManager: Shutting down and abandoning module D3D11RHI (9)
[2017.01.20-13.46.49:023][636]LogModuleManager: Shutting down and abandoning module AnimGraphRuntime (8)
[2017.01.20-13.46.49:023][636]LogModuleManager: Shutting down and abandoning module Renderer (7)
[2017.01.20-13.46.49:023][636]LogModuleManager: Shutting down and abandoning module Engine (6)
[2017.01.20-13.46.49:023][636]LogModuleManager: Shutting down and abandoning module CoreUObject (5)
[2017.01.20-13.46.49:023][636]LogModuleManager: Shutting down and abandoning module NetworkFile (4)
[2017.01.20-13.46.49:023][636]LogModuleManager: Shutting down and abandoning module StreamingFile (3)
[2017.01.20-13.46.49:023][636]LogModuleManager: Shutting down and abandoning module SandboxFile (2)
[2017.01.20-13.46.49:023][636]LogModuleManager: Shutting down and abandoning module PakFile (1)
[2017.01.20-13.46.49:025][636]LogExit: Exiting.
[2017.01.20-13.46.49:026][636]Log file closed, 01/20/17 14:46:49
