Log file open, 01/21/17 12:18:20
LogInit:Display: Running engine for game: Project_Nomand
LogPlatformFile: Not using cached read wrapper
LogInit:Display: RandInit(1378444063) SRandInit(1378444064).
LogTaskGraph: Started task graph with 4 named threads and 7 total threads with 1 sets of task threads.
LogStats: Stats thread started at 0.074388
LogInit: Version: 4.12.5-3039270+++UE4+Release-4.12
LogInit: API Version: 2992821
LogInit: Net Version: 3039270
LogDevObjectVersion: Number of dev versions registered: 13
LogDevObjectVersion:   Dev-Blueprints (B0D832E4-1F89-4F0D-ACCF-7EB736FD4AA2): 3
LogDevObjectVersion:   Dev-Build (E1C64328-A22C-4D53-A36C-8E866417BD8C): 0
LogDevObjectVersion:   Dev-Core (375EC13C-06E4-48FB-B500-84F0262A717E): 1
LogDevObjectVersion:   Dev-Editor (E4B068ED-F494-42E9-A231-DA0B2E46BB41): 2
LogDevObjectVersion:   Dev-Framework (CFFC743F-43B0-4480-9391-14DF171D2073): 6
LogDevObjectVersion:   Dev-Mobile (B02B49B5-BB20-44E9-A304-32B752E40360): 0
LogDevObjectVersion:   Dev-Networking (A4E4105C-59A1-49B5-A7C5-40C4547EDFEE): 0
LogDevObjectVersion:   Dev-Online (39C831C9-5AE6-47DC-9A44-9C173E1C8E7C): 0
LogDevObjectVersion:   Dev-Physics (78F01B33-EBEA-4F98-B9B4-84EACCB95AA2): 0
LogDevObjectVersion:   Dev-Platform (6631380F-2D4D-43E0-8009-CF276956A95A): 0
LogDevObjectVersion:   Dev-Rendering (12F88B9F-8875-4AFC-A67C-D90C383ABD29): 2
LogDevObjectVersion:   Dev-Sequencer (7B5AE74C-D270-4C10-A958-57980B212A5A): 0
LogDevObjectVersion:   Dev-VR (D7296918-1DD6-4BDD-9DE2-64A83CC13884): 0
LogInit: Compiled (64-bit): Jul  6 2016 09:09:46
LogInit: Compiled with Visual C++: 19.00.23026.00
LogInit: Build Configuration: Development
LogInit: Branch Name: ++UE4+Release-4.12
LogInit: Command line: 
LogInit: Base directory: G:/UNI/Programme/Epic Games/4.12/Engine/Binaries/Win64/
LogInit: Installed Engine Build: 1
LogInit: Using libcurl 7.41.0
LogInit:  - built for x86_64-pc-win32
LogInit:  - supports SSL with WinSSL
LogInit:  - other features:
LogInit:      CURL_VERSION_SSL
LogInit:      CURL_VERSION_IPV6
LogInit:      CURL_VERSION_ASYNCHDNS
LogInit:      CURL_VERSION_LARGEFILE
LogInit:      CURL_VERSION_IDN
LogInit:  CurlRequestOptions (configurable via config and command line):
LogInit:  - bVerifyPeer = true  - Libcurl will verify peer certificate
LogInit:  - bUseHttpProxy = false  - Libcurl will NOT use HTTP proxy
LogInit:  - bDontReuseConnections = false  - Libcurl will reuse connections
LogInit:  - CertBundlePath = nullptr  - Libcurl will use whatever was configured at build time.
LogInit: Presizing for max 8388607 objects, including 0 objects not considered by GC, pre-allocating 0 bytes for permanent pool.
LogInit: Object subsystem initialized
[2017.01.21-11.18.20:547][  0]LogInit: Selected Device Profile: [Windows]
[2017.01.21-11.18.20:547][  0]LogInit: Applying CVar settings loaded from the selected device profile: [Windows]
[2017.01.21-11.18.20:557][  0]LogInit: Computer: DEX
[2017.01.21-11.18.20:557][  0]LogInit: User: Dextex
[2017.01.21-11.18.20:557][  0]LogInit: CPU Page size=65536, Cores=4
[2017.01.21-11.18.20:557][  0]LogInit: High frequency timer resolution =3.417976 MHz
[2017.01.21-11.18.20:557][  0]LogMemory: Memory total: Physical=15.9GB (16GB approx)
[2017.01.21-11.18.20:557][  0]LogMemory: Platform Memory Stats for Windows
[2017.01.21-11.18.20:557][  0]LogMemory: Process Physical Memory: 191.29 MB used, 191.29 MB peak
[2017.01.21-11.18.20:557][  0]LogMemory: Process Virtual Memory: 195.20 MB used, 195.20 MB peak
[2017.01.21-11.18.20:557][  0]LogMemory: Physical Memory: 9956.09 MB used, 16328.00 MB total
[2017.01.21-11.18.20:557][  0]LogMemory: Virtual Memory: 553.49 MB used, 134217728.00 MB total
[2017.01.21-11.18.20:582][  0]LogTextLocalizationManager: No translations for ('de-DE') exist, falling back to 'en' for localization and internationalization data.
[2017.01.21-11.18.20:964][  0]LogD3D11RHI: D3D11 adapters:
[2017.01.21-11.18.21:495][  0]LogD3D11RHI:    0. 'NVIDIA GeForce GTX 1080' (Feature Level 11_0)
[2017.01.21-11.18.21:495][  0]LogD3D11RHI:       8144/0/8164 MB DedicatedVideo/DedicatedSystem/SharedSystem, Outputs:2, VendorId:0x10de
[2017.01.21-11.18.21:496][  0]LogD3D11RHI:    1. 'Microsoft Basic Render Driver' (Feature Level 11_0)
[2017.01.21-11.18.21:496][  0]LogD3D11RHI:       0/0/8164 MB DedicatedVideo/DedicatedSystem/SharedSystem, Outputs:0, VendorId:0x1414
[2017.01.21-11.18.21:496][  0]LogD3D11RHI: Chosen D3D11 Adapter: 0
[2017.01.21-11.18.21:500][  0]LogD3D11RHI: Creating new Direct3DDevice
[2017.01.21-11.18.21:501][  0]LogD3D11RHI:     GPU DeviceId: 0x1b80 (for the marketing name, search the web for "GPU Device Id")
[2017.01.21-11.18.21:501][  0]LogWindows: EnumDisplayDevices:
[2017.01.21-11.18.21:501][  0]LogWindows:    0. 'NVIDIA GeForce GTX 1080' (P:1 D:1)
[2017.01.21-11.18.21:501][  0]LogWindows:    1. 'NVIDIA GeForce GTX 1080' (P:0 D:1)
[2017.01.21-11.18.21:501][  0]LogWindows:    2. 'NVIDIA GeForce GTX 1080' (P:0 D:0)
[2017.01.21-11.18.21:501][  0]LogWindows:    3. 'NVIDIA GeForce GTX 1080' (P:0 D:0)
[2017.01.21-11.18.21:501][  0]LogWindows: DebugString: FoundDriverCount:4 
[2017.01.21-11.18.21:501][  0]LogD3D11RHI:     Adapter Name: NVIDIA GeForce GTX 1080
[2017.01.21-11.18.21:501][  0]LogD3D11RHI:   Driver Version: 376.33 (internal:21.21.13.7633, unified:376.33)
[2017.01.21-11.18.21:501][  0]LogD3D11RHI:      Driver Date: 12-11-2016
[2017.01.21-11.18.21:501][  0]LogRHI: Texture pool is 1361 MB (70% of 1945 MB)
[2017.01.21-11.18.21:981][  0]LogD3D11RHI: Async texture creation enabled
[2017.01.21-11.18.22:047][  0]LogD3D11RHI: GPU Timing Frequency: 1000.000000 (Debug: 2 1)
[2017.01.21-11.18.22:048][  0]LogShaderCompilers: Guid format shader working directory is -4 characters bigger than the processId version (../../../../../../MP2/project_nomad/Project_Nomand/Intermediate/Shaders/WorkingDirectory/17044/).
[2017.01.21-11.18.22:048][  0]LogShaderCompilers: Cleaned the shader compiler working directory 'C:/Users/Dextex/AppData/Local/Temp/UnrealShaderWorkingDir/2A44356D4FF09EA9FD8049BA37760D06/'.
[2017.01.21-11.18.22:048][  0]LogShaderCompilers:Display: Using Local Shader Compiler.
[2017.01.21-11.18.22:876][  0]LogTemp:Display: Loaded TP AllDesktopTargetPlatform
[2017.01.21-11.18.22:884][  0]LogTemp:Display: Loaded TP WindowsClientTargetPlatform
[2017.01.21-11.18.22:892][  0]LogTemp:Display: Loaded TP WindowsNoEditorTargetPlatform
[2017.01.21-11.18.22:901][  0]LogTemp:Display: Loaded TP WindowsServerTargetPlatform
[2017.01.21-11.18.22:909][  0]LogTemp:Display: Loaded TP WindowsTargetPlatform
[2017.01.21-11.18.22:916][  0]LogTemp:Display: Loaded TP AndroidTargetPlatform
[2017.01.21-11.18.22:923][  0]LogTemp:Display: Loaded TP Android_ASTCTargetPlatform
[2017.01.21-11.18.22:929][  0]LogTemp:Display: Loaded TP Android_ATCTargetPlatform
[2017.01.21-11.18.22:937][  0]LogTemp:Display: Loaded TP Android_DXTTargetPlatform
[2017.01.21-11.18.22:943][  0]LogTemp:Display: Loaded TP Android_ETC1TargetPlatform
[2017.01.21-11.18.22:950][  0]LogTemp:Display: Loaded TP Android_ETC2TargetPlatform
[2017.01.21-11.18.22:964][  0]LogTemp:Display: Loaded TP Android_MultiTargetPlatform
[2017.01.21-11.18.22:964][  0]LogTemp:Display: Loaded TP Android_PVRTCTargetPlatform
[2017.01.21-11.18.22:965][  0]LogTemp:Display: Loaded TP HTML5TargetPlatform
[2017.01.21-11.18.22:985][  0]LogTemp:Display: Loaded TP IOSTargetPlatform
[2017.01.21-11.18.22:990][  0]LogTemp:Display: Loaded TP TVOSTargetPlatform
[2017.01.21-11.18.22:997][  0]LogTemp:Display: Loaded TP LinuxNoEditorTargetPlatform
[2017.01.21-11.18.23:003][  0]LogTemp:Display: Loaded TP LinuxServerTargetPlatform
[2017.01.21-11.18.23:010][  0]LogTemp:Display: Loaded TP LinuxTargetPlatform
[2017.01.21-11.18.23:010][  0]LogTargetPlatformManager:Display: Building Assets For Windows
[2017.01.21-11.18.23:084][  0]LogDerivedDataCache:Display: Max Cache Size: 512 MB
[2017.01.21-11.18.23:130][  0]LogDerivedDataCache: Loaded boot cache 0.05s 48MB C:/Users/Dextex/AppData/Local/UnrealEngine/4.12/DerivedDataCache/Boot.ddc.
[2017.01.21-11.18.23:130][  0]LogDerivedDataCache:Display: Loaded Boot cache: C:/Users/Dextex/AppData/Local/UnrealEngine/4.12/DerivedDataCache/Boot.ddc
[2017.01.21-11.18.23:130][  0]LogDerivedDataCache: FDerivedDataBackendGraph:  Pak pak cache file ../../../../../../MP2/project_nomad/Project_Nomand/DerivedDataCache/DDC.ddp not found, will not use a pak cache.
[2017.01.21-11.18.23:130][  0]LogDerivedDataCache: Unable to find inner node Pak for hierarchical cache Hierarchy.
[2017.01.21-11.18.23:130][  0]LogDerivedDataCache: FDerivedDataBackendGraph:  CompressedPak pak cache file ../../../../../../MP2/project_nomad/Project_Nomand/DerivedDataCache/Compressed.ddp not found, will not use a pak cache.
[2017.01.21-11.18.23:130][  0]LogDerivedDataCache: Unable to find inner node CompressedPak for hierarchical cache Hierarchy.
[2017.01.21-11.18.23:146][  0]LogDerivedDataCache:Display: Pak cache opened for reading ../../../Engine/DerivedDataCache/Compressed.ddp.
[2017.01.21-11.18.23:157][  0]LogDerivedDataCache: Using Local data cache path C:/Users/Dextex/AppData/Local/UnrealEngine/Common/DerivedDataCache: Writable
[2017.01.21-11.18.23:306][  0]LogInit: Selected Device Profile: [Windows]
[2017.01.21-11.18.23:306][  0]LogContentStreaming: Texture pool size is 0.00 MB
[2017.01.21-11.18.23:440][  0]LogMeshUtilities: No automatic mesh reduction module available
[2017.01.21-11.18.23:440][  0]LogMeshUtilities: No automatic mesh merging module available
[2017.01.21-11.18.23:440][  0]LogMeshUtilities: No distributed automatic mesh merging module available
[2017.01.21-11.18.23:650][  0]LogAssetRegistry: FAssetRegistry took 0.0210 seconds to start up
[2017.01.21-11.18.23:662][  0]LogPackageLocalizationCache: Processed 3 localized package path(s) for 1 prioritized culture(s) in 0.009356 seconds
[2017.01.21-11.18.23:667][  0]LogUObjectArray: 28739 objects as part of root set at end of initial load.
[2017.01.21-11.18.23:667][  0]LogUObjectAllocator: 5855632 out of 0 bytes used by permanent object pool.
[2017.01.21-11.18.23:667][  0]LogUObjectArray: CloseDisregardForGC: 0/0 objects in disregard for GC pool
[2017.01.21-11.18.23:675][  0]LogInit: WinSock: version 1.1 (2.2), MaxSocks=32767, MaxUdp=65467
[2017.01.21-11.18.23:829][  0]LogSlate: SlateFontCache - WITH_FREETYPE: 1, WITH_HARFBUZZ: 1
[2017.01.21-11.18.23:829][  0]LogSlate: SlateFontCache - WITH_FREETYPE: 1, WITH_HARFBUZZ: 1
[2017.01.21-11.18.24:373][  0]LogUdpMessaging: Initializing bridge on interface 0.0.0.0:0 to multicast group 230.0.0.1:6666.
[2017.01.21-11.18.24:560][  0]SourceControl: Info Source control is disabled
[2017.01.21-11.18.24:829][  0]LogEngine: Initializing Engine...
[2017.01.21-11.18.24:830][  0]LogHMD: SteamVR failed to initialize.  Err: 100
[2017.01.21-11.18.24:831][  0]LogHMD: SteamVR failed to initialize.  Err: 100
[2017.01.21-11.18.24:949][  0]LogAIModule: Creating AISystem for world NewWorld
[2017.01.21-11.18.24:963][  0]LogInit: XAudio2 using 'Lautsprecher (Realtek High Definition Audio)' : 2 channels at 48 kHz using 32 bits per sample (channel mask 0x3)
[2017.01.21-11.18.24:976][  0]LogInit: FAudioDevice initialized.
[2017.01.21-11.18.25:001][  0]LogDerivedDataCache: Saved boot cache 0.02s 48MB C:/Users/Dextex/AppData/Local/UnrealEngine/4.12/DerivedDataCache/Boot.ddc.
[2017.01.21-11.18.25:009][  0]LogInit: Texture streaming: Enabled
[2017.01.21-11.18.25:034][  0]LogInit: Transaction tracking system initialized
[2017.01.21-11.18.25:060][  0]BlueprintLog: New page: Editor Load
[2017.01.21-11.18.25:160][  0]LocalizationService: Info Localization service is disabled
[2017.01.21-11.18.25:216][  0]LogConsoleResponse:Display: 
[2017.01.21-11.18.25:339][  0]LogCook:Display: Max memory allowance for cook 8192mb
[2017.01.21-11.18.25:339][  0]LogCook:Display: Mobile HDR setting 1
[2017.01.21-11.18.25:507][  0]LogFileCache: Scanning file cache for directory 'G:/UNI/MP2/project_nomad/Project_Nomand/Content/' took 0.03s
[2017.01.21-11.18.25:534][  0]LogWindowsTextInputMethodSystem:Display: IME system now deactivated.
[2017.01.21-11.18.30:081][  0]LogWindowsTextInputMethodSystem:Display: IME system now deactivated.
[2017.01.21-11.18.30:138][  0]LogWindowsTextInputMethodSystem:Display: IME system now deactivated.
[2017.01.21-11.18.32:899][  0]LogWindowsTextInputMethodSystem:Display: IME system now deactivated.
[2017.01.21-11.18.32:947][  0]LogWindowsTextInputMethodSystem:Display: IME system now deactivated.
[2017.01.21-11.18.32:948][  0]Cmd: MAP LOAD FILE="../../../../../../MP2/project_nomad/Project_Nomand/Content/Map/Map.umap" TEMPLATE=0 SHOWPROGRESS=1 FEATURELEVEL=3
[2017.01.21-11.18.32:949][  0]LightingResults: New page: Lighting Build
[2017.01.21-11.18.32:952][  0]MapCheck: New page: Map Check
[2017.01.21-11.18.32:952][  0]LightingResults: New page: Lighting Build
[2017.01.21-11.18.35:290][  0]LogAIModule: Creating AISystem for world Map
[2017.01.21-11.18.35:326][  0]LogEditorServer: Finished looking for orphan Actors (0.000 secs)
[2017.01.21-11.18.35:331][  0]Cmd: MAP CHECKDEP NOCLEARLOG
[2017.01.21-11.18.35:385][  0]MapCheck: Info Map check complete: 0 Error(s), 0 Warning(s), took 53.942ms to complete.
[2017.01.21-11.18.35:385][  0]LogFileHelpers: Loading map 'Map' took 2.437
[2017.01.21-11.18.35:552][  0]LogStats:Warning: MetaData mismatch. Did you assign a stat to two groups? New //STATGROUP_Threads//SplashScreenThread///Thread_1f4_0///####STATCAT_Advanced#### old //STATGROUP_Threads//SplashScreenThread///Thread_230c_0///####STATCAT_Advanced####
[2017.01.21-11.18.35:552][  0]LogCollectionManager: Loaded 0 collections in 0.001898 seconds
[2017.01.21-11.18.35:593][  0]LogFileCache: Scanning file cache for directory 'G:/UNI/MP2/project_nomad/Project_Nomand/Saved/Collections/' took 0.01s
[2017.01.21-11.18.35:593][  0]LogFileCache: Scanning file cache for directory 'G:/UNI/MP2/project_nomad/Project_Nomand/Content/Developers/Dextex/Collections/' took 0.01s
[2017.01.21-11.18.35:593][  0]LogFileCache: Scanning file cache for directory 'G:/UNI/MP2/project_nomad/Project_Nomand/Content/Collections/' took 0.01s
[2017.01.21-11.18.35:593][  0]LogCollectionManager: Rebuilt the GUID cache for 0 collections in 0.000002 seconds
[2017.01.21-11.18.35:601][  0]LogContentBrowser: Native class hierarchy populated in 0.0078 seconds. Added 2047 classes and 369 folders.
[2017.01.21-11.18.35:605][  0]LogStats: UGameplayTagsManager::ConstructGameplayTagTree: Construct from data asset -  0.000 s
[2017.01.21-11.18.35:605][  0]LogStats: UGameplayTagsManager::ConstructGameplayTagTree: GameplayTagTreeChangedEvent.Broadcast -  0.000 s
[2017.01.21-11.18.35:605][  0]LogContentBrowser: Native class hierarchy updated for 'GameplayTags' in 0.0004 seconds. Added 12 classes and 0 folders.
[2017.01.21-11.18.35:610][  0]LogContentBrowser: Native class hierarchy updated for 'WidgetCarousel' in 0.0003 seconds. Added 0 classes and 0 folders.
[2017.01.21-11.18.35:639][  0]LogContentBrowser: Native class hierarchy updated for 'AddContentDialog' in 0.0003 seconds. Added 0 classes and 0 folders.
[2017.01.21-11.18.35:643][  0]LogContentBrowser: Native class hierarchy updated for 'SceneOutliner' in 0.0003 seconds. Added 1 classes and 2 folders.
[2017.01.21-11.18.35:715][  0]LogCrashTracker: Crashtracker disabled due to settings.
[2017.01.21-11.18.35:722][  0]LogUObjectGlobals:Warning: Failed to find object 'Class None.'
[2017.01.21-11.18.35:749][  0]LogContentBrowser: Native class hierarchy updated for 'HierarchicalLODOutliner' in 0.0003 seconds. Added 1 classes and 2 folders.
[2017.01.21-11.18.35:749][  0]LogLoad: Full Startup: 15.91 seconds (BP compile: 0.61 seconds)
[2017.01.21-11.18.35:749][  0]LogExternalProfiler: No external profilers were discovered.  External profiling features will not be available.
[2017.01.21-11.18.35:758][  0]LogOcInput: OculusInput pre-init called
[2017.01.21-11.18.35:778][  0]LogContentStreaming: Texture pool size now 1000 MB
[2017.01.21-11.18.35:840][  0]LogRenderer: Reallocating scene render targets to support 512x512 (Frame:1).
[2017.01.21-11.18.35:930][  0]LogRenderer: Reallocating scene render targets to support 1208x556 (Frame:2).
[2017.01.21-11.18.35:985][  1]Cmd: UpdateLandscapeEditorData -warnings
[2017.01.21-11.18.36:033][  2]LogAssetRegistry: Asset discovery search completed in 12.4039 seconds
[2017.01.21-11.18.36:034][  2]LogCollectionManager: Rebuilt the object cache for 0 collections in 0.000001 seconds (found 0 objects)
[2017.01.21-11.18.36:034][  2]LogCollectionManager: Fixed up redirectors for 0 collections in 0.000020 seconds (updated 0 objects)
[2017.01.21-11.18.40:240][412]LogContentBrowser: Native class hierarchy updated for 'BlueprintGraph' in 0.0007 seconds. Added 111 classes and 0 folders.
[2017.01.21-11.18.41:261][412]LogSkeletalMesh: InitArticulated: Bodies already created (/Engine/Transient.DebugSkelMeshComponent_0) - call TermArticulated first.
[2017.01.21-11.18.41:548][412]LogActorComponent: RegisterComponentWithWorld: (/Engine/Transient.DebugSkelMeshComponent_0) Already registered. Aborting.
[2017.01.21-11.18.46:083][817]LogRenderer: Reallocating scene render targets to support 1208x880 (Frame:1251).
[2017.01.21-11.18.48:547][ 68]LogBlueprintUserMessages: Early PlayInEditor Detection: Level '/Game/Map/Map.Map:PersistentLevel' has LevelScriptBlueprint '/Game/Map/Map.Map:PersistentLevel.Map' with GeneratedClass '/Game/Map/Map.Map_C' with ClassGeneratedBy '/Game/Map/Map.Map:PersistentLevel.Map'
[2017.01.21-11.18.48:547][ 68]LogPlayLevel: PlayLevel: No blueprints needed recompiling
[2017.01.21-11.18.48:548][ 68]PIE: New page: PIE session: Map (Jan 21, 2017, 1:18:48 PM)
[2017.01.21-11.18.48:548][ 68]LogPlayLevel: Creating play world package: /Game/Map/UEDPIE_0_Map
[2017.01.21-11.18.48:599][ 68]LogPlayLevel: PIE: StaticDuplicateObject took: (0.050437s)
[2017.01.21-11.18.48:599][ 68]LogAIModule: Creating AISystem for world Map
[2017.01.21-11.18.48:599][ 68]LogPlayLevel: PIE: World Init took: (0.000513s)
[2017.01.21-11.18.48:600][ 68]LogPlayLevel: PIE: Created PIE world by copying editor world from /Game/Map/Map.Map to /Game/Map/UEDPIE_0_Map.Map (0.051278s)
[2017.01.21-11.18.48:740][ 68]LogInit: XAudio2 using 'Lautsprecher (Realtek High Definition Audio)' : 2 channels at 48 kHz using 32 bits per sample (channel mask 0x3)
[2017.01.21-11.18.48:752][ 68]LogInit: FAudioDevice initialized.
[2017.01.21-11.18.48:811][ 68]LogWorld: Game class is 'GameMode'
[2017.01.21-11.18.48:828][ 68]LogWorld: Bringing World /Game/Map/UEDPIE_0_Map.Map up for play (max tick rate 0) at 2017.01.21-12.18.48
[2017.01.21-11.18.48:830][ 68]LogWorld: Bringing up level for play took: 0.017772
[2017.01.21-11.18.48:833][ 68]LogContentBrowser: Native class hierarchy updated for 'MovieSceneCapture' in 0.0003 seconds. Added 11 classes and 0 folders.
[2017.01.21-11.18.48:836][ 68]PIE: Info Play in editor start time for /Game/Map/UEDPIE_0_Map 0.747
[2017.01.21-11.18.48:836][ 68]LogBlueprintUserMessages: Late PlayInEditor Detection: Level '/Game/Map/Map.Map:PersistentLevel' has LevelScriptBlueprint '/Game/Map/Map.Map:PersistentLevel.Map' with GeneratedClass '/Game/Map/Map.Map_C' with ClassGeneratedBy '/Game/Map/Map.Map:PersistentLevel.Map'
[2017.01.21-11.18.49:109][ 97]LogBlueprintUserMessages: [AgroCheck_test_C_1] X=9150.000 Y=8775.000 Z=71.672
[2017.01.21-11.18.49:693][167]LogBlueprintUserMessages: [AgroCheck_test_C_1] X=9150.000 Y=8775.000 Z=71.672
[2017.01.21-11.18.50:202][227]LogBlueprintUserMessages: [AgroCheck_test_C_1] X=9145.721 Y=8785.474 Z=69.834
[2017.01.21-11.18.50:697][286]LogBlueprintUserMessages: [AgroCheck_test_C_1] X=9119.041 Y=8860.768 Z=58.367
[2017.01.21-11.18.51:115][336]LogBlueprintUserMessages: [AgroCheck_test_C_1] X=9119.041 Y=8860.768 Z=58.367
[2017.01.21-11.18.51:591][393]LogBlueprintUserMessages: [AgroCheck_test_C_1] X=9145.433 Y=8722.429 Z=69.709
[2017.01.21-11.18.52:017][444]LogBlueprintUserMessages: [AgroCheck_test_C_1] X=9192.753 Y=8454.334 Z=89.369
[2017.01.21-11.18.52:494][500]LogBlueprintUserMessages: [AgroCheck_test_C_1] X=9189.200 Y=8150.931 Z=90.474
[2017.01.21-11.18.52:953][555]LogBlueprintUserMessages: [AgroCheck_test_C_1] X=9178.309 Y=7853.702 Z=87.440
[2017.01.21-11.18.53:422][609]LogBlueprintUserMessages: [AgroCheck_test_C_1] X=9229.081 Y=7555.837 Z=94.318
[2017.01.21-11.18.53:946][672]LogBlueprintUserMessages: [AgroCheck_test_C_1] X=9129.367 Y=7233.006 Z=64.839
[2017.01.21-11.18.54:516][739]LogBlueprintUserMessages: [AgroCheck_test_C_1] X=9161.271 Y=6870.207 Z=94.836
[2017.01.21-11.18.55:110][807]LogBlueprintUserMessages: [AgroCheck_test_C_1] X=9038.843 Y=6644.757 Z=94.836
[2017.01.21-11.18.55:618][868]LogBlueprintUserMessages: [AgroCheck_test_C_1] X=9140.593 Y=6507.970 Z=94.836
[2017.01.21-11.18.56:102][926]LogBlueprintUserMessages: [AgroCheck_test_C_1] X=9212.164 Y=6216.507 Z=94.705
[2017.01.21-11.18.56:680][994]LogBlueprintUserMessages: [AgroCheck_test_C_1] X=9224.430 Y=5886.546 Z=93.906
[2017.01.21-11.18.57:297][ 66]LogBlueprintUserMessages: [AgroCheck_test_C_1] X=9411.092 Y=5622.762 Z=94.838
[2017.01.21-11.18.57:879][136]LogBlueprintUserMessages: [AgroCheck_test_C_1] X=9363.988 Y=5595.379 Z=94.754
[2017.01.21-11.18.58:332][189]LogBlueprintUserMessages: [AgroCheck_test_C_1] X=9341.992 Y=5601.702 Z=94.766
[2017.01.21-11.18.58:749][239]LogBlueprintUserMessages: [AgroCheck_test_C_1] X=9149.357 Y=5732.459 Z=94.766
[2017.01.21-11.18.59:299][305]LogBlueprintUserMessages: [AgroCheck_test_C_1] X=9037.704 Y=6064.475 Z=94.757
[2017.01.21-11.19.00:300][424]LogBlueprintUserMessages: [AgroCheck_test_C_1] X=9159.115 Y=6680.152 Z=94.757
[2017.01.21-11.19.00:842][489]LogBlueprintUserMessages: [AgroCheck_test_C_1] X=9163.606 Y=7015.719 Z=94.775
[2017.01.21-11.19.01:426][559]LogBlueprintUserMessages: [AgroCheck_test_C_1] X=9237.458 Y=7371.362 Z=94.713
[2017.01.21-11.19.01:843][609]LogBlueprintUserMessages: [AgroCheck_test_C_1] X=9332.102 Y=7613.414 Z=94.175
[2017.01.21-11.19.02:424][677]LogBlueprintUserMessages: [AgroCheck_test_C_1] X=9438.820 Y=7919.722 Z=93.499
[2017.01.21-11.19.02:983][744]LogBlueprintUserMessages: [AgroCheck_test_C_1] X=9514.145 Y=8273.942 Z=89.992
[2017.01.21-11.19.03:392][793]LogBlueprintUserMessages: [AgroCheck_test_C_1] X=9556.770 Y=8531.818 Z=89.992
[2017.01.21-11.19.03:985][864]LogBlueprintUserMessages: [AgroCheck_test_C_1] X=9703.401 Y=8868.775 Z=89.992
[2017.01.21-11.19.04:396][912]LogBlueprintUserMessages: [AgroCheck_test_C_1] X=9748.330 Y=9115.541 Z=89.992
[2017.01.21-11.19.04:971][981]LogBlueprintUserMessages: [AgroCheck_test_C_1] X=9534.170 Y=9416.234 Z=53.531
[2017.01.21-11.19.05:398][ 32]LogBlueprintUserMessages: [AgroCheck_test_C_1] X=9294.139 Y=9541.871 Z=68.169
[2017.01.21-11.19.05:947][ 98]LogBlueprintUserMessages: [AgroCheck_test_C_1] X=8972.174 Y=9408.422 Z=47.181
[2017.01.21-11.19.06:491][162]LogBlueprintUserMessages: [AgroCheck_test_C_1] X=8652.963 Y=9305.636 Z=46.174
[2017.01.21-11.19.06:975][220]LogBlueprintUserMessages: [AgroCheck_test_C_1] X=8350.427 Y=9230.845 Z=46.301
[2017.01.21-11.19.07:492][282]LogBlueprintUserMessages: [AgroCheck_test_C_1] X=8015.192 Y=9218.785 Z=49.677
[2017.01.21-11.19.07:994][342]LogBlueprintUserMessages: [AgroCheck_test_C_1] X=7705.354 Y=9131.068 Z=87.625
[2017.01.21-11.19.08:433][393]LogBlueprintUserMessages: [AgroCheck_test_C_1] X=7426.905 Y=9118.356 Z=64.103
[2017.01.21-11.19.08:950][455]LogBlueprintUserMessages: [AgroCheck_test_C_1] X=7093.277 Y=9139.516 Z=51.772
[2017.01.21-11.19.09:533][525]LogBlueprintUserMessages: [AgroCheck_test_C_1] X=6715.399 Y=9168.008 Z=88.429
[2017.01.21-11.19.10:076][590]LogBlueprintUserMessages: [AgroCheck_test_C_1] X=6423.471 Y=8975.293 Z=89.996
[2017.01.21-11.19.10:535][644]LogBlueprintUserMessages: [AgroCheck_test_C_1] X=6154.681 Y=8882.287 Z=89.996
[2017.01.21-11.19.11:052][706]LogBlueprintUserMessages: [AgroCheck_test_C_1] X=6099.062 Y=8551.945 Z=76.776
[2017.01.21-11.19.11:527][763]LogBlueprintUserMessages: [AgroCheck_test_C_1] X=5940.245 Y=8290.239 Z=51.869
[2017.01.21-11.19.12:002][820]LogBlueprintUserMessages: [AgroCheck_test_C_1] X=5682.475 Y=8131.557 Z=76.818
[2017.01.21-11.19.12:513][880]LogBlueprintUserMessages: [AgroCheck_test_C_1] X=5641.522 Y=7820.352 Z=51.798
[2017.01.21-11.19.13:030][942]LogBlueprintUserMessages: [AgroCheck_test_C_1] X=5878.430 Y=7926.215 Z=51.869
[2017.01.21-11.19.13:630][ 14]LogBlueprintUserMessages: [AgroCheck_test_C_1] X=5932.006 Y=8305.043 Z=51.869
[2017.01.21-11.19.14:055][ 65]LogBlueprintUserMessages: [AgroCheck_test_C_1] X=6030.768 Y=8549.218 Z=90.057
[2017.01.21-11.19.14:539][122]LogBlueprintUserMessages: [AgroCheck_test_C_1] X=6295.378 Y=8714.535 Z=65.656
[2017.01.21-11.19.15:517][239]LogBlueprintUserMessages: [AgroCheck_test_C_1] X=6735.552 Y=9172.906 Z=183.773
[2017.01.21-11.19.15:968][293]LogBlueprintUserMessages: [AgroCheck_test_C_1] X=6983.876 Y=9296.738 Z=59.187
[2017.01.21-11.19.16:455][350]LogBlueprintUserMessages: [AgroCheck_test_C_1] X=7298.562 Y=9265.862 Z=51.869
[2017.01.21-11.19.16:889][402]LogBlueprintUserMessages: [AgroCheck_test_C_1] X=7579.103 Y=9290.835 Z=51.337
[2017.01.21-11.19.17:389][462]LogBlueprintUserMessages: [AgroCheck_test_C_1] X=7902.988 Y=9311.813 Z=56.412
[2017.01.21-11.19.17:916][525]LogBlueprintUserMessages: [AgroCheck_test_C_1] X=8119.606 Y=9228.967 Z=46.464
[2017.01.21-11.19.18:400][583]LogBlueprintUserMessages: [AgroCheck_test_C_1] X=8139.921 Y=9236.866 Z=46.464
[2017.01.21-11.19.18:825][633]LogBlueprintUserMessages: [AgroCheck_test_C_1] X=8325.334 Y=9386.684 Z=87.081
[2017.01.21-11.19.19:250][684]LogBlueprintUserMessages: [AgroCheck_test_C_1] X=8377.742 Y=9415.481 Z=89.186
[2017.01.21-11.19.19:808][751]LogBlueprintUserMessages: [AgroCheck_test_C_1] X=8132.260 Y=9455.477 Z=90.150
[2017.01.21-11.19.24:521][310]LogBlueprintUserMessages: [AgroCheck_test_C_1] X=8818.558 Y=9347.258 Z=46.400
[2017.01.21-11.19.24:938][360]LogBlueprintUserMessages: [AgroCheck_test_C_1] X=9070.266 Y=9389.008 Z=47.167
[2017.01.21-11.19.25:405][416]LogBlueprintUserMessages: [AgroCheck_test_C_1] X=9366.111 Y=9364.648 Z=65.683
[2017.01.21-11.19.25:981][484]LogBlueprintUserMessages: [AgroCheck_test_C_1] X=9690.694 Y=9548.023 Z=48.255
[2017.01.21-11.19.26:506][547]LogBlueprintUserMessages: [AgroCheck_test_C_1] X=10020.993 Y=9636.106 Z=48.788
[2017.01.21-11.19.26:999][606]LogBlueprintUserMessages: [AgroCheck_test_C_1] X=10325.807 Y=9733.820 Z=51.481
[2017.01.21-11.19.27:465][661]LogBlueprintUserMessages: [AgroCheck_test_C_1] X=10622.681 Y=9769.004 Z=89.978
[2017.01.21-11.19.28:032][728]LogBlueprintUserMessages: [AgroCheck_test_C_1] X=10956.341 Y=9706.412 Z=89.978
[2017.01.21-11.19.28:491][783]LogBlueprintUserMessages: [AgroCheck_test_C_1] X=11103.889 Y=9964.492 Z=89.978
[2017.01.21-11.19.28:991][843]LogBlueprintUserMessages: [AgroCheck_test_C_1] X=11064.911 Y=10256.272 Z=89.978
[2017.01.21-11.19.29:425][895]LogBlueprintUserMessages: [AgroCheck_test_C_1] X=10802.364 Y=10326.408 Z=90.072
[2017.01.21-11.19.29:960][957]LogBlueprintUserMessages: [AgroCheck_test_C_1] X=10735.229 Y=10103.347 Z=90.072
[2017.01.21-11.19.30:452][ 16]LogBlueprintUserMessages: [AgroCheck_test_C_1] X=10563.245 Y=10143.548 Z=90.072
[2017.01.21-11.19.31:489][140]LogBlueprintUserMessages: [AgroCheck_test_C_1] X=10420.479 Y=9573.508 Z=90.066
[2017.01.21-11.19.31:897][188]LogBlueprintUserMessages: [AgroCheck_test_C_1] X=10363.502 Y=9327.833 Z=90.066
[2017.01.21-11.19.32:414][250]LogBlueprintUserMessages: [AgroCheck_test_C_1] X=10140.848 Y=9481.265 Z=90.066
[2017.01.21-11.19.33:322][359]LogBlueprintUserMessages: [AgroCheck_test_C_1] X=10522.971 Y=9794.295 Z=90.040
[2017.01.21-11.19.33:789][414]LogBlueprintUserMessages: [AgroCheck_test_C_1] X=10575.936 Y=9792.313 Z=90.040
[2017.01.21-11.19.34:773][532]LogBlueprintUserMessages: [AgroCheck_test_C_1] X=10039.606 Y=9911.158 Z=76.969
[2017.01.21-11.19.35:239][588]LogBlueprintUserMessages: [AgroCheck_test_C_1] X=9740.511 Y=9869.980 Z=90.106
[2017.01.21-11.19.35:749][648]LogBlueprintUserMessages: [AgroCheck_test_C_1] X=9550.166 Y=9673.004 Z=63.442
[2017.01.21-11.19.36:272][710]LogBlueprintUserMessages: [AgroCheck_test_C_1] X=9784.442 Y=9441.367 Z=74.948
[2017.01.21-11.19.40:841][254]LogBlueprintUserMessages: [AgroCheck_test_C_1] X=8998.534 Y=9016.072 Z=50.818
[2017.01.21-11.19.41:291][308]LogBlueprintUserMessages: [AgroCheck_test_C_1] X=9031.179 Y=8986.117 Z=47.149
[2017.01.21-11.19.41:850][374]LogBlueprintUserMessages: [AgroCheck_test_C_1] X=9031.439 Y=8985.871 Z=47.149
[2017.01.21-11.19.42:284][426]LogBlueprintUserMessages: [AgroCheck_test_C_1] X=9031.439 Y=8985.871 Z=47.149
[2017.01.21-11.19.42:327][431]LogScriptCore:Warning: Attempted to get an item from array TargetArray out of bounds [1/0]!

[2017.01.21-11.19.42:327][431]LogScriptCore:Warning: Attempted to get an item from array Inventory out of bounds [1/0]!

[2017.01.21-11.19.42:327][431]LogScriptCore:Warning: Attempted to get an item from array TargetArray out of bounds [2/0]!

[2017.01.21-11.19.42:327][431]LogScriptCore:Warning: Attempted to get an item from array Inventory out of bounds [2/0]!

[2017.01.21-11.19.42:327][431]LogScriptCore:Warning: Attempted to get an item from array TargetArray out of bounds [3/0]!

[2017.01.21-11.19.42:327][431]LogScriptCore:Warning: Attempted to get an item from array Inventory out of bounds [3/0]!

[2017.01.21-11.19.42:327][431]LogScriptCore:Warning: Attempted to get an item from array TargetArray out of bounds [4/0]!

[2017.01.21-11.19.42:327][431]LogScriptCore:Warning: Attempted to get an item from array Inventory out of bounds [4/0]!

[2017.01.21-11.19.42:327][431]LogScriptCore:Warning: Attempted to get an item from array TargetArray out of bounds [5/0]!

[2017.01.21-11.19.42:327][431]LogScriptCore:Warning: Attempted to get an item from array Inventory out of bounds [5/0]!

[2017.01.21-11.19.42:327][431]LogScriptCore:Warning: Attempted to get an item from array TargetArray out of bounds [6/0]!

[2017.01.21-11.19.42:327][431]LogScriptCore:Warning: Attempted to get an item from array Inventory out of bounds [6/0]!

[2017.01.21-11.19.42:327][431]LogScriptCore:Warning: Attempted to get an item from array TargetArray out of bounds [7/0]!

[2017.01.21-11.19.42:327][431]LogScriptCore:Warning: Attempted to get an item from array Inventory out of bounds [7/0]!

[2017.01.21-11.19.42:327][431]LogScriptCore:Warning: Attempted to get an item from array TargetArray out of bounds [8/0]!

[2017.01.21-11.19.42:327][431]LogScriptCore:Warning: Attempted to get an item from array Inventory out of bounds [8/0]!

[2017.01.21-11.19.42:327][431]LogScriptCore:Warning: Attempted to get an item from array TargetArray out of bounds [9/0]!

[2017.01.21-11.19.42:327][431]LogScriptCore:Warning: Attempted to get an item from array Inventory out of bounds [9/0]!

[2017.01.21-11.19.42:327][431]LogScriptCore:Warning: Attempted to get an item from array TargetArray out of bounds [10/0]!

[2017.01.21-11.19.42:327][431]LogScriptCore:Warning: Attempted to get an item from array Inventory out of bounds [10/0]!

[2017.01.21-11.19.42:327][431]LogScriptCore:Warning: Attempted to get an item from array TargetArray out of bounds [11/0]!

[2017.01.21-11.19.42:327][431]LogScriptCore:Warning: Attempted to get an item from array Inventory out of bounds [11/0]!

[2017.01.21-11.19.42:328][431]LogScriptCore:Warning: Attempted to get an item from array TargetArray out of bounds [12/0]!

[2017.01.21-11.19.42:328][431]LogScriptCore:Warning: Attempted to get an item from array Inventory out of bounds [12/0]!

[2017.01.21-11.19.42:328][431]LogScriptCore:Warning: Attempted to get an item from array TargetArray out of bounds [13/0]!

[2017.01.21-11.19.42:328][431]LogScriptCore:Warning: Attempted to get an item from array Inventory out of bounds [13/0]!

[2017.01.21-11.19.42:328][431]LogScriptCore:Warning: Attempted to get an item from array TargetArray out of bounds [14/0]!

[2017.01.21-11.19.42:328][431]LogScriptCore:Warning: Attempted to get an item from array Inventory out of bounds [14/0]!

[2017.01.21-11.19.42:328][431]LogScriptCore:Warning: Attempted to get an item from array TargetArray out of bounds [15/0]!

[2017.01.21-11.19.42:328][431]LogScriptCore:Warning: Attempted to get an item from array Inventory out of bounds [15/0]!

[2017.01.21-11.19.42:328][431]LogScriptCore:Warning: Attempted to get an item from array TargetArray out of bounds [16/0]!

[2017.01.21-11.19.42:328][431]LogScriptCore:Warning: Attempted to get an item from array Inventory out of bounds [16/0]!

[2017.01.21-11.19.42:328][431]LogScriptCore:Warning: Attempted to get an item from array TargetArray out of bounds [17/0]!

[2017.01.21-11.19.42:328][431]LogScriptCore:Warning: Attempted to get an item from array Inventory out of bounds [17/0]!

[2017.01.21-11.19.42:328][431]LogScriptCore:Warning: Attempted to get an item from array TargetArray out of bounds [18/0]!

[2017.01.21-11.19.42:328][431]LogScriptCore:Warning: Attempted to get an item from array Inventory out of bounds [18/0]!

[2017.01.21-11.19.42:328][431]LogScriptCore:Warning: Attempted to get an item from array TargetArray out of bounds [19/0]!

[2017.01.21-11.19.42:328][431]LogScriptCore:Warning: Attempted to get an item from array Inventory out of bounds [19/0]!

[2017.01.21-11.19.42:782][485]LogBlueprintUserMessages: [AgroCheck_test_C_1] X=9031.439 Y=8985.871 Z=47.149
[2017.01.21-11.19.43:233][539]LogBlueprintUserMessages: [AgroCheck_test_C_1] X=9031.439 Y=8985.871 Z=47.149
[2017.01.21-11.19.43:641][588]LogBlueprintUserMessages: [AgroCheck_test_C_1] X=9031.439 Y=8985.871 Z=47.149
[2017.01.21-11.19.44:194][653]LogBlueprintUserMessages: [AgroCheck_test_C_1] X=9031.439 Y=8985.871 Z=47.149
[2017.01.21-11.19.44:512][691]LogBlueprintUserMessages: [Character_Controller_536] 0
[2017.01.21-11.19.44:512][691]LogScriptCore:Warning: Attempted to get an item from array TargetArray out of bounds [0/0]!

[2017.01.21-11.19.44:512][691]LogScriptCore:Warning: Attempted to get an item from array Inventory out of bounds [0/0]!

[2017.01.21-11.19.44:512][691]LogScriptCore:Warning: Attempted to get an item from array TargetArray out of bounds [1/0]!

[2017.01.21-11.19.44:512][691]LogScriptCore:Warning: Attempted to get an item from array Inventory out of bounds [1/0]!

[2017.01.21-11.19.44:512][691]LogScriptCore:Warning: Attempted to get an item from array TargetArray out of bounds [2/0]!

[2017.01.21-11.19.44:512][691]LogScriptCore:Warning: Attempted to get an item from array Inventory out of bounds [2/0]!

[2017.01.21-11.19.44:513][691]LogScriptCore:Warning: Attempted to get an item from array TargetArray out of bounds [3/0]!

[2017.01.21-11.19.44:513][691]LogScriptCore:Warning: Attempted to get an item from array Inventory out of bounds [3/0]!

[2017.01.21-11.19.44:513][691]LogScriptCore:Warning: Attempted to get an item from array TargetArray out of bounds [4/0]!

[2017.01.21-11.19.44:513][691]LogScriptCore:Warning: Attempted to get an item from array Inventory out of bounds [4/0]!

[2017.01.21-11.19.44:513][691]LogScriptCore:Warning: Attempted to get an item from array TargetArray out of bounds [5/0]!

[2017.01.21-11.19.44:513][691]LogScriptCore:Warning: Attempted to get an item from array Inventory out of bounds [5/0]!

[2017.01.21-11.19.44:513][691]LogScriptCore:Warning: Attempted to get an item from array TargetArray out of bounds [6/0]!

[2017.01.21-11.19.44:513][691]LogScriptCore:Warning: Attempted to get an item from array Inventory out of bounds [6/0]!

[2017.01.21-11.19.44:513][691]LogScriptCore:Warning: Attempted to get an item from array TargetArray out of bounds [7/0]!

[2017.01.21-11.19.44:513][691]LogScriptCore:Warning: Attempted to get an item from array Inventory out of bounds [7/0]!

[2017.01.21-11.19.44:513][691]LogScriptCore:Warning: Attempted to get an item from array TargetArray out of bounds [8/0]!

[2017.01.21-11.19.44:513][691]LogScriptCore:Warning: Attempted to get an item from array Inventory out of bounds [8/0]!

[2017.01.21-11.19.44:513][691]LogScriptCore:Warning: Attempted to get an item from array TargetArray out of bounds [9/0]!

[2017.01.21-11.19.44:513][691]LogScriptCore:Warning: Attempted to get an item from array Inventory out of bounds [9/0]!

[2017.01.21-11.19.44:513][691]LogScriptCore:Warning: Attempted to get an item from array TargetArray out of bounds [10/0]!

[2017.01.21-11.19.44:513][691]LogScriptCore:Warning: Attempted to get an item from array Inventory out of bounds [10/0]!

[2017.01.21-11.19.44:513][691]LogScriptCore:Warning: Attempted to get an item from array TargetArray out of bounds [11/0]!

[2017.01.21-11.19.44:513][691]LogScriptCore:Warning: Attempted to get an item from array Inventory out of bounds [11/0]!

[2017.01.21-11.19.44:513][691]LogScriptCore:Warning: Attempted to get an item from array TargetArray out of bounds [12/0]!

[2017.01.21-11.19.44:513][691]LogScriptCore:Warning: Attempted to get an item from array Inventory out of bounds [12/0]!

[2017.01.21-11.19.44:513][691]LogScriptCore:Warning: Attempted to get an item from array TargetArray out of bounds [13/0]!

[2017.01.21-11.19.44:514][691]LogScriptCore:Warning: Attempted to get an item from array Inventory out of bounds [13/0]!

[2017.01.21-11.19.44:514][691]LogScriptCore:Warning: Attempted to get an item from array TargetArray out of bounds [14/0]!

[2017.01.21-11.19.44:514][691]LogScriptCore:Warning: Attempted to get an item from array Inventory out of bounds [14/0]!

[2017.01.21-11.19.44:514][691]LogScriptCore:Warning: Attempted to get an item from array TargetArray out of bounds [15/0]!

[2017.01.21-11.19.44:514][691]LogScriptCore:Warning: Attempted to get an item from array Inventory out of bounds [15/0]!

[2017.01.21-11.19.44:514][691]LogScriptCore:Warning: Attempted to get an item from array TargetArray out of bounds [16/0]!

[2017.01.21-11.19.44:514][691]LogScriptCore:Warning: Attempted to get an item from array Inventory out of bounds [16/0]!

[2017.01.21-11.19.44:514][691]LogScriptCore:Warning: Attempted to get an item from array TargetArray out of bounds [17/0]!

[2017.01.21-11.19.44:514][691]LogScriptCore:Warning: Attempted to get an item from array Inventory out of bounds [17/0]!

[2017.01.21-11.19.44:514][691]LogScriptCore:Warning: Attempted to get an item from array TargetArray out of bounds [18/0]!

[2017.01.21-11.19.44:514][691]LogScriptCore:Warning: Attempted to get an item from array Inventory out of bounds [18/0]!

[2017.01.21-11.19.44:514][691]LogScriptCore:Warning: Attempted to get an item from array TargetArray out of bounds [19/0]!

[2017.01.21-11.19.44:514][691]LogScriptCore:Warning: Attempted to get an item from array Inventory out of bounds [19/0]!

[2017.01.21-11.19.44:714][715]LogBlueprintUserMessages: [AgroCheck_test_C_1] X=9031.439 Y=8985.871 Z=47.149
[2017.01.21-11.19.45:248][779]LogBlueprintUserMessages: [AgroCheck_test_C_1] X=9031.439 Y=8985.871 Z=47.149
[2017.01.21-11.19.45:808][845]LogBlueprintUserMessages: [AgroCheck_test_C_1] X=9031.439 Y=8985.871 Z=47.149
[2017.01.21-11.19.46:318][906]LogBlueprintUserMessages: [AgroCheck_test_C_1] X=9031.439 Y=8985.871 Z=47.149
[2017.01.21-11.19.46:802][964]LogBlueprintUserMessages: [AgroCheck_test_C_1] X=9005.244 Y=8972.648 Z=47.934
[2017.01.21-11.19.47:329][ 27]LogBlueprintUserMessages: [AgroCheck_test_C_1] X=8874.287 Y=9016.982 Z=90.147
[2017.01.21-11.19.47:914][ 95]LogBlueprintUserMessages: [AgroCheck_test_C_1] X=8650.049 Y=9293.844 Z=46.400
[2017.01.21-11.19.48:384][151]LogBlueprintUserMessages: [AgroCheck_test_C_1] X=8489.298 Y=9267.739 Z=46.400
[2017.01.21-11.19.48:984][218]LogBlueprintUserMessages: [AgroCheck_test_C_1] X=8340.965 Y=9263.532 Z=46.400
[2017.01.21-11.19.49:392][267]LogBlueprintUserMessages: [AgroCheck_test_C_1] X=8240.140 Y=9249.343 Z=46.400
[2017.01.21-11.19.49:944][332]LogBlueprintUserMessages: [AgroCheck_test_C_1] X=8108.196 Y=9213.839 Z=46.400
[2017.01.21-11.19.50:377][384]LogBlueprintUserMessages: [AgroCheck_test_C_1] X=8005.958 Y=9178.306 Z=61.117
[2017.01.21-11.19.50:836][439]LogBlueprintUserMessages: [AgroCheck_test_C_1] X=7924.403 Y=9249.871 Z=49.532
[2017.01.21-11.19.51:270][491]LogBlueprintUserMessages: [AgroCheck_test_C_1] X=7849.057 Y=9326.854 Z=62.885
[2017.01.21-11.19.51:785][551]LogBlueprintUserMessages: [AgroCheck_test_C_1] X=7601.161 Y=9277.665 Z=51.256
[2017.01.21-11.19.52:338][617]LogBlueprintUserMessages: [AgroCheck_test_C_1] X=7756.029 Y=9043.488 Z=90.015
[2017.01.21-11.19.52:873][681]LogBlueprintUserMessages: [AgroCheck_test_C_1] X=7999.903 Y=9098.127 Z=90.015
[2017.01.21-11.19.53:386][742]LogBlueprintUserMessages: [AI_Greater_Spider_C_0] Hello
[2017.01.21-11.19.53:386][742]LogBlueprintUserMessages: [AgroCheck_test_C_1] X=7995.102 Y=9110.802 Z=88.389
[2017.01.21-11.19.53:942][806]LogBlueprintUserMessages: [AgroCheck_test_C_1] X=7990.468 Y=9209.580 Z=50.161
[2017.01.21-11.19.54:390][859]LogBlueprintUserMessages: [AgroCheck_test_C_1] X=7990.342 Y=9207.347 Z=50.316
[2017.01.21-11.19.55:033][936]LogBlueprintUserMessages: [AI_Greater_Spider_C_0] Hello
[2017.01.21-11.19.57:508][228]LogBlueprintUserMessages: [AI_Greater_Spider_C_0] Hello
[2017.01.21-11.19.59:156][424]LogBlueprintUserMessages: [AI_Greater_Spider_C_0] Hello
[2017.01.21-11.20.00:588][594]LogBlueprintUserMessages: [AI_Greater_Spider_C_0] Hello
[2017.01.21-11.20.01:559][710]LogBlueprintUserMessages: [AI_Greater_Spider_C_0] Hello
[2017.01.21-11.20.04:724][ 87]LogBlueprintUserMessages: [AI_Greater_Spider_C_0] Hello
[2017.01.21-11.20.05:694][203]LogBlueprintUserMessages: [AI_Greater_Spider_C_0] Hello
[2017.01.21-11.20.07:338][398]LogBlueprintUserMessages: [AI_Greater_Spider_C_0] Hello
[2017.01.21-11.20.08:919][586]LogBlueprintUserMessages: [AI_Greater_Spider_C_0] Hello
[2017.01.21-11.20.09:887][702]LogBlueprintUserMessages: [AI_Greater_Spider_C_0] Hello
[2017.01.21-11.21.46:625][217]LogScriptCore:Warning: Attempted to get an item from array TargetArray out of bounds [0/0]!

[2017.01.21-11.21.46:625][217]LogScriptCore:Warning: Attempted to get an item from array Inventory out of bounds [0/0]!

[2017.01.21-11.21.46:625][217]LogScriptCore:Warning: Attempted to get an item from array TargetArray out of bounds [1/0]!

[2017.01.21-11.21.46:625][217]LogScriptCore:Warning: Attempted to get an item from array Inventory out of bounds [1/0]!

[2017.01.21-11.21.46:625][217]LogScriptCore:Warning: Attempted to get an item from array TargetArray out of bounds [2/0]!

[2017.01.21-11.21.46:625][217]LogScriptCore:Warning: Attempted to get an item from array Inventory out of bounds [2/0]!

[2017.01.21-11.21.46:625][217]LogScriptCore:Warning: Attempted to get an item from array TargetArray out of bounds [3/0]!

[2017.01.21-11.21.46:625][217]LogScriptCore:Warning: Attempted to get an item from array Inventory out of bounds [3/0]!

[2017.01.21-11.21.46:626][217]LogScriptCore:Warning: Attempted to get an item from array TargetArray out of bounds [4/0]!

[2017.01.21-11.21.46:626][217]LogScriptCore:Warning: Attempted to get an item from array Inventory out of bounds [4/0]!

[2017.01.21-11.21.46:626][217]LogScriptCore:Warning: Attempted to get an item from array TargetArray out of bounds [5/0]!

[2017.01.21-11.21.46:626][217]LogScriptCore:Warning: Attempted to get an item from array Inventory out of bounds [5/0]!

[2017.01.21-11.21.46:626][217]LogScriptCore:Warning: Attempted to get an item from array TargetArray out of bounds [6/0]!

[2017.01.21-11.21.46:626][217]LogScriptCore:Warning: Attempted to get an item from array Inventory out of bounds [6/0]!

[2017.01.21-11.21.46:626][217]LogScriptCore:Warning: Attempted to get an item from array TargetArray out of bounds [7/0]!

[2017.01.21-11.21.46:626][217]LogScriptCore:Warning: Attempted to get an item from array Inventory out of bounds [7/0]!

[2017.01.21-11.21.46:626][217]LogScriptCore:Warning: Attempted to get an item from array TargetArray out of bounds [8/0]!

[2017.01.21-11.21.46:626][217]LogScriptCore:Warning: Attempted to get an item from array Inventory out of bounds [8/0]!

[2017.01.21-11.21.46:626][217]LogScriptCore:Warning: Attempted to get an item from array TargetArray out of bounds [9/0]!

[2017.01.21-11.21.46:626][217]LogScriptCore:Warning: Attempted to get an item from array Inventory out of bounds [9/0]!

[2017.01.21-11.21.46:626][217]LogScriptCore:Warning: Attempted to get an item from array TargetArray out of bounds [10/0]!

[2017.01.21-11.21.46:626][217]LogScriptCore:Warning: Attempted to get an item from array Inventory out of bounds [10/0]!

[2017.01.21-11.21.46:626][217]LogScriptCore:Warning: Attempted to get an item from array TargetArray out of bounds [11/0]!

[2017.01.21-11.21.46:626][217]LogScriptCore:Warning: Attempted to get an item from array Inventory out of bounds [11/0]!

[2017.01.21-11.21.46:626][217]LogScriptCore:Warning: Attempted to get an item from array TargetArray out of bounds [12/0]!

[2017.01.21-11.21.46:626][217]LogScriptCore:Warning: Attempted to get an item from array Inventory out of bounds [12/0]!

[2017.01.21-11.21.46:627][217]LogScriptCore:Warning: Attempted to get an item from array TargetArray out of bounds [13/0]!

[2017.01.21-11.21.46:627][217]LogScriptCore:Warning: Attempted to get an item from array Inventory out of bounds [13/0]!

[2017.01.21-11.21.46:627][217]LogScriptCore:Warning: Attempted to get an item from array TargetArray out of bounds [14/0]!

[2017.01.21-11.21.46:627][217]LogScriptCore:Warning: Attempted to get an item from array Inventory out of bounds [14/0]!

[2017.01.21-11.21.46:627][217]LogScriptCore:Warning: Attempted to get an item from array TargetArray out of bounds [15/0]!

[2017.01.21-11.21.46:627][217]LogScriptCore:Warning: Attempted to get an item from array Inventory out of bounds [15/0]!

[2017.01.21-11.21.46:627][217]LogScriptCore:Warning: Attempted to get an item from array TargetArray out of bounds [16/0]!

[2017.01.21-11.21.46:627][217]LogScriptCore:Warning: Attempted to get an item from array Inventory out of bounds [16/0]!

[2017.01.21-11.21.46:627][217]LogScriptCore:Warning: Attempted to get an item from array TargetArray out of bounds [17/0]!

[2017.01.21-11.21.46:627][217]LogScriptCore:Warning: Attempted to get an item from array Inventory out of bounds [17/0]!

[2017.01.21-11.21.46:627][217]LogScriptCore:Warning: Attempted to get an item from array TargetArray out of bounds [18/0]!

[2017.01.21-11.21.46:627][217]LogScriptCore:Warning: Attempted to get an item from array Inventory out of bounds [18/0]!

[2017.01.21-11.21.46:627][217]LogScriptCore:Warning: Attempted to get an item from array TargetArray out of bounds [19/0]!

[2017.01.21-11.21.46:627][217]LogScriptCore:Warning: Attempted to get an item from array Inventory out of bounds [19/0]!

[2017.01.21-11.21.47:471][317]LogScriptCore:Warning: Attempted to get an item from array TargetArray out of bounds [1/0]!

[2017.01.21-11.21.47:471][317]LogScriptCore:Warning: Attempted to get an item from array Inventory out of bounds [1/0]!

[2017.01.21-11.21.47:471][317]LogScriptCore:Warning: Attempted to get an item from array TargetArray out of bounds [2/0]!

[2017.01.21-11.21.47:471][317]LogScriptCore:Warning: Attempted to get an item from array Inventory out of bounds [2/0]!

[2017.01.21-11.21.47:471][317]LogScriptCore:Warning: Attempted to get an item from array TargetArray out of bounds [3/0]!

[2017.01.21-11.21.47:471][317]LogScriptCore:Warning: Attempted to get an item from array Inventory out of bounds [3/0]!

[2017.01.21-11.21.47:471][317]LogScriptCore:Warning: Attempted to get an item from array TargetArray out of bounds [4/0]!

[2017.01.21-11.21.47:471][317]LogScriptCore:Warning: Attempted to get an item from array Inventory out of bounds [4/0]!

[2017.01.21-11.21.47:472][317]LogScriptCore:Warning: Attempted to get an item from array TargetArray out of bounds [5/0]!

[2017.01.21-11.21.47:472][317]LogScriptCore:Warning: Attempted to get an item from array Inventory out of bounds [5/0]!

[2017.01.21-11.21.47:472][317]LogScriptCore:Warning: Attempted to get an item from array TargetArray out of bounds [6/0]!

[2017.01.21-11.21.47:472][317]LogScriptCore:Warning: Attempted to get an item from array Inventory out of bounds [6/0]!

[2017.01.21-11.21.47:472][317]LogScriptCore:Warning: Attempted to get an item from array TargetArray out of bounds [7/0]!

[2017.01.21-11.21.47:472][317]LogScriptCore:Warning: Attempted to get an item from array Inventory out of bounds [7/0]!

[2017.01.21-11.21.47:472][317]LogScriptCore:Warning: Attempted to get an item from array TargetArray out of bounds [8/0]!

[2017.01.21-11.21.47:472][317]LogScriptCore:Warning: Attempted to get an item from array Inventory out of bounds [8/0]!

[2017.01.21-11.21.47:472][317]LogScriptCore:Warning: Attempted to get an item from array TargetArray out of bounds [9/0]!

[2017.01.21-11.21.47:472][317]LogScriptCore:Warning: Attempted to get an item from array Inventory out of bounds [9/0]!

[2017.01.21-11.21.47:472][317]LogScriptCore:Warning: Attempted to get an item from array TargetArray out of bounds [10/0]!

[2017.01.21-11.21.47:472][317]LogScriptCore:Warning: Attempted to get an item from array Inventory out of bounds [10/0]!

[2017.01.21-11.21.47:472][317]LogScriptCore:Warning: Attempted to get an item from array TargetArray out of bounds [11/0]!

[2017.01.21-11.21.47:472][317]LogScriptCore:Warning: Attempted to get an item from array Inventory out of bounds [11/0]!

[2017.01.21-11.21.47:472][317]LogScriptCore:Warning: Attempted to get an item from array TargetArray out of bounds [12/0]!

[2017.01.21-11.21.47:472][317]LogScriptCore:Warning: Attempted to get an item from array Inventory out of bounds [12/0]!

[2017.01.21-11.21.47:472][317]LogScriptCore:Warning: Attempted to get an item from array TargetArray out of bounds [13/0]!

[2017.01.21-11.21.47:472][317]LogScriptCore:Warning: Attempted to get an item from array Inventory out of bounds [13/0]!

[2017.01.21-11.21.47:472][317]LogScriptCore:Warning: Attempted to get an item from array TargetArray out of bounds [14/0]!

[2017.01.21-11.21.47:472][317]LogScriptCore:Warning: Attempted to get an item from array Inventory out of bounds [14/0]!

[2017.01.21-11.21.47:473][317]LogScriptCore:Warning: Attempted to get an item from array TargetArray out of bounds [15/0]!

[2017.01.21-11.21.47:473][317]LogScriptCore:Warning: Attempted to get an item from array Inventory out of bounds [15/0]!

[2017.01.21-11.21.47:473][317]LogScriptCore:Warning: Attempted to get an item from array TargetArray out of bounds [16/0]!

[2017.01.21-11.21.47:473][317]LogScriptCore:Warning: Attempted to get an item from array Inventory out of bounds [16/0]!

[2017.01.21-11.21.47:473][317]LogScriptCore:Warning: Attempted to get an item from array TargetArray out of bounds [17/0]!

[2017.01.21-11.21.47:473][317]LogScriptCore:Warning: Attempted to get an item from array Inventory out of bounds [17/0]!

[2017.01.21-11.21.47:473][317]LogScriptCore:Warning: Attempted to get an item from array TargetArray out of bounds [18/0]!

[2017.01.21-11.21.47:473][317]LogScriptCore:Warning: Attempted to get an item from array Inventory out of bounds [18/0]!

[2017.01.21-11.21.47:473][317]LogScriptCore:Warning: Attempted to get an item from array TargetArray out of bounds [19/0]!

[2017.01.21-11.21.47:473][317]LogScriptCore:Warning: Attempted to get an item from array Inventory out of bounds [19/0]!

[2017.01.21-11.21.47:473][317]LogScript:Warning: Accessed None trying to read property LeftArmItem
	Character_Controller_C /Game/Map/UEDPIE_0_Map.Map:PersistentLevel.Character_Controller_536
	Function /Game/Blueprints/Game/Character_Controller.Character_Controller_C:UnattachEquipment:03FE
[2017.01.21-11.21.51:284][769]LogBlueprintUserMessages: [Character_Controller_536] 0
[2017.01.21-11.21.51:284][769]LogScriptCore:Warning: Attempted to get an item from array TargetArray out of bounds [0/0]!

[2017.01.21-11.21.51:284][769]LogScriptCore:Warning: Attempted to get an item from array Inventory out of bounds [0/0]!

[2017.01.21-11.21.51:285][769]LogScriptCore:Warning: Attempted to get an item from array TargetArray out of bounds [1/0]!

[2017.01.21-11.21.51:285][769]LogScriptCore:Warning: Attempted to get an item from array Inventory out of bounds [1/0]!

[2017.01.21-11.21.51:285][769]LogScriptCore:Warning: Attempted to get an item from array TargetArray out of bounds [2/0]!

[2017.01.21-11.21.51:285][769]LogScriptCore:Warning: Attempted to get an item from array Inventory out of bounds [2/0]!

[2017.01.21-11.21.51:285][769]LogScriptCore:Warning: Attempted to get an item from array TargetArray out of bounds [3/0]!

[2017.01.21-11.21.51:285][769]LogScriptCore:Warning: Attempted to get an item from array Inventory out of bounds [3/0]!

[2017.01.21-11.21.51:285][769]LogScriptCore:Warning: Attempted to get an item from array TargetArray out of bounds [4/0]!

[2017.01.21-11.21.51:285][769]LogScriptCore:Warning: Attempted to get an item from array Inventory out of bounds [4/0]!

[2017.01.21-11.21.51:285][769]LogScriptCore:Warning: Attempted to get an item from array TargetArray out of bounds [5/0]!

[2017.01.21-11.21.51:285][769]LogScriptCore:Warning: Attempted to get an item from array Inventory out of bounds [5/0]!

[2017.01.21-11.21.51:285][769]LogScriptCore:Warning: Attempted to get an item from array TargetArray out of bounds [6/0]!

[2017.01.21-11.21.51:285][769]LogScriptCore:Warning: Attempted to get an item from array Inventory out of bounds [6/0]!

[2017.01.21-11.21.51:285][769]LogScriptCore:Warning: Attempted to get an item from array TargetArray out of bounds [7/0]!

[2017.01.21-11.21.51:285][769]LogScriptCore:Warning: Attempted to get an item from array Inventory out of bounds [7/0]!

[2017.01.21-11.21.51:285][769]LogScriptCore:Warning: Attempted to get an item from array TargetArray out of bounds [8/0]!

[2017.01.21-11.21.51:285][769]LogScriptCore:Warning: Attempted to get an item from array Inventory out of bounds [8/0]!

[2017.01.21-11.21.51:285][769]LogScriptCore:Warning: Attempted to get an item from array TargetArray out of bounds [9/0]!

[2017.01.21-11.21.51:285][769]LogScriptCore:Warning: Attempted to get an item from array Inventory out of bounds [9/0]!

[2017.01.21-11.21.51:285][769]LogScriptCore:Warning: Attempted to get an item from array TargetArray out of bounds [10/0]!

[2017.01.21-11.21.51:286][769]LogScriptCore:Warning: Attempted to get an item from array Inventory out of bounds [10/0]!

[2017.01.21-11.21.51:286][769]LogScriptCore:Warning: Attempted to get an item from array TargetArray out of bounds [11/0]!

[2017.01.21-11.21.51:286][769]LogScriptCore:Warning: Attempted to get an item from array Inventory out of bounds [11/0]!

[2017.01.21-11.21.51:286][769]LogScriptCore:Warning: Attempted to get an item from array TargetArray out of bounds [12/0]!

[2017.01.21-11.21.51:286][769]LogScriptCore:Warning: Attempted to get an item from array Inventory out of bounds [12/0]!

[2017.01.21-11.21.51:286][769]LogScriptCore:Warning: Attempted to get an item from array TargetArray out of bounds [13/0]!

[2017.01.21-11.21.51:286][769]LogScriptCore:Warning: Attempted to get an item from array Inventory out of bounds [13/0]!

[2017.01.21-11.21.51:286][769]LogScriptCore:Warning: Attempted to get an item from array TargetArray out of bounds [14/0]!

[2017.01.21-11.21.51:286][769]LogScriptCore:Warning: Attempted to get an item from array Inventory out of bounds [14/0]!

[2017.01.21-11.21.51:286][769]LogScriptCore:Warning: Attempted to get an item from array TargetArray out of bounds [15/0]!

[2017.01.21-11.21.51:286][769]LogScriptCore:Warning: Attempted to get an item from array Inventory out of bounds [15/0]!

[2017.01.21-11.21.51:286][769]LogScriptCore:Warning: Attempted to get an item from array TargetArray out of bounds [16/0]!

[2017.01.21-11.21.51:286][769]LogScriptCore:Warning: Attempted to get an item from array Inventory out of bounds [16/0]!

[2017.01.21-11.21.51:286][769]LogScriptCore:Warning: Attempted to get an item from array TargetArray out of bounds [17/0]!

[2017.01.21-11.21.51:286][769]LogScriptCore:Warning: Attempted to get an item from array Inventory out of bounds [17/0]!

[2017.01.21-11.21.51:286][769]LogScriptCore:Warning: Attempted to get an item from array TargetArray out of bounds [18/0]!

[2017.01.21-11.21.51:286][769]LogScriptCore:Warning: Attempted to get an item from array Inventory out of bounds [18/0]!

[2017.01.21-11.21.51:286][769]LogScriptCore:Warning: Attempted to get an item from array TargetArray out of bounds [19/0]!

[2017.01.21-11.21.51:286][769]LogScriptCore:Warning: Attempted to get an item from array Inventory out of bounds [19/0]!

[2017.01.21-11.21.54:189][115]LogBlueprintUserMessages: Early EndPlayMap Detection: Level '/Game/Map/Map.Map:PersistentLevel' has LevelScriptBlueprint '/Game/Map/Map.Map:PersistentLevel.Map' with GeneratedClass '/Game/Map/Map.Map_C' with ClassGeneratedBy '/Game/Map/Map.Map:PersistentLevel.Map'
[2017.01.21-11.21.54:230][115]LogBlueprintUserMessages: Late EndPlayMap Detection: Level '/Game/Map/Map.Map:PersistentLevel' has LevelScriptBlueprint '/Game/Map/Map.Map:PersistentLevel.Map' with GeneratedClass '/Game/Map/Map.Map_C' with ClassGeneratedBy '/Game/Map/Map.Map:PersistentLevel.Map'
[2017.01.21-11.22.00:696][778]Cmd: CAMERA ALIGN ACTIVEVIEWPORTONLY
[2017.01.21-11.22.19:978][ 44]LogBlueprintUserMessages: Early PlayInEditor Detection: Level '/Game/Map/Map.Map:PersistentLevel' has LevelScriptBlueprint '/Game/Map/Map.Map:PersistentLevel.Map' with GeneratedClass '/Game/Map/Map.Map_C' with ClassGeneratedBy '/Game/Map/Map.Map:PersistentLevel.Map'
[2017.01.21-11.22.19:978][ 44]LogPlayLevel: PlayLevel: No blueprints needed recompiling
[2017.01.21-11.22.19:978][ 44]PIE: New page: PIE session: Map (Jan 21, 2017, 1:22:19 PM)
[2017.01.21-11.22.19:978][ 44]LogPlayLevel: Creating play world package: /Game/Map/UEDPIE_0_Map
[2017.01.21-11.22.20:021][ 44]LogPlayLevel: PIE: StaticDuplicateObject took: (0.042861s)
[2017.01.21-11.22.20:022][ 44]LogAIModule: Creating AISystem for world Map
[2017.01.21-11.22.20:022][ 44]LogPlayLevel: PIE: World Init took: (0.000614s)
[2017.01.21-11.22.20:022][ 44]LogPlayLevel: PIE: Created PIE world by copying editor world from /Game/Map/Map.Map to /Game/Map/UEDPIE_0_Map.Map (0.043769s)
[2017.01.21-11.22.20:051][ 44]LogInit: XAudio2 using 'Lautsprecher (Realtek High Definition Audio)' : 2 channels at 48 kHz using 32 bits per sample (channel mask 0x3)
[2017.01.21-11.22.20:063][ 44]LogInit: FAudioDevice initialized.
[2017.01.21-11.22.20:113][ 44]LogWorld: Game class is 'GameMode'
[2017.01.21-11.22.20:130][ 44]LogWorld: Bringing World /Game/Map/UEDPIE_0_Map.Map up for play (max tick rate 0) at 2017.01.21-12.22.20
[2017.01.21-11.22.20:131][ 44]LogWorld: Bringing up level for play took: 0.017598
[2017.01.21-11.22.20:134][ 44]PIE: Info Play in editor start time for /Game/Map/UEDPIE_0_Map 0.045
[2017.01.21-11.22.20:134][ 44]LogBlueprintUserMessages: Late PlayInEditor Detection: Level '/Game/Map/Map.Map:PersistentLevel' has LevelScriptBlueprint '/Game/Map/Map.Map:PersistentLevel.Map' with GeneratedClass '/Game/Map/Map.Map_C' with ClassGeneratedBy '/Game/Map/Map.Map:PersistentLevel.Map'
[2017.01.21-11.22.25:564][684]LogScriptCore:Warning: Attempted to get an item from array TargetArray out of bounds [1/0]!

[2017.01.21-11.22.25:565][684]LogScriptCore:Warning: Attempted to get an item from array Inventory out of bounds [1/0]!

[2017.01.21-11.22.25:565][684]LogScriptCore:Warning: Attempted to get an item from array TargetArray out of bounds [2/0]!

[2017.01.21-11.22.25:565][684]LogScriptCore:Warning: Attempted to get an item from array Inventory out of bounds [2/0]!

[2017.01.21-11.22.25:565][684]LogScriptCore:Warning: Attempted to get an item from array TargetArray out of bounds [3/0]!

[2017.01.21-11.22.25:565][684]LogScriptCore:Warning: Attempted to get an item from array Inventory out of bounds [3/0]!

[2017.01.21-11.22.25:565][684]LogScriptCore:Warning: Attempted to get an item from array TargetArray out of bounds [4/0]!

[2017.01.21-11.22.25:565][684]LogScriptCore:Warning: Attempted to get an item from array Inventory out of bounds [4/0]!

[2017.01.21-11.22.25:565][684]LogScriptCore:Warning: Attempted to get an item from array TargetArray out of bounds [5/0]!

[2017.01.21-11.22.25:565][684]LogScriptCore:Warning: Attempted to get an item from array Inventory out of bounds [5/0]!

[2017.01.21-11.22.25:565][684]LogScriptCore:Warning: Attempted to get an item from array TargetArray out of bounds [6/0]!

[2017.01.21-11.22.25:565][684]LogScriptCore:Warning: Attempted to get an item from array Inventory out of bounds [6/0]!

[2017.01.21-11.22.25:565][684]LogScriptCore:Warning: Attempted to get an item from array TargetArray out of bounds [7/0]!

[2017.01.21-11.22.25:565][684]LogScriptCore:Warning: Attempted to get an item from array Inventory out of bounds [7/0]!

[2017.01.21-11.22.25:565][684]LogScriptCore:Warning: Attempted to get an item from array TargetArray out of bounds [8/0]!

[2017.01.21-11.22.25:565][684]LogScriptCore:Warning: Attempted to get an item from array Inventory out of bounds [8/0]!

[2017.01.21-11.22.25:565][684]LogScriptCore:Warning: Attempted to get an item from array TargetArray out of bounds [9/0]!

[2017.01.21-11.22.25:565][684]LogScriptCore:Warning: Attempted to get an item from array Inventory out of bounds [9/0]!

[2017.01.21-11.22.25:565][684]LogScriptCore:Warning: Attempted to get an item from array TargetArray out of bounds [10/0]!

[2017.01.21-11.22.25:565][684]LogScriptCore:Warning: Attempted to get an item from array Inventory out of bounds [10/0]!

[2017.01.21-11.22.25:566][684]LogScriptCore:Warning: Attempted to get an item from array TargetArray out of bounds [11/0]!

[2017.01.21-11.22.25:566][684]LogScriptCore:Warning: Attempted to get an item from array Inventory out of bounds [11/0]!

[2017.01.21-11.22.25:566][684]LogScriptCore:Warning: Attempted to get an item from array TargetArray out of bounds [12/0]!

[2017.01.21-11.22.25:566][684]LogScriptCore:Warning: Attempted to get an item from array Inventory out of bounds [12/0]!

[2017.01.21-11.22.25:566][684]LogScriptCore:Warning: Attempted to get an item from array TargetArray out of bounds [13/0]!

[2017.01.21-11.22.25:566][684]LogScriptCore:Warning: Attempted to get an item from array Inventory out of bounds [13/0]!

[2017.01.21-11.22.25:566][684]LogScriptCore:Warning: Attempted to get an item from array TargetArray out of bounds [14/0]!

[2017.01.21-11.22.25:566][684]LogScriptCore:Warning: Attempted to get an item from array Inventory out of bounds [14/0]!

[2017.01.21-11.22.25:566][684]LogScriptCore:Warning: Attempted to get an item from array TargetArray out of bounds [15/0]!

[2017.01.21-11.22.25:566][684]LogScriptCore:Warning: Attempted to get an item from array Inventory out of bounds [15/0]!

[2017.01.21-11.22.25:566][684]LogScriptCore:Warning: Attempted to get an item from array TargetArray out of bounds [16/0]!

[2017.01.21-11.22.25:566][684]LogScriptCore:Warning: Attempted to get an item from array Inventory out of bounds [16/0]!

[2017.01.21-11.22.25:566][684]LogScriptCore:Warning: Attempted to get an item from array TargetArray out of bounds [17/0]!

[2017.01.21-11.22.25:566][684]LogScriptCore:Warning: Attempted to get an item from array Inventory out of bounds [17/0]!

[2017.01.21-11.22.25:566][684]LogScriptCore:Warning: Attempted to get an item from array TargetArray out of bounds [18/0]!

[2017.01.21-11.22.25:566][684]LogScriptCore:Warning: Attempted to get an item from array Inventory out of bounds [18/0]!

[2017.01.21-11.22.25:566][684]LogScriptCore:Warning: Attempted to get an item from array TargetArray out of bounds [19/0]!

[2017.01.21-11.22.25:566][684]LogScriptCore:Warning: Attempted to get an item from array Inventory out of bounds [19/0]!

[2017.01.21-11.22.27:607][927]LogBlueprintUserMessages: [Character_Controller_536] 0
[2017.01.21-11.22.27:607][927]LogScriptCore:Warning: Attempted to get an item from array TargetArray out of bounds [0/0]!

[2017.01.21-11.22.27:607][927]LogScriptCore:Warning: Attempted to get an item from array Inventory out of bounds [0/0]!

[2017.01.21-11.22.27:607][927]LogScriptCore:Warning: Attempted to get an item from array TargetArray out of bounds [1/0]!

[2017.01.21-11.22.27:607][927]LogScriptCore:Warning: Attempted to get an item from array Inventory out of bounds [1/0]!

[2017.01.21-11.22.27:608][927]LogScriptCore:Warning: Attempted to get an item from array TargetArray out of bounds [2/0]!

[2017.01.21-11.22.27:608][927]LogScriptCore:Warning: Attempted to get an item from array Inventory out of bounds [2/0]!

[2017.01.21-11.22.27:608][927]LogScriptCore:Warning: Attempted to get an item from array TargetArray out of bounds [3/0]!

[2017.01.21-11.22.27:608][927]LogScriptCore:Warning: Attempted to get an item from array Inventory out of bounds [3/0]!

[2017.01.21-11.22.27:608][927]LogScriptCore:Warning: Attempted to get an item from array TargetArray out of bounds [4/0]!

[2017.01.21-11.22.27:608][927]LogScriptCore:Warning: Attempted to get an item from array Inventory out of bounds [4/0]!

[2017.01.21-11.22.27:608][927]LogScriptCore:Warning: Attempted to get an item from array TargetArray out of bounds [5/0]!

[2017.01.21-11.22.27:608][927]LogScriptCore:Warning: Attempted to get an item from array Inventory out of bounds [5/0]!

[2017.01.21-11.22.27:608][927]LogScriptCore:Warning: Attempted to get an item from array TargetArray out of bounds [6/0]!

[2017.01.21-11.22.27:608][927]LogScriptCore:Warning: Attempted to get an item from array Inventory out of bounds [6/0]!

[2017.01.21-11.22.27:608][927]LogScriptCore:Warning: Attempted to get an item from array TargetArray out of bounds [7/0]!

[2017.01.21-11.22.27:608][927]LogScriptCore:Warning: Attempted to get an item from array Inventory out of bounds [7/0]!

[2017.01.21-11.22.27:609][927]LogScriptCore:Warning: Attempted to get an item from array TargetArray out of bounds [8/0]!

[2017.01.21-11.22.27:609][927]LogScriptCore:Warning: Attempted to get an item from array Inventory out of bounds [8/0]!

[2017.01.21-11.22.27:609][927]LogScriptCore:Warning: Attempted to get an item from array TargetArray out of bounds [9/0]!

[2017.01.21-11.22.27:609][927]LogScriptCore:Warning: Attempted to get an item from array Inventory out of bounds [9/0]!

[2017.01.21-11.22.27:609][927]LogScriptCore:Warning: Attempted to get an item from array TargetArray out of bounds [10/0]!

[2017.01.21-11.22.27:609][927]LogScriptCore:Warning: Attempted to get an item from array Inventory out of bounds [10/0]!

[2017.01.21-11.22.27:609][927]LogScriptCore:Warning: Attempted to get an item from array TargetArray out of bounds [11/0]!

[2017.01.21-11.22.27:609][927]LogScriptCore:Warning: Attempted to get an item from array Inventory out of bounds [11/0]!

[2017.01.21-11.22.27:609][927]LogScriptCore:Warning: Attempted to get an item from array TargetArray out of bounds [12/0]!

[2017.01.21-11.22.27:609][927]LogScriptCore:Warning: Attempted to get an item from array Inventory out of bounds [12/0]!

[2017.01.21-11.22.27:610][927]LogScriptCore:Warning: Attempted to get an item from array TargetArray out of bounds [13/0]!

[2017.01.21-11.22.27:610][927]LogScriptCore:Warning: Attempted to get an item from array Inventory out of bounds [13/0]!

[2017.01.21-11.22.27:610][927]LogScriptCore:Warning: Attempted to get an item from array TargetArray out of bounds [14/0]!

[2017.01.21-11.22.27:610][927]LogScriptCore:Warning: Attempted to get an item from array Inventory out of bounds [14/0]!

[2017.01.21-11.22.27:610][927]LogScriptCore:Warning: Attempted to get an item from array TargetArray out of bounds [15/0]!

[2017.01.21-11.22.27:610][927]LogScriptCore:Warning: Attempted to get an item from array Inventory out of bounds [15/0]!

[2017.01.21-11.22.27:610][927]LogScriptCore:Warning: Attempted to get an item from array TargetArray out of bounds [16/0]!

[2017.01.21-11.22.27:610][927]LogScriptCore:Warning: Attempted to get an item from array Inventory out of bounds [16/0]!

[2017.01.21-11.22.27:610][927]LogScriptCore:Warning: Attempted to get an item from array TargetArray out of bounds [17/0]!

[2017.01.21-11.22.27:610][927]LogScriptCore:Warning: Attempted to get an item from array Inventory out of bounds [17/0]!

[2017.01.21-11.22.27:610][927]LogScriptCore:Warning: Attempted to get an item from array TargetArray out of bounds [18/0]!

[2017.01.21-11.22.27:610][927]LogScriptCore:Warning: Attempted to get an item from array Inventory out of bounds [18/0]!

[2017.01.21-11.22.27:611][927]LogScriptCore:Warning: Attempted to get an item from array TargetArray out of bounds [19/0]!

[2017.01.21-11.22.27:611][927]LogScriptCore:Warning: Attempted to get an item from array Inventory out of bounds [19/0]!

[2017.01.21-11.22.27:620][928]LogBlueprintUserMessages: [AgroCheck_test_C_1] X=8782.845 Y=8666.532 Z=90.150
[2017.01.21-11.22.28:141][990]LogBlueprintUserMessages: [AgroCheck_test_C_1] X=8782.845 Y=8666.532 Z=90.150
[2017.01.21-11.22.28:577][ 42]LogBlueprintUserMessages: [AgroCheck_test_C_1] X=8782.845 Y=8666.532 Z=90.150
[2017.01.21-11.22.29:136][109]LogBlueprintUserMessages: [AgroCheck_test_C_1] X=8782.845 Y=8666.532 Z=90.150
[2017.01.21-11.22.29:670][172]LogBlueprintUserMessages: [AgroCheck_test_C_1] X=8782.847 Y=8665.677 Z=90.150
[2017.01.21-11.22.30:169][232]LogBlueprintUserMessages: [AgroCheck_test_C_1] X=8748.640 Y=8528.007 Z=90.150
[2017.01.21-11.22.30:578][281]LogBlueprintUserMessages: [AgroCheck_test_C_1] X=8777.374 Y=8501.698 Z=90.150
[2017.01.21-11.22.31:012][333]LogBlueprintUserMessages: [AgroCheck_test_C_1] X=8893.021 Y=8691.325 Z=90.150
[2017.01.21-11.22.31:540][395]LogBlueprintUserMessages: [AgroCheck_test_C_1] X=8972.023 Y=8704.079 Z=62.208
[2017.01.21-11.22.38:275][199]LogBlueprintUserMessages: Early EndPlayMap Detection: Level '/Game/Map/Map.Map:PersistentLevel' has LevelScriptBlueprint '/Game/Map/Map.Map:PersistentLevel.Map' with GeneratedClass '/Game/Map/Map.Map_C' with ClassGeneratedBy '/Game/Map/Map.Map:PersistentLevel.Map'
[2017.01.21-11.22.38:322][199]LogBlueprintUserMessages: Late EndPlayMap Detection: Level '/Game/Map/Map.Map:PersistentLevel' has LevelScriptBlueprint '/Game/Map/Map.Map:PersistentLevel.Map' with GeneratedClass '/Game/Map/Map.Map_C' with ClassGeneratedBy '/Game/Map/Map.Map:PersistentLevel.Map'
[2017.01.21-11.25.48:945][150]LogActorComponent: UnregisterComponent: (/Engine/Transient.EditorFloorComp) Not registered. Aborting.
[2017.01.21-11.25.48:993][150]LogActorComponent: UnregisterComponent: (/Engine/Transient.EditorFloorComp) Not registered. Aborting.
[2017.01.21-11.25.49:091][150]LogWindowsTextInputMethodSystem:Display: IME system now deactivated.
[2017.01.21-11.25.49:336][151]Cmd: QUIT_EDITOR
[2017.01.21-11.25.49:924][151]LogExit: Preparing to exit.
[2017.01.21-11.25.50:749][151]LogExit: Editor shut down
[2017.01.21-11.25.50:750][151]LogExit: Transaction tracking system shut down
[2017.01.21-11.25.50:946][151]LogObj: Freed 0b from 0 cluster array pools.
[2017.01.21-11.25.50:946][151]LogExit: Object subsystem successfully closed.
[2017.01.21-11.25.50:955][151]LogD3D11RHI: Shutdown
[2017.01.21-11.25.50:955][151]LogD3D11RHI: CleanupD3DDevice
[2017.01.21-11.25.51:066][151]LogD3D11RHI: ~FD3D11DynamicRHI
[2017.01.21-11.25.51:089][151]LogModuleManager: Shutting down and abandoning module MovieSceneCapture (215)
[2017.01.21-11.25.51:102][151]LogModuleManager: Shutting down and abandoning module BlueprintGraph (214)
[2017.01.21-11.25.51:102][151]LogModuleManager: Shutting down and abandoning module HierarchicalLODOutliner (213)
[2017.01.21-11.25.51:102][151]LogModuleManager: Shutting down and abandoning module CrashTracker (212)
[2017.01.21-11.25.51:102][151]LogModuleManager: Shutting down and abandoning module SceneOutliner (211)
[2017.01.21-11.25.51:102][151]LogModuleManager: Shutting down and abandoning module WidgetCarousel (210)
[2017.01.21-11.25.51:113][151]LogModuleManager: Shutting down and abandoning module AddContentDialog (209)
[2017.01.21-11.25.51:128][151]LogModuleManager: Shutting down and abandoning module GameplayTags (208)
[2017.01.21-11.25.51:128][151]LogModuleManager: Shutting down and abandoning module EditorWidgets (207)
[2017.01.21-11.25.51:129][151]LogModuleManager: Shutting down and abandoning module CollectionManager (206)
[2017.01.21-11.25.51:129][151]LogModuleManager: Shutting down and abandoning module StatsViewer (205)
[2017.01.21-11.25.51:129][151]LogModuleManager: Shutting down and abandoning module FoliageEdit (204)
[2017.01.21-11.25.51:129][151]LogModuleManager: Shutting down and abandoning module LandscapeEditor (203)
[2017.01.21-11.25.51:129][151]LogModuleManager: Shutting down and abandoning module SceneDepthPickerMode (202)
[2017.01.21-11.25.51:129][151]LogModuleManager: Shutting down and abandoning module ActorPickerMode (201)
[2017.01.21-11.25.51:129][151]LogModuleManager: Shutting down and abandoning module GeometryMode (200)
[2017.01.21-11.25.51:129][151]LogModuleManager: Shutting down and abandoning module TextureAlignMode (199)
[2017.01.21-11.25.51:129][151]LogModuleManager: Shutting down and abandoning module BspMode (198)
[2017.01.21-11.25.51:129][151]LogModuleManager: Shutting down and abandoning module HardwareSurvey (197)
[2017.01.21-11.25.51:129][151]LogModuleManager: Shutting down and abandoning module SequenceRecorderSections (196)
[2017.01.21-11.25.51:129][151]LogModuleManager: Shutting down and abandoning module SequenceRecorder (195)
[2017.01.21-11.25.51:129][151]LogModuleManager: Shutting down and abandoning module AutomationWorker (194)
[2017.01.21-11.25.51:129][151]LogModuleManager: Shutting down and abandoning module MatineeToLevelSequence (193)
[2017.01.21-11.25.51:129][151]LogModuleManager: Shutting down and abandoning module PlacementMode (192)
[2017.01.21-11.25.51:129][151]LogModuleManager: Shutting down and abandoning module LevelSequenceEditor (191)
[2017.01.21-11.25.51:129][151]LogModuleManager: Shutting down and abandoning module CharacterAI (190)
[2017.01.21-11.25.51:129][151]LogModuleManager: Shutting down and abandoning module SmartSnapping (189)
[2017.01.21-11.25.51:129][151]LogModuleManager: Shutting down and abandoning module SessionServices (188)
[2017.01.21-11.25.51:129][151]LogModuleManager: Shutting down and abandoning module ViewportSnapping (187)
[2017.01.21-11.25.51:129][151]LogModuleManager: Shutting down and abandoning module LogVisualizer (186)
[2017.01.21-11.25.51:129][151]LogModuleManager: Shutting down and abandoning module GameProjectGeneration (185)
[2017.01.21-11.25.51:129][151]LogModuleManager: Shutting down and abandoning module IntroTutorials (184)
[2017.01.21-11.25.51:129][151]LogModuleManager: Shutting down and abandoning module EditorLiveStreaming (183)
[2017.01.21-11.25.51:129][151]LogModuleManager: Shutting down and abandoning module IOSPlatformEditor (182)
[2017.01.21-11.25.51:129][151]LogModuleManager: Shutting down and abandoning module HTML5PlatformEditor (181)
[2017.01.21-11.25.51:129][151]LogModuleManager: Shutting down and abandoning module AndroidDeviceDetection (180)
[2017.01.21-11.25.51:342][151]LogModuleManager: Shutting down and abandoning module AndroidPlatformEditor (179)
[2017.01.21-11.25.51:342][151]LogModuleManager: Shutting down and abandoning module IOSRuntimeSettings (178)
[2017.01.21-11.25.51:342][151]LogModuleManager: Shutting down and abandoning module AndroidRuntimeSettings (177)
[2017.01.21-11.25.51:342][151]LogModuleManager: Shutting down and abandoning module MergeActors (176)
[2017.01.21-11.25.51:342][151]LogModuleManager: Shutting down and abandoning module SizeMap (175)
[2017.01.21-11.25.51:342][151]LogModuleManager: Shutting down and abandoning module TreeMap (174)
[2017.01.21-11.25.51:343][151]LogModuleManager: Shutting down and abandoning module ReferenceViewer (173)
[2017.01.21-11.25.51:343][151]LogModuleManager: Shutting down and abandoning module LocalizationService (172)
[2017.01.21-11.25.51:343][151]LogModuleManager: Shutting down and abandoning module LocalizationDashboard (171)
[2017.01.21-11.25.51:343][151]LogModuleManager: Shutting down and abandoning module HardwareTargeting (170)
[2017.01.21-11.25.51:343][151]LogModuleManager: Shutting down and abandoning module DeviceProfileEditor (169)
[2017.01.21-11.25.51:343][151]LogModuleManager: Shutting down and abandoning module UndoHistory (168)
[2017.01.21-11.25.51:343][151]LogModuleManager: Shutting down and abandoning module UserFeedback (167)
[2017.01.21-11.25.51:343][151]LogModuleManager: Shutting down and abandoning module XmlParser (166)
[2017.01.21-11.25.51:343][151]LogModuleManager: Shutting down and abandoning module Blutility (165)
[2017.01.21-11.25.51:343][151]LogModuleManager: Shutting down and abandoning module ProjectTargetPlatformEditor (164)
[2017.01.21-11.25.51:343][151]LogModuleManager: Shutting down and abandoning module ProjectSettingsViewer (163)
[2017.01.21-11.25.51:343][151]LogModuleManager: Shutting down and abandoning module InputBindingEditor (162)
[2017.01.21-11.25.51:343][151]LogModuleManager: Shutting down and abandoning module EditorSettingsViewer (161)
[2017.01.21-11.25.51:343][151]LogModuleManager: Shutting down and abandoning module SettingsEditor (160)
[2017.01.21-11.25.51:343][151]LogModuleManager: Shutting down and abandoning module ProjectLauncher (159)
[2017.01.21-11.25.51:343][151]LogModuleManager: Shutting down and abandoning module SessionFrontend (158)
[2017.01.21-11.25.51:343][151]LogModuleManager: Shutting down and abandoning module ProfilerClient (157)
[2017.01.21-11.25.51:343][151]LogModuleManager: Shutting down and abandoning module TargetDeviceServices (156)
[2017.01.21-11.25.51:343][151]LogModuleManager: Shutting down and abandoning module DeviceManager (155)
[2017.01.21-11.25.51:396][151]LogModuleManager: Shutting down and abandoning module AutomationController (154)
[2017.01.21-11.25.51:396][151]LogModuleManager: Shutting down and abandoning module AutomationWindow (153)
[2017.01.21-11.25.51:396][151]LogModuleManager: Shutting down and abandoning module Layers (152)
[2017.01.21-11.25.51:396][151]LogModuleManager: Shutting down and abandoning module ComponentVisualizers (151)
[2017.01.21-11.25.51:396][151]LogModuleManager: Shutting down and abandoning module DetailCustomizations (150)
[2017.01.21-11.25.51:396][151]LogModuleManager: Shutting down and abandoning module PackagesDialog (149)
[2017.01.21-11.25.51:396][151]LogModuleManager: Shutting down and abandoning module Persona (148)
[2017.01.21-11.25.51:396][151]LogModuleManager: Shutting down and abandoning module Kismet (147)
[2017.01.21-11.25.51:396][151]LogModuleManager: Shutting down and abandoning module GraphEditor (146)
[2017.01.21-11.25.51:396][151]LogModuleManager: Shutting down and abandoning module ClassViewer (145)
[2017.01.21-11.25.51:396][151]LogModuleManager: Shutting down and abandoning module Toolbox (144)
[2017.01.21-11.25.51:396][151]LogModuleManager: Shutting down and abandoning module ModuleUI (143)
[2017.01.21-11.25.51:396][151]LogModuleManager: Shutting down and abandoning module MovieSceneTools (142)
[2017.01.21-11.25.51:396][151]LogModuleManager: Shutting down and abandoning module OutputLog (141)
[2017.01.21-11.25.51:396][151]LogModuleManager: Shutting down and abandoning module GammaUI (140)
[2017.01.21-11.25.51:396][151]LogModuleManager: Shutting down and abandoning module Documentation (139)
[2017.01.21-11.25.51:396][151]LogModuleManager: Shutting down and abandoning module StreamingPauseRendering (138)
[2017.01.21-11.25.51:396][151]LogModuleManager: Shutting down and abandoning module AnalyticsET (137)
[2017.01.21-11.25.51:396][151]LogModuleManager: Shutting down and abandoning module Analytics (136)
[2017.01.21-11.25.51:396][151]LogModuleManager: Shutting down and abandoning module PortalServices (135)
[2017.01.21-11.25.51:396][151]LogModuleManager: Shutting down and abandoning module PortalRpc (134)
[2017.01.21-11.25.51:396][151]LogModuleManager: Shutting down and abandoning module MessagingRpc (133)
[2017.01.21-11.25.51:396][151]LogModuleManager: Shutting down and abandoning module GameplayDebugger (132)
[2017.01.21-11.25.51:396][151]LogModuleManager: Shutting down and abandoning module AITestSuite (131)
[2017.01.21-11.25.51:396][151]LogModuleManager: Shutting down and abandoning module AIModule (130)
[2017.01.21-11.25.51:396][151]LogModuleManager: Shutting down and abandoning module ProfilerService (129)
[2017.01.21-11.25.51:425][151]LogModuleManager: Shutting down and abandoning module TaskGraph (128)
[2017.01.21-11.25.51:426][151]LogModuleManager: Shutting down and abandoning module SlateRemote (127)
[2017.01.21-11.25.51:426][151]LogModuleManager: Shutting down and abandoning module SteamVRController (126)
[2017.01.21-11.25.51:426][151]LogModuleManager: Shutting down and abandoning module SteamVR (125)
[2017.01.21-11.25.51:426][151]LogModuleManager: Shutting down and abandoning module ProceduralMeshComponent (124)
[2017.01.21-11.25.51:426][151]LogModuleManager: Shutting down and abandoning module OculusLibrary (123)
[2017.01.21-11.25.51:426][151]LogModuleManager: Shutting down and abandoning module OculusInput (122)
[2017.01.21-11.25.51:426][151]LogModuleManager: Shutting down and abandoning module CustomMeshComponent (121)
[2017.01.21-11.25.51:426][151]LogModuleManager: Shutting down and abandoning module CableComponent (120)
[2017.01.21-11.25.51:426][151]LogModuleManager: Shutting down and abandoning module ArchVisCharacter (119)
[2017.01.21-11.25.51:426][151]LogModuleManager: Shutting down and abandoning module MediaPlayerEditor (118)
[2017.01.21-11.25.51:426][151]LogModuleManager: Shutting down and abandoning module HTML5Networking (117)
[2017.01.21-11.25.51:426][151]LogModuleManager: Shutting down and abandoning module SuperSearch (116)
[2017.01.21-11.25.51:426][151]LogModuleManager: Shutting down and abandoning module SuperSearchEditor (115)
[2017.01.21-11.25.51:426][151]LogModuleManager: Shutting down and abandoning module SpeedTreeImporter (114)
[2017.01.21-11.25.51:426][151]LogModuleManager: Shutting down and abandoning module PluginBrowser (113)
[2017.01.21-11.25.51:426][151]LogModuleManager: Shutting down and abandoning module EpicSurvey (112)
[2017.01.21-11.25.51:426][151]LogModuleManager: Shutting down and abandoning module DesktopPlatform (111)
[2017.01.21-11.25.51:426][151]LogModuleManager: Shutting down and abandoning module VisualStudioSourceCodeAccess (110)
[2017.01.21-11.25.51:426][151]LogModuleManager: Shutting down and abandoning module UObjectPlugin (109)
[2017.01.21-11.25.51:426][151]LogModuleManager: Shutting down and abandoning module SubversionSourceControl (108)
[2017.01.21-11.25.51:426][151]LogModuleManager: Shutting down and abandoning module PerforceSourceControl (107)
[2017.01.21-11.25.51:426][151]LogModuleManager: Shutting down and abandoning module SourceControl (106)
[2017.01.21-11.25.51:426][151]LogModuleManager: Shutting down and abandoning module GitSourceControl (105)
[2017.01.21-11.25.51:426][151]LogModuleManager: Shutting down and abandoning module LightPropagationVolumeEditor (104)
[2017.01.21-11.25.51:426][151]LogModuleManager: Shutting down and abandoning module PaperTiledImporter (103)
[2017.01.21-11.25.51:426][151]LogModuleManager: Shutting down and abandoning module PaperSpriteSheetImporter (102)
[2017.01.21-11.25.51:426][151]LogModuleManager: Shutting down and abandoning module MeshPaint (101)
[2017.01.21-11.25.51:426][151]LogModuleManager: Shutting down and abandoning module PixelInspectorModule (100)
[2017.01.21-11.25.51:426][151]LogModuleManager: Shutting down and abandoning module HotReload (99)
[2017.01.21-11.25.51:426][151]LogModuleManager: Shutting down and abandoning module MainFrame (98)
[2017.01.21-11.25.51:426][151]LogModuleManager: Shutting down and abandoning module LevelEditor (97)
[2017.01.21-11.25.51:427][151]LogModuleManager: Shutting down and abandoning module ContentBrowser (96)
[2017.01.21-11.25.51:428][151]LogModuleManager: Shutting down and abandoning module Paper2DEditor (95)
[2017.01.21-11.25.51:428][151]LogModuleManager: Shutting down and abandoning module UdpMessaging (94)
[2017.01.21-11.25.51:529][151]LogModuleManager: Shutting down and abandoning module LightPropagationVolumeRuntime (93)
[2017.01.21-11.25.51:529][151]LogModuleManager: Shutting down and abandoning module Paper2D (92)
[2017.01.21-11.25.51:529][151]LogModuleManager: Shutting down and abandoning module WindowsMoviePlayer (91)
[2017.01.21-11.25.51:529][151]LogModuleManager: Shutting down and abandoning module Media (90)
[2017.01.21-11.25.51:529][151]LogModuleManager: Shutting down and abandoning module WmfMedia (89)
[2017.01.21-11.25.51:529][151]LogModuleManager: Shutting down and abandoning module MediaAssets (88)
[2017.01.21-11.25.51:529][151]LogModuleManager: Shutting down and abandoning module GameLiveStreaming (87)
[2017.01.21-11.25.51:529][151]LogModuleManager: Shutting down and abandoning module GameplayTagsEditor (86)
[2017.01.21-11.25.51:529][151]LogModuleManager: Shutting down and abandoning module OnlineBlueprintSupport (85)
[2017.01.21-11.25.51:529][151]LogModuleManager: Shutting down and abandoning module VREditor (84)
[2017.01.21-11.25.51:529][151]LogModuleManager: Shutting down and abandoning module GameplayTasksEditor (83)
[2017.01.21-11.25.51:529][151]LogModuleManager: Shutting down and abandoning module PropertyEditor (82)
[2017.01.21-11.25.51:529][151]LogModuleManager: Shutting down and abandoning module BehaviorTreeEditor (81)
[2017.01.21-11.25.51:529][151]LogModuleManager: Shutting down and abandoning module FunctionalTesting (80)
[2017.01.21-11.25.51:529][151]LogModuleManager: Shutting down and abandoning module CollisionAnalyzer (79)
[2017.01.21-11.25.51:529][151]LogModuleManager: Shutting down and abandoning module Sequencer (78)
[2017.01.21-11.25.51:529][151]LogModuleManager: Shutting down and abandoning module WorkspaceMenuStructure (77)
[2017.01.21-11.25.51:530][151]LogModuleManager: Shutting down and abandoning module MessageLog (76)
[2017.01.21-11.25.51:530][151]LogModuleManager: Shutting down and abandoning module AssetTools (75)
[2017.01.21-11.25.51:530][151]LogModuleManager: Shutting down and abandoning module UMGEditor (74)
[2017.01.21-11.25.51:530][151]LogModuleManager: Shutting down and abandoning module UMG (73)
[2017.01.21-11.25.51:530][151]LogModuleManager: Shutting down and abandoning module SlateReflector (72)
[2017.01.21-11.25.51:530][151]LogModuleManager: Shutting down and abandoning module Slate (71)
[2017.01.21-11.25.51:530][151]LogModuleManager: Shutting down and abandoning module EditorStyle (70)
[2017.01.21-11.25.51:531][151]LogModuleManager: Shutting down and abandoning module SourceCodeAccess (69)
[2017.01.21-11.25.51:531][151]LogModuleManager: Shutting down and abandoning module HeadMountedDisplay (68)
[2017.01.21-11.25.51:531][151]LogModuleManager: Shutting down and abandoning module XAudio2 (67)
[2017.01.21-11.25.51:531][151]LogModuleManager: Shutting down and abandoning module Networking (65)
[2017.01.21-11.25.51:531][151]LogModuleManager: Shutting down and abandoning module Core (64)
[2017.01.21-11.25.51:531][151]LogModuleManager: Shutting down and abandoning module DirectoryWatcher (63)
[2017.01.21-11.25.51:532][151]LogModuleManager: Shutting down and abandoning module AssetRegistry (62)
[2017.01.21-11.25.51:720][151]LogModuleManager: Shutting down and abandoning module KismetCompiler (61)
[2017.01.21-11.25.51:720][151]LogModuleManager: Shutting down and abandoning module PhysXFormats (60)
[2017.01.21-11.25.51:720][151]LogModuleManager: Shutting down and abandoning module MeshUtilities (59)
[2017.01.21-11.25.51:720][151]LogModuleManager: Shutting down and abandoning module DerivedDataCache (58)
[2017.01.21-11.25.51:722][151]LogDerivedDataCache: Shutdown
[2017.01.21-11.25.51:723][151]LogModuleManager: Shutting down and abandoning module VulkanShaderFormat (57)
[2017.01.21-11.25.51:723][151]LogModuleManager: Shutting down and abandoning module ShaderFormatOpenGL (56)
[2017.01.21-11.25.51:723][151]LogModuleManager: Shutting down and abandoning module ShaderFormatD3D (55)
[2017.01.21-11.25.51:723][151]LogModuleManager: Shutting down and abandoning module MetalShaderFormat (54)
[2017.01.21-11.25.51:723][151]LogModuleManager: Shutting down and abandoning module TextureFormatUncompressed (53)
[2017.01.21-11.25.51:723][151]LogModuleManager: Shutting down and abandoning module TextureFormatPVR (52)
[2017.01.21-11.25.51:723][151]LogModuleManager: Shutting down and abandoning module TextureFormatIntelISPCTexComp (51)
[2017.01.21-11.25.51:723][151]LogModuleManager: Shutting down and abandoning module TextureFormatDXT (50)
[2017.01.21-11.25.51:723][151]LogModuleManager: Shutting down and abandoning module ImageWrapper (49)
[2017.01.21-11.25.51:723][151]LogModuleManager: Shutting down and abandoning module TextureFormatASTC (48)
[2017.01.21-11.25.51:723][151]LogModuleManager: Shutting down and abandoning module TextureFormatAndroid (47)
[2017.01.21-11.25.51:723][151]LogModuleManager: Shutting down and abandoning module AudioFormatOpus (46)
[2017.01.21-11.25.51:723][151]LogModuleManager: Shutting down and abandoning module AudioFormatOgg (45)
[2017.01.21-11.25.51:723][151]LogModuleManager: Shutting down and abandoning module AudioFormatADPCM (44)
[2017.01.21-11.25.51:723][151]LogModuleManager: Shutting down and abandoning module LinuxTargetPlatform (43)
[2017.01.21-11.25.51:723][151]LogModuleManager: Shutting down and abandoning module LinuxServerTargetPlatform (42)
[2017.01.21-11.25.51:723][151]LogModuleManager: Shutting down and abandoning module LinuxNoEditorTargetPlatform (41)
[2017.01.21-11.25.51:723][151]LogModuleManager: Shutting down and abandoning module TVOSTargetPlatform (40)
[2017.01.21-11.25.51:723][151]LogModuleManager: Shutting down and abandoning module Messaging (39)
[2017.01.21-11.25.51:723][151]LogModuleManager: Shutting down and abandoning module IOSTargetPlatform (38)
[2017.01.21-11.25.51:723][151]LogModuleManager: Shutting down and abandoning module HTML5TargetPlatform (37)
[2017.01.21-11.25.51:723][151]LogModuleManager: Shutting down and abandoning module Android_PVRTCTargetPlatform (36)
[2017.01.21-11.25.51:723][151]LogModuleManager: Shutting down and abandoning module Android_MultiTargetPlatform (35)
[2017.01.21-11.25.51:723][151]LogModuleManager: Shutting down and abandoning module Android_ETC2TargetPlatform (34)
[2017.01.21-11.25.51:723][151]LogModuleManager: Shutting down and abandoning module Android_ETC1TargetPlatform (33)
[2017.01.21-11.25.51:723][151]LogModuleManager: Shutting down and abandoning module Android_DXTTargetPlatform (32)
[2017.01.21-11.25.51:723][151]LogModuleManager: Shutting down and abandoning module Android_ATCTargetPlatform (31)
[2017.01.21-11.25.51:723][151]LogModuleManager: Shutting down and abandoning module Android_ASTCTargetPlatform (30)
[2017.01.21-11.25.51:723][151]LogModuleManager: Shutting down and abandoning module AndroidTargetPlatform (29)
[2017.01.21-11.25.51:723][151]LogModuleManager: Shutting down and abandoning module WindowsTargetPlatform (28)
[2017.01.21-11.25.51:723][151]LogModuleManager: Shutting down and abandoning module WindowsServerTargetPlatform (27)
[2017.01.21-11.25.51:723][151]LogModuleManager: Shutting down and abandoning module WindowsNoEditorTargetPlatform (26)
[2017.01.21-11.25.51:723][151]LogModuleManager: Shutting down and abandoning module WindowsClientTargetPlatform (25)
[2017.01.21-11.25.51:723][151]LogModuleManager: Shutting down and abandoning module AllDesktopTargetPlatform (24)
[2017.01.21-11.25.51:723][151]LogModuleManager: Shutting down and abandoning module TargetPlatform (23)
[2017.01.21-11.25.51:723][151]LogModuleManager: Shutting down and abandoning module InputCore (22)
[2017.01.21-11.25.51:723][151]LogModuleManager: Shutting down and abandoning module Settings (21)
[2017.01.21-11.25.51:723][151]LogModuleManager: Shutting down and abandoning module OnlineSubsystem (19)
[2017.01.21-11.25.51:723][151]LogModuleManager: Shutting down and abandoning module HTTP (18)
[2017.01.21-11.25.54:728][151]LogModuleManager: Shutting down and abandoning module XMPP (17)
[2017.01.21-11.25.54:728][151]LogModuleManager: Shutting down and abandoning module OculusRift (16)
[2017.01.21-11.25.54:728][151]LogModuleManager: Shutting down and abandoning module ExampleDeviceProfileSelector (15)
[2017.01.21-11.25.54:728][151]LogModuleManager: Shutting down and abandoning module TextureCompressor (14)
[2017.01.21-11.25.54:728][151]LogModuleManager: Shutting down and abandoning module ShaderCore (13)
[2017.01.21-11.25.54:728][151]LogModuleManager: Shutting down and abandoning module Landscape (12)
[2017.01.21-11.25.54:728][151]LogModuleManager: Shutting down and abandoning module SlateRHIRenderer (11)
[2017.01.21-11.25.54:729][151]LogModuleManager: Shutting down and abandoning module OpenGLDrv (10)
[2017.01.21-11.25.54:729][151]LogModuleManager: Shutting down and abandoning module D3D11RHI (9)
[2017.01.21-11.25.54:729][151]LogModuleManager: Shutting down and abandoning module AnimGraphRuntime (8)
[2017.01.21-11.25.54:729][151]LogModuleManager: Shutting down and abandoning module Renderer (7)
[2017.01.21-11.25.54:729][151]LogModuleManager: Shutting down and abandoning module Engine (6)
[2017.01.21-11.25.54:729][151]LogModuleManager: Shutting down and abandoning module CoreUObject (5)
[2017.01.21-11.25.54:729][151]LogModuleManager: Shutting down and abandoning module NetworkFile (4)
[2017.01.21-11.25.54:729][151]LogModuleManager: Shutting down and abandoning module StreamingFile (3)
[2017.01.21-11.25.54:729][151]LogModuleManager: Shutting down and abandoning module SandboxFile (2)
[2017.01.21-11.25.54:729][151]LogModuleManager: Shutting down and abandoning module PakFile (1)
[2017.01.21-11.25.54:731][151]LogExit: Exiting.
[2017.01.21-11.25.54:732][151]Log file closed, 01/21/17 12:25:54
