Log file open, 12/02/16 17:54:02
LogInit:Display: Running engine for game: Project_Nomand
LogPlatformFile: Not using cached read wrapper
LogInit:Display: RandInit(936019011) SRandInit(936019012).
LogTaskGraph: Started task graph with 4 named threads and 7 total threads with 1 sets of task threads.
LogStats: Stats thread started at 0.078685
LogInit: Version: 4.12.5-3039270+++UE4+Release-4.12
LogInit: API Version: 2992821
LogInit: Net Version: 3039270
LogDevObjectVersion: Number of dev versions registered: 13
LogDevObjectVersion:   Dev-Blueprints (B0D832E4-1F89-4F0D-ACCF-7EB736FD4AA2): 3
LogDevObjectVersion:   Dev-Build (E1C64328-A22C-4D53-A36C-8E866417BD8C): 0
LogDevObjectVersion:   Dev-Core (375EC13C-06E4-48FB-B500-84F0262A717E): 1
LogDevObjectVersion:   Dev-Editor (E4B068ED-F494-42E9-A231-DA0B2E46BB41): 2
LogDevObjectVersion:   Dev-Framework (CFFC743F-43B0-4480-9391-14DF171D2073): 6
LogDevObjectVersion:   Dev-Mobile (B02B49B5-BB20-44E9-A304-32B752E40360): 0
LogDevObjectVersion:   Dev-Networking (A4E4105C-59A1-49B5-A7C5-40C4547EDFEE): 0
LogDevObjectVersion:   Dev-Online (39C831C9-5AE6-47DC-9A44-9C173E1C8E7C): 0
LogDevObjectVersion:   Dev-Physics (78F01B33-EBEA-4F98-B9B4-84EACCB95AA2): 0
LogDevObjectVersion:   Dev-Platform (6631380F-2D4D-43E0-8009-CF276956A95A): 0
LogDevObjectVersion:   Dev-Rendering (12F88B9F-8875-4AFC-A67C-D90C383ABD29): 2
LogDevObjectVersion:   Dev-Sequencer (7B5AE74C-D270-4C10-A958-57980B212A5A): 0
LogDevObjectVersion:   Dev-VR (D7296918-1DD6-4BDD-9DE2-64A83CC13884): 0
LogInit: Compiled (64-bit): Jul  6 2016 09:09:46
LogInit: Compiled with Visual C++: 19.00.23026.00
LogInit: Build Configuration: Development
LogInit: Branch Name: ++UE4+Release-4.12
LogInit: Command line: -EpicPortal 
LogInit: Base directory: G:/UNI/Programme/Epic Games/4.12/Engine/Binaries/Win64/
LogInit: Installed Engine Build: 1
LogInit: Using libcurl 7.41.0
LogInit:  - built for x86_64-pc-win32
LogInit:  - supports SSL with WinSSL
LogInit:  - other features:
LogInit:      CURL_VERSION_SSL
LogInit:      CURL_VERSION_IPV6
LogInit:      CURL_VERSION_ASYNCHDNS
LogInit:      CURL_VERSION_LARGEFILE
LogInit:      CURL_VERSION_IDN
LogInit:  CurlRequestOptions (configurable via config and command line):
LogInit:  - bVerifyPeer = true  - Libcurl will verify peer certificate
LogInit:  - bUseHttpProxy = false  - Libcurl will NOT use HTTP proxy
LogInit:  - bDontReuseConnections = false  - Libcurl will reuse connections
LogInit:  - CertBundlePath = nullptr  - Libcurl will use whatever was configured at build time.
LogInit: Presizing for max 8388607 objects, including 0 objects not considered by GC, pre-allocating 0 bytes for permanent pool.
LogInit: Object subsystem initialized
[2016.12.02-16.54.02:706][  0]LogInit: Selected Device Profile: [Windows]
[2016.12.02-16.54.02:706][  0]LogInit: Applying CVar settings loaded from the selected device profile: [Windows]
[2016.12.02-16.54.02:717][  0]LogInit: Computer: DEX
[2016.12.02-16.54.02:717][  0]LogInit: User: Dextex
[2016.12.02-16.54.02:717][  0]LogInit: CPU Page size=65536, Cores=4
[2016.12.02-16.54.02:717][  0]LogInit: High frequency timer resolution =3.417978 MHz
[2016.12.02-16.54.02:717][  0]LogMemory: Memory total: Physical=15.9GB (16GB approx)
[2016.12.02-16.54.02:717][  0]LogMemory: Platform Memory Stats for Windows
[2016.12.02-16.54.02:717][  0]LogMemory: Process Physical Memory: 190.48 MB used, 190.48 MB peak
[2016.12.02-16.54.02:717][  0]LogMemory: Process Virtual Memory: 195.16 MB used, 195.16 MB peak
[2016.12.02-16.54.02:717][  0]LogMemory: Physical Memory: 7011.60 MB used, 16328.00 MB total
[2016.12.02-16.54.02:717][  0]LogMemory: Virtual Memory: 553.49 MB used, 134217728.00 MB total
[2016.12.02-16.54.02:767][  0]LogTextLocalizationManager: No translations for ('de-DE') exist, falling back to 'en' for localization and internationalization data.
[2016.12.02-16.54.03:169][  0]LogD3D11RHI: D3D11 adapters:
[2016.12.02-16.54.03:703][  0]LogD3D11RHI:    0. 'NVIDIA GeForce GTX 1080' (Feature Level 11_0)
[2016.12.02-16.54.03:703][  0]LogD3D11RHI:       8144/0/8164 MB DedicatedVideo/DedicatedSystem/SharedSystem, Outputs:2, VendorId:0x10de
[2016.12.02-16.54.03:705][  0]LogD3D11RHI:    1. 'Microsoft Basic Render Driver' (Feature Level 11_0)
[2016.12.02-16.54.03:705][  0]LogD3D11RHI:       0/0/8164 MB DedicatedVideo/DedicatedSystem/SharedSystem, Outputs:0, VendorId:0x1414
[2016.12.02-16.54.03:705][  0]LogD3D11RHI: Chosen D3D11 Adapter: 0
[2016.12.02-16.54.03:710][  0]LogD3D11RHI: Creating new Direct3DDevice
[2016.12.02-16.54.03:710][  0]LogD3D11RHI:     GPU DeviceId: 0x1b80 (for the marketing name, search the web for "GPU Device Id")
[2016.12.02-16.54.03:710][  0]LogWindows: EnumDisplayDevices:
[2016.12.02-16.54.03:710][  0]LogWindows:    0. 'NVIDIA GeForce GTX 1080' (P:1 D:1)
[2016.12.02-16.54.03:710][  0]LogWindows:    1. 'NVIDIA GeForce GTX 1080' (P:0 D:1)
[2016.12.02-16.54.03:710][  0]LogWindows:    2. 'NVIDIA GeForce GTX 1080' (P:0 D:0)
[2016.12.02-16.54.03:710][  0]LogWindows:    3. 'NVIDIA GeForce GTX 1080' (P:0 D:0)
[2016.12.02-16.54.03:710][  0]LogWindows: DebugString: FoundDriverCount:4 
[2016.12.02-16.54.03:710][  0]LogD3D11RHI:     Adapter Name: NVIDIA GeForce GTX 1080
[2016.12.02-16.54.03:710][  0]LogD3D11RHI:   Driver Version: 376.09 (internal:21.21.13.7609, unified:376.09)
[2016.12.02-16.54.03:710][  0]LogD3D11RHI:      Driver Date: 11-24-2016
[2016.12.02-16.54.03:710][  0]LogRHI: Texture pool is 1361 MB (70% of 1945 MB)
[2016.12.02-16.54.04:206][  0]LogD3D11RHI: Async texture creation enabled
[2016.12.02-16.54.04:236][  0]LogD3D11RHI: GPU Timing Frequency: 1000.000000 (Debug: 2 1)
[2016.12.02-16.54.04:236][  0]LogShaderCompilers: Guid format shader working directory is -4 characters bigger than the processId version (../../../../../../MP2/project_nomad/Project_Nomand/Intermediate/Shaders/WorkingDirectory/12728/).
[2016.12.02-16.54.04:236][  0]LogShaderCompilers: Cleaned the shader compiler working directory 'C:/Users/Dextex/AppData/Local/Temp/UnrealShaderWorkingDir/217E985147CA7C3B06448EA4EEB1063F/'.
[2016.12.02-16.54.04:236][  0]LogShaderCompilers:Display: Using Local Shader Compiler.
[2016.12.02-16.54.05:098][  0]LogTemp:Display: Loaded TP AllDesktopTargetPlatform
[2016.12.02-16.54.05:112][  0]LogTemp:Display: Loaded TP WindowsClientTargetPlatform
[2016.12.02-16.54.05:122][  0]LogTemp:Display: Loaded TP WindowsNoEditorTargetPlatform
[2016.12.02-16.54.05:132][  0]LogTemp:Display: Loaded TP WindowsServerTargetPlatform
[2016.12.02-16.54.05:143][  0]LogTemp:Display: Loaded TP WindowsTargetPlatform
[2016.12.02-16.54.05:151][  0]LogTemp:Display: Loaded TP AndroidTargetPlatform
[2016.12.02-16.54.05:160][  0]LogTemp:Display: Loaded TP Android_ASTCTargetPlatform
[2016.12.02-16.54.05:170][  0]LogTemp:Display: Loaded TP Android_ATCTargetPlatform
[2016.12.02-16.54.05:179][  0]LogTemp:Display: Loaded TP Android_DXTTargetPlatform
[2016.12.02-16.54.05:188][  0]LogTemp:Display: Loaded TP Android_ETC1TargetPlatform
[2016.12.02-16.54.05:196][  0]LogTemp:Display: Loaded TP Android_ETC2TargetPlatform
[2016.12.02-16.54.05:212][  0]LogTemp:Display: Loaded TP Android_MultiTargetPlatform
[2016.12.02-16.54.05:212][  0]LogTemp:Display: Loaded TP Android_PVRTCTargetPlatform
[2016.12.02-16.54.05:214][  0]LogTemp:Display: Loaded TP HTML5TargetPlatform
[2016.12.02-16.54.05:240][  0]LogTemp:Display: Loaded TP IOSTargetPlatform
[2016.12.02-16.54.05:247][  0]LogTemp:Display: Loaded TP TVOSTargetPlatform
[2016.12.02-16.54.05:255][  0]LogTemp:Display: Loaded TP LinuxNoEditorTargetPlatform
[2016.12.02-16.54.05:264][  0]LogTemp:Display: Loaded TP LinuxServerTargetPlatform
[2016.12.02-16.54.05:274][  0]LogTemp:Display: Loaded TP LinuxTargetPlatform
[2016.12.02-16.54.05:274][  0]LogTargetPlatformManager:Display: Building Assets For Windows
[2016.12.02-16.54.05:388][  0]LogDerivedDataCache:Display: Max Cache Size: 512 MB
[2016.12.02-16.54.05:443][  0]LogDerivedDataCache: Loaded boot cache 0.05s 48MB C:/Users/Dextex/AppData/Local/UnrealEngine/4.12/DerivedDataCache/Boot.ddc.
[2016.12.02-16.54.05:443][  0]LogDerivedDataCache:Display: Loaded Boot cache: C:/Users/Dextex/AppData/Local/UnrealEngine/4.12/DerivedDataCache/Boot.ddc
[2016.12.02-16.54.05:443][  0]LogDerivedDataCache: FDerivedDataBackendGraph:  Pak pak cache file ../../../../../../MP2/project_nomad/Project_Nomand/DerivedDataCache/DDC.ddp not found, will not use a pak cache.
[2016.12.02-16.54.05:443][  0]LogDerivedDataCache: Unable to find inner node Pak for hierarchical cache Hierarchy.
[2016.12.02-16.54.05:443][  0]LogDerivedDataCache: FDerivedDataBackendGraph:  CompressedPak pak cache file ../../../../../../MP2/project_nomad/Project_Nomand/DerivedDataCache/Compressed.ddp not found, will not use a pak cache.
[2016.12.02-16.54.05:443][  0]LogDerivedDataCache: Unable to find inner node CompressedPak for hierarchical cache Hierarchy.
[2016.12.02-16.54.05:459][  0]LogDerivedDataCache:Display: Pak cache opened for reading ../../../Engine/DerivedDataCache/Compressed.ddp.
[2016.12.02-16.54.05:471][  0]LogDerivedDataCache: Using Local data cache path C:/Users/Dextex/AppData/Local/UnrealEngine/Common/DerivedDataCache: Writable
[2016.12.02-16.54.05:636][  0]LogInit: Selected Device Profile: [Windows]
[2016.12.02-16.54.05:637][  0]LogContentStreaming: Texture pool size is 0.00 MB
[2016.12.02-16.54.05:777][  0]LogMeshUtilities: No automatic mesh reduction module available
[2016.12.02-16.54.05:777][  0]LogMeshUtilities: No automatic mesh merging module available
[2016.12.02-16.54.05:777][  0]LogMeshUtilities: No distributed automatic mesh merging module available
[2016.12.02-16.54.06:008][  0]LogAssetRegistry: FAssetRegistry took 0.0211 seconds to start up
[2016.12.02-16.54.06:023][  0]LogPackageLocalizationCache: Processed 3 localized package path(s) for 1 prioritized culture(s) in 0.012070 seconds
[2016.12.02-16.54.06:030][  0]LogUObjectArray: 28739 objects as part of root set at end of initial load.
[2016.12.02-16.54.06:030][  0]LogUObjectAllocator: 5855632 out of 0 bytes used by permanent object pool.
[2016.12.02-16.54.06:030][  0]LogUObjectArray: CloseDisregardForGC: 0/0 objects in disregard for GC pool
[2016.12.02-16.54.06:040][  0]LogInit: WinSock: version 1.1 (2.2), MaxSocks=32767, MaxUdp=65467
[2016.12.02-16.54.06:240][  0]LogSlate: SlateFontCache - WITH_FREETYPE: 1, WITH_HARFBUZZ: 1
[2016.12.02-16.54.06:240][  0]LogSlate: SlateFontCache - WITH_FREETYPE: 1, WITH_HARFBUZZ: 1
[2016.12.02-16.54.06:821][  0]LogUdpMessaging: Initializing bridge on interface 0.0.0.0:0 to multicast group 230.0.0.1:6666.
[2016.12.02-16.54.07:033][  0]SourceControl: Info Source control is disabled
[2016.12.02-16.54.07:825][  0]LogEngine: Initializing Engine...
[2016.12.02-16.54.07:827][  0]LogHMD: SteamVR failed to initialize.  Err: 100
[2016.12.02-16.54.07:830][  0]LogHMD: SteamVR failed to initialize.  Err: 100
[2016.12.02-16.54.07:958][  0]LogAIModule: Creating AISystem for world NewWorld
[2016.12.02-16.54.07:970][  0]LogInit: XAudio2 using 'Lautsprecher (Realtek High Definition Audio)' : 2 channels at 48 kHz using 32 bits per sample (channel mask 0x3)
[2016.12.02-16.54.07:988][  0]LogInit: FAudioDevice initialized.
[2016.12.02-16.54.08:017][  0]LogDerivedDataCache: Saved boot cache 0.03s 48MB C:/Users/Dextex/AppData/Local/UnrealEngine/4.12/DerivedDataCache/Boot.ddc.
[2016.12.02-16.54.08:024][  0]LogInit: Texture streaming: Enabled
[2016.12.02-16.54.08:062][  0]LogInit: Transaction tracking system initialized
[2016.12.02-16.54.08:099][  0]BlueprintLog: New page: Editor Load
[2016.12.02-16.54.08:216][  0]LocalizationService: Info Localization service is disabled
[2016.12.02-16.54.08:297][  0]LogConsoleResponse:Display: 
[2016.12.02-16.54.08:384][  0]LogCook:Display: Max memory allowance for cook 8192mb
[2016.12.02-16.54.08:384][  0]LogCook:Display: Mobile HDR setting 1
[2016.12.02-16.54.08:678][  0]LogFileCache: Scanning file cache for directory 'G:/UNI/MP2/project_nomad/Project_Nomand/Content/' took 0.01s
[2016.12.02-16.54.08:678][  0]Cmd: MAP LOAD FILE="../../../Engine/Content/Maps/Templates/Template_Default.umap" TEMPLATE=1 SHOWPROGRESS=1 FEATURELEVEL=3
[2016.12.02-16.54.08:679][  0]LightingResults: New page: Lighting Build
[2016.12.02-16.54.08:682][  0]MapCheck: New page: Map Check
[2016.12.02-16.54.08:682][  0]LightingResults: New page: Lighting Build
[2016.12.02-16.54.08:876][  0]LogAIModule: Creating AISystem for world Untitled_1
[2016.12.02-16.54.08:880][  0]LogEditorServer: Finished looking for orphan Actors (0.000 secs)
[2016.12.02-16.54.08:884][  0]Cmd: MAP CHECKDEP NOCLEARLOG
[2016.12.02-16.54.08:913][  0]MapCheck: Info Map check complete: 0 Error(s), 0 Warning(s), took 28.602ms to complete.
[2016.12.02-16.54.08:913][  0]LogFileHelpers: Loading map 'Template_Default' took 0.235
[2016.12.02-16.54.09:051][  0]LogCollectionManager: Loaded 0 collections in 0.002684 seconds
[2016.12.02-16.54.09:094][  0]LogFileCache: Scanning file cache for directory 'G:/UNI/MP2/project_nomad/Project_Nomand/Saved/Collections/' took 0.01s
[2016.12.02-16.54.09:094][  0]LogFileCache: Scanning file cache for directory 'G:/UNI/MP2/project_nomad/Project_Nomand/Content/Developers/Dextex/Collections/' took 0.01s
[2016.12.02-16.54.09:094][  0]LogFileCache: Scanning file cache for directory 'G:/UNI/MP2/project_nomad/Project_Nomand/Content/Collections/' took 0.01s
[2016.12.02-16.54.09:094][  0]LogCollectionManager: Rebuilt the GUID cache for 0 collections in 0.000003 seconds
[2016.12.02-16.54.09:104][  0]LogContentBrowser: Native class hierarchy populated in 0.0104 seconds. Added 2047 classes and 369 folders.
[2016.12.02-16.54.09:110][  0]LogStats: UGameplayTagsManager::ConstructGameplayTagTree: Construct from data asset -  0.000 s
[2016.12.02-16.54.09:110][  0]LogStats: UGameplayTagsManager::ConstructGameplayTagTree: GameplayTagTreeChangedEvent.Broadcast -  0.000 s
[2016.12.02-16.54.09:110][  0]LogContentBrowser: Native class hierarchy updated for 'GameplayTags' in 0.0004 seconds. Added 12 classes and 0 folders.
[2016.12.02-16.54.09:115][  0]LogContentBrowser: Native class hierarchy updated for 'WidgetCarousel' in 0.0003 seconds. Added 0 classes and 0 folders.
[2016.12.02-16.54.09:145][  0]LogContentBrowser: Native class hierarchy updated for 'AddContentDialog' in 0.0003 seconds. Added 0 classes and 0 folders.
[2016.12.02-16.54.09:151][  0]LogContentBrowser: Native class hierarchy updated for 'SceneOutliner' in 0.0005 seconds. Added 1 classes and 2 folders.
[2016.12.02-16.54.09:207][  0]LogCrashTracker: Crashtracker disabled due to settings.
[2016.12.02-16.54.09:211][  0]LogUObjectGlobals:Warning: Failed to find object 'Class None.'
[2016.12.02-16.54.09:241][  0]LogContentBrowser: Native class hierarchy updated for 'HierarchicalLODOutliner' in 0.0004 seconds. Added 1 classes and 2 folders.
[2016.12.02-16.54.09:242][  0]LogLoad: Full Startup: 7.29 seconds (BP compile: 0.03 seconds)
[2016.12.02-16.54.09:242][  0]LogExternalProfiler: No external profilers were discovered.  External profiling features will not be available.
[2016.12.02-16.54.09:251][  0]LogWindowsTextInputMethodSystem:Display: IME system now deactivated.
[2016.12.02-16.54.09:251][  0]LogOcInput: OculusInput pre-init called
[2016.12.02-16.54.09:266][  0]LogAssetRegistry: Asset discovery search completed in 3.2794 seconds
[2016.12.02-16.54.09:266][  0]LogCollectionManager: Rebuilt the object cache for 0 collections in 0.000001 seconds (found 0 objects)
[2016.12.02-16.54.09:266][  0]LogCollectionManager: Fixed up redirectors for 0 collections in 0.000020 seconds (updated 0 objects)
[2016.12.02-16.54.09:269][  0]SourceControl: Info On branch master
[2016.12.02-16.54.09:269][  0]SourceControl: Info Your branch is ahead of 'origin/master' by 1 commit.
[2016.12.02-16.54.09:269][  0]SourceControl: Info   (use "git push" to publish your local commits)
[2016.12.02-16.54.09:269][  0]SourceControl: Info Changes not staged for commit:
[2016.12.02-16.54.09:269][  0]SourceControl: Info   (use "git add <file>..." to update what will be committed)
[2016.12.02-16.54.09:269][  0]SourceControl: Info   (use "git checkout -- <file>..." to discard changes in working directory)
[2016.12.02-16.54.09:269][  0]SourceControl: Info 	modified:   Project_Nomand/Content/Map/Map.umap
[2016.12.02-16.54.09:269][  0]SourceControl: Info 	modified:   Project_Nomand/Intermediate/CachedAssetRegistry.bin
[2016.12.02-16.54.09:269][  0]SourceControl: Info 	modified:   Project_Nomand/Saved/AutoScreenshot.png
[2016.12.02-16.54.09:269][  0]SourceControl: Info 	modified:   Project_Nomand/Saved/Config/Windows/Editor.ini
[2016.12.02-16.54.09:269][  0]SourceControl: Info 	modified:   Project_Nomand/Saved/Config/Windows/EditorPerProjectUserSettings.ini
[2016.12.02-16.54.09:269][  0]SourceControl: Info 	modified:   Project_Nomand/Saved/Config/Windows/Engine.ini
[2016.12.02-16.54.09:269][  0]SourceControl: Info 	modified:   Project_Nomand/Saved/Logs/Project_Nomand.log
[2016.12.02-16.54.09:269][  0]SourceControl: Info Untracked files:
[2016.12.02-16.54.09:269][  0]SourceControl: Info   (use "git add <file>..." to include in what will be committed)
[2016.12.02-16.54.09:269][  0]SourceControl: Info 	Project_Nomand/Saved/Backup/Map_2016-12-02-17-49-09.umap
[2016.12.02-16.54.09:269][  0]SourceControl: Info 	Project_Nomand/Saved/Logs/Project_Nomand-backup-2016.12.02-17.41.11.log
[2016.12.02-16.54.09:269][  0]SourceControl: Info 	Project_Nomand/Saved/Logs/Project_Nomand-backup-2016.12.02-17.49.58.log
[2016.12.02-16.54.09:269][  0]SourceControl: Info 	Project_Nomand/Saved/Logs/Project_Nomand-backup-2016.12.02-17.54.02.log
[2016.12.02-16.54.09:269][  0]SourceControl: Info no changes added to commit (use "git add" and/or "git commit -a")
[2016.12.02-16.54.09:269][  0]LogContentStreaming: Texture pool size now 1000 MB
[2016.12.02-16.54.09:408][  0]LogRenderer: Reallocating scene render targets to support 1208x556 (Frame:2).
[2016.12.02-16.54.14:297][210]LogPlayLevel: PlayLevel: No blueprints needed recompiling
[2016.12.02-16.54.14:298][210]PIE: New page: PIE session: Untitled_1 (Dec 2, 2016, 6:54:14 PM)
[2016.12.02-16.54.14:298][210]LogPlayLevel: Creating play world package: /Temp/UEDPIE_0_Untitled_1
[2016.12.02-16.54.14:299][210]LogPlayLevel: PIE: StaticDuplicateObject took: (0.001354s)
[2016.12.02-16.54.14:300][210]LogAIModule: Creating AISystem for world Untitled_1
[2016.12.02-16.54.14:300][210]LogPlayLevel: PIE: World Init took: (0.000594s)
[2016.12.02-16.54.14:300][210]LogPlayLevel: PIE: Created PIE world by copying editor world from /Temp/Untitled_1.Untitled_1 to /Temp/UEDPIE_0_Untitled_1.Untitled_1 (0.002162s)
[2016.12.02-16.54.14:322][210]LogInit: XAudio2 using 'Lautsprecher (Realtek High Definition Audio)' : 2 channels at 48 kHz using 32 bits per sample (channel mask 0x3)
[2016.12.02-16.54.14:332][210]LogInit: FAudioDevice initialized.
[2016.12.02-16.54.14:392][210]LogWorld: Game class is 'GameMode'
[2016.12.02-16.54.14:394][210]LogWorld: Bringing World /Temp/UEDPIE_0_Untitled_1.Untitled_1 up for play (max tick rate 0) at 2016.12.02-17.54.14
[2016.12.02-16.54.14:394][210]LogWorld: Bringing up level for play took: 0.001233
[2016.12.02-16.54.14:398][210]LogContentBrowser: Native class hierarchy updated for 'MovieSceneCapture' in 0.0004 seconds. Added 11 classes and 0 folders.
[2016.12.02-16.54.14:399][210]PIE: Info Play in editor start time for /Temp/UEDPIE_0_Untitled_1 1.021
[2016.12.02-16.54.18:589][688]LogSlate:Warning: Prevented a slow task dialog from being summoned while a context menu was open
[2016.12.02-16.54.18:623][689]Cmd: UpdateLandscapeSetup
[2016.12.02-16.54.18:677][695]SourceControl:Error: Error fatal: Could not switch to '/Temp/': No such file or directory
[2016.12.02-16.54.20:030][852]LogPlayLevel: PlayLevel: No blueprints needed recompiling
[2016.12.02-16.54.20:030][852]PIE: New page: PIE session: Untitled_1 (Dec 2, 2016, 6:54:20 PM)
[2016.12.02-16.54.20:031][852]LogPlayLevel: Creating play world package: /Temp/UEDPIE_0_Untitled_1
[2016.12.02-16.54.20:032][852]LogPlayLevel: PIE: StaticDuplicateObject took: (0.001365s)
[2016.12.02-16.54.20:032][852]LogAIModule: Creating AISystem for world Untitled_1
[2016.12.02-16.54.20:033][852]LogPlayLevel: PIE: World Init took: (0.000602s)
[2016.12.02-16.54.20:033][852]LogPlayLevel: PIE: Created PIE world by copying editor world from /Temp/Untitled_1.Untitled_1 to /Temp/UEDPIE_0_Untitled_1.Untitled_1 (0.002134s)
[2016.12.02-16.54.20:049][852]LogInit: XAudio2 using 'Lautsprecher (Realtek High Definition Audio)' : 2 channels at 48 kHz using 32 bits per sample (channel mask 0x3)
[2016.12.02-16.54.20:061][852]LogInit: FAudioDevice initialized.
[2016.12.02-16.54.20:110][852]LogWorld: Game class is 'RenderToTexture_Game_C'
[2016.12.02-16.54.20:113][852]LogWorld: Bringing World /Temp/UEDPIE_0_Untitled_1.Untitled_1 up for play (max tick rate 0) at 2016.12.02-17.54.20
[2016.12.02-16.54.20:114][852]LogWorld: Bringing up level for play took: 0.002319
[2016.12.02-16.54.20:117][852]PIE: Info Play in editor start time for /Temp/UEDPIE_0_Untitled_1 0.739
[2016.12.02-16.54.21:932][ 59]LogText:Warning: Failed to parse argument "GameModeName" as a number (using "0" as a fallback). Please check your format string for errors: "GameMode: {GameModeName}".
[2016.12.02-16.54.21:932][ 59]LogText:Warning: Failed to parse argument "GameModeName" as a number (using "0" as a fallback). Please check your format string for errors: "GameMode: Edit {GameModeName}".
[2016.12.02-16.54.23:564][196]LogContentBrowser: Native class hierarchy updated for 'BlueprintGraph' in 0.0007 seconds. Added 111 classes and 0 folders.
[2016.12.02-16.54.58:008][440]LogSlate:Warning: Prevented a slow task dialog from being summoned while a context menu was open
[2016.12.02-16.54.59:508][582]LogSlate:Warning: Prevented a slow task dialog from being summoned while a context menu was open
[2016.12.02-16.55.05:500][160]BlueprintLog: New page: Compile Charakter_Neu
[2016.12.02-16.55.05:633][160]BlueprintEditorCompileResults: Info [0063.68] Compile of Charakter_Neu successful! [in 132 ms] (/Game/Character/Blueprint/Charakter_Neu.Charakter_Neu)
[2016.12.02-16.55.06:277][209]Cmd: OBJ SAVEPACKAGE PACKAGE="/Game/Character/Blueprint/Charakter_Neu" FILE="../../../../../../MP2/project_nomad/Project_Nomand/Content/Character/Blueprint/Charakter_Neu.uasset" SILENT=true
[2016.12.02-16.55.06:309][209]LogSavePackage: Save=24.15ms
[2016.12.02-16.55.06:309][209]LogSavePackage: Moving '../../../../../../MP2/project_nomad/Project_Nomand/Saved/Charakter_NeuA9BFF1C549ECAEEA13574EB367B395D7.tmp' to '../../../../../../MP2/project_nomad/Project_Nomand/Content/Character/Blueprint/Charakter_Neu.uasset'
[2016.12.02-16.55.06:310][209]LogSavePackage:Display: Finished SavePackage ../../../../../../MP2/project_nomad/Project_Nomand/Content/Character/Blueprint/Charakter_Neu.uasset
[2016.12.02-16.55.09:159][506]LogBlueprintUserMessages: Early PlayInEditor Detection: Level '/Temp/Untitled_1.Untitled_1:PersistentLevel' has LevelScriptBlueprint '/Temp/Untitled_1.Untitled_1:PersistentLevel.Untitled' with GeneratedClass '/Temp/Untitled_1.Untitled_C' with ClassGeneratedBy '/Temp/Untitled_1.Untitled_1:PersistentLevel.Untitled'
[2016.12.02-16.55.09:159][506]LogPlayLevel: PlayLevel: No blueprints needed recompiling
[2016.12.02-16.55.09:159][506]PIE: New page: PIE session: Untitled_1 (Dec 2, 2016, 6:55:09 PM)
[2016.12.02-16.55.09:160][506]LogPlayLevel: Creating play world package: /Temp/UEDPIE_0_Untitled_1
[2016.12.02-16.55.09:162][506]LogPlayLevel: PIE: StaticDuplicateObject took: (0.002148s)
[2016.12.02-16.55.09:162][506]LogAIModule: Creating AISystem for world Untitled_1
[2016.12.02-16.55.09:163][506]LogPlayLevel: PIE: World Init took: (0.000786s)
[2016.12.02-16.55.09:163][506]LogPlayLevel: PIE: Created PIE world by copying editor world from /Temp/Untitled_1.Untitled_1 to /Temp/UEDPIE_0_Untitled_1.Untitled_1 (0.003221s)
[2016.12.02-16.55.09:189][506]LogInit: XAudio2 using 'Lautsprecher (Realtek High Definition Audio)' : 2 channels at 48 kHz using 32 bits per sample (channel mask 0x3)
[2016.12.02-16.55.09:199][506]LogInit: FAudioDevice initialized.
[2016.12.02-16.55.09:251][506]LogWorld: Game class is 'RenderToTexture_Game_C'
[2016.12.02-16.55.09:253][506]LogWorld: Bringing World /Temp/UEDPIE_0_Untitled_1.Untitled_1 up for play (max tick rate 0) at 2016.12.02-17.55.09
[2016.12.02-16.55.09:254][506]LogWorld: Bringing up level for play took: 0.001343
[2016.12.02-16.55.09:255][506]PIE: Info Play in editor start time for /Temp/UEDPIE_0_Untitled_1 -0.122
[2016.12.02-16.55.09:255][506]LogBlueprintUserMessages: Late PlayInEditor Detection: Level '/Temp/Untitled_1.Untitled_1:PersistentLevel' has LevelScriptBlueprint '/Temp/Untitled_1.Untitled_1:PersistentLevel.Untitled' with GeneratedClass '/Temp/Untitled_1.Untitled_C' with ClassGeneratedBy '/Temp/Untitled_1.Untitled_1:PersistentLevel.Untitled'
[2016.12.02-16.55.12:961][942]LogBlueprintUserMessages: Early EndPlayMap Detection: Level '/Temp/Untitled_1.Untitled_1:PersistentLevel' has LevelScriptBlueprint '/Temp/Untitled_1.Untitled_1:PersistentLevel.Untitled' with GeneratedClass '/Temp/Untitled_1.Untitled_C' with ClassGeneratedBy '/Temp/Untitled_1.Untitled_1:PersistentLevel.Untitled'
[2016.12.02-16.55.12:992][942]LogBlueprintUserMessages: Late EndPlayMap Detection: Level '/Temp/Untitled_1.Untitled_1:PersistentLevel' has LevelScriptBlueprint '/Temp/Untitled_1.Untitled_1:PersistentLevel.Untitled' with GeneratedClass '/Temp/Untitled_1.Untitled_C' with ClassGeneratedBy '/Temp/Untitled_1.Untitled_1:PersistentLevel.Untitled'
[2016.12.02-16.56.26:612][873]LogText:Warning: Failed to parse argument "GameModeName" as a number (using "0" as a fallback). Please check your format string for errors: "GameMode: {GameModeName}".
[2016.12.02-16.56.26:612][873]LogText:Warning: Failed to parse argument "GameModeName" as a number (using "0" as a fallback). Please check your format string for errors: "GameMode: Edit {GameModeName}".
[2016.12.02-16.57.00:339][312]LogText:Warning: Failed to parse argument "GameModeName" as a number (using "0" as a fallback). Please check your format string for errors: "GameMode: {GameModeName}".
[2016.12.02-16.57.00:339][312]LogText:Warning: Failed to parse argument "GameModeName" as a number (using "0" as a fallback). Please check your format string for errors: "GameMode: Edit {GameModeName}".
[2016.12.02-16.57.12:838][288]SourceControl:Error: Error fatal: Could not switch to '/Temp/': No such file or directory
[2016.12.02-16.57.14:707][288]LogText:Warning: Failed to parse argument "ExistingAsset" as a number (using "0" as a fallback). Please check your format string for errors: "{ExistingAsset} already exists. Do you want to replace it?".
[2016.12.02-16.57.16:455][288]Cmd: OBJ SAVEPACKAGE PACKAGE="/Game/Map/Map" FILE="../../../../../../MP2/project_nomad/Project_Nomand/Content/Map/Map.umap" SILENT=true AUTOSAVING=false KEEPDIRTY=false
[2016.12.02-16.57.16:561][288]LogSavePackage: Save=75.62ms
[2016.12.02-16.57.16:562][288]LogSavePackage: Moving '../../../../../../MP2/project_nomad/Project_Nomand/Saved/Map68A8442F4E88B5FA68732B8C10F4B681.tmp' to '../../../../../../MP2/project_nomad/Project_Nomand/Content/Map/Map.umap'
[2016.12.02-16.57.16:563][288]LogSavePackage:Display: Finished SavePackage ../../../../../../MP2/project_nomad/Project_Nomand/Content/Map/Map.umap
[2016.12.02-16.57.16:586][288]LogFileHelpers: Saving map 'Map' took 0.359
[2016.12.02-16.57.16:653][288]LogWindowsTextInputMethodSystem:Display: IME system now deactivated.
[2016.12.02-16.57.16:820][289]Cmd: QUIT_EDITOR
[2016.12.02-16.57.17:147][289]LogExit: Preparing to exit.
[2016.12.02-16.57.18:037][289]LogExit: Editor shut down
[2016.12.02-16.57.18:037][289]LogExit: Transaction tracking system shut down
[2016.12.02-16.57.18:174][289]LogObj: Freed 0b from 0 cluster array pools.
[2016.12.02-16.57.18:174][289]LogExit: Object subsystem successfully closed.
[2016.12.02-16.57.18:190][289]LogD3D11RHI: Shutdown
[2016.12.02-16.57.18:190][289]LogD3D11RHI: CleanupD3DDevice
[2016.12.02-16.57.18:264][289]LogD3D11RHI: ~FD3D11DynamicRHI
[2016.12.02-16.57.18:270][289]LogModuleManager: Shutting down and abandoning module BlueprintGraph (215)
[2016.12.02-16.57.18:270][289]LogModuleManager: Shutting down and abandoning module MovieSceneCapture (214)
[2016.12.02-16.57.18:270][289]LogModuleManager: Shutting down and abandoning module HierarchicalLODOutliner (213)
[2016.12.02-16.57.18:270][289]LogModuleManager: Shutting down and abandoning module CrashTracker (212)
[2016.12.02-16.57.18:270][289]LogModuleManager: Shutting down and abandoning module SceneOutliner (211)
[2016.12.02-16.57.18:270][289]LogModuleManager: Shutting down and abandoning module WidgetCarousel (210)
[2016.12.02-16.57.18:270][289]LogModuleManager: Shutting down and abandoning module AddContentDialog (209)
[2016.12.02-16.57.18:271][289]LogModuleManager: Shutting down and abandoning module GameplayTags (208)
[2016.12.02-16.57.18:271][289]LogModuleManager: Shutting down and abandoning module EditorWidgets (207)
[2016.12.02-16.57.18:271][289]LogModuleManager: Shutting down and abandoning module CollectionManager (206)
[2016.12.02-16.57.18:271][289]LogModuleManager: Shutting down and abandoning module StatsViewer (205)
[2016.12.02-16.57.18:271][289]LogModuleManager: Shutting down and abandoning module FoliageEdit (204)
[2016.12.02-16.57.18:271][289]LogModuleManager: Shutting down and abandoning module LandscapeEditor (203)
[2016.12.02-16.57.18:271][289]LogModuleManager: Shutting down and abandoning module SceneDepthPickerMode (202)
[2016.12.02-16.57.18:271][289]LogModuleManager: Shutting down and abandoning module ActorPickerMode (201)
[2016.12.02-16.57.18:271][289]LogModuleManager: Shutting down and abandoning module GeometryMode (200)
[2016.12.02-16.57.18:271][289]LogModuleManager: Shutting down and abandoning module TextureAlignMode (199)
[2016.12.02-16.57.18:271][289]LogModuleManager: Shutting down and abandoning module BspMode (198)
[2016.12.02-16.57.18:271][289]LogModuleManager: Shutting down and abandoning module HardwareSurvey (197)
[2016.12.02-16.57.18:271][289]LogModuleManager: Shutting down and abandoning module SequenceRecorderSections (196)
[2016.12.02-16.57.18:271][289]LogModuleManager: Shutting down and abandoning module SequenceRecorder (195)
[2016.12.02-16.57.18:271][289]LogModuleManager: Shutting down and abandoning module AutomationWorker (194)
[2016.12.02-16.57.18:271][289]LogModuleManager: Shutting down and abandoning module MatineeToLevelSequence (193)
[2016.12.02-16.57.18:271][289]LogModuleManager: Shutting down and abandoning module PlacementMode (192)
[2016.12.02-16.57.18:272][289]LogModuleManager: Shutting down and abandoning module LevelSequenceEditor (191)
[2016.12.02-16.57.18:272][289]LogModuleManager: Shutting down and abandoning module CharacterAI (190)
[2016.12.02-16.57.18:272][289]LogModuleManager: Shutting down and abandoning module SmartSnapping (189)
[2016.12.02-16.57.18:272][289]LogModuleManager: Shutting down and abandoning module SessionServices (188)
[2016.12.02-16.57.18:272][289]LogModuleManager: Shutting down and abandoning module ViewportSnapping (187)
[2016.12.02-16.57.18:272][289]LogModuleManager: Shutting down and abandoning module LogVisualizer (186)
[2016.12.02-16.57.18:272][289]LogModuleManager: Shutting down and abandoning module GameProjectGeneration (185)
[2016.12.02-16.57.18:272][289]LogModuleManager: Shutting down and abandoning module IntroTutorials (184)
[2016.12.02-16.57.18:272][289]LogModuleManager: Shutting down and abandoning module EditorLiveStreaming (183)
[2016.12.02-16.57.18:272][289]LogModuleManager: Shutting down and abandoning module IOSPlatformEditor (182)
[2016.12.02-16.57.18:272][289]LogModuleManager: Shutting down and abandoning module HTML5PlatformEditor (181)
[2016.12.02-16.57.18:272][289]LogModuleManager: Shutting down and abandoning module AndroidDeviceDetection (180)
[2016.12.02-16.57.18:341][289]LogModuleManager: Shutting down and abandoning module AndroidPlatformEditor (179)
[2016.12.02-16.57.18:341][289]LogModuleManager: Shutting down and abandoning module IOSRuntimeSettings (178)
[2016.12.02-16.57.18:341][289]LogModuleManager: Shutting down and abandoning module AndroidRuntimeSettings (177)
[2016.12.02-16.57.18:341][289]LogModuleManager: Shutting down and abandoning module MergeActors (176)
[2016.12.02-16.57.18:341][289]LogModuleManager: Shutting down and abandoning module SizeMap (175)
[2016.12.02-16.57.18:342][289]LogModuleManager: Shutting down and abandoning module TreeMap (174)
[2016.12.02-16.57.18:342][289]LogModuleManager: Shutting down and abandoning module ReferenceViewer (173)
[2016.12.02-16.57.18:342][289]LogModuleManager: Shutting down and abandoning module LocalizationService (172)
[2016.12.02-16.57.18:342][289]LogModuleManager: Shutting down and abandoning module LocalizationDashboard (171)
[2016.12.02-16.57.18:342][289]LogModuleManager: Shutting down and abandoning module HardwareTargeting (170)
[2016.12.02-16.57.18:342][289]LogModuleManager: Shutting down and abandoning module DeviceProfileEditor (169)
[2016.12.02-16.57.18:342][289]LogModuleManager: Shutting down and abandoning module UndoHistory (168)
[2016.12.02-16.57.18:342][289]LogModuleManager: Shutting down and abandoning module UserFeedback (167)
[2016.12.02-16.57.18:342][289]LogModuleManager: Shutting down and abandoning module XmlParser (166)
[2016.12.02-16.57.18:342][289]LogModuleManager: Shutting down and abandoning module Blutility (165)
[2016.12.02-16.57.18:342][289]LogModuleManager: Shutting down and abandoning module ProjectTargetPlatformEditor (164)
[2016.12.02-16.57.18:342][289]LogModuleManager: Shutting down and abandoning module ProjectSettingsViewer (163)
[2016.12.02-16.57.18:342][289]LogModuleManager: Shutting down and abandoning module InputBindingEditor (162)
[2016.12.02-16.57.18:342][289]LogModuleManager: Shutting down and abandoning module EditorSettingsViewer (161)
[2016.12.02-16.57.18:342][289]LogModuleManager: Shutting down and abandoning module SettingsEditor (160)
[2016.12.02-16.57.18:342][289]LogModuleManager: Shutting down and abandoning module ProjectLauncher (159)
[2016.12.02-16.57.18:342][289]LogModuleManager: Shutting down and abandoning module SessionFrontend (158)
[2016.12.02-16.57.18:342][289]LogModuleManager: Shutting down and abandoning module ProfilerClient (157)
[2016.12.02-16.57.18:342][289]LogModuleManager: Shutting down and abandoning module TargetDeviceServices (156)
[2016.12.02-16.57.18:342][289]LogModuleManager: Shutting down and abandoning module DeviceManager (155)
[2016.12.02-16.57.18:395][289]LogModuleManager: Shutting down and abandoning module AutomationController (154)
[2016.12.02-16.57.18:395][289]LogModuleManager: Shutting down and abandoning module AutomationWindow (153)
[2016.12.02-16.57.18:395][289]LogModuleManager: Shutting down and abandoning module Layers (152)
[2016.12.02-16.57.18:395][289]LogModuleManager: Shutting down and abandoning module ComponentVisualizers (151)
[2016.12.02-16.57.18:395][289]LogModuleManager: Shutting down and abandoning module DetailCustomizations (150)
[2016.12.02-16.57.18:395][289]LogModuleManager: Shutting down and abandoning module PackagesDialog (149)
[2016.12.02-16.57.18:395][289]LogModuleManager: Shutting down and abandoning module Persona (148)
[2016.12.02-16.57.18:395][289]LogModuleManager: Shutting down and abandoning module Kismet (147)
[2016.12.02-16.57.18:395][289]LogModuleManager: Shutting down and abandoning module GraphEditor (146)
[2016.12.02-16.57.18:395][289]LogModuleManager: Shutting down and abandoning module ClassViewer (145)
[2016.12.02-16.57.18:398][289]LogModuleManager: Shutting down and abandoning module Toolbox (144)
[2016.12.02-16.57.18:398][289]LogModuleManager: Shutting down and abandoning module ModuleUI (143)
[2016.12.02-16.57.18:398][289]LogModuleManager: Shutting down and abandoning module MovieSceneTools (142)
[2016.12.02-16.57.18:398][289]LogModuleManager: Shutting down and abandoning module OutputLog (141)
[2016.12.02-16.57.18:398][289]LogModuleManager: Shutting down and abandoning module GammaUI (140)
[2016.12.02-16.57.18:398][289]LogModuleManager: Shutting down and abandoning module Documentation (139)
[2016.12.02-16.57.18:398][289]LogModuleManager: Shutting down and abandoning module StreamingPauseRendering (138)
[2016.12.02-16.57.18:398][289]LogModuleManager: Shutting down and abandoning module AnalyticsET (137)
[2016.12.02-16.57.18:398][289]LogModuleManager: Shutting down and abandoning module Analytics (136)
[2016.12.02-16.57.18:398][289]LogModuleManager: Shutting down and abandoning module PortalServices (135)
[2016.12.02-16.57.18:398][289]LogModuleManager: Shutting down and abandoning module PortalRpc (134)
[2016.12.02-16.57.18:398][289]LogModuleManager: Shutting down and abandoning module MessagingRpc (133)
[2016.12.02-16.57.18:398][289]LogModuleManager: Shutting down and abandoning module GameplayDebugger (132)
[2016.12.02-16.57.18:398][289]LogModuleManager: Shutting down and abandoning module AITestSuite (131)
[2016.12.02-16.57.18:398][289]LogModuleManager: Shutting down and abandoning module AIModule (130)
[2016.12.02-16.57.18:398][289]LogModuleManager: Shutting down and abandoning module ProfilerService (129)
[2016.12.02-16.57.18:542][289]LogModuleManager: Shutting down and abandoning module TaskGraph (128)
[2016.12.02-16.57.18:543][289]LogModuleManager: Shutting down and abandoning module SlateRemote (127)
[2016.12.02-16.57.18:543][289]LogModuleManager: Shutting down and abandoning module SteamVRController (126)
[2016.12.02-16.57.18:543][289]LogModuleManager: Shutting down and abandoning module SteamVR (125)
[2016.12.02-16.57.18:543][289]LogModuleManager: Shutting down and abandoning module ProceduralMeshComponent (124)
[2016.12.02-16.57.18:543][289]LogModuleManager: Shutting down and abandoning module OculusLibrary (123)
[2016.12.02-16.57.18:543][289]LogModuleManager: Shutting down and abandoning module OculusInput (122)
[2016.12.02-16.57.18:543][289]LogModuleManager: Shutting down and abandoning module CustomMeshComponent (121)
[2016.12.02-16.57.18:543][289]LogModuleManager: Shutting down and abandoning module CableComponent (120)
[2016.12.02-16.57.18:543][289]LogModuleManager: Shutting down and abandoning module ArchVisCharacter (119)
[2016.12.02-16.57.18:543][289]LogModuleManager: Shutting down and abandoning module MediaPlayerEditor (118)
[2016.12.02-16.57.18:543][289]LogModuleManager: Shutting down and abandoning module HTML5Networking (117)
[2016.12.02-16.57.18:543][289]LogModuleManager: Shutting down and abandoning module SuperSearch (116)
[2016.12.02-16.57.18:543][289]LogModuleManager: Shutting down and abandoning module SuperSearchEditor (115)
[2016.12.02-16.57.18:543][289]LogModuleManager: Shutting down and abandoning module SpeedTreeImporter (114)
[2016.12.02-16.57.18:543][289]LogModuleManager: Shutting down and abandoning module PluginBrowser (113)
[2016.12.02-16.57.18:543][289]LogModuleManager: Shutting down and abandoning module EpicSurvey (112)
[2016.12.02-16.57.18:543][289]LogModuleManager: Shutting down and abandoning module DesktopPlatform (111)
[2016.12.02-16.57.18:543][289]LogModuleManager: Shutting down and abandoning module VisualStudioSourceCodeAccess (110)
[2016.12.02-16.57.18:543][289]LogModuleManager: Shutting down and abandoning module UObjectPlugin (109)
[2016.12.02-16.57.18:543][289]LogModuleManager: Shutting down and abandoning module SubversionSourceControl (108)
[2016.12.02-16.57.18:543][289]LogModuleManager: Shutting down and abandoning module PerforceSourceControl (107)
[2016.12.02-16.57.18:543][289]LogModuleManager: Shutting down and abandoning module SourceControl (106)
[2016.12.02-16.57.18:543][289]LogModuleManager: Shutting down and abandoning module GitSourceControl (105)
[2016.12.02-16.57.18:543][289]LogModuleManager: Shutting down and abandoning module LightPropagationVolumeEditor (104)
[2016.12.02-16.57.18:543][289]LogModuleManager: Shutting down and abandoning module PaperTiledImporter (103)
[2016.12.02-16.57.18:543][289]LogModuleManager: Shutting down and abandoning module PaperSpriteSheetImporter (102)
[2016.12.02-16.57.18:543][289]LogModuleManager: Shutting down and abandoning module MeshPaint (101)
[2016.12.02-16.57.18:543][289]LogModuleManager: Shutting down and abandoning module PixelInspectorModule (100)
[2016.12.02-16.57.18:543][289]LogModuleManager: Shutting down and abandoning module HotReload (99)
[2016.12.02-16.57.18:543][289]LogModuleManager: Shutting down and abandoning module MainFrame (98)
[2016.12.02-16.57.18:543][289]LogModuleManager: Shutting down and abandoning module LevelEditor (97)
[2016.12.02-16.57.18:544][289]LogModuleManager: Shutting down and abandoning module ContentBrowser (96)
[2016.12.02-16.57.18:544][289]LogModuleManager: Shutting down and abandoning module Paper2DEditor (95)
[2016.12.02-16.57.18:544][289]LogModuleManager: Shutting down and abandoning module UdpMessaging (94)
[2016.12.02-16.57.18:645][289]LogModuleManager: Shutting down and abandoning module LightPropagationVolumeRuntime (93)
[2016.12.02-16.57.18:645][289]LogModuleManager: Shutting down and abandoning module Paper2D (92)
[2016.12.02-16.57.18:645][289]LogModuleManager: Shutting down and abandoning module WindowsMoviePlayer (91)
[2016.12.02-16.57.18:645][289]LogModuleManager: Shutting down and abandoning module Media (90)
[2016.12.02-16.57.18:645][289]LogModuleManager: Shutting down and abandoning module WmfMedia (89)
[2016.12.02-16.57.18:645][289]LogModuleManager: Shutting down and abandoning module MediaAssets (88)
[2016.12.02-16.57.18:645][289]LogModuleManager: Shutting down and abandoning module GameLiveStreaming (87)
[2016.12.02-16.57.18:645][289]LogModuleManager: Shutting down and abandoning module GameplayTagsEditor (86)
[2016.12.02-16.57.18:645][289]LogModuleManager: Shutting down and abandoning module OnlineBlueprintSupport (85)
[2016.12.02-16.57.18:645][289]LogModuleManager: Shutting down and abandoning module VREditor (84)
[2016.12.02-16.57.18:645][289]LogModuleManager: Shutting down and abandoning module GameplayTasksEditor (83)
[2016.12.02-16.57.18:645][289]LogModuleManager: Shutting down and abandoning module PropertyEditor (82)
[2016.12.02-16.57.18:645][289]LogModuleManager: Shutting down and abandoning module BehaviorTreeEditor (81)
[2016.12.02-16.57.18:645][289]LogModuleManager: Shutting down and abandoning module FunctionalTesting (80)
[2016.12.02-16.57.18:645][289]LogModuleManager: Shutting down and abandoning module CollisionAnalyzer (79)
[2016.12.02-16.57.18:645][289]LogModuleManager: Shutting down and abandoning module Sequencer (78)
[2016.12.02-16.57.18:646][289]LogModuleManager: Shutting down and abandoning module WorkspaceMenuStructure (77)
[2016.12.02-16.57.18:646][289]LogModuleManager: Shutting down and abandoning module MessageLog (76)
[2016.12.02-16.57.18:646][289]LogModuleManager: Shutting down and abandoning module AssetTools (75)
[2016.12.02-16.57.18:646][289]LogModuleManager: Shutting down and abandoning module UMGEditor (74)
[2016.12.02-16.57.18:646][289]LogModuleManager: Shutting down and abandoning module UMG (73)
[2016.12.02-16.57.18:646][289]LogModuleManager: Shutting down and abandoning module SlateReflector (72)
[2016.12.02-16.57.18:646][289]LogModuleManager: Shutting down and abandoning module Slate (71)
[2016.12.02-16.57.18:646][289]LogModuleManager: Shutting down and abandoning module EditorStyle (70)
[2016.12.02-16.57.18:647][289]LogModuleManager: Shutting down and abandoning module SourceCodeAccess (69)
[2016.12.02-16.57.18:647][289]LogModuleManager: Shutting down and abandoning module HeadMountedDisplay (68)
[2016.12.02-16.57.18:647][289]LogModuleManager: Shutting down and abandoning module XAudio2 (67)
[2016.12.02-16.57.18:647][289]LogModuleManager: Shutting down and abandoning module Networking (65)
[2016.12.02-16.57.18:647][289]LogModuleManager: Shutting down and abandoning module Core (64)
[2016.12.02-16.57.18:647][289]LogModuleManager: Shutting down and abandoning module DirectoryWatcher (63)
[2016.12.02-16.57.18:648][289]LogModuleManager: Shutting down and abandoning module AssetRegistry (62)
[2016.12.02-16.57.18:777][289]LogModuleManager: Shutting down and abandoning module KismetCompiler (61)
[2016.12.02-16.57.18:777][289]LogModuleManager: Shutting down and abandoning module PhysXFormats (60)
[2016.12.02-16.57.18:777][289]LogModuleManager: Shutting down and abandoning module MeshUtilities (59)
[2016.12.02-16.57.18:777][289]LogModuleManager: Shutting down and abandoning module DerivedDataCache (58)
[2016.12.02-16.57.18:842][289]LogDerivedDataCache: Shutdown
[2016.12.02-16.57.18:842][289]LogModuleManager: Shutting down and abandoning module VulkanShaderFormat (57)
[2016.12.02-16.57.18:842][289]LogModuleManager: Shutting down and abandoning module ShaderFormatOpenGL (56)
[2016.12.02-16.57.18:842][289]LogModuleManager: Shutting down and abandoning module ShaderFormatD3D (55)
[2016.12.02-16.57.18:842][289]LogModuleManager: Shutting down and abandoning module MetalShaderFormat (54)
[2016.12.02-16.57.18:842][289]LogModuleManager: Shutting down and abandoning module TextureFormatUncompressed (53)
[2016.12.02-16.57.18:842][289]LogModuleManager: Shutting down and abandoning module TextureFormatPVR (52)
[2016.12.02-16.57.18:842][289]LogModuleManager: Shutting down and abandoning module TextureFormatIntelISPCTexComp (51)
[2016.12.02-16.57.18:842][289]LogModuleManager: Shutting down and abandoning module TextureFormatDXT (50)
[2016.12.02-16.57.18:842][289]LogModuleManager: Shutting down and abandoning module ImageWrapper (49)
[2016.12.02-16.57.18:842][289]LogModuleManager: Shutting down and abandoning module TextureFormatASTC (48)
[2016.12.02-16.57.18:842][289]LogModuleManager: Shutting down and abandoning module TextureFormatAndroid (47)
[2016.12.02-16.57.18:842][289]LogModuleManager: Shutting down and abandoning module AudioFormatOpus (46)
[2016.12.02-16.57.18:842][289]LogModuleManager: Shutting down and abandoning module AudioFormatOgg (45)
[2016.12.02-16.57.18:842][289]LogModuleManager: Shutting down and abandoning module AudioFormatADPCM (44)
[2016.12.02-16.57.18:842][289]LogModuleManager: Shutting down and abandoning module LinuxTargetPlatform (43)
[2016.12.02-16.57.18:842][289]LogModuleManager: Shutting down and abandoning module LinuxServerTargetPlatform (42)
[2016.12.02-16.57.18:842][289]LogModuleManager: Shutting down and abandoning module LinuxNoEditorTargetPlatform (41)
[2016.12.02-16.57.18:842][289]LogModuleManager: Shutting down and abandoning module TVOSTargetPlatform (40)
[2016.12.02-16.57.18:842][289]LogModuleManager: Shutting down and abandoning module Messaging (39)
[2016.12.02-16.57.18:842][289]LogModuleManager: Shutting down and abandoning module IOSTargetPlatform (38)
[2016.12.02-16.57.18:842][289]LogModuleManager: Shutting down and abandoning module HTML5TargetPlatform (37)
[2016.12.02-16.57.18:842][289]LogModuleManager: Shutting down and abandoning module Android_PVRTCTargetPlatform (36)
[2016.12.02-16.57.18:842][289]LogModuleManager: Shutting down and abandoning module Android_MultiTargetPlatform (35)
[2016.12.02-16.57.18:842][289]LogModuleManager: Shutting down and abandoning module Android_ETC2TargetPlatform (34)
[2016.12.02-16.57.18:842][289]LogModuleManager: Shutting down and abandoning module Android_ETC1TargetPlatform (33)
[2016.12.02-16.57.18:842][289]LogModuleManager: Shutting down and abandoning module Android_DXTTargetPlatform (32)
[2016.12.02-16.57.18:842][289]LogModuleManager: Shutting down and abandoning module Android_ATCTargetPlatform (31)
[2016.12.02-16.57.18:842][289]LogModuleManager: Shutting down and abandoning module Android_ASTCTargetPlatform (30)
[2016.12.02-16.57.18:842][289]LogModuleManager: Shutting down and abandoning module AndroidTargetPlatform (29)
[2016.12.02-16.57.18:842][289]LogModuleManager: Shutting down and abandoning module WindowsTargetPlatform (28)
[2016.12.02-16.57.18:842][289]LogModuleManager: Shutting down and abandoning module WindowsServerTargetPlatform (27)
[2016.12.02-16.57.18:842][289]LogModuleManager: Shutting down and abandoning module WindowsNoEditorTargetPlatform (26)
[2016.12.02-16.57.18:842][289]LogModuleManager: Shutting down and abandoning module WindowsClientTargetPlatform (25)
[2016.12.02-16.57.18:842][289]LogModuleManager: Shutting down and abandoning module AllDesktopTargetPlatform (24)
[2016.12.02-16.57.18:842][289]LogModuleManager: Shutting down and abandoning module TargetPlatform (23)
[2016.12.02-16.57.18:842][289]LogModuleManager: Shutting down and abandoning module InputCore (22)
[2016.12.02-16.57.18:842][289]LogModuleManager: Shutting down and abandoning module Settings (21)
[2016.12.02-16.57.18:842][289]LogModuleManager: Shutting down and abandoning module OnlineSubsystem (19)
[2016.12.02-16.57.18:842][289]LogModuleManager: Shutting down and abandoning module HTTP (18)
[2016.12.02-16.57.21:847][289]LogModuleManager: Shutting down and abandoning module XMPP (17)
[2016.12.02-16.57.21:847][289]LogModuleManager: Shutting down and abandoning module OculusRift (16)
[2016.12.02-16.57.21:847][289]LogModuleManager: Shutting down and abandoning module ExampleDeviceProfileSelector (15)
[2016.12.02-16.57.21:847][289]LogModuleManager: Shutting down and abandoning module TextureCompressor (14)
[2016.12.02-16.57.21:847][289]LogModuleManager: Shutting down and abandoning module ShaderCore (13)
[2016.12.02-16.57.21:847][289]LogModuleManager: Shutting down and abandoning module Landscape (12)
[2016.12.02-16.57.21:847][289]LogModuleManager: Shutting down and abandoning module SlateRHIRenderer (11)
[2016.12.02-16.57.21:848][289]LogModuleManager: Shutting down and abandoning module OpenGLDrv (10)
[2016.12.02-16.57.21:848][289]LogModuleManager: Shutting down and abandoning module D3D11RHI (9)
[2016.12.02-16.57.21:848][289]LogModuleManager: Shutting down and abandoning module AnimGraphRuntime (8)
[2016.12.02-16.57.21:848][289]LogModuleManager: Shutting down and abandoning module Renderer (7)
[2016.12.02-16.57.21:848][289]LogModuleManager: Shutting down and abandoning module Engine (6)
[2016.12.02-16.57.21:848][289]LogModuleManager: Shutting down and abandoning module CoreUObject (5)
[2016.12.02-16.57.21:848][289]LogModuleManager: Shutting down and abandoning module NetworkFile (4)
[2016.12.02-16.57.21:848][289]LogModuleManager: Shutting down and abandoning module StreamingFile (3)
[2016.12.02-16.57.21:848][289]LogModuleManager: Shutting down and abandoning module SandboxFile (2)
[2016.12.02-16.57.21:848][289]LogModuleManager: Shutting down and abandoning module PakFile (1)
[2016.12.02-16.57.21:850][289]LogExit: Exiting.
[2016.12.02-16.57.21:851][289]Log file closed, 12/02/16 17:57:21
